ARM GAS  C:\Users\srvs\AppData\Local\Temp\ccXXYnNc.s 			page 1


   1              		.cpu cortex-m0
   2              		.fpu softvfp
   3              		.eabi_attribute 20, 1
   4              		.eabi_attribute 21, 1
   5              		.eabi_attribute 23, 3
   6              		.eabi_attribute 24, 1
   7              		.eabi_attribute 25, 1
   8              		.eabi_attribute 26, 1
   9              		.eabi_attribute 30, 6
  10              		.eabi_attribute 18, 4
  11              		.code	16
  12              		.file	"I2CM_BOOT.c"
  13              		.section	.debug_abbrev,"",%progbits
  14              	.Ldebug_abbrev0:
  15              		.section	.debug_info,"",%progbits
  16              	.Ldebug_info0:
  17              		.section	.debug_line,"",%progbits
  18              	.Ldebug_line0:
  19 0000 19000000 		.text
  19      02001300 
  19      00000201 
  19      FB0E0D00 
  19      01010101 
  20              	.Ltext0:
  21              		.cfi_sections	.debug_frame
  22              	.Letext0:
  23              		.section	.debug_info
  24 0000 80000000 		.4byte	0x80
  25 0004 0200     		.2byte	0x2
  26 0006 00000000 		.4byte	.Ldebug_abbrev0
  27 000a 04       		.byte	0x4
  28 000b 01       		.uleb128 0x1
  29 000c 8A000000 		.4byte	.LASF12
  30 0010 01       		.byte	0x1
  31 0011 96000000 		.4byte	.LASF13
  32 0015 0E000000 		.4byte	.LASF14
  33 0019 00000000 		.4byte	.Ltext0
  34 001d 00000000 		.4byte	.Letext0
  35 0021 00000000 		.4byte	.Ldebug_line0
  36 0025 02       		.uleb128 0x2
  37 0026 01       		.byte	0x1
  38 0027 06       		.byte	0x6
  39 0028 F1000000 		.4byte	.LASF0
  40 002c 02       		.uleb128 0x2
  41 002d 01       		.byte	0x1
  42 002e 08       		.byte	0x8
  43 002f BB000000 		.4byte	.LASF1
  44 0033 02       		.uleb128 0x2
  45 0034 02       		.byte	0x2
  46 0035 05       		.byte	0x5
  47 0036 03010000 		.4byte	.LASF2
  48 003a 02       		.uleb128 0x2
  49 003b 02       		.byte	0x2
  50 003c 07       		.byte	0x7
  51 003d DE000000 		.4byte	.LASF3
  52 0041 02       		.uleb128 0x2
  53 0042 04       		.byte	0x4
ARM GAS  C:\Users\srvs\AppData\Local\Temp\ccXXYnNc.s 			page 2


  54 0043 05       		.byte	0x5
  55 0044 CE000000 		.4byte	.LASF4
  56 0048 02       		.uleb128 0x2
  57 0049 04       		.byte	0x4
  58 004a 07       		.byte	0x7
  59 004b 61000000 		.4byte	.LASF5
  60 004f 02       		.uleb128 0x2
  61 0050 08       		.byte	0x8
  62 0051 05       		.byte	0x5
  63 0052 00000000 		.4byte	.LASF6
  64 0056 02       		.uleb128 0x2
  65 0057 08       		.byte	0x8
  66 0058 07       		.byte	0x7
  67 0059 73000000 		.4byte	.LASF7
  68 005d 03       		.uleb128 0x3
  69 005e 04       		.byte	0x4
  70 005f 05       		.byte	0x5
  71 0060 696E7400 		.ascii	"int\000"
  72 0064 02       		.uleb128 0x2
  73 0065 04       		.byte	0x4
  74 0066 07       		.byte	0x7
  75 0067 54000000 		.4byte	.LASF8
  76 006b 02       		.uleb128 0x2
  77 006c 04       		.byte	0x4
  78 006d 04       		.byte	0x4
  79 006e FD000000 		.4byte	.LASF9
  80 0072 02       		.uleb128 0x2
  81 0073 08       		.byte	0x8
  82 0074 04       		.byte	0x4
  83 0075 D7000000 		.4byte	.LASF10
  84 0079 02       		.uleb128 0x2
  85 007a 01       		.byte	0x1
  86 007b 08       		.byte	0x8
  87 007c C9000000 		.4byte	.LASF11
  88 0080 04       		.uleb128 0x4
  89 0081 04       		.byte	0x4
  90 0082 07       		.byte	0x7
  91 0083 00       		.byte	0x0
  92              		.section	.debug_abbrev
  93 0000 01       		.uleb128 0x1
  94 0001 11       		.uleb128 0x11
  95 0002 01       		.byte	0x1
  96 0003 25       		.uleb128 0x25
  97 0004 0E       		.uleb128 0xe
  98 0005 13       		.uleb128 0x13
  99 0006 0B       		.uleb128 0xb
 100 0007 03       		.uleb128 0x3
 101 0008 0E       		.uleb128 0xe
 102 0009 1B       		.uleb128 0x1b
 103 000a 0E       		.uleb128 0xe
 104 000b 11       		.uleb128 0x11
 105 000c 01       		.uleb128 0x1
 106 000d 12       		.uleb128 0x12
 107 000e 01       		.uleb128 0x1
 108 000f 10       		.uleb128 0x10
 109 0010 06       		.uleb128 0x6
 110 0011 00       		.byte	0x0
ARM GAS  C:\Users\srvs\AppData\Local\Temp\ccXXYnNc.s 			page 3


 111 0012 00       		.byte	0x0
 112 0013 02       		.uleb128 0x2
 113 0014 24       		.uleb128 0x24
 114 0015 00       		.byte	0x0
 115 0016 0B       		.uleb128 0xb
 116 0017 0B       		.uleb128 0xb
 117 0018 3E       		.uleb128 0x3e
 118 0019 0B       		.uleb128 0xb
 119 001a 03       		.uleb128 0x3
 120 001b 0E       		.uleb128 0xe
 121 001c 00       		.byte	0x0
 122 001d 00       		.byte	0x0
 123 001e 03       		.uleb128 0x3
 124 001f 24       		.uleb128 0x24
 125 0020 00       		.byte	0x0
 126 0021 0B       		.uleb128 0xb
 127 0022 0B       		.uleb128 0xb
 128 0023 3E       		.uleb128 0x3e
 129 0024 0B       		.uleb128 0xb
 130 0025 03       		.uleb128 0x3
 131 0026 08       		.uleb128 0x8
 132 0027 00       		.byte	0x0
 133 0028 00       		.byte	0x0
 134 0029 04       		.uleb128 0x4
 135 002a 24       		.uleb128 0x24
 136 002b 00       		.byte	0x0
 137 002c 0B       		.uleb128 0xb
 138 002d 0B       		.uleb128 0xb
 139 002e 3E       		.uleb128 0x3e
 140 002f 0B       		.uleb128 0xb
 141 0030 00       		.byte	0x0
 142 0031 00       		.byte	0x0
 143 0032 00       		.byte	0x0
 144              		.section	.debug_str,"MS",%progbits,1
 145              	.LASF6:
 146 0000 6C6F6E67 		.ascii	"long long int\000"
 146      206C6F6E 
 146      6720696E 
 146      7400
 147              	.LASF14:
 148 000e 433A5C6D 		.ascii	"C:\\myProjects\\Hobby\\100_day_100_projects\\Mine\\"
 148      7950726F 
 148      6A656374 
 148      735C486F 
 148      6262795C 
 149 003c 50536F43 		.ascii	"PSoC_Eye\\PSoC_Eye.cydsn\000"
 149      5F457965 
 149      5C50536F 
 149      435F4579 
 149      652E6379 
 150              	.LASF8:
 151 0054 756E7369 		.ascii	"unsigned int\000"
 151      676E6564 
 151      20696E74 
 151      00
 152              	.LASF5:
 153 0061 6C6F6E67 		.ascii	"long unsigned int\000"
ARM GAS  C:\Users\srvs\AppData\Local\Temp\ccXXYnNc.s 			page 4


 153      20756E73 
 153      69676E65 
 153      6420696E 
 153      7400
 154              	.LASF7:
 155 0073 6C6F6E67 		.ascii	"long long unsigned int\000"
 155      206C6F6E 
 155      6720756E 
 155      7369676E 
 155      65642069 
 156              	.LASF12:
 157 008a 474E5520 		.ascii	"GNU C 4.4.1\000"
 157      4320342E 
 157      342E3100 
 158              	.LASF13:
 159 0096 2E5C4765 		.ascii	".\\Generated_Source\\PSoC4\\I2CM_BOOT.c\000"
 159      6E657261 
 159      7465645F 
 159      536F7572 
 159      63655C50 
 160              	.LASF1:
 161 00bb 756E7369 		.ascii	"unsigned char\000"
 161      676E6564 
 161      20636861 
 161      7200
 162              	.LASF11:
 163 00c9 63686172 		.ascii	"char\000"
 163      00
 164              	.LASF4:
 165 00ce 6C6F6E67 		.ascii	"long int\000"
 165      20696E74 
 165      00
 166              	.LASF10:
 167 00d7 646F7562 		.ascii	"double\000"
 167      6C6500
 168              	.LASF3:
 169 00de 73686F72 		.ascii	"short unsigned int\000"
 169      7420756E 
 169      7369676E 
 169      65642069 
 169      6E7400
 170              	.LASF0:
 171 00f1 7369676E 		.ascii	"signed char\000"
 171      65642063 
 171      68617200 
 172              	.LASF9:
 173 00fd 666C6F61 		.ascii	"float\000"
 173      7400
 174              	.LASF2:
 175 0103 73686F72 		.ascii	"short int\000"
 175      7420696E 
 175      7400
 176              		.ident	"GCC: (Sourcery G++ Lite 2010q1-188) 4.4.1"
