ARM GAS  C:\Users\srvs\AppData\Local\Temp\ccbjXe8z.s 			page 1


   1              		.cpu cortex-m0
   2              		.fpu softvfp
   3              		.eabi_attribute 20, 1
   4              		.eabi_attribute 21, 1
   5              		.eabi_attribute 23, 3
   6              		.eabi_attribute 24, 1
   7              		.eabi_attribute 25, 1
   8              		.eabi_attribute 26, 1
   9              		.eabi_attribute 30, 6
  10              		.eabi_attribute 18, 4
  11              		.code	16
  12              		.file	"I2CM_I2C.c"
  13              		.section	.debug_abbrev,"",%progbits
  14              	.Ldebug_abbrev0:
  15              		.section	.debug_info,"",%progbits
  16              	.Ldebug_info0:
  17              		.section	.debug_line,"",%progbits
  18              	.Ldebug_line0:
  19 0000 D5000000 		.text
  19      02007300 
  19      00000201 
  19      FB0E0D00 
  19      01010101 
  20              	.Ltext0:
  21              		.cfi_sections	.debug_frame
  22              		.comm	I2CM_state,1,1
  23              		.section	.text.I2CM_I2CInit,"ax",%progbits
  24              		.align	2
  25              		.global	I2CM_I2CInit
  26              		.code	16
  27              		.thumb_func
  28              		.type	I2CM_I2CInit, %function
  29              	I2CM_I2CInit:
  30              	.LFB0:
  31              		.file 1 ".\\Generated_Source\\PSoC4\\I2CM_I2C.c"
   1:.\Generated_Source\PSoC4/I2CM_I2C.c **** /*******************************************************************************
   2:.\Generated_Source\PSoC4/I2CM_I2C.c **** * File Name: I2CM_I2C.c
   3:.\Generated_Source\PSoC4/I2CM_I2C.c **** * Version 1.0
   4:.\Generated_Source\PSoC4/I2CM_I2C.c **** *
   5:.\Generated_Source\PSoC4/I2CM_I2C.c **** * Description:
   6:.\Generated_Source\PSoC4/I2CM_I2C.c **** *  This file provides the source code to the API for the SCB Component in
   7:.\Generated_Source\PSoC4/I2CM_I2C.c **** *  I2C mode.
   8:.\Generated_Source\PSoC4/I2CM_I2C.c **** *
   9:.\Generated_Source\PSoC4/I2CM_I2C.c **** * Note:
  10:.\Generated_Source\PSoC4/I2CM_I2C.c **** *
  11:.\Generated_Source\PSoC4/I2CM_I2C.c **** *******************************************************************************
  12:.\Generated_Source\PSoC4/I2CM_I2C.c **** * Copyright 2013, Cypress Semiconductor Corporation.  All rights reserved.
  13:.\Generated_Source\PSoC4/I2CM_I2C.c **** * You may use this file only in accordance with the license, terms, conditions,
  14:.\Generated_Source\PSoC4/I2CM_I2C.c **** * disclaimers, and limitations in the end user license agreement accompanying
  15:.\Generated_Source\PSoC4/I2CM_I2C.c **** * the software package with which this file was provided.
  16:.\Generated_Source\PSoC4/I2CM_I2C.c **** *******************************************************************************/
  17:.\Generated_Source\PSoC4/I2CM_I2C.c **** 
  18:.\Generated_Source\PSoC4/I2CM_I2C.c **** #include "I2CM_PVT.h"
  19:.\Generated_Source\PSoC4/I2CM_I2C.c **** #include "I2CM_I2C_PVT.h"
  20:.\Generated_Source\PSoC4/I2CM_I2C.c **** 
  21:.\Generated_Source\PSoC4/I2CM_I2C.c **** 
  22:.\Generated_Source\PSoC4/I2CM_I2C.c **** /***************************************
ARM GAS  C:\Users\srvs\AppData\Local\Temp\ccbjXe8z.s 			page 2


  23:.\Generated_Source\PSoC4/I2CM_I2C.c **** *      I2C Private Vars
  24:.\Generated_Source\PSoC4/I2CM_I2C.c **** ***************************************/
  25:.\Generated_Source\PSoC4/I2CM_I2C.c **** 
  26:.\Generated_Source\PSoC4/I2CM_I2C.c **** volatile uint8 I2CM_state;  /* Current state of I2C FSM */
  27:.\Generated_Source\PSoC4/I2CM_I2C.c **** 
  28:.\Generated_Source\PSoC4/I2CM_I2C.c **** 
  29:.\Generated_Source\PSoC4/I2CM_I2C.c **** #if(I2CM_SCB_MODE_UNCONFIG_CONST_CFG)
  30:.\Generated_Source\PSoC4/I2CM_I2C.c **** 
  31:.\Generated_Source\PSoC4/I2CM_I2C.c ****     /***************************************
  32:.\Generated_Source\PSoC4/I2CM_I2C.c ****     *  Config Structure Initialization
  33:.\Generated_Source\PSoC4/I2CM_I2C.c ****     ***************************************/
  34:.\Generated_Source\PSoC4/I2CM_I2C.c **** 
  35:.\Generated_Source\PSoC4/I2CM_I2C.c ****     /* Constant configuration of I2C */
  36:.\Generated_Source\PSoC4/I2CM_I2C.c ****     const I2CM_I2C_INIT_STRUCT I2CM_configI2C =
  37:.\Generated_Source\PSoC4/I2CM_I2C.c ****     {
  38:.\Generated_Source\PSoC4/I2CM_I2C.c ****         I2CM_I2C_MODE,
  39:.\Generated_Source\PSoC4/I2CM_I2C.c ****         I2CM_I2C_OVS_FACTOR_LOW,
  40:.\Generated_Source\PSoC4/I2CM_I2C.c ****         I2CM_I2C_OVS_FACTOR_HIGH,
  41:.\Generated_Source\PSoC4/I2CM_I2C.c ****         I2CM_I2C_MEDIAN_FILTER_ENABLE,
  42:.\Generated_Source\PSoC4/I2CM_I2C.c ****         I2CM_I2C_SLAVE_ADDRESS,
  43:.\Generated_Source\PSoC4/I2CM_I2C.c ****         I2CM_I2C_SLAVE_ADDRESS_MASK,
  44:.\Generated_Source\PSoC4/I2CM_I2C.c ****         I2CM_I2C_ACCEPT_ADDRESS,
  45:.\Generated_Source\PSoC4/I2CM_I2C.c ****         I2CM_I2C_WAKE_ENABLE
  46:.\Generated_Source\PSoC4/I2CM_I2C.c ****     };
  47:.\Generated_Source\PSoC4/I2CM_I2C.c **** 
  48:.\Generated_Source\PSoC4/I2CM_I2C.c ****     /*******************************************************************************
  49:.\Generated_Source\PSoC4/I2CM_I2C.c ****     * Function Name: I2CM_I2CInit
  50:.\Generated_Source\PSoC4/I2CM_I2C.c ****     ********************************************************************************
  51:.\Generated_Source\PSoC4/I2CM_I2C.c ****     *
  52:.\Generated_Source\PSoC4/I2CM_I2C.c ****     * Summary:
  53:.\Generated_Source\PSoC4/I2CM_I2C.c ****     *  Configures the SCB for I2C operation.
  54:.\Generated_Source\PSoC4/I2CM_I2C.c ****     *
  55:.\Generated_Source\PSoC4/I2CM_I2C.c ****     * Parameters:
  56:.\Generated_Source\PSoC4/I2CM_I2C.c ****     *  config:  Pointer to a structure that contains the following ordered list of
  57:.\Generated_Source\PSoC4/I2CM_I2C.c ****     *           fields. These fields match the selections available in the
  58:.\Generated_Source\PSoC4/I2CM_I2C.c ****     *           customizer.
  59:.\Generated_Source\PSoC4/I2CM_I2C.c ****     *
  60:.\Generated_Source\PSoC4/I2CM_I2C.c ****     * Return:
  61:.\Generated_Source\PSoC4/I2CM_I2C.c ****     *  None
  62:.\Generated_Source\PSoC4/I2CM_I2C.c ****     *
  63:.\Generated_Source\PSoC4/I2CM_I2C.c ****     *******************************************************************************/
  64:.\Generated_Source\PSoC4/I2CM_I2C.c ****     void I2CM_I2CInit(const I2CM_I2C_INIT_STRUCT *config)
  65:.\Generated_Source\PSoC4/I2CM_I2C.c ****     {
  66:.\Generated_Source\PSoC4/I2CM_I2C.c ****         if(NULL == config)
  67:.\Generated_Source\PSoC4/I2CM_I2C.c ****         {
  68:.\Generated_Source\PSoC4/I2CM_I2C.c ****             CYASSERT(0u != 0u); /* Halt execution due bad fucntion parameter */
  69:.\Generated_Source\PSoC4/I2CM_I2C.c ****         }
  70:.\Generated_Source\PSoC4/I2CM_I2C.c ****         else
  71:.\Generated_Source\PSoC4/I2CM_I2C.c ****         {
  72:.\Generated_Source\PSoC4/I2CM_I2C.c ****             /* Configure pins */
  73:.\Generated_Source\PSoC4/I2CM_I2C.c ****             I2CM_SetPins(I2CM_SCB_MODE_I2C, I2CM_DUMMY_PARAM, 
  74:.\Generated_Source\PSoC4/I2CM_I2C.c ****                                                                     I2CM_DUMMY_PARAM);
  75:.\Generated_Source\PSoC4/I2CM_I2C.c **** 
  76:.\Generated_Source\PSoC4/I2CM_I2C.c ****             /* Store internal configuration */
  77:.\Generated_Source\PSoC4/I2CM_I2C.c ****             I2CM_scbMode       = (uint8) I2CM_SCB_MODE_I2C;
  78:.\Generated_Source\PSoC4/I2CM_I2C.c ****             I2CM_scbEnableWake = (uint8) config->enableWake;
  79:.\Generated_Source\PSoC4/I2CM_I2C.c **** 
ARM GAS  C:\Users\srvs\AppData\Local\Temp\ccbjXe8z.s 			page 3


  80:.\Generated_Source\PSoC4/I2CM_I2C.c ****             I2CM_mode          = (uint8) config->mode;
  81:.\Generated_Source\PSoC4/I2CM_I2C.c ****             I2CM_acceptAddr    = (uint8) config->acceptAddr;
  82:.\Generated_Source\PSoC4/I2CM_I2C.c **** 
  83:.\Generated_Source\PSoC4/I2CM_I2C.c ****             /* Configure I2C interface */
  84:.\Generated_Source\PSoC4/I2CM_I2C.c ****             I2CM_CTRL_REG     = I2CM_GET_CTRL_ADDR_ACCEPT(config->acceptAddr) |
  85:.\Generated_Source\PSoC4/I2CM_I2C.c ****                                             I2CM_GET_CTRL_EC_AM_MODE (config->enableWake);
  86:.\Generated_Source\PSoC4/I2CM_I2C.c **** 
  87:.\Generated_Source\PSoC4/I2CM_I2C.c ****             I2CM_I2C_CTRL_REG = I2CM_GET_I2C_CTRL_HIGH_PHASE_OVS(config->oversampleHigh) |
  88:.\Generated_Source\PSoC4/I2CM_I2C.c ****                                             I2CM_GET_I2C_CTRL_LOW_PHASE_OVS (config->oversampleLow)
  89:.\Generated_Source\PSoC4/I2CM_I2C.c ****                                             I2CM_GET_I2C_CTRL_SL_MSTR_MODE  (config->mode)         
  90:.\Generated_Source\PSoC4/I2CM_I2C.c ****                                             I2CM_I2C_CTRL;
  91:.\Generated_Source\PSoC4/I2CM_I2C.c **** 
  92:.\Generated_Source\PSoC4/I2CM_I2C.c ****             /* Adjust SDA filter settigns */
  93:.\Generated_Source\PSoC4/I2CM_I2C.c ****             I2CM_SET_I2C_CFG_SDA_FILT_TRIM(I2CM_EC_AM_I2C_CFG_SDA_FILT_TRIM);
  94:.\Generated_Source\PSoC4/I2CM_I2C.c **** 
  95:.\Generated_Source\PSoC4/I2CM_I2C.c **** 
  96:.\Generated_Source\PSoC4/I2CM_I2C.c ****             /* Configure RX direction */
  97:.\Generated_Source\PSoC4/I2CM_I2C.c ****             I2CM_RX_CTRL_REG      = I2CM_GET_RX_CTRL_MEDIAN(config->enableMedianFilter) |
  98:.\Generated_Source\PSoC4/I2CM_I2C.c ****                                                 I2CM_I2C_RX_CTRL;
  99:.\Generated_Source\PSoC4/I2CM_I2C.c ****             I2CM_RX_FIFO_CTRL_REG = I2CM_CLEAR_REG;
 100:.\Generated_Source\PSoC4/I2CM_I2C.c **** 
 101:.\Generated_Source\PSoC4/I2CM_I2C.c ****             /* Set default address and mask */
 102:.\Generated_Source\PSoC4/I2CM_I2C.c ****             I2CM_RX_MATCH_REG    = ((I2CM_I2C_SLAVE) ?
 103:.\Generated_Source\PSoC4/I2CM_I2C.c ****                                                 (I2CM_GET_I2C_8BIT_ADDRESS(config->slaveAddr) |
 104:.\Generated_Source\PSoC4/I2CM_I2C.c ****                                                  I2CM_GET_RX_MATCH_MASK(config->slaveAddrMask)) :
 105:.\Generated_Source\PSoC4/I2CM_I2C.c ****                                                 (I2CM_CLEAR_REG));
 106:.\Generated_Source\PSoC4/I2CM_I2C.c **** 
 107:.\Generated_Source\PSoC4/I2CM_I2C.c **** 
 108:.\Generated_Source\PSoC4/I2CM_I2C.c ****             /* Configure TX direction */
 109:.\Generated_Source\PSoC4/I2CM_I2C.c ****             I2CM_TX_CTRL_REG      = I2CM_I2C_TX_CTRL;
 110:.\Generated_Source\PSoC4/I2CM_I2C.c ****             I2CM_TX_FIFO_CTRL_REG = I2CM_CLEAR_REG;
 111:.\Generated_Source\PSoC4/I2CM_I2C.c **** 
 112:.\Generated_Source\PSoC4/I2CM_I2C.c ****             /* Configure interrupt sources */
 113:.\Generated_Source\PSoC4/I2CM_I2C.c ****             I2CM_INTR_I2C_EC_MASK_REG = I2CM_NO_INTR_SOURCES;
 114:.\Generated_Source\PSoC4/I2CM_I2C.c ****             I2CM_INTR_SPI_EC_MASK_REG = I2CM_NO_INTR_SOURCES;
 115:.\Generated_Source\PSoC4/I2CM_I2C.c ****             I2CM_INTR_RX_MASK_REG     = I2CM_NO_INTR_SOURCES;
 116:.\Generated_Source\PSoC4/I2CM_I2C.c ****             I2CM_INTR_TX_MASK_REG     = I2CM_NO_INTR_SOURCES;
 117:.\Generated_Source\PSoC4/I2CM_I2C.c **** 
 118:.\Generated_Source\PSoC4/I2CM_I2C.c ****             I2CM_INTR_SLAVE_MASK_REG  = ((I2CM_I2C_SLAVE) ?
 119:.\Generated_Source\PSoC4/I2CM_I2C.c ****                                                      (I2CM_I2C_INTR_SLAVE_MASK) :
 120:.\Generated_Source\PSoC4/I2CM_I2C.c ****                                                      (I2CM_CLEAR_REG));
 121:.\Generated_Source\PSoC4/I2CM_I2C.c **** 
 122:.\Generated_Source\PSoC4/I2CM_I2C.c ****             I2CM_INTR_MASTER_MASK_REG = ((I2CM_I2C_MASTER) ?
 123:.\Generated_Source\PSoC4/I2CM_I2C.c ****                                                      (I2CM_I2C_INTR_MASTER_MASK) :
 124:.\Generated_Source\PSoC4/I2CM_I2C.c ****                                                      (I2CM_CLEAR_REG));
 125:.\Generated_Source\PSoC4/I2CM_I2C.c **** 
 126:.\Generated_Source\PSoC4/I2CM_I2C.c ****             /* Configure interrupt with I2C handler and enabled it */
 127:.\Generated_Source\PSoC4/I2CM_I2C.c ****             I2CM_SCB_IRQ_StartEx(&I2CM_I2C_ISR);
 128:.\Generated_Source\PSoC4/I2CM_I2C.c **** 
 129:.\Generated_Source\PSoC4/I2CM_I2C.c **** 
 130:.\Generated_Source\PSoC4/I2CM_I2C.c ****             /* Configure global variables */
 131:.\Generated_Source\PSoC4/I2CM_I2C.c ****             I2CM_state = I2CM_I2C_FSM_IDLE;
 132:.\Generated_Source\PSoC4/I2CM_I2C.c **** 
 133:.\Generated_Source\PSoC4/I2CM_I2C.c ****             /* Internal slave variable */
 134:.\Generated_Source\PSoC4/I2CM_I2C.c ****             I2CM_slStatus        = 0u;
 135:.\Generated_Source\PSoC4/I2CM_I2C.c ****             I2CM_slRdBufIndex    = 0u;
 136:.\Generated_Source\PSoC4/I2CM_I2C.c ****             I2CM_slWrBufIndex    = 0u;
ARM GAS  C:\Users\srvs\AppData\Local\Temp\ccbjXe8z.s 			page 4


 137:.\Generated_Source\PSoC4/I2CM_I2C.c ****             I2CM_slOverFlowCount = 0u;
 138:.\Generated_Source\PSoC4/I2CM_I2C.c **** 
 139:.\Generated_Source\PSoC4/I2CM_I2C.c ****             /* Internal master variable */
 140:.\Generated_Source\PSoC4/I2CM_I2C.c ****             I2CM_mstrStatus     = 0u;
 141:.\Generated_Source\PSoC4/I2CM_I2C.c ****             I2CM_mstrRdBufIndex = 0u;
 142:.\Generated_Source\PSoC4/I2CM_I2C.c ****             I2CM_mstrWrBufIndex = 0u;
 143:.\Generated_Source\PSoC4/I2CM_I2C.c ****         }
 144:.\Generated_Source\PSoC4/I2CM_I2C.c ****     }
 145:.\Generated_Source\PSoC4/I2CM_I2C.c **** 
 146:.\Generated_Source\PSoC4/I2CM_I2C.c **** #else
 147:.\Generated_Source\PSoC4/I2CM_I2C.c **** 
 148:.\Generated_Source\PSoC4/I2CM_I2C.c ****     /*******************************************************************************
 149:.\Generated_Source\PSoC4/I2CM_I2C.c ****     * Function Name: I2CM_I2CInit
 150:.\Generated_Source\PSoC4/I2CM_I2C.c ****     ********************************************************************************
 151:.\Generated_Source\PSoC4/I2CM_I2C.c ****     *
 152:.\Generated_Source\PSoC4/I2CM_I2C.c ****     * Summary:
 153:.\Generated_Source\PSoC4/I2CM_I2C.c ****     *  Configures the SCB for I2C operation.
 154:.\Generated_Source\PSoC4/I2CM_I2C.c ****     *
 155:.\Generated_Source\PSoC4/I2CM_I2C.c ****     * Parameters:
 156:.\Generated_Source\PSoC4/I2CM_I2C.c ****     *  None
 157:.\Generated_Source\PSoC4/I2CM_I2C.c ****     *
 158:.\Generated_Source\PSoC4/I2CM_I2C.c ****     * Return:
 159:.\Generated_Source\PSoC4/I2CM_I2C.c ****     *  None
 160:.\Generated_Source\PSoC4/I2CM_I2C.c ****     *
 161:.\Generated_Source\PSoC4/I2CM_I2C.c ****     *******************************************************************************/
 162:.\Generated_Source\PSoC4/I2CM_I2C.c ****     void I2CM_I2CInit(void)
 163:.\Generated_Source\PSoC4/I2CM_I2C.c ****     {
  32              		.loc 1 163 0
  33              		.cfi_startproc
  34 0000 80B5     		push	{r7, lr}
  35              	.LCFI0:
  36              		.cfi_def_cfa_offset 8
  37              		.cfi_offset 7, -8
  38              		.cfi_offset 14, -4
  39 0002 00AF     		add	r7, sp, #0
  40              	.LCFI1:
  41              		.cfi_def_cfa_register 7
 164:.\Generated_Source\PSoC4/I2CM_I2C.c ****         /* Configure I2C interface */
 165:.\Generated_Source\PSoC4/I2CM_I2C.c ****         I2CM_CTRL_REG     = I2CM_I2C_DEFAULT_CTRL;
  42              		.loc 1 165 0
  43 0004 1F4B     		ldr	r3, .L3
  44 0006 0022     		mov	r2, #0
  45 0008 1A60     		str	r2, [r3]
 166:.\Generated_Source\PSoC4/I2CM_I2C.c ****         I2CM_I2C_CTRL_REG = I2CM_I2C_DEFAULT_I2C_CTRL;
  46              		.loc 1 166 0
  47 000a 1F4B     		ldr	r3, .L3+4
  48 000c 1F4A     		ldr	r2, .L3+8
  49 000e 1A60     		str	r2, [r3]
 167:.\Generated_Source\PSoC4/I2CM_I2C.c **** 
 168:.\Generated_Source\PSoC4/I2CM_I2C.c ****         /* Adjust SDA filter settigns */
 169:.\Generated_Source\PSoC4/I2CM_I2C.c ****         I2CM_SET_I2C_CFG_SDA_FILT_TRIM(I2CM_EC_AM_I2C_CFG_SDA_FILT_TRIM);
  50              		.loc 1 169 0
  51 0010 1F4B     		ldr	r3, .L3+12
  52 0012 1F4A     		ldr	r2, .L3+12
  53 0014 1168     		ldr	r1, [r2]
  54 0016 0C22     		mov	r2, #12
  55 0018 0A43     		orr	r2, r2, r1
ARM GAS  C:\Users\srvs\AppData\Local\Temp\ccbjXe8z.s 			page 5


  56 001a 1A60     		str	r2, [r3]
 170:.\Generated_Source\PSoC4/I2CM_I2C.c **** 
 171:.\Generated_Source\PSoC4/I2CM_I2C.c ****         /* Configure RX direction */
 172:.\Generated_Source\PSoC4/I2CM_I2C.c ****         I2CM_RX_CTRL_REG      = I2CM_I2C_DEFAULT_RX_CTRL;
  57              		.loc 1 172 0
  58 001c 1D4B     		ldr	r3, .L3+16
  59 001e 1E4A     		ldr	r2, .L3+20
  60 0020 1A60     		str	r2, [r3]
 173:.\Generated_Source\PSoC4/I2CM_I2C.c ****         I2CM_RX_FIFO_CTRL_REG = I2CM_I2C_DEFAULT_RX_FIFO_CTRL;
  61              		.loc 1 173 0
  62 0022 1E4B     		ldr	r3, .L3+24
  63 0024 0022     		mov	r2, #0
  64 0026 1A60     		str	r2, [r3]
 174:.\Generated_Source\PSoC4/I2CM_I2C.c **** 
 175:.\Generated_Source\PSoC4/I2CM_I2C.c ****         /* Set default address and mask */
 176:.\Generated_Source\PSoC4/I2CM_I2C.c ****         I2CM_RX_MATCH_REG     = I2CM_I2C_DEFAULT_RX_MATCH;
  65              		.loc 1 176 0
  66 0028 1D4B     		ldr	r3, .L3+28
  67 002a 0022     		mov	r2, #0
  68 002c 1A60     		str	r2, [r3]
 177:.\Generated_Source\PSoC4/I2CM_I2C.c **** 
 178:.\Generated_Source\PSoC4/I2CM_I2C.c ****         /* Configure TX direction */
 179:.\Generated_Source\PSoC4/I2CM_I2C.c ****         I2CM_TX_CTRL_REG      = I2CM_I2C_DEFAULT_TX_CTRL;
  69              		.loc 1 179 0
  70 002e 1D4B     		ldr	r3, .L3+32
  71 0030 1D4A     		ldr	r2, .L3+36
  72 0032 1A60     		str	r2, [r3]
 180:.\Generated_Source\PSoC4/I2CM_I2C.c ****         I2CM_TX_FIFO_CTRL_REG = I2CM_I2C_DEFAULT_TX_FIFO_CTRL;
  73              		.loc 1 180 0
  74 0034 1D4B     		ldr	r3, .L3+40
  75 0036 0022     		mov	r2, #0
  76 0038 1A60     		str	r2, [r3]
 181:.\Generated_Source\PSoC4/I2CM_I2C.c **** 
 182:.\Generated_Source\PSoC4/I2CM_I2C.c ****         /* Configure interrupt sources */
 183:.\Generated_Source\PSoC4/I2CM_I2C.c ****         I2CM_INTR_I2C_EC_MASK_REG = I2CM_I2C_DEFAULT_INTR_I2C_EC_MASK;
  77              		.loc 1 183 0
  78 003a 1D4B     		ldr	r3, .L3+44
  79 003c 0022     		mov	r2, #0
  80 003e 1A60     		str	r2, [r3]
 184:.\Generated_Source\PSoC4/I2CM_I2C.c ****         I2CM_INTR_SPI_EC_MASK_REG = I2CM_I2C_DEFAULT_INTR_SPI_EC_MASK;
  81              		.loc 1 184 0
  82 0040 1C4B     		ldr	r3, .L3+48
  83 0042 0022     		mov	r2, #0
  84 0044 1A60     		str	r2, [r3]
 185:.\Generated_Source\PSoC4/I2CM_I2C.c ****         I2CM_INTR_SLAVE_MASK_REG  = I2CM_I2C_DEFAULT_INTR_SLAVE_MASK;
  85              		.loc 1 185 0
  86 0046 1C4B     		ldr	r3, .L3+52
  87 0048 0022     		mov	r2, #0
  88 004a 1A60     		str	r2, [r3]
 186:.\Generated_Source\PSoC4/I2CM_I2C.c ****         I2CM_INTR_MASTER_MASK_REG = I2CM_I2C_DEFAULT_INTR_MASTER_MASK;
  89              		.loc 1 186 0
  90 004c 1B4B     		ldr	r3, .L3+56
  91 004e 1C4A     		ldr	r2, .L3+60
  92 0050 1A60     		str	r2, [r3]
 187:.\Generated_Source\PSoC4/I2CM_I2C.c ****         I2CM_INTR_RX_MASK_REG     = I2CM_I2C_DEFAULT_INTR_RX_MASK;
  93              		.loc 1 187 0
  94 0052 1C4B     		ldr	r3, .L3+64
ARM GAS  C:\Users\srvs\AppData\Local\Temp\ccbjXe8z.s 			page 6


  95 0054 0022     		mov	r2, #0
  96 0056 1A60     		str	r2, [r3]
 188:.\Generated_Source\PSoC4/I2CM_I2C.c ****         I2CM_INTR_TX_MASK_REG     = I2CM_I2C_DEFAULT_INTR_TX_MASK;
  97              		.loc 1 188 0
  98 0058 1B4B     		ldr	r3, .L3+68
  99 005a 0022     		mov	r2, #0
 100 005c 1A60     		str	r2, [r3]
 189:.\Generated_Source\PSoC4/I2CM_I2C.c **** 
 190:.\Generated_Source\PSoC4/I2CM_I2C.c ****         /* Configure interrupt with I2C handler and enabled it */
 191:.\Generated_Source\PSoC4/I2CM_I2C.c ****         I2CM_SCB_IRQ_StartEx(&I2CM_I2C_ISR);
 101              		.loc 1 191 0
 102 005e 1B4B     		ldr	r3, .L3+72
 103 0060 181C     		mov	r0, r3
 104 0062 FFF7FEFF 		bl	I2CM_SCB_IRQ_StartEx
 192:.\Generated_Source\PSoC4/I2CM_I2C.c **** 
 193:.\Generated_Source\PSoC4/I2CM_I2C.c **** 
 194:.\Generated_Source\PSoC4/I2CM_I2C.c ****         /* Configure global variables */
 195:.\Generated_Source\PSoC4/I2CM_I2C.c ****         I2CM_state = I2CM_I2C_FSM_IDLE;
 105              		.loc 1 195 0
 106 0066 1A4B     		ldr	r3, .L3+76
 107 0068 1022     		mov	r2, #16
 108 006a 1A70     		strb	r2, [r3]
 196:.\Generated_Source\PSoC4/I2CM_I2C.c **** 
 197:.\Generated_Source\PSoC4/I2CM_I2C.c ****         #if(I2CM_I2C_SLAVE)
 198:.\Generated_Source\PSoC4/I2CM_I2C.c ****             /* Internal slave variable */
 199:.\Generated_Source\PSoC4/I2CM_I2C.c ****             I2CM_slStatus        = 0u;
 200:.\Generated_Source\PSoC4/I2CM_I2C.c ****             I2CM_slRdBufIndex    = 0u;
 201:.\Generated_Source\PSoC4/I2CM_I2C.c ****             I2CM_slWrBufIndex    = 0u;
 202:.\Generated_Source\PSoC4/I2CM_I2C.c ****             I2CM_slOverFlowCount = 0u;
 203:.\Generated_Source\PSoC4/I2CM_I2C.c ****         #endif /* (I2CM_I2C_SLAVE) */
 204:.\Generated_Source\PSoC4/I2CM_I2C.c **** 
 205:.\Generated_Source\PSoC4/I2CM_I2C.c ****         #if(I2CM_I2C_MASTER)
 206:.\Generated_Source\PSoC4/I2CM_I2C.c ****         /* Internal master variable */
 207:.\Generated_Source\PSoC4/I2CM_I2C.c ****             I2CM_mstrStatus     = 0u;
 109              		.loc 1 207 0
 110 006c 194B     		ldr	r3, .L3+80
 111 006e 0022     		mov	r2, #0
 112 0070 1A80     		strh	r2, [r3]
 208:.\Generated_Source\PSoC4/I2CM_I2C.c ****             I2CM_mstrRdBufIndex = 0u;
 113              		.loc 1 208 0
 114 0072 194B     		ldr	r3, .L3+84
 115 0074 0022     		mov	r2, #0
 116 0076 1A60     		str	r2, [r3]
 209:.\Generated_Source\PSoC4/I2CM_I2C.c ****             I2CM_mstrWrBufIndex = 0u;
 117              		.loc 1 209 0
 118 0078 184B     		ldr	r3, .L3+88
 119 007a 0022     		mov	r2, #0
 120 007c 1A60     		str	r2, [r3]
 210:.\Generated_Source\PSoC4/I2CM_I2C.c ****         #endif /* (I2CM_I2C_MASTER) */
 211:.\Generated_Source\PSoC4/I2CM_I2C.c ****     }
 121              		.loc 1 211 0
 122 007e BD46     		mov	sp, r7
 123              		@ sp needed for prologue
 124 0080 80BD     		pop	{r7, pc}
 125              	.L4:
 126 0082 C046     		.align	2
 127              	.L3:
ARM GAS  C:\Users\srvs\AppData\Local\Temp\ccbjXe8z.s 			page 7


 128 0084 00000740 		.word	1074200576
 129 0088 60000740 		.word	1074200672
 130 008c 77080080 		.word	-2147481481
 131 0090 70000740 		.word	1074200688
 132 0094 00030740 		.word	1074201344
 133 0098 07030080 		.word	-2147482873
 134 009c 04030740 		.word	1074201348
 135 00a0 10030740 		.word	1074201360
 136 00a4 00020740 		.word	1074201088
 137 00a8 07010080 		.word	-2147483385
 138 00ac 04020740 		.word	1074201092
 139 00b0 880E0740 		.word	1074204296
 140 00b4 C80E0740 		.word	1074204360
 141 00b8 480F0740 		.word	1074204488
 142 00bc 080F0740 		.word	1074204424
 143 00c0 13010000 		.word	275
 144 00c4 C80F0740 		.word	1074204616
 145 00c8 880F0740 		.word	1074204552
 146 00cc 00000000 		.word	I2CM_I2C_ISR
 147 00d0 00000000 		.word	I2CM_state
 148 00d4 00000000 		.word	I2CM_mstrStatus
 149 00d8 00000000 		.word	I2CM_mstrRdBufIndex
 150 00dc 00000000 		.word	I2CM_mstrWrBufIndex
 151              		.cfi_endproc
 152              	.LFE0:
 153              		.size	I2CM_I2CInit, .-I2CM_I2CInit
 154              		.section	.text.I2CM_I2CStop,"ax",%progbits
 155              		.align	2
 156              		.global	I2CM_I2CStop
 157              		.code	16
 158              		.thumb_func
 159              		.type	I2CM_I2CStop, %function
 160              	I2CM_I2CStop:
 161              	.LFB1:
 212:.\Generated_Source\PSoC4/I2CM_I2C.c **** #endif /* (I2CM_SCB_MODE_UNCONFIG_CONST_CFG) */
 213:.\Generated_Source\PSoC4/I2CM_I2C.c **** 
 214:.\Generated_Source\PSoC4/I2CM_I2C.c **** 
 215:.\Generated_Source\PSoC4/I2CM_I2C.c **** /*******************************************************************************
 216:.\Generated_Source\PSoC4/I2CM_I2C.c **** * Function Name: I2CM_I2CStop
 217:.\Generated_Source\PSoC4/I2CM_I2C.c **** ********************************************************************************
 218:.\Generated_Source\PSoC4/I2CM_I2C.c **** *
 219:.\Generated_Source\PSoC4/I2CM_I2C.c **** * Summary:
 220:.\Generated_Source\PSoC4/I2CM_I2C.c **** *  Initializes I2C registers with initial values provided from customizer.
 221:.\Generated_Source\PSoC4/I2CM_I2C.c **** *
 222:.\Generated_Source\PSoC4/I2CM_I2C.c **** * Parameters:
 223:.\Generated_Source\PSoC4/I2CM_I2C.c **** *  None
 224:.\Generated_Source\PSoC4/I2CM_I2C.c **** *
 225:.\Generated_Source\PSoC4/I2CM_I2C.c **** * Return:
 226:.\Generated_Source\PSoC4/I2CM_I2C.c **** *  None
 227:.\Generated_Source\PSoC4/I2CM_I2C.c **** *
 228:.\Generated_Source\PSoC4/I2CM_I2C.c **** * Global variables:
 229:.\Generated_Source\PSoC4/I2CM_I2C.c **** *
 230:.\Generated_Source\PSoC4/I2CM_I2C.c **** *
 231:.\Generated_Source\PSoC4/I2CM_I2C.c **** *******************************************************************************/
 232:.\Generated_Source\PSoC4/I2CM_I2C.c **** void I2CM_I2CStop(void)
 233:.\Generated_Source\PSoC4/I2CM_I2C.c **** {
 162              		.loc 1 233 0
ARM GAS  C:\Users\srvs\AppData\Local\Temp\ccbjXe8z.s 			page 8


 163              		.cfi_startproc
 164 0000 80B5     		push	{r7, lr}
 165              	.LCFI2:
 166              		.cfi_def_cfa_offset 8
 167              		.cfi_offset 7, -8
 168              		.cfi_offset 14, -4
 169 0002 00AF     		add	r7, sp, #0
 170              	.LCFI3:
 171              		.cfi_def_cfa_register 7
 234:.\Generated_Source\PSoC4/I2CM_I2C.c ****     I2CM_state = I2CM_I2C_FSM_IDLE;
 172              		.loc 1 234 0
 173 0004 024B     		ldr	r3, .L7
 174 0006 1022     		mov	r2, #16
 175 0008 1A70     		strb	r2, [r3]
 235:.\Generated_Source\PSoC4/I2CM_I2C.c **** }
 176              		.loc 1 235 0
 177 000a BD46     		mov	sp, r7
 178              		@ sp needed for prologue
 179 000c 80BD     		pop	{r7, pc}
 180              	.L8:
 181 000e C046     		.align	2
 182              	.L7:
 183 0010 00000000 		.word	I2CM_state
 184              		.cfi_endproc
 185              	.LFE1:
 186              		.size	I2CM_I2CStop, .-I2CM_I2CStop
 187              		.section	.text.I2CM_I2CSaveConfig,"ax",%progbits
 188              		.align	2
 189              		.global	I2CM_I2CSaveConfig
 190              		.code	16
 191              		.thumb_func
 192              		.type	I2CM_I2CSaveConfig, %function
 193              	I2CM_I2CSaveConfig:
 194              	.LFB2:
 236:.\Generated_Source\PSoC4/I2CM_I2C.c **** 
 237:.\Generated_Source\PSoC4/I2CM_I2C.c **** 
 238:.\Generated_Source\PSoC4/I2CM_I2C.c **** /*******************************************************************************
 239:.\Generated_Source\PSoC4/I2CM_I2C.c **** * Function Name: I2CM_I2CSaveConfig
 240:.\Generated_Source\PSoC4/I2CM_I2C.c **** ********************************************************************************
 241:.\Generated_Source\PSoC4/I2CM_I2C.c **** *
 242:.\Generated_Source\PSoC4/I2CM_I2C.c **** * Summary:
 243:.\Generated_Source\PSoC4/I2CM_I2C.c **** *  Wakeup disabled: does nothing.
 244:.\Generated_Source\PSoC4/I2CM_I2C.c **** *  Wakeup  enabled: clears SCB_backup.enableState and enables
 245:.\Generated_Source\PSoC4/I2CM_I2C.c **** *  SCB_INTR_I2C_EC_WAKE_UP interrupt used for wakeup. This interrupt source
 246:.\Generated_Source\PSoC4/I2CM_I2C.c **** *  tracks in active mode therefore it does not require to be cleared.
 247:.\Generated_Source\PSoC4/I2CM_I2C.c **** *
 248:.\Generated_Source\PSoC4/I2CM_I2C.c **** * Parameters:
 249:.\Generated_Source\PSoC4/I2CM_I2C.c **** *  None
 250:.\Generated_Source\PSoC4/I2CM_I2C.c **** *
 251:.\Generated_Source\PSoC4/I2CM_I2C.c **** * Return:
 252:.\Generated_Source\PSoC4/I2CM_I2C.c **** *  None
 253:.\Generated_Source\PSoC4/I2CM_I2C.c **** *
 254:.\Generated_Source\PSoC4/I2CM_I2C.c **** *******************************************************************************/
 255:.\Generated_Source\PSoC4/I2CM_I2C.c **** void I2CM_I2CSaveConfig(void)
 256:.\Generated_Source\PSoC4/I2CM_I2C.c **** {
 195              		.loc 1 256 0
 196              		.cfi_startproc
ARM GAS  C:\Users\srvs\AppData\Local\Temp\ccbjXe8z.s 			page 9


 197 0000 80B5     		push	{r7, lr}
 198              	.LCFI4:
 199              		.cfi_def_cfa_offset 8
 200              		.cfi_offset 7, -8
 201              		.cfi_offset 14, -4
 202 0002 00AF     		add	r7, sp, #0
 203              	.LCFI5:
 204              		.cfi_def_cfa_register 7
 257:.\Generated_Source\PSoC4/I2CM_I2C.c ****     #if(I2CM_CHECK_I2C_WAKE_ENABLE)
 258:.\Generated_Source\PSoC4/I2CM_I2C.c ****     {
 259:.\Generated_Source\PSoC4/I2CM_I2C.c ****         I2CM_backup.enableState = 0u; /* Keep SCB enabled */
 260:.\Generated_Source\PSoC4/I2CM_I2C.c **** 
 261:.\Generated_Source\PSoC4/I2CM_I2C.c ****         /* Enable interrupt to wakeup the device */
 262:.\Generated_Source\PSoC4/I2CM_I2C.c ****         I2CM_SetI2CExtClkInterruptMode(I2CM_INTR_I2C_EC_WAKE_UP);
 263:.\Generated_Source\PSoC4/I2CM_I2C.c ****     }
 264:.\Generated_Source\PSoC4/I2CM_I2C.c ****     #endif
 265:.\Generated_Source\PSoC4/I2CM_I2C.c **** }
 205              		.loc 1 265 0
 206 0004 BD46     		mov	sp, r7
 207              		@ sp needed for prologue
 208 0006 80BD     		pop	{r7, pc}
 209              		.cfi_endproc
 210              	.LFE2:
 211              		.size	I2CM_I2CSaveConfig, .-I2CM_I2CSaveConfig
 212              		.section	.text.I2CM_I2CRestoreConfig,"ax",%progbits
 213              		.align	2
 214              		.global	I2CM_I2CRestoreConfig
 215              		.code	16
 216              		.thumb_func
 217              		.type	I2CM_I2CRestoreConfig, %function
 218              	I2CM_I2CRestoreConfig:
 219              	.LFB3:
 266:.\Generated_Source\PSoC4/I2CM_I2C.c **** 
 267:.\Generated_Source\PSoC4/I2CM_I2C.c **** 
 268:.\Generated_Source\PSoC4/I2CM_I2C.c **** /*******************************************************************************
 269:.\Generated_Source\PSoC4/I2CM_I2C.c **** * Function Name: I2CM_I2CRestoreConfig
 270:.\Generated_Source\PSoC4/I2CM_I2C.c **** ********************************************************************************
 271:.\Generated_Source\PSoC4/I2CM_I2C.c **** *
 272:.\Generated_Source\PSoC4/I2CM_I2C.c **** * Summary:
 273:.\Generated_Source\PSoC4/I2CM_I2C.c **** *  Does nothing.
 274:.\Generated_Source\PSoC4/I2CM_I2C.c **** *
 275:.\Generated_Source\PSoC4/I2CM_I2C.c **** * Parameters:
 276:.\Generated_Source\PSoC4/I2CM_I2C.c **** *  None
 277:.\Generated_Source\PSoC4/I2CM_I2C.c **** *
 278:.\Generated_Source\PSoC4/I2CM_I2C.c **** * Return:
 279:.\Generated_Source\PSoC4/I2CM_I2C.c **** *  None
 280:.\Generated_Source\PSoC4/I2CM_I2C.c **** *
 281:.\Generated_Source\PSoC4/I2CM_I2C.c **** *******************************************************************************/
 282:.\Generated_Source\PSoC4/I2CM_I2C.c **** void I2CM_I2CRestoreConfig(void)
 283:.\Generated_Source\PSoC4/I2CM_I2C.c **** {
 220              		.loc 1 283 0
 221              		.cfi_startproc
 222 0000 80B5     		push	{r7, lr}
 223              	.LCFI6:
 224              		.cfi_def_cfa_offset 8
 225              		.cfi_offset 7, -8
 226              		.cfi_offset 14, -4
ARM GAS  C:\Users\srvs\AppData\Local\Temp\ccbjXe8z.s 			page 10


 227 0002 00AF     		add	r7, sp, #0
 228              	.LCFI7:
 229              		.cfi_def_cfa_register 7
 284:.\Generated_Source\PSoC4/I2CM_I2C.c ****     /* Does nothing: as wake is masked-off in the interrupt */
 285:.\Generated_Source\PSoC4/I2CM_I2C.c **** }
 230              		.loc 1 285 0
 231 0004 BD46     		mov	sp, r7
 232              		@ sp needed for prologue
 233 0006 80BD     		pop	{r7, pc}
 234              		.cfi_endproc
 235              	.LFE3:
 236              		.size	I2CM_I2CRestoreConfig, .-I2CM_I2CRestoreConfig
 237              		.text
 238              	.Letext0:
 239              		.section	.debug_loc,"",%progbits
 240              	.Ldebug_loc0:
 241              	.LLST0:
 242 0000 00000000 		.4byte	.LFB0
 243 0004 02000000 		.4byte	.LCFI0
 244 0008 0100     		.2byte	0x1
 245 000a 5D       		.byte	0x5d
 246 000b 02000000 		.4byte	.LCFI0
 247 000f 04000000 		.4byte	.LCFI1
 248 0013 0200     		.2byte	0x2
 249 0015 7D       		.byte	0x7d
 250 0016 08       		.sleb128 8
 251 0017 04000000 		.4byte	.LCFI1
 252 001b E0000000 		.4byte	.LFE0
 253 001f 0200     		.2byte	0x2
 254 0021 77       		.byte	0x77
 255 0022 08       		.sleb128 8
 256 0023 00000000 		.4byte	0x0
 257 0027 00000000 		.4byte	0x0
 258              	.LLST1:
 259 002b 00000000 		.4byte	.LFB1
 260 002f 02000000 		.4byte	.LCFI2
 261 0033 0100     		.2byte	0x1
 262 0035 5D       		.byte	0x5d
 263 0036 02000000 		.4byte	.LCFI2
 264 003a 04000000 		.4byte	.LCFI3
 265 003e 0200     		.2byte	0x2
 266 0040 7D       		.byte	0x7d
 267 0041 08       		.sleb128 8
 268 0042 04000000 		.4byte	.LCFI3
 269 0046 14000000 		.4byte	.LFE1
 270 004a 0200     		.2byte	0x2
 271 004c 77       		.byte	0x77
 272 004d 08       		.sleb128 8
 273 004e 00000000 		.4byte	0x0
 274 0052 00000000 		.4byte	0x0
 275              	.LLST2:
 276 0056 00000000 		.4byte	.LFB2
 277 005a 02000000 		.4byte	.LCFI4
 278 005e 0100     		.2byte	0x1
 279 0060 5D       		.byte	0x5d
 280 0061 02000000 		.4byte	.LCFI4
 281 0065 04000000 		.4byte	.LCFI5
ARM GAS  C:\Users\srvs\AppData\Local\Temp\ccbjXe8z.s 			page 11


 282 0069 0200     		.2byte	0x2
 283 006b 7D       		.byte	0x7d
 284 006c 08       		.sleb128 8
 285 006d 04000000 		.4byte	.LCFI5
 286 0071 08000000 		.4byte	.LFE2
 287 0075 0200     		.2byte	0x2
 288 0077 77       		.byte	0x77
 289 0078 08       		.sleb128 8
 290 0079 00000000 		.4byte	0x0
 291 007d 00000000 		.4byte	0x0
 292              	.LLST3:
 293 0081 00000000 		.4byte	.LFB3
 294 0085 02000000 		.4byte	.LCFI6
 295 0089 0100     		.2byte	0x1
 296 008b 5D       		.byte	0x5d
 297 008c 02000000 		.4byte	.LCFI6
 298 0090 04000000 		.4byte	.LCFI7
 299 0094 0200     		.2byte	0x2
 300 0096 7D       		.byte	0x7d
 301 0097 08       		.sleb128 8
 302 0098 04000000 		.4byte	.LCFI7
 303 009c 08000000 		.4byte	.LFE3
 304 00a0 0200     		.2byte	0x2
 305 00a2 77       		.byte	0x77
 306 00a3 08       		.sleb128 8
 307 00a4 00000000 		.4byte	0x0
 308 00a8 00000000 		.4byte	0x0
 309              		.file 2 ".\\Generated_Source\\PSoC4\\/cytypes.h"
 310              		.file 3 ".\\Generated_Source\\PSoC4\\/I2CM_I2C_PVT.h"
 311              		.section	.debug_info
 312 0000 42010000 		.4byte	0x142
 313 0004 0200     		.2byte	0x2
 314 0006 00000000 		.4byte	.Ldebug_abbrev0
 315 000a 04       		.byte	0x4
 316 000b 01       		.uleb128 0x1
 317 000c F5000000 		.4byte	.LASF23
 318 0010 01       		.byte	0x1
 319 0011 14010000 		.4byte	.LASF24
 320 0015 15000000 		.4byte	.LASF25
 321 0019 00000000 		.4byte	0x0
 322 001d 00000000 		.4byte	0x0
 323 0021 00000000 		.4byte	.Ldebug_ranges0+0x0
 324 0025 00000000 		.4byte	.Ldebug_line0
 325 0029 02       		.uleb128 0x2
 326 002a 01       		.byte	0x1
 327 002b 06       		.byte	0x6
 328 002c 76010000 		.4byte	.LASF0
 329 0030 02       		.uleb128 0x2
 330 0031 01       		.byte	0x1
 331 0032 08       		.byte	0x8
 332 0033 01010000 		.4byte	.LASF1
 333 0037 02       		.uleb128 0x2
 334 0038 02       		.byte	0x2
 335 0039 05       		.byte	0x5
 336 003a 95010000 		.4byte	.LASF2
 337 003e 02       		.uleb128 0x2
 338 003f 02       		.byte	0x2
ARM GAS  C:\Users\srvs\AppData\Local\Temp\ccbjXe8z.s 			page 12


 339 0040 07       		.byte	0x7
 340 0041 63010000 		.4byte	.LASF3
 341 0045 02       		.uleb128 0x2
 342 0046 04       		.byte	0x4
 343 0047 05       		.byte	0x5
 344 0048 38010000 		.4byte	.LASF4
 345 004c 02       		.uleb128 0x2
 346 004d 04       		.byte	0x4
 347 004e 07       		.byte	0x7
 348 004f 95000000 		.4byte	.LASF5
 349 0053 02       		.uleb128 0x2
 350 0054 08       		.byte	0x8
 351 0055 05       		.byte	0x5
 352 0056 00000000 		.4byte	.LASF6
 353 005a 02       		.uleb128 0x2
 354 005b 08       		.byte	0x8
 355 005c 07       		.byte	0x7
 356 005d A7000000 		.4byte	.LASF7
 357 0061 03       		.uleb128 0x3
 358 0062 04       		.byte	0x4
 359 0063 05       		.byte	0x5
 360 0064 696E7400 		.ascii	"int\000"
 361 0068 02       		.uleb128 0x2
 362 0069 04       		.byte	0x4
 363 006a 07       		.byte	0x7
 364 006b 5B000000 		.4byte	.LASF8
 365 006f 04       		.uleb128 0x4
 366 0070 8F000000 		.4byte	.LASF9
 367 0074 02       		.byte	0x2
 368 0075 4C       		.byte	0x4c
 369 0076 30000000 		.4byte	0x30
 370 007a 04       		.uleb128 0x4
 371 007b 9F010000 		.4byte	.LASF10
 372 007f 02       		.byte	0x2
 373 0080 4D       		.byte	0x4d
 374 0081 3E000000 		.4byte	0x3e
 375 0085 04       		.uleb128 0x4
 376 0086 0E000000 		.4byte	.LASF11
 377 008a 02       		.byte	0x2
 378 008b 4E       		.byte	0x4e
 379 008c 4C000000 		.4byte	0x4c
 380 0090 02       		.uleb128 0x2
 381 0091 04       		.byte	0x4
 382 0092 04       		.byte	0x4
 383 0093 8F010000 		.4byte	.LASF12
 384 0097 02       		.uleb128 0x2
 385 0098 08       		.byte	0x8
 386 0099 04       		.byte	0x4
 387 009a 5C010000 		.4byte	.LASF13
 388 009e 02       		.uleb128 0x2
 389 009f 01       		.byte	0x1
 390 00a0 08       		.byte	0x8
 391 00a1 0F010000 		.4byte	.LASF14
 392 00a5 05       		.uleb128 0x5
 393 00a6 6F000000 		.4byte	0x6f
 394 00aa 05       		.uleb128 0x5
 395 00ab 7A000000 		.4byte	0x7a
ARM GAS  C:\Users\srvs\AppData\Local\Temp\ccbjXe8z.s 			page 13


 396 00af 05       		.uleb128 0x5
 397 00b0 85000000 		.4byte	0x85
 398 00b4 06       		.uleb128 0x6
 399 00b5 04       		.byte	0x4
 400 00b6 07       		.byte	0x7
 401 00b7 07       		.uleb128 0x7
 402 00b8 01       		.byte	0x1
 403 00b9 BE000000 		.4byte	.LASF15
 404 00bd 01       		.byte	0x1
 405 00be A2       		.byte	0xa2
 406 00bf 01       		.byte	0x1
 407 00c0 00000000 		.4byte	.LFB0
 408 00c4 E0000000 		.4byte	.LFE0
 409 00c8 00000000 		.4byte	.LLST0
 410 00cc 07       		.uleb128 0x7
 411 00cd 01       		.byte	0x1
 412 00ce 82010000 		.4byte	.LASF16
 413 00d2 01       		.byte	0x1
 414 00d3 E8       		.byte	0xe8
 415 00d4 01       		.byte	0x1
 416 00d5 00000000 		.4byte	.LFB1
 417 00d9 14000000 		.4byte	.LFE1
 418 00dd 2B000000 		.4byte	.LLST1
 419 00e1 07       		.uleb128 0x7
 420 00e2 01       		.byte	0x1
 421 00e3 68000000 		.4byte	.LASF17
 422 00e7 01       		.byte	0x1
 423 00e8 FF       		.byte	0xff
 424 00e9 01       		.byte	0x1
 425 00ea 00000000 		.4byte	.LFB2
 426 00ee 08000000 		.4byte	.LFE2
 427 00f2 56000000 		.4byte	.LLST2
 428 00f6 08       		.uleb128 0x8
 429 00f7 01       		.byte	0x1
 430 00f8 CB000000 		.4byte	.LASF18
 431 00fc 01       		.byte	0x1
 432 00fd 1A01     		.2byte	0x11a
 433 00ff 01       		.byte	0x1
 434 0100 00000000 		.4byte	.LFB3
 435 0104 08000000 		.4byte	.LFE3
 436 0108 81000000 		.4byte	.LLST3
 437 010c 09       		.uleb128 0x9
 438 010d 51010000 		.4byte	.LASF19
 439 0111 01       		.byte	0x1
 440 0112 1A       		.byte	0x1a
 441 0113 A5000000 		.4byte	0xa5
 442 0117 01       		.byte	0x1
 443 0118 05       		.byte	0x5
 444 0119 03       		.byte	0x3
 445 011a 00000000 		.4byte	I2CM_state
 446 011e 0A       		.uleb128 0xa
 447 011f 41010000 		.4byte	.LASF20
 448 0123 03       		.byte	0x3
 449 0124 30       		.byte	0x30
 450 0125 AA000000 		.4byte	0xaa
 451 0129 01       		.byte	0x1
 452 012a 01       		.byte	0x1
ARM GAS  C:\Users\srvs\AppData\Local\Temp\ccbjXe8z.s 			page 14


 453 012b 0A       		.uleb128 0xa
 454 012c E1000000 		.4byte	.LASF21
 455 0130 03       		.byte	0x3
 456 0131 36       		.byte	0x36
 457 0132 AF000000 		.4byte	0xaf
 458 0136 01       		.byte	0x1
 459 0137 01       		.byte	0x1
 460 0138 0A       		.uleb128 0xa
 461 0139 7B000000 		.4byte	.LASF22
 462 013d 03       		.byte	0x3
 463 013e 3B       		.byte	0x3b
 464 013f AF000000 		.4byte	0xaf
 465 0143 01       		.byte	0x1
 466 0144 01       		.byte	0x1
 467 0145 00       		.byte	0x0
 468              		.section	.debug_abbrev
 469 0000 01       		.uleb128 0x1
 470 0001 11       		.uleb128 0x11
 471 0002 01       		.byte	0x1
 472 0003 25       		.uleb128 0x25
 473 0004 0E       		.uleb128 0xe
 474 0005 13       		.uleb128 0x13
 475 0006 0B       		.uleb128 0xb
 476 0007 03       		.uleb128 0x3
 477 0008 0E       		.uleb128 0xe
 478 0009 1B       		.uleb128 0x1b
 479 000a 0E       		.uleb128 0xe
 480 000b 11       		.uleb128 0x11
 481 000c 01       		.uleb128 0x1
 482 000d 52       		.uleb128 0x52
 483 000e 01       		.uleb128 0x1
 484 000f 55       		.uleb128 0x55
 485 0010 06       		.uleb128 0x6
 486 0011 10       		.uleb128 0x10
 487 0012 06       		.uleb128 0x6
 488 0013 00       		.byte	0x0
 489 0014 00       		.byte	0x0
 490 0015 02       		.uleb128 0x2
 491 0016 24       		.uleb128 0x24
 492 0017 00       		.byte	0x0
 493 0018 0B       		.uleb128 0xb
 494 0019 0B       		.uleb128 0xb
 495 001a 3E       		.uleb128 0x3e
 496 001b 0B       		.uleb128 0xb
 497 001c 03       		.uleb128 0x3
 498 001d 0E       		.uleb128 0xe
 499 001e 00       		.byte	0x0
 500 001f 00       		.byte	0x0
 501 0020 03       		.uleb128 0x3
 502 0021 24       		.uleb128 0x24
 503 0022 00       		.byte	0x0
 504 0023 0B       		.uleb128 0xb
 505 0024 0B       		.uleb128 0xb
 506 0025 3E       		.uleb128 0x3e
 507 0026 0B       		.uleb128 0xb
 508 0027 03       		.uleb128 0x3
 509 0028 08       		.uleb128 0x8
ARM GAS  C:\Users\srvs\AppData\Local\Temp\ccbjXe8z.s 			page 15


 510 0029 00       		.byte	0x0
 511 002a 00       		.byte	0x0
 512 002b 04       		.uleb128 0x4
 513 002c 16       		.uleb128 0x16
 514 002d 00       		.byte	0x0
 515 002e 03       		.uleb128 0x3
 516 002f 0E       		.uleb128 0xe
 517 0030 3A       		.uleb128 0x3a
 518 0031 0B       		.uleb128 0xb
 519 0032 3B       		.uleb128 0x3b
 520 0033 0B       		.uleb128 0xb
 521 0034 49       		.uleb128 0x49
 522 0035 13       		.uleb128 0x13
 523 0036 00       		.byte	0x0
 524 0037 00       		.byte	0x0
 525 0038 05       		.uleb128 0x5
 526 0039 35       		.uleb128 0x35
 527 003a 00       		.byte	0x0
 528 003b 49       		.uleb128 0x49
 529 003c 13       		.uleb128 0x13
 530 003d 00       		.byte	0x0
 531 003e 00       		.byte	0x0
 532 003f 06       		.uleb128 0x6
 533 0040 24       		.uleb128 0x24
 534 0041 00       		.byte	0x0
 535 0042 0B       		.uleb128 0xb
 536 0043 0B       		.uleb128 0xb
 537 0044 3E       		.uleb128 0x3e
 538 0045 0B       		.uleb128 0xb
 539 0046 00       		.byte	0x0
 540 0047 00       		.byte	0x0
 541 0048 07       		.uleb128 0x7
 542 0049 2E       		.uleb128 0x2e
 543 004a 00       		.byte	0x0
 544 004b 3F       		.uleb128 0x3f
 545 004c 0C       		.uleb128 0xc
 546 004d 03       		.uleb128 0x3
 547 004e 0E       		.uleb128 0xe
 548 004f 3A       		.uleb128 0x3a
 549 0050 0B       		.uleb128 0xb
 550 0051 3B       		.uleb128 0x3b
 551 0052 0B       		.uleb128 0xb
 552 0053 27       		.uleb128 0x27
 553 0054 0C       		.uleb128 0xc
 554 0055 11       		.uleb128 0x11
 555 0056 01       		.uleb128 0x1
 556 0057 12       		.uleb128 0x12
 557 0058 01       		.uleb128 0x1
 558 0059 40       		.uleb128 0x40
 559 005a 06       		.uleb128 0x6
 560 005b 00       		.byte	0x0
 561 005c 00       		.byte	0x0
 562 005d 08       		.uleb128 0x8
 563 005e 2E       		.uleb128 0x2e
 564 005f 00       		.byte	0x0
 565 0060 3F       		.uleb128 0x3f
 566 0061 0C       		.uleb128 0xc
ARM GAS  C:\Users\srvs\AppData\Local\Temp\ccbjXe8z.s 			page 16


 567 0062 03       		.uleb128 0x3
 568 0063 0E       		.uleb128 0xe
 569 0064 3A       		.uleb128 0x3a
 570 0065 0B       		.uleb128 0xb
 571 0066 3B       		.uleb128 0x3b
 572 0067 05       		.uleb128 0x5
 573 0068 27       		.uleb128 0x27
 574 0069 0C       		.uleb128 0xc
 575 006a 11       		.uleb128 0x11
 576 006b 01       		.uleb128 0x1
 577 006c 12       		.uleb128 0x12
 578 006d 01       		.uleb128 0x1
 579 006e 40       		.uleb128 0x40
 580 006f 06       		.uleb128 0x6
 581 0070 00       		.byte	0x0
 582 0071 00       		.byte	0x0
 583 0072 09       		.uleb128 0x9
 584 0073 34       		.uleb128 0x34
 585 0074 00       		.byte	0x0
 586 0075 03       		.uleb128 0x3
 587 0076 0E       		.uleb128 0xe
 588 0077 3A       		.uleb128 0x3a
 589 0078 0B       		.uleb128 0xb
 590 0079 3B       		.uleb128 0x3b
 591 007a 0B       		.uleb128 0xb
 592 007b 49       		.uleb128 0x49
 593 007c 13       		.uleb128 0x13
 594 007d 3F       		.uleb128 0x3f
 595 007e 0C       		.uleb128 0xc
 596 007f 02       		.uleb128 0x2
 597 0080 0A       		.uleb128 0xa
 598 0081 00       		.byte	0x0
 599 0082 00       		.byte	0x0
 600 0083 0A       		.uleb128 0xa
 601 0084 34       		.uleb128 0x34
 602 0085 00       		.byte	0x0
 603 0086 03       		.uleb128 0x3
 604 0087 0E       		.uleb128 0xe
 605 0088 3A       		.uleb128 0x3a
 606 0089 0B       		.uleb128 0xb
 607 008a 3B       		.uleb128 0x3b
 608 008b 0B       		.uleb128 0xb
 609 008c 49       		.uleb128 0x49
 610 008d 13       		.uleb128 0x13
 611 008e 3F       		.uleb128 0x3f
 612 008f 0C       		.uleb128 0xc
 613 0090 3C       		.uleb128 0x3c
 614 0091 0C       		.uleb128 0xc
 615 0092 00       		.byte	0x0
 616 0093 00       		.byte	0x0
 617 0094 00       		.byte	0x0
 618              		.section	.debug_pubnames,"",%progbits
 619 0000 70000000 		.4byte	0x70
 620 0004 0200     		.2byte	0x2
 621 0006 00000000 		.4byte	.Ldebug_info0
 622 000a 46010000 		.4byte	0x146
 623 000e B7000000 		.4byte	0xb7
ARM GAS  C:\Users\srvs\AppData\Local\Temp\ccbjXe8z.s 			page 17


 624 0012 4932434D 		.ascii	"I2CM_I2CInit\000"
 624      5F493243 
 624      496E6974 
 624      00
 625 001f CC000000 		.4byte	0xcc
 626 0023 4932434D 		.ascii	"I2CM_I2CStop\000"
 626      5F493243 
 626      53746F70 
 626      00
 627 0030 E1000000 		.4byte	0xe1
 628 0034 4932434D 		.ascii	"I2CM_I2CSaveConfig\000"
 628      5F493243 
 628      53617665 
 628      436F6E66 
 628      696700
 629 0047 F6000000 		.4byte	0xf6
 630 004b 4932434D 		.ascii	"I2CM_I2CRestoreConfig\000"
 630      5F493243 
 630      52657374 
 630      6F726543 
 630      6F6E6669 
 631 0061 0C010000 		.4byte	0x10c
 632 0065 4932434D 		.ascii	"I2CM_state\000"
 632      5F737461 
 632      746500
 633 0070 00000000 		.4byte	0x0
 634              		.section	.debug_aranges,"",%progbits
 635 0000 34000000 		.4byte	0x34
 636 0004 0200     		.2byte	0x2
 637 0006 00000000 		.4byte	.Ldebug_info0
 638 000a 04       		.byte	0x4
 639 000b 00       		.byte	0x0
 640 000c 0000     		.2byte	0x0
 641 000e 0000     		.2byte	0x0
 642 0010 00000000 		.4byte	.LFB0
 643 0014 E0000000 		.4byte	.LFE0-.LFB0
 644 0018 00000000 		.4byte	.LFB1
 645 001c 14000000 		.4byte	.LFE1-.LFB1
 646 0020 00000000 		.4byte	.LFB2
 647 0024 08000000 		.4byte	.LFE2-.LFB2
 648 0028 00000000 		.4byte	.LFB3
 649 002c 08000000 		.4byte	.LFE3-.LFB3
 650 0030 00000000 		.4byte	0x0
 651 0034 00000000 		.4byte	0x0
 652              		.section	.debug_ranges,"",%progbits
 653              	.Ldebug_ranges0:
 654 0000 00000000 		.4byte	.Ltext0
 655 0004 00000000 		.4byte	.Letext0
 656 0008 00000000 		.4byte	.LFB0
 657 000c E0000000 		.4byte	.LFE0
 658 0010 00000000 		.4byte	.LFB1
 659 0014 14000000 		.4byte	.LFE1
 660 0018 00000000 		.4byte	.LFB2
 661 001c 08000000 		.4byte	.LFE2
 662 0020 00000000 		.4byte	.LFB3
 663 0024 08000000 		.4byte	.LFE3
 664 0028 00000000 		.4byte	0x0
ARM GAS  C:\Users\srvs\AppData\Local\Temp\ccbjXe8z.s 			page 18


 665 002c 00000000 		.4byte	0x0
 666              		.section	.debug_str,"MS",%progbits,1
 667              	.LASF6:
 668 0000 6C6F6E67 		.ascii	"long long int\000"
 668      206C6F6E 
 668      6720696E 
 668      7400
 669              	.LASF11:
 670 000e 75696E74 		.ascii	"uint32\000"
 670      333200
 671              	.LASF25:
 672 0015 433A5C6D 		.ascii	"C:\\myProjects\\Hobby\\100_day_100_projects\\Mine\\"
 672      7950726F 
 672      6A656374 
 672      735C486F 
 672      6262795C 
 673 0043 50536F43 		.ascii	"PSoC_Eye\\PSoC_Eye.cydsn\000"
 673      5F457965 
 673      5C50536F 
 673      435F4579 
 673      652E6379 
 674              	.LASF8:
 675 005b 756E7369 		.ascii	"unsigned int\000"
 675      676E6564 
 675      20696E74 
 675      00
 676              	.LASF17:
 677 0068 4932434D 		.ascii	"I2CM_I2CSaveConfig\000"
 677      5F493243 
 677      53617665 
 677      436F6E66 
 677      696700
 678              	.LASF22:
 679 007b 4932434D 		.ascii	"I2CM_mstrWrBufIndex\000"
 679      5F6D7374 
 679      72577242 
 679      7566496E 
 679      64657800 
 680              	.LASF9:
 681 008f 75696E74 		.ascii	"uint8\000"
 681      3800
 682              	.LASF5:
 683 0095 6C6F6E67 		.ascii	"long unsigned int\000"
 683      20756E73 
 683      69676E65 
 683      6420696E 
 683      7400
 684              	.LASF7:
 685 00a7 6C6F6E67 		.ascii	"long long unsigned int\000"
 685      206C6F6E 
 685      6720756E 
 685      7369676E 
 685      65642069 
 686              	.LASF15:
 687 00be 4932434D 		.ascii	"I2CM_I2CInit\000"
 687      5F493243 
 687      496E6974 
ARM GAS  C:\Users\srvs\AppData\Local\Temp\ccbjXe8z.s 			page 19


 687      00
 688              	.LASF18:
 689 00cb 4932434D 		.ascii	"I2CM_I2CRestoreConfig\000"
 689      5F493243 
 689      52657374 
 689      6F726543 
 689      6F6E6669 
 690              	.LASF21:
 691 00e1 4932434D 		.ascii	"I2CM_mstrRdBufIndex\000"
 691      5F6D7374 
 691      72526442 
 691      7566496E 
 691      64657800 
 692              	.LASF23:
 693 00f5 474E5520 		.ascii	"GNU C 4.4.1\000"
 693      4320342E 
 693      342E3100 
 694              	.LASF1:
 695 0101 756E7369 		.ascii	"unsigned char\000"
 695      676E6564 
 695      20636861 
 695      7200
 696              	.LASF14:
 697 010f 63686172 		.ascii	"char\000"
 697      00
 698              	.LASF24:
 699 0114 2E5C4765 		.ascii	".\\Generated_Source\\PSoC4\\I2CM_I2C.c\000"
 699      6E657261 
 699      7465645F 
 699      536F7572 
 699      63655C50 
 700              	.LASF4:
 701 0138 6C6F6E67 		.ascii	"long int\000"
 701      20696E74 
 701      00
 702              	.LASF20:
 703 0141 4932434D 		.ascii	"I2CM_mstrStatus\000"
 703      5F6D7374 
 703      72537461 
 703      74757300 
 704              	.LASF19:
 705 0151 4932434D 		.ascii	"I2CM_state\000"
 705      5F737461 
 705      746500
 706              	.LASF13:
 707 015c 646F7562 		.ascii	"double\000"
 707      6C6500
 708              	.LASF3:
 709 0163 73686F72 		.ascii	"short unsigned int\000"
 709      7420756E 
 709      7369676E 
 709      65642069 
 709      6E7400
 710              	.LASF0:
 711 0176 7369676E 		.ascii	"signed char\000"
 711      65642063 
 711      68617200 
ARM GAS  C:\Users\srvs\AppData\Local\Temp\ccbjXe8z.s 			page 20


 712              	.LASF16:
 713 0182 4932434D 		.ascii	"I2CM_I2CStop\000"
 713      5F493243 
 713      53746F70 
 713      00
 714              	.LASF12:
 715 018f 666C6F61 		.ascii	"float\000"
 715      7400
 716              	.LASF2:
 717 0195 73686F72 		.ascii	"short int\000"
 717      7420696E 
 717      7400
 718              	.LASF10:
 719 019f 75696E74 		.ascii	"uint16\000"
 719      313600
 720              		.ident	"GCC: (Sourcery G++ Lite 2010q1-188) 4.4.1"
