ARM GAS  C:\Users\srvs\AppData\Local\Temp\ccGEybiu.s 			page 1


   1              		.cpu cortex-m0
   2              		.fpu softvfp
   3              		.eabi_attribute 20, 1
   4              		.eabi_attribute 21, 1
   5              		.eabi_attribute 23, 3
   6              		.eabi_attribute 24, 1
   7              		.eabi_attribute 25, 1
   8              		.eabi_attribute 26, 1
   9              		.eabi_attribute 30, 6
  10              		.eabi_attribute 18, 4
  11              		.code	16
  12              		.file	"I2CM_sda.c"
  13              		.section	.debug_abbrev,"",%progbits
  14              	.Ldebug_abbrev0:
  15              		.section	.debug_info,"",%progbits
  16              	.Ldebug_info0:
  17              		.section	.debug_line,"",%progbits
  18              	.Ldebug_line0:
  19 0000 C4000000 		.text
  19      02006100 
  19      00000201 
  19      FB0E0D00 
  19      01010101 
  20              	.Ltext0:
  21              		.cfi_sections	.debug_frame
  22              		.section	.text.I2CM_sda_Write,"ax",%progbits
  23              		.align	2
  24              		.global	I2CM_sda_Write
  25              		.code	16
  26              		.thumb_func
  27              		.type	I2CM_sda_Write, %function
  28              	I2CM_sda_Write:
  29              	.LFB0:
  30              		.file 1 ".\\Generated_Source\\PSoC4\\I2CM_sda.c"
   1:.\Generated_Source\PSoC4/I2CM_sda.c **** /*******************************************************************************
   2:.\Generated_Source\PSoC4/I2CM_sda.c **** * File Name: I2CM_sda.c  
   3:.\Generated_Source\PSoC4/I2CM_sda.c **** * Version 1.90
   4:.\Generated_Source\PSoC4/I2CM_sda.c **** *
   5:.\Generated_Source\PSoC4/I2CM_sda.c **** * Description:
   6:.\Generated_Source\PSoC4/I2CM_sda.c **** *  This file contains API to enable firmware control of a Pins component.
   7:.\Generated_Source\PSoC4/I2CM_sda.c **** *
   8:.\Generated_Source\PSoC4/I2CM_sda.c **** * Note:
   9:.\Generated_Source\PSoC4/I2CM_sda.c **** *
  10:.\Generated_Source\PSoC4/I2CM_sda.c **** ********************************************************************************
  11:.\Generated_Source\PSoC4/I2CM_sda.c **** * Copyright 2008-2012, Cypress Semiconductor Corporation.  All rights reserved.
  12:.\Generated_Source\PSoC4/I2CM_sda.c **** * You may use this file only in accordance with the license, terms, conditions, 
  13:.\Generated_Source\PSoC4/I2CM_sda.c **** * disclaimers, and limitations in the end user license agreement accompanying 
  14:.\Generated_Source\PSoC4/I2CM_sda.c **** * the software package with which this file was provided.
  15:.\Generated_Source\PSoC4/I2CM_sda.c **** *******************************************************************************/
  16:.\Generated_Source\PSoC4/I2CM_sda.c **** 
  17:.\Generated_Source\PSoC4/I2CM_sda.c **** #include "cytypes.h"
  18:.\Generated_Source\PSoC4/I2CM_sda.c **** #include "I2CM_sda.h"
  19:.\Generated_Source\PSoC4/I2CM_sda.c **** 
  20:.\Generated_Source\PSoC4/I2CM_sda.c **** #define SetP4PinDriveMode(shift, mode)  \
  21:.\Generated_Source\PSoC4/I2CM_sda.c ****     do { \
  22:.\Generated_Source\PSoC4/I2CM_sda.c ****         I2CM_sda_PC =   (I2CM_sda_PC & \
  23:.\Generated_Source\PSoC4/I2CM_sda.c ****                                 (uint32)(~(uint32)(I2CM_sda_DRIVE_MODE_IND_MASK << (I2CM_sda_DRIVE_
ARM GAS  C:\Users\srvs\AppData\Local\Temp\ccGEybiu.s 			page 2


  24:.\Generated_Source\PSoC4/I2CM_sda.c ****                                 (uint32)((uint32)(mode) << (I2CM_sda_DRIVE_MODE_BITS * (shift))); \
  25:.\Generated_Source\PSoC4/I2CM_sda.c ****     } while (0)
  26:.\Generated_Source\PSoC4/I2CM_sda.c **** 
  27:.\Generated_Source\PSoC4/I2CM_sda.c **** 
  28:.\Generated_Source\PSoC4/I2CM_sda.c **** /*******************************************************************************
  29:.\Generated_Source\PSoC4/I2CM_sda.c **** * Function Name: I2CM_sda_Write
  30:.\Generated_Source\PSoC4/I2CM_sda.c **** ********************************************************************************
  31:.\Generated_Source\PSoC4/I2CM_sda.c **** *
  32:.\Generated_Source\PSoC4/I2CM_sda.c **** * Summary:
  33:.\Generated_Source\PSoC4/I2CM_sda.c **** *  Assign a new value to the digital port's data output register.  
  34:.\Generated_Source\PSoC4/I2CM_sda.c **** *
  35:.\Generated_Source\PSoC4/I2CM_sda.c **** * Parameters:  
  36:.\Generated_Source\PSoC4/I2CM_sda.c **** *  prtValue:  The value to be assigned to the Digital Port. 
  37:.\Generated_Source\PSoC4/I2CM_sda.c **** *
  38:.\Generated_Source\PSoC4/I2CM_sda.c **** * Return: 
  39:.\Generated_Source\PSoC4/I2CM_sda.c **** *  None 
  40:.\Generated_Source\PSoC4/I2CM_sda.c **** *  
  41:.\Generated_Source\PSoC4/I2CM_sda.c **** *******************************************************************************/
  42:.\Generated_Source\PSoC4/I2CM_sda.c **** void I2CM_sda_Write(uint8 value) 
  43:.\Generated_Source\PSoC4/I2CM_sda.c **** {
  31              		.loc 1 43 0
  32              		.cfi_startproc
  33 0000 80B5     		push	{r7, lr}
  34              	.LCFI0:
  35              		.cfi_def_cfa_offset 8
  36              		.cfi_offset 7, -8
  37              		.cfi_offset 14, -4
  38 0002 84B0     		sub	sp, sp, #16
  39              	.LCFI1:
  40              		.cfi_def_cfa_offset 24
  41 0004 00AF     		add	r7, sp, #0
  42              	.LCFI2:
  43              		.cfi_def_cfa_register 7
  44 0006 021C     		mov	r2, r0
  45 0008 FB1D     		add	r3, r7, #7
  46 000a 1A70     		strb	r2, [r3]
  44:.\Generated_Source\PSoC4/I2CM_sda.c ****     uint8 drVal = (uint8)(I2CM_sda_DR & (uint8)(~I2CM_sda_MASK));
  47              		.loc 1 44 0
  48 000c 0E4B     		ldr	r3, .L3
  49 000e 1B68     		ldr	r3, [r3]
  50 0010 DAB2     		uxtb	r2, r3
  51 0012 3B1C     		mov	r3, r7
  52 0014 0F33     		add	r3, r3, #15
  53 0016 0221     		mov	r1, #2
  54 0018 8A43     		bic	r2, r2, r1
  55 001a 1A70     		strb	r2, [r3]
  45:.\Generated_Source\PSoC4/I2CM_sda.c ****     drVal = (drVal | ((uint8)(value << I2CM_sda_SHIFT) & I2CM_sda_MASK));
  56              		.loc 1 45 0
  57 001c FB1D     		add	r3, r7, #7
  58 001e 1B78     		ldrb	r3, [r3]
  59 0020 5B00     		lsl	r3, r3, #1
  60 0022 DBB2     		uxtb	r3, r3
  61 0024 0222     		mov	r2, #2
  62 0026 1340     		and	r3, r3, r2
  63 0028 3A1C     		mov	r2, r7
  64 002a 0F32     		add	r2, r2, #15
  65 002c 391C     		mov	r1, r7
ARM GAS  C:\Users\srvs\AppData\Local\Temp\ccGEybiu.s 			page 3


  66 002e 0F31     		add	r1, r1, #15
  67 0030 0978     		ldrb	r1, [r1]
  68 0032 0B43     		orr	r3, r3, r1
  69 0034 1370     		strb	r3, [r2]
  46:.\Generated_Source\PSoC4/I2CM_sda.c ****     I2CM_sda_DR = (uint32)drVal;
  70              		.loc 1 46 0
  71 0036 044B     		ldr	r3, .L3
  72 0038 3A1C     		mov	r2, r7
  73 003a 0F32     		add	r2, r2, #15
  74 003c 1278     		ldrb	r2, [r2]
  75 003e 1A60     		str	r2, [r3]
  47:.\Generated_Source\PSoC4/I2CM_sda.c **** }
  76              		.loc 1 47 0
  77 0040 BD46     		mov	sp, r7
  78 0042 04B0     		add	sp, sp, #16
  79              		@ sp needed for prologue
  80 0044 80BD     		pop	{r7, pc}
  81              	.L4:
  82 0046 C046     		.align	2
  83              	.L3:
  84 0048 00030440 		.word	1074004736
  85              		.cfi_endproc
  86              	.LFE0:
  87              		.size	I2CM_sda_Write, .-I2CM_sda_Write
  88              		.section	.text.I2CM_sda_SetDriveMode,"ax",%progbits
  89              		.align	2
  90              		.global	I2CM_sda_SetDriveMode
  91              		.code	16
  92              		.thumb_func
  93              		.type	I2CM_sda_SetDriveMode, %function
  94              	I2CM_sda_SetDriveMode:
  95              	.LFB1:
  48:.\Generated_Source\PSoC4/I2CM_sda.c **** 
  49:.\Generated_Source\PSoC4/I2CM_sda.c **** 
  50:.\Generated_Source\PSoC4/I2CM_sda.c **** /*******************************************************************************
  51:.\Generated_Source\PSoC4/I2CM_sda.c **** * Function Name: I2CM_sda_SetDriveMode
  52:.\Generated_Source\PSoC4/I2CM_sda.c **** ********************************************************************************
  53:.\Generated_Source\PSoC4/I2CM_sda.c **** *
  54:.\Generated_Source\PSoC4/I2CM_sda.c **** * Summary:
  55:.\Generated_Source\PSoC4/I2CM_sda.c **** *  Change the drive mode on the pins of the port.
  56:.\Generated_Source\PSoC4/I2CM_sda.c **** * 
  57:.\Generated_Source\PSoC4/I2CM_sda.c **** * Parameters:  
  58:.\Generated_Source\PSoC4/I2CM_sda.c **** *  mode:  Change the pins to this drive mode.
  59:.\Generated_Source\PSoC4/I2CM_sda.c **** *
  60:.\Generated_Source\PSoC4/I2CM_sda.c **** * Return: 
  61:.\Generated_Source\PSoC4/I2CM_sda.c **** *  None
  62:.\Generated_Source\PSoC4/I2CM_sda.c **** *
  63:.\Generated_Source\PSoC4/I2CM_sda.c **** *******************************************************************************/
  64:.\Generated_Source\PSoC4/I2CM_sda.c **** void I2CM_sda_SetDriveMode(uint8 mode) 
  65:.\Generated_Source\PSoC4/I2CM_sda.c **** {
  96              		.loc 1 65 0
  97              		.cfi_startproc
  98 0000 80B5     		push	{r7, lr}
  99              	.LCFI3:
 100              		.cfi_def_cfa_offset 8
 101              		.cfi_offset 7, -8
 102              		.cfi_offset 14, -4
ARM GAS  C:\Users\srvs\AppData\Local\Temp\ccGEybiu.s 			page 4


 103 0002 82B0     		sub	sp, sp, #8
 104              	.LCFI4:
 105              		.cfi_def_cfa_offset 16
 106 0004 00AF     		add	r7, sp, #0
 107              	.LCFI5:
 108              		.cfi_def_cfa_register 7
 109 0006 021C     		mov	r2, r0
 110 0008 FB1D     		add	r3, r7, #7
 111 000a 1A70     		strb	r2, [r3]
  66:.\Generated_Source\PSoC4/I2CM_sda.c **** 	SetP4PinDriveMode(I2CM_sda__0__SHIFT, mode);
 112              		.loc 1 66 0
 113 000c 074B     		ldr	r3, .L7
 114 000e 074A     		ldr	r2, .L7
 115 0010 1268     		ldr	r2, [r2]
 116 0012 3821     		mov	r1, #56
 117 0014 101C     		mov	r0, r2
 118 0016 8843     		bic	r0, r0, r1
 119 0018 011C     		mov	r1, r0
 120 001a FA1D     		add	r2, r7, #7
 121 001c 1278     		ldrb	r2, [r2]
 122 001e D200     		lsl	r2, r2, #3
 123 0020 0A43     		orr	r2, r2, r1
 124 0022 1A60     		str	r2, [r3]
  67:.\Generated_Source\PSoC4/I2CM_sda.c **** }
 125              		.loc 1 67 0
 126 0024 BD46     		mov	sp, r7
 127 0026 02B0     		add	sp, sp, #8
 128              		@ sp needed for prologue
 129 0028 80BD     		pop	{r7, pc}
 130              	.L8:
 131 002a C046     		.align	2
 132              	.L7:
 133 002c 08030440 		.word	1074004744
 134              		.cfi_endproc
 135              	.LFE1:
 136              		.size	I2CM_sda_SetDriveMode, .-I2CM_sda_SetDriveMode
 137              		.section	.text.I2CM_sda_Read,"ax",%progbits
 138              		.align	2
 139              		.global	I2CM_sda_Read
 140              		.code	16
 141              		.thumb_func
 142              		.type	I2CM_sda_Read, %function
 143              	I2CM_sda_Read:
 144              	.LFB2:
  68:.\Generated_Source\PSoC4/I2CM_sda.c **** 
  69:.\Generated_Source\PSoC4/I2CM_sda.c **** 
  70:.\Generated_Source\PSoC4/I2CM_sda.c **** /*******************************************************************************
  71:.\Generated_Source\PSoC4/I2CM_sda.c **** * Function Name: I2CM_sda_Read
  72:.\Generated_Source\PSoC4/I2CM_sda.c **** ********************************************************************************
  73:.\Generated_Source\PSoC4/I2CM_sda.c **** *
  74:.\Generated_Source\PSoC4/I2CM_sda.c **** * Summary:
  75:.\Generated_Source\PSoC4/I2CM_sda.c **** *  Read the current value on the pins of the Digital Port in right justified 
  76:.\Generated_Source\PSoC4/I2CM_sda.c **** *  form.
  77:.\Generated_Source\PSoC4/I2CM_sda.c **** *
  78:.\Generated_Source\PSoC4/I2CM_sda.c **** * Parameters:  
  79:.\Generated_Source\PSoC4/I2CM_sda.c **** *  None 
  80:.\Generated_Source\PSoC4/I2CM_sda.c **** *
ARM GAS  C:\Users\srvs\AppData\Local\Temp\ccGEybiu.s 			page 5


  81:.\Generated_Source\PSoC4/I2CM_sda.c **** * Return: 
  82:.\Generated_Source\PSoC4/I2CM_sda.c **** *  Returns the current value of the Digital Port as a right justified number
  83:.\Generated_Source\PSoC4/I2CM_sda.c **** *  
  84:.\Generated_Source\PSoC4/I2CM_sda.c **** * Note:
  85:.\Generated_Source\PSoC4/I2CM_sda.c **** *  Macro I2CM_sda_ReadPS calls this function. 
  86:.\Generated_Source\PSoC4/I2CM_sda.c **** *  
  87:.\Generated_Source\PSoC4/I2CM_sda.c **** *******************************************************************************/
  88:.\Generated_Source\PSoC4/I2CM_sda.c **** uint8 I2CM_sda_Read(void) 
  89:.\Generated_Source\PSoC4/I2CM_sda.c **** {
 145              		.loc 1 89 0
 146              		.cfi_startproc
 147 0000 80B5     		push	{r7, lr}
 148              	.LCFI6:
 149              		.cfi_def_cfa_offset 8
 150              		.cfi_offset 7, -8
 151              		.cfi_offset 14, -4
 152 0002 00AF     		add	r7, sp, #0
 153              	.LCFI7:
 154              		.cfi_def_cfa_register 7
  90:.\Generated_Source\PSoC4/I2CM_sda.c ****     return (uint8)((I2CM_sda_PS & I2CM_sda_MASK) >> I2CM_sda_SHIFT);
 155              		.loc 1 90 0
 156 0004 044B     		ldr	r3, .L11
 157 0006 1A68     		ldr	r2, [r3]
 158 0008 0223     		mov	r3, #2
 159 000a 1340     		and	r3, r3, r2
 160 000c 5B08     		lsr	r3, r3, #1
 161 000e DBB2     		uxtb	r3, r3
  91:.\Generated_Source\PSoC4/I2CM_sda.c **** }
 162              		.loc 1 91 0
 163 0010 181C     		mov	r0, r3
 164 0012 BD46     		mov	sp, r7
 165              		@ sp needed for prologue
 166 0014 80BD     		pop	{r7, pc}
 167              	.L12:
 168 0016 C046     		.align	2
 169              	.L11:
 170 0018 04030440 		.word	1074004740
 171              		.cfi_endproc
 172              	.LFE2:
 173              		.size	I2CM_sda_Read, .-I2CM_sda_Read
 174              		.section	.text.I2CM_sda_ReadDataReg,"ax",%progbits
 175              		.align	2
 176              		.global	I2CM_sda_ReadDataReg
 177              		.code	16
 178              		.thumb_func
 179              		.type	I2CM_sda_ReadDataReg, %function
 180              	I2CM_sda_ReadDataReg:
 181              	.LFB3:
  92:.\Generated_Source\PSoC4/I2CM_sda.c **** 
  93:.\Generated_Source\PSoC4/I2CM_sda.c **** 
  94:.\Generated_Source\PSoC4/I2CM_sda.c **** /*******************************************************************************
  95:.\Generated_Source\PSoC4/I2CM_sda.c **** * Function Name: I2CM_sda_ReadDataReg
  96:.\Generated_Source\PSoC4/I2CM_sda.c **** ********************************************************************************
  97:.\Generated_Source\PSoC4/I2CM_sda.c **** *
  98:.\Generated_Source\PSoC4/I2CM_sda.c **** * Summary:
  99:.\Generated_Source\PSoC4/I2CM_sda.c **** *  Read the current value assigned to a Digital Port's data output register
 100:.\Generated_Source\PSoC4/I2CM_sda.c **** *
ARM GAS  C:\Users\srvs\AppData\Local\Temp\ccGEybiu.s 			page 6


 101:.\Generated_Source\PSoC4/I2CM_sda.c **** * Parameters:  
 102:.\Generated_Source\PSoC4/I2CM_sda.c **** *  None 
 103:.\Generated_Source\PSoC4/I2CM_sda.c **** *
 104:.\Generated_Source\PSoC4/I2CM_sda.c **** * Return: 
 105:.\Generated_Source\PSoC4/I2CM_sda.c **** *  Returns the current value assigned to the Digital Port's data output register
 106:.\Generated_Source\PSoC4/I2CM_sda.c **** *  
 107:.\Generated_Source\PSoC4/I2CM_sda.c **** *******************************************************************************/
 108:.\Generated_Source\PSoC4/I2CM_sda.c **** uint8 I2CM_sda_ReadDataReg(void) 
 109:.\Generated_Source\PSoC4/I2CM_sda.c **** {
 182              		.loc 1 109 0
 183              		.cfi_startproc
 184 0000 80B5     		push	{r7, lr}
 185              	.LCFI8:
 186              		.cfi_def_cfa_offset 8
 187              		.cfi_offset 7, -8
 188              		.cfi_offset 14, -4
 189 0002 00AF     		add	r7, sp, #0
 190              	.LCFI9:
 191              		.cfi_def_cfa_register 7
 110:.\Generated_Source\PSoC4/I2CM_sda.c ****     return (uint8)((I2CM_sda_DR & I2CM_sda_MASK) >> I2CM_sda_SHIFT);
 192              		.loc 1 110 0
 193 0004 044B     		ldr	r3, .L15
 194 0006 1A68     		ldr	r2, [r3]
 195 0008 0223     		mov	r3, #2
 196 000a 1340     		and	r3, r3, r2
 197 000c 5B08     		lsr	r3, r3, #1
 198 000e DBB2     		uxtb	r3, r3
 111:.\Generated_Source\PSoC4/I2CM_sda.c **** }
 199              		.loc 1 111 0
 200 0010 181C     		mov	r0, r3
 201 0012 BD46     		mov	sp, r7
 202              		@ sp needed for prologue
 203 0014 80BD     		pop	{r7, pc}
 204              	.L16:
 205 0016 C046     		.align	2
 206              	.L15:
 207 0018 00030440 		.word	1074004736
 208              		.cfi_endproc
 209              	.LFE3:
 210              		.size	I2CM_sda_ReadDataReg, .-I2CM_sda_ReadDataReg
 211              		.section	.text.I2CM_sda_ClearInterrupt,"ax",%progbits
 212              		.align	2
 213              		.global	I2CM_sda_ClearInterrupt
 214              		.code	16
 215              		.thumb_func
 216              		.type	I2CM_sda_ClearInterrupt, %function
 217              	I2CM_sda_ClearInterrupt:
 218              	.LFB4:
 112:.\Generated_Source\PSoC4/I2CM_sda.c **** 
 113:.\Generated_Source\PSoC4/I2CM_sda.c **** 
 114:.\Generated_Source\PSoC4/I2CM_sda.c **** /* If Interrupts Are Enabled for this Pins component */ 
 115:.\Generated_Source\PSoC4/I2CM_sda.c **** #if defined(I2CM_sda_INTSTAT) 
 116:.\Generated_Source\PSoC4/I2CM_sda.c **** 
 117:.\Generated_Source\PSoC4/I2CM_sda.c ****     /*******************************************************************************
 118:.\Generated_Source\PSoC4/I2CM_sda.c ****     * Function Name: I2CM_sda_ClearInterrupt
 119:.\Generated_Source\PSoC4/I2CM_sda.c ****     ********************************************************************************
 120:.\Generated_Source\PSoC4/I2CM_sda.c ****     *
ARM GAS  C:\Users\srvs\AppData\Local\Temp\ccGEybiu.s 			page 7


 121:.\Generated_Source\PSoC4/I2CM_sda.c ****     * Summary:
 122:.\Generated_Source\PSoC4/I2CM_sda.c ****     *  Clears any active interrupts attached to port and returns the value of the 
 123:.\Generated_Source\PSoC4/I2CM_sda.c ****     *  interrupt status register.
 124:.\Generated_Source\PSoC4/I2CM_sda.c ****     *
 125:.\Generated_Source\PSoC4/I2CM_sda.c ****     * Parameters:  
 126:.\Generated_Source\PSoC4/I2CM_sda.c ****     *  None 
 127:.\Generated_Source\PSoC4/I2CM_sda.c ****     *
 128:.\Generated_Source\PSoC4/I2CM_sda.c ****     * Return: 
 129:.\Generated_Source\PSoC4/I2CM_sda.c ****     *  Returns the value of the interrupt status register
 130:.\Generated_Source\PSoC4/I2CM_sda.c ****     *  
 131:.\Generated_Source\PSoC4/I2CM_sda.c ****     *******************************************************************************/
 132:.\Generated_Source\PSoC4/I2CM_sda.c ****     uint8 I2CM_sda_ClearInterrupt(void) 
 133:.\Generated_Source\PSoC4/I2CM_sda.c ****     {
 219              		.loc 1 133 0
 220              		.cfi_startproc
 221 0000 80B5     		push	{r7, lr}
 222              	.LCFI10:
 223              		.cfi_def_cfa_offset 8
 224              		.cfi_offset 7, -8
 225              		.cfi_offset 14, -4
 226 0002 82B0     		sub	sp, sp, #8
 227              	.LCFI11:
 228              		.cfi_def_cfa_offset 16
 229 0004 00AF     		add	r7, sp, #0
 230              	.LCFI12:
 231              		.cfi_def_cfa_register 7
 134:.\Generated_Source\PSoC4/I2CM_sda.c **** 		uint8 maskedStatus = (uint8)(I2CM_sda_INTSTAT & I2CM_sda_MASK);
 232              		.loc 1 134 0
 233 0006 094B     		ldr	r3, .L19
 234 0008 1B68     		ldr	r3, [r3]
 235 000a D9B2     		uxtb	r1, r3
 236 000c FB1D     		add	r3, r7, #7
 237 000e 0222     		mov	r2, #2
 238 0010 0A40     		and	r2, r2, r1
 239 0012 1A70     		strb	r2, [r3]
 135:.\Generated_Source\PSoC4/I2CM_sda.c **** 		I2CM_sda_INTSTAT = maskedStatus;
 240              		.loc 1 135 0
 241 0014 054B     		ldr	r3, .L19
 242 0016 FA1D     		add	r2, r7, #7
 243 0018 1278     		ldrb	r2, [r2]
 244 001a 1A60     		str	r2, [r3]
 136:.\Generated_Source\PSoC4/I2CM_sda.c ****         return maskedStatus >> I2CM_sda_SHIFT;
 245              		.loc 1 136 0
 246 001c FB1D     		add	r3, r7, #7
 247 001e 1B78     		ldrb	r3, [r3]
 248 0020 5B08     		lsr	r3, r3, #1
 249 0022 DBB2     		uxtb	r3, r3
 137:.\Generated_Source\PSoC4/I2CM_sda.c ****     }
 250              		.loc 1 137 0
 251 0024 181C     		mov	r0, r3
 252 0026 BD46     		mov	sp, r7
 253 0028 02B0     		add	sp, sp, #8
 254              		@ sp needed for prologue
 255 002a 80BD     		pop	{r7, pc}
 256              	.L20:
 257              		.align	2
 258              	.L19:
ARM GAS  C:\Users\srvs\AppData\Local\Temp\ccGEybiu.s 			page 8


 259 002c 10030440 		.word	1074004752
 260              		.cfi_endproc
 261              	.LFE4:
 262              		.size	I2CM_sda_ClearInterrupt, .-I2CM_sda_ClearInterrupt
 263              		.text
 264              	.Letext0:
 265              		.section	.debug_loc,"",%progbits
 266              	.Ldebug_loc0:
 267              	.LLST0:
 268 0000 00000000 		.4byte	.LFB0
 269 0004 02000000 		.4byte	.LCFI0
 270 0008 0100     		.2byte	0x1
 271 000a 5D       		.byte	0x5d
 272 000b 02000000 		.4byte	.LCFI0
 273 000f 04000000 		.4byte	.LCFI1
 274 0013 0200     		.2byte	0x2
 275 0015 7D       		.byte	0x7d
 276 0016 08       		.sleb128 8
 277 0017 04000000 		.4byte	.LCFI1
 278 001b 06000000 		.4byte	.LCFI2
 279 001f 0200     		.2byte	0x2
 280 0021 7D       		.byte	0x7d
 281 0022 18       		.sleb128 24
 282 0023 06000000 		.4byte	.LCFI2
 283 0027 4C000000 		.4byte	.LFE0
 284 002b 0200     		.2byte	0x2
 285 002d 77       		.byte	0x77
 286 002e 18       		.sleb128 24
 287 002f 00000000 		.4byte	0x0
 288 0033 00000000 		.4byte	0x0
 289              	.LLST1:
 290 0037 00000000 		.4byte	.LFB1
 291 003b 02000000 		.4byte	.LCFI3
 292 003f 0100     		.2byte	0x1
 293 0041 5D       		.byte	0x5d
 294 0042 02000000 		.4byte	.LCFI3
 295 0046 04000000 		.4byte	.LCFI4
 296 004a 0200     		.2byte	0x2
 297 004c 7D       		.byte	0x7d
 298 004d 08       		.sleb128 8
 299 004e 04000000 		.4byte	.LCFI4
 300 0052 06000000 		.4byte	.LCFI5
 301 0056 0200     		.2byte	0x2
 302 0058 7D       		.byte	0x7d
 303 0059 10       		.sleb128 16
 304 005a 06000000 		.4byte	.LCFI5
 305 005e 30000000 		.4byte	.LFE1
 306 0062 0200     		.2byte	0x2
 307 0064 77       		.byte	0x77
 308 0065 10       		.sleb128 16
 309 0066 00000000 		.4byte	0x0
 310 006a 00000000 		.4byte	0x0
 311              	.LLST2:
 312 006e 00000000 		.4byte	.LFB2
 313 0072 02000000 		.4byte	.LCFI6
 314 0076 0100     		.2byte	0x1
 315 0078 5D       		.byte	0x5d
ARM GAS  C:\Users\srvs\AppData\Local\Temp\ccGEybiu.s 			page 9


 316 0079 02000000 		.4byte	.LCFI6
 317 007d 04000000 		.4byte	.LCFI7
 318 0081 0200     		.2byte	0x2
 319 0083 7D       		.byte	0x7d
 320 0084 08       		.sleb128 8
 321 0085 04000000 		.4byte	.LCFI7
 322 0089 1C000000 		.4byte	.LFE2
 323 008d 0200     		.2byte	0x2
 324 008f 77       		.byte	0x77
 325 0090 08       		.sleb128 8
 326 0091 00000000 		.4byte	0x0
 327 0095 00000000 		.4byte	0x0
 328              	.LLST3:
 329 0099 00000000 		.4byte	.LFB3
 330 009d 02000000 		.4byte	.LCFI8
 331 00a1 0100     		.2byte	0x1
 332 00a3 5D       		.byte	0x5d
 333 00a4 02000000 		.4byte	.LCFI8
 334 00a8 04000000 		.4byte	.LCFI9
 335 00ac 0200     		.2byte	0x2
 336 00ae 7D       		.byte	0x7d
 337 00af 08       		.sleb128 8
 338 00b0 04000000 		.4byte	.LCFI9
 339 00b4 1C000000 		.4byte	.LFE3
 340 00b8 0200     		.2byte	0x2
 341 00ba 77       		.byte	0x77
 342 00bb 08       		.sleb128 8
 343 00bc 00000000 		.4byte	0x0
 344 00c0 00000000 		.4byte	0x0
 345              	.LLST4:
 346 00c4 00000000 		.4byte	.LFB4
 347 00c8 02000000 		.4byte	.LCFI10
 348 00cc 0100     		.2byte	0x1
 349 00ce 5D       		.byte	0x5d
 350 00cf 02000000 		.4byte	.LCFI10
 351 00d3 04000000 		.4byte	.LCFI11
 352 00d7 0200     		.2byte	0x2
 353 00d9 7D       		.byte	0x7d
 354 00da 08       		.sleb128 8
 355 00db 04000000 		.4byte	.LCFI11
 356 00df 06000000 		.4byte	.LCFI12
 357 00e3 0200     		.2byte	0x2
 358 00e5 7D       		.byte	0x7d
 359 00e6 10       		.sleb128 16
 360 00e7 06000000 		.4byte	.LCFI12
 361 00eb 30000000 		.4byte	.LFE4
 362 00ef 0200     		.2byte	0x2
 363 00f1 77       		.byte	0x77
 364 00f2 10       		.sleb128 16
 365 00f3 00000000 		.4byte	0x0
 366 00f7 00000000 		.4byte	0x0
 367              		.file 2 ".\\Generated_Source\\PSoC4\\/cytypes.h"
 368              		.section	.debug_info
 369 0000 44010000 		.4byte	0x144
 370 0004 0200     		.2byte	0x2
 371 0006 00000000 		.4byte	.Ldebug_abbrev0
 372 000a 04       		.byte	0x4
ARM GAS  C:\Users\srvs\AppData\Local\Temp\ccGEybiu.s 			page 10


 373 000b 01       		.uleb128 0x1
 374 000c 2A010000 		.4byte	.LASF21
 375 0010 01       		.byte	0x1
 376 0011 96000000 		.4byte	.LASF22
 377 0015 BA000000 		.4byte	.LASF23
 378 0019 00000000 		.4byte	0x0
 379 001d 00000000 		.4byte	0x0
 380 0021 00000000 		.4byte	.Ldebug_ranges0+0x0
 381 0025 00000000 		.4byte	.Ldebug_line0
 382 0029 02       		.uleb128 0x2
 383 002a 01       		.byte	0x1
 384 002b 06       		.byte	0x6
 385 002c 76010000 		.4byte	.LASF0
 386 0030 02       		.uleb128 0x2
 387 0031 01       		.byte	0x1
 388 0032 08       		.byte	0x8
 389 0033 32000000 		.4byte	.LASF1
 390 0037 02       		.uleb128 0x2
 391 0038 02       		.byte	0x2
 392 0039 05       		.byte	0x5
 393 003a 48010000 		.4byte	.LASF2
 394 003e 02       		.uleb128 0x2
 395 003f 02       		.byte	0x2
 396 0040 07       		.byte	0x7
 397 0041 58000000 		.4byte	.LASF3
 398 0045 02       		.uleb128 0x2
 399 0046 04       		.byte	0x4
 400 0047 05       		.byte	0x5
 401 0048 6D010000 		.4byte	.LASF4
 402 004c 02       		.uleb128 0x2
 403 004d 04       		.byte	0x4
 404 004e 07       		.byte	0x7
 405 004f 46000000 		.4byte	.LASF5
 406 0053 02       		.uleb128 0x2
 407 0054 08       		.byte	0x8
 408 0055 05       		.byte	0x5
 409 0056 00000000 		.4byte	.LASF6
 410 005a 02       		.uleb128 0x2
 411 005b 08       		.byte	0x8
 412 005c 07       		.byte	0x7
 413 005d 7F000000 		.4byte	.LASF7
 414 0061 03       		.uleb128 0x3
 415 0062 04       		.byte	0x4
 416 0063 05       		.byte	0x5
 417 0064 696E7400 		.ascii	"int\000"
 418 0068 02       		.uleb128 0x2
 419 0069 04       		.byte	0x4
 420 006a 07       		.byte	0x7
 421 006b 72000000 		.4byte	.LASF8
 422 006f 04       		.uleb128 0x4
 423 0070 52010000 		.4byte	.LASF24
 424 0074 02       		.byte	0x2
 425 0075 4C       		.byte	0x4c
 426 0076 30000000 		.4byte	0x30
 427 007a 02       		.uleb128 0x2
 428 007b 04       		.byte	0x4
 429 007c 04       		.byte	0x4
ARM GAS  C:\Users\srvs\AppData\Local\Temp\ccGEybiu.s 			page 11


 430 007d 2C000000 		.4byte	.LASF9
 431 0081 02       		.uleb128 0x2
 432 0082 08       		.byte	0x8
 433 0083 04       		.byte	0x4
 434 0084 6B000000 		.4byte	.LASF10
 435 0088 02       		.uleb128 0x2
 436 0089 01       		.byte	0x1
 437 008a 08       		.byte	0x8
 438 008b 43010000 		.4byte	.LASF11
 439 008f 05       		.uleb128 0x5
 440 0090 01       		.byte	0x1
 441 0091 00010000 		.4byte	.LASF12
 442 0095 01       		.byte	0x1
 443 0096 2A       		.byte	0x2a
 444 0097 01       		.byte	0x1
 445 0098 00000000 		.4byte	.LFB0
 446 009c 4C000000 		.4byte	.LFE0
 447 00a0 00000000 		.4byte	.LLST0
 448 00a4 C5000000 		.4byte	0xc5
 449 00a8 06       		.uleb128 0x6
 450 00a9 0E000000 		.4byte	.LASF14
 451 00ad 01       		.byte	0x1
 452 00ae 2A       		.byte	0x2a
 453 00af 6F000000 		.4byte	0x6f
 454 00b3 02       		.byte	0x2
 455 00b4 91       		.byte	0x91
 456 00b5 6F       		.sleb128 -17
 457 00b6 07       		.uleb128 0x7
 458 00b7 40000000 		.4byte	.LASF19
 459 00bb 01       		.byte	0x1
 460 00bc 2C       		.byte	0x2c
 461 00bd 6F000000 		.4byte	0x6f
 462 00c1 02       		.byte	0x2
 463 00c2 91       		.byte	0x91
 464 00c3 77       		.sleb128 -9
 465 00c4 00       		.byte	0x0
 466 00c5 05       		.uleb128 0x5
 467 00c6 01       		.byte	0x1
 468 00c7 14010000 		.4byte	.LASF13
 469 00cb 01       		.byte	0x1
 470 00cc 40       		.byte	0x40
 471 00cd 01       		.byte	0x1
 472 00ce 00000000 		.4byte	.LFB1
 473 00d2 30000000 		.4byte	.LFE1
 474 00d6 37000000 		.4byte	.LLST1
 475 00da ED000000 		.4byte	0xed
 476 00de 06       		.uleb128 0x6
 477 00df 0F010000 		.4byte	.LASF15
 478 00e3 01       		.byte	0x1
 479 00e4 40       		.byte	0x40
 480 00e5 6F000000 		.4byte	0x6f
 481 00e9 02       		.byte	0x2
 482 00ea 91       		.byte	0x91
 483 00eb 77       		.sleb128 -9
 484 00ec 00       		.byte	0x0
 485 00ed 08       		.uleb128 0x8
 486 00ee 01       		.byte	0x1
ARM GAS  C:\Users\srvs\AppData\Local\Temp\ccGEybiu.s 			page 12


 487 00ef 82010000 		.4byte	.LASF16
 488 00f3 01       		.byte	0x1
 489 00f4 58       		.byte	0x58
 490 00f5 01       		.byte	0x1
 491 00f6 6F000000 		.4byte	0x6f
 492 00fa 00000000 		.4byte	.LFB2
 493 00fe 1C000000 		.4byte	.LFE2
 494 0102 6E000000 		.4byte	.LLST2
 495 0106 08       		.uleb128 0x8
 496 0107 01       		.byte	0x1
 497 0108 58010000 		.4byte	.LASF17
 498 010c 01       		.byte	0x1
 499 010d 6C       		.byte	0x6c
 500 010e 01       		.byte	0x1
 501 010f 6F000000 		.4byte	0x6f
 502 0113 00000000 		.4byte	.LFB3
 503 0117 1C000000 		.4byte	.LFE3
 504 011b 99000000 		.4byte	.LLST3
 505 011f 09       		.uleb128 0x9
 506 0120 01       		.byte	0x1
 507 0121 14000000 		.4byte	.LASF18
 508 0125 01       		.byte	0x1
 509 0126 84       		.byte	0x84
 510 0127 01       		.byte	0x1
 511 0128 6F000000 		.4byte	0x6f
 512 012c 00000000 		.4byte	.LFB4
 513 0130 30000000 		.4byte	.LFE4
 514 0134 C4000000 		.4byte	.LLST4
 515 0138 07       		.uleb128 0x7
 516 0139 36010000 		.4byte	.LASF20
 517 013d 01       		.byte	0x1
 518 013e 86       		.byte	0x86
 519 013f 6F000000 		.4byte	0x6f
 520 0143 02       		.byte	0x2
 521 0144 91       		.byte	0x91
 522 0145 77       		.sleb128 -9
 523 0146 00       		.byte	0x0
 524 0147 00       		.byte	0x0
 525              		.section	.debug_abbrev
 526 0000 01       		.uleb128 0x1
 527 0001 11       		.uleb128 0x11
 528 0002 01       		.byte	0x1
 529 0003 25       		.uleb128 0x25
 530 0004 0E       		.uleb128 0xe
 531 0005 13       		.uleb128 0x13
 532 0006 0B       		.uleb128 0xb
 533 0007 03       		.uleb128 0x3
 534 0008 0E       		.uleb128 0xe
 535 0009 1B       		.uleb128 0x1b
 536 000a 0E       		.uleb128 0xe
 537 000b 11       		.uleb128 0x11
 538 000c 01       		.uleb128 0x1
 539 000d 52       		.uleb128 0x52
 540 000e 01       		.uleb128 0x1
 541 000f 55       		.uleb128 0x55
 542 0010 06       		.uleb128 0x6
 543 0011 10       		.uleb128 0x10
ARM GAS  C:\Users\srvs\AppData\Local\Temp\ccGEybiu.s 			page 13


 544 0012 06       		.uleb128 0x6
 545 0013 00       		.byte	0x0
 546 0014 00       		.byte	0x0
 547 0015 02       		.uleb128 0x2
 548 0016 24       		.uleb128 0x24
 549 0017 00       		.byte	0x0
 550 0018 0B       		.uleb128 0xb
 551 0019 0B       		.uleb128 0xb
 552 001a 3E       		.uleb128 0x3e
 553 001b 0B       		.uleb128 0xb
 554 001c 03       		.uleb128 0x3
 555 001d 0E       		.uleb128 0xe
 556 001e 00       		.byte	0x0
 557 001f 00       		.byte	0x0
 558 0020 03       		.uleb128 0x3
 559 0021 24       		.uleb128 0x24
 560 0022 00       		.byte	0x0
 561 0023 0B       		.uleb128 0xb
 562 0024 0B       		.uleb128 0xb
 563 0025 3E       		.uleb128 0x3e
 564 0026 0B       		.uleb128 0xb
 565 0027 03       		.uleb128 0x3
 566 0028 08       		.uleb128 0x8
 567 0029 00       		.byte	0x0
 568 002a 00       		.byte	0x0
 569 002b 04       		.uleb128 0x4
 570 002c 16       		.uleb128 0x16
 571 002d 00       		.byte	0x0
 572 002e 03       		.uleb128 0x3
 573 002f 0E       		.uleb128 0xe
 574 0030 3A       		.uleb128 0x3a
 575 0031 0B       		.uleb128 0xb
 576 0032 3B       		.uleb128 0x3b
 577 0033 0B       		.uleb128 0xb
 578 0034 49       		.uleb128 0x49
 579 0035 13       		.uleb128 0x13
 580 0036 00       		.byte	0x0
 581 0037 00       		.byte	0x0
 582 0038 05       		.uleb128 0x5
 583 0039 2E       		.uleb128 0x2e
 584 003a 01       		.byte	0x1
 585 003b 3F       		.uleb128 0x3f
 586 003c 0C       		.uleb128 0xc
 587 003d 03       		.uleb128 0x3
 588 003e 0E       		.uleb128 0xe
 589 003f 3A       		.uleb128 0x3a
 590 0040 0B       		.uleb128 0xb
 591 0041 3B       		.uleb128 0x3b
 592 0042 0B       		.uleb128 0xb
 593 0043 27       		.uleb128 0x27
 594 0044 0C       		.uleb128 0xc
 595 0045 11       		.uleb128 0x11
 596 0046 01       		.uleb128 0x1
 597 0047 12       		.uleb128 0x12
 598 0048 01       		.uleb128 0x1
 599 0049 40       		.uleb128 0x40
 600 004a 06       		.uleb128 0x6
ARM GAS  C:\Users\srvs\AppData\Local\Temp\ccGEybiu.s 			page 14


 601 004b 01       		.uleb128 0x1
 602 004c 13       		.uleb128 0x13
 603 004d 00       		.byte	0x0
 604 004e 00       		.byte	0x0
 605 004f 06       		.uleb128 0x6
 606 0050 05       		.uleb128 0x5
 607 0051 00       		.byte	0x0
 608 0052 03       		.uleb128 0x3
 609 0053 0E       		.uleb128 0xe
 610 0054 3A       		.uleb128 0x3a
 611 0055 0B       		.uleb128 0xb
 612 0056 3B       		.uleb128 0x3b
 613 0057 0B       		.uleb128 0xb
 614 0058 49       		.uleb128 0x49
 615 0059 13       		.uleb128 0x13
 616 005a 02       		.uleb128 0x2
 617 005b 0A       		.uleb128 0xa
 618 005c 00       		.byte	0x0
 619 005d 00       		.byte	0x0
 620 005e 07       		.uleb128 0x7
 621 005f 34       		.uleb128 0x34
 622 0060 00       		.byte	0x0
 623 0061 03       		.uleb128 0x3
 624 0062 0E       		.uleb128 0xe
 625 0063 3A       		.uleb128 0x3a
 626 0064 0B       		.uleb128 0xb
 627 0065 3B       		.uleb128 0x3b
 628 0066 0B       		.uleb128 0xb
 629 0067 49       		.uleb128 0x49
 630 0068 13       		.uleb128 0x13
 631 0069 02       		.uleb128 0x2
 632 006a 0A       		.uleb128 0xa
 633 006b 00       		.byte	0x0
 634 006c 00       		.byte	0x0
 635 006d 08       		.uleb128 0x8
 636 006e 2E       		.uleb128 0x2e
 637 006f 00       		.byte	0x0
 638 0070 3F       		.uleb128 0x3f
 639 0071 0C       		.uleb128 0xc
 640 0072 03       		.uleb128 0x3
 641 0073 0E       		.uleb128 0xe
 642 0074 3A       		.uleb128 0x3a
 643 0075 0B       		.uleb128 0xb
 644 0076 3B       		.uleb128 0x3b
 645 0077 0B       		.uleb128 0xb
 646 0078 27       		.uleb128 0x27
 647 0079 0C       		.uleb128 0xc
 648 007a 49       		.uleb128 0x49
 649 007b 13       		.uleb128 0x13
 650 007c 11       		.uleb128 0x11
 651 007d 01       		.uleb128 0x1
 652 007e 12       		.uleb128 0x12
 653 007f 01       		.uleb128 0x1
 654 0080 40       		.uleb128 0x40
 655 0081 06       		.uleb128 0x6
 656 0082 00       		.byte	0x0
 657 0083 00       		.byte	0x0
ARM GAS  C:\Users\srvs\AppData\Local\Temp\ccGEybiu.s 			page 15


 658 0084 09       		.uleb128 0x9
 659 0085 2E       		.uleb128 0x2e
 660 0086 01       		.byte	0x1
 661 0087 3F       		.uleb128 0x3f
 662 0088 0C       		.uleb128 0xc
 663 0089 03       		.uleb128 0x3
 664 008a 0E       		.uleb128 0xe
 665 008b 3A       		.uleb128 0x3a
 666 008c 0B       		.uleb128 0xb
 667 008d 3B       		.uleb128 0x3b
 668 008e 0B       		.uleb128 0xb
 669 008f 27       		.uleb128 0x27
 670 0090 0C       		.uleb128 0xc
 671 0091 49       		.uleb128 0x49
 672 0092 13       		.uleb128 0x13
 673 0093 11       		.uleb128 0x11
 674 0094 01       		.uleb128 0x1
 675 0095 12       		.uleb128 0x12
 676 0096 01       		.uleb128 0x1
 677 0097 40       		.uleb128 0x40
 678 0098 06       		.uleb128 0x6
 679 0099 00       		.byte	0x0
 680 009a 00       		.byte	0x0
 681 009b 00       		.byte	0x0
 682              		.section	.debug_pubnames,"",%progbits
 683 0000 82000000 		.4byte	0x82
 684 0004 0200     		.2byte	0x2
 685 0006 00000000 		.4byte	.Ldebug_info0
 686 000a 48010000 		.4byte	0x148
 687 000e 8F000000 		.4byte	0x8f
 688 0012 4932434D 		.ascii	"I2CM_sda_Write\000"
 688      5F736461 
 688      5F577269 
 688      746500
 689 0021 C5000000 		.4byte	0xc5
 690 0025 4932434D 		.ascii	"I2CM_sda_SetDriveMode\000"
 690      5F736461 
 690      5F536574 
 690      44726976 
 690      654D6F64 
 691 003b ED000000 		.4byte	0xed
 692 003f 4932434D 		.ascii	"I2CM_sda_Read\000"
 692      5F736461 
 692      5F526561 
 692      6400
 693 004d 06010000 		.4byte	0x106
 694 0051 4932434D 		.ascii	"I2CM_sda_ReadDataReg\000"
 694      5F736461 
 694      5F526561 
 694      64446174 
 694      61526567 
 695 0066 1F010000 		.4byte	0x11f
 696 006a 4932434D 		.ascii	"I2CM_sda_ClearInterrupt\000"
 696      5F736461 
 696      5F436C65 
 696      6172496E 
 696      74657272 
ARM GAS  C:\Users\srvs\AppData\Local\Temp\ccGEybiu.s 			page 16


 697 0082 00000000 		.4byte	0x0
 698              		.section	.debug_aranges,"",%progbits
 699 0000 3C000000 		.4byte	0x3c
 700 0004 0200     		.2byte	0x2
 701 0006 00000000 		.4byte	.Ldebug_info0
 702 000a 04       		.byte	0x4
 703 000b 00       		.byte	0x0
 704 000c 0000     		.2byte	0x0
 705 000e 0000     		.2byte	0x0
 706 0010 00000000 		.4byte	.LFB0
 707 0014 4C000000 		.4byte	.LFE0-.LFB0
 708 0018 00000000 		.4byte	.LFB1
 709 001c 30000000 		.4byte	.LFE1-.LFB1
 710 0020 00000000 		.4byte	.LFB2
 711 0024 1C000000 		.4byte	.LFE2-.LFB2
 712 0028 00000000 		.4byte	.LFB3
 713 002c 1C000000 		.4byte	.LFE3-.LFB3
 714 0030 00000000 		.4byte	.LFB4
 715 0034 30000000 		.4byte	.LFE4-.LFB4
 716 0038 00000000 		.4byte	0x0
 717 003c 00000000 		.4byte	0x0
 718              		.section	.debug_ranges,"",%progbits
 719              	.Ldebug_ranges0:
 720 0000 00000000 		.4byte	.Ltext0
 721 0004 00000000 		.4byte	.Letext0
 722 0008 00000000 		.4byte	.LFB0
 723 000c 4C000000 		.4byte	.LFE0
 724 0010 00000000 		.4byte	.LFB1
 725 0014 30000000 		.4byte	.LFE1
 726 0018 00000000 		.4byte	.LFB2
 727 001c 1C000000 		.4byte	.LFE2
 728 0020 00000000 		.4byte	.LFB3
 729 0024 1C000000 		.4byte	.LFE3
 730 0028 00000000 		.4byte	.LFB4
 731 002c 30000000 		.4byte	.LFE4
 732 0030 00000000 		.4byte	0x0
 733 0034 00000000 		.4byte	0x0
 734              		.section	.debug_str,"MS",%progbits,1
 735              	.LASF6:
 736 0000 6C6F6E67 		.ascii	"long long int\000"
 736      206C6F6E 
 736      6720696E 
 736      7400
 737              	.LASF14:
 738 000e 76616C75 		.ascii	"value\000"
 738      6500
 739              	.LASF18:
 740 0014 4932434D 		.ascii	"I2CM_sda_ClearInterrupt\000"
 740      5F736461 
 740      5F436C65 
 740      6172496E 
 740      74657272 
 741              	.LASF9:
 742 002c 666C6F61 		.ascii	"float\000"
 742      7400
 743              	.LASF1:
 744 0032 756E7369 		.ascii	"unsigned char\000"
ARM GAS  C:\Users\srvs\AppData\Local\Temp\ccGEybiu.s 			page 17


 744      676E6564 
 744      20636861 
 744      7200
 745              	.LASF19:
 746 0040 64725661 		.ascii	"drVal\000"
 746      6C00
 747              	.LASF5:
 748 0046 6C6F6E67 		.ascii	"long unsigned int\000"
 748      20756E73 
 748      69676E65 
 748      6420696E 
 748      7400
 749              	.LASF3:
 750 0058 73686F72 		.ascii	"short unsigned int\000"
 750      7420756E 
 750      7369676E 
 750      65642069 
 750      6E7400
 751              	.LASF10:
 752 006b 646F7562 		.ascii	"double\000"
 752      6C6500
 753              	.LASF8:
 754 0072 756E7369 		.ascii	"unsigned int\000"
 754      676E6564 
 754      20696E74 
 754      00
 755              	.LASF7:
 756 007f 6C6F6E67 		.ascii	"long long unsigned int\000"
 756      206C6F6E 
 756      6720756E 
 756      7369676E 
 756      65642069 
 757              	.LASF22:
 758 0096 2E5C4765 		.ascii	".\\Generated_Source\\PSoC4\\I2CM_sda.c\000"
 758      6E657261 
 758      7465645F 
 758      536F7572 
 758      63655C50 
 759              	.LASF23:
 760 00ba 433A5C6D 		.ascii	"C:\\myProjects\\Hobby\\100_day_100_projects\\Mine\\"
 760      7950726F 
 760      6A656374 
 760      735C486F 
 760      6262795C 
 761 00e8 50536F43 		.ascii	"PSoC_Eye\\PSoC_Eye.cydsn\000"
 761      5F457965 
 761      5C50536F 
 761      435F4579 
 761      652E6379 
 762              	.LASF12:
 763 0100 4932434D 		.ascii	"I2CM_sda_Write\000"
 763      5F736461 
 763      5F577269 
 763      746500
 764              	.LASF15:
 765 010f 6D6F6465 		.ascii	"mode\000"
 765      00
ARM GAS  C:\Users\srvs\AppData\Local\Temp\ccGEybiu.s 			page 18


 766              	.LASF13:
 767 0114 4932434D 		.ascii	"I2CM_sda_SetDriveMode\000"
 767      5F736461 
 767      5F536574 
 767      44726976 
 767      654D6F64 
 768              	.LASF21:
 769 012a 474E5520 		.ascii	"GNU C 4.4.1\000"
 769      4320342E 
 769      342E3100 
 770              	.LASF20:
 771 0136 6D61736B 		.ascii	"maskedStatus\000"
 771      65645374 
 771      61747573 
 771      00
 772              	.LASF11:
 773 0143 63686172 		.ascii	"char\000"
 773      00
 774              	.LASF2:
 775 0148 73686F72 		.ascii	"short int\000"
 775      7420696E 
 775      7400
 776              	.LASF24:
 777 0152 75696E74 		.ascii	"uint8\000"
 777      3800
 778              	.LASF17:
 779 0158 4932434D 		.ascii	"I2CM_sda_ReadDataReg\000"
 779      5F736461 
 779      5F526561 
 779      64446174 
 779      61526567 
 780              	.LASF4:
 781 016d 6C6F6E67 		.ascii	"long int\000"
 781      20696E74 
 781      00
 782              	.LASF0:
 783 0176 7369676E 		.ascii	"signed char\000"
 783      65642063 
 783      68617200 
 784              	.LASF16:
 785 0182 4932434D 		.ascii	"I2CM_sda_Read\000"
 785      5F736461 
 785      5F526561 
 785      6400
 786              		.ident	"GCC: (Sourcery G++ Lite 2010q1-188) 4.4.1"
