ARM GAS  C:\Users\mitchell\AppData\Local\Temp\ccsSea5t.s 			page 1


   1              		.syntax unified
   2              		.cpu cortex-m3
   3              		.fpu softvfp
   4              		.eabi_attribute 20, 1
   5              		.eabi_attribute 21, 1
   6              		.eabi_attribute 23, 3
   7              		.eabi_attribute 24, 1
   8              		.eabi_attribute 25, 1
   9              		.eabi_attribute 26, 1
  10              		.eabi_attribute 30, 1
  11              		.eabi_attribute 34, 1
  12              		.eabi_attribute 18, 4
  13              		.thumb
  14              		.file	"APPS_ADC_SAR_PM.c"
  15              		.text
  16              	.Ltext0:
  17              		.cfi_sections	.debug_frame
  18              		.section	.text.APPS_ADC_SAR_SaveConfig,"ax",%progbits
  19              		.align	2
  20              		.global	APPS_ADC_SAR_SaveConfig
  21              		.thumb
  22              		.thumb_func
  23              		.type	APPS_ADC_SAR_SaveConfig, %function
  24              	APPS_ADC_SAR_SaveConfig:
  25              	.LFB0:
  26              		.file 1 ".\\Generated_Source\\PSoC5\\APPS_ADC_SAR_PM.c"
   1:.\Generated_Source\PSoC5/APPS_ADC_SAR_PM.c **** /*******************************************************************************
   2:.\Generated_Source\PSoC5/APPS_ADC_SAR_PM.c **** * File Name: APPS_ADC_SAR_PM.c
   3:.\Generated_Source\PSoC5/APPS_ADC_SAR_PM.c **** * Version 3.0
   4:.\Generated_Source\PSoC5/APPS_ADC_SAR_PM.c **** *
   5:.\Generated_Source\PSoC5/APPS_ADC_SAR_PM.c **** * Description:
   6:.\Generated_Source\PSoC5/APPS_ADC_SAR_PM.c **** *  This file provides Sleep/WakeUp APIs functionality.
   7:.\Generated_Source\PSoC5/APPS_ADC_SAR_PM.c **** *
   8:.\Generated_Source\PSoC5/APPS_ADC_SAR_PM.c **** * Note:
   9:.\Generated_Source\PSoC5/APPS_ADC_SAR_PM.c **** *
  10:.\Generated_Source\PSoC5/APPS_ADC_SAR_PM.c **** ********************************************************************************
  11:.\Generated_Source\PSoC5/APPS_ADC_SAR_PM.c **** * Copyright 2008-2015, Cypress Semiconductor Corporation.  All rights reserved.
  12:.\Generated_Source\PSoC5/APPS_ADC_SAR_PM.c **** * You may use this file only in accordance with the license, terms, conditions,
  13:.\Generated_Source\PSoC5/APPS_ADC_SAR_PM.c **** * disclaimers, and limitations in the end user license agreement accompanying
  14:.\Generated_Source\PSoC5/APPS_ADC_SAR_PM.c **** * the software package with which this file was provided.
  15:.\Generated_Source\PSoC5/APPS_ADC_SAR_PM.c **** *******************************************************************************/
  16:.\Generated_Source\PSoC5/APPS_ADC_SAR_PM.c **** 
  17:.\Generated_Source\PSoC5/APPS_ADC_SAR_PM.c **** #include "APPS_ADC_SAR.h"
  18:.\Generated_Source\PSoC5/APPS_ADC_SAR_PM.c **** 
  19:.\Generated_Source\PSoC5/APPS_ADC_SAR_PM.c **** 
  20:.\Generated_Source\PSoC5/APPS_ADC_SAR_PM.c **** /***************************************
  21:.\Generated_Source\PSoC5/APPS_ADC_SAR_PM.c **** * Local data allocation
  22:.\Generated_Source\PSoC5/APPS_ADC_SAR_PM.c **** ***************************************/
  23:.\Generated_Source\PSoC5/APPS_ADC_SAR_PM.c **** 
  24:.\Generated_Source\PSoC5/APPS_ADC_SAR_PM.c **** static APPS_ADC_SAR_BACKUP_STRUCT  APPS_ADC_SAR_backup =
  25:.\Generated_Source\PSoC5/APPS_ADC_SAR_PM.c **** {
  26:.\Generated_Source\PSoC5/APPS_ADC_SAR_PM.c ****     APPS_ADC_SAR_DISABLED
  27:.\Generated_Source\PSoC5/APPS_ADC_SAR_PM.c **** };
  28:.\Generated_Source\PSoC5/APPS_ADC_SAR_PM.c **** 
  29:.\Generated_Source\PSoC5/APPS_ADC_SAR_PM.c **** 
  30:.\Generated_Source\PSoC5/APPS_ADC_SAR_PM.c **** /*******************************************************************************
  31:.\Generated_Source\PSoC5/APPS_ADC_SAR_PM.c **** * Function Name: APPS_ADC_SAR_SaveConfig
ARM GAS  C:\Users\mitchell\AppData\Local\Temp\ccsSea5t.s 			page 2


  32:.\Generated_Source\PSoC5/APPS_ADC_SAR_PM.c **** ********************************************************************************
  33:.\Generated_Source\PSoC5/APPS_ADC_SAR_PM.c **** *
  34:.\Generated_Source\PSoC5/APPS_ADC_SAR_PM.c **** * Summary:
  35:.\Generated_Source\PSoC5/APPS_ADC_SAR_PM.c **** *  Saves the current user configuration.
  36:.\Generated_Source\PSoC5/APPS_ADC_SAR_PM.c **** *
  37:.\Generated_Source\PSoC5/APPS_ADC_SAR_PM.c **** * Parameters:
  38:.\Generated_Source\PSoC5/APPS_ADC_SAR_PM.c **** *  None.
  39:.\Generated_Source\PSoC5/APPS_ADC_SAR_PM.c **** *
  40:.\Generated_Source\PSoC5/APPS_ADC_SAR_PM.c **** * Return:
  41:.\Generated_Source\PSoC5/APPS_ADC_SAR_PM.c **** *  None.
  42:.\Generated_Source\PSoC5/APPS_ADC_SAR_PM.c **** *
  43:.\Generated_Source\PSoC5/APPS_ADC_SAR_PM.c **** *******************************************************************************/
  44:.\Generated_Source\PSoC5/APPS_ADC_SAR_PM.c **** void APPS_ADC_SAR_SaveConfig(void)
  45:.\Generated_Source\PSoC5/APPS_ADC_SAR_PM.c **** {
  27              		.loc 1 45 0
  28              		.cfi_startproc
  29              		@ args = 0, pretend = 0, frame = 0
  30              		@ frame_needed = 0, uses_anonymous_args = 0
  31              		@ link register save eliminated.
  32 0000 7047     		bx	lr
  33              		.cfi_endproc
  34              	.LFE0:
  35              		.size	APPS_ADC_SAR_SaveConfig, .-APPS_ADC_SAR_SaveConfig
  36 0002 00BF     		.section	.text.APPS_ADC_SAR_RestoreConfig,"ax",%progbits
  37              		.align	2
  38              		.global	APPS_ADC_SAR_RestoreConfig
  39              		.thumb
  40              		.thumb_func
  41              		.type	APPS_ADC_SAR_RestoreConfig, %function
  42              	APPS_ADC_SAR_RestoreConfig:
  43              	.LFB1:
  46:.\Generated_Source\PSoC5/APPS_ADC_SAR_PM.c ****     /* All configuration registers are marked as [reset_all_retention] */
  47:.\Generated_Source\PSoC5/APPS_ADC_SAR_PM.c **** }
  48:.\Generated_Source\PSoC5/APPS_ADC_SAR_PM.c **** 
  49:.\Generated_Source\PSoC5/APPS_ADC_SAR_PM.c **** 
  50:.\Generated_Source\PSoC5/APPS_ADC_SAR_PM.c **** /*******************************************************************************
  51:.\Generated_Source\PSoC5/APPS_ADC_SAR_PM.c **** * Function Name: APPS_ADC_SAR_RestoreConfig
  52:.\Generated_Source\PSoC5/APPS_ADC_SAR_PM.c **** ********************************************************************************
  53:.\Generated_Source\PSoC5/APPS_ADC_SAR_PM.c **** *
  54:.\Generated_Source\PSoC5/APPS_ADC_SAR_PM.c **** * Summary:
  55:.\Generated_Source\PSoC5/APPS_ADC_SAR_PM.c **** *  Restores the current user configuration.
  56:.\Generated_Source\PSoC5/APPS_ADC_SAR_PM.c **** *
  57:.\Generated_Source\PSoC5/APPS_ADC_SAR_PM.c **** * Parameters:
  58:.\Generated_Source\PSoC5/APPS_ADC_SAR_PM.c **** *  None.
  59:.\Generated_Source\PSoC5/APPS_ADC_SAR_PM.c **** *
  60:.\Generated_Source\PSoC5/APPS_ADC_SAR_PM.c **** * Return:
  61:.\Generated_Source\PSoC5/APPS_ADC_SAR_PM.c **** *  None.
  62:.\Generated_Source\PSoC5/APPS_ADC_SAR_PM.c **** *
  63:.\Generated_Source\PSoC5/APPS_ADC_SAR_PM.c **** *******************************************************************************/
  64:.\Generated_Source\PSoC5/APPS_ADC_SAR_PM.c **** void APPS_ADC_SAR_RestoreConfig(void)
  65:.\Generated_Source\PSoC5/APPS_ADC_SAR_PM.c **** {
  44              		.loc 1 65 0
  45              		.cfi_startproc
  46              		@ args = 0, pretend = 0, frame = 0
  47              		@ frame_needed = 0, uses_anonymous_args = 0
  48              		@ link register save eliminated.
  49 0000 7047     		bx	lr
ARM GAS  C:\Users\mitchell\AppData\Local\Temp\ccsSea5t.s 			page 3


  50              		.cfi_endproc
  51              	.LFE1:
  52              		.size	APPS_ADC_SAR_RestoreConfig, .-APPS_ADC_SAR_RestoreConfig
  53 0002 00BF     		.section	.text.APPS_ADC_SAR_Sleep,"ax",%progbits
  54              		.align	2
  55              		.global	APPS_ADC_SAR_Sleep
  56              		.thumb
  57              		.thumb_func
  58              		.type	APPS_ADC_SAR_Sleep, %function
  59              	APPS_ADC_SAR_Sleep:
  60              	.LFB2:
  66:.\Generated_Source\PSoC5/APPS_ADC_SAR_PM.c ****     /* All congiguration registers are marked as [reset_all_retention] */
  67:.\Generated_Source\PSoC5/APPS_ADC_SAR_PM.c **** }
  68:.\Generated_Source\PSoC5/APPS_ADC_SAR_PM.c **** 
  69:.\Generated_Source\PSoC5/APPS_ADC_SAR_PM.c **** 
  70:.\Generated_Source\PSoC5/APPS_ADC_SAR_PM.c **** /*******************************************************************************
  71:.\Generated_Source\PSoC5/APPS_ADC_SAR_PM.c **** * Function Name: APPS_ADC_SAR_Sleep
  72:.\Generated_Source\PSoC5/APPS_ADC_SAR_PM.c **** ********************************************************************************
  73:.\Generated_Source\PSoC5/APPS_ADC_SAR_PM.c **** *
  74:.\Generated_Source\PSoC5/APPS_ADC_SAR_PM.c **** * Summary:
  75:.\Generated_Source\PSoC5/APPS_ADC_SAR_PM.c **** *  This is the preferred routine to prepare the component for sleep.
  76:.\Generated_Source\PSoC5/APPS_ADC_SAR_PM.c **** *  The APPS_ADC_SAR_Sleep() routine saves the current component state,
  77:.\Generated_Source\PSoC5/APPS_ADC_SAR_PM.c **** *  then it calls the ADC_Stop() function.
  78:.\Generated_Source\PSoC5/APPS_ADC_SAR_PM.c **** *
  79:.\Generated_Source\PSoC5/APPS_ADC_SAR_PM.c **** * Parameters:
  80:.\Generated_Source\PSoC5/APPS_ADC_SAR_PM.c **** *  None.
  81:.\Generated_Source\PSoC5/APPS_ADC_SAR_PM.c **** *
  82:.\Generated_Source\PSoC5/APPS_ADC_SAR_PM.c **** * Return:
  83:.\Generated_Source\PSoC5/APPS_ADC_SAR_PM.c **** *  None.
  84:.\Generated_Source\PSoC5/APPS_ADC_SAR_PM.c **** *
  85:.\Generated_Source\PSoC5/APPS_ADC_SAR_PM.c **** * Global Variables:
  86:.\Generated_Source\PSoC5/APPS_ADC_SAR_PM.c **** *  APPS_ADC_SAR_backup - The structure field 'enableState' is modified
  87:.\Generated_Source\PSoC5/APPS_ADC_SAR_PM.c **** *  depending on the enable state of the block before entering to sleep mode.
  88:.\Generated_Source\PSoC5/APPS_ADC_SAR_PM.c **** *
  89:.\Generated_Source\PSoC5/APPS_ADC_SAR_PM.c **** *******************************************************************************/
  90:.\Generated_Source\PSoC5/APPS_ADC_SAR_PM.c **** void APPS_ADC_SAR_Sleep(void)
  91:.\Generated_Source\PSoC5/APPS_ADC_SAR_PM.c **** {
  61              		.loc 1 91 0
  62              		.cfi_startproc
  63              		@ args = 0, pretend = 0, frame = 0
  64              		@ frame_needed = 0, uses_anonymous_args = 0
  65              		.loc 1 91 0
  66 0000 08B5     		push	{r3, lr}
  67              		.cfi_def_cfa_offset 8
  68              		.cfi_offset 3, -8
  69              		.cfi_offset 14, -4
  92:.\Generated_Source\PSoC5/APPS_ADC_SAR_PM.c ****     if((APPS_ADC_SAR_PWRMGR_SAR_REG  & APPS_ADC_SAR_ACT_PWR_SAR_EN) != 0u)
  70              		.loc 1 92 0
  71 0002 0C4B     		ldr	r3, .L8
  72 0004 1B78     		ldrb	r3, [r3]	@ zero_extendqisi2
  73 0006 13F0010F 		tst	r3, #1
  74 000a 0ED0     		beq	.L4
  93:.\Generated_Source\PSoC5/APPS_ADC_SAR_PM.c ****     {
  94:.\Generated_Source\PSoC5/APPS_ADC_SAR_PM.c ****         if((APPS_ADC_SAR_SAR_CSR0_REG & APPS_ADC_SAR_SAR_SOF_START_CONV) != 0u)
  75              		.loc 1 94 0
  76 000c 0A4B     		ldr	r3, .L8+4
  77 000e 1B78     		ldrb	r3, [r3]	@ zero_extendqisi2
ARM GAS  C:\Users\mitchell\AppData\Local\Temp\ccsSea5t.s 			page 4


  78 0010 13F0010F 		tst	r3, #1
  79 0014 03D0     		beq	.L5
  95:.\Generated_Source\PSoC5/APPS_ADC_SAR_PM.c ****         {
  96:.\Generated_Source\PSoC5/APPS_ADC_SAR_PM.c ****             APPS_ADC_SAR_backup.enableState = APPS_ADC_SAR_ENABLED | APPS_ADC_SAR_STARTED;
  80              		.loc 1 96 0
  81 0016 0322     		movs	r2, #3
  82 0018 084B     		ldr	r3, .L8+8
  83 001a 1A70     		strb	r2, [r3]
  84 001c 02E0     		b	.L6
  85              	.L5:
  97:.\Generated_Source\PSoC5/APPS_ADC_SAR_PM.c ****         }
  98:.\Generated_Source\PSoC5/APPS_ADC_SAR_PM.c ****         else
  99:.\Generated_Source\PSoC5/APPS_ADC_SAR_PM.c ****         {
 100:.\Generated_Source\PSoC5/APPS_ADC_SAR_PM.c ****             APPS_ADC_SAR_backup.enableState = APPS_ADC_SAR_ENABLED;
  86              		.loc 1 100 0
  87 001e 0122     		movs	r2, #1
  88 0020 064B     		ldr	r3, .L8+8
  89 0022 1A70     		strb	r2, [r3]
  90              	.L6:
 101:.\Generated_Source\PSoC5/APPS_ADC_SAR_PM.c ****         }
 102:.\Generated_Source\PSoC5/APPS_ADC_SAR_PM.c ****         APPS_ADC_SAR_Stop();
  91              		.loc 1 102 0 discriminator 1
  92 0024 FFF7FEFF 		bl	APPS_ADC_SAR_Stop
  93              	.LVL0:
  94 0028 08BD     		pop	{r3, pc}
  95              	.L4:
 103:.\Generated_Source\PSoC5/APPS_ADC_SAR_PM.c ****     }
 104:.\Generated_Source\PSoC5/APPS_ADC_SAR_PM.c ****     else
 105:.\Generated_Source\PSoC5/APPS_ADC_SAR_PM.c ****     {
 106:.\Generated_Source\PSoC5/APPS_ADC_SAR_PM.c ****         APPS_ADC_SAR_backup.enableState = APPS_ADC_SAR_DISABLED;
  96              		.loc 1 106 0
  97 002a 0022     		movs	r2, #0
  98 002c 034B     		ldr	r3, .L8+8
  99 002e 1A70     		strb	r2, [r3]
 100 0030 08BD     		pop	{r3, pc}
 101              	.L9:
 102 0032 00BF     		.align	2
 103              	.L8:
 104 0034 AB430040 		.word	1073759147
 105 0038 00590040 		.word	1073764608
 106 003c 00000000 		.word	.LANCHOR0
 107              		.cfi_endproc
 108              	.LFE2:
 109              		.size	APPS_ADC_SAR_Sleep, .-APPS_ADC_SAR_Sleep
 110              		.section	.text.APPS_ADC_SAR_Wakeup,"ax",%progbits
 111              		.align	2
 112              		.global	APPS_ADC_SAR_Wakeup
 113              		.thumb
 114              		.thumb_func
 115              		.type	APPS_ADC_SAR_Wakeup, %function
 116              	APPS_ADC_SAR_Wakeup:
 117              	.LFB3:
 107:.\Generated_Source\PSoC5/APPS_ADC_SAR_PM.c ****     }
 108:.\Generated_Source\PSoC5/APPS_ADC_SAR_PM.c **** }
 109:.\Generated_Source\PSoC5/APPS_ADC_SAR_PM.c **** 
 110:.\Generated_Source\PSoC5/APPS_ADC_SAR_PM.c **** 
 111:.\Generated_Source\PSoC5/APPS_ADC_SAR_PM.c **** /*******************************************************************************
ARM GAS  C:\Users\mitchell\AppData\Local\Temp\ccsSea5t.s 			page 5


 112:.\Generated_Source\PSoC5/APPS_ADC_SAR_PM.c **** * Function Name: APPS_ADC_SAR_Wakeup
 113:.\Generated_Source\PSoC5/APPS_ADC_SAR_PM.c **** ********************************************************************************
 114:.\Generated_Source\PSoC5/APPS_ADC_SAR_PM.c **** *
 115:.\Generated_Source\PSoC5/APPS_ADC_SAR_PM.c **** * Summary:
 116:.\Generated_Source\PSoC5/APPS_ADC_SAR_PM.c **** *  This is the preferred routine to restore the component to the state when
 117:.\Generated_Source\PSoC5/APPS_ADC_SAR_PM.c **** *  APPS_ADC_SAR_Sleep() was called. If the component was enabled before the
 118:.\Generated_Source\PSoC5/APPS_ADC_SAR_PM.c **** *  APPS_ADC_SAR_Sleep() function was called, the
 119:.\Generated_Source\PSoC5/APPS_ADC_SAR_PM.c **** *  APPS_ADC_SAR_Wakeup() function also re-enables the component.
 120:.\Generated_Source\PSoC5/APPS_ADC_SAR_PM.c **** *
 121:.\Generated_Source\PSoC5/APPS_ADC_SAR_PM.c **** * Parameters:
 122:.\Generated_Source\PSoC5/APPS_ADC_SAR_PM.c **** *  None.
 123:.\Generated_Source\PSoC5/APPS_ADC_SAR_PM.c **** *
 124:.\Generated_Source\PSoC5/APPS_ADC_SAR_PM.c **** * Return:
 125:.\Generated_Source\PSoC5/APPS_ADC_SAR_PM.c **** *  None.
 126:.\Generated_Source\PSoC5/APPS_ADC_SAR_PM.c **** *
 127:.\Generated_Source\PSoC5/APPS_ADC_SAR_PM.c **** * Global Variables:
 128:.\Generated_Source\PSoC5/APPS_ADC_SAR_PM.c **** *  APPS_ADC_SAR_backup - The structure field 'enableState' is used to
 129:.\Generated_Source\PSoC5/APPS_ADC_SAR_PM.c **** *  restore the enable state of block after wakeup from sleep mode.
 130:.\Generated_Source\PSoC5/APPS_ADC_SAR_PM.c **** *
 131:.\Generated_Source\PSoC5/APPS_ADC_SAR_PM.c **** *******************************************************************************/
 132:.\Generated_Source\PSoC5/APPS_ADC_SAR_PM.c **** void APPS_ADC_SAR_Wakeup(void)
 133:.\Generated_Source\PSoC5/APPS_ADC_SAR_PM.c **** {
 118              		.loc 1 133 0
 119              		.cfi_startproc
 120              		@ args = 0, pretend = 0, frame = 0
 121              		@ frame_needed = 0, uses_anonymous_args = 0
 122 0000 08B5     		push	{r3, lr}
 123              		.cfi_def_cfa_offset 8
 124              		.cfi_offset 3, -8
 125              		.cfi_offset 14, -4
 134:.\Generated_Source\PSoC5/APPS_ADC_SAR_PM.c ****     if(APPS_ADC_SAR_backup.enableState != APPS_ADC_SAR_DISABLED)
 126              		.loc 1 134 0
 127 0002 064B     		ldr	r3, .L12
 128 0004 1B78     		ldrb	r3, [r3]	@ zero_extendqisi2
 129 0006 43B1     		cbz	r3, .L10
 135:.\Generated_Source\PSoC5/APPS_ADC_SAR_PM.c ****     {
 136:.\Generated_Source\PSoC5/APPS_ADC_SAR_PM.c ****         APPS_ADC_SAR_Enable();
 130              		.loc 1 136 0
 131 0008 FFF7FEFF 		bl	APPS_ADC_SAR_Enable
 132              	.LVL1:
 137:.\Generated_Source\PSoC5/APPS_ADC_SAR_PM.c ****         #if(APPS_ADC_SAR_DEFAULT_CONV_MODE != APPS_ADC_SAR__HARDWARE_TRIGGER)
 138:.\Generated_Source\PSoC5/APPS_ADC_SAR_PM.c ****             if((APPS_ADC_SAR_backup.enableState & APPS_ADC_SAR_STARTED) != 0u)
 133              		.loc 1 138 0
 134 000c 034B     		ldr	r3, .L12
 135 000e 1B78     		ldrb	r3, [r3]	@ zero_extendqisi2
 136 0010 13F0020F 		tst	r3, #2
 137 0014 01D0     		beq	.L10
 139:.\Generated_Source\PSoC5/APPS_ADC_SAR_PM.c ****             {
 140:.\Generated_Source\PSoC5/APPS_ADC_SAR_PM.c ****                 APPS_ADC_SAR_StartConvert();
 138              		.loc 1 140 0
 139 0016 FFF7FEFF 		bl	APPS_ADC_SAR_StartConvert
 140              	.LVL2:
 141              	.L10:
 142 001a 08BD     		pop	{r3, pc}
 143              	.L13:
 144              		.align	2
 145              	.L12:
ARM GAS  C:\Users\mitchell\AppData\Local\Temp\ccsSea5t.s 			page 6


 146 001c 00000000 		.word	.LANCHOR0
 147              		.cfi_endproc
 148              	.LFE3:
 149              		.size	APPS_ADC_SAR_Wakeup, .-APPS_ADC_SAR_Wakeup
 150              		.bss
 151              		.align	2
 152              		.set	.LANCHOR0,. + 0
 153              		.type	APPS_ADC_SAR_backup, %object
 154              		.size	APPS_ADC_SAR_backup, 1
 155              	APPS_ADC_SAR_backup:
 156 0000 00       		.space	1
 157 0001 000000   		.text
 158              	.Letext0:
 159              		.file 2 ".\\Generated_Source\\PSoC5\\cytypes.h"
 160              		.file 3 ".\\Generated_Source\\PSoC5\\APPS_ADC_SAR.h"
 161              		.section	.debug_info,"",%progbits
 162              	.Ldebug_info0:
 163 0000 48010000 		.4byte	0x148
 164 0004 0400     		.2byte	0x4
 165 0006 00000000 		.4byte	.Ldebug_abbrev0
 166 000a 04       		.byte	0x4
 167 000b 01       		.uleb128 0x1
 168 000c 30010000 		.4byte	.LASF22
 169 0010 01       		.byte	0x1
 170 0011 00000000 		.4byte	.LASF23
 171 0015 BA010000 		.4byte	.LASF24
 172 0019 00000000 		.4byte	.Ldebug_ranges0+0
 173 001d 00000000 		.4byte	0
 174 0021 00000000 		.4byte	.Ldebug_line0
 175 0025 02       		.uleb128 0x2
 176 0026 01       		.byte	0x1
 177 0027 06       		.byte	0x6
 178 0028 41020000 		.4byte	.LASF0
 179 002c 02       		.uleb128 0x2
 180 002d 01       		.byte	0x1
 181 002e 08       		.byte	0x8
 182 002f 8B000000 		.4byte	.LASF1
 183 0033 02       		.uleb128 0x2
 184 0034 02       		.byte	0x2
 185 0035 05       		.byte	0x5
 186 0036 1C020000 		.4byte	.LASF2
 187 003a 02       		.uleb128 0x2
 188 003b 02       		.byte	0x2
 189 003c 07       		.byte	0x7
 190 003d B0000000 		.4byte	.LASF3
 191 0041 02       		.uleb128 0x2
 192 0042 04       		.byte	0x4
 193 0043 05       		.byte	0x5
 194 0044 2C020000 		.4byte	.LASF4
 195 0048 02       		.uleb128 0x2
 196 0049 04       		.byte	0x4
 197 004a 07       		.byte	0x7
 198 004b 9E000000 		.4byte	.LASF5
 199 004f 02       		.uleb128 0x2
 200 0050 08       		.byte	0x8
 201 0051 05       		.byte	0x5
 202 0052 AC010000 		.4byte	.LASF6
ARM GAS  C:\Users\mitchell\AppData\Local\Temp\ccsSea5t.s 			page 7


 203 0056 02       		.uleb128 0x2
 204 0057 08       		.byte	0x8
 205 0058 07       		.byte	0x7
 206 0059 19010000 		.4byte	.LASF7
 207 005d 03       		.uleb128 0x3
 208 005e 04       		.byte	0x4
 209 005f 05       		.byte	0x5
 210 0060 696E7400 		.ascii	"int\000"
 211 0064 02       		.uleb128 0x2
 212 0065 04       		.byte	0x4
 213 0066 07       		.byte	0x7
 214 0067 0C010000 		.4byte	.LASF8
 215 006b 04       		.uleb128 0x4
 216 006c 26020000 		.4byte	.LASF12
 217 0070 02       		.byte	0x2
 218 0071 B4       		.byte	0xb4
 219 0072 2C000000 		.4byte	0x2c
 220 0076 02       		.uleb128 0x2
 221 0077 04       		.byte	0x4
 222 0078 04       		.byte	0x4
 223 0079 6B000000 		.4byte	.LASF9
 224 007d 02       		.uleb128 0x2
 225 007e 08       		.byte	0x8
 226 007f 04       		.byte	0x4
 227 0080 EA000000 		.4byte	.LASF10
 228 0084 02       		.uleb128 0x2
 229 0085 01       		.byte	0x1
 230 0086 08       		.byte	0x8
 231 0087 17020000 		.4byte	.LASF11
 232 008b 05       		.uleb128 0x5
 233 008c 99000000 		.4byte	.LASF13
 234 0090 02       		.byte	0x2
 235 0091 5E01     		.2byte	0x15e
 236 0093 97000000 		.4byte	0x97
 237 0097 06       		.uleb128 0x6
 238 0098 6B000000 		.4byte	0x6b
 239 009c 07       		.uleb128 0x7
 240 009d 01       		.byte	0x1
 241 009e 03       		.byte	0x3
 242 009f 2A       		.byte	0x2a
 243 00a0 B1000000 		.4byte	0xb1
 244 00a4 08       		.uleb128 0x8
 245 00a5 35020000 		.4byte	.LASF25
 246 00a9 03       		.byte	0x3
 247 00aa 2C       		.byte	0x2c
 248 00ab 6B000000 		.4byte	0x6b
 249 00af 00       		.byte	0
 250 00b0 00       		.byte	0
 251 00b1 04       		.uleb128 0x4
 252 00b2 5F020000 		.4byte	.LASF14
 253 00b6 03       		.byte	0x3
 254 00b7 2D       		.byte	0x2d
 255 00b8 9C000000 		.4byte	0x9c
 256 00bc 09       		.uleb128 0x9
 257 00bd 2B000000 		.4byte	.LASF15
 258 00c1 01       		.byte	0x1
 259 00c2 2C       		.byte	0x2c
ARM GAS  C:\Users\mitchell\AppData\Local\Temp\ccsSea5t.s 			page 8


 260 00c3 00000000 		.4byte	.LFB0
 261 00c7 02000000 		.4byte	.LFE0-.LFB0
 262 00cb 01       		.uleb128 0x1
 263 00cc 9C       		.byte	0x9c
 264 00cd 09       		.uleb128 0x9
 265 00ce F1000000 		.4byte	.LASF16
 266 00d2 01       		.byte	0x1
 267 00d3 40       		.byte	0x40
 268 00d4 00000000 		.4byte	.LFB1
 269 00d8 02000000 		.4byte	.LFE1-.LFB1
 270 00dc 01       		.uleb128 0x1
 271 00dd 9C       		.byte	0x9c
 272 00de 0A       		.uleb128 0xa
 273 00df C3000000 		.4byte	.LASF17
 274 00e3 01       		.byte	0x1
 275 00e4 5A       		.byte	0x5a
 276 00e5 00000000 		.4byte	.LFB2
 277 00e9 40000000 		.4byte	.LFE2-.LFB2
 278 00ed 01       		.uleb128 0x1
 279 00ee 9C       		.byte	0x9c
 280 00ef FD000000 		.4byte	0xfd
 281 00f3 0B       		.uleb128 0xb
 282 00f4 28000000 		.4byte	.LVL0
 283 00f8 36010000 		.4byte	0x136
 284 00fc 00       		.byte	0
 285 00fd 0A       		.uleb128 0xa
 286 00fe D6000000 		.4byte	.LASF18
 287 0102 01       		.byte	0x1
 288 0103 84       		.byte	0x84
 289 0104 00000000 		.4byte	.LFB3
 290 0108 20000000 		.4byte	.LFE3-.LFB3
 291 010c 01       		.uleb128 0x1
 292 010d 9C       		.byte	0x9c
 293 010e 25010000 		.4byte	0x125
 294 0112 0B       		.uleb128 0xb
 295 0113 0C000000 		.4byte	.LVL1
 296 0117 3D010000 		.4byte	0x13d
 297 011b 0B       		.uleb128 0xb
 298 011c 1A000000 		.4byte	.LVL2
 299 0120 44010000 		.4byte	0x144
 300 0124 00       		.byte	0
 301 0125 0C       		.uleb128 0xc
 302 0126 43000000 		.4byte	.LASF26
 303 012a 01       		.byte	0x1
 304 012b 18       		.byte	0x18
 305 012c B1000000 		.4byte	0xb1
 306 0130 05       		.uleb128 0x5
 307 0131 03       		.byte	0x3
 308 0132 00000000 		.4byte	APPS_ADC_SAR_backup
 309 0136 0D       		.uleb128 0xd
 310 0137 4D020000 		.4byte	.LASF19
 311 013b 03       		.byte	0x3
 312 013c 35       		.byte	0x35
 313 013d 0D       		.uleb128 0xd
 314 013e 57000000 		.4byte	.LASF20
 315 0142 03       		.byte	0x3
 316 0143 44       		.byte	0x44
ARM GAS  C:\Users\mitchell\AppData\Local\Temp\ccsSea5t.s 			page 9


 317 0144 0D       		.uleb128 0xd
 318 0145 71000000 		.4byte	.LASF21
 319 0149 03       		.byte	0x3
 320 014a D1       		.byte	0xd1
 321 014b 00       		.byte	0
 322              		.section	.debug_abbrev,"",%progbits
 323              	.Ldebug_abbrev0:
 324 0000 01       		.uleb128 0x1
 325 0001 11       		.uleb128 0x11
 326 0002 01       		.byte	0x1
 327 0003 25       		.uleb128 0x25
 328 0004 0E       		.uleb128 0xe
 329 0005 13       		.uleb128 0x13
 330 0006 0B       		.uleb128 0xb
 331 0007 03       		.uleb128 0x3
 332 0008 0E       		.uleb128 0xe
 333 0009 1B       		.uleb128 0x1b
 334 000a 0E       		.uleb128 0xe
 335 000b 55       		.uleb128 0x55
 336 000c 17       		.uleb128 0x17
 337 000d 11       		.uleb128 0x11
 338 000e 01       		.uleb128 0x1
 339 000f 10       		.uleb128 0x10
 340 0010 17       		.uleb128 0x17
 341 0011 00       		.byte	0
 342 0012 00       		.byte	0
 343 0013 02       		.uleb128 0x2
 344 0014 24       		.uleb128 0x24
 345 0015 00       		.byte	0
 346 0016 0B       		.uleb128 0xb
 347 0017 0B       		.uleb128 0xb
 348 0018 3E       		.uleb128 0x3e
 349 0019 0B       		.uleb128 0xb
 350 001a 03       		.uleb128 0x3
 351 001b 0E       		.uleb128 0xe
 352 001c 00       		.byte	0
 353 001d 00       		.byte	0
 354 001e 03       		.uleb128 0x3
 355 001f 24       		.uleb128 0x24
 356 0020 00       		.byte	0
 357 0021 0B       		.uleb128 0xb
 358 0022 0B       		.uleb128 0xb
 359 0023 3E       		.uleb128 0x3e
 360 0024 0B       		.uleb128 0xb
 361 0025 03       		.uleb128 0x3
 362 0026 08       		.uleb128 0x8
 363 0027 00       		.byte	0
 364 0028 00       		.byte	0
 365 0029 04       		.uleb128 0x4
 366 002a 16       		.uleb128 0x16
 367 002b 00       		.byte	0
 368 002c 03       		.uleb128 0x3
 369 002d 0E       		.uleb128 0xe
 370 002e 3A       		.uleb128 0x3a
 371 002f 0B       		.uleb128 0xb
 372 0030 3B       		.uleb128 0x3b
 373 0031 0B       		.uleb128 0xb
ARM GAS  C:\Users\mitchell\AppData\Local\Temp\ccsSea5t.s 			page 10


 374 0032 49       		.uleb128 0x49
 375 0033 13       		.uleb128 0x13
 376 0034 00       		.byte	0
 377 0035 00       		.byte	0
 378 0036 05       		.uleb128 0x5
 379 0037 16       		.uleb128 0x16
 380 0038 00       		.byte	0
 381 0039 03       		.uleb128 0x3
 382 003a 0E       		.uleb128 0xe
 383 003b 3A       		.uleb128 0x3a
 384 003c 0B       		.uleb128 0xb
 385 003d 3B       		.uleb128 0x3b
 386 003e 05       		.uleb128 0x5
 387 003f 49       		.uleb128 0x49
 388 0040 13       		.uleb128 0x13
 389 0041 00       		.byte	0
 390 0042 00       		.byte	0
 391 0043 06       		.uleb128 0x6
 392 0044 35       		.uleb128 0x35
 393 0045 00       		.byte	0
 394 0046 49       		.uleb128 0x49
 395 0047 13       		.uleb128 0x13
 396 0048 00       		.byte	0
 397 0049 00       		.byte	0
 398 004a 07       		.uleb128 0x7
 399 004b 13       		.uleb128 0x13
 400 004c 01       		.byte	0x1
 401 004d 0B       		.uleb128 0xb
 402 004e 0B       		.uleb128 0xb
 403 004f 3A       		.uleb128 0x3a
 404 0050 0B       		.uleb128 0xb
 405 0051 3B       		.uleb128 0x3b
 406 0052 0B       		.uleb128 0xb
 407 0053 01       		.uleb128 0x1
 408 0054 13       		.uleb128 0x13
 409 0055 00       		.byte	0
 410 0056 00       		.byte	0
 411 0057 08       		.uleb128 0x8
 412 0058 0D       		.uleb128 0xd
 413 0059 00       		.byte	0
 414 005a 03       		.uleb128 0x3
 415 005b 0E       		.uleb128 0xe
 416 005c 3A       		.uleb128 0x3a
 417 005d 0B       		.uleb128 0xb
 418 005e 3B       		.uleb128 0x3b
 419 005f 0B       		.uleb128 0xb
 420 0060 49       		.uleb128 0x49
 421 0061 13       		.uleb128 0x13
 422 0062 38       		.uleb128 0x38
 423 0063 0B       		.uleb128 0xb
 424 0064 00       		.byte	0
 425 0065 00       		.byte	0
 426 0066 09       		.uleb128 0x9
 427 0067 2E       		.uleb128 0x2e
 428 0068 00       		.byte	0
 429 0069 3F       		.uleb128 0x3f
 430 006a 19       		.uleb128 0x19
ARM GAS  C:\Users\mitchell\AppData\Local\Temp\ccsSea5t.s 			page 11


 431 006b 03       		.uleb128 0x3
 432 006c 0E       		.uleb128 0xe
 433 006d 3A       		.uleb128 0x3a
 434 006e 0B       		.uleb128 0xb
 435 006f 3B       		.uleb128 0x3b
 436 0070 0B       		.uleb128 0xb
 437 0071 27       		.uleb128 0x27
 438 0072 19       		.uleb128 0x19
 439 0073 11       		.uleb128 0x11
 440 0074 01       		.uleb128 0x1
 441 0075 12       		.uleb128 0x12
 442 0076 06       		.uleb128 0x6
 443 0077 40       		.uleb128 0x40
 444 0078 18       		.uleb128 0x18
 445 0079 9742     		.uleb128 0x2117
 446 007b 19       		.uleb128 0x19
 447 007c 00       		.byte	0
 448 007d 00       		.byte	0
 449 007e 0A       		.uleb128 0xa
 450 007f 2E       		.uleb128 0x2e
 451 0080 01       		.byte	0x1
 452 0081 3F       		.uleb128 0x3f
 453 0082 19       		.uleb128 0x19
 454 0083 03       		.uleb128 0x3
 455 0084 0E       		.uleb128 0xe
 456 0085 3A       		.uleb128 0x3a
 457 0086 0B       		.uleb128 0xb
 458 0087 3B       		.uleb128 0x3b
 459 0088 0B       		.uleb128 0xb
 460 0089 27       		.uleb128 0x27
 461 008a 19       		.uleb128 0x19
 462 008b 11       		.uleb128 0x11
 463 008c 01       		.uleb128 0x1
 464 008d 12       		.uleb128 0x12
 465 008e 06       		.uleb128 0x6
 466 008f 40       		.uleb128 0x40
 467 0090 18       		.uleb128 0x18
 468 0091 9742     		.uleb128 0x2117
 469 0093 19       		.uleb128 0x19
 470 0094 01       		.uleb128 0x1
 471 0095 13       		.uleb128 0x13
 472 0096 00       		.byte	0
 473 0097 00       		.byte	0
 474 0098 0B       		.uleb128 0xb
 475 0099 898201   		.uleb128 0x4109
 476 009c 00       		.byte	0
 477 009d 11       		.uleb128 0x11
 478 009e 01       		.uleb128 0x1
 479 009f 31       		.uleb128 0x31
 480 00a0 13       		.uleb128 0x13
 481 00a1 00       		.byte	0
 482 00a2 00       		.byte	0
 483 00a3 0C       		.uleb128 0xc
 484 00a4 34       		.uleb128 0x34
 485 00a5 00       		.byte	0
 486 00a6 03       		.uleb128 0x3
 487 00a7 0E       		.uleb128 0xe
ARM GAS  C:\Users\mitchell\AppData\Local\Temp\ccsSea5t.s 			page 12


 488 00a8 3A       		.uleb128 0x3a
 489 00a9 0B       		.uleb128 0xb
 490 00aa 3B       		.uleb128 0x3b
 491 00ab 0B       		.uleb128 0xb
 492 00ac 49       		.uleb128 0x49
 493 00ad 13       		.uleb128 0x13
 494 00ae 02       		.uleb128 0x2
 495 00af 18       		.uleb128 0x18
 496 00b0 00       		.byte	0
 497 00b1 00       		.byte	0
 498 00b2 0D       		.uleb128 0xd
 499 00b3 2E       		.uleb128 0x2e
 500 00b4 00       		.byte	0
 501 00b5 3F       		.uleb128 0x3f
 502 00b6 19       		.uleb128 0x19
 503 00b7 03       		.uleb128 0x3
 504 00b8 0E       		.uleb128 0xe
 505 00b9 3A       		.uleb128 0x3a
 506 00ba 0B       		.uleb128 0xb
 507 00bb 3B       		.uleb128 0x3b
 508 00bc 0B       		.uleb128 0xb
 509 00bd 27       		.uleb128 0x27
 510 00be 19       		.uleb128 0x19
 511 00bf 3C       		.uleb128 0x3c
 512 00c0 19       		.uleb128 0x19
 513 00c1 00       		.byte	0
 514 00c2 00       		.byte	0
 515 00c3 00       		.byte	0
 516              		.section	.debug_aranges,"",%progbits
 517 0000 34000000 		.4byte	0x34
 518 0004 0200     		.2byte	0x2
 519 0006 00000000 		.4byte	.Ldebug_info0
 520 000a 04       		.byte	0x4
 521 000b 00       		.byte	0
 522 000c 0000     		.2byte	0
 523 000e 0000     		.2byte	0
 524 0010 00000000 		.4byte	.LFB0
 525 0014 02000000 		.4byte	.LFE0-.LFB0
 526 0018 00000000 		.4byte	.LFB1
 527 001c 02000000 		.4byte	.LFE1-.LFB1
 528 0020 00000000 		.4byte	.LFB2
 529 0024 40000000 		.4byte	.LFE2-.LFB2
 530 0028 00000000 		.4byte	.LFB3
 531 002c 20000000 		.4byte	.LFE3-.LFB3
 532 0030 00000000 		.4byte	0
 533 0034 00000000 		.4byte	0
 534              		.section	.debug_ranges,"",%progbits
 535              	.Ldebug_ranges0:
 536 0000 00000000 		.4byte	.LFB0
 537 0004 02000000 		.4byte	.LFE0
 538 0008 00000000 		.4byte	.LFB1
 539 000c 02000000 		.4byte	.LFE1
 540 0010 00000000 		.4byte	.LFB2
 541 0014 40000000 		.4byte	.LFE2
 542 0018 00000000 		.4byte	.LFB3
 543 001c 20000000 		.4byte	.LFE3
 544 0020 00000000 		.4byte	0
ARM GAS  C:\Users\mitchell\AppData\Local\Temp\ccsSea5t.s 			page 13


 545 0024 00000000 		.4byte	0
 546              		.section	.debug_line,"",%progbits
 547              	.Ldebug_line0:
 548 0000 B4000000 		.section	.debug_str,"MS",%progbits,1
 548      02006000 
 548      00000201 
 548      FB0E0D00 
 548      01010101 
 549              	.LASF23:
 550 0000 2E5C4765 		.ascii	".\\Generated_Source\\PSoC5\\APPS_ADC_SAR_PM.c\000"
 550      6E657261 
 550      7465645F 
 550      536F7572 
 550      63655C50 
 551              	.LASF15:
 552 002b 41505053 		.ascii	"APPS_ADC_SAR_SaveConfig\000"
 552      5F414443 
 552      5F534152 
 552      5F536176 
 552      65436F6E 
 553              	.LASF26:
 554 0043 41505053 		.ascii	"APPS_ADC_SAR_backup\000"
 554      5F414443 
 554      5F534152 
 554      5F626163 
 554      6B757000 
 555              	.LASF20:
 556 0057 41505053 		.ascii	"APPS_ADC_SAR_Enable\000"
 556      5F414443 
 556      5F534152 
 556      5F456E61 
 556      626C6500 
 557              	.LASF9:
 558 006b 666C6F61 		.ascii	"float\000"
 558      7400
 559              	.LASF21:
 560 0071 41505053 		.ascii	"APPS_ADC_SAR_StartConvert\000"
 560      5F414443 
 560      5F534152 
 560      5F537461 
 560      7274436F 
 561              	.LASF1:
 562 008b 756E7369 		.ascii	"unsigned char\000"
 562      676E6564 
 562      20636861 
 562      7200
 563              	.LASF13:
 564 0099 72656738 		.ascii	"reg8\000"
 564      00
 565              	.LASF5:
 566 009e 6C6F6E67 		.ascii	"long unsigned int\000"
 566      20756E73 
 566      69676E65 
 566      6420696E 
 566      7400
 567              	.LASF3:
 568 00b0 73686F72 		.ascii	"short unsigned int\000"
ARM GAS  C:\Users\mitchell\AppData\Local\Temp\ccsSea5t.s 			page 14


 568      7420756E 
 568      7369676E 
 568      65642069 
 568      6E7400
 569              	.LASF17:
 570 00c3 41505053 		.ascii	"APPS_ADC_SAR_Sleep\000"
 570      5F414443 
 570      5F534152 
 570      5F536C65 
 570      657000
 571              	.LASF18:
 572 00d6 41505053 		.ascii	"APPS_ADC_SAR_Wakeup\000"
 572      5F414443 
 572      5F534152 
 572      5F57616B 
 572      65757000 
 573              	.LASF10:
 574 00ea 646F7562 		.ascii	"double\000"
 574      6C6500
 575              	.LASF16:
 576 00f1 41505053 		.ascii	"APPS_ADC_SAR_RestoreConfig\000"
 576      5F414443 
 576      5F534152 
 576      5F526573 
 576      746F7265 
 577              	.LASF8:
 578 010c 756E7369 		.ascii	"unsigned int\000"
 578      676E6564 
 578      20696E74 
 578      00
 579              	.LASF7:
 580 0119 6C6F6E67 		.ascii	"long long unsigned int\000"
 580      206C6F6E 
 580      6720756E 
 580      7369676E 
 580      65642069 
 581              	.LASF22:
 582 0130 474E5520 		.ascii	"GNU C 4.8.4 20140526 (release) [ARM/embedded-4_8-br"
 582      4320342E 
 582      382E3420 
 582      32303134 
 582      30353236 
 583 0163 616E6368 		.ascii	"anch revision 211358] -mcpu=cortex-m3 -mthumb -g -O"
 583      20726576 
 583      6973696F 
 583      6E203231 
 583      31333538 
 584 0196 67202D66 		.ascii	"g -ffunction-sections\000"
 584      66756E63 
 584      74696F6E 
 584      2D736563 
 584      74696F6E 
 585              	.LASF6:
 586 01ac 6C6F6E67 		.ascii	"long long int\000"
 586      206C6F6E 
 586      6720696E 
 586      7400
ARM GAS  C:\Users\mitchell\AppData\Local\Temp\ccsSea5t.s 			page 15


 587              	.LASF24:
 588 01ba 433A5C55 		.ascii	"C:\\Users\\mitchell\\Documents\\fsae\\E-Throttle\\E"
 588      73657273 
 588      5C6D6974 
 588      6368656C 
 588      6C5C446F 
 589 01e7 2D546872 		.ascii	"-Throttle\\E-Throttle-Mainboard-Deprecated.cydsn\000"
 589      6F74746C 
 589      655C452D 
 589      5468726F 
 589      74746C65 
 590              	.LASF11:
 591 0217 63686172 		.ascii	"char\000"
 591      00
 592              	.LASF2:
 593 021c 73686F72 		.ascii	"short int\000"
 593      7420696E 
 593      7400
 594              	.LASF12:
 595 0226 75696E74 		.ascii	"uint8\000"
 595      3800
 596              	.LASF4:
 597 022c 6C6F6E67 		.ascii	"long int\000"
 597      20696E74 
 597      00
 598              	.LASF25:
 599 0235 656E6162 		.ascii	"enableState\000"
 599      6C655374 
 599      61746500 
 600              	.LASF0:
 601 0241 7369676E 		.ascii	"signed char\000"
 601      65642063 
 601      68617200 
 602              	.LASF19:
 603 024d 41505053 		.ascii	"APPS_ADC_SAR_Stop\000"
 603      5F414443 
 603      5F534152 
 603      5F53746F 
 603      7000
 604              	.LASF14:
 605 025f 41505053 		.ascii	"APPS_ADC_SAR_BACKUP_STRUCT\000"
 605      5F414443 
 605      5F534152 
 605      5F424143 
 605      4B55505F 
 606              		.ident	"GCC: (GNU Tools for ARM Embedded Processors) 4.8.4 20140526 (release) [ARM/embedded-4_8-br
