ARM GAS  C:\Users\mitchell\AppData\Local\Temp\cckANPgD.s 			page 1


   1              		.syntax unified
   2              		.cpu cortex-m3
   3              		.fpu softvfp
   4              		.eabi_attribute 20, 1
   5              		.eabi_attribute 21, 1
   6              		.eabi_attribute 23, 3
   7              		.eabi_attribute 24, 1
   8              		.eabi_attribute 25, 1
   9              		.eabi_attribute 26, 1
  10              		.eabi_attribute 30, 1
  11              		.eabi_attribute 34, 1
  12              		.eabi_attribute 18, 4
  13              		.thumb
  14              		.file	"cymetadata.c"
  15              		.text
  16              	.Ltext0:
  17              		.cfi_sections	.debug_frame
  18              		.global	cy_metadata
  19              		.global	cy_meta_flashprotect
  20              		.global	cy_meta_wonvl
  21              		.global	cy_meta_custnvl
  22              		.global	cy_meta_configecc
  23              		.section	.cyconfigecc,"a",%progbits
  24              		.align	2
  25              		.type	cy_meta_configecc, %object
  26              		.size	cy_meta_configecc, 2196
  27              	cy_meta_configecc:
  28 0000 06       		.byte	6
  29 0001 52       		.byte	82
  30 0002 00       		.byte	0
  31 0003 40       		.byte	64
  32 0004 02       		.byte	2
  33 0005 5B       		.byte	91
  34 0006 00       		.byte	0
  35 0007 40       		.byte	64
  36 0008 02       		.byte	2
  37 0009 64       		.byte	100
  38 000a 00       		.byte	0
  39 000b 40       		.byte	64
  40 000c 01       		.byte	1
  41 000d 65       		.byte	101
  42 000e 00       		.byte	0
  43 000f 40       		.byte	64
  44 0010 39       		.byte	57
  45 0011 00       		.byte	0
  46 0012 01       		.byte	1
  47 0013 40       		.byte	64
  48 0014 2C       		.byte	44
  49 0015 01       		.byte	1
  50 0016 01       		.byte	1
  51 0017 40       		.byte	64
  52 0018 2C       		.byte	44
  53 0019 02       		.byte	2
  54 001a 01       		.byte	1
  55 001b 40       		.byte	64
  56 001c 39       		.byte	57
  57 001d 03       		.byte	3
ARM GAS  C:\Users\mitchell\AppData\Local\Temp\cckANPgD.s 			page 2


  58 001e 01       		.byte	1
  59 001f 40       		.byte	64
  60 0020 19       		.byte	25
  61 0021 04       		.byte	4
  62 0022 01       		.byte	1
  63 0023 40       		.byte	64
  64 0024 44       		.byte	68
  65 0025 05       		.byte	5
  66 0026 01       		.byte	1
  67 0027 40       		.byte	64
  68 0028 2E       		.byte	46
  69 0029 06       		.byte	6
  70 002a 01       		.byte	1
  71 002b 40       		.byte	64
  72 002c 44       		.byte	68
  73 002d 07       		.byte	7
  74 002e 01       		.byte	1
  75 002f 40       		.byte	64
  76 0030 08       		.byte	8
  77 0031 08       		.byte	8
  78 0032 01       		.byte	1
  79 0033 40       		.byte	64
  80 0034 31       		.byte	49
  81 0035 09       		.byte	9
  82 0036 01       		.byte	1
  83 0037 40       		.byte	64
  84 0038 10       		.byte	16
  85 0039 0A       		.byte	10
  86 003a 01       		.byte	1
  87 003b 40       		.byte	64
  88 003c 2A       		.byte	42
  89 003d 0B       		.byte	11
  90 003e 01       		.byte	1
  91 003f 40       		.byte	64
  92 0040 10       		.byte	16
  93 0041 0C       		.byte	12
  94 0042 01       		.byte	1
  95 0043 40       		.byte	64
  96 0044 27       		.byte	39
  97 0045 0D       		.byte	13
  98 0046 01       		.byte	1
  99 0047 40       		.byte	64
 100 0048 1C       		.byte	28
 101 0049 14       		.byte	20
 102 004a 01       		.byte	1
 103 004b 40       		.byte	64
 104 004c 3D       		.byte	61
 105 004d 15       		.byte	21
 106 004e 01       		.byte	1
 107 004f 40       		.byte	64
 108 0050 22       		.byte	34
 109 0051 16       		.byte	22
 110 0052 01       		.byte	1
 111 0053 40       		.byte	64
 112 0054 41       		.byte	65
 113 0055 17       		.byte	23
 114 0056 01       		.byte	1
ARM GAS  C:\Users\mitchell\AppData\Local\Temp\cckANPgD.s 			page 3


 115 0057 40       		.byte	64
 116 0058 10       		.byte	16
 117 0059 18       		.byte	24
 118 005a 01       		.byte	1
 119 005b 40       		.byte	64
 120 005c 31       		.byte	49
 121 005d 19       		.byte	25
 122 005e 01       		.byte	1
 123 005f 40       		.byte	64
 124 0060 10       		.byte	16
 125 0061 1A       		.byte	26
 126 0062 01       		.byte	1
 127 0063 40       		.byte	64
 128 0064 32       		.byte	50
 129 0065 1B       		.byte	27
 130 0066 01       		.byte	1
 131 0067 40       		.byte	64
 132 0068 11       		.byte	17
 133 0069 40       		.byte	64
 134 006a 01       		.byte	1
 135 006b 40       		.byte	64
 136 006c 0E       		.byte	14
 137 006d 41       		.byte	65
 138 006e 01       		.byte	1
 139 006f 40       		.byte	64
 140 0070 04       		.byte	4
 141 0071 42       		.byte	66
 142 0072 01       		.byte	1
 143 0073 40       		.byte	64
 144 0074 03       		.byte	3
 145 0075 43       		.byte	67
 146 0076 01       		.byte	1
 147 0077 40       		.byte	64
 148 0078 03       		.byte	3
 149 0079 45       		.byte	69
 150 007a 01       		.byte	1
 151 007b 40       		.byte	64
 152 007c 09       		.byte	9
 153 007d 46       		.byte	70
 154 007e 01       		.byte	1
 155 007f 40       		.byte	64
 156 0080 04       		.byte	4
 157 0081 47       		.byte	71
 158 0082 01       		.byte	1
 159 0083 40       		.byte	64
 160 0084 0A       		.byte	10
 161 0085 48       		.byte	72
 162 0086 01       		.byte	1
 163 0087 40       		.byte	64
 164 0088 05       		.byte	5
 165 0089 49       		.byte	73
 166 008a 01       		.byte	1
 167 008b 40       		.byte	64
 168 008c 07       		.byte	7
 169 008d 4C       		.byte	76
 170 008e 01       		.byte	1
 171 008f 40       		.byte	64
ARM GAS  C:\Users\mitchell\AppData\Local\Temp\cckANPgD.s 			page 4


 172 0090 01       		.byte	1
 173 0091 4D       		.byte	77
 174 0092 01       		.byte	1
 175 0093 40       		.byte	64
 176 0094 0A       		.byte	10
 177 0095 50       		.byte	80
 178 0096 01       		.byte	1
 179 0097 40       		.byte	64
 180 0098 02       		.byte	2
 181 0099 51       		.byte	81
 182 009a 01       		.byte	1
 183 009b 40       		.byte	64
 184 009c 00       		.byte	0
 185 009d 01       		.byte	1
 186 009e 01       		.byte	1
 187 009f 01       		.byte	1
 188 00a0 19       		.byte	25
 189 00a1 08       		.byte	8
 190 00a2 21       		.byte	33
 191 00a3 80       		.byte	-128
 192 00a4 78       		.byte	120
 193 00a5 08       		.byte	8
 194 00a6 79       		.byte	121
 195 00a7 08       		.byte	8
 196 00a8 27       		.byte	39
 197 00a9 84       		.byte	-124
 198 00aa 2F       		.byte	47
 199 00ab 84       		.byte	-124
 200 00ac 81       		.byte	-127
 201 00ad 0F       		.byte	15
 202 00ae 85       		.byte	-123
 203 00af 01       		.byte	1
 204 00b0 87       		.byte	-121
 205 00b1 01       		.byte	1
 206 00b2 58       		.byte	88
 207 00b3 04       		.byte	4
 208 00b4 59       		.byte	89
 209 00b5 04       		.byte	4
 210 00b6 5C       		.byte	92
 211 00b7 11       		.byte	17
 212 00b8 5F       		.byte	95
 213 00b9 01       		.byte	1
 214 00ba 83       		.byte	-125
 215 00bb 03       		.byte	3
 216 00bc 89       		.byte	-119
 217 00bd 04       		.byte	4
 218 00be 8A       		.byte	-118
 219 00bf 02       		.byte	2
 220 00c0 96       		.byte	-106
 221 00c1 08       		.byte	8
 222 00c2 9D       		.byte	-99
 223 00c3 01       		.byte	1
 224 00c4 9E       		.byte	-98
 225 00c5 08       		.byte	8
 226 00c6 A5       		.byte	-91
 227 00c7 04       		.byte	4
 228 00c8 A6       		.byte	-90
ARM GAS  C:\Users\mitchell\AppData\Local\Temp\cckANPgD.s 			page 5


 229 00c9 01       		.byte	1
 230 00ca A8       		.byte	-88
 231 00cb 03       		.byte	3
 232 00cc AE       		.byte	-82
 233 00cd 04       		.byte	4
 234 00ce AF       		.byte	-81
 235 00cf 08       		.byte	8
 236 00d0 B0       		.byte	-80
 237 00d1 08       		.byte	8
 238 00d2 B1       		.byte	-79
 239 00d3 01       		.byte	1
 240 00d4 B2       		.byte	-78
 241 00d5 04       		.byte	4
 242 00d6 B3       		.byte	-77
 243 00d7 08       		.byte	8
 244 00d8 B4       		.byte	-76
 245 00d9 03       		.byte	3
 246 00da B5       		.byte	-75
 247 00db 04       		.byte	4
 248 00dc B7       		.byte	-73
 249 00dd 02       		.byte	2
 250 00de B9       		.byte	-71
 251 00df 20       		.byte	32
 252 00e0 BF       		.byte	-65
 253 00e1 10       		.byte	16
 254 00e2 C0       		.byte	-64
 255 00e3 30       		.byte	48
 256 00e4 C1       		.byte	-63
 257 00e5 02       		.byte	2
 258 00e6 C5       		.byte	-59
 259 00e7 D0       		.byte	-48
 260 00e8 C6       		.byte	-58
 261 00e9 25       		.byte	37
 262 00ea C7       		.byte	-57
 263 00eb 14       		.byte	20
 264 00ec C8       		.byte	-56
 265 00ed 3E       		.byte	62
 266 00ee C9       		.byte	-55
 267 00ef FF       		.byte	-1
 268 00f0 CA       		.byte	-54
 269 00f1 FF       		.byte	-1
 270 00f2 CB       		.byte	-53
 271 00f3 FF       		.byte	-1
 272 00f4 CD       		.byte	-51
 273 00f5 A0       		.byte	-96
 274 00f6 CF       		.byte	-49
 275 00f7 04       		.byte	4
 276 00f8 D0       		.byte	-48
 277 00f9 18       		.byte	24
 278 00fa D2       		.byte	-46
 279 00fb 80       		.byte	-128
 280 00fc D4       		.byte	-44
 281 00fd 07       		.byte	7
 282 00fe D8       		.byte	-40
 283 00ff 04       		.byte	4
 284 0100 D9       		.byte	-39
 285 0101 04       		.byte	4
ARM GAS  C:\Users\mitchell\AppData\Local\Temp\cckANPgD.s 			page 6


 286 0102 DA       		.byte	-38
 287 0103 04       		.byte	4
 288 0104 DB       		.byte	-37
 289 0105 04       		.byte	4
 290 0106 DF       		.byte	-33
 291 0107 01       		.byte	1
 292 0108 E0       		.byte	-32
 293 0109 40       		.byte	64
 294 010a E2       		.byte	-30
 295 010b 40       		.byte	64
 296 010c E3       		.byte	-29
 297 010d A8       		.byte	-88
 298 010e E4       		.byte	-28
 299 010f 40       		.byte	64
 300 0110 E5       		.byte	-27
 301 0111 40       		.byte	64
 302 0112 E6       		.byte	-26
 303 0113 40       		.byte	64
 304 0114 E7       		.byte	-25
 305 0115 A8       		.byte	-88
 306 0116 E8       		.byte	-24
 307 0117 40       		.byte	64
 308 0118 EA       		.byte	-22
 309 0119 40       		.byte	64
 310 011a EB       		.byte	-21
 311 011b A8       		.byte	-88
 312 011c EC       		.byte	-20
 313 011d 40       		.byte	64
 314 011e ED       		.byte	-19
 315 011f 20       		.byte	32
 316 0120 EE       		.byte	-18
 317 0121 40       		.byte	64
 318 0122 EF       		.byte	-17
 319 0123 A8       		.byte	-88
 320 0124 01       		.byte	1
 321 0125 18       		.byte	24
 322 0126 02       		.byte	2
 323 0127 03       		.byte	3
 324 0128 05       		.byte	5
 325 0129 10       		.byte	16
 326 012a 08       		.byte	8
 327 012b 40       		.byte	64
 328 012c 0E       		.byte	14
 329 012d 20       		.byte	32
 330 012e 0F       		.byte	15
 331 012f 02       		.byte	2
 332 0130 10       		.byte	16
 333 0131 A0       		.byte	-96
 334 0132 11       		.byte	17
 335 0133 40       		.byte	64
 336 0134 16       		.byte	22
 337 0135 28       		.byte	40
 338 0136 17       		.byte	23
 339 0137 40       		.byte	64
 340 0138 1D       		.byte	29
 341 0139 18       		.byte	24
 342 013a 1E       		.byte	30
ARM GAS  C:\Users\mitchell\AppData\Local\Temp\cckANPgD.s 			page 7


 343 013b 20       		.byte	32
 344 013c 1F       		.byte	31
 345 013d 21       		.byte	33
 346 013e 24       		.byte	36
 347 013f 40       		.byte	64
 348 0140 25       		.byte	37
 349 0141 20       		.byte	32
 350 0142 26       		.byte	38
 351 0143 80       		.byte	-128
 352 0144 27       		.byte	39
 353 0145 20       		.byte	32
 354 0146 28       		.byte	40
 355 0147 40       		.byte	64
 356 0148 29       		.byte	41
 357 0149 0A       		.byte	10
 358 014a 2E       		.byte	46
 359 014b 80       		.byte	-128
 360 014c 2F       		.byte	47
 361 014d 20       		.byte	32
 362 014e 30       		.byte	48
 363 014f A0       		.byte	-96
 364 0150 36       		.byte	54
 365 0151 80       		.byte	-128
 366 0152 39       		.byte	57
 367 0153 D0       		.byte	-48
 368 0154 3A       		.byte	58
 369 0155 11       		.byte	17
 370 0156 3F       		.byte	63
 371 0157 22       		.byte	34
 372 0158 45       		.byte	69
 373 0159 28       		.byte	40
 374 015a 4F       		.byte	79
 375 015b 01       		.byte	1
 376 015c 56       		.byte	86
 377 015d A8       		.byte	-88
 378 015e 57       		.byte	87
 379 015f 11       		.byte	17
 380 0160 5C       		.byte	92
 381 0161 40       		.byte	64
 382 0162 5E       		.byte	94
 383 0163 08       		.byte	8
 384 0164 5F       		.byte	95
 385 0165 21       		.byte	33
 386 0166 77       		.byte	119
 387 0167 40       		.byte	64
 388 0168 82       		.byte	-126
 389 0169 40       		.byte	64
 390 016a 87       		.byte	-121
 391 016b 10       		.byte	16
 392 016c C0       		.byte	-64
 393 016d 47       		.byte	71
 394 016e C2       		.byte	-62
 395 016f A1       		.byte	-95
 396 0170 C4       		.byte	-60
 397 0171 ED       		.byte	-19
 398 0172 CA       		.byte	-54
 399 0173 53       		.byte	83
ARM GAS  C:\Users\mitchell\AppData\Local\Temp\cckANPgD.s 			page 8


 400 0174 CC       		.byte	-52
 401 0175 1C       		.byte	28
 402 0176 CE       		.byte	-50
 403 0177 AD       		.byte	-83
 404 0178 D0       		.byte	-48
 405 0179 60       		.byte	96
 406 017a D6       		.byte	-42
 407 017b F0       		.byte	-16
 408 017c 02       		.byte	2
 409 017d 04       		.byte	4
 410 017e 06       		.byte	6
 411 017f 01       		.byte	1
 412 0180 08       		.byte	8
 413 0181 20       		.byte	32
 414 0182 13       		.byte	19
 415 0183 03       		.byte	3
 416 0184 16       		.byte	22
 417 0185 10       		.byte	16
 418 0186 19       		.byte	25
 419 0187 01       		.byte	1
 420 0188 1A       		.byte	26
 421 0189 08       		.byte	8
 422 018a 1C       		.byte	28
 423 018b 01       		.byte	1
 424 018c 22       		.byte	34
 425 018d 02       		.byte	2
 426 018e 26       		.byte	38
 427 018f 10       		.byte	16
 428 0190 28       		.byte	40
 429 0191 20       		.byte	32
 430 0192 2C       		.byte	44
 431 0193 04       		.byte	4
 432 0194 30       		.byte	48
 433 0195 0C       		.byte	12
 434 0196 31       		.byte	49
 435 0197 01       		.byte	1
 436 0198 32       		.byte	50
 437 0199 03       		.byte	3
 438 019a 33       		.byte	51
 439 019b 02       		.byte	2
 440 019c 34       		.byte	52
 441 019d 10       		.byte	16
 442 019e 36       		.byte	54
 443 019f 20       		.byte	32
 444 01a0 38       		.byte	56
 445 01a1 80       		.byte	-128
 446 01a2 3E       		.byte	62
 447 01a3 50       		.byte	80
 448 01a4 56       		.byte	86
 449 01a5 08       		.byte	8
 450 01a6 58       		.byte	88
 451 01a7 04       		.byte	4
 452 01a8 59       		.byte	89
 453 01a9 0F       		.byte	15
 454 01aa 5B       		.byte	91
 455 01ab 04       		.byte	4
 456 01ac 5C       		.byte	92
ARM GAS  C:\Users\mitchell\AppData\Local\Temp\cckANPgD.s 			page 9


 457 01ad 29       		.byte	41
 458 01ae 5D       		.byte	93
 459 01af 90       		.byte	-112
 460 01b0 5F       		.byte	95
 461 01b1 01       		.byte	1
 462 01b2 84       		.byte	-124
 463 01b3 04       		.byte	4
 464 01b4 88       		.byte	-120
 465 01b5 01       		.byte	1
 466 01b6 8C       		.byte	-116
 467 01b7 04       		.byte	4
 468 01b8 96       		.byte	-106
 469 01b9 03       		.byte	3
 470 01ba B2       		.byte	-78
 471 01bb 02       		.byte	2
 472 01bc B4       		.byte	-76
 473 01bd 04       		.byte	4
 474 01be B6       		.byte	-74
 475 01bf 01       		.byte	1
 476 01c0 B8       		.byte	-72
 477 01c1 20       		.byte	32
 478 01c2 BE       		.byte	-66
 479 01c3 10       		.byte	16
 480 01c4 D2       		.byte	-46
 481 01c5 03       		.byte	3
 482 01c6 D3       		.byte	-45
 483 01c7 02       		.byte	2
 484 01c8 D8       		.byte	-40
 485 01c9 0C       		.byte	12
 486 01ca D9       		.byte	-39
 487 01cb 04       		.byte	4
 488 01cc DB       		.byte	-37
 489 01cd 04       		.byte	4
 490 01ce DC       		.byte	-36
 491 01cf 11       		.byte	17
 492 01d0 DD       		.byte	-35
 493 01d1 20       		.byte	32
 494 01d2 DF       		.byte	-33
 495 01d3 01       		.byte	1
 496 01d4 00       		.byte	0
 497 01d5 08       		.byte	8
 498 01d6 03       		.byte	3
 499 01d7 0A       		.byte	10
 500 01d8 05       		.byte	5
 501 01d9 05       		.byte	5
 502 01da 07       		.byte	7
 503 01db 08       		.byte	8
 504 01dc 09       		.byte	9
 505 01dd 08       		.byte	8
 506 01de 0E       		.byte	14
 507 01df 21       		.byte	33
 508 01e0 0F       		.byte	15
 509 01e1 04       		.byte	4
 510 01e2 15       		.byte	21
 511 01e3 20       		.byte	32
 512 01e4 16       		.byte	22
 513 01e5 A0       		.byte	-96
ARM GAS  C:\Users\mitchell\AppData\Local\Temp\cckANPgD.s 			page 10


 514 01e6 17       		.byte	23
 515 01e7 40       		.byte	64
 516 01e8 19       		.byte	25
 517 01e9 90       		.byte	-112
 518 01ea 1A       		.byte	26
 519 01eb 01       		.byte	1
 520 01ec 1B       		.byte	27
 521 01ed 08       		.byte	8
 522 01ee 1D       		.byte	29
 523 01ef 0D       		.byte	13
 524 01f0 1E       		.byte	30
 525 01f1 08       		.byte	8
 526 01f2 1F       		.byte	31
 527 01f3 40       		.byte	64
 528 01f4 27       		.byte	39
 529 01f5 50       		.byte	80
 530 01f6 29       		.byte	41
 531 01f7 0A       		.byte	10
 532 01f8 30       		.byte	48
 533 01f9 A0       		.byte	-96
 534 01fa 35       		.byte	53
 535 01fb 01       		.byte	1
 536 01fc 37       		.byte	55
 537 01fd 10       		.byte	16
 538 01fe 39       		.byte	57
 539 01ff 80       		.byte	-128
 540 0200 3A       		.byte	58
 541 0201 11       		.byte	17
 542 0202 58       		.byte	88
 543 0203 80       		.byte	-128
 544 0204 5B       		.byte	91
 545 0205 40       		.byte	64
 546 0206 5E       		.byte	94
 547 0207 40       		.byte	64
 548 0208 5F       		.byte	95
 549 0209 10       		.byte	16
 550 020a 66       		.byte	102
 551 020b 80       		.byte	-128
 552 020c 67       		.byte	103
 553 020d 04       		.byte	4
 554 020e 69       		.byte	105
 555 020f 20       		.byte	32
 556 0210 6A       		.byte	106
 557 0211 90       		.byte	-112
 558 0212 79       		.byte	121
 559 0213 40       		.byte	64
 560 0214 7E       		.byte	126
 561 0215 40       		.byte	64
 562 0216 81       		.byte	-127
 563 0217 80       		.byte	-128
 564 0218 88       		.byte	-120
 565 0219 20       		.byte	32
 566 021a 8D       		.byte	-115
 567 021b 42       		.byte	66
 568 021c 8F       		.byte	-113
 569 021d 40       		.byte	64
 570 021e 92       		.byte	-110
ARM GAS  C:\Users\mitchell\AppData\Local\Temp\cckANPgD.s 			page 11


 571 021f 40       		.byte	64
 572 0220 93       		.byte	-109
 573 0221 12       		.byte	18
 574 0222 95       		.byte	-107
 575 0223 80       		.byte	-128
 576 0224 9A       		.byte	-102
 577 0225 21       		.byte	33
 578 0226 9D       		.byte	-99
 579 0227 0A       		.byte	10
 580 0228 9E       		.byte	-98
 581 0229 10       		.byte	16
 582 022a A2       		.byte	-94
 583 022b 10       		.byte	16
 584 022c A4       		.byte	-92
 585 022d A0       		.byte	-96
 586 022e A6       		.byte	-90
 587 022f 06       		.byte	6
 588 0230 C0       		.byte	-64
 589 0231 77       		.byte	119
 590 0232 C2       		.byte	-62
 591 0233 E4       		.byte	-28
 592 0234 C4       		.byte	-60
 593 0235 F0       		.byte	-16
 594 0236 CA       		.byte	-54
 595 0237 03       		.byte	3
 596 0238 CC       		.byte	-52
 597 0239 AC       		.byte	-84
 598 023a CE       		.byte	-50
 599 023b 0D       		.byte	13
 600 023c D6       		.byte	-42
 601 023d 30       		.byte	48
 602 023e D8       		.byte	-40
 603 023f 30       		.byte	48
 604 0240 DE       		.byte	-34
 605 0241 88       		.byte	-120
 606 0242 E2       		.byte	-30
 607 0243 12       		.byte	18
 608 0244 E6       		.byte	-26
 609 0245 08       		.byte	8
 610 0246 54       		.byte	84
 611 0247 01       		.byte	1
 612 0248 58       		.byte	88
 613 0249 04       		.byte	4
 614 024a 59       		.byte	89
 615 024b 04       		.byte	4
 616 024c 5B       		.byte	91
 617 024d 0C       		.byte	12
 618 024e 5C       		.byte	92
 619 024f 12       		.byte	18
 620 0250 5D       		.byte	93
 621 0251 10       		.byte	16
 622 0252 5F       		.byte	95
 623 0253 01       		.byte	1
 624 0254 83       		.byte	-125
 625 0255 02       		.byte	2
 626 0256 8B       		.byte	-117
 627 0257 01       		.byte	1
ARM GAS  C:\Users\mitchell\AppData\Local\Temp\cckANPgD.s 			page 12


 628 0258 8E       		.byte	-114
 629 0259 02       		.byte	2
 630 025a 8F       		.byte	-113
 631 025b 04       		.byte	4
 632 025c AA       		.byte	-86
 633 025d 01       		.byte	1
 634 025e B0       		.byte	-80
 635 025f 01       		.byte	1
 636 0260 B1       		.byte	-79
 637 0261 02       		.byte	2
 638 0262 B3       		.byte	-77
 639 0263 04       		.byte	4
 640 0264 B4       		.byte	-76
 641 0265 02       		.byte	2
 642 0266 B7       		.byte	-73
 643 0267 01       		.byte	1
 644 0268 D6       		.byte	-42
 645 0269 02       		.byte	2
 646 026a D7       		.byte	-41
 647 026b 3D       		.byte	61
 648 026c D8       		.byte	-40
 649 026d 04       		.byte	4
 650 026e D9       		.byte	-39
 651 026f 04       		.byte	4
 652 0270 DB       		.byte	-37
 653 0271 0F       		.byte	15
 654 0272 DC       		.byte	-36
 655 0273 22       		.byte	34
 656 0274 DD       		.byte	-35
 657 0275 20       		.byte	32
 658 0276 DF       		.byte	-33
 659 0277 01       		.byte	1
 660 0278 00       		.byte	0
 661 0279 94       		.byte	-108
 662 027a 03       		.byte	3
 663 027b 40       		.byte	64
 664 027c 04       		.byte	4
 665 027d 10       		.byte	16
 666 027e 05       		.byte	5
 667 027f 20       		.byte	32
 668 0280 06       		.byte	6
 669 0281 80       		.byte	-128
 670 0282 07       		.byte	7
 671 0283 41       		.byte	65
 672 0284 08       		.byte	8
 673 0285 02       		.byte	2
 674 0286 09       		.byte	9
 675 0287 20       		.byte	32
 676 0288 0C       		.byte	12
 677 0289 01       		.byte	1
 678 028a 0E       		.byte	14
 679 028b A4       		.byte	-92
 680 028c 11       		.byte	17
 681 028d 02       		.byte	2
 682 028e 15       		.byte	21
 683 028f 04       		.byte	4
 684 0290 16       		.byte	22
ARM GAS  C:\Users\mitchell\AppData\Local\Temp\cckANPgD.s 			page 13


 685 0291 40       		.byte	64
 686 0292 17       		.byte	23
 687 0293 10       		.byte	16
 688 0294 1C       		.byte	28
 689 0295 84       		.byte	-124
 690 0296 1E       		.byte	30
 691 0297 84       		.byte	-124
 692 0298 24       		.byte	36
 693 0299 90       		.byte	-112
 694 029a 26       		.byte	38
 695 029b 80       		.byte	-128
 696 029c 27       		.byte	39
 697 029d 40       		.byte	64
 698 029e 29       		.byte	41
 699 029f 0A       		.byte	10
 700 02a0 2D       		.byte	45
 701 02a1 24       		.byte	36
 702 02a2 2E       		.byte	46
 703 02a3 88       		.byte	-120
 704 02a4 30       		.byte	48
 705 02a5 A0       		.byte	-96
 706 02a6 34       		.byte	52
 707 02a7 01       		.byte	1
 708 02a8 36       		.byte	54
 709 02a9 90       		.byte	-112
 710 02aa 39       		.byte	57
 711 02ab 80       		.byte	-128
 712 02ac 3A       		.byte	58
 713 02ad 11       		.byte	17
 714 02ae 3D       		.byte	61
 715 02af 10       		.byte	16
 716 02b0 3E       		.byte	62
 717 02b1 45       		.byte	69
 718 02b2 59       		.byte	89
 719 02b3 80       		.byte	-128
 720 02b4 5E       		.byte	94
 721 02b5 10       		.byte	16
 722 02b6 60       		.byte	96
 723 02b7 02       		.byte	2
 724 02b8 62       		.byte	98
 725 02b9 C0       		.byte	-64
 726 02ba 67       		.byte	103
 727 02bb 80       		.byte	-128
 728 02bc 6C       		.byte	108
 729 02bd 01       		.byte	1
 730 02be 6D       		.byte	109
 731 02bf 10       		.byte	16
 732 02c0 6E       		.byte	110
 733 02c1 43       		.byte	67
 734 02c2 6F       		.byte	111
 735 02c3 10       		.byte	16
 736 02c4 77       		.byte	119
 737 02c5 05       		.byte	5
 738 02c6 79       		.byte	121
 739 02c7 40       		.byte	64
 740 02c8 7E       		.byte	126
 741 02c9 40       		.byte	64
ARM GAS  C:\Users\mitchell\AppData\Local\Temp\cckANPgD.s 			page 14


 742 02ca 92       		.byte	-110
 743 02cb 90       		.byte	-112
 744 02cc 93       		.byte	-109
 745 02cd 80       		.byte	-128
 746 02ce 95       		.byte	-107
 747 02cf C0       		.byte	-64
 748 02d0 98       		.byte	-104
 749 02d1 80       		.byte	-128
 750 02d2 99       		.byte	-103
 751 02d3 90       		.byte	-112
 752 02d4 9A       		.byte	-102
 753 02d5 01       		.byte	1
 754 02d6 9D       		.byte	-99
 755 02d7 0A       		.byte	10
 756 02d8 9E       		.byte	-98
 757 02d9 10       		.byte	16
 758 02da A0       		.byte	-96
 759 02db A0       		.byte	-96
 760 02dc A4       		.byte	-92
 761 02dd 04       		.byte	4
 762 02de AA       		.byte	-86
 763 02df 02       		.byte	2
 764 02e0 AB       		.byte	-85
 765 02e1 03       		.byte	3
 766 02e2 AC       		.byte	-84
 767 02e3 80       		.byte	-128
 768 02e4 AE       		.byte	-82
 769 02e5 10       		.byte	16
 770 02e6 B1       		.byte	-79
 771 02e7 08       		.byte	8
 772 02e8 B3       		.byte	-77
 773 02e9 08       		.byte	8
 774 02ea C0       		.byte	-64
 775 02eb DF       		.byte	-33
 776 02ec C2       		.byte	-62
 777 02ed 7A       		.byte	122
 778 02ee C4       		.byte	-60
 779 02ef 78       		.byte	120
 780 02f0 CA       		.byte	-54
 781 02f1 73       		.byte	115
 782 02f2 CC       		.byte	-52
 783 02f3 BC       		.byte	-68
 784 02f4 CE       		.byte	-50
 785 02f5 FD       		.byte	-3
 786 02f6 D6       		.byte	-42
 787 02f7 28       		.byte	40
 788 02f8 D8       		.byte	-40
 789 02f9 80       		.byte	-128
 790 02fa DE       		.byte	-34
 791 02fb 88       		.byte	-120
 792 02fc E8       		.byte	-24
 793 02fd 02       		.byte	2
 794 02fe EA       		.byte	-22
 795 02ff 4D       		.byte	77
 796 0300 00       		.byte	0
 797 0301 80       		.byte	-128
 798 0302 02       		.byte	2
ARM GAS  C:\Users\mitchell\AppData\Local\Temp\cckANPgD.s 			page 15


 799 0303 40       		.byte	64
 800 0304 03       		.byte	3
 801 0305 04       		.byte	4
 802 0306 04       		.byte	4
 803 0307 08       		.byte	8
 804 0308 07       		.byte	7
 805 0309 08       		.byte	8
 806 030a 08       		.byte	8
 807 030b 40       		.byte	64
 808 030c 0A       		.byte	10
 809 030d 80       		.byte	-128
 810 030e 0D       		.byte	13
 811 030f 04       		.byte	4
 812 0310 0E       		.byte	14
 813 0311 04       		.byte	4
 814 0312 12       		.byte	18
 815 0313 08       		.byte	8
 816 0314 13       		.byte	19
 817 0315 02       		.byte	2
 818 0316 16       		.byte	22
 819 0317 01       		.byte	1
 820 0318 17       		.byte	23
 821 0319 21       		.byte	33
 822 031a 19       		.byte	25
 823 031b 01       		.byte	1
 824 031c 1A       		.byte	26
 825 031d 02       		.byte	2
 826 031e 1C       		.byte	28
 827 031f 04       		.byte	4
 828 0320 1D       		.byte	29
 829 0321 08       		.byte	8
 830 0322 20       		.byte	32
 831 0323 02       		.byte	2
 832 0324 23       		.byte	35
 833 0325 10       		.byte	16
 834 0326 24       		.byte	36
 835 0327 01       		.byte	1
 836 0328 25       		.byte	37
 837 0329 02       		.byte	2
 838 032a 28       		.byte	40
 839 032b 20       		.byte	32
 840 032c 2A       		.byte	42
 841 032d 10       		.byte	16
 842 032e 2C       		.byte	44
 843 032f 10       		.byte	16
 844 0330 2E       		.byte	46
 845 0331 20       		.byte	32
 846 0332 31       		.byte	49
 847 0333 1F       		.byte	31
 848 0334 35       		.byte	53
 849 0335 20       		.byte	32
 850 0336 36       		.byte	54
 851 0337 FF       		.byte	-1
 852 0338 39       		.byte	57
 853 0339 02       		.byte	2
 854 033a 3E       		.byte	62
 855 033b 40       		.byte	64
ARM GAS  C:\Users\mitchell\AppData\Local\Temp\cckANPgD.s 			page 16


 856 033c 3F       		.byte	63
 857 033d 01       		.byte	1
 858 033e 54       		.byte	84
 859 033f 01       		.byte	1
 860 0340 58       		.byte	88
 861 0341 04       		.byte	4
 862 0342 59       		.byte	89
 863 0343 04       		.byte	4
 864 0344 5B       		.byte	91
 865 0345 0F       		.byte	15
 866 0346 5C       		.byte	92
 867 0347 20       		.byte	32
 868 0348 5D       		.byte	93
 869 0349 20       		.byte	32
 870 034a 5F       		.byte	95
 871 034b 01       		.byte	1
 872 034c D2       		.byte	-46
 873 034d 03       		.byte	3
 874 034e D3       		.byte	-45
 875 034f 02       		.byte	2
 876 0350 D8       		.byte	-40
 877 0351 04       		.byte	4
 878 0352 D9       		.byte	-39
 879 0353 04       		.byte	4
 880 0354 DB       		.byte	-37
 881 0355 04       		.byte	4
 882 0356 DC       		.byte	-36
 883 0357 11       		.byte	17
 884 0358 DD       		.byte	-35
 885 0359 10       		.byte	16
 886 035a DF       		.byte	-33
 887 035b 01       		.byte	1
 888 035c 01       		.byte	1
 889 035d 80       		.byte	-128
 890 035e 02       		.byte	2
 891 035f 12       		.byte	18
 892 0360 04       		.byte	4
 893 0361 D6       		.byte	-42
 894 0362 06       		.byte	6
 895 0363 02       		.byte	2
 896 0364 07       		.byte	7
 897 0365 10       		.byte	16
 898 0366 08       		.byte	8
 899 0367 01       		.byte	1
 900 0368 09       		.byte	9
 901 0369 08       		.byte	8
 902 036a 0E       		.byte	14
 903 036b A6       		.byte	-90
 904 036c 0F       		.byte	15
 905 036d 0A       		.byte	10
 906 036e 10       		.byte	16
 907 036f 90       		.byte	-112
 908 0370 12       		.byte	18
 909 0371 01       		.byte	1
 910 0372 14       		.byte	20
 911 0373 02       		.byte	2
 912 0374 15       		.byte	21
ARM GAS  C:\Users\mitchell\AppData\Local\Temp\cckANPgD.s 			page 17


 913 0375 10       		.byte	16
 914 0376 17       		.byte	23
 915 0377 05       		.byte	5
 916 0378 1F       		.byte	31
 917 0379 80       		.byte	-128
 918 037a 25       		.byte	37
 919 037b 21       		.byte	33
 920 037c 26       		.byte	38
 921 037d 10       		.byte	16
 922 037e 28       		.byte	40
 923 037f 10       		.byte	16
 924 0380 29       		.byte	41
 925 0381 8A       		.byte	-118
 926 0382 2A       		.byte	42
 927 0383 01       		.byte	1
 928 0384 2E       		.byte	46
 929 0385 84       		.byte	-124
 930 0386 2F       		.byte	47
 931 0387 88       		.byte	-120
 932 0388 30       		.byte	48
 933 0389 80       		.byte	-128
 934 038a 31       		.byte	49
 935 038b 08       		.byte	8
 936 038c 36       		.byte	54
 937 038d 50       		.byte	80
 938 038e 37       		.byte	55
 939 038f 05       		.byte	5
 940 0390 39       		.byte	57
 941 0391 80       		.byte	-128
 942 0392 3A       		.byte	58
 943 0393 10       		.byte	16
 944 0394 3C       		.byte	60
 945 0395 54       		.byte	84
 946 0396 3F       		.byte	63
 947 0397 02       		.byte	2
 948 0398 45       		.byte	69
 949 0399 01       		.byte	1
 950 039a 46       		.byte	70
 951 039b 80       		.byte	-128
 952 039c 5C       		.byte	92
 953 039d 80       		.byte	-128
 954 039e 68       		.byte	104
 955 039f 04       		.byte	4
 956 03a0 69       		.byte	105
 957 03a1 40       		.byte	64
 958 03a2 6A       		.byte	106
 959 03a3 10       		.byte	16
 960 03a4 7E       		.byte	126
 961 03a5 40       		.byte	64
 962 03a6 81       		.byte	-127
 963 03a7 01       		.byte	1
 964 03a8 82       		.byte	-126
 965 03a9 08       		.byte	8
 966 03aa 86       		.byte	-122
 967 03ab 40       		.byte	64
 968 03ac 88       		.byte	-120
 969 03ad 02       		.byte	2
ARM GAS  C:\Users\mitchell\AppData\Local\Temp\cckANPgD.s 			page 18


 970 03ae 8B       		.byte	-117
 971 03af 08       		.byte	8
 972 03b0 8C       		.byte	-116
 973 03b1 50       		.byte	80
 974 03b2 8D       		.byte	-115
 975 03b3 08       		.byte	8
 976 03b4 90       		.byte	-112
 977 03b5 92       		.byte	-110
 978 03b6 91       		.byte	-111
 979 03b7 10       		.byte	16
 980 03b8 92       		.byte	-110
 981 03b9 84       		.byte	-124
 982 03ba 95       		.byte	-107
 983 03bb C0       		.byte	-64
 984 03bc 98       		.byte	-104
 985 03bd 82       		.byte	-126
 986 03be 99       		.byte	-103
 987 03bf 10       		.byte	16
 988 03c0 9B       		.byte	-101
 989 03c1 15       		.byte	21
 990 03c2 9D       		.byte	-99
 991 03c3 0A       		.byte	10
 992 03c4 9E       		.byte	-98
 993 03c5 18       		.byte	24
 994 03c6 A0       		.byte	-96
 995 03c7 80       		.byte	-128
 996 03c8 A2       		.byte	-94
 997 03c9 41       		.byte	65
 998 03ca A4       		.byte	-92
 999 03cb 04       		.byte	4
 1000 03cc A5       		.byte	-91
 1001 03cd 21       		.byte	33
 1002 03ce A6       		.byte	-90
 1003 03cf 10       		.byte	16
 1004 03d0 C0       		.byte	-64
 1005 03d1 F5       		.byte	-11
 1006 03d2 C2       		.byte	-62
 1007 03d3 FC       		.byte	-4
 1008 03d4 C4       		.byte	-60
 1009 03d5 FD       		.byte	-3
 1010 03d6 CA       		.byte	-54
 1011 03d7 FB       		.byte	-5
 1012 03d8 CC       		.byte	-52
 1013 03d9 FA       		.byte	-6
 1014 03da CE       		.byte	-50
 1015 03db FC       		.byte	-4
 1016 03dc D6       		.byte	-42
 1017 03dd 10       		.byte	16
 1018 03de DE       		.byte	-34
 1019 03df 80       		.byte	-128
 1020 03e0 E4       		.byte	-28
 1021 03e1 03       		.byte	3
 1022 03e2 EE       		.byte	-18
 1023 03e3 05       		.byte	5
 1024 03e4 58       		.byte	88
 1025 03e5 04       		.byte	4
 1026 03e6 59       		.byte	89
ARM GAS  C:\Users\mitchell\AppData\Local\Temp\cckANPgD.s 			page 19


 1027 03e7 04       		.byte	4
 1028 03e8 5C       		.byte	92
 1029 03e9 22       		.byte	34
 1030 03ea 5F       		.byte	95
 1031 03eb 01       		.byte	1
 1032 03ec D8       		.byte	-40
 1033 03ed 04       		.byte	4
 1034 03ee D9       		.byte	-39
 1035 03ef 04       		.byte	4
 1036 03f0 DC       		.byte	-36
 1037 03f1 22       		.byte	34
 1038 03f2 DF       		.byte	-33
 1039 03f3 01       		.byte	1
 1040 03f4 01       		.byte	1
 1041 03f5 20       		.byte	32
 1042 03f6 03       		.byte	3
 1043 03f7 80       		.byte	-128
 1044 03f8 05       		.byte	5
 1045 03f9 04       		.byte	4
 1046 03fa 06       		.byte	6
 1047 03fb 0A       		.byte	10
 1048 03fc 08       		.byte	8
 1049 03fd 50       		.byte	80
 1050 03fe 0C       		.byte	12
 1051 03ff 40       		.byte	64
 1052 0400 10       		.byte	16
 1053 0401 01       		.byte	1
 1054 0402 12       		.byte	18
 1055 0403 20       		.byte	32
 1056 0404 13       		.byte	19
 1057 0405 02       		.byte	2
 1058 0406 14       		.byte	20
 1059 0407 91       		.byte	-111
 1060 0408 28       		.byte	40
 1061 0409 40       		.byte	64
 1062 040a 29       		.byte	41
 1063 040b 20       		.byte	32
 1064 040c 2A       		.byte	42
 1065 040d 08       		.byte	8
 1066 040e 2C       		.byte	44
 1067 040f 11       		.byte	17
 1068 0410 2D       		.byte	45
 1069 0411 10       		.byte	16
 1070 0412 2F       		.byte	47
 1071 0413 80       		.byte	-128
 1072 0414 30       		.byte	48
 1073 0415 11       		.byte	17
 1074 0416 31       		.byte	49
 1075 0417 04       		.byte	4
 1076 0418 34       		.byte	52
 1077 0419 80       		.byte	-128
 1078 041a 35       		.byte	53
 1079 041b 04       		.byte	4
 1080 041c 37       		.byte	55
 1081 041d 02       		.byte	2
 1082 041e 3A       		.byte	58
 1083 041f 02       		.byte	2
ARM GAS  C:\Users\mitchell\AppData\Local\Temp\cckANPgD.s 			page 20


 1084 0420 81       		.byte	-127
 1085 0421 04       		.byte	4
 1086 0422 82       		.byte	-126
 1087 0423 20       		.byte	32
 1088 0424 83       		.byte	-125
 1089 0425 08       		.byte	8
 1090 0426 84       		.byte	-124
 1091 0427 10       		.byte	16
 1092 0428 8A       		.byte	-118
 1093 0429 08       		.byte	8
 1094 042a 8B       		.byte	-117
 1095 042b 02       		.byte	2
 1096 042c 8C       		.byte	-116
 1097 042d 88       		.byte	-120
 1098 042e 8D       		.byte	-115
 1099 042f 20       		.byte	32
 1100 0430 8E       		.byte	-114
 1101 0431 02       		.byte	2
 1102 0432 8F       		.byte	-113
 1103 0433 81       		.byte	-127
 1104 0434 95       		.byte	-107
 1105 0435 10       		.byte	16
 1106 0436 97       		.byte	-105
 1107 0437 01       		.byte	1
 1108 0438 9C       		.byte	-100
 1109 0439 91       		.byte	-111
 1110 043a 9E       		.byte	-98
 1111 043b 2A       		.byte	42
 1112 043c 9F       		.byte	-97
 1113 043d 03       		.byte	3
 1114 043e A6       		.byte	-90
 1115 043f 20       		.byte	32
 1116 0440 A7       		.byte	-89
 1117 0441 A0       		.byte	-96
 1118 0442 AB       		.byte	-85
 1119 0443 40       		.byte	64
 1120 0444 C0       		.byte	-64
 1121 0445 EA       		.byte	-22
 1122 0446 C2       		.byte	-62
 1123 0447 83       		.byte	-125
 1124 0448 C4       		.byte	-60
 1125 0449 BD       		.byte	-67
 1126 044a CA       		.byte	-54
 1127 044b F7       		.byte	-9
 1128 044c CC       		.byte	-52
 1129 044d D7       		.byte	-41
 1130 044e CE       		.byte	-50
 1131 044f 01       		.byte	1
 1132 0450 E0       		.byte	-32
 1133 0451 70       		.byte	112
 1134 0452 E4       		.byte	-28
 1135 0453 10       		.byte	16
 1136 0454 EE       		.byte	-18
 1137 0455 04       		.byte	4
 1138 0456 58       		.byte	88
 1139 0457 04       		.byte	4
 1140 0458 59       		.byte	89
ARM GAS  C:\Users\mitchell\AppData\Local\Temp\cckANPgD.s 			page 21


 1141 0459 04       		.byte	4
 1142 045a 5C       		.byte	92
 1143 045b 22       		.byte	34
 1144 045c 5F       		.byte	95
 1145 045d 01       		.byte	1
 1146 045e 85       		.byte	-123
 1147 045f 01       		.byte	1
 1148 0460 89       		.byte	-119
 1149 0461 01       		.byte	1
 1150 0462 91       		.byte	-111
 1151 0463 01       		.byte	1
 1152 0464 97       		.byte	-105
 1153 0465 01       		.byte	1
 1154 0466 9D       		.byte	-99
 1155 0467 01       		.byte	1
 1156 0468 A1       		.byte	-95
 1157 0469 01       		.byte	1
 1158 046a A5       		.byte	-91
 1159 046b 01       		.byte	1
 1160 046c B1       		.byte	-79
 1161 046d 01       		.byte	1
 1162 046e D8       		.byte	-40
 1163 046f 04       		.byte	4
 1164 0470 D9       		.byte	-39
 1165 0471 04       		.byte	4
 1166 0472 DC       		.byte	-36
 1167 0473 22       		.byte	34
 1168 0474 DF       		.byte	-33
 1169 0475 01       		.byte	1
 1170 0476 03       		.byte	3
 1171 0477 80       		.byte	-128
 1172 0478 06       		.byte	6
 1173 0479 1A       		.byte	26
 1174 047a 08       		.byte	8
 1175 047b 90       		.byte	-112
 1176 047c 0E       		.byte	14
 1177 047d 02       		.byte	2
 1178 047e 10       		.byte	16
 1179 047f 01       		.byte	1
 1180 0480 11       		.byte	17
 1181 0481 10       		.byte	16
 1182 0482 12       		.byte	18
 1183 0483 30       		.byte	48
 1184 0484 13       		.byte	19
 1185 0485 0A       		.byte	10
 1186 0486 14       		.byte	20
 1187 0487 90       		.byte	-112
 1188 0488 15       		.byte	21
 1189 0489 10       		.byte	16
 1190 048a 27       		.byte	39
 1191 048b 40       		.byte	64
 1192 048c 28       		.byte	40
 1193 048d 90       		.byte	-112
 1194 048e 2C       		.byte	44
 1195 048f 10       		.byte	16
 1196 0490 2F       		.byte	47
 1197 0491 80       		.byte	-128
ARM GAS  C:\Users\mitchell\AppData\Local\Temp\cckANPgD.s 			page 22


 1198 0492 30       		.byte	48
 1199 0493 01       		.byte	1
 1200 0494 32       		.byte	50
 1201 0495 20       		.byte	32
 1202 0496 33       		.byte	51
 1203 0497 80       		.byte	-128
 1204 0498 34       		.byte	52
 1205 0499 81       		.byte	-127
 1206 049a 36       		.byte	54
 1207 049b 01       		.byte	1
 1208 049c 37       		.byte	55
 1209 049d 08       		.byte	8
 1210 049e 39       		.byte	57
 1211 049f 10       		.byte	16
 1212 04a0 3A       		.byte	58
 1213 04a1 08       		.byte	8
 1214 04a2 3D       		.byte	61
 1215 04a3 10       		.byte	16
 1216 04a4 3E       		.byte	62
 1217 04a5 08       		.byte	8
 1218 04a6 97       		.byte	-105
 1219 04a7 01       		.byte	1
 1220 04a8 9E       		.byte	-98
 1221 04a9 20       		.byte	32
 1222 04aa 9F       		.byte	-97
 1223 04ab 01       		.byte	1
 1224 04ac A7       		.byte	-89
 1225 04ad 20       		.byte	32
 1226 04ae AB       		.byte	-85
 1227 04af 01       		.byte	1
 1228 04b0 AE       		.byte	-82
 1229 04b1 20       		.byte	32
 1230 04b2 AF       		.byte	-81
 1231 04b3 20       		.byte	32
 1232 04b4 B0       		.byte	-80
 1233 04b5 40       		.byte	64
 1234 04b6 B7       		.byte	-73
 1235 04b7 20       		.byte	32
 1236 04b8 C0       		.byte	-64
 1237 04b9 E8       		.byte	-24
 1238 04ba C2       		.byte	-62
 1239 04bb 83       		.byte	-125
 1240 04bc C4       		.byte	-60
 1241 04bd 7F       		.byte	127
 1242 04be CA       		.byte	-54
 1243 04bf C3       		.byte	-61
 1244 04c0 CC       		.byte	-52
 1245 04c1 DD       		.byte	-35
 1246 04c2 CE       		.byte	-50
 1247 04c3 66       		.byte	102
 1248 04c4 E8       		.byte	-24
 1249 04c5 80       		.byte	-128
 1250 04c6 EA       		.byte	-22
 1251 04c7 44       		.byte	68
 1252 04c8 EE       		.byte	-18
 1253 04c9 80       		.byte	-128
 1254 04ca 01       		.byte	1
ARM GAS  C:\Users\mitchell\AppData\Local\Temp\cckANPgD.s 			page 23


 1255 04cb 01       		.byte	1
 1256 04cc 05       		.byte	5
 1257 04cd 01       		.byte	1
 1258 04ce 09       		.byte	9
 1259 04cf 01       		.byte	1
 1260 04d0 11       		.byte	17
 1261 04d1 01       		.byte	1
 1262 04d2 19       		.byte	25
 1263 04d3 01       		.byte	1
 1264 04d4 23       		.byte	35
 1265 04d5 01       		.byte	1
 1266 04d6 29       		.byte	41
 1267 04d7 01       		.byte	1
 1268 04d8 33       		.byte	51
 1269 04d9 01       		.byte	1
 1270 04da 58       		.byte	88
 1271 04db 04       		.byte	4
 1272 04dc 59       		.byte	89
 1273 04dd 04       		.byte	4
 1274 04de 5C       		.byte	92
 1275 04df 11       		.byte	17
 1276 04e0 5F       		.byte	95
 1277 04e1 01       		.byte	1
 1278 04e2 D8       		.byte	-40
 1279 04e3 04       		.byte	4
 1280 04e4 D9       		.byte	-39
 1281 04e5 04       		.byte	4
 1282 04e6 DC       		.byte	-36
 1283 04e7 11       		.byte	17
 1284 04e8 DF       		.byte	-33
 1285 04e9 01       		.byte	1
 1286 04ea 00       		.byte	0
 1287 04eb 04       		.byte	4
 1288 04ec 03       		.byte	3
 1289 04ed 01       		.byte	1
 1290 04ee 04       		.byte	4
 1291 04ef 04       		.byte	4
 1292 04f0 06       		.byte	6
 1293 04f1 20       		.byte	32
 1294 04f2 07       		.byte	7
 1295 04f3 01       		.byte	1
 1296 04f4 08       		.byte	8
 1297 04f5 20       		.byte	32
 1298 04f6 0B       		.byte	11
 1299 04f7 01       		.byte	1
 1300 04f8 0F       		.byte	15
 1301 04f9 09       		.byte	9
 1302 04fa 10       		.byte	16
 1303 04fb 40       		.byte	64
 1304 04fc 11       		.byte	17
 1305 04fd 40       		.byte	64
 1306 04fe 12       		.byte	18
 1307 04ff 04       		.byte	4
 1308 0500 14       		.byte	20
 1309 0501 60       		.byte	96
 1310 0502 16       		.byte	22
 1311 0503 04       		.byte	4
ARM GAS  C:\Users\mitchell\AppData\Local\Temp\cckANPgD.s 			page 24


 1312 0504 25       		.byte	37
 1313 0505 08       		.byte	8
 1314 0506 28       		.byte	40
 1315 0507 60       		.byte	96
 1316 0508 2B       		.byte	43
 1317 0509 04       		.byte	4
 1318 050a 2C       		.byte	44
 1319 050b 48       		.byte	72
 1320 050c 33       		.byte	51
 1321 050d 01       		.byte	1
 1322 050e 34       		.byte	52
 1323 050f 20       		.byte	32
 1324 0510 37       		.byte	55
 1325 0511 21       		.byte	33
 1326 0512 3A       		.byte	58
 1327 0513 24       		.byte	36
 1328 0514 3B       		.byte	59
 1329 0515 01       		.byte	1
 1330 0516 3E       		.byte	62
 1331 0517 20       		.byte	32
 1332 0518 3F       		.byte	63
 1333 0519 09       		.byte	9
 1334 051a 85       		.byte	-123
 1335 051b 08       		.byte	8
 1336 051c 8B       		.byte	-117
 1337 051d 01       		.byte	1
 1338 051e 8C       		.byte	-116
 1339 051f 08       		.byte	8
 1340 0520 8D       		.byte	-115
 1341 0521 40       		.byte	64
 1342 0522 8E       		.byte	-114
 1343 0523 04       		.byte	4
 1344 0524 8F       		.byte	-113
 1345 0525 04       		.byte	4
 1346 0526 C0       		.byte	-64
 1347 0527 A5       		.byte	-91
 1348 0528 C2       		.byte	-62
 1349 0529 C3       		.byte	-61
 1350 052a C4       		.byte	-60
 1351 052b 7B       		.byte	123
 1352 052c CA       		.byte	-54
 1353 052d A7       		.byte	-89
 1354 052e CC       		.byte	-52
 1355 052f A1       		.byte	-95
 1356 0530 CE       		.byte	-50
 1357 0531 E7       		.byte	-25
 1358 0532 E0       		.byte	-32
 1359 0533 40       		.byte	64
 1360 0534 E4       		.byte	-28
 1361 0535 10       		.byte	16
 1362 0536 E6       		.byte	-26
 1363 0537 28       		.byte	40
 1364 0538 00       		.byte	0
 1365 0539 01       		.byte	1
 1366 053a 03       		.byte	3
 1367 053b 04       		.byte	4
 1368 053c 04       		.byte	4
ARM GAS  C:\Users\mitchell\AppData\Local\Temp\cckANPgD.s 			page 25


 1369 053d 02       		.byte	2
 1370 053e 07       		.byte	7
 1371 053f 01       		.byte	1
 1372 0540 0B       		.byte	11
 1373 0541 02       		.byte	2
 1374 0542 0E       		.byte	14
 1375 0543 10       		.byte	16
 1376 0544 1A       		.byte	26
 1377 0545 01       		.byte	1
 1378 0546 1E       		.byte	30
 1379 0547 02       		.byte	2
 1380 0548 22       		.byte	34
 1381 0549 04       		.byte	4
 1382 054a 26       		.byte	38
 1383 054b 08       		.byte	8
 1384 054c 28       		.byte	40
 1385 054d 04       		.byte	4
 1386 054e 2C       		.byte	44
 1387 054f 08       		.byte	8
 1388 0550 31       		.byte	49
 1389 0551 01       		.byte	1
 1390 0552 32       		.byte	50
 1391 0553 1F       		.byte	31
 1392 0554 33       		.byte	51
 1393 0555 04       		.byte	4
 1394 0556 37       		.byte	55
 1395 0557 02       		.byte	2
 1396 0558 38       		.byte	56
 1397 0559 08       		.byte	8
 1398 055a 3E       		.byte	62
 1399 055b 04       		.byte	4
 1400 055c 58       		.byte	88
 1401 055d 04       		.byte	4
 1402 055e 59       		.byte	89
 1403 055f 04       		.byte	4
 1404 0560 5C       		.byte	92
 1405 0561 11       		.byte	17
 1406 0562 5F       		.byte	95
 1407 0563 01       		.byte	1
 1408 0564 A2       		.byte	-94
 1409 0565 01       		.byte	1
 1410 0566 B4       		.byte	-76
 1411 0567 01       		.byte	1
 1412 0568 D8       		.byte	-40
 1413 0569 04       		.byte	4
 1414 056a D9       		.byte	-39
 1415 056b 04       		.byte	4
 1416 056c DC       		.byte	-36
 1417 056d 21       		.byte	33
 1418 056e DF       		.byte	-33
 1419 056f 01       		.byte	1
 1420 0570 00       		.byte	0
 1421 0571 42       		.byte	66
 1422 0572 02       		.byte	2
 1423 0573 40       		.byte	64
 1424 0574 03       		.byte	3
 1425 0575 28       		.byte	40
ARM GAS  C:\Users\mitchell\AppData\Local\Temp\cckANPgD.s 			page 26


 1426 0576 05       		.byte	5
 1427 0577 18       		.byte	24
 1428 0578 06       		.byte	6
 1429 0579 40       		.byte	64
 1430 057a 08       		.byte	8
 1431 057b 84       		.byte	-124
 1432 057c 0A       		.byte	10
 1433 057d 85       		.byte	-123
 1434 057e 0C       		.byte	12
 1435 057f 04       		.byte	4
 1436 0580 0F       		.byte	15
 1437 0581 40       		.byte	64
 1438 0582 11       		.byte	17
 1439 0583 05       		.byte	5
 1440 0584 12       		.byte	18
 1441 0585 0A       		.byte	10
 1442 0586 14       		.byte	20
 1443 0587 80       		.byte	-128
 1444 0588 15       		.byte	21
 1445 0589 80       		.byte	-128
 1446 058a 17       		.byte	23
 1447 058b 20       		.byte	32
 1448 058c 19       		.byte	25
 1449 058d 08       		.byte	8
 1450 058e 1B       		.byte	27
 1451 058f 08       		.byte	8
 1452 0590 1D       		.byte	29
 1453 0591 10       		.byte	16
 1454 0592 1F       		.byte	31
 1455 0593 20       		.byte	32
 1456 0594 20       		.byte	32
 1457 0595 02       		.byte	2
 1458 0596 22       		.byte	34
 1459 0597 0A       		.byte	10
 1460 0598 23       		.byte	35
 1461 0599 60       		.byte	96
 1462 059a 28       		.byte	40
 1463 059b 04       		.byte	4
 1464 059c 29       		.byte	41
 1465 059d 08       		.byte	8
 1466 059e 2A       		.byte	42
 1467 059f 40       		.byte	64
 1468 05a0 2C       		.byte	44
 1469 05a1 10       		.byte	16
 1470 05a2 2E       		.byte	46
 1471 05a3 02       		.byte	2
 1472 05a4 32       		.byte	50
 1473 05a5 48       		.byte	72
 1474 05a6 33       		.byte	51
 1475 05a7 20       		.byte	32
 1476 05a8 36       		.byte	54
 1477 05a9 50       		.byte	80
 1478 05aa 39       		.byte	57
 1479 05ab 25       		.byte	37
 1480 05ac 3B       		.byte	59
 1481 05ad 40       		.byte	64
 1482 05ae 3C       		.byte	60
ARM GAS  C:\Users\mitchell\AppData\Local\Temp\cckANPgD.s 			page 27


 1483 05af 10       		.byte	16
 1484 05b0 3D       		.byte	61
 1485 05b1 02       		.byte	2
 1486 05b2 3F       		.byte	63
 1487 05b3 08       		.byte	8
 1488 05b4 41       		.byte	65
 1489 05b5 10       		.byte	16
 1490 05b6 42       		.byte	66
 1491 05b7 04       		.byte	4
 1492 05b8 81       		.byte	-127
 1493 05b9 08       		.byte	8
 1494 05ba 84       		.byte	-124
 1495 05bb 01       		.byte	1
 1496 05bc 88       		.byte	-120
 1497 05bd 10       		.byte	16
 1498 05be 8B       		.byte	-117
 1499 05bf 20       		.byte	32
 1500 05c0 90       		.byte	-112
 1501 05c1 50       		.byte	80
 1502 05c2 91       		.byte	-111
 1503 05c3 85       		.byte	-123
 1504 05c4 92       		.byte	-110
 1505 05c5 85       		.byte	-123
 1506 05c6 98       		.byte	-104
 1507 05c7 04       		.byte	4
 1508 05c8 9A       		.byte	-102
 1509 05c9 02       		.byte	2
 1510 05ca 9D       		.byte	-99
 1511 05cb 08       		.byte	8
 1512 05cc A1       		.byte	-95
 1513 05cd 01       		.byte	1
 1514 05ce A2       		.byte	-94
 1515 05cf 50       		.byte	80
 1516 05d0 A3       		.byte	-93
 1517 05d1 04       		.byte	4
 1518 05d2 A4       		.byte	-92
 1519 05d3 01       		.byte	1
 1520 05d4 A6       		.byte	-90
 1521 05d5 0A       		.byte	10
 1522 05d6 A7       		.byte	-89
 1523 05d7 20       		.byte	32
 1524 05d8 B6       		.byte	-74
 1525 05d9 08       		.byte	8
 1526 05da C0       		.byte	-64
 1527 05db 7F       		.byte	127
 1528 05dc C2       		.byte	-62
 1529 05dd 3F       		.byte	63
 1530 05de C4       		.byte	-60
 1531 05df DF       		.byte	-33
 1532 05e0 CA       		.byte	-54
 1533 05e1 CE       		.byte	-50
 1534 05e2 CC       		.byte	-52
 1535 05e3 3E       		.byte	62
 1536 05e4 CE       		.byte	-50
 1537 05e5 EF       		.byte	-17
 1538 05e6 E4       		.byte	-28
 1539 05e7 0C       		.byte	12
ARM GAS  C:\Users\mitchell\AppData\Local\Temp\cckANPgD.s 			page 28


 1540 05e8 E8       		.byte	-24
 1541 05e9 04       		.byte	4
 1542 05ea 58       		.byte	88
 1543 05eb 04       		.byte	4
 1544 05ec 59       		.byte	89
 1545 05ed 04       		.byte	4
 1546 05ee 5C       		.byte	92
 1547 05ef 11       		.byte	17
 1548 05f0 5F       		.byte	95
 1549 05f1 01       		.byte	1
 1550 05f2 82       		.byte	-126
 1551 05f3 01       		.byte	1
 1552 05f4 83       		.byte	-125
 1553 05f5 01       		.byte	1
 1554 05f6 86       		.byte	-122
 1555 05f7 02       		.byte	2
 1556 05f8 8A       		.byte	-118
 1557 05f9 04       		.byte	4
 1558 05fa 8B       		.byte	-117
 1559 05fb 02       		.byte	2
 1560 05fc 8E       		.byte	-114
 1561 05fd 08       		.byte	8
 1562 05fe 90       		.byte	-112
 1563 05ff 10       		.byte	16
 1564 0600 92       		.byte	-110
 1565 0601 20       		.byte	32
 1566 0602 94       		.byte	-108
 1567 0603 40       		.byte	64
 1568 0604 96       		.byte	-106
 1569 0605 80       		.byte	-128
 1570 0606 98       		.byte	-104
 1571 0607 01       		.byte	1
 1572 0608 9C       		.byte	-100
 1573 0609 02       		.byte	2
 1574 060a A0       		.byte	-96
 1575 060b 04       		.byte	4
 1576 060c A4       		.byte	-92
 1577 060d 08       		.byte	8
 1578 060e A8       		.byte	-88
 1579 060f 20       		.byte	32
 1580 0610 AA       		.byte	-86
 1581 0611 10       		.byte	16
 1582 0612 AC       		.byte	-84
 1583 0613 80       		.byte	-128
 1584 0614 AE       		.byte	-82
 1585 0615 40       		.byte	64
 1586 0616 B0       		.byte	-80
 1587 0617 FF       		.byte	-1
 1588 0618 B3       		.byte	-77
 1589 0619 01       		.byte	1
 1590 061a B7       		.byte	-73
 1591 061b 02       		.byte	2
 1592 061c BE       		.byte	-66
 1593 061d 01       		.byte	1
 1594 061e D6       		.byte	-42
 1595 061f 02       		.byte	2
 1596 0620 D7       		.byte	-41
ARM GAS  C:\Users\mitchell\AppData\Local\Temp\cckANPgD.s 			page 29


 1597 0621 35       		.byte	53
 1598 0622 D8       		.byte	-40
 1599 0623 04       		.byte	4
 1600 0624 D9       		.byte	-39
 1601 0625 04       		.byte	4
 1602 0626 DB       		.byte	-37
 1603 0627 0C       		.byte	12
 1604 0628 DC       		.byte	-36
 1605 0629 10       		.byte	16
 1606 062a DD       		.byte	-35
 1607 062b 10       		.byte	16
 1608 062c DF       		.byte	-33
 1609 062d 01       		.byte	1
 1610 062e 00       		.byte	0
 1611 062f 02       		.byte	2
 1612 0630 01       		.byte	1
 1613 0631 02       		.byte	2
 1614 0632 02       		.byte	2
 1615 0633 5E       		.byte	94
 1616 0634 03       		.byte	3
 1617 0635 23       		.byte	35
 1618 0636 06       		.byte	6
 1619 0637 54       		.byte	84
 1620 0638 07       		.byte	7
 1621 0639 01       		.byte	1
 1622 063a 08       		.byte	8
 1623 063b 05       		.byte	5
 1624 063c 09       		.byte	9
 1625 063d 08       		.byte	8
 1626 063e 0A       		.byte	10
 1627 063f 85       		.byte	-123
 1628 0640 0D       		.byte	13
 1629 0641 08       		.byte	8
 1630 0642 10       		.byte	16
 1631 0643 0A       		.byte	10
 1632 0644 11       		.byte	17
 1633 0645 05       		.byte	5
 1634 0646 12       		.byte	18
 1635 0647 01       		.byte	1
 1636 0648 14       		.byte	20
 1637 0649 20       		.byte	32
 1638 064a 15       		.byte	21
 1639 064b 80       		.byte	-128
 1640 064c 18       		.byte	24
 1641 064d 40       		.byte	64
 1642 064e 21       		.byte	33
 1643 064f 48       		.byte	72
 1644 0650 22       		.byte	34
 1645 0651 C0       		.byte	-64
 1646 0652 28       		.byte	40
 1647 0653 04       		.byte	4
 1648 0654 2B       		.byte	43
 1649 0655 22       		.byte	34
 1650 0656 2C       		.byte	44
 1651 0657 04       		.byte	4
 1652 0658 2F       		.byte	47
 1653 0659 A2       		.byte	-94
ARM GAS  C:\Users\mitchell\AppData\Local\Temp\cckANPgD.s 			page 30


 1654 065a 32       		.byte	50
 1655 065b 48       		.byte	72
 1656 065c 36       		.byte	54
 1657 065d 88       		.byte	-120
 1658 065e 39       		.byte	57
 1659 065f 10       		.byte	16
 1660 0660 3A       		.byte	58
 1661 0661 41       		.byte	65
 1662 0662 3B       		.byte	59
 1663 0663 08       		.byte	8
 1664 0664 3C       		.byte	60
 1665 0665 02       		.byte	2
 1666 0666 5A       		.byte	90
 1667 0667 10       		.byte	16
 1668 0668 61       		.byte	97
 1669 0669 10       		.byte	16
 1670 066a 68       		.byte	104
 1671 066b 0A       		.byte	10
 1672 066c 69       		.byte	105
 1673 066d 15       		.byte	21
 1674 066e 72       		.byte	114
 1675 066f 05       		.byte	5
 1676 0670 79       		.byte	121
 1677 0671 40       		.byte	64
 1678 0672 86       		.byte	-122
 1679 0673 02       		.byte	2
 1680 0674 88       		.byte	-120
 1681 0675 20       		.byte	32
 1682 0676 89       		.byte	-119
 1683 0677 08       		.byte	8
 1684 0678 8B       		.byte	-117
 1685 0679 84       		.byte	-124
 1686 067a 8E       		.byte	-114
 1687 067b 40       		.byte	64
 1688 067c 90       		.byte	-112
 1689 067d 10       		.byte	16
 1690 067e 91       		.byte	-111
 1691 067f 40       		.byte	64
 1692 0680 92       		.byte	-110
 1693 0681 10       		.byte	16
 1694 0682 95       		.byte	-107
 1695 0683 80       		.byte	-128
 1696 0684 99       		.byte	-103
 1697 0685 10       		.byte	16
 1698 0686 9A       		.byte	-102
 1699 0687 02       		.byte	2
 1700 0688 9C       		.byte	-100
 1701 0689 01       		.byte	1
 1702 068a 9D       		.byte	-99
 1703 068b 0A       		.byte	10
 1704 068c 9E       		.byte	-98
 1705 068d 10       		.byte	16
 1706 068e A1       		.byte	-95
 1707 068f 01       		.byte	1
 1708 0690 A2       		.byte	-94
 1709 0691 50       		.byte	80
 1710 0692 A3       		.byte	-93
ARM GAS  C:\Users\mitchell\AppData\Local\Temp\cckANPgD.s 			page 31


 1711 0693 04       		.byte	4
 1712 0694 A5       		.byte	-91
 1713 0695 08       		.byte	8
 1714 0696 A6       		.byte	-90
 1715 0697 02       		.byte	2
 1716 0698 B2       		.byte	-78
 1717 0699 14       		.byte	20
 1718 069a C0       		.byte	-64
 1719 069b FF       		.byte	-1
 1720 069c C2       		.byte	-62
 1721 069d 2F       		.byte	47
 1722 069e C4       		.byte	-60
 1723 069f AF       		.byte	-81
 1724 06a0 CA       		.byte	-54
 1725 06a1 FE       		.byte	-2
 1726 06a2 CC       		.byte	-52
 1727 06a3 5A       		.byte	90
 1728 06a4 CE       		.byte	-50
 1729 06a5 8F       		.byte	-113
 1730 06a6 D6       		.byte	-42
 1731 06a7 04       		.byte	4
 1732 06a8 D8       		.byte	-40
 1733 06a9 04       		.byte	4
 1734 06aa DE       		.byte	-34
 1735 06ab 08       		.byte	8
 1736 06ac E0       		.byte	-32
 1737 06ad 03       		.byte	3
 1738 06ae E6       		.byte	-26
 1739 06af 02       		.byte	2
 1740 06b0 58       		.byte	88
 1741 06b1 04       		.byte	4
 1742 06b2 59       		.byte	89
 1743 06b3 04       		.byte	4
 1744 06b4 5C       		.byte	92
 1745 06b5 22       		.byte	34
 1746 06b6 5F       		.byte	95
 1747 06b7 01       		.byte	1
 1748 06b8 84       		.byte	-124
 1749 06b9 01       		.byte	1
 1750 06ba 8C       		.byte	-116
 1751 06bb 01       		.byte	1
 1752 06bc 94       		.byte	-108
 1753 06bd 01       		.byte	1
 1754 06be 9A       		.byte	-102
 1755 06bf 01       		.byte	1
 1756 06c0 9C       		.byte	-100
 1757 06c1 01       		.byte	1
 1758 06c2 A0       		.byte	-96
 1759 06c3 01       		.byte	1
 1760 06c4 AA       		.byte	-86
 1761 06c5 01       		.byte	1
 1762 06c6 B4       		.byte	-76
 1763 06c7 01       		.byte	1
 1764 06c8 D8       		.byte	-40
 1765 06c9 04       		.byte	4
 1766 06ca D9       		.byte	-39
 1767 06cb 04       		.byte	4
ARM GAS  C:\Users\mitchell\AppData\Local\Temp\cckANPgD.s 			page 32


 1768 06cc DC       		.byte	-36
 1769 06cd 21       		.byte	33
 1770 06ce DF       		.byte	-33
 1771 06cf 01       		.byte	1
 1772 06d0 01       		.byte	1
 1773 06d1 08       		.byte	8
 1774 06d2 03       		.byte	3
 1775 06d3 01       		.byte	1
 1776 06d4 06       		.byte	6
 1777 06d5 02       		.byte	2
 1778 06d6 09       		.byte	9
 1779 06d7 84       		.byte	-124
 1780 06d8 0A       		.byte	10
 1781 06d9 08       		.byte	8
 1782 06da 0C       		.byte	12
 1783 06db 01       		.byte	1
 1784 06dc 0F       		.byte	15
 1785 06dd 04       		.byte	4
 1786 06de 10       		.byte	16
 1787 06df 4C       		.byte	76
 1788 06e0 12       		.byte	18
 1789 06e1 20       		.byte	32
 1790 06e2 13       		.byte	19
 1791 06e3 04       		.byte	4
 1792 06e4 14       		.byte	20
 1793 06e5 92       		.byte	-110
 1794 06e6 15       		.byte	21
 1795 06e7 10       		.byte	16
 1796 06e8 1B       		.byte	27
 1797 06e9 20       		.byte	32
 1798 06ea 28       		.byte	40
 1799 06eb 82       		.byte	-126
 1800 06ec 2C       		.byte	44
 1801 06ed 11       		.byte	17
 1802 06ee 2D       		.byte	45
 1803 06ef 10       		.byte	16
 1804 06f0 2F       		.byte	47
 1805 06f1 80       		.byte	-128
 1806 06f2 30       		.byte	48
 1807 06f3 11       		.byte	17
 1808 06f4 33       		.byte	51
 1809 06f5 08       		.byte	8
 1810 06f6 34       		.byte	52
 1811 06f7 82       		.byte	-126
 1812 06f8 36       		.byte	54
 1813 06f9 20       		.byte	32
 1814 06fa 37       		.byte	55
 1815 06fb 02       		.byte	2
 1816 06fc 39       		.byte	57
 1817 06fd 10       		.byte	16
 1818 06fe 3A       		.byte	58
 1819 06ff 02       		.byte	2
 1820 0700 84       		.byte	-124
 1821 0701 04       		.byte	4
 1822 0702 87       		.byte	-121
 1823 0703 01       		.byte	1
 1824 0704 8A       		.byte	-118
ARM GAS  C:\Users\mitchell\AppData\Local\Temp\cckANPgD.s 			page 33


 1825 0705 04       		.byte	4
 1826 0706 8D       		.byte	-115
 1827 0707 80       		.byte	-128
 1828 0708 91       		.byte	-111
 1829 0709 10       		.byte	16
 1830 070a 98       		.byte	-104
 1831 070b 91       		.byte	-111
 1832 070c 9A       		.byte	-102
 1833 070d 02       		.byte	2
 1834 070e 9B       		.byte	-101
 1835 070f 02       		.byte	2
 1836 0710 9E       		.byte	-98
 1837 0711 20       		.byte	32
 1838 0712 9F       		.byte	-97
 1839 0713 01       		.byte	1
 1840 0714 A0       		.byte	-96
 1841 0715 08       		.byte	8
 1842 0716 A2       		.byte	-94
 1843 0717 20       		.byte	32
 1844 0718 A3       		.byte	-93
 1845 0719 88       		.byte	-120
 1846 071a A7       		.byte	-89
 1847 071b 20       		.byte	32
 1848 071c B0       		.byte	-80
 1849 071d 41       		.byte	65
 1850 071e B1       		.byte	-79
 1851 071f 10       		.byte	16
 1852 0720 C0       		.byte	-64
 1853 0721 85       		.byte	-123
 1854 0722 C2       		.byte	-62
 1855 0723 57       		.byte	87
 1856 0724 C4       		.byte	-60
 1857 0725 FA       		.byte	-6
 1858 0726 CA       		.byte	-54
 1859 0727 F9       		.byte	-7
 1860 0728 CC       		.byte	-52
 1861 0729 B7       		.byte	-73
 1862 072a CE       		.byte	-50
 1863 072b 05       		.byte	5
 1864 072c E0       		.byte	-32
 1865 072d 91       		.byte	-111
 1866 072e E8       		.byte	-24
 1867 072f 80       		.byte	-128
 1868 0730 EC       		.byte	-20
 1869 0731 20       		.byte	32
 1870 0732 09       		.byte	9
 1871 0733 01       		.byte	1
 1872 0734 11       		.byte	17
 1873 0735 01       		.byte	1
 1874 0736 1B       		.byte	27
 1875 0737 01       		.byte	1
 1876 0738 1D       		.byte	29
 1877 0739 01       		.byte	1
 1878 073a 23       		.byte	35
 1879 073b 01       		.byte	1
 1880 073c 25       		.byte	37
 1881 073d 01       		.byte	1
ARM GAS  C:\Users\mitchell\AppData\Local\Temp\cckANPgD.s 			page 34


 1882 073e 2D       		.byte	45
 1883 073f 01       		.byte	1
 1884 0740 35       		.byte	53
 1885 0741 01       		.byte	1
 1886 0742 58       		.byte	88
 1887 0743 04       		.byte	4
 1888 0744 59       		.byte	89
 1889 0745 04       		.byte	4
 1890 0746 5C       		.byte	92
 1891 0747 22       		.byte	34
 1892 0748 5F       		.byte	95
 1893 0749 01       		.byte	1
 1894 074a D8       		.byte	-40
 1895 074b 04       		.byte	4
 1896 074c D9       		.byte	-39
 1897 074d 04       		.byte	4
 1898 074e DC       		.byte	-36
 1899 074f 21       		.byte	33
 1900 0750 DF       		.byte	-33
 1901 0751 01       		.byte	1
 1902 0752 01       		.byte	1
 1903 0753 04       		.byte	4
 1904 0754 03       		.byte	3
 1905 0755 80       		.byte	-128
 1906 0756 06       		.byte	6
 1907 0757 20       		.byte	32
 1908 0758 07       		.byte	7
 1909 0759 01       		.byte	1
 1910 075a 08       		.byte	8
 1911 075b 81       		.byte	-127
 1912 075c 0D       		.byte	13
 1913 075d 80       		.byte	-128
 1914 075e 0E       		.byte	14
 1915 075f 28       		.byte	40
 1916 0760 11       		.byte	17
 1917 0761 10       		.byte	16
 1918 0762 12       		.byte	18
 1919 0763 20       		.byte	32
 1920 0764 13       		.byte	19
 1921 0765 02       		.byte	2
 1922 0766 14       		.byte	20
 1923 0767 44       		.byte	68
 1924 0768 20       		.byte	32
 1925 0769 08       		.byte	8
 1926 076a 28       		.byte	40
 1927 076b 92       		.byte	-110
 1928 076c 2C       		.byte	44
 1929 076d 11       		.byte	17
 1930 076e 2D       		.byte	45
 1931 076f 14       		.byte	20
 1932 0770 2F       		.byte	47
 1933 0771 80       		.byte	-128
 1934 0772 30       		.byte	48
 1935 0773 01       		.byte	1
 1936 0774 32       		.byte	50
 1937 0775 20       		.byte	32
 1938 0776 33       		.byte	51
ARM GAS  C:\Users\mitchell\AppData\Local\Temp\cckANPgD.s 			page 35


 1939 0777 80       		.byte	-128
 1940 0778 34       		.byte	52
 1941 0779 80       		.byte	-128
 1942 077a 36       		.byte	54
 1943 077b 20       		.byte	32
 1944 077c 37       		.byte	55
 1945 077d 02       		.byte	2
 1946 077e 39       		.byte	57
 1947 077f 10       		.byte	16
 1948 0780 82       		.byte	-126
 1949 0781 04       		.byte	4
 1950 0782 84       		.byte	-124
 1951 0783 40       		.byte	64
 1952 0784 89       		.byte	-119
 1953 0785 08       		.byte	8
 1954 0786 8A       		.byte	-118
 1955 0787 10       		.byte	16
 1956 0788 8B       		.byte	-117
 1957 0789 02       		.byte	2
 1958 078a 91       		.byte	-111
 1959 078b 10       		.byte	16
 1960 078c 98       		.byte	-104
 1961 078d 97       		.byte	-105
 1962 078e 9A       		.byte	-102
 1963 078f 20       		.byte	32
 1964 0790 9B       		.byte	-101
 1965 0791 03       		.byte	3
 1966 0792 9C       		.byte	-100
 1967 0793 40       		.byte	64
 1968 0794 9D       		.byte	-99
 1969 0795 08       		.byte	8
 1970 0796 A1       		.byte	-95
 1971 0797 80       		.byte	-128
 1972 0798 A2       		.byte	-94
 1973 0799 20       		.byte	32
 1974 079a A3       		.byte	-93
 1975 079b 80       		.byte	-128
 1976 079c A4       		.byte	-92
 1977 079d 04       		.byte	4
 1978 079e B5       		.byte	-75
 1979 079f 04       		.byte	4
 1980 07a0 B6       		.byte	-74
 1981 07a1 20       		.byte	32
 1982 07a2 C0       		.byte	-64
 1983 07a3 AC       		.byte	-84
 1984 07a4 C2       		.byte	-62
 1985 07a5 E9       		.byte	-23
 1986 07a6 C4       		.byte	-60
 1987 07a7 5E       		.byte	94
 1988 07a8 CA       		.byte	-54
 1989 07a9 FB       		.byte	-5
 1990 07aa CC       		.byte	-52
 1991 07ab BD       		.byte	-67
 1992 07ac CE       		.byte	-50
 1993 07ad 04       		.byte	4
 1994 07ae E0       		.byte	-32
 1995 07af 80       		.byte	-128
ARM GAS  C:\Users\mitchell\AppData\Local\Temp\cckANPgD.s 			page 36


 1996 07b0 E2       		.byte	-30
 1997 07b1 20       		.byte	32
 1998 07b2 E8       		.byte	-24
 1999 07b3 04       		.byte	4
 2000 07b4 EC       		.byte	-20
 2001 07b5 40       		.byte	64
 2002 07b6 10       		.byte	16
 2003 07b7 02       		.byte	2
 2004 07b8 13       		.byte	19
 2005 07b9 08       		.byte	8
 2006 07ba 16       		.byte	22
 2007 07bb 88       		.byte	-120
 2008 07bc 30       		.byte	48
 2009 07bd 80       		.byte	-128
 2010 07be 34       		.byte	52
 2011 07bf 80       		.byte	-128
 2012 07c0 3B       		.byte	59
 2013 07c1 02       		.byte	2
 2014 07c2 3E       		.byte	62
 2015 07c3 88       		.byte	-120
 2016 07c4 40       		.byte	64
 2017 07c5 08       		.byte	8
 2018 07c6 62       		.byte	98
 2019 07c7 02       		.byte	2
 2020 07c8 83       		.byte	-125
 2021 07c9 08       		.byte	8
 2022 07ca 84       		.byte	-124
 2023 07cb 02       		.byte	2
 2024 07cc C4       		.byte	-60
 2025 07cd F0       		.byte	-16
 2026 07ce CC       		.byte	-52
 2027 07cf 30       		.byte	48
 2028 07d0 CE       		.byte	-50
 2029 07d1 E0       		.byte	-32
 2030 07d2 D0       		.byte	-48
 2031 07d3 10       		.byte	16
 2032 07d4 D8       		.byte	-40
 2033 07d5 40       		.byte	64
 2034 07d6 E0       		.byte	-32
 2035 07d7 30       		.byte	48
 2036 07d8 52       		.byte	82
 2037 07d9 80       		.byte	-128
 2038 07da 56       		.byte	86
 2039 07db 02       		.byte	2
 2040 07dc 80       		.byte	-128
 2041 07dd 80       		.byte	-128
 2042 07de 84       		.byte	-124
 2043 07df 08       		.byte	8
 2044 07e0 86       		.byte	-122
 2045 07e1 02       		.byte	2
 2046 07e2 8C       		.byte	-116
 2047 07e3 80       		.byte	-128
 2048 07e4 97       		.byte	-105
 2049 07e5 02       		.byte	2
 2050 07e6 9C       		.byte	-100
 2051 07e7 88       		.byte	-120
 2052 07e8 A4       		.byte	-92
ARM GAS  C:\Users\mitchell\AppData\Local\Temp\cckANPgD.s 			page 37


 2053 07e9 80       		.byte	-128
 2054 07ea A6       		.byte	-90
 2055 07eb 02       		.byte	2
 2056 07ec D4       		.byte	-44
 2057 07ed 20       		.byte	32
 2058 07ee D6       		.byte	-42
 2059 07ef 20       		.byte	32
 2060 07f0 E2       		.byte	-30
 2061 07f1 60       		.byte	96
 2062 07f2 E6       		.byte	-26
 2063 07f3 10       		.byte	16
 2064 07f4 97       		.byte	-105
 2065 07f5 02       		.byte	2
 2066 07f6 AA       		.byte	-86
 2067 07f7 02       		.byte	2
 2068 07f8 B6       		.byte	-74
 2069 07f9 80       		.byte	-128
 2070 07fa EE       		.byte	-18
 2071 07fb 20       		.byte	32
 2072 07fc 9B       		.byte	-101
 2073 07fd 40       		.byte	64
 2074 07fe AB       		.byte	-85
 2075 07ff 41       		.byte	65
 2076 0800 EE       		.byte	-18
 2077 0801 A0       		.byte	-96
 2078 0802 20       		.byte	32
 2079 0803 20       		.byte	32
 2080 0804 85       		.byte	-123
 2081 0805 40       		.byte	64
 2082 0806 C8       		.byte	-56
 2083 0807 02       		.byte	2
 2084 0808 1B       		.byte	27
 2085 0809 04       		.byte	4
 2086 080a 27       		.byte	39
 2087 080b 10       		.byte	16
 2088 080c 9D       		.byte	-99
 2089 080d 40       		.byte	64
 2090 080e 9F       		.byte	-97
 2091 080f 10       		.byte	16
 2092 0810 AB       		.byte	-85
 2093 0811 10       		.byte	16
 2094 0812 B0       		.byte	-80
 2095 0813 10       		.byte	16
 2096 0814 C6       		.byte	-58
 2097 0815 08       		.byte	8
 2098 0816 C8       		.byte	-56
 2099 0817 01       		.byte	1
 2100 0818 EE       		.byte	-18
 2101 0819 01       		.byte	1
 2102 081a 47       		.byte	71
 2103 081b 80       		.byte	-128
 2104 081c 9D       		.byte	-99
 2105 081d 40       		.byte	64
 2106 081e AB       		.byte	-85
 2107 081f 04       		.byte	4
 2108 0820 D0       		.byte	-48
 2109 0821 04       		.byte	4
ARM GAS  C:\Users\mitchell\AppData\Local\Temp\cckANPgD.s 			page 38


 2110 0822 23       		.byte	35
 2111 0823 20       		.byte	32
 2112 0824 27       		.byte	39
 2113 0825 10       		.byte	16
 2114 0826 5E       		.byte	94
 2115 0827 80       		.byte	-128
 2116 0828 83       		.byte	-125
 2117 0829 20       		.byte	32
 2118 082a 86       		.byte	-122
 2119 082b 40       		.byte	64
 2120 082c 9B       		.byte	-101
 2121 082d 40       		.byte	64
 2122 082e C8       		.byte	-56
 2123 082f C0       		.byte	-64
 2124 0830 D6       		.byte	-42
 2125 0831 20       		.byte	32
 2126 0832 E0       		.byte	-32
 2127 0833 80       		.byte	-128
 2128 0834 E6       		.byte	-26
 2129 0835 40       		.byte	64
 2130 0836 5B       		.byte	91
 2131 0837 40       		.byte	64
 2132 0838 9B       		.byte	-101
 2133 0839 40       		.byte	64
 2134 083a AB       		.byte	-85
 2135 083b 10       		.byte	16
 2136 083c D4       		.byte	-44
 2137 083d 80       		.byte	-128
 2138 083e E8       		.byte	-24
 2139 083f 20       		.byte	32
 2140 0840 1D       		.byte	29
 2141 0841 40       		.byte	64
 2142 0842 37       		.byte	55
 2143 0843 08       		.byte	8
 2144 0844 83       		.byte	-125
 2145 0845 80       		.byte	-128
 2146 0846 9D       		.byte	-99
 2147 0847 40       		.byte	64
 2148 0848 9F       		.byte	-97
 2149 0849 80       		.byte	-128
 2150 084a C6       		.byte	-58
 2151 084b 01       		.byte	1
 2152 084c CC       		.byte	-52
 2153 084d 01       		.byte	1
 2154 084e AB       		.byte	-85
 2155 084f 08       		.byte	8
 2156 0850 00       		.byte	0
 2157 0851 07       		.byte	7
 2158 0852 01       		.byte	1
 2159 0853 01       		.byte	1
 2160 0854 08       		.byte	8
 2161 0855 07       		.byte	7
 2162 0856 09       		.byte	9
 2163 0857 01       		.byte	1
 2164 0858 0A       		.byte	10
 2165 0859 06       		.byte	6
 2166 085a 0C       		.byte	12
ARM GAS  C:\Users\mitchell\AppData\Local\Temp\cckANPgD.s 			page 39


 2167 085b 04       		.byte	4
 2168 085c 0E       		.byte	14
 2169 085d 02       		.byte	2
 2170 085e 10       		.byte	16
 2171 085f 06       		.byte	6
 2172 0860 1A       		.byte	26
 2173 0861 06       		.byte	6
 2174 0862 1C       		.byte	28
 2175 0863 06       		.byte	6
 2176 0864 00       		.byte	0
 2177 0865 0F       		.byte	15
 2178 0866 10       		.byte	16
 2179 0867 AA       		.byte	-86
 2180 0868 00       		.byte	0
 2181 0869 01       		.byte	1
 2182 086a 01       		.byte	1
 2183 086b 00       		.byte	0
 2184 086c 01       		.byte	1
 2185 086d 08       		.byte	8
 2186 086e 08       		.byte	8
 2187 086f 00       		.byte	0
 2188 0870 00       		.byte	0
 2189 0871 00       		.byte	0
 2190 0872 00       		.byte	0
 2191 0873 00       		.byte	0
 2192 0874 00       		.byte	0
 2193 0875 08       		.byte	8
 2194 0876 08       		.byte	8
 2195 0877 00       		.byte	0
 2196 0878 00       		.byte	0
 2197 0879 00       		.byte	0
 2198 087a 00       		.byte	0
 2199 087b 00       		.byte	0
 2200 087c 00       		.byte	0
 2201 087d 08       		.byte	8
 2202 087e 08       		.byte	8
 2203 087f 00       		.byte	0
 2204 0880 00       		.byte	0
 2205 0881 00       		.byte	0
 2206 0882 00       		.byte	0
 2207 0883 00       		.byte	0
 2208 0884 00       		.byte	0
 2209 0885 80       		.byte	-128
 2210 0886 80       		.byte	-128
 2211 0887 00       		.byte	0
 2212 0888 00       		.byte	0
 2213 0889 01       		.byte	1
 2214 088a 00       		.byte	0
 2215 088b 00       		.byte	0
 2216 088c 00       		.byte	0
 2217 088d 02       		.byte	2
 2218 088e 00       		.byte	0
 2219 088f 00       		.byte	0
 2220 0890 00       		.byte	0
 2221 0891 03       		.byte	3
 2222 0892 00       		.byte	0
 2223 0893 00       		.byte	0
ARM GAS  C:\Users\mitchell\AppData\Local\Temp\cckANPgD.s 			page 40


 2224              		.section	.cywolatch,"a",%progbits
 2225              		.align	2
 2226              		.type	cy_meta_wonvl, %object
 2227              		.size	cy_meta_wonvl, 4
 2228              	cy_meta_wonvl:
 2229 0000 BC       		.byte	-68
 2230 0001 90       		.byte	-112
 2231 0002 AC       		.byte	-84
 2232 0003 AF       		.byte	-81
 2233              		.section	.cycustnvl,"a",%progbits
 2234              		.align	2
 2235              		.type	cy_meta_custnvl, %object
 2236              		.size	cy_meta_custnvl, 4
 2237              	cy_meta_custnvl:
 2238 0000 00       		.byte	0
 2239 0001 00       		.byte	0
 2240 0002 40       		.byte	64
 2241 0003 05       		.byte	5
 2242              		.section	.cymeta,"a",%progbits
 2243              		.align	2
 2244              		.type	cy_metadata, %object
 2245              		.size	cy_metadata, 12
 2246              	cy_metadata:
 2247 0000 00       		.byte	0
 2248 0001 01       		.byte	1
 2249 0002 2E       		.byte	46
 2250 0003 12       		.byte	18
 2251 0004 30       		.byte	48
 2252 0005 69       		.byte	105
 2253 0006 00       		.byte	0
 2254 0007 01       		.byte	1
 2255 0008 00       		.byte	0
 2256 0009 00       		.byte	0
 2257 000a 00       		.byte	0
 2258 000b 00       		.byte	0
 2259              		.section	.cyflashprotect,"a",%progbits
 2260              		.align	2
 2261              		.type	cy_meta_flashprotect, %object
 2262              		.size	cy_meta_flashprotect, 256
 2263              	cy_meta_flashprotect:
 2264 0000 00000000 		.space	256
 2264      00000000 
 2264      00000000 
 2264      00000000 
 2264      00000000 
 2265              		.text
 2266              	.Letext0:
 2267              		.file 1 ".\\Generated_Source\\PSoC5\\cymetadata.c"
 2268              		.file 2 ".\\Generated_Source\\PSoC5\\cytypes.h"
 2269              		.section	.debug_info,"",%progbits
 2270              	.Ldebug_info0:
 2271 0000 3A010000 		.4byte	0x13a
 2272 0004 0400     		.2byte	0x4
 2273 0006 00000000 		.4byte	.Ldebug_abbrev0
 2274 000a 04       		.byte	0x4
 2275 000b 01       		.uleb128 0x1
 2276 000c DB000000 		.4byte	.LASF18
ARM GAS  C:\Users\mitchell\AppData\Local\Temp\cckANPgD.s 			page 41


 2277 0010 01       		.byte	0x1
 2278 0011 00000000 		.4byte	.LASF19
 2279 0015 6E010000 		.4byte	.LASF20
 2280 0019 00000000 		.4byte	.Ldebug_line0
 2281 001d 02       		.uleb128 0x2
 2282 001e 01       		.byte	0x1
 2283 001f 06       		.byte	0x6
 2284 0020 E9010000 		.4byte	.LASF0
 2285 0024 02       		.uleb128 0x2
 2286 0025 01       		.byte	0x1
 2287 0026 08       		.byte	0x8
 2288 0027 38000000 		.4byte	.LASF1
 2289 002b 02       		.uleb128 0x2
 2290 002c 02       		.byte	0x2
 2291 002d 05       		.byte	0x5
 2292 002e D0010000 		.4byte	.LASF2
 2293 0032 02       		.uleb128 0x2
 2294 0033 02       		.byte	0x2
 2295 0034 07       		.byte	0x7
 2296 0035 58000000 		.4byte	.LASF3
 2297 0039 02       		.uleb128 0x2
 2298 003a 04       		.byte	0x4
 2299 003b 05       		.byte	0x5
 2300 003c E0010000 		.4byte	.LASF4
 2301 0040 02       		.uleb128 0x2
 2302 0041 04       		.byte	0x4
 2303 0042 07       		.byte	0x7
 2304 0043 46000000 		.4byte	.LASF5
 2305 0047 02       		.uleb128 0x2
 2306 0048 08       		.byte	0x8
 2307 0049 05       		.byte	0x5
 2308 004a 60010000 		.4byte	.LASF6
 2309 004e 02       		.uleb128 0x2
 2310 004f 08       		.byte	0x8
 2311 0050 07       		.byte	0x7
 2312 0051 A1000000 		.4byte	.LASF7
 2313 0055 03       		.uleb128 0x3
 2314 0056 04       		.byte	0x4
 2315 0057 05       		.byte	0x5
 2316 0058 696E7400 		.ascii	"int\000"
 2317 005c 02       		.uleb128 0x2
 2318 005d 04       		.byte	0x4
 2319 005e 07       		.byte	0x7
 2320 005f 94000000 		.4byte	.LASF8
 2321 0063 04       		.uleb128 0x4
 2322 0064 DA010000 		.4byte	.LASF21
 2323 0068 02       		.byte	0x2
 2324 0069 B4       		.byte	0xb4
 2325 006a 24000000 		.4byte	0x24
 2326 006e 02       		.uleb128 0x2
 2327 006f 04       		.byte	0x4
 2328 0070 04       		.byte	0x4
 2329 0071 32000000 		.4byte	.LASF9
 2330 0075 02       		.uleb128 0x2
 2331 0076 08       		.byte	0x8
 2332 0077 04       		.byte	0x4
 2333 0078 6B000000 		.4byte	.LASF10
ARM GAS  C:\Users\mitchell\AppData\Local\Temp\cckANPgD.s 			page 42


 2334 007c 02       		.uleb128 0x2
 2335 007d 01       		.byte	0x1
 2336 007e 08       		.byte	0x8
 2337 007f CB010000 		.4byte	.LASF11
 2338 0083 05       		.uleb128 0x5
 2339 0084 63000000 		.4byte	0x63
 2340 0088 94000000 		.4byte	0x94
 2341 008c 06       		.uleb128 0x6
 2342 008d 94000000 		.4byte	0x94
 2343 0091 9308     		.2byte	0x893
 2344 0093 00       		.byte	0
 2345 0094 02       		.uleb128 0x2
 2346 0095 04       		.byte	0x4
 2347 0096 07       		.byte	0x7
 2348 0097 57010000 		.4byte	.LASF12
 2349 009b 07       		.uleb128 0x7
 2350 009c 82000000 		.4byte	.LASF13
 2351 00a0 01       		.byte	0x1
 2352 00a1 1C       		.byte	0x1c
 2353 00a2 AC000000 		.4byte	0xac
 2354 00a6 05       		.uleb128 0x5
 2355 00a7 03       		.byte	0x3
 2356 00a8 00000000 		.4byte	cy_meta_configecc
 2357 00ac 08       		.uleb128 0x8
 2358 00ad 83000000 		.4byte	0x83
 2359 00b1 05       		.uleb128 0x5
 2360 00b2 63000000 		.4byte	0x63
 2361 00b6 C1000000 		.4byte	0xc1
 2362 00ba 09       		.uleb128 0x9
 2363 00bb 94000000 		.4byte	0x94
 2364 00bf 03       		.byte	0x3
 2365 00c0 00       		.byte	0
 2366 00c1 0A       		.uleb128 0xa
 2367 00c2 72000000 		.4byte	.LASF14
 2368 00c6 01       		.byte	0x1
 2369 00c7 3901     		.2byte	0x139
 2370 00c9 D3000000 		.4byte	0xd3
 2371 00cd 05       		.uleb128 0x5
 2372 00ce 03       		.byte	0x3
 2373 00cf 00000000 		.4byte	cy_meta_custnvl
 2374 00d3 08       		.uleb128 0x8
 2375 00d4 B1000000 		.4byte	0xb1
 2376 00d8 0A       		.uleb128 0xa
 2377 00d9 CD000000 		.4byte	.LASF15
 2378 00dd 01       		.byte	0x1
 2379 00de 4401     		.2byte	0x144
 2380 00e0 EA000000 		.4byte	0xea
 2381 00e4 05       		.uleb128 0x5
 2382 00e5 03       		.byte	0x3
 2383 00e6 00000000 		.4byte	cy_meta_wonvl
 2384 00ea 08       		.uleb128 0x8
 2385 00eb B1000000 		.4byte	0xb1
 2386 00ef 05       		.uleb128 0x5
 2387 00f0 63000000 		.4byte	0x63
 2388 00f4 FF000000 		.4byte	0xff
 2389 00f8 09       		.uleb128 0x9
 2390 00f9 94000000 		.4byte	0x94
ARM GAS  C:\Users\mitchell\AppData\Local\Temp\cckANPgD.s 			page 43


 2391 00fd FF       		.byte	0xff
 2392 00fe 00       		.byte	0
 2393 00ff 0A       		.uleb128 0xa
 2394 0100 B8000000 		.4byte	.LASF16
 2395 0104 01       		.byte	0x1
 2396 0105 4F01     		.2byte	0x14f
 2397 0107 11010000 		.4byte	0x111
 2398 010b 05       		.uleb128 0x5
 2399 010c 03       		.byte	0x3
 2400 010d 00000000 		.4byte	cy_meta_flashprotect
 2401 0111 08       		.uleb128 0x8
 2402 0112 EF000000 		.4byte	0xef
 2403 0116 05       		.uleb128 0x5
 2404 0117 63000000 		.4byte	0x63
 2405 011b 26010000 		.4byte	0x126
 2406 011f 09       		.uleb128 0x9
 2407 0120 94000000 		.4byte	0x94
 2408 0124 0B       		.byte	0xb
 2409 0125 00       		.byte	0
 2410 0126 0A       		.uleb128 0xa
 2411 0127 26000000 		.4byte	.LASF17
 2412 012b 01       		.byte	0x1
 2413 012c 7901     		.2byte	0x179
 2414 012e 38010000 		.4byte	0x138
 2415 0132 05       		.uleb128 0x5
 2416 0133 03       		.byte	0x3
 2417 0134 00000000 		.4byte	cy_metadata
 2418 0138 08       		.uleb128 0x8
 2419 0139 16010000 		.4byte	0x116
 2420 013d 00       		.byte	0
 2421              		.section	.debug_abbrev,"",%progbits
 2422              	.Ldebug_abbrev0:
 2423 0000 01       		.uleb128 0x1
 2424 0001 11       		.uleb128 0x11
 2425 0002 01       		.byte	0x1
 2426 0003 25       		.uleb128 0x25
 2427 0004 0E       		.uleb128 0xe
 2428 0005 13       		.uleb128 0x13
 2429 0006 0B       		.uleb128 0xb
 2430 0007 03       		.uleb128 0x3
 2431 0008 0E       		.uleb128 0xe
 2432 0009 1B       		.uleb128 0x1b
 2433 000a 0E       		.uleb128 0xe
 2434 000b 10       		.uleb128 0x10
 2435 000c 17       		.uleb128 0x17
 2436 000d 00       		.byte	0
 2437 000e 00       		.byte	0
 2438 000f 02       		.uleb128 0x2
 2439 0010 24       		.uleb128 0x24
 2440 0011 00       		.byte	0
 2441 0012 0B       		.uleb128 0xb
 2442 0013 0B       		.uleb128 0xb
 2443 0014 3E       		.uleb128 0x3e
 2444 0015 0B       		.uleb128 0xb
 2445 0016 03       		.uleb128 0x3
 2446 0017 0E       		.uleb128 0xe
 2447 0018 00       		.byte	0
ARM GAS  C:\Users\mitchell\AppData\Local\Temp\cckANPgD.s 			page 44


 2448 0019 00       		.byte	0
 2449 001a 03       		.uleb128 0x3
 2450 001b 24       		.uleb128 0x24
 2451 001c 00       		.byte	0
 2452 001d 0B       		.uleb128 0xb
 2453 001e 0B       		.uleb128 0xb
 2454 001f 3E       		.uleb128 0x3e
 2455 0020 0B       		.uleb128 0xb
 2456 0021 03       		.uleb128 0x3
 2457 0022 08       		.uleb128 0x8
 2458 0023 00       		.byte	0
 2459 0024 00       		.byte	0
 2460 0025 04       		.uleb128 0x4
 2461 0026 16       		.uleb128 0x16
 2462 0027 00       		.byte	0
 2463 0028 03       		.uleb128 0x3
 2464 0029 0E       		.uleb128 0xe
 2465 002a 3A       		.uleb128 0x3a
 2466 002b 0B       		.uleb128 0xb
 2467 002c 3B       		.uleb128 0x3b
 2468 002d 0B       		.uleb128 0xb
 2469 002e 49       		.uleb128 0x49
 2470 002f 13       		.uleb128 0x13
 2471 0030 00       		.byte	0
 2472 0031 00       		.byte	0
 2473 0032 05       		.uleb128 0x5
 2474 0033 01       		.uleb128 0x1
 2475 0034 01       		.byte	0x1
 2476 0035 49       		.uleb128 0x49
 2477 0036 13       		.uleb128 0x13
 2478 0037 01       		.uleb128 0x1
 2479 0038 13       		.uleb128 0x13
 2480 0039 00       		.byte	0
 2481 003a 00       		.byte	0
 2482 003b 06       		.uleb128 0x6
 2483 003c 21       		.uleb128 0x21
 2484 003d 00       		.byte	0
 2485 003e 49       		.uleb128 0x49
 2486 003f 13       		.uleb128 0x13
 2487 0040 2F       		.uleb128 0x2f
 2488 0041 05       		.uleb128 0x5
 2489 0042 00       		.byte	0
 2490 0043 00       		.byte	0
 2491 0044 07       		.uleb128 0x7
 2492 0045 34       		.uleb128 0x34
 2493 0046 00       		.byte	0
 2494 0047 03       		.uleb128 0x3
 2495 0048 0E       		.uleb128 0xe
 2496 0049 3A       		.uleb128 0x3a
 2497 004a 0B       		.uleb128 0xb
 2498 004b 3B       		.uleb128 0x3b
 2499 004c 0B       		.uleb128 0xb
 2500 004d 49       		.uleb128 0x49
 2501 004e 13       		.uleb128 0x13
 2502 004f 3F       		.uleb128 0x3f
 2503 0050 19       		.uleb128 0x19
 2504 0051 02       		.uleb128 0x2
ARM GAS  C:\Users\mitchell\AppData\Local\Temp\cckANPgD.s 			page 45


 2505 0052 18       		.uleb128 0x18
 2506 0053 00       		.byte	0
 2507 0054 00       		.byte	0
 2508 0055 08       		.uleb128 0x8
 2509 0056 26       		.uleb128 0x26
 2510 0057 00       		.byte	0
 2511 0058 49       		.uleb128 0x49
 2512 0059 13       		.uleb128 0x13
 2513 005a 00       		.byte	0
 2514 005b 00       		.byte	0
 2515 005c 09       		.uleb128 0x9
 2516 005d 21       		.uleb128 0x21
 2517 005e 00       		.byte	0
 2518 005f 49       		.uleb128 0x49
 2519 0060 13       		.uleb128 0x13
 2520 0061 2F       		.uleb128 0x2f
 2521 0062 0B       		.uleb128 0xb
 2522 0063 00       		.byte	0
 2523 0064 00       		.byte	0
 2524 0065 0A       		.uleb128 0xa
 2525 0066 34       		.uleb128 0x34
 2526 0067 00       		.byte	0
 2527 0068 03       		.uleb128 0x3
 2528 0069 0E       		.uleb128 0xe
 2529 006a 3A       		.uleb128 0x3a
 2530 006b 0B       		.uleb128 0xb
 2531 006c 3B       		.uleb128 0x3b
 2532 006d 05       		.uleb128 0x5
 2533 006e 49       		.uleb128 0x49
 2534 006f 13       		.uleb128 0x13
 2535 0070 3F       		.uleb128 0x3f
 2536 0071 19       		.uleb128 0x19
 2537 0072 02       		.uleb128 0x2
 2538 0073 18       		.uleb128 0x18
 2539 0074 00       		.byte	0
 2540 0075 00       		.byte	0
 2541 0076 00       		.byte	0
 2542              		.section	.debug_aranges,"",%progbits
 2543 0000 14000000 		.4byte	0x14
 2544 0004 0200     		.2byte	0x2
 2545 0006 00000000 		.4byte	.Ldebug_info0
 2546 000a 04       		.byte	0x4
 2547 000b 00       		.byte	0
 2548 000c 0000     		.2byte	0
 2549 000e 0000     		.2byte	0
 2550 0010 00000000 		.4byte	0
 2551 0014 00000000 		.4byte	0
 2552              		.section	.debug_line,"",%progbits
 2553              	.Ldebug_line0:
 2554 0000 4F000000 		.section	.debug_str,"MS",%progbits,1
 2554      02004900 
 2554      00000201 
 2554      FB0E0D00 
 2554      01010101 
 2555              	.LASF19:
 2556 0000 2E5C4765 		.ascii	".\\Generated_Source\\PSoC5\\cymetadata.c\000"
 2556      6E657261 
ARM GAS  C:\Users\mitchell\AppData\Local\Temp\cckANPgD.s 			page 46


 2556      7465645F 
 2556      536F7572 
 2556      63655C50 
 2557              	.LASF17:
 2558 0026 63795F6D 		.ascii	"cy_metadata\000"
 2558      65746164 
 2558      61746100 
 2559              	.LASF9:
 2560 0032 666C6F61 		.ascii	"float\000"
 2560      7400
 2561              	.LASF1:
 2562 0038 756E7369 		.ascii	"unsigned char\000"
 2562      676E6564 
 2562      20636861 
 2562      7200
 2563              	.LASF5:
 2564 0046 6C6F6E67 		.ascii	"long unsigned int\000"
 2564      20756E73 
 2564      69676E65 
 2564      6420696E 
 2564      7400
 2565              	.LASF3:
 2566 0058 73686F72 		.ascii	"short unsigned int\000"
 2566      7420756E 
 2566      7369676E 
 2566      65642069 
 2566      6E7400
 2567              	.LASF10:
 2568 006b 646F7562 		.ascii	"double\000"
 2568      6C6500
 2569              	.LASF14:
 2570 0072 63795F6D 		.ascii	"cy_meta_custnvl\000"
 2570      6574615F 
 2570      63757374 
 2570      6E766C00 
 2571              	.LASF13:
 2572 0082 63795F6D 		.ascii	"cy_meta_configecc\000"
 2572      6574615F 
 2572      636F6E66 
 2572      69676563 
 2572      6300
 2573              	.LASF8:
 2574 0094 756E7369 		.ascii	"unsigned int\000"
 2574      676E6564 
 2574      20696E74 
 2574      00
 2575              	.LASF7:
 2576 00a1 6C6F6E67 		.ascii	"long long unsigned int\000"
 2576      206C6F6E 
 2576      6720756E 
 2576      7369676E 
 2576      65642069 
 2577              	.LASF16:
 2578 00b8 63795F6D 		.ascii	"cy_meta_flashprotect\000"
 2578      6574615F 
 2578      666C6173 
 2578      6870726F 
ARM GAS  C:\Users\mitchell\AppData\Local\Temp\cckANPgD.s 			page 47


 2578      74656374 
 2579              	.LASF15:
 2580 00cd 63795F6D 		.ascii	"cy_meta_wonvl\000"
 2580      6574615F 
 2580      776F6E76 
 2580      6C00
 2581              	.LASF18:
 2582 00db 474E5520 		.ascii	"GNU C 4.8.4 20140526 (release) [ARM/embedded-4_8-br"
 2582      4320342E 
 2582      382E3420 
 2582      32303134 
 2582      30353236 
 2583 010e 616E6368 		.ascii	"anch revision 211358] -mcpu=cortex-m3 -mthumb -g -O"
 2583      20726576 
 2583      6973696F 
 2583      6E203231 
 2583      31333538 
 2584 0141 67202D66 		.ascii	"g -ffunction-sections\000"
 2584      66756E63 
 2584      74696F6E 
 2584      2D736563 
 2584      74696F6E 
 2585              	.LASF12:
 2586 0157 73697A65 		.ascii	"sizetype\000"
 2586      74797065 
 2586      00
 2587              	.LASF6:
 2588 0160 6C6F6E67 		.ascii	"long long int\000"
 2588      206C6F6E 
 2588      6720696E 
 2588      7400
 2589              	.LASF20:
 2590 016e 433A5C55 		.ascii	"C:\\Users\\mitchell\\Documents\\fsae\\E-Throttle\\E"
 2590      73657273 
 2590      5C6D6974 
 2590      6368656C 
 2590      6C5C446F 
 2591 019b 2D546872 		.ascii	"-Throttle\\E-Throttle-Mainboard-Deprecated.cydsn\000"
 2591      6F74746C 
 2591      655C452D 
 2591      5468726F 
 2591      74746C65 
 2592              	.LASF11:
 2593 01cb 63686172 		.ascii	"char\000"
 2593      00
 2594              	.LASF2:
 2595 01d0 73686F72 		.ascii	"short int\000"
 2595      7420696E 
 2595      7400
 2596              	.LASF21:
 2597 01da 75696E74 		.ascii	"uint8\000"
 2597      3800
 2598              	.LASF4:
 2599 01e0 6C6F6E67 		.ascii	"long int\000"
 2599      20696E74 
 2599      00
 2600              	.LASF0:
ARM GAS  C:\Users\mitchell\AppData\Local\Temp\cckANPgD.s 			page 48


 2601 01e9 7369676E 		.ascii	"signed char\000"
 2601      65642063 
 2601      68617200 
 2602              		.ident	"GCC: (GNU Tools for ARM Embedded Processors) 4.8.4 20140526 (release) [ARM/embedded-4_8-br
