ARM GAS  C:\Users\mitchell\AppData\Local\Temp\ccoGLnaF.s 			page 1


   1              		.syntax unified
   2              		.cpu cortex-m3
   3              		.fpu softvfp
   4              		.eabi_attribute 20, 1
   5              		.eabi_attribute 21, 1
   6              		.eabi_attribute 23, 3
   7              		.eabi_attribute 24, 1
   8              		.eabi_attribute 25, 1
   9              		.eabi_attribute 26, 1
  10              		.eabi_attribute 30, 1
  11              		.eabi_attribute 34, 1
  12              		.eabi_attribute 18, 4
  13              		.thumb
  14              		.file	"Pin_3.c"
  15              		.text
  16              	.Ltext0:
  17              		.cfi_sections	.debug_frame
  18              		.section	.text.Pin_3_Write,"ax",%progbits
  19              		.align	2
  20              		.global	Pin_3_Write
  21              		.thumb
  22              		.thumb_func
  23              		.type	Pin_3_Write, %function
  24              	Pin_3_Write:
  25              	.LFB0:
  26              		.file 1 ".\\Generated_Source\\PSoC5\\Pin_3.c"
   1:.\Generated_Source\PSoC5/Pin_3.c **** /*******************************************************************************
   2:.\Generated_Source\PSoC5/Pin_3.c **** * File Name: Pin_3.c  
   3:.\Generated_Source\PSoC5/Pin_3.c **** * Version 2.10
   4:.\Generated_Source\PSoC5/Pin_3.c **** *
   5:.\Generated_Source\PSoC5/Pin_3.c **** * Description:
   6:.\Generated_Source\PSoC5/Pin_3.c **** *  This file contains API to enable firmware control of a Pins component.
   7:.\Generated_Source\PSoC5/Pin_3.c **** *
   8:.\Generated_Source\PSoC5/Pin_3.c **** * Note:
   9:.\Generated_Source\PSoC5/Pin_3.c **** *
  10:.\Generated_Source\PSoC5/Pin_3.c **** ********************************************************************************
  11:.\Generated_Source\PSoC5/Pin_3.c **** * Copyright 2008-2014, Cypress Semiconductor Corporation.  All rights reserved.
  12:.\Generated_Source\PSoC5/Pin_3.c **** * You may use this file only in accordance with the license, terms, conditions, 
  13:.\Generated_Source\PSoC5/Pin_3.c **** * disclaimers, and limitations in the end user license agreement accompanying 
  14:.\Generated_Source\PSoC5/Pin_3.c **** * the software package with which this file was provided.
  15:.\Generated_Source\PSoC5/Pin_3.c **** *******************************************************************************/
  16:.\Generated_Source\PSoC5/Pin_3.c **** 
  17:.\Generated_Source\PSoC5/Pin_3.c **** #include "cytypes.h"
  18:.\Generated_Source\PSoC5/Pin_3.c **** #include "Pin_3.h"
  19:.\Generated_Source\PSoC5/Pin_3.c **** 
  20:.\Generated_Source\PSoC5/Pin_3.c **** /* APIs are not generated for P15[7:6] on PSoC 5 */
  21:.\Generated_Source\PSoC5/Pin_3.c **** #if !(CY_PSOC5A &&\
  22:.\Generated_Source\PSoC5/Pin_3.c **** 	 Pin_3__PORT == 15 && ((Pin_3__MASK & 0xC0) != 0))
  23:.\Generated_Source\PSoC5/Pin_3.c **** 
  24:.\Generated_Source\PSoC5/Pin_3.c **** 
  25:.\Generated_Source\PSoC5/Pin_3.c **** /*******************************************************************************
  26:.\Generated_Source\PSoC5/Pin_3.c **** * Function Name: Pin_3_Write
  27:.\Generated_Source\PSoC5/Pin_3.c **** ********************************************************************************
  28:.\Generated_Source\PSoC5/Pin_3.c **** *
  29:.\Generated_Source\PSoC5/Pin_3.c **** * Summary:
  30:.\Generated_Source\PSoC5/Pin_3.c **** *  Assign a new value to the digital port's data output register.  
  31:.\Generated_Source\PSoC5/Pin_3.c **** *
ARM GAS  C:\Users\mitchell\AppData\Local\Temp\ccoGLnaF.s 			page 2


  32:.\Generated_Source\PSoC5/Pin_3.c **** * Parameters:  
  33:.\Generated_Source\PSoC5/Pin_3.c **** *  prtValue:  The value to be assigned to the Digital Port. 
  34:.\Generated_Source\PSoC5/Pin_3.c **** *
  35:.\Generated_Source\PSoC5/Pin_3.c **** * Return: 
  36:.\Generated_Source\PSoC5/Pin_3.c **** *  None
  37:.\Generated_Source\PSoC5/Pin_3.c **** *  
  38:.\Generated_Source\PSoC5/Pin_3.c **** *******************************************************************************/
  39:.\Generated_Source\PSoC5/Pin_3.c **** void Pin_3_Write(uint8 value) 
  40:.\Generated_Source\PSoC5/Pin_3.c **** {
  27              		.loc 1 40 0
  28              		.cfi_startproc
  29              		@ args = 0, pretend = 0, frame = 0
  30              		@ frame_needed = 0, uses_anonymous_args = 0
  31              		@ link register save eliminated.
  32              	.LVL0:
  41:.\Generated_Source\PSoC5/Pin_3.c ****     uint8 staticBits = (Pin_3_DR & (uint8)(~Pin_3_MASK));
  33              		.loc 1 41 0
  34 0000 044B     		ldr	r3, .L2
  35 0002 1A78     		ldrb	r2, [r3]	@ zero_extendqisi2
  36 0004 02F0FE02 		and	r2, r2, #254
  37              	.LVL1:
  42:.\Generated_Source\PSoC5/Pin_3.c ****     Pin_3_DR = staticBits | ((uint8)(value << Pin_3_SHIFT) & Pin_3_MASK);
  38              		.loc 1 42 0
  39 0008 00F00100 		and	r0, r0, #1
  40              	.LVL2:
  41 000c 0243     		orrs	r2, r2, r0
  42              	.LVL3:
  43 000e 1A70     		strb	r2, [r3]
  44 0010 7047     		bx	lr
  45              	.L3:
  46 0012 00BF     		.align	2
  47              	.L2:
  48 0014 40510040 		.word	1073762624
  49              		.cfi_endproc
  50              	.LFE0:
  51              		.size	Pin_3_Write, .-Pin_3_Write
  52              		.section	.text.Pin_3_SetDriveMode,"ax",%progbits
  53              		.align	2
  54              		.global	Pin_3_SetDriveMode
  55              		.thumb
  56              		.thumb_func
  57              		.type	Pin_3_SetDriveMode, %function
  58              	Pin_3_SetDriveMode:
  59              	.LFB1:
  43:.\Generated_Source\PSoC5/Pin_3.c **** }
  44:.\Generated_Source\PSoC5/Pin_3.c **** 
  45:.\Generated_Source\PSoC5/Pin_3.c **** 
  46:.\Generated_Source\PSoC5/Pin_3.c **** /*******************************************************************************
  47:.\Generated_Source\PSoC5/Pin_3.c **** * Function Name: Pin_3_SetDriveMode
  48:.\Generated_Source\PSoC5/Pin_3.c **** ********************************************************************************
  49:.\Generated_Source\PSoC5/Pin_3.c **** *
  50:.\Generated_Source\PSoC5/Pin_3.c **** * Summary:
  51:.\Generated_Source\PSoC5/Pin_3.c **** *  Change the drive mode on the pins of the port.
  52:.\Generated_Source\PSoC5/Pin_3.c **** * 
  53:.\Generated_Source\PSoC5/Pin_3.c **** * Parameters:  
  54:.\Generated_Source\PSoC5/Pin_3.c **** *  mode:  Change the pins to one of the following drive modes.
  55:.\Generated_Source\PSoC5/Pin_3.c **** *
ARM GAS  C:\Users\mitchell\AppData\Local\Temp\ccoGLnaF.s 			page 3


  56:.\Generated_Source\PSoC5/Pin_3.c **** *  Pin_3_DM_STRONG     Strong Drive 
  57:.\Generated_Source\PSoC5/Pin_3.c **** *  Pin_3_DM_OD_HI      Open Drain, Drives High 
  58:.\Generated_Source\PSoC5/Pin_3.c **** *  Pin_3_DM_OD_LO      Open Drain, Drives Low 
  59:.\Generated_Source\PSoC5/Pin_3.c **** *  Pin_3_DM_RES_UP     Resistive Pull Up 
  60:.\Generated_Source\PSoC5/Pin_3.c **** *  Pin_3_DM_RES_DWN    Resistive Pull Down 
  61:.\Generated_Source\PSoC5/Pin_3.c **** *  Pin_3_DM_RES_UPDWN  Resistive Pull Up/Down 
  62:.\Generated_Source\PSoC5/Pin_3.c **** *  Pin_3_DM_DIG_HIZ    High Impedance Digital 
  63:.\Generated_Source\PSoC5/Pin_3.c **** *  Pin_3_DM_ALG_HIZ    High Impedance Analog 
  64:.\Generated_Source\PSoC5/Pin_3.c **** *
  65:.\Generated_Source\PSoC5/Pin_3.c **** * Return: 
  66:.\Generated_Source\PSoC5/Pin_3.c **** *  None
  67:.\Generated_Source\PSoC5/Pin_3.c **** *
  68:.\Generated_Source\PSoC5/Pin_3.c **** *******************************************************************************/
  69:.\Generated_Source\PSoC5/Pin_3.c **** void Pin_3_SetDriveMode(uint8 mode) 
  70:.\Generated_Source\PSoC5/Pin_3.c **** {
  60              		.loc 1 70 0
  61              		.cfi_startproc
  62              		@ args = 0, pretend = 0, frame = 0
  63              		@ frame_needed = 0, uses_anonymous_args = 0
  64              		@ link register save eliminated.
  65              	.LVL4:
  71:.\Generated_Source\PSoC5/Pin_3.c **** 	CyPins_SetPinDriveMode(Pin_3_0, mode);
  66              		.loc 1 71 0
  67 0000 044B     		ldr	r3, .L5
  68 0002 1A78     		ldrb	r2, [r3]	@ zero_extendqisi2
  69 0004 02F0F102 		and	r2, r2, #241
  70 0008 00F00E00 		and	r0, r0, #14
  71              	.LVL5:
  72 000c 0243     		orrs	r2, r2, r0
  73 000e 1A70     		strb	r2, [r3]
  74 0010 7047     		bx	lr
  75              	.L6:
  76 0012 00BF     		.align	2
  77              	.L5:
  78 0014 20500040 		.word	1073762336
  79              		.cfi_endproc
  80              	.LFE1:
  81              		.size	Pin_3_SetDriveMode, .-Pin_3_SetDriveMode
  82              		.section	.text.Pin_3_Read,"ax",%progbits
  83              		.align	2
  84              		.global	Pin_3_Read
  85              		.thumb
  86              		.thumb_func
  87              		.type	Pin_3_Read, %function
  88              	Pin_3_Read:
  89              	.LFB2:
  72:.\Generated_Source\PSoC5/Pin_3.c **** }
  73:.\Generated_Source\PSoC5/Pin_3.c **** 
  74:.\Generated_Source\PSoC5/Pin_3.c **** 
  75:.\Generated_Source\PSoC5/Pin_3.c **** /*******************************************************************************
  76:.\Generated_Source\PSoC5/Pin_3.c **** * Function Name: Pin_3_Read
  77:.\Generated_Source\PSoC5/Pin_3.c **** ********************************************************************************
  78:.\Generated_Source\PSoC5/Pin_3.c **** *
  79:.\Generated_Source\PSoC5/Pin_3.c **** * Summary:
  80:.\Generated_Source\PSoC5/Pin_3.c **** *  Read the current value on the pins of the Digital Port in right justified 
  81:.\Generated_Source\PSoC5/Pin_3.c **** *  form.
  82:.\Generated_Source\PSoC5/Pin_3.c **** *
ARM GAS  C:\Users\mitchell\AppData\Local\Temp\ccoGLnaF.s 			page 4


  83:.\Generated_Source\PSoC5/Pin_3.c **** * Parameters:  
  84:.\Generated_Source\PSoC5/Pin_3.c **** *  None
  85:.\Generated_Source\PSoC5/Pin_3.c **** *
  86:.\Generated_Source\PSoC5/Pin_3.c **** * Return: 
  87:.\Generated_Source\PSoC5/Pin_3.c **** *  Returns the current value of the Digital Port as a right justified number
  88:.\Generated_Source\PSoC5/Pin_3.c **** *  
  89:.\Generated_Source\PSoC5/Pin_3.c **** * Note:
  90:.\Generated_Source\PSoC5/Pin_3.c **** *  Macro Pin_3_ReadPS calls this function. 
  91:.\Generated_Source\PSoC5/Pin_3.c **** *  
  92:.\Generated_Source\PSoC5/Pin_3.c **** *******************************************************************************/
  93:.\Generated_Source\PSoC5/Pin_3.c **** uint8 Pin_3_Read(void) 
  94:.\Generated_Source\PSoC5/Pin_3.c **** {
  90              		.loc 1 94 0
  91              		.cfi_startproc
  92              		@ args = 0, pretend = 0, frame = 0
  93              		@ frame_needed = 0, uses_anonymous_args = 0
  94              		@ link register save eliminated.
  95:.\Generated_Source\PSoC5/Pin_3.c ****     return (Pin_3_PS & Pin_3_MASK) >> Pin_3_SHIFT;
  95              		.loc 1 95 0
  96 0000 024B     		ldr	r3, .L8
  97 0002 1878     		ldrb	r0, [r3]	@ zero_extendqisi2
  96:.\Generated_Source\PSoC5/Pin_3.c **** }
  98              		.loc 1 96 0
  99 0004 00F00100 		and	r0, r0, #1
 100 0008 7047     		bx	lr
 101              	.L9:
 102 000a 00BF     		.align	2
 103              	.L8:
 104 000c 41510040 		.word	1073762625
 105              		.cfi_endproc
 106              	.LFE2:
 107              		.size	Pin_3_Read, .-Pin_3_Read
 108              		.section	.text.Pin_3_ReadDataReg,"ax",%progbits
 109              		.align	2
 110              		.global	Pin_3_ReadDataReg
 111              		.thumb
 112              		.thumb_func
 113              		.type	Pin_3_ReadDataReg, %function
 114              	Pin_3_ReadDataReg:
 115              	.LFB3:
  97:.\Generated_Source\PSoC5/Pin_3.c **** 
  98:.\Generated_Source\PSoC5/Pin_3.c **** 
  99:.\Generated_Source\PSoC5/Pin_3.c **** /*******************************************************************************
 100:.\Generated_Source\PSoC5/Pin_3.c **** * Function Name: Pin_3_ReadDataReg
 101:.\Generated_Source\PSoC5/Pin_3.c **** ********************************************************************************
 102:.\Generated_Source\PSoC5/Pin_3.c **** *
 103:.\Generated_Source\PSoC5/Pin_3.c **** * Summary:
 104:.\Generated_Source\PSoC5/Pin_3.c **** *  Read the current value assigned to a Digital Port's data output register
 105:.\Generated_Source\PSoC5/Pin_3.c **** *
 106:.\Generated_Source\PSoC5/Pin_3.c **** * Parameters:  
 107:.\Generated_Source\PSoC5/Pin_3.c **** *  None 
 108:.\Generated_Source\PSoC5/Pin_3.c **** *
 109:.\Generated_Source\PSoC5/Pin_3.c **** * Return: 
 110:.\Generated_Source\PSoC5/Pin_3.c **** *  Returns the current value assigned to the Digital Port's data output register
 111:.\Generated_Source\PSoC5/Pin_3.c **** *  
 112:.\Generated_Source\PSoC5/Pin_3.c **** *******************************************************************************/
 113:.\Generated_Source\PSoC5/Pin_3.c **** uint8 Pin_3_ReadDataReg(void) 
ARM GAS  C:\Users\mitchell\AppData\Local\Temp\ccoGLnaF.s 			page 5


 114:.\Generated_Source\PSoC5/Pin_3.c **** {
 116              		.loc 1 114 0
 117              		.cfi_startproc
 118              		@ args = 0, pretend = 0, frame = 0
 119              		@ frame_needed = 0, uses_anonymous_args = 0
 120              		@ link register save eliminated.
 115:.\Generated_Source\PSoC5/Pin_3.c ****     return (Pin_3_DR & Pin_3_MASK) >> Pin_3_SHIFT;
 121              		.loc 1 115 0
 122 0000 024B     		ldr	r3, .L11
 123 0002 1878     		ldrb	r0, [r3]	@ zero_extendqisi2
 116:.\Generated_Source\PSoC5/Pin_3.c **** }
 124              		.loc 1 116 0
 125 0004 00F00100 		and	r0, r0, #1
 126 0008 7047     		bx	lr
 127              	.L12:
 128 000a 00BF     		.align	2
 129              	.L11:
 130 000c 40510040 		.word	1073762624
 131              		.cfi_endproc
 132              	.LFE3:
 133              		.size	Pin_3_ReadDataReg, .-Pin_3_ReadDataReg
 134              		.text
 135              	.Letext0:
 136              		.file 2 ".\\Generated_Source\\PSoC5\\cytypes.h"
 137              		.section	.debug_info,"",%progbits
 138              	.Ldebug_info0:
 139 0000 1C010000 		.4byte	0x11c
 140 0004 0400     		.2byte	0x4
 141 0006 00000000 		.4byte	.Ldebug_abbrev0
 142 000a 04       		.byte	0x4
 143 000b 01       		.uleb128 0x1
 144 000c 2E010000 		.4byte	.LASF20
 145 0010 01       		.byte	0x1
 146 0011 D1000000 		.4byte	.LASF21
 147 0015 78000000 		.4byte	.LASF22
 148 0019 00000000 		.4byte	.Ldebug_ranges0+0
 149 001d 00000000 		.4byte	0
 150 0021 00000000 		.4byte	.Ldebug_line0
 151 0025 02       		.uleb128 0x2
 152 0026 01       		.byte	0x1
 153 0027 06       		.byte	0x6
 154 0028 D6010000 		.4byte	.LASF0
 155 002c 02       		.uleb128 0x2
 156 002d 01       		.byte	0x1
 157 002e 08       		.byte	0x8
 158 002f 35000000 		.4byte	.LASF1
 159 0033 02       		.uleb128 0x2
 160 0034 02       		.byte	0x2
 161 0035 05       		.byte	0x5
 162 0036 BD010000 		.4byte	.LASF2
 163 003a 02       		.uleb128 0x2
 164 003b 02       		.byte	0x2
 165 003c 07       		.byte	0x7
 166 003d 5A000000 		.4byte	.LASF3
 167 0041 02       		.uleb128 0x2
 168 0042 04       		.byte	0x4
 169 0043 05       		.byte	0x5
ARM GAS  C:\Users\mitchell\AppData\Local\Temp\ccoGLnaF.s 			page 6


 170 0044 CD010000 		.4byte	.LASF4
 171 0048 02       		.uleb128 0x2
 172 0049 04       		.byte	0x4
 173 004a 07       		.byte	0x7
 174 004b 48000000 		.4byte	.LASF5
 175 004f 02       		.uleb128 0x2
 176 0050 08       		.byte	0x8
 177 0051 05       		.byte	0x5
 178 0052 AA010000 		.4byte	.LASF6
 179 0056 02       		.uleb128 0x2
 180 0057 08       		.byte	0x8
 181 0058 07       		.byte	0x7
 182 0059 FF000000 		.4byte	.LASF7
 183 005d 03       		.uleb128 0x3
 184 005e 04       		.byte	0x4
 185 005f 05       		.byte	0x5
 186 0060 696E7400 		.ascii	"int\000"
 187 0064 02       		.uleb128 0x2
 188 0065 04       		.byte	0x4
 189 0066 07       		.byte	0x7
 190 0067 F2000000 		.4byte	.LASF8
 191 006b 04       		.uleb128 0x4
 192 006c C7010000 		.4byte	.LASF12
 193 0070 02       		.byte	0x2
 194 0071 B4       		.byte	0xb4
 195 0072 2C000000 		.4byte	0x2c
 196 0076 02       		.uleb128 0x2
 197 0077 04       		.byte	0x4
 198 0078 04       		.byte	0x4
 199 0079 2F000000 		.4byte	.LASF9
 200 007d 02       		.uleb128 0x2
 201 007e 08       		.byte	0x8
 202 007f 04       		.byte	0x4
 203 0080 CA000000 		.4byte	.LASF10
 204 0084 02       		.uleb128 0x2
 205 0085 01       		.byte	0x1
 206 0086 08       		.byte	0x8
 207 0087 B8010000 		.4byte	.LASF11
 208 008b 05       		.uleb128 0x5
 209 008c 43000000 		.4byte	.LASF13
 210 0090 02       		.byte	0x2
 211 0091 5E01     		.2byte	0x15e
 212 0093 97000000 		.4byte	0x97
 213 0097 06       		.uleb128 0x6
 214 0098 6B000000 		.4byte	0x6b
 215 009c 07       		.uleb128 0x7
 216 009d 06000000 		.4byte	.LASF14
 217 00a1 01       		.byte	0x1
 218 00a2 27       		.byte	0x27
 219 00a3 00000000 		.4byte	.LFB0
 220 00a7 18000000 		.4byte	.LFE0-.LFB0
 221 00ab 01       		.uleb128 0x1
 222 00ac 9C       		.byte	0x9c
 223 00ad D0000000 		.4byte	0xd0
 224 00b1 08       		.uleb128 0x8
 225 00b2 00000000 		.4byte	.LASF16
 226 00b6 01       		.byte	0x1
ARM GAS  C:\Users\mitchell\AppData\Local\Temp\ccoGLnaF.s 			page 7


 227 00b7 27       		.byte	0x27
 228 00b8 6B000000 		.4byte	0x6b
 229 00bc 00000000 		.4byte	.LLST0
 230 00c0 09       		.uleb128 0x9
 231 00c1 12000000 		.4byte	.LASF23
 232 00c5 01       		.byte	0x1
 233 00c6 29       		.byte	0x29
 234 00c7 6B000000 		.4byte	0x6b
 235 00cb 21000000 		.4byte	.LLST1
 236 00cf 00       		.byte	0
 237 00d0 07       		.uleb128 0x7
 238 00d1 1B010000 		.4byte	.LASF15
 239 00d5 01       		.byte	0x1
 240 00d6 45       		.byte	0x45
 241 00d7 00000000 		.4byte	.LFB1
 242 00db 18000000 		.4byte	.LFE1-.LFB1
 243 00df 01       		.uleb128 0x1
 244 00e0 9C       		.byte	0x9c
 245 00e1 F5000000 		.4byte	0xf5
 246 00e5 08       		.uleb128 0x8
 247 00e6 16010000 		.4byte	.LASF17
 248 00ea 01       		.byte	0x1
 249 00eb 45       		.byte	0x45
 250 00ec 6B000000 		.4byte	0x6b
 251 00f0 34000000 		.4byte	.LLST2
 252 00f4 00       		.byte	0
 253 00f5 0A       		.uleb128 0xa
 254 00f6 6D000000 		.4byte	.LASF18
 255 00fa 01       		.byte	0x1
 256 00fb 5D       		.byte	0x5d
 257 00fc 6B000000 		.4byte	0x6b
 258 0100 00000000 		.4byte	.LFB2
 259 0104 10000000 		.4byte	.LFE2-.LFB2
 260 0108 01       		.uleb128 0x1
 261 0109 9C       		.byte	0x9c
 262 010a 0A       		.uleb128 0xa
 263 010b 1D000000 		.4byte	.LASF19
 264 010f 01       		.byte	0x1
 265 0110 71       		.byte	0x71
 266 0111 6B000000 		.4byte	0x6b
 267 0115 00000000 		.4byte	.LFB3
 268 0119 10000000 		.4byte	.LFE3-.LFB3
 269 011d 01       		.uleb128 0x1
 270 011e 9C       		.byte	0x9c
 271 011f 00       		.byte	0
 272              		.section	.debug_abbrev,"",%progbits
 273              	.Ldebug_abbrev0:
 274 0000 01       		.uleb128 0x1
 275 0001 11       		.uleb128 0x11
 276 0002 01       		.byte	0x1
 277 0003 25       		.uleb128 0x25
 278 0004 0E       		.uleb128 0xe
 279 0005 13       		.uleb128 0x13
 280 0006 0B       		.uleb128 0xb
 281 0007 03       		.uleb128 0x3
 282 0008 0E       		.uleb128 0xe
 283 0009 1B       		.uleb128 0x1b
ARM GAS  C:\Users\mitchell\AppData\Local\Temp\ccoGLnaF.s 			page 8


 284 000a 0E       		.uleb128 0xe
 285 000b 55       		.uleb128 0x55
 286 000c 17       		.uleb128 0x17
 287 000d 11       		.uleb128 0x11
 288 000e 01       		.uleb128 0x1
 289 000f 10       		.uleb128 0x10
 290 0010 17       		.uleb128 0x17
 291 0011 00       		.byte	0
 292 0012 00       		.byte	0
 293 0013 02       		.uleb128 0x2
 294 0014 24       		.uleb128 0x24
 295 0015 00       		.byte	0
 296 0016 0B       		.uleb128 0xb
 297 0017 0B       		.uleb128 0xb
 298 0018 3E       		.uleb128 0x3e
 299 0019 0B       		.uleb128 0xb
 300 001a 03       		.uleb128 0x3
 301 001b 0E       		.uleb128 0xe
 302 001c 00       		.byte	0
 303 001d 00       		.byte	0
 304 001e 03       		.uleb128 0x3
 305 001f 24       		.uleb128 0x24
 306 0020 00       		.byte	0
 307 0021 0B       		.uleb128 0xb
 308 0022 0B       		.uleb128 0xb
 309 0023 3E       		.uleb128 0x3e
 310 0024 0B       		.uleb128 0xb
 311 0025 03       		.uleb128 0x3
 312 0026 08       		.uleb128 0x8
 313 0027 00       		.byte	0
 314 0028 00       		.byte	0
 315 0029 04       		.uleb128 0x4
 316 002a 16       		.uleb128 0x16
 317 002b 00       		.byte	0
 318 002c 03       		.uleb128 0x3
 319 002d 0E       		.uleb128 0xe
 320 002e 3A       		.uleb128 0x3a
 321 002f 0B       		.uleb128 0xb
 322 0030 3B       		.uleb128 0x3b
 323 0031 0B       		.uleb128 0xb
 324 0032 49       		.uleb128 0x49
 325 0033 13       		.uleb128 0x13
 326 0034 00       		.byte	0
 327 0035 00       		.byte	0
 328 0036 05       		.uleb128 0x5
 329 0037 16       		.uleb128 0x16
 330 0038 00       		.byte	0
 331 0039 03       		.uleb128 0x3
 332 003a 0E       		.uleb128 0xe
 333 003b 3A       		.uleb128 0x3a
 334 003c 0B       		.uleb128 0xb
 335 003d 3B       		.uleb128 0x3b
 336 003e 05       		.uleb128 0x5
 337 003f 49       		.uleb128 0x49
 338 0040 13       		.uleb128 0x13
 339 0041 00       		.byte	0
 340 0042 00       		.byte	0
ARM GAS  C:\Users\mitchell\AppData\Local\Temp\ccoGLnaF.s 			page 9


 341 0043 06       		.uleb128 0x6
 342 0044 35       		.uleb128 0x35
 343 0045 00       		.byte	0
 344 0046 49       		.uleb128 0x49
 345 0047 13       		.uleb128 0x13
 346 0048 00       		.byte	0
 347 0049 00       		.byte	0
 348 004a 07       		.uleb128 0x7
 349 004b 2E       		.uleb128 0x2e
 350 004c 01       		.byte	0x1
 351 004d 3F       		.uleb128 0x3f
 352 004e 19       		.uleb128 0x19
 353 004f 03       		.uleb128 0x3
 354 0050 0E       		.uleb128 0xe
 355 0051 3A       		.uleb128 0x3a
 356 0052 0B       		.uleb128 0xb
 357 0053 3B       		.uleb128 0x3b
 358 0054 0B       		.uleb128 0xb
 359 0055 27       		.uleb128 0x27
 360 0056 19       		.uleb128 0x19
 361 0057 11       		.uleb128 0x11
 362 0058 01       		.uleb128 0x1
 363 0059 12       		.uleb128 0x12
 364 005a 06       		.uleb128 0x6
 365 005b 40       		.uleb128 0x40
 366 005c 18       		.uleb128 0x18
 367 005d 9742     		.uleb128 0x2117
 368 005f 19       		.uleb128 0x19
 369 0060 01       		.uleb128 0x1
 370 0061 13       		.uleb128 0x13
 371 0062 00       		.byte	0
 372 0063 00       		.byte	0
 373 0064 08       		.uleb128 0x8
 374 0065 05       		.uleb128 0x5
 375 0066 00       		.byte	0
 376 0067 03       		.uleb128 0x3
 377 0068 0E       		.uleb128 0xe
 378 0069 3A       		.uleb128 0x3a
 379 006a 0B       		.uleb128 0xb
 380 006b 3B       		.uleb128 0x3b
 381 006c 0B       		.uleb128 0xb
 382 006d 49       		.uleb128 0x49
 383 006e 13       		.uleb128 0x13
 384 006f 02       		.uleb128 0x2
 385 0070 17       		.uleb128 0x17
 386 0071 00       		.byte	0
 387 0072 00       		.byte	0
 388 0073 09       		.uleb128 0x9
 389 0074 34       		.uleb128 0x34
 390 0075 00       		.byte	0
 391 0076 03       		.uleb128 0x3
 392 0077 0E       		.uleb128 0xe
 393 0078 3A       		.uleb128 0x3a
 394 0079 0B       		.uleb128 0xb
 395 007a 3B       		.uleb128 0x3b
 396 007b 0B       		.uleb128 0xb
 397 007c 49       		.uleb128 0x49
ARM GAS  C:\Users\mitchell\AppData\Local\Temp\ccoGLnaF.s 			page 10


 398 007d 13       		.uleb128 0x13
 399 007e 02       		.uleb128 0x2
 400 007f 17       		.uleb128 0x17
 401 0080 00       		.byte	0
 402 0081 00       		.byte	0
 403 0082 0A       		.uleb128 0xa
 404 0083 2E       		.uleb128 0x2e
 405 0084 00       		.byte	0
 406 0085 3F       		.uleb128 0x3f
 407 0086 19       		.uleb128 0x19
 408 0087 03       		.uleb128 0x3
 409 0088 0E       		.uleb128 0xe
 410 0089 3A       		.uleb128 0x3a
 411 008a 0B       		.uleb128 0xb
 412 008b 3B       		.uleb128 0x3b
 413 008c 0B       		.uleb128 0xb
 414 008d 27       		.uleb128 0x27
 415 008e 19       		.uleb128 0x19
 416 008f 49       		.uleb128 0x49
 417 0090 13       		.uleb128 0x13
 418 0091 11       		.uleb128 0x11
 419 0092 01       		.uleb128 0x1
 420 0093 12       		.uleb128 0x12
 421 0094 06       		.uleb128 0x6
 422 0095 40       		.uleb128 0x40
 423 0096 18       		.uleb128 0x18
 424 0097 9742     		.uleb128 0x2117
 425 0099 19       		.uleb128 0x19
 426 009a 00       		.byte	0
 427 009b 00       		.byte	0
 428 009c 00       		.byte	0
 429              		.section	.debug_loc,"",%progbits
 430              	.Ldebug_loc0:
 431              	.LLST0:
 432 0000 00000000 		.4byte	.LVL0
 433 0004 0C000000 		.4byte	.LVL2
 434 0008 0100     		.2byte	0x1
 435 000a 50       		.byte	0x50
 436 000b 0C000000 		.4byte	.LVL2
 437 000f 18000000 		.4byte	.LFE0
 438 0013 0400     		.2byte	0x4
 439 0015 F3       		.byte	0xf3
 440 0016 01       		.uleb128 0x1
 441 0017 50       		.byte	0x50
 442 0018 9F       		.byte	0x9f
 443 0019 00000000 		.4byte	0
 444 001d 00000000 		.4byte	0
 445              	.LLST1:
 446 0021 08000000 		.4byte	.LVL1
 447 0025 0E000000 		.4byte	.LVL3
 448 0029 0100     		.2byte	0x1
 449 002b 52       		.byte	0x52
 450 002c 00000000 		.4byte	0
 451 0030 00000000 		.4byte	0
 452              	.LLST2:
 453 0034 00000000 		.4byte	.LVL4
 454 0038 0C000000 		.4byte	.LVL5
ARM GAS  C:\Users\mitchell\AppData\Local\Temp\ccoGLnaF.s 			page 11


 455 003c 0100     		.2byte	0x1
 456 003e 50       		.byte	0x50
 457 003f 0C000000 		.4byte	.LVL5
 458 0043 18000000 		.4byte	.LFE1
 459 0047 0400     		.2byte	0x4
 460 0049 F3       		.byte	0xf3
 461 004a 01       		.uleb128 0x1
 462 004b 50       		.byte	0x50
 463 004c 9F       		.byte	0x9f
 464 004d 00000000 		.4byte	0
 465 0051 00000000 		.4byte	0
 466              		.section	.debug_aranges,"",%progbits
 467 0000 34000000 		.4byte	0x34
 468 0004 0200     		.2byte	0x2
 469 0006 00000000 		.4byte	.Ldebug_info0
 470 000a 04       		.byte	0x4
 471 000b 00       		.byte	0
 472 000c 0000     		.2byte	0
 473 000e 0000     		.2byte	0
 474 0010 00000000 		.4byte	.LFB0
 475 0014 18000000 		.4byte	.LFE0-.LFB0
 476 0018 00000000 		.4byte	.LFB1
 477 001c 18000000 		.4byte	.LFE1-.LFB1
 478 0020 00000000 		.4byte	.LFB2
 479 0024 10000000 		.4byte	.LFE2-.LFB2
 480 0028 00000000 		.4byte	.LFB3
 481 002c 10000000 		.4byte	.LFE3-.LFB3
 482 0030 00000000 		.4byte	0
 483 0034 00000000 		.4byte	0
 484              		.section	.debug_ranges,"",%progbits
 485              	.Ldebug_ranges0:
 486 0000 00000000 		.4byte	.LFB0
 487 0004 18000000 		.4byte	.LFE0
 488 0008 00000000 		.4byte	.LFB1
 489 000c 18000000 		.4byte	.LFE1
 490 0010 00000000 		.4byte	.LFB2
 491 0014 10000000 		.4byte	.LFE2
 492 0018 00000000 		.4byte	.LFB3
 493 001c 10000000 		.4byte	.LFE3
 494 0020 00000000 		.4byte	0
 495 0024 00000000 		.4byte	0
 496              		.section	.debug_line,"",%progbits
 497              	.Ldebug_line0:
 498 0000 90000000 		.section	.debug_str,"MS",%progbits,1
 498      02004400 
 498      00000201 
 498      FB0E0D00 
 498      01010101 
 499              	.LASF16:
 500 0000 76616C75 		.ascii	"value\000"
 500      6500
 501              	.LASF14:
 502 0006 50696E5F 		.ascii	"Pin_3_Write\000"
 502      335F5772 
 502      69746500 
 503              	.LASF23:
 504 0012 73746174 		.ascii	"staticBits\000"
ARM GAS  C:\Users\mitchell\AppData\Local\Temp\ccoGLnaF.s 			page 12


 504      69634269 
 504      747300
 505              	.LASF19:
 506 001d 50696E5F 		.ascii	"Pin_3_ReadDataReg\000"
 506      335F5265 
 506      61644461 
 506      74615265 
 506      6700
 507              	.LASF9:
 508 002f 666C6F61 		.ascii	"float\000"
 508      7400
 509              	.LASF1:
 510 0035 756E7369 		.ascii	"unsigned char\000"
 510      676E6564 
 510      20636861 
 510      7200
 511              	.LASF13:
 512 0043 72656738 		.ascii	"reg8\000"
 512      00
 513              	.LASF5:
 514 0048 6C6F6E67 		.ascii	"long unsigned int\000"
 514      20756E73 
 514      69676E65 
 514      6420696E 
 514      7400
 515              	.LASF3:
 516 005a 73686F72 		.ascii	"short unsigned int\000"
 516      7420756E 
 516      7369676E 
 516      65642069 
 516      6E7400
 517              	.LASF18:
 518 006d 50696E5F 		.ascii	"Pin_3_Read\000"
 518      335F5265 
 518      616400
 519              	.LASF22:
 520 0078 433A5C55 		.ascii	"C:\\Users\\mitchell\\Documents\\fsae\\E-Throttle\\E"
 520      73657273 
 520      5C6D6974 
 520      6368656C 
 520      6C5C446F 
 521 00a5 2D546872 		.ascii	"-Throttle\\E-Throttle-Mainboard.cydsn\000"
 521      6F74746C 
 521      655C452D 
 521      5468726F 
 521      74746C65 
 522              	.LASF10:
 523 00ca 646F7562 		.ascii	"double\000"
 523      6C6500
 524              	.LASF21:
 525 00d1 2E5C4765 		.ascii	".\\Generated_Source\\PSoC5\\Pin_3.c\000"
 525      6E657261 
 525      7465645F 
 525      536F7572 
 525      63655C50 
 526              	.LASF8:
 527 00f2 756E7369 		.ascii	"unsigned int\000"
ARM GAS  C:\Users\mitchell\AppData\Local\Temp\ccoGLnaF.s 			page 13


 527      676E6564 
 527      20696E74 
 527      00
 528              	.LASF7:
 529 00ff 6C6F6E67 		.ascii	"long long unsigned int\000"
 529      206C6F6E 
 529      6720756E 
 529      7369676E 
 529      65642069 
 530              	.LASF17:
 531 0116 6D6F6465 		.ascii	"mode\000"
 531      00
 532              	.LASF15:
 533 011b 50696E5F 		.ascii	"Pin_3_SetDriveMode\000"
 533      335F5365 
 533      74447269 
 533      76654D6F 
 533      646500
 534              	.LASF20:
 535 012e 474E5520 		.ascii	"GNU C 4.8.4 20140526 (release) [ARM/embedded-4_8-br"
 535      4320342E 
 535      382E3420 
 535      32303134 
 535      30353236 
 536 0161 616E6368 		.ascii	"anch revision 211358] -mcpu=cortex-m3 -mthumb -g -O"
 536      20726576 
 536      6973696F 
 536      6E203231 
 536      31333538 
 537 0194 67202D66 		.ascii	"g -ffunction-sections\000"
 537      66756E63 
 537      74696F6E 
 537      2D736563 
 537      74696F6E 
 538              	.LASF6:
 539 01aa 6C6F6E67 		.ascii	"long long int\000"
 539      206C6F6E 
 539      6720696E 
 539      7400
 540              	.LASF11:
 541 01b8 63686172 		.ascii	"char\000"
 541      00
 542              	.LASF2:
 543 01bd 73686F72 		.ascii	"short int\000"
 543      7420696E 
 543      7400
 544              	.LASF12:
 545 01c7 75696E74 		.ascii	"uint8\000"
 545      3800
 546              	.LASF4:
 547 01cd 6C6F6E67 		.ascii	"long int\000"
 547      20696E74 
 547      00
 548              	.LASF0:
 549 01d6 7369676E 		.ascii	"signed char\000"
 549      65642063 
 549      68617200 
ARM GAS  C:\Users\mitchell\AppData\Local\Temp\ccoGLnaF.s 			page 14


 550              		.ident	"GCC: (GNU Tools for ARM Embedded Processors) 4.8.4 20140526 (release) [ARM/embedded-4_8-br
