ARM GAS  C:\Users\mitchell\AppData\Local\Temp\ccepAJff.s 			page 1


   1              		.syntax unified
   2              		.cpu cortex-m3
   3              		.fpu softvfp
   4              		.eabi_attribute 20, 1
   5              		.eabi_attribute 21, 1
   6              		.eabi_attribute 23, 3
   7              		.eabi_attribute 24, 1
   8              		.eabi_attribute 25, 1
   9              		.eabi_attribute 26, 1
  10              		.eabi_attribute 30, 1
  11              		.eabi_attribute 34, 1
  12              		.eabi_attribute 18, 4
  13              		.thumb
  14              		.file	"SERVO_PWM_PM.c"
  15              		.text
  16              	.Ltext0:
  17              		.cfi_sections	.debug_frame
  18              		.section	.text.SERVO_PWM_SaveConfig,"ax",%progbits
  19              		.align	2
  20              		.global	SERVO_PWM_SaveConfig
  21              		.thumb
  22              		.thumb_func
  23              		.type	SERVO_PWM_SaveConfig, %function
  24              	SERVO_PWM_SaveConfig:
  25              	.LFB0:
  26              		.file 1 ".\\Generated_Source\\PSoC5\\SERVO_PWM_PM.c"
   1:.\Generated_Source\PSoC5/SERVO_PWM_PM.c **** /*******************************************************************************
   2:.\Generated_Source\PSoC5/SERVO_PWM_PM.c **** * File Name: SERVO_PWM_PM.c
   3:.\Generated_Source\PSoC5/SERVO_PWM_PM.c **** * Version 3.30
   4:.\Generated_Source\PSoC5/SERVO_PWM_PM.c **** *
   5:.\Generated_Source\PSoC5/SERVO_PWM_PM.c **** * Description:
   6:.\Generated_Source\PSoC5/SERVO_PWM_PM.c **** *  This file provides the power management source code to API for the
   7:.\Generated_Source\PSoC5/SERVO_PWM_PM.c **** *  PWM.
   8:.\Generated_Source\PSoC5/SERVO_PWM_PM.c **** *
   9:.\Generated_Source\PSoC5/SERVO_PWM_PM.c **** * Note:
  10:.\Generated_Source\PSoC5/SERVO_PWM_PM.c **** *
  11:.\Generated_Source\PSoC5/SERVO_PWM_PM.c **** ********************************************************************************
  12:.\Generated_Source\PSoC5/SERVO_PWM_PM.c **** * Copyright 2008-2014, Cypress Semiconductor Corporation.  All rights reserved.
  13:.\Generated_Source\PSoC5/SERVO_PWM_PM.c **** * You may use this file only in accordance with the license, terms, conditions,
  14:.\Generated_Source\PSoC5/SERVO_PWM_PM.c **** * disclaimers, and limitations in the end user license agreement accompanying
  15:.\Generated_Source\PSoC5/SERVO_PWM_PM.c **** * the software package with which this file was provided.
  16:.\Generated_Source\PSoC5/SERVO_PWM_PM.c **** *******************************************************************************/
  17:.\Generated_Source\PSoC5/SERVO_PWM_PM.c **** 
  18:.\Generated_Source\PSoC5/SERVO_PWM_PM.c **** #include "SERVO_PWM.h"
  19:.\Generated_Source\PSoC5/SERVO_PWM_PM.c **** 
  20:.\Generated_Source\PSoC5/SERVO_PWM_PM.c **** static SERVO_PWM_backupStruct SERVO_PWM_backup;
  21:.\Generated_Source\PSoC5/SERVO_PWM_PM.c **** 
  22:.\Generated_Source\PSoC5/SERVO_PWM_PM.c **** 
  23:.\Generated_Source\PSoC5/SERVO_PWM_PM.c **** /*******************************************************************************
  24:.\Generated_Source\PSoC5/SERVO_PWM_PM.c **** * Function Name: SERVO_PWM_SaveConfig
  25:.\Generated_Source\PSoC5/SERVO_PWM_PM.c **** ********************************************************************************
  26:.\Generated_Source\PSoC5/SERVO_PWM_PM.c **** *
  27:.\Generated_Source\PSoC5/SERVO_PWM_PM.c **** * Summary:
  28:.\Generated_Source\PSoC5/SERVO_PWM_PM.c **** *  Saves the current user configuration of the component.
  29:.\Generated_Source\PSoC5/SERVO_PWM_PM.c **** *
  30:.\Generated_Source\PSoC5/SERVO_PWM_PM.c **** * Parameters:
  31:.\Generated_Source\PSoC5/SERVO_PWM_PM.c **** *  None
ARM GAS  C:\Users\mitchell\AppData\Local\Temp\ccepAJff.s 			page 2


  32:.\Generated_Source\PSoC5/SERVO_PWM_PM.c **** *
  33:.\Generated_Source\PSoC5/SERVO_PWM_PM.c **** * Return:
  34:.\Generated_Source\PSoC5/SERVO_PWM_PM.c **** *  None
  35:.\Generated_Source\PSoC5/SERVO_PWM_PM.c **** *
  36:.\Generated_Source\PSoC5/SERVO_PWM_PM.c **** * Global variables:
  37:.\Generated_Source\PSoC5/SERVO_PWM_PM.c **** *  SERVO_PWM_backup:  Variables of this global structure are modified to
  38:.\Generated_Source\PSoC5/SERVO_PWM_PM.c **** *  store the values of non retention configuration registers when Sleep() API is
  39:.\Generated_Source\PSoC5/SERVO_PWM_PM.c **** *  called.
  40:.\Generated_Source\PSoC5/SERVO_PWM_PM.c **** *
  41:.\Generated_Source\PSoC5/SERVO_PWM_PM.c **** *******************************************************************************/
  42:.\Generated_Source\PSoC5/SERVO_PWM_PM.c **** void SERVO_PWM_SaveConfig(void) 
  43:.\Generated_Source\PSoC5/SERVO_PWM_PM.c **** {
  27              		.loc 1 43 0
  28              		.cfi_startproc
  29              		@ args = 0, pretend = 0, frame = 0
  30              		@ frame_needed = 0, uses_anonymous_args = 0
  31 0000 10B5     		push	{r4, lr}
  32              		.cfi_def_cfa_offset 8
  33              		.cfi_offset 4, -8
  34              		.cfi_offset 14, -4
  44:.\Generated_Source\PSoC5/SERVO_PWM_PM.c **** 
  45:.\Generated_Source\PSoC5/SERVO_PWM_PM.c ****     #if(!SERVO_PWM_UsingFixedFunction)
  46:.\Generated_Source\PSoC5/SERVO_PWM_PM.c ****         #if(!SERVO_PWM_PWMModeIsCenterAligned)
  47:.\Generated_Source\PSoC5/SERVO_PWM_PM.c ****             SERVO_PWM_backup.PWMPeriod = SERVO_PWM_ReadPeriod();
  48:.\Generated_Source\PSoC5/SERVO_PWM_PM.c ****         #endif /* (!SERVO_PWM_PWMModeIsCenterAligned) */
  49:.\Generated_Source\PSoC5/SERVO_PWM_PM.c ****         SERVO_PWM_backup.PWMUdb = SERVO_PWM_ReadCounter();
  35              		.loc 1 49 0
  36 0002 FFF7FEFF 		bl	SERVO_PWM_ReadCounter
  37              	.LVL0:
  38 0006 044C     		ldr	r4, .L2
  39 0008 6070     		strb	r0, [r4, #1]
  50:.\Generated_Source\PSoC5/SERVO_PWM_PM.c ****         #if (SERVO_PWM_UseStatus)
  51:.\Generated_Source\PSoC5/SERVO_PWM_PM.c ****             SERVO_PWM_backup.InterruptMaskValue = SERVO_PWM_STATUS_MASK;
  40              		.loc 1 51 0
  41 000a 044B     		ldr	r3, .L2+4
  42 000c 1B78     		ldrb	r3, [r3]	@ zero_extendqisi2
  43 000e A370     		strb	r3, [r4, #2]
  52:.\Generated_Source\PSoC5/SERVO_PWM_PM.c ****         #endif /* (SERVO_PWM_UseStatus) */
  53:.\Generated_Source\PSoC5/SERVO_PWM_PM.c **** 
  54:.\Generated_Source\PSoC5/SERVO_PWM_PM.c ****         #if(SERVO_PWM_DeadBandMode == SERVO_PWM__B_PWM__DBM_256_CLOCKS || \
  55:.\Generated_Source\PSoC5/SERVO_PWM_PM.c ****             SERVO_PWM_DeadBandMode == SERVO_PWM__B_PWM__DBM_2_4_CLOCKS)
  56:.\Generated_Source\PSoC5/SERVO_PWM_PM.c ****             SERVO_PWM_backup.PWMdeadBandValue = SERVO_PWM_ReadDeadTime();
  57:.\Generated_Source\PSoC5/SERVO_PWM_PM.c ****         #endif /*  deadband count is either 2-4 clocks or 256 clocks */
  58:.\Generated_Source\PSoC5/SERVO_PWM_PM.c **** 
  59:.\Generated_Source\PSoC5/SERVO_PWM_PM.c ****         #if(SERVO_PWM_KillModeMinTime)
  60:.\Generated_Source\PSoC5/SERVO_PWM_PM.c ****              SERVO_PWM_backup.PWMKillCounterPeriod = SERVO_PWM_ReadKillTime();
  61:.\Generated_Source\PSoC5/SERVO_PWM_PM.c ****         #endif /* (SERVO_PWM_KillModeMinTime) */
  62:.\Generated_Source\PSoC5/SERVO_PWM_PM.c **** 
  63:.\Generated_Source\PSoC5/SERVO_PWM_PM.c ****         #if(SERVO_PWM_UseControl)
  64:.\Generated_Source\PSoC5/SERVO_PWM_PM.c ****             SERVO_PWM_backup.PWMControlRegister = SERVO_PWM_ReadControlRegister();
  44              		.loc 1 64 0
  45 0010 FFF7FEFF 		bl	SERVO_PWM_ReadControlRegister
  46              	.LVL1:
  47 0014 E070     		strb	r0, [r4, #3]
  48 0016 10BD     		pop	{r4, pc}
  49              	.L3:
  50              		.align	2
ARM GAS  C:\Users\mitchell\AppData\Local\Temp\ccepAJff.s 			page 3


  51              	.L2:
  52 0018 00000000 		.word	.LANCHOR0
  53 001c 81640040 		.word	1073767553
  54              		.cfi_endproc
  55              	.LFE0:
  56              		.size	SERVO_PWM_SaveConfig, .-SERVO_PWM_SaveConfig
  57              		.section	.text.SERVO_PWM_RestoreConfig,"ax",%progbits
  58              		.align	2
  59              		.global	SERVO_PWM_RestoreConfig
  60              		.thumb
  61              		.thumb_func
  62              		.type	SERVO_PWM_RestoreConfig, %function
  63              	SERVO_PWM_RestoreConfig:
  64              	.LFB1:
  65:.\Generated_Source\PSoC5/SERVO_PWM_PM.c ****         #endif /* (SERVO_PWM_UseControl) */
  66:.\Generated_Source\PSoC5/SERVO_PWM_PM.c ****     #endif  /* (!SERVO_PWM_UsingFixedFunction) */
  67:.\Generated_Source\PSoC5/SERVO_PWM_PM.c **** }
  68:.\Generated_Source\PSoC5/SERVO_PWM_PM.c **** 
  69:.\Generated_Source\PSoC5/SERVO_PWM_PM.c **** 
  70:.\Generated_Source\PSoC5/SERVO_PWM_PM.c **** /*******************************************************************************
  71:.\Generated_Source\PSoC5/SERVO_PWM_PM.c **** * Function Name: SERVO_PWM_RestoreConfig
  72:.\Generated_Source\PSoC5/SERVO_PWM_PM.c **** ********************************************************************************
  73:.\Generated_Source\PSoC5/SERVO_PWM_PM.c **** *
  74:.\Generated_Source\PSoC5/SERVO_PWM_PM.c **** * Summary:
  75:.\Generated_Source\PSoC5/SERVO_PWM_PM.c **** *  Restores the current user configuration of the component.
  76:.\Generated_Source\PSoC5/SERVO_PWM_PM.c **** *
  77:.\Generated_Source\PSoC5/SERVO_PWM_PM.c **** * Parameters:
  78:.\Generated_Source\PSoC5/SERVO_PWM_PM.c **** *  None
  79:.\Generated_Source\PSoC5/SERVO_PWM_PM.c **** *
  80:.\Generated_Source\PSoC5/SERVO_PWM_PM.c **** * Return:
  81:.\Generated_Source\PSoC5/SERVO_PWM_PM.c **** *  None
  82:.\Generated_Source\PSoC5/SERVO_PWM_PM.c **** *
  83:.\Generated_Source\PSoC5/SERVO_PWM_PM.c **** * Global variables:
  84:.\Generated_Source\PSoC5/SERVO_PWM_PM.c **** *  SERVO_PWM_backup:  Variables of this global structure are used to
  85:.\Generated_Source\PSoC5/SERVO_PWM_PM.c **** *  restore the values of non retention registers on wakeup from sleep mode.
  86:.\Generated_Source\PSoC5/SERVO_PWM_PM.c **** *
  87:.\Generated_Source\PSoC5/SERVO_PWM_PM.c **** *******************************************************************************/
  88:.\Generated_Source\PSoC5/SERVO_PWM_PM.c **** void SERVO_PWM_RestoreConfig(void) 
  89:.\Generated_Source\PSoC5/SERVO_PWM_PM.c **** {
  65              		.loc 1 89 0
  66              		.cfi_startproc
  67              		@ args = 0, pretend = 0, frame = 0
  68              		@ frame_needed = 0, uses_anonymous_args = 0
  69 0000 10B5     		push	{r4, lr}
  70              		.cfi_def_cfa_offset 8
  71              		.cfi_offset 4, -8
  72              		.cfi_offset 14, -4
  90:.\Generated_Source\PSoC5/SERVO_PWM_PM.c ****         #if(!SERVO_PWM_UsingFixedFunction)
  91:.\Generated_Source\PSoC5/SERVO_PWM_PM.c ****             #if(!SERVO_PWM_PWMModeIsCenterAligned)
  92:.\Generated_Source\PSoC5/SERVO_PWM_PM.c ****                 SERVO_PWM_WritePeriod(SERVO_PWM_backup.PWMPeriod);
  93:.\Generated_Source\PSoC5/SERVO_PWM_PM.c ****             #endif /* (!SERVO_PWM_PWMModeIsCenterAligned) */
  94:.\Generated_Source\PSoC5/SERVO_PWM_PM.c **** 
  95:.\Generated_Source\PSoC5/SERVO_PWM_PM.c ****             SERVO_PWM_WriteCounter(SERVO_PWM_backup.PWMUdb);
  73              		.loc 1 95 0
  74 0002 054C     		ldr	r4, .L5
  75 0004 6078     		ldrb	r0, [r4, #1]	@ zero_extendqisi2
  76 0006 FFF7FEFF 		bl	SERVO_PWM_WriteCounter
ARM GAS  C:\Users\mitchell\AppData\Local\Temp\ccepAJff.s 			page 4


  77              	.LVL2:
  96:.\Generated_Source\PSoC5/SERVO_PWM_PM.c **** 
  97:.\Generated_Source\PSoC5/SERVO_PWM_PM.c ****             #if (SERVO_PWM_UseStatus)
  98:.\Generated_Source\PSoC5/SERVO_PWM_PM.c ****                 SERVO_PWM_STATUS_MASK = SERVO_PWM_backup.InterruptMaskValue;
  78              		.loc 1 98 0
  79 000a A278     		ldrb	r2, [r4, #2]	@ zero_extendqisi2
  80 000c 034B     		ldr	r3, .L5+4
  81 000e 1A70     		strb	r2, [r3]
  99:.\Generated_Source\PSoC5/SERVO_PWM_PM.c ****             #endif /* (SERVO_PWM_UseStatus) */
 100:.\Generated_Source\PSoC5/SERVO_PWM_PM.c **** 
 101:.\Generated_Source\PSoC5/SERVO_PWM_PM.c ****             #if(SERVO_PWM_DeadBandMode == SERVO_PWM__B_PWM__DBM_256_CLOCKS || \
 102:.\Generated_Source\PSoC5/SERVO_PWM_PM.c ****                 SERVO_PWM_DeadBandMode == SERVO_PWM__B_PWM__DBM_2_4_CLOCKS)
 103:.\Generated_Source\PSoC5/SERVO_PWM_PM.c ****                 SERVO_PWM_WriteDeadTime(SERVO_PWM_backup.PWMdeadBandValue);
 104:.\Generated_Source\PSoC5/SERVO_PWM_PM.c ****             #endif /* deadband count is either 2-4 clocks or 256 clocks */
 105:.\Generated_Source\PSoC5/SERVO_PWM_PM.c **** 
 106:.\Generated_Source\PSoC5/SERVO_PWM_PM.c ****             #if(SERVO_PWM_KillModeMinTime)
 107:.\Generated_Source\PSoC5/SERVO_PWM_PM.c ****                 SERVO_PWM_WriteKillTime(SERVO_PWM_backup.PWMKillCounterPeriod);
 108:.\Generated_Source\PSoC5/SERVO_PWM_PM.c ****             #endif /* (SERVO_PWM_KillModeMinTime) */
 109:.\Generated_Source\PSoC5/SERVO_PWM_PM.c **** 
 110:.\Generated_Source\PSoC5/SERVO_PWM_PM.c ****             #if(SERVO_PWM_UseControl)
 111:.\Generated_Source\PSoC5/SERVO_PWM_PM.c ****                 SERVO_PWM_WriteControlRegister(SERVO_PWM_backup.PWMControlRegister);
  82              		.loc 1 111 0
  83 0010 E078     		ldrb	r0, [r4, #3]	@ zero_extendqisi2
  84 0012 FFF7FEFF 		bl	SERVO_PWM_WriteControlRegister
  85              	.LVL3:
  86 0016 10BD     		pop	{r4, pc}
  87              	.L6:
  88              		.align	2
  89              	.L5:
  90 0018 00000000 		.word	.LANCHOR0
  91 001c 81640040 		.word	1073767553
  92              		.cfi_endproc
  93              	.LFE1:
  94              		.size	SERVO_PWM_RestoreConfig, .-SERVO_PWM_RestoreConfig
  95              		.section	.text.SERVO_PWM_Sleep,"ax",%progbits
  96              		.align	2
  97              		.global	SERVO_PWM_Sleep
  98              		.thumb
  99              		.thumb_func
 100              		.type	SERVO_PWM_Sleep, %function
 101              	SERVO_PWM_Sleep:
 102              	.LFB2:
 112:.\Generated_Source\PSoC5/SERVO_PWM_PM.c ****             #endif /* (SERVO_PWM_UseControl) */
 113:.\Generated_Source\PSoC5/SERVO_PWM_PM.c ****         #endif  /* (!SERVO_PWM_UsingFixedFunction) */
 114:.\Generated_Source\PSoC5/SERVO_PWM_PM.c ****     }
 115:.\Generated_Source\PSoC5/SERVO_PWM_PM.c **** 
 116:.\Generated_Source\PSoC5/SERVO_PWM_PM.c **** 
 117:.\Generated_Source\PSoC5/SERVO_PWM_PM.c **** /*******************************************************************************
 118:.\Generated_Source\PSoC5/SERVO_PWM_PM.c **** * Function Name: SERVO_PWM_Sleep
 119:.\Generated_Source\PSoC5/SERVO_PWM_PM.c **** ********************************************************************************
 120:.\Generated_Source\PSoC5/SERVO_PWM_PM.c **** *
 121:.\Generated_Source\PSoC5/SERVO_PWM_PM.c **** * Summary:
 122:.\Generated_Source\PSoC5/SERVO_PWM_PM.c **** *  Disables block's operation and saves the user configuration. Should be called
 123:.\Generated_Source\PSoC5/SERVO_PWM_PM.c **** *  just prior to entering sleep.
 124:.\Generated_Source\PSoC5/SERVO_PWM_PM.c **** *
 125:.\Generated_Source\PSoC5/SERVO_PWM_PM.c **** * Parameters:
 126:.\Generated_Source\PSoC5/SERVO_PWM_PM.c **** *  None
ARM GAS  C:\Users\mitchell\AppData\Local\Temp\ccepAJff.s 			page 5


 127:.\Generated_Source\PSoC5/SERVO_PWM_PM.c **** *
 128:.\Generated_Source\PSoC5/SERVO_PWM_PM.c **** * Return:
 129:.\Generated_Source\PSoC5/SERVO_PWM_PM.c **** *  None
 130:.\Generated_Source\PSoC5/SERVO_PWM_PM.c **** *
 131:.\Generated_Source\PSoC5/SERVO_PWM_PM.c **** * Global variables:
 132:.\Generated_Source\PSoC5/SERVO_PWM_PM.c **** *  SERVO_PWM_backup.PWMEnableState:  Is modified depending on the enable
 133:.\Generated_Source\PSoC5/SERVO_PWM_PM.c **** *  state of the block before entering sleep mode.
 134:.\Generated_Source\PSoC5/SERVO_PWM_PM.c **** *
 135:.\Generated_Source\PSoC5/SERVO_PWM_PM.c **** *******************************************************************************/
 136:.\Generated_Source\PSoC5/SERVO_PWM_PM.c **** void SERVO_PWM_Sleep(void) 
 137:.\Generated_Source\PSoC5/SERVO_PWM_PM.c **** {
 103              		.loc 1 137 0
 104              		.cfi_startproc
 105              		@ args = 0, pretend = 0, frame = 0
 106              		@ frame_needed = 0, uses_anonymous_args = 0
 107 0000 08B5     		push	{r3, lr}
 108              		.cfi_def_cfa_offset 8
 109              		.cfi_offset 3, -8
 110              		.cfi_offset 14, -4
 138:.\Generated_Source\PSoC5/SERVO_PWM_PM.c ****     #if(SERVO_PWM_UseControl)
 139:.\Generated_Source\PSoC5/SERVO_PWM_PM.c ****         if(SERVO_PWM_CTRL_ENABLE == (SERVO_PWM_CONTROL & SERVO_PWM_CTRL_ENABLE))
 111              		.loc 1 139 0
 112 0002 084B     		ldr	r3, .L10
 113 0004 1B78     		ldrb	r3, [r3]	@ zero_extendqisi2
 114 0006 13F0800F 		tst	r3, #128
 115 000a 03D0     		beq	.L8
 140:.\Generated_Source\PSoC5/SERVO_PWM_PM.c ****         {
 141:.\Generated_Source\PSoC5/SERVO_PWM_PM.c ****             /*Component is enabled */
 142:.\Generated_Source\PSoC5/SERVO_PWM_PM.c ****             SERVO_PWM_backup.PWMEnableState = 1u;
 116              		.loc 1 142 0
 117 000c 0122     		movs	r2, #1
 118 000e 064B     		ldr	r3, .L10+4
 119 0010 1A70     		strb	r2, [r3]
 120 0012 02E0     		b	.L9
 121              	.L8:
 143:.\Generated_Source\PSoC5/SERVO_PWM_PM.c ****         }
 144:.\Generated_Source\PSoC5/SERVO_PWM_PM.c ****         else
 145:.\Generated_Source\PSoC5/SERVO_PWM_PM.c ****         {
 146:.\Generated_Source\PSoC5/SERVO_PWM_PM.c ****             /* Component is disabled */
 147:.\Generated_Source\PSoC5/SERVO_PWM_PM.c ****             SERVO_PWM_backup.PWMEnableState = 0u;
 122              		.loc 1 147 0
 123 0014 0022     		movs	r2, #0
 124 0016 044B     		ldr	r3, .L10+4
 125 0018 1A70     		strb	r2, [r3]
 126              	.L9:
 148:.\Generated_Source\PSoC5/SERVO_PWM_PM.c ****         }
 149:.\Generated_Source\PSoC5/SERVO_PWM_PM.c ****     #endif /* (SERVO_PWM_UseControl) */
 150:.\Generated_Source\PSoC5/SERVO_PWM_PM.c **** 
 151:.\Generated_Source\PSoC5/SERVO_PWM_PM.c ****     /* Stop component */
 152:.\Generated_Source\PSoC5/SERVO_PWM_PM.c ****     SERVO_PWM_Stop();
 127              		.loc 1 152 0
 128 001a FFF7FEFF 		bl	SERVO_PWM_Stop
 129              	.LVL4:
 153:.\Generated_Source\PSoC5/SERVO_PWM_PM.c **** 
 154:.\Generated_Source\PSoC5/SERVO_PWM_PM.c ****     /* Save registers configuration */
 155:.\Generated_Source\PSoC5/SERVO_PWM_PM.c ****     SERVO_PWM_SaveConfig();
 130              		.loc 1 155 0
ARM GAS  C:\Users\mitchell\AppData\Local\Temp\ccepAJff.s 			page 6


 131 001e FFF7FEFF 		bl	SERVO_PWM_SaveConfig
 132              	.LVL5:
 133 0022 08BD     		pop	{r3, pc}
 134              	.L11:
 135              		.align	2
 136              	.L10:
 137 0024 71640040 		.word	1073767537
 138 0028 00000000 		.word	.LANCHOR0
 139              		.cfi_endproc
 140              	.LFE2:
 141              		.size	SERVO_PWM_Sleep, .-SERVO_PWM_Sleep
 142              		.section	.text.SERVO_PWM_Wakeup,"ax",%progbits
 143              		.align	2
 144              		.global	SERVO_PWM_Wakeup
 145              		.thumb
 146              		.thumb_func
 147              		.type	SERVO_PWM_Wakeup, %function
 148              	SERVO_PWM_Wakeup:
 149              	.LFB3:
 156:.\Generated_Source\PSoC5/SERVO_PWM_PM.c **** }
 157:.\Generated_Source\PSoC5/SERVO_PWM_PM.c **** 
 158:.\Generated_Source\PSoC5/SERVO_PWM_PM.c **** 
 159:.\Generated_Source\PSoC5/SERVO_PWM_PM.c **** /*******************************************************************************
 160:.\Generated_Source\PSoC5/SERVO_PWM_PM.c **** * Function Name: SERVO_PWM_Wakeup
 161:.\Generated_Source\PSoC5/SERVO_PWM_PM.c **** ********************************************************************************
 162:.\Generated_Source\PSoC5/SERVO_PWM_PM.c **** *
 163:.\Generated_Source\PSoC5/SERVO_PWM_PM.c **** * Summary:
 164:.\Generated_Source\PSoC5/SERVO_PWM_PM.c **** *  Restores and enables the user configuration. Should be called just after
 165:.\Generated_Source\PSoC5/SERVO_PWM_PM.c **** *  awaking from sleep.
 166:.\Generated_Source\PSoC5/SERVO_PWM_PM.c **** *
 167:.\Generated_Source\PSoC5/SERVO_PWM_PM.c **** * Parameters:
 168:.\Generated_Source\PSoC5/SERVO_PWM_PM.c **** *  None
 169:.\Generated_Source\PSoC5/SERVO_PWM_PM.c **** *
 170:.\Generated_Source\PSoC5/SERVO_PWM_PM.c **** * Return:
 171:.\Generated_Source\PSoC5/SERVO_PWM_PM.c **** *  None
 172:.\Generated_Source\PSoC5/SERVO_PWM_PM.c **** *
 173:.\Generated_Source\PSoC5/SERVO_PWM_PM.c **** * Global variables:
 174:.\Generated_Source\PSoC5/SERVO_PWM_PM.c **** *  SERVO_PWM_backup.pwmEnable:  Is used to restore the enable state of
 175:.\Generated_Source\PSoC5/SERVO_PWM_PM.c **** *  block on wakeup from sleep mode.
 176:.\Generated_Source\PSoC5/SERVO_PWM_PM.c **** *
 177:.\Generated_Source\PSoC5/SERVO_PWM_PM.c **** *******************************************************************************/
 178:.\Generated_Source\PSoC5/SERVO_PWM_PM.c **** void SERVO_PWM_Wakeup(void) 
 179:.\Generated_Source\PSoC5/SERVO_PWM_PM.c **** {
 150              		.loc 1 179 0
 151              		.cfi_startproc
 152              		@ args = 0, pretend = 0, frame = 0
 153              		@ frame_needed = 0, uses_anonymous_args = 0
 154 0000 08B5     		push	{r3, lr}
 155              		.cfi_def_cfa_offset 8
 156              		.cfi_offset 3, -8
 157              		.cfi_offset 14, -4
 180:.\Generated_Source\PSoC5/SERVO_PWM_PM.c ****      /* Restore registers values */
 181:.\Generated_Source\PSoC5/SERVO_PWM_PM.c ****     SERVO_PWM_RestoreConfig();
 158              		.loc 1 181 0
 159 0002 FFF7FEFF 		bl	SERVO_PWM_RestoreConfig
 160              	.LVL6:
 182:.\Generated_Source\PSoC5/SERVO_PWM_PM.c **** 
ARM GAS  C:\Users\mitchell\AppData\Local\Temp\ccepAJff.s 			page 7


 183:.\Generated_Source\PSoC5/SERVO_PWM_PM.c ****     if(SERVO_PWM_backup.PWMEnableState != 0u)
 161              		.loc 1 183 0
 162 0006 034B     		ldr	r3, .L14
 163 0008 1B78     		ldrb	r3, [r3]	@ zero_extendqisi2
 164 000a 0BB1     		cbz	r3, .L12
 184:.\Generated_Source\PSoC5/SERVO_PWM_PM.c ****     {
 185:.\Generated_Source\PSoC5/SERVO_PWM_PM.c ****         /* Enable component's operation */
 186:.\Generated_Source\PSoC5/SERVO_PWM_PM.c ****         SERVO_PWM_Enable();
 165              		.loc 1 186 0
 166 000c FFF7FEFF 		bl	SERVO_PWM_Enable
 167              	.LVL7:
 168              	.L12:
 169 0010 08BD     		pop	{r3, pc}
 170              	.L15:
 171 0012 00BF     		.align	2
 172              	.L14:
 173 0014 00000000 		.word	.LANCHOR0
 174              		.cfi_endproc
 175              	.LFE3:
 176              		.size	SERVO_PWM_Wakeup, .-SERVO_PWM_Wakeup
 177              		.bss
 178              		.align	2
 179              		.set	.LANCHOR0,. + 0
 180              		.type	SERVO_PWM_backup, %object
 181              		.size	SERVO_PWM_backup, 4
 182              	SERVO_PWM_backup:
 183 0000 00000000 		.space	4
 184              		.text
 185              	.Letext0:
 186              		.file 2 ".\\Generated_Source\\PSoC5\\cytypes.h"
 187              		.file 3 ".\\Generated_Source\\PSoC5\\SERVO_PWM.h"
 188              		.section	.debug_info,"",%progbits
 189              	.Ldebug_info0:
 190 0000 DB010000 		.4byte	0x1db
 191 0004 0400     		.2byte	0x4
 192 0006 00000000 		.4byte	.Ldebug_abbrev0
 193 000a 04       		.byte	0x4
 194 000b 01       		.uleb128 0x1
 195 000c 80010000 		.4byte	.LASF30
 196 0010 01       		.byte	0x1
 197 0011 5F000000 		.4byte	.LASF31
 198 0015 3B020000 		.4byte	.LASF32
 199 0019 00000000 		.4byte	.Ldebug_ranges0+0
 200 001d 00000000 		.4byte	0
 201 0021 00000000 		.4byte	.Ldebug_line0
 202 0025 02       		.uleb128 0x2
 203 0026 01       		.byte	0x1
 204 0027 06       		.byte	0x6
 205 0028 C8020000 		.4byte	.LASF0
 206 002c 02       		.uleb128 0x2
 207 002d 01       		.byte	0x1
 208 002e 08       		.byte	0x8
 209 002f AF000000 		.4byte	.LASF1
 210 0033 02       		.uleb128 0x2
 211 0034 02       		.byte	0x2
 212 0035 05       		.byte	0x5
 213 0036 9D020000 		.4byte	.LASF2
ARM GAS  C:\Users\mitchell\AppData\Local\Temp\ccepAJff.s 			page 8


 214 003a 02       		.uleb128 0x2
 215 003b 02       		.byte	0x2
 216 003c 07       		.byte	0x7
 217 003d 3D000000 		.4byte	.LASF3
 218 0041 02       		.uleb128 0x2
 219 0042 04       		.byte	0x4
 220 0043 05       		.byte	0x5
 221 0044 BF020000 		.4byte	.LASF4
 222 0048 02       		.uleb128 0x2
 223 0049 04       		.byte	0x4
 224 004a 07       		.byte	0x7
 225 004b CC000000 		.4byte	.LASF5
 226 004f 02       		.uleb128 0x2
 227 0050 08       		.byte	0x8
 228 0051 05       		.byte	0x5
 229 0052 2D020000 		.4byte	.LASF6
 230 0056 02       		.uleb128 0x2
 231 0057 08       		.byte	0x8
 232 0058 07       		.byte	0x7
 233 0059 54010000 		.4byte	.LASF7
 234 005d 03       		.uleb128 0x3
 235 005e 04       		.byte	0x4
 236 005f 05       		.byte	0x5
 237 0060 696E7400 		.ascii	"int\000"
 238 0064 02       		.uleb128 0x2
 239 0065 04       		.byte	0x4
 240 0066 07       		.byte	0x7
 241 0067 47010000 		.4byte	.LASF8
 242 006b 04       		.uleb128 0x4
 243 006c F4000000 		.4byte	.LASF12
 244 0070 02       		.byte	0x2
 245 0071 B4       		.byte	0xb4
 246 0072 2C000000 		.4byte	0x2c
 247 0076 02       		.uleb128 0x2
 248 0077 04       		.byte	0x4
 249 0078 04       		.byte	0x4
 250 0079 A9000000 		.4byte	.LASF9
 251 007d 02       		.uleb128 0x2
 252 007e 08       		.byte	0x8
 253 007f 04       		.byte	0x4
 254 0080 2B010000 		.4byte	.LASF10
 255 0084 02       		.uleb128 0x2
 256 0085 01       		.byte	0x1
 257 0086 08       		.byte	0x8
 258 0087 98020000 		.4byte	.LASF11
 259 008b 05       		.uleb128 0x5
 260 008c 7B010000 		.4byte	.LASF13
 261 0090 02       		.byte	0x2
 262 0091 5E01     		.2byte	0x15e
 263 0093 97000000 		.4byte	0x97
 264 0097 06       		.uleb128 0x6
 265 0098 6B000000 		.4byte	0x6b
 266 009c 02       		.uleb128 0x2
 267 009d 04       		.byte	0x4
 268 009e 07       		.byte	0x7
 269 009f 24020000 		.4byte	.LASF14
 270 00a3 07       		.uleb128 0x7
ARM GAS  C:\Users\mitchell\AppData\Local\Temp\ccepAJff.s 			page 9


 271 00a4 04       		.byte	0x4
 272 00a5 03       		.byte	0x3
 273 00a6 6B       		.byte	0x6b
 274 00a7 DC000000 		.4byte	0xdc
 275 00ab 08       		.uleb128 0x8
 276 00ac BD000000 		.4byte	.LASF15
 277 00b0 03       		.byte	0x3
 278 00b1 6E       		.byte	0x6e
 279 00b2 6B000000 		.4byte	0x6b
 280 00b6 00       		.byte	0
 281 00b7 08       		.uleb128 0x8
 282 00b8 00000000 		.4byte	.LASF16
 283 00bc 03       		.byte	0x3
 284 00bd 71       		.byte	0x71
 285 00be 6B000000 		.4byte	0x6b
 286 00c2 01       		.byte	0x1
 287 00c3 08       		.uleb128 0x8
 288 00c4 D4020000 		.4byte	.LASF17
 289 00c8 03       		.byte	0x3
 290 00c9 76       		.byte	0x76
 291 00ca 6B000000 		.4byte	0x6b
 292 00ce 02       		.byte	0x2
 293 00cf 08       		.uleb128 0x8
 294 00d0 FA000000 		.4byte	.LASF18
 295 00d4 03       		.byte	0x3
 296 00d5 86       		.byte	0x86
 297 00d6 6B000000 		.4byte	0x6b
 298 00da 03       		.byte	0x3
 299 00db 00       		.byte	0
 300 00dc 04       		.uleb128 0x4
 301 00dd 26000000 		.4byte	.LASF19
 302 00e1 03       		.byte	0x3
 303 00e2 8B       		.byte	0x8b
 304 00e3 A3000000 		.4byte	0xa3
 305 00e7 09       		.uleb128 0x9
 306 00e8 32010000 		.4byte	.LASF20
 307 00ec 01       		.byte	0x1
 308 00ed 2A       		.byte	0x2a
 309 00ee 00000000 		.4byte	.LFB0
 310 00f2 20000000 		.4byte	.LFE0-.LFB0
 311 00f6 01       		.uleb128 0x1
 312 00f7 9C       		.byte	0x9c
 313 00f8 0F010000 		.4byte	0x10f
 314 00fc 0A       		.uleb128 0xa
 315 00fd 06000000 		.4byte	.LVL0
 316 0101 98010000 		.4byte	0x198
 317 0105 0A       		.uleb128 0xa
 318 0106 14000000 		.4byte	.LVL1
 319 010a A3010000 		.4byte	0x1a3
 320 010e 00       		.byte	0
 321 010f 09       		.uleb128 0x9
 322 0110 A7020000 		.4byte	.LASF21
 323 0114 01       		.byte	0x1
 324 0115 58       		.byte	0x58
 325 0116 00000000 		.4byte	.LFB1
 326 011a 20000000 		.4byte	.LFE1-.LFB1
 327 011e 01       		.uleb128 0x1
ARM GAS  C:\Users\mitchell\AppData\Local\Temp\ccepAJff.s 			page 10


 328 011f 9C       		.byte	0x9c
 329 0120 37010000 		.4byte	0x137
 330 0124 0A       		.uleb128 0xa
 331 0125 0A000000 		.4byte	.LVL2
 332 0129 AE010000 		.4byte	0x1ae
 333 012d 0A       		.uleb128 0xa
 334 012e 16000000 		.4byte	.LVL3
 335 0132 BF010000 		.4byte	0x1bf
 336 0136 00       		.byte	0
 337 0137 09       		.uleb128 0x9
 338 0138 6B010000 		.4byte	.LASF22
 339 013c 01       		.byte	0x1
 340 013d 88       		.byte	0x88
 341 013e 00000000 		.4byte	.LFB2
 342 0142 2C000000 		.4byte	.LFE2-.LFB2
 343 0146 01       		.uleb128 0x1
 344 0147 9C       		.byte	0x9c
 345 0148 5F010000 		.4byte	0x15f
 346 014c 0A       		.uleb128 0xa
 347 014d 1E000000 		.4byte	.LVL4
 348 0151 D0010000 		.4byte	0x1d0
 349 0155 0A       		.uleb128 0xa
 350 0156 22000000 		.4byte	.LVL5
 351 015a E7000000 		.4byte	0xe7
 352 015e 00       		.byte	0
 353 015f 09       		.uleb128 0x9
 354 0160 13020000 		.4byte	.LASF23
 355 0164 01       		.byte	0x1
 356 0165 B2       		.byte	0xb2
 357 0166 00000000 		.4byte	.LFB3
 358 016a 18000000 		.4byte	.LFE3-.LFB3
 359 016e 01       		.uleb128 0x1
 360 016f 9C       		.byte	0x9c
 361 0170 87010000 		.4byte	0x187
 362 0174 0A       		.uleb128 0xa
 363 0175 06000000 		.4byte	.LVL6
 364 0179 0F010000 		.4byte	0x10f
 365 017d 0A       		.uleb128 0xa
 366 017e 10000000 		.4byte	.LVL7
 367 0182 D7010000 		.4byte	0x1d7
 368 0186 00       		.byte	0
 369 0187 0B       		.uleb128 0xb
 370 0188 98000000 		.4byte	.LASF33
 371 018c 01       		.byte	0x1
 372 018d 14       		.byte	0x14
 373 018e DC000000 		.4byte	0xdc
 374 0192 05       		.uleb128 0x5
 375 0193 03       		.byte	0x3
 376 0194 00000000 		.4byte	SERVO_PWM_backup
 377 0198 0C       		.uleb128 0xc
 378 0199 DE000000 		.4byte	.LASF24
 379 019d 03       		.byte	0x3
 380 019e B3       		.byte	0xb3
 381 019f 6B000000 		.4byte	0x6b
 382 01a3 0C       		.uleb128 0xc
 383 01a4 0D010000 		.4byte	.LASF25
 384 01a8 03       		.byte	0x3
ARM GAS  C:\Users\mitchell\AppData\Local\Temp\ccepAJff.s 			page 11


 385 01a9 9D       		.byte	0x9d
 386 01aa 6B000000 		.4byte	0x6b
 387 01ae 0D       		.uleb128 0xd
 388 01af FC010000 		.4byte	.LASF26
 389 01b3 03       		.byte	0x3
 390 01b4 BA       		.byte	0xba
 391 01b5 BF010000 		.4byte	0x1bf
 392 01b9 0E       		.uleb128 0xe
 393 01ba 6B000000 		.4byte	0x6b
 394 01be 00       		.byte	0
 395 01bf 0D       		.uleb128 0xd
 396 01c0 07000000 		.4byte	.LASF27
 397 01c4 03       		.byte	0x3
 398 01c5 9E       		.byte	0x9e
 399 01c6 D0010000 		.4byte	0x1d0
 400 01ca 0E       		.uleb128 0xe
 401 01cb 6B000000 		.4byte	0x6b
 402 01cf 00       		.byte	0
 403 01d0 0F       		.uleb128 0xf
 404 01d1 50000000 		.4byte	.LASF28
 405 01d5 03       		.byte	0x3
 406 01d6 93       		.byte	0x93
 407 01d7 0F       		.uleb128 0xf
 408 01d8 87000000 		.4byte	.LASF29
 409 01dc 03       		.byte	0x3
 410 01dd DB       		.byte	0xdb
 411 01de 00       		.byte	0
 412              		.section	.debug_abbrev,"",%progbits
 413              	.Ldebug_abbrev0:
 414 0000 01       		.uleb128 0x1
 415 0001 11       		.uleb128 0x11
 416 0002 01       		.byte	0x1
 417 0003 25       		.uleb128 0x25
 418 0004 0E       		.uleb128 0xe
 419 0005 13       		.uleb128 0x13
 420 0006 0B       		.uleb128 0xb
 421 0007 03       		.uleb128 0x3
 422 0008 0E       		.uleb128 0xe
 423 0009 1B       		.uleb128 0x1b
 424 000a 0E       		.uleb128 0xe
 425 000b 55       		.uleb128 0x55
 426 000c 17       		.uleb128 0x17
 427 000d 11       		.uleb128 0x11
 428 000e 01       		.uleb128 0x1
 429 000f 10       		.uleb128 0x10
 430 0010 17       		.uleb128 0x17
 431 0011 00       		.byte	0
 432 0012 00       		.byte	0
 433 0013 02       		.uleb128 0x2
 434 0014 24       		.uleb128 0x24
 435 0015 00       		.byte	0
 436 0016 0B       		.uleb128 0xb
 437 0017 0B       		.uleb128 0xb
 438 0018 3E       		.uleb128 0x3e
 439 0019 0B       		.uleb128 0xb
 440 001a 03       		.uleb128 0x3
 441 001b 0E       		.uleb128 0xe
ARM GAS  C:\Users\mitchell\AppData\Local\Temp\ccepAJff.s 			page 12


 442 001c 00       		.byte	0
 443 001d 00       		.byte	0
 444 001e 03       		.uleb128 0x3
 445 001f 24       		.uleb128 0x24
 446 0020 00       		.byte	0
 447 0021 0B       		.uleb128 0xb
 448 0022 0B       		.uleb128 0xb
 449 0023 3E       		.uleb128 0x3e
 450 0024 0B       		.uleb128 0xb
 451 0025 03       		.uleb128 0x3
 452 0026 08       		.uleb128 0x8
 453 0027 00       		.byte	0
 454 0028 00       		.byte	0
 455 0029 04       		.uleb128 0x4
 456 002a 16       		.uleb128 0x16
 457 002b 00       		.byte	0
 458 002c 03       		.uleb128 0x3
 459 002d 0E       		.uleb128 0xe
 460 002e 3A       		.uleb128 0x3a
 461 002f 0B       		.uleb128 0xb
 462 0030 3B       		.uleb128 0x3b
 463 0031 0B       		.uleb128 0xb
 464 0032 49       		.uleb128 0x49
 465 0033 13       		.uleb128 0x13
 466 0034 00       		.byte	0
 467 0035 00       		.byte	0
 468 0036 05       		.uleb128 0x5
 469 0037 16       		.uleb128 0x16
 470 0038 00       		.byte	0
 471 0039 03       		.uleb128 0x3
 472 003a 0E       		.uleb128 0xe
 473 003b 3A       		.uleb128 0x3a
 474 003c 0B       		.uleb128 0xb
 475 003d 3B       		.uleb128 0x3b
 476 003e 05       		.uleb128 0x5
 477 003f 49       		.uleb128 0x49
 478 0040 13       		.uleb128 0x13
 479 0041 00       		.byte	0
 480 0042 00       		.byte	0
 481 0043 06       		.uleb128 0x6
 482 0044 35       		.uleb128 0x35
 483 0045 00       		.byte	0
 484 0046 49       		.uleb128 0x49
 485 0047 13       		.uleb128 0x13
 486 0048 00       		.byte	0
 487 0049 00       		.byte	0
 488 004a 07       		.uleb128 0x7
 489 004b 13       		.uleb128 0x13
 490 004c 01       		.byte	0x1
 491 004d 0B       		.uleb128 0xb
 492 004e 0B       		.uleb128 0xb
 493 004f 3A       		.uleb128 0x3a
 494 0050 0B       		.uleb128 0xb
 495 0051 3B       		.uleb128 0x3b
 496 0052 0B       		.uleb128 0xb
 497 0053 01       		.uleb128 0x1
 498 0054 13       		.uleb128 0x13
ARM GAS  C:\Users\mitchell\AppData\Local\Temp\ccepAJff.s 			page 13


 499 0055 00       		.byte	0
 500 0056 00       		.byte	0
 501 0057 08       		.uleb128 0x8
 502 0058 0D       		.uleb128 0xd
 503 0059 00       		.byte	0
 504 005a 03       		.uleb128 0x3
 505 005b 0E       		.uleb128 0xe
 506 005c 3A       		.uleb128 0x3a
 507 005d 0B       		.uleb128 0xb
 508 005e 3B       		.uleb128 0x3b
 509 005f 0B       		.uleb128 0xb
 510 0060 49       		.uleb128 0x49
 511 0061 13       		.uleb128 0x13
 512 0062 38       		.uleb128 0x38
 513 0063 0B       		.uleb128 0xb
 514 0064 00       		.byte	0
 515 0065 00       		.byte	0
 516 0066 09       		.uleb128 0x9
 517 0067 2E       		.uleb128 0x2e
 518 0068 01       		.byte	0x1
 519 0069 3F       		.uleb128 0x3f
 520 006a 19       		.uleb128 0x19
 521 006b 03       		.uleb128 0x3
 522 006c 0E       		.uleb128 0xe
 523 006d 3A       		.uleb128 0x3a
 524 006e 0B       		.uleb128 0xb
 525 006f 3B       		.uleb128 0x3b
 526 0070 0B       		.uleb128 0xb
 527 0071 27       		.uleb128 0x27
 528 0072 19       		.uleb128 0x19
 529 0073 11       		.uleb128 0x11
 530 0074 01       		.uleb128 0x1
 531 0075 12       		.uleb128 0x12
 532 0076 06       		.uleb128 0x6
 533 0077 40       		.uleb128 0x40
 534 0078 18       		.uleb128 0x18
 535 0079 9742     		.uleb128 0x2117
 536 007b 19       		.uleb128 0x19
 537 007c 01       		.uleb128 0x1
 538 007d 13       		.uleb128 0x13
 539 007e 00       		.byte	0
 540 007f 00       		.byte	0
 541 0080 0A       		.uleb128 0xa
 542 0081 898201   		.uleb128 0x4109
 543 0084 00       		.byte	0
 544 0085 11       		.uleb128 0x11
 545 0086 01       		.uleb128 0x1
 546 0087 31       		.uleb128 0x31
 547 0088 13       		.uleb128 0x13
 548 0089 00       		.byte	0
 549 008a 00       		.byte	0
 550 008b 0B       		.uleb128 0xb
 551 008c 34       		.uleb128 0x34
 552 008d 00       		.byte	0
 553 008e 03       		.uleb128 0x3
 554 008f 0E       		.uleb128 0xe
 555 0090 3A       		.uleb128 0x3a
ARM GAS  C:\Users\mitchell\AppData\Local\Temp\ccepAJff.s 			page 14


 556 0091 0B       		.uleb128 0xb
 557 0092 3B       		.uleb128 0x3b
 558 0093 0B       		.uleb128 0xb
 559 0094 49       		.uleb128 0x49
 560 0095 13       		.uleb128 0x13
 561 0096 02       		.uleb128 0x2
 562 0097 18       		.uleb128 0x18
 563 0098 00       		.byte	0
 564 0099 00       		.byte	0
 565 009a 0C       		.uleb128 0xc
 566 009b 2E       		.uleb128 0x2e
 567 009c 00       		.byte	0
 568 009d 3F       		.uleb128 0x3f
 569 009e 19       		.uleb128 0x19
 570 009f 03       		.uleb128 0x3
 571 00a0 0E       		.uleb128 0xe
 572 00a1 3A       		.uleb128 0x3a
 573 00a2 0B       		.uleb128 0xb
 574 00a3 3B       		.uleb128 0x3b
 575 00a4 0B       		.uleb128 0xb
 576 00a5 27       		.uleb128 0x27
 577 00a6 19       		.uleb128 0x19
 578 00a7 49       		.uleb128 0x49
 579 00a8 13       		.uleb128 0x13
 580 00a9 3C       		.uleb128 0x3c
 581 00aa 19       		.uleb128 0x19
 582 00ab 00       		.byte	0
 583 00ac 00       		.byte	0
 584 00ad 0D       		.uleb128 0xd
 585 00ae 2E       		.uleb128 0x2e
 586 00af 01       		.byte	0x1
 587 00b0 3F       		.uleb128 0x3f
 588 00b1 19       		.uleb128 0x19
 589 00b2 03       		.uleb128 0x3
 590 00b3 0E       		.uleb128 0xe
 591 00b4 3A       		.uleb128 0x3a
 592 00b5 0B       		.uleb128 0xb
 593 00b6 3B       		.uleb128 0x3b
 594 00b7 0B       		.uleb128 0xb
 595 00b8 27       		.uleb128 0x27
 596 00b9 19       		.uleb128 0x19
 597 00ba 3C       		.uleb128 0x3c
 598 00bb 19       		.uleb128 0x19
 599 00bc 01       		.uleb128 0x1
 600 00bd 13       		.uleb128 0x13
 601 00be 00       		.byte	0
 602 00bf 00       		.byte	0
 603 00c0 0E       		.uleb128 0xe
 604 00c1 05       		.uleb128 0x5
 605 00c2 00       		.byte	0
 606 00c3 49       		.uleb128 0x49
 607 00c4 13       		.uleb128 0x13
 608 00c5 00       		.byte	0
 609 00c6 00       		.byte	0
 610 00c7 0F       		.uleb128 0xf
 611 00c8 2E       		.uleb128 0x2e
 612 00c9 00       		.byte	0
ARM GAS  C:\Users\mitchell\AppData\Local\Temp\ccepAJff.s 			page 15


 613 00ca 3F       		.uleb128 0x3f
 614 00cb 19       		.uleb128 0x19
 615 00cc 03       		.uleb128 0x3
 616 00cd 0E       		.uleb128 0xe
 617 00ce 3A       		.uleb128 0x3a
 618 00cf 0B       		.uleb128 0xb
 619 00d0 3B       		.uleb128 0x3b
 620 00d1 0B       		.uleb128 0xb
 621 00d2 27       		.uleb128 0x27
 622 00d3 19       		.uleb128 0x19
 623 00d4 3C       		.uleb128 0x3c
 624 00d5 19       		.uleb128 0x19
 625 00d6 00       		.byte	0
 626 00d7 00       		.byte	0
 627 00d8 00       		.byte	0
 628              		.section	.debug_aranges,"",%progbits
 629 0000 34000000 		.4byte	0x34
 630 0004 0200     		.2byte	0x2
 631 0006 00000000 		.4byte	.Ldebug_info0
 632 000a 04       		.byte	0x4
 633 000b 00       		.byte	0
 634 000c 0000     		.2byte	0
 635 000e 0000     		.2byte	0
 636 0010 00000000 		.4byte	.LFB0
 637 0014 20000000 		.4byte	.LFE0-.LFB0
 638 0018 00000000 		.4byte	.LFB1
 639 001c 20000000 		.4byte	.LFE1-.LFB1
 640 0020 00000000 		.4byte	.LFB2
 641 0024 2C000000 		.4byte	.LFE2-.LFB2
 642 0028 00000000 		.4byte	.LFB3
 643 002c 18000000 		.4byte	.LFE3-.LFB3
 644 0030 00000000 		.4byte	0
 645 0034 00000000 		.4byte	0
 646              		.section	.debug_ranges,"",%progbits
 647              	.Ldebug_ranges0:
 648 0000 00000000 		.4byte	.LFB0
 649 0004 20000000 		.4byte	.LFE0
 650 0008 00000000 		.4byte	.LFB1
 651 000c 20000000 		.4byte	.LFE1
 652 0010 00000000 		.4byte	.LFB2
 653 0014 2C000000 		.4byte	.LFE2
 654 0018 00000000 		.4byte	.LFB3
 655 001c 18000000 		.4byte	.LFE3
 656 0020 00000000 		.4byte	0
 657 0024 00000000 		.4byte	0
 658              		.section	.debug_line,"",%progbits
 659              	.Ldebug_line0:
 660 0000 B1000000 		.section	.debug_str,"MS",%progbits,1
 660      02005A00 
 660      00000201 
 660      FB0E0D00 
 660      01010101 
 661              	.LASF16:
 662 0000 50574D55 		.ascii	"PWMUdb\000"
 662      646200
 663              	.LASF27:
 664 0007 53455256 		.ascii	"SERVO_PWM_WriteControlRegister\000"
ARM GAS  C:\Users\mitchell\AppData\Local\Temp\ccepAJff.s 			page 16


 664      4F5F5057 
 664      4D5F5772 
 664      69746543 
 664      6F6E7472 
 665              	.LASF19:
 666 0026 53455256 		.ascii	"SERVO_PWM_backupStruct\000"
 666      4F5F5057 
 666      4D5F6261 
 666      636B7570 
 666      53747275 
 667              	.LASF3:
 668 003d 73686F72 		.ascii	"short unsigned int\000"
 668      7420756E 
 668      7369676E 
 668      65642069 
 668      6E7400
 669              	.LASF28:
 670 0050 53455256 		.ascii	"SERVO_PWM_Stop\000"
 670      4F5F5057 
 670      4D5F5374 
 670      6F7000
 671              	.LASF31:
 672 005f 2E5C4765 		.ascii	".\\Generated_Source\\PSoC5\\SERVO_PWM_PM.c\000"
 672      6E657261 
 672      7465645F 
 672      536F7572 
 672      63655C50 
 673              	.LASF29:
 674 0087 53455256 		.ascii	"SERVO_PWM_Enable\000"
 674      4F5F5057 
 674      4D5F456E 
 674      61626C65 
 674      00
 675              	.LASF33:
 676 0098 53455256 		.ascii	"SERVO_PWM_backup\000"
 676      4F5F5057 
 676      4D5F6261 
 676      636B7570 
 676      00
 677              	.LASF9:
 678 00a9 666C6F61 		.ascii	"float\000"
 678      7400
 679              	.LASF1:
 680 00af 756E7369 		.ascii	"unsigned char\000"
 680      676E6564 
 680      20636861 
 680      7200
 681              	.LASF15:
 682 00bd 50574D45 		.ascii	"PWMEnableState\000"
 682      6E61626C 
 682      65537461 
 682      746500
 683              	.LASF5:
 684 00cc 6C6F6E67 		.ascii	"long unsigned int\000"
 684      20756E73 
 684      69676E65 
 684      6420696E 
ARM GAS  C:\Users\mitchell\AppData\Local\Temp\ccepAJff.s 			page 17


 684      7400
 685              	.LASF24:
 686 00de 53455256 		.ascii	"SERVO_PWM_ReadCounter\000"
 686      4F5F5057 
 686      4D5F5265 
 686      6164436F 
 686      756E7465 
 687              	.LASF12:
 688 00f4 75696E74 		.ascii	"uint8\000"
 688      3800
 689              	.LASF18:
 690 00fa 50574D43 		.ascii	"PWMControlRegister\000"
 690      6F6E7472 
 690      6F6C5265 
 690      67697374 
 690      657200
 691              	.LASF25:
 692 010d 53455256 		.ascii	"SERVO_PWM_ReadControlRegister\000"
 692      4F5F5057 
 692      4D5F5265 
 692      6164436F 
 692      6E74726F 
 693              	.LASF10:
 694 012b 646F7562 		.ascii	"double\000"
 694      6C6500
 695              	.LASF20:
 696 0132 53455256 		.ascii	"SERVO_PWM_SaveConfig\000"
 696      4F5F5057 
 696      4D5F5361 
 696      7665436F 
 696      6E666967 
 697              	.LASF8:
 698 0147 756E7369 		.ascii	"unsigned int\000"
 698      676E6564 
 698      20696E74 
 698      00
 699              	.LASF7:
 700 0154 6C6F6E67 		.ascii	"long long unsigned int\000"
 700      206C6F6E 
 700      6720756E 
 700      7369676E 
 700      65642069 
 701              	.LASF22:
 702 016b 53455256 		.ascii	"SERVO_PWM_Sleep\000"
 702      4F5F5057 
 702      4D5F536C 
 702      65657000 
 703              	.LASF13:
 704 017b 72656738 		.ascii	"reg8\000"
 704      00
 705              	.LASF30:
 706 0180 474E5520 		.ascii	"GNU C 4.8.4 20140526 (release) [ARM/embedded-4_8-br"
 706      4320342E 
 706      382E3420 
 706      32303134 
 706      30353236 
 707 01b3 616E6368 		.ascii	"anch revision 211358] -mcpu=cortex-m3 -mthumb -g -O"
ARM GAS  C:\Users\mitchell\AppData\Local\Temp\ccepAJff.s 			page 18


 707      20726576 
 707      6973696F 
 707      6E203231 
 707      31333538 
 708 01e6 67202D66 		.ascii	"g -ffunction-sections\000"
 708      66756E63 
 708      74696F6E 
 708      2D736563 
 708      74696F6E 
 709              	.LASF26:
 710 01fc 53455256 		.ascii	"SERVO_PWM_WriteCounter\000"
 710      4F5F5057 
 710      4D5F5772 
 710      69746543 
 710      6F756E74 
 711              	.LASF23:
 712 0213 53455256 		.ascii	"SERVO_PWM_Wakeup\000"
 712      4F5F5057 
 712      4D5F5761 
 712      6B657570 
 712      00
 713              	.LASF14:
 714 0224 73697A65 		.ascii	"sizetype\000"
 714      74797065 
 714      00
 715              	.LASF6:
 716 022d 6C6F6E67 		.ascii	"long long int\000"
 716      206C6F6E 
 716      6720696E 
 716      7400
 717              	.LASF32:
 718 023b 433A5C55 		.ascii	"C:\\Users\\mitchell\\Documents\\fsae\\E-Throttle\\E"
 718      73657273 
 718      5C6D6974 
 718      6368656C 
 718      6C5C446F 
 719 0268 2D546872 		.ascii	"-Throttle\\E-Throttle-Mainboard-Deprecated.cydsn\000"
 719      6F74746C 
 719      655C452D 
 719      5468726F 
 719      74746C65 
 720              	.LASF11:
 721 0298 63686172 		.ascii	"char\000"
 721      00
 722              	.LASF2:
 723 029d 73686F72 		.ascii	"short int\000"
 723      7420696E 
 723      7400
 724              	.LASF21:
 725 02a7 53455256 		.ascii	"SERVO_PWM_RestoreConfig\000"
 725      4F5F5057 
 725      4D5F5265 
 725      73746F72 
 725      65436F6E 
 726              	.LASF4:
 727 02bf 6C6F6E67 		.ascii	"long int\000"
 727      20696E74 
ARM GAS  C:\Users\mitchell\AppData\Local\Temp\ccepAJff.s 			page 19


 727      00
 728              	.LASF0:
 729 02c8 7369676E 		.ascii	"signed char\000"
 729      65642063 
 729      68617200 
 730              	.LASF17:
 731 02d4 496E7465 		.ascii	"InterruptMaskValue\000"
 731      72727570 
 731      744D6173 
 731      6B56616C 
 731      756500
 732              		.ident	"GCC: (GNU Tools for ARM Embedded Processors) 4.8.4 20140526 (release) [ARM/embedded-4_8-br
