ARM GAS  C:\Users\mitchell\AppData\Local\Temp\ccMSmGqj.s 			page 1


   1              		.syntax unified
   2              		.cpu cortex-m3
   3              		.fpu softvfp
   4              		.eabi_attribute 20, 1
   5              		.eabi_attribute 21, 1
   6              		.eabi_attribute 23, 3
   7              		.eabi_attribute 24, 1
   8              		.eabi_attribute 25, 1
   9              		.eabi_attribute 26, 1
  10              		.eabi_attribute 30, 1
  11              		.eabi_attribute 34, 1
  12              		.eabi_attribute 18, 4
  13              		.thumb
  14              		.file	"signal_processing.c"
  15              		.text
  16              	.Ltext0:
  17              		.cfi_sections	.debug_frame
  18              		.global	__aeabi_ui2f
  19              		.global	__aeabi_fdiv
  20              		.section	.text.convertToPercent,"ax",%progbits
  21              		.align	2
  22              		.global	convertToPercent
  23              		.thumb
  24              		.thumb_func
  25              		.type	convertToPercent, %function
  26              	convertToPercent:
  27              	.LFB0:
  28              		.file 1 ".\\signal_processing.c"
   1:.\signal_processing.c ****  /* ========================================
   2:.\signal_processing.c ****     A collection of functions that do the brunt
   3:.\signal_processing.c ****     of the I/O processing and calculation work
   4:.\signal_processing.c ****     needed for the E-Throttle.
   5:.\signal_processing.c **** 
   6:.\signal_processing.c ****     Author: Mitchell Mellone (mellom3@rpi.edu)
   7:.\signal_processing.c ****     Date Created: 12/28/15
   8:.\signal_processing.c ****     Most Recent Modification: 12/28/15
   9:.\signal_processing.c ****     Version 0.1.0
  10:.\signal_processing.c **** 
  11:.\signal_processing.c ****     Copyright (c) 2015 Rensselaer Motorsport
  12:.\signal_processing.c ****     Distributed under the MIT License.
  13:.\signal_processing.c ****     See "LICENSE" for more information.
  14:.\signal_processing.c ****  * ========================================
  15:.\signal_processing.c **** */
  16:.\signal_processing.c **** 
  17:.\signal_processing.c **** #include "signal_processing.h"
  18:.\signal_processing.c **** #include "error.h"
  19:.\signal_processing.c **** 
  20:.\signal_processing.c **** /*
  21:.\signal_processing.c **** parameters: count - The current count returned by
  22:.\signal_processing.c ****                    an ADC
  23:.\signal_processing.c ****             type - The type of sensor
  24:.\signal_processing.c **** return: A percentage of the maximum possible count
  25:.\signal_processing.c ****         If the type is not defined it will return 0.0
  26:.\signal_processing.c **** */
  27:.\signal_processing.c **** float convertToPercent(uint16 count, sensor type) {
  29              		.loc 1 27 0
  30              		.cfi_startproc
ARM GAS  C:\Users\mitchell\AppData\Local\Temp\ccMSmGqj.s 			page 2


  31              		@ args = 0, pretend = 0, frame = 0
  32              		@ frame_needed = 0, uses_anonymous_args = 0
  33              	.LVL0:
  34 0000 08B5     		push	{r3, lr}
  35              		.cfi_def_cfa_offset 8
  36              		.cfi_offset 3, -8
  37              		.cfi_offset 14, -4
  28:.\signal_processing.c ****     float percent;
  29:.\signal_processing.c ****     switch (type) {
  38              		.loc 1 29 0
  39 0002 11B1     		cbz	r1, .L3
  40 0004 0129     		cmp	r1, #1
  41 0006 06D0     		beq	.L4
  42 0008 0BE0     		b	.L6
  43              	.L3:
  30:.\signal_processing.c ****         case TPS:
  31:.\signal_processing.c ****             percent = (float) count / MAX_TPS_COUNT;
  44              		.loc 1 31 0
  45 000a FFF7FEFF 		bl	__aeabi_ui2f
  46              	.LVL1:
  47 000e 0649     		ldr	r1, .L7
  48 0010 FFF7FEFF 		bl	__aeabi_fdiv
  49              	.LVL2:
  32:.\signal_processing.c ****             break;
  50              		.loc 1 32 0
  51 0014 08BD     		pop	{r3, pc}
  52              	.LVL3:
  53              	.L4:
  33:.\signal_processing.c ****         case APPS:
  34:.\signal_processing.c ****             percent = (float) count / MAX_APPS_COUNT;
  54              		.loc 1 34 0
  55 0016 FFF7FEFF 		bl	__aeabi_ui2f
  56              	.LVL4:
  57 001a 0349     		ldr	r1, .L7
  58 001c FFF7FEFF 		bl	__aeabi_fdiv
  59              	.LVL5:
  35:.\signal_processing.c ****             break;
  60              		.loc 1 35 0
  61 0020 08BD     		pop	{r3, pc}
  62              	.LVL6:
  63              	.L6:
  36:.\signal_processing.c ****         default:
  37:.\signal_processing.c ****             percent = 0.0;
  64              		.loc 1 37 0
  65 0022 0020     		movs	r0, #0
  66              	.LVL7:
  38:.\signal_processing.c ****     }
  39:.\signal_processing.c ****     return percent;
  40:.\signal_processing.c **** }
  67              		.loc 1 40 0
  68 0024 08BD     		pop	{r3, pc}
  69              	.L8:
  70 0026 00BF     		.align	2
  71              	.L7:
  72 0028 0000C843 		.word	1137180672
  73              		.cfi_endproc
  74              	.LFE0:
ARM GAS  C:\Users\mitchell\AppData\Local\Temp\ccMSmGqj.s 			page 3


  75              		.size	convertToPercent, .-convertToPercent
  76              		.global	__aeabi_fadd
  77              		.global	__aeabi_fmul
  78              		.section	.text.average,"ax",%progbits
  79              		.align	2
  80              		.global	average
  81              		.thumb
  82              		.thumb_func
  83              		.type	average, %function
  84              	average:
  85              	.LFB1:
  41:.\signal_processing.c **** 
  42:.\signal_processing.c **** /*
  43:.\signal_processing.c **** parameters: s0 - Percent that sensor 0 is open
  44:.\signal_processing.c ****             s1 - Percent that sensor 1 is open
  45:.\signal_processing.c **** effect: Checks for implausibility, then averages 
  46:.\signal_processing.c ****         the values
  47:.\signal_processing.c **** return: ERROR if there is an implausibility,
  48:.\signal_processing.c ****         The average of the sensors otherwise
  49:.\signal_processing.c **** */
  50:.\signal_processing.c **** float average(float s0, float s1) {
  86              		.loc 1 50 0
  87              		.cfi_startproc
  88              		@ args = 0, pretend = 0, frame = 0
  89              		@ frame_needed = 0, uses_anonymous_args = 0
  90              	.LVL8:
  91 0000 38B5     		push	{r3, r4, r5, lr}
  92              		.cfi_def_cfa_offset 16
  93              		.cfi_offset 3, -16
  94              		.cfi_offset 4, -12
  95              		.cfi_offset 5, -8
  96              		.cfi_offset 14, -4
  97 0002 0546     		mov	r5, r0
  98 0004 0C46     		mov	r4, r1
  51:.\signal_processing.c ****     if(localImplausibility(s0, s1) == ERROR) {
  99              		.loc 1 51 0
 100 0006 FFF7FEFF 		bl	localImplausibility
 101              	.LVL9:
 102 000a B0F1FF3F 		cmp	r0, #-1
 103 000e 08D0     		beq	.L11
  52:.\signal_processing.c ****         return ERROR;
  53:.\signal_processing.c ****     }
  54:.\signal_processing.c ****     return ((s0 + s1) / 2.0);
 104              		.loc 1 54 0
 105 0010 2846     		mov	r0, r5
 106 0012 2146     		mov	r1, r4
 107 0014 FFF7FEFF 		bl	__aeabi_fadd
 108              	.LVL10:
 109 0018 4FF07C51 		mov	r1, #1056964608
 110 001c FFF7FEFF 		bl	__aeabi_fmul
 111              	.LVL11:
 112 0020 38BD     		pop	{r3, r4, r5, pc}
 113              	.LVL12:
 114              	.L11:
  52:.\signal_processing.c ****         return ERROR;
 115              		.loc 1 52 0
 116 0022 0148     		ldr	r0, .L12
ARM GAS  C:\Users\mitchell\AppData\Local\Temp\ccMSmGqj.s 			page 4


  55:.\signal_processing.c **** }
 117              		.loc 1 55 0
 118 0024 38BD     		pop	{r3, r4, r5, pc}
 119              	.LVL13:
 120              	.L13:
 121 0026 00BF     		.align	2
 122              	.L12:
 123 0028 000080BF 		.word	-1082130432
 124              		.cfi_endproc
 125              	.LFE1:
 126              		.size	average, .-average
 127              		.section	.text.nextThrottlePosition,"ax",%progbits
 128              		.align	2
 129              		.global	nextThrottlePosition
 130              		.thumb
 131              		.thumb_func
 132              		.type	nextThrottlePosition, %function
 133              	nextThrottlePosition:
 134              	.LFB2:
  56:.\signal_processing.c **** 
  57:.\signal_processing.c **** /*
  58:.\signal_processing.c **** parameters: tpsPos - The current throttle percentage
  59:.\signal_processing.c ****             appsPos - The requested throttle percentage
  60:.\signal_processing.c **** effect: Checks for implausability between the tps and apps
  61:.\signal_processing.c ****         signals, and then calculates the next position of
  62:.\signal_processing.c ****         the throttle actuator.
  63:.\signal_processing.c **** return: ERROR if there is an implausibility, the next
  64:.\signal_processing.c ****         desired servo position otherwise.
  65:.\signal_processing.c **** */
  66:.\signal_processing.c **** 
  67:.\signal_processing.c **** float nextThrottlePosition(float requested_pos, float current_pos) {
 135              		.loc 1 67 0
 136              		.cfi_startproc
 137              		@ args = 0, pretend = 0, frame = 0
 138              		@ frame_needed = 0, uses_anonymous_args = 0
 139              		@ link register save eliminated.
 140              	.LVL14:
  68:.\signal_processing.c ****     return 0.0;
  69:.\signal_processing.c **** }
 141              		.loc 1 69 0
 142 0000 0020     		movs	r0, #0
 143              	.LVL15:
 144 0002 7047     		bx	lr
 145              		.cfi_endproc
 146              	.LFE2:
 147              		.size	nextThrottlePosition, .-nextThrottlePosition
 148              		.text
 149              	.Letext0:
 150              		.file 2 "Generated_Source\\PSoC5/cytypes.h"
 151              		.file 3 ".\\signal_processing.h"
 152              		.file 4 ".\\error.h"
 153              		.section	.debug_info,"",%progbits
 154              	.Ldebug_info0:
 155 0000 89010000 		.4byte	0x189
 156 0004 0400     		.2byte	0x4
 157 0006 00000000 		.4byte	.Ldebug_abbrev0
 158 000a 04       		.byte	0x4
ARM GAS  C:\Users\mitchell\AppData\Local\Temp\ccMSmGqj.s 			page 5


 159 000b 01       		.uleb128 0x1
 160 000c E3000000 		.4byte	.LASF22
 161 0010 01       		.byte	0x1
 162 0011 12000000 		.4byte	.LASF23
 163 0015 75010000 		.4byte	.LASF24
 164 0019 00000000 		.4byte	.Ldebug_ranges0+0
 165 001d 00000000 		.4byte	0
 166 0021 00000000 		.4byte	.Ldebug_line0
 167 0025 02       		.uleb128 0x2
 168 0026 04       		.byte	0x4
 169 0027 04       		.byte	0x4
 170 0028 4B000000 		.4byte	.LASF0
 171 002c 02       		.uleb128 0x2
 172 002d 01       		.byte	0x1
 173 002e 06       		.byte	0x6
 174 002f FB010000 		.4byte	.LASF1
 175 0033 02       		.uleb128 0x2
 176 0034 01       		.byte	0x1
 177 0035 08       		.byte	0x8
 178 0036 51000000 		.4byte	.LASF2
 179 003a 02       		.uleb128 0x2
 180 003b 02       		.byte	0x2
 181 003c 05       		.byte	0x5
 182 003d E3010000 		.4byte	.LASF3
 183 0041 02       		.uleb128 0x2
 184 0042 02       		.byte	0x2
 185 0043 07       		.byte	0x7
 186 0044 71000000 		.4byte	.LASF4
 187 0048 02       		.uleb128 0x2
 188 0049 04       		.byte	0x4
 189 004a 05       		.byte	0x5
 190 004b F2010000 		.4byte	.LASF5
 191 004f 02       		.uleb128 0x2
 192 0050 04       		.byte	0x4
 193 0051 07       		.byte	0x7
 194 0052 5F000000 		.4byte	.LASF6
 195 0056 02       		.uleb128 0x2
 196 0057 08       		.byte	0x8
 197 0058 05       		.byte	0x5
 198 0059 67010000 		.4byte	.LASF7
 199 005d 02       		.uleb128 0x2
 200 005e 08       		.byte	0x8
 201 005f 07       		.byte	0x7
 202 0060 9F000000 		.4byte	.LASF8
 203 0064 03       		.uleb128 0x3
 204 0065 04       		.byte	0x4
 205 0066 05       		.byte	0x5
 206 0067 696E7400 		.ascii	"int\000"
 207 006b 02       		.uleb128 0x2
 208 006c 04       		.byte	0x4
 209 006d 07       		.byte	0x7
 210 006e 92000000 		.4byte	.LASF9
 211 0072 04       		.uleb128 0x4
 212 0073 8B000000 		.4byte	.LASF13
 213 0077 02       		.byte	0x2
 214 0078 B5       		.byte	0xb5
 215 0079 41000000 		.4byte	0x41
ARM GAS  C:\Users\mitchell\AppData\Local\Temp\ccMSmGqj.s 			page 6


 216 007d 02       		.uleb128 0x2
 217 007e 08       		.byte	0x8
 218 007f 04       		.byte	0x4
 219 0080 84000000 		.4byte	.LASF10
 220 0084 02       		.uleb128 0x2
 221 0085 01       		.byte	0x1
 222 0086 08       		.byte	0x8
 223 0087 D2010000 		.4byte	.LASF11
 224 008b 05       		.uleb128 0x5
 225 008c 01       		.byte	0x1
 226 008d 03       		.byte	0x3
 227 008e 1C       		.byte	0x1c
 228 008f A0000000 		.4byte	0xa0
 229 0093 06       		.uleb128 0x6
 230 0094 54505300 		.ascii	"TPS\000"
 231 0098 00       		.sleb128 0
 232 0099 07       		.uleb128 0x7
 233 009a ED010000 		.4byte	.LASF12
 234 009e 01       		.sleb128 1
 235 009f 00       		.byte	0
 236 00a0 04       		.uleb128 0x4
 237 00a1 DC010000 		.4byte	.LASF14
 238 00a5 03       		.byte	0x3
 239 00a6 1F       		.byte	0x1f
 240 00a7 8B000000 		.4byte	0x8b
 241 00ab 08       		.uleb128 0x8
 242 00ac BE000000 		.4byte	.LASF17
 243 00b0 01       		.byte	0x1
 244 00b1 1B       		.byte	0x1b
 245 00b2 25000000 		.4byte	0x25
 246 00b6 00000000 		.4byte	.LFB0
 247 00ba 2C000000 		.4byte	.LFE0-.LFB0
 248 00be 01       		.uleb128 0x1
 249 00bf 9C       		.byte	0x9c
 250 00c0 F2000000 		.4byte	0xf2
 251 00c4 09       		.uleb128 0x9
 252 00c5 00000000 		.4byte	.LASF15
 253 00c9 01       		.byte	0x1
 254 00ca 1B       		.byte	0x1b
 255 00cb 72000000 		.4byte	0x72
 256 00cf 00000000 		.4byte	.LLST0
 257 00d3 09       		.uleb128 0x9
 258 00d4 D7010000 		.4byte	.LASF16
 259 00d8 01       		.byte	0x1
 260 00d9 1B       		.byte	0x1b
 261 00da A0000000 		.4byte	0xa0
 262 00de 53000000 		.4byte	.LLST1
 263 00e2 0A       		.uleb128 0xa
 264 00e3 5F010000 		.4byte	.LASF25
 265 00e7 01       		.byte	0x1
 266 00e8 1C       		.byte	0x1c
 267 00e9 25000000 		.4byte	0x25
 268 00ed 98000000 		.4byte	.LLST2
 269 00f1 00       		.byte	0
 270 00f2 08       		.uleb128 0x8
 271 00f3 B6000000 		.4byte	.LASF18
 272 00f7 01       		.byte	0x1
ARM GAS  C:\Users\mitchell\AppData\Local\Temp\ccMSmGqj.s 			page 7


 273 00f8 32       		.byte	0x32
 274 00f9 25000000 		.4byte	0x25
 275 00fd 00000000 		.4byte	.LFB1
 276 0101 2C000000 		.4byte	.LFE1-.LFB1
 277 0105 01       		.uleb128 0x1
 278 0106 9C       		.byte	0x9c
 279 0107 40010000 		.4byte	0x140
 280 010b 0B       		.uleb128 0xb
 281 010c 733000   		.ascii	"s0\000"
 282 010f 01       		.byte	0x1
 283 0110 32       		.byte	0x32
 284 0111 25000000 		.4byte	0x25
 285 0115 C1000000 		.4byte	.LLST3
 286 0119 0B       		.uleb128 0xb
 287 011a 733100   		.ascii	"s1\000"
 288 011d 01       		.byte	0x1
 289 011e 32       		.byte	0x32
 290 011f 25000000 		.4byte	0x25
 291 0123 EF000000 		.4byte	.LLST4
 292 0127 0C       		.uleb128 0xc
 293 0128 0A000000 		.4byte	.LVL9
 294 012c 76010000 		.4byte	0x176
 295 0130 0D       		.uleb128 0xd
 296 0131 01       		.uleb128 0x1
 297 0132 51       		.byte	0x51
 298 0133 03       		.uleb128 0x3
 299 0134 F5       		.byte	0xf5
 300 0135 04       		.uleb128 0x4
 301 0136 25       		.uleb128 0x25
 302 0137 0D       		.uleb128 0xd
 303 0138 01       		.uleb128 0x1
 304 0139 50       		.byte	0x50
 305 013a 03       		.uleb128 0x3
 306 013b F5       		.byte	0xf5
 307 013c 05       		.uleb128 0x5
 308 013d 25       		.uleb128 0x25
 309 013e 00       		.byte	0
 310 013f 00       		.byte	0
 311 0140 0E       		.uleb128 0xe
 312 0141 28000000 		.4byte	.LASF19
 313 0145 01       		.byte	0x1
 314 0146 43       		.byte	0x43
 315 0147 25000000 		.4byte	0x25
 316 014b 00000000 		.4byte	.LFB2
 317 014f 04000000 		.4byte	.LFE2-.LFB2
 318 0153 01       		.uleb128 0x1
 319 0154 9C       		.byte	0x9c
 320 0155 76010000 		.4byte	0x176
 321 0159 09       		.uleb128 0x9
 322 015a 3D000000 		.4byte	.LASF20
 323 015e 01       		.byte	0x1
 324 015f 43       		.byte	0x43
 325 0160 25000000 		.4byte	0x25
 326 0164 1D010000 		.4byte	.LLST5
 327 0168 0F       		.uleb128 0xf
 328 0169 06000000 		.4byte	.LASF21
 329 016d 01       		.byte	0x1
ARM GAS  C:\Users\mitchell\AppData\Local\Temp\ccMSmGqj.s 			page 8


 330 016e 43       		.byte	0x43
 331 016f 25000000 		.4byte	0x25
 332 0173 01       		.uleb128 0x1
 333 0174 51       		.byte	0x51
 334 0175 00       		.byte	0
 335 0176 10       		.uleb128 0x10
 336 0177 CF000000 		.4byte	.LASF26
 337 017b 04       		.byte	0x4
 338 017c 18       		.byte	0x18
 339 017d 64000000 		.4byte	0x64
 340 0181 11       		.uleb128 0x11
 341 0182 25000000 		.4byte	0x25
 342 0186 11       		.uleb128 0x11
 343 0187 25000000 		.4byte	0x25
 344 018b 00       		.byte	0
 345 018c 00       		.byte	0
 346              		.section	.debug_abbrev,"",%progbits
 347              	.Ldebug_abbrev0:
 348 0000 01       		.uleb128 0x1
 349 0001 11       		.uleb128 0x11
 350 0002 01       		.byte	0x1
 351 0003 25       		.uleb128 0x25
 352 0004 0E       		.uleb128 0xe
 353 0005 13       		.uleb128 0x13
 354 0006 0B       		.uleb128 0xb
 355 0007 03       		.uleb128 0x3
 356 0008 0E       		.uleb128 0xe
 357 0009 1B       		.uleb128 0x1b
 358 000a 0E       		.uleb128 0xe
 359 000b 55       		.uleb128 0x55
 360 000c 17       		.uleb128 0x17
 361 000d 11       		.uleb128 0x11
 362 000e 01       		.uleb128 0x1
 363 000f 10       		.uleb128 0x10
 364 0010 17       		.uleb128 0x17
 365 0011 00       		.byte	0
 366 0012 00       		.byte	0
 367 0013 02       		.uleb128 0x2
 368 0014 24       		.uleb128 0x24
 369 0015 00       		.byte	0
 370 0016 0B       		.uleb128 0xb
 371 0017 0B       		.uleb128 0xb
 372 0018 3E       		.uleb128 0x3e
 373 0019 0B       		.uleb128 0xb
 374 001a 03       		.uleb128 0x3
 375 001b 0E       		.uleb128 0xe
 376 001c 00       		.byte	0
 377 001d 00       		.byte	0
 378 001e 03       		.uleb128 0x3
 379 001f 24       		.uleb128 0x24
 380 0020 00       		.byte	0
 381 0021 0B       		.uleb128 0xb
 382 0022 0B       		.uleb128 0xb
 383 0023 3E       		.uleb128 0x3e
 384 0024 0B       		.uleb128 0xb
 385 0025 03       		.uleb128 0x3
 386 0026 08       		.uleb128 0x8
ARM GAS  C:\Users\mitchell\AppData\Local\Temp\ccMSmGqj.s 			page 9


 387 0027 00       		.byte	0
 388 0028 00       		.byte	0
 389 0029 04       		.uleb128 0x4
 390 002a 16       		.uleb128 0x16
 391 002b 00       		.byte	0
 392 002c 03       		.uleb128 0x3
 393 002d 0E       		.uleb128 0xe
 394 002e 3A       		.uleb128 0x3a
 395 002f 0B       		.uleb128 0xb
 396 0030 3B       		.uleb128 0x3b
 397 0031 0B       		.uleb128 0xb
 398 0032 49       		.uleb128 0x49
 399 0033 13       		.uleb128 0x13
 400 0034 00       		.byte	0
 401 0035 00       		.byte	0
 402 0036 05       		.uleb128 0x5
 403 0037 04       		.uleb128 0x4
 404 0038 01       		.byte	0x1
 405 0039 0B       		.uleb128 0xb
 406 003a 0B       		.uleb128 0xb
 407 003b 3A       		.uleb128 0x3a
 408 003c 0B       		.uleb128 0xb
 409 003d 3B       		.uleb128 0x3b
 410 003e 0B       		.uleb128 0xb
 411 003f 01       		.uleb128 0x1
 412 0040 13       		.uleb128 0x13
 413 0041 00       		.byte	0
 414 0042 00       		.byte	0
 415 0043 06       		.uleb128 0x6
 416 0044 28       		.uleb128 0x28
 417 0045 00       		.byte	0
 418 0046 03       		.uleb128 0x3
 419 0047 08       		.uleb128 0x8
 420 0048 1C       		.uleb128 0x1c
 421 0049 0D       		.uleb128 0xd
 422 004a 00       		.byte	0
 423 004b 00       		.byte	0
 424 004c 07       		.uleb128 0x7
 425 004d 28       		.uleb128 0x28
 426 004e 00       		.byte	0
 427 004f 03       		.uleb128 0x3
 428 0050 0E       		.uleb128 0xe
 429 0051 1C       		.uleb128 0x1c
 430 0052 0D       		.uleb128 0xd
 431 0053 00       		.byte	0
 432 0054 00       		.byte	0
 433 0055 08       		.uleb128 0x8
 434 0056 2E       		.uleb128 0x2e
 435 0057 01       		.byte	0x1
 436 0058 3F       		.uleb128 0x3f
 437 0059 19       		.uleb128 0x19
 438 005a 03       		.uleb128 0x3
 439 005b 0E       		.uleb128 0xe
 440 005c 3A       		.uleb128 0x3a
 441 005d 0B       		.uleb128 0xb
 442 005e 3B       		.uleb128 0x3b
 443 005f 0B       		.uleb128 0xb
ARM GAS  C:\Users\mitchell\AppData\Local\Temp\ccMSmGqj.s 			page 10


 444 0060 27       		.uleb128 0x27
 445 0061 19       		.uleb128 0x19
 446 0062 49       		.uleb128 0x49
 447 0063 13       		.uleb128 0x13
 448 0064 11       		.uleb128 0x11
 449 0065 01       		.uleb128 0x1
 450 0066 12       		.uleb128 0x12
 451 0067 06       		.uleb128 0x6
 452 0068 40       		.uleb128 0x40
 453 0069 18       		.uleb128 0x18
 454 006a 9642     		.uleb128 0x2116
 455 006c 19       		.uleb128 0x19
 456 006d 01       		.uleb128 0x1
 457 006e 13       		.uleb128 0x13
 458 006f 00       		.byte	0
 459 0070 00       		.byte	0
 460 0071 09       		.uleb128 0x9
 461 0072 05       		.uleb128 0x5
 462 0073 00       		.byte	0
 463 0074 03       		.uleb128 0x3
 464 0075 0E       		.uleb128 0xe
 465 0076 3A       		.uleb128 0x3a
 466 0077 0B       		.uleb128 0xb
 467 0078 3B       		.uleb128 0x3b
 468 0079 0B       		.uleb128 0xb
 469 007a 49       		.uleb128 0x49
 470 007b 13       		.uleb128 0x13
 471 007c 02       		.uleb128 0x2
 472 007d 17       		.uleb128 0x17
 473 007e 00       		.byte	0
 474 007f 00       		.byte	0
 475 0080 0A       		.uleb128 0xa
 476 0081 34       		.uleb128 0x34
 477 0082 00       		.byte	0
 478 0083 03       		.uleb128 0x3
 479 0084 0E       		.uleb128 0xe
 480 0085 3A       		.uleb128 0x3a
 481 0086 0B       		.uleb128 0xb
 482 0087 3B       		.uleb128 0x3b
 483 0088 0B       		.uleb128 0xb
 484 0089 49       		.uleb128 0x49
 485 008a 13       		.uleb128 0x13
 486 008b 02       		.uleb128 0x2
 487 008c 17       		.uleb128 0x17
 488 008d 00       		.byte	0
 489 008e 00       		.byte	0
 490 008f 0B       		.uleb128 0xb
 491 0090 05       		.uleb128 0x5
 492 0091 00       		.byte	0
 493 0092 03       		.uleb128 0x3
 494 0093 08       		.uleb128 0x8
 495 0094 3A       		.uleb128 0x3a
 496 0095 0B       		.uleb128 0xb
 497 0096 3B       		.uleb128 0x3b
 498 0097 0B       		.uleb128 0xb
 499 0098 49       		.uleb128 0x49
 500 0099 13       		.uleb128 0x13
ARM GAS  C:\Users\mitchell\AppData\Local\Temp\ccMSmGqj.s 			page 11


 501 009a 02       		.uleb128 0x2
 502 009b 17       		.uleb128 0x17
 503 009c 00       		.byte	0
 504 009d 00       		.byte	0
 505 009e 0C       		.uleb128 0xc
 506 009f 898201   		.uleb128 0x4109
 507 00a2 01       		.byte	0x1
 508 00a3 11       		.uleb128 0x11
 509 00a4 01       		.uleb128 0x1
 510 00a5 31       		.uleb128 0x31
 511 00a6 13       		.uleb128 0x13
 512 00a7 00       		.byte	0
 513 00a8 00       		.byte	0
 514 00a9 0D       		.uleb128 0xd
 515 00aa 8A8201   		.uleb128 0x410a
 516 00ad 00       		.byte	0
 517 00ae 02       		.uleb128 0x2
 518 00af 18       		.uleb128 0x18
 519 00b0 9142     		.uleb128 0x2111
 520 00b2 18       		.uleb128 0x18
 521 00b3 00       		.byte	0
 522 00b4 00       		.byte	0
 523 00b5 0E       		.uleb128 0xe
 524 00b6 2E       		.uleb128 0x2e
 525 00b7 01       		.byte	0x1
 526 00b8 3F       		.uleb128 0x3f
 527 00b9 19       		.uleb128 0x19
 528 00ba 03       		.uleb128 0x3
 529 00bb 0E       		.uleb128 0xe
 530 00bc 3A       		.uleb128 0x3a
 531 00bd 0B       		.uleb128 0xb
 532 00be 3B       		.uleb128 0x3b
 533 00bf 0B       		.uleb128 0xb
 534 00c0 27       		.uleb128 0x27
 535 00c1 19       		.uleb128 0x19
 536 00c2 49       		.uleb128 0x49
 537 00c3 13       		.uleb128 0x13
 538 00c4 11       		.uleb128 0x11
 539 00c5 01       		.uleb128 0x1
 540 00c6 12       		.uleb128 0x12
 541 00c7 06       		.uleb128 0x6
 542 00c8 40       		.uleb128 0x40
 543 00c9 18       		.uleb128 0x18
 544 00ca 9742     		.uleb128 0x2117
 545 00cc 19       		.uleb128 0x19
 546 00cd 01       		.uleb128 0x1
 547 00ce 13       		.uleb128 0x13
 548 00cf 00       		.byte	0
 549 00d0 00       		.byte	0
 550 00d1 0F       		.uleb128 0xf
 551 00d2 05       		.uleb128 0x5
 552 00d3 00       		.byte	0
 553 00d4 03       		.uleb128 0x3
 554 00d5 0E       		.uleb128 0xe
 555 00d6 3A       		.uleb128 0x3a
 556 00d7 0B       		.uleb128 0xb
 557 00d8 3B       		.uleb128 0x3b
ARM GAS  C:\Users\mitchell\AppData\Local\Temp\ccMSmGqj.s 			page 12


 558 00d9 0B       		.uleb128 0xb
 559 00da 49       		.uleb128 0x49
 560 00db 13       		.uleb128 0x13
 561 00dc 02       		.uleb128 0x2
 562 00dd 18       		.uleb128 0x18
 563 00de 00       		.byte	0
 564 00df 00       		.byte	0
 565 00e0 10       		.uleb128 0x10
 566 00e1 2E       		.uleb128 0x2e
 567 00e2 01       		.byte	0x1
 568 00e3 3F       		.uleb128 0x3f
 569 00e4 19       		.uleb128 0x19
 570 00e5 03       		.uleb128 0x3
 571 00e6 0E       		.uleb128 0xe
 572 00e7 3A       		.uleb128 0x3a
 573 00e8 0B       		.uleb128 0xb
 574 00e9 3B       		.uleb128 0x3b
 575 00ea 0B       		.uleb128 0xb
 576 00eb 27       		.uleb128 0x27
 577 00ec 19       		.uleb128 0x19
 578 00ed 49       		.uleb128 0x49
 579 00ee 13       		.uleb128 0x13
 580 00ef 3C       		.uleb128 0x3c
 581 00f0 19       		.uleb128 0x19
 582 00f1 00       		.byte	0
 583 00f2 00       		.byte	0
 584 00f3 11       		.uleb128 0x11
 585 00f4 05       		.uleb128 0x5
 586 00f5 00       		.byte	0
 587 00f6 49       		.uleb128 0x49
 588 00f7 13       		.uleb128 0x13
 589 00f8 00       		.byte	0
 590 00f9 00       		.byte	0
 591 00fa 00       		.byte	0
 592              		.section	.debug_loc,"",%progbits
 593              	.Ldebug_loc0:
 594              	.LLST0:
 595 0000 00000000 		.4byte	.LVL0
 596 0004 0D000000 		.4byte	.LVL1-1
 597 0008 0100     		.2byte	0x1
 598 000a 50       		.byte	0x50
 599 000b 0D000000 		.4byte	.LVL1-1
 600 000f 16000000 		.4byte	.LVL3
 601 0013 0400     		.2byte	0x4
 602 0015 F3       		.byte	0xf3
 603 0016 01       		.uleb128 0x1
 604 0017 50       		.byte	0x50
 605 0018 9F       		.byte	0x9f
 606 0019 16000000 		.4byte	.LVL3
 607 001d 19000000 		.4byte	.LVL4-1
 608 0021 0100     		.2byte	0x1
 609 0023 50       		.byte	0x50
 610 0024 19000000 		.4byte	.LVL4-1
 611 0028 22000000 		.4byte	.LVL6
 612 002c 0400     		.2byte	0x4
 613 002e F3       		.byte	0xf3
 614 002f 01       		.uleb128 0x1
ARM GAS  C:\Users\mitchell\AppData\Local\Temp\ccMSmGqj.s 			page 13


 615 0030 50       		.byte	0x50
 616 0031 9F       		.byte	0x9f
 617 0032 22000000 		.4byte	.LVL6
 618 0036 24000000 		.4byte	.LVL7
 619 003a 0100     		.2byte	0x1
 620 003c 50       		.byte	0x50
 621 003d 24000000 		.4byte	.LVL7
 622 0041 2C000000 		.4byte	.LFE0
 623 0045 0400     		.2byte	0x4
 624 0047 F3       		.byte	0xf3
 625 0048 01       		.uleb128 0x1
 626 0049 50       		.byte	0x50
 627 004a 9F       		.byte	0x9f
 628 004b 00000000 		.4byte	0
 629 004f 00000000 		.4byte	0
 630              	.LLST1:
 631 0053 00000000 		.4byte	.LVL0
 632 0057 0D000000 		.4byte	.LVL1-1
 633 005b 0100     		.2byte	0x1
 634 005d 51       		.byte	0x51
 635 005e 0D000000 		.4byte	.LVL1-1
 636 0062 16000000 		.4byte	.LVL3
 637 0066 0400     		.2byte	0x4
 638 0068 F3       		.byte	0xf3
 639 0069 01       		.uleb128 0x1
 640 006a 51       		.byte	0x51
 641 006b 9F       		.byte	0x9f
 642 006c 16000000 		.4byte	.LVL3
 643 0070 19000000 		.4byte	.LVL4-1
 644 0074 0100     		.2byte	0x1
 645 0076 51       		.byte	0x51
 646 0077 19000000 		.4byte	.LVL4-1
 647 007b 22000000 		.4byte	.LVL6
 648 007f 0400     		.2byte	0x4
 649 0081 F3       		.byte	0xf3
 650 0082 01       		.uleb128 0x1
 651 0083 51       		.byte	0x51
 652 0084 9F       		.byte	0x9f
 653 0085 22000000 		.4byte	.LVL6
 654 0089 2C000000 		.4byte	.LFE0
 655 008d 0100     		.2byte	0x1
 656 008f 51       		.byte	0x51
 657 0090 00000000 		.4byte	0
 658 0094 00000000 		.4byte	0
 659              	.LLST2:
 660 0098 14000000 		.4byte	.LVL2
 661 009c 16000000 		.4byte	.LVL3
 662 00a0 0100     		.2byte	0x1
 663 00a2 50       		.byte	0x50
 664 00a3 20000000 		.4byte	.LVL5
 665 00a7 22000000 		.4byte	.LVL6
 666 00ab 0100     		.2byte	0x1
 667 00ad 50       		.byte	0x50
 668 00ae 24000000 		.4byte	.LVL7
 669 00b2 2C000000 		.4byte	.LFE0
 670 00b6 0100     		.2byte	0x1
 671 00b8 50       		.byte	0x50
ARM GAS  C:\Users\mitchell\AppData\Local\Temp\ccMSmGqj.s 			page 14


 672 00b9 00000000 		.4byte	0
 673 00bd 00000000 		.4byte	0
 674              	.LLST3:
 675 00c1 00000000 		.4byte	.LVL8
 676 00c5 09000000 		.4byte	.LVL9-1
 677 00c9 0100     		.2byte	0x1
 678 00cb 50       		.byte	0x50
 679 00cc 09000000 		.4byte	.LVL9-1
 680 00d0 26000000 		.4byte	.LVL13
 681 00d4 0100     		.2byte	0x1
 682 00d6 55       		.byte	0x55
 683 00d7 26000000 		.4byte	.LVL13
 684 00db 2C000000 		.4byte	.LFE1
 685 00df 0600     		.2byte	0x6
 686 00e1 F3       		.byte	0xf3
 687 00e2 03       		.uleb128 0x3
 688 00e3 F5       		.byte	0xf5
 689 00e4 00       		.uleb128 0
 690 00e5 25       		.uleb128 0x25
 691 00e6 9F       		.byte	0x9f
 692 00e7 00000000 		.4byte	0
 693 00eb 00000000 		.4byte	0
 694              	.LLST4:
 695 00ef 00000000 		.4byte	.LVL8
 696 00f3 09000000 		.4byte	.LVL9-1
 697 00f7 0100     		.2byte	0x1
 698 00f9 51       		.byte	0x51
 699 00fa 09000000 		.4byte	.LVL9-1
 700 00fe 26000000 		.4byte	.LVL13
 701 0102 0100     		.2byte	0x1
 702 0104 54       		.byte	0x54
 703 0105 26000000 		.4byte	.LVL13
 704 0109 2C000000 		.4byte	.LFE1
 705 010d 0600     		.2byte	0x6
 706 010f F3       		.byte	0xf3
 707 0110 03       		.uleb128 0x3
 708 0111 F5       		.byte	0xf5
 709 0112 01       		.uleb128 0x1
 710 0113 25       		.uleb128 0x25
 711 0114 9F       		.byte	0x9f
 712 0115 00000000 		.4byte	0
 713 0119 00000000 		.4byte	0
 714              	.LLST5:
 715 011d 00000000 		.4byte	.LVL14
 716 0121 02000000 		.4byte	.LVL15
 717 0125 0100     		.2byte	0x1
 718 0127 50       		.byte	0x50
 719 0128 02000000 		.4byte	.LVL15
 720 012c 04000000 		.4byte	.LFE2
 721 0130 0600     		.2byte	0x6
 722 0132 F3       		.byte	0xf3
 723 0133 03       		.uleb128 0x3
 724 0134 F5       		.byte	0xf5
 725 0135 00       		.uleb128 0
 726 0136 25       		.uleb128 0x25
 727 0137 9F       		.byte	0x9f
 728 0138 00000000 		.4byte	0
ARM GAS  C:\Users\mitchell\AppData\Local\Temp\ccMSmGqj.s 			page 15


 729 013c 00000000 		.4byte	0
 730              		.section	.debug_aranges,"",%progbits
 731 0000 2C000000 		.4byte	0x2c
 732 0004 0200     		.2byte	0x2
 733 0006 00000000 		.4byte	.Ldebug_info0
 734 000a 04       		.byte	0x4
 735 000b 00       		.byte	0
 736 000c 0000     		.2byte	0
 737 000e 0000     		.2byte	0
 738 0010 00000000 		.4byte	.LFB0
 739 0014 2C000000 		.4byte	.LFE0-.LFB0
 740 0018 00000000 		.4byte	.LFB1
 741 001c 2C000000 		.4byte	.LFE1-.LFB1
 742 0020 00000000 		.4byte	.LFB2
 743 0024 04000000 		.4byte	.LFE2-.LFB2
 744 0028 00000000 		.4byte	0
 745 002c 00000000 		.4byte	0
 746              		.section	.debug_ranges,"",%progbits
 747              	.Ldebug_ranges0:
 748 0000 00000000 		.4byte	.LFB0
 749 0004 2C000000 		.4byte	.LFE0
 750 0008 00000000 		.4byte	.LFB1
 751 000c 2C000000 		.4byte	.LFE1
 752 0010 00000000 		.4byte	.LFB2
 753 0014 04000000 		.4byte	.LFE2
 754 0018 00000000 		.4byte	0
 755 001c 00000000 		.4byte	0
 756              		.section	.debug_line,"",%progbits
 757              	.Ldebug_line0:
 758 0000 B6000000 		.section	.debug_str,"MS",%progbits,1
 758      02007600 
 758      00000201 
 758      FB0E0D00 
 758      01010101 
 759              	.LASF15:
 760 0000 636F756E 		.ascii	"count\000"
 760      7400
 761              	.LASF21:
 762 0006 63757272 		.ascii	"current_pos\000"
 762      656E745F 
 762      706F7300 
 763              	.LASF23:
 764 0012 2E5C7369 		.ascii	".\\signal_processing.c\000"
 764      676E616C 
 764      5F70726F 
 764      63657373 
 764      696E672E 
 765              	.LASF19:
 766 0028 6E657874 		.ascii	"nextThrottlePosition\000"
 766      5468726F 
 766      74746C65 
 766      506F7369 
 766      74696F6E 
 767              	.LASF20:
 768 003d 72657175 		.ascii	"requested_pos\000"
 768      65737465 
 768      645F706F 
ARM GAS  C:\Users\mitchell\AppData\Local\Temp\ccMSmGqj.s 			page 16


 768      7300
 769              	.LASF0:
 770 004b 666C6F61 		.ascii	"float\000"
 770      7400
 771              	.LASF2:
 772 0051 756E7369 		.ascii	"unsigned char\000"
 772      676E6564 
 772      20636861 
 772      7200
 773              	.LASF6:
 774 005f 6C6F6E67 		.ascii	"long unsigned int\000"
 774      20756E73 
 774      69676E65 
 774      6420696E 
 774      7400
 775              	.LASF4:
 776 0071 73686F72 		.ascii	"short unsigned int\000"
 776      7420756E 
 776      7369676E 
 776      65642069 
 776      6E7400
 777              	.LASF10:
 778 0084 646F7562 		.ascii	"double\000"
 778      6C6500
 779              	.LASF13:
 780 008b 75696E74 		.ascii	"uint16\000"
 780      313600
 781              	.LASF9:
 782 0092 756E7369 		.ascii	"unsigned int\000"
 782      676E6564 
 782      20696E74 
 782      00
 783              	.LASF8:
 784 009f 6C6F6E67 		.ascii	"long long unsigned int\000"
 784      206C6F6E 
 784      6720756E 
 784      7369676E 
 784      65642069 
 785              	.LASF18:
 786 00b6 61766572 		.ascii	"average\000"
 786      61676500 
 787              	.LASF17:
 788 00be 636F6E76 		.ascii	"convertToPercent\000"
 788      65727454 
 788      6F506572 
 788      63656E74 
 788      00
 789              	.LASF26:
 790 00cf 6C6F6361 		.ascii	"localImplausibility\000"
 790      6C496D70 
 790      6C617573 
 790      6962696C 
 790      69747900 
 791              	.LASF22:
 792 00e3 474E5520 		.ascii	"GNU C 4.8.4 20140526 (release) [ARM/embedded-4_8-br"
 792      4320342E 
 792      382E3420 
ARM GAS  C:\Users\mitchell\AppData\Local\Temp\ccMSmGqj.s 			page 17


 792      32303134 
 792      30353236 
 793 0116 616E6368 		.ascii	"anch revision 211358] -mcpu=cortex-m3 -mthumb -g -O"
 793      20726576 
 793      6973696F 
 793      6E203231 
 793      31333538 
 794 0149 67202D66 		.ascii	"g -ffunction-sections\000"
 794      66756E63 
 794      74696F6E 
 794      2D736563 
 794      74696F6E 
 795              	.LASF25:
 796 015f 70657263 		.ascii	"percent\000"
 796      656E7400 
 797              	.LASF7:
 798 0167 6C6F6E67 		.ascii	"long long int\000"
 798      206C6F6E 
 798      6720696E 
 798      7400
 799              	.LASF24:
 800 0175 433A5C55 		.ascii	"C:\\Users\\mitchell\\Documents\\fsae\\E-Throttle\\E"
 800      73657273 
 800      5C6D6974 
 800      6368656C 
 800      6C5C446F 
 801 01a2 2D546872 		.ascii	"-Throttle\\E-Throttle-Mainboard-Deprecated.cydsn\000"
 801      6F74746C 
 801      655C452D 
 801      5468726F 
 801      74746C65 
 802              	.LASF11:
 803 01d2 63686172 		.ascii	"char\000"
 803      00
 804              	.LASF16:
 805 01d7 74797065 		.ascii	"type\000"
 805      00
 806              	.LASF14:
 807 01dc 73656E73 		.ascii	"sensor\000"
 807      6F7200
 808              	.LASF3:
 809 01e3 73686F72 		.ascii	"short int\000"
 809      7420696E 
 809      7400
 810              	.LASF12:
 811 01ed 41505053 		.ascii	"APPS\000"
 811      00
 812              	.LASF5:
 813 01f2 6C6F6E67 		.ascii	"long int\000"
 813      20696E74 
 813      00
 814              	.LASF1:
 815 01fb 7369676E 		.ascii	"signed char\000"
 815      65642063 
 815      68617200 
 816              		.ident	"GCC: (GNU Tools for ARM Embedded Processors) 4.8.4 20140526 (release) [ARM/embedded-4_8-br
