ARM GAS  C:\Users\mitchell\AppData\Local\Temp\ccXHGxPU.s 			page 1


   1              		.syntax unified
   2              		.cpu cortex-m3
   3              		.fpu softvfp
   4              		.eabi_attribute 20, 1
   5              		.eabi_attribute 21, 1
   6              		.eabi_attribute 23, 3
   7              		.eabi_attribute 24, 1
   8              		.eabi_attribute 25, 1
   9              		.eabi_attribute 26, 1
  10              		.eabi_attribute 30, 1
  11              		.eabi_attribute 34, 1
  12              		.eabi_attribute 18, 4
  13              		.thumb
  14              		.file	"main.c"
  15              		.text
  16              	.Ltext0:
  17              		.cfi_sections	.debug_frame
  18              		.global	__aeabi_fadd
  19              		.global	__aeabi_fcmpgt
  20              		.section	.text.commTest,"ax",%progbits
  21              		.align	2
  22              		.global	commTest
  23              		.thumb
  24              		.thumb_func
  25              		.type	commTest, %function
  26              	commTest:
  27              	.LFB63:
  28              		.file 1 ".\\main.c"
   1:.\main.c      **** /* ========================================
   2:.\main.c      ****     The main thread to run the E-Throttle code.
   3:.\main.c      **** 
   4:.\main.c      ****     Author: Mitchell Mellone (mellom3@rpi.edu)
   5:.\main.c      ****     Date Created: 12/30/15
   6:.\main.c      ****     Most Recent Modification: 12/30/15
   7:.\main.c      **** 
   8:.\main.c      ****     Copyright (c) 2015 Rensselaer Motorsport
   9:.\main.c      ****     Distributed under the MIT License.
  10:.\main.c      ****     See "LICENSE" for more information.
  11:.\main.c      ****  * ========================================
  12:.\main.c      **** */
  13:.\main.c      **** 
  14:.\main.c      **** #include <project.h>
  15:.\main.c      **** #include "signal_processing.h"
  16:.\main.c      **** #include "communication.h"
  17:.\main.c      **** 
  18:.\main.c      **** void commTest() {
  29              		.loc 1 18 0
  30              		.cfi_startproc
  31              		@ args = 0, pretend = 0, frame = 40
  32              		@ frame_needed = 0, uses_anonymous_args = 0
  33 0000 30B5     		push	{r4, r5, lr}
  34              		.cfi_def_cfa_offset 12
  35              		.cfi_offset 4, -12
  36              		.cfi_offset 5, -8
  37              		.cfi_offset 14, -4
  38 0002 8BB0     		sub	sp, sp, #44
  39              		.cfi_def_cfa_offset 56
ARM GAS  C:\Users\mitchell\AppData\Local\Temp\ccXHGxPU.s 			page 2


  19:.\main.c      ****     float tps0, tps1, apps0, apps1, brake; //simulated percents open
  20:.\main.c      ****     float* sensors[5];
  21:.\main.c      ****     sensors[0] = &tps0;
  40              		.loc 1 21 0
  41 0004 09AB     		add	r3, sp, #36
  42 0006 0093     		str	r3, [sp]
  22:.\main.c      ****     sensors[1] = &tps1;
  43              		.loc 1 22 0
  44 0008 08AB     		add	r3, sp, #32
  45 000a 0193     		str	r3, [sp, #4]
  23:.\main.c      ****     sensors[2] = &apps0;
  46              		.loc 1 23 0
  47 000c 07AB     		add	r3, sp, #28
  48 000e 0293     		str	r3, [sp, #8]
  24:.\main.c      ****     sensors[3] = &apps1;
  49              		.loc 1 24 0
  50 0010 06AB     		add	r3, sp, #24
  51 0012 0393     		str	r3, [sp, #12]
  25:.\main.c      ****     sensors[4] = &brake;
  52              		.loc 1 25 0
  53 0014 05AB     		add	r3, sp, #20
  54 0016 0493     		str	r3, [sp, #16]
  55              	.LVL0:
  26:.\main.c      ****     int i;
  27:.\main.c      ****     for (i = 0; i < 5; ++i) {
  56              		.loc 1 27 0
  57 0018 0023     		movs	r3, #0
  58 001a 07E0     		b	.L2
  59              	.LVL1:
  60              	.L3:
  28:.\main.c      ****         *sensors[i] = 0;
  61              		.loc 1 28 0 discriminator 3
  62 001c 0AAA     		add	r2, sp, #40
  63 001e 02EB8302 		add	r2, r2, r3, lsl #2
  64 0022 52F8282C 		ldr	r2, [r2, #-40]
  65 0026 0021     		movs	r1, #0
  66 0028 1160     		str	r1, [r2]	@ float
  27:.\main.c      ****         *sensors[i] = 0;
  67              		.loc 1 27 0 discriminator 3
  68 002a 0133     		adds	r3, r3, #1
  69              	.LVL2:
  70              	.L2:
  27:.\main.c      ****         *sensors[i] = 0;
  71              		.loc 1 27 0 is_stmt 0 discriminator 1
  72 002c 042B     		cmp	r3, #4
  73 002e F5DD     		ble	.L3
  74              	.LVL3:
  75              	.L8:
  76              	.LBB2:
  29:.\main.c      ****     }
  30:.\main.c      ****     
  31:.\main.c      ****     for (;;) {
  32:.\main.c      ****         int i;
  33:.\main.c      ****         for (i = 0; i < 5; i++) {
  77              		.loc 1 33 0 is_stmt 1
  78 0030 0024     		movs	r4, #0
  79 0032 11E0     		b	.L4
ARM GAS  C:\Users\mitchell\AppData\Local\Temp\ccXHGxPU.s 			page 3


  80              	.LVL4:
  81              	.L7:
  34:.\main.c      ****             *sensors[i] += 0.5;
  82              		.loc 1 34 0
  83 0034 0AAB     		add	r3, sp, #40
  84 0036 03EB8403 		add	r3, r3, r4, lsl #2
  85 003a 53F8285C 		ldr	r5, [r3, #-40]
  86 003e 2868     		ldr	r0, [r5]	@ float
  87 0040 4FF07C51 		mov	r1, #1056964608
  88 0044 FFF7FEFF 		bl	__aeabi_fadd
  89              	.LVL5:
  90 0048 2860     		str	r0, [r5]	@ float
  35:.\main.c      ****             if (*sensors[i] > 100.0) {
  91              		.loc 1 35 0
  92 004a 1049     		ldr	r1, .L11
  93 004c FFF7FEFF 		bl	__aeabi_fcmpgt
  94              	.LVL6:
  95 0050 08B1     		cbz	r0, .L5
  36:.\main.c      ****                 *sensors[i] = 0.0;
  96              		.loc 1 36 0
  97 0052 0023     		movs	r3, #0
  98 0054 2B60     		str	r3, [r5]	@ float
  99              	.L5:
  33:.\main.c      ****             *sensors[i] += 0.5;
 100              		.loc 1 33 0 discriminator 2
 101 0056 0134     		adds	r4, r4, #1
 102              	.LVL7:
 103              	.L4:
  33:.\main.c      ****             *sensors[i] += 0.5;
 104              		.loc 1 33 0 is_stmt 0 discriminator 1
 105 0058 042C     		cmp	r4, #4
 106 005a EBDD     		ble	.L7
  37:.\main.c      ****             }
  38:.\main.c      ****         }
  39:.\main.c      ****         send_pot_data(TPS0, tps0);
 107              		.loc 1 39 0 is_stmt 1
 108 005c 0320     		movs	r0, #3
 109 005e 0999     		ldr	r1, [sp, #36]	@ float
 110 0060 FFF7FEFF 		bl	send_pot_data
 111              	.LVL8:
  40:.\main.c      ****         send_pot_data(TPS1, tps1);
 112              		.loc 1 40 0
 113 0064 0420     		movs	r0, #4
 114 0066 0899     		ldr	r1, [sp, #32]	@ float
 115 0068 FFF7FEFF 		bl	send_pot_data
 116              	.LVL9:
  41:.\main.c      ****         send_pot_data(APPS0, apps0);
 117              		.loc 1 41 0
 118 006c 0520     		movs	r0, #5
 119 006e 0799     		ldr	r1, [sp, #28]	@ float
 120 0070 FFF7FEFF 		bl	send_pot_data
 121              	.LVL10:
  42:.\main.c      ****         send_pot_data(APPS1, apps1);
 122              		.loc 1 42 0
 123 0074 0620     		movs	r0, #6
 124 0076 0699     		ldr	r1, [sp, #24]	@ float
 125 0078 FFF7FEFF 		bl	send_pot_data
ARM GAS  C:\Users\mitchell\AppData\Local\Temp\ccXHGxPU.s 			page 4


 126              	.LVL11:
  43:.\main.c      ****         send_pot_data(BRAKE, brake);
 127              		.loc 1 43 0
 128 007c 0220     		movs	r0, #2
 129 007e 0599     		ldr	r1, [sp, #20]	@ float
 130 0080 FFF7FEFF 		bl	send_pot_data
 131              	.LVL12:
  44:.\main.c      ****         CyDelay(50);
 132              		.loc 1 44 0
 133 0084 3220     		movs	r0, #50
 134 0086 FFF7FEFF 		bl	CyDelay
 135              	.LVL13:
 136              	.LBE2:
  45:.\main.c      ****     }
 137              		.loc 1 45 0
 138 008a D1E7     		b	.L8
 139              	.L12:
 140              		.align	2
 141              	.L11:
 142 008c 0000C842 		.word	1120403456
 143              		.cfi_endproc
 144              	.LFE63:
 145              		.size	commTest, .-commTest
 146              		.section	.text.main,"ax",%progbits
 147              		.align	2
 148              		.global	main
 149              		.thumb
 150              		.thumb_func
 151              		.type	main, %function
 152              	main:
 153              	.LFB64:
  46:.\main.c      **** }
  47:.\main.c      **** 
  48:.\main.c      **** int main()
  49:.\main.c      **** {
 154              		.loc 1 49 0
 155              		.cfi_startproc
 156              		@ Volatile: function does not return.
 157              		@ args = 0, pretend = 0, frame = 0
 158              		@ frame_needed = 0, uses_anonymous_args = 0
 159 0000 08B5     		push	{r3, lr}
 160              		.cfi_def_cfa_offset 8
 161              		.cfi_offset 3, -8
 162              		.cfi_offset 14, -4
  50:.\main.c      ****     UART_Start();
 163              		.loc 1 50 0
 164 0002 FFF7FEFF 		bl	UART_Start
 165              	.LVL14:
  51:.\main.c      ****     commTest();
 166              		.loc 1 51 0
 167 0006 FFF7FEFF 		bl	commTest
 168              	.LVL15:
 169              		.cfi_endproc
 170              	.LFE64:
 171              		.size	main, .-main
 172 000a 00BF     		.text
 173              	.Letext0:
ARM GAS  C:\Users\mitchell\AppData\Local\Temp\ccXHGxPU.s 			page 5


 174              		.file 2 "c:\\program files (x86)\\cypress\\psoc creator\\3.3\\psoc creator\\import\\gnu\\arm\\4.9.
 175              		.file 3 "c:\\program files (x86)\\cypress\\psoc creator\\3.3\\psoc creator\\import\\gnu\\arm\\4.9.
 176              		.file 4 "Generated_Source\\PSoC5/cytypes.h"
 177              		.file 5 ".\\global_constants.h"
 178              		.file 6 ".\\communication.h"
 179              		.file 7 "Generated_Source\\PSoC5/CyLib.h"
 180              		.file 8 "Generated_Source\\PSoC5/core_cm3.h"
 181              		.file 9 "Generated_Source\\PSoC5/UART.h"
 182              		.section	.debug_info,"",%progbits
 183              	.Ldebug_info0:
 184 0000 6C020000 		.4byte	0x26c
 185 0004 0400     		.2byte	0x4
 186 0006 00000000 		.4byte	.Ldebug_abbrev0
 187 000a 04       		.byte	0x4
 188 000b 01       		.uleb128 0x1
 189 000c E7000000 		.4byte	.LASF32
 190 0010 01       		.byte	0x1
 191 0011 8E000000 		.4byte	.LASF33
 192 0015 4C000000 		.4byte	.LASF34
 193 0019 00000000 		.4byte	.Ldebug_ranges0+0
 194 001d 00000000 		.4byte	0
 195 0021 00000000 		.4byte	.Ldebug_line0
 196 0025 02       		.uleb128 0x2
 197 0026 01       		.byte	0x1
 198 0027 06       		.byte	0x6
 199 0028 09020000 		.4byte	.LASF0
 200 002c 02       		.uleb128 0x2
 201 002d 01       		.byte	0x1
 202 002e 08       		.byte	0x8
 203 002f 3E000000 		.4byte	.LASF1
 204 0033 02       		.uleb128 0x2
 205 0034 02       		.byte	0x2
 206 0035 05       		.byte	0x5
 207 0036 E3010000 		.4byte	.LASF2
 208 003a 02       		.uleb128 0x2
 209 003b 02       		.byte	0x2
 210 003c 07       		.byte	0x7
 211 003d A9000000 		.4byte	.LASF3
 212 0041 03       		.uleb128 0x3
 213 0042 0F000000 		.4byte	.LASF9
 214 0046 02       		.byte	0x2
 215 0047 3F       		.byte	0x3f
 216 0048 4C000000 		.4byte	0x4c
 217 004c 02       		.uleb128 0x2
 218 004d 04       		.byte	0x4
 219 004e 05       		.byte	0x5
 220 004f 19000000 		.4byte	.LASF4
 221 0053 02       		.uleb128 0x2
 222 0054 04       		.byte	0x4
 223 0055 07       		.byte	0x7
 224 0056 97000000 		.4byte	.LASF5
 225 005a 02       		.uleb128 0x2
 226 005b 08       		.byte	0x8
 227 005c 05       		.byte	0x5
 228 005d C4010000 		.4byte	.LASF6
 229 0061 02       		.uleb128 0x2
 230 0062 08       		.byte	0x8
ARM GAS  C:\Users\mitchell\AppData\Local\Temp\ccXHGxPU.s 			page 6


 231 0063 07       		.byte	0x7
 232 0064 82010000 		.4byte	.LASF7
 233 0068 04       		.uleb128 0x4
 234 0069 04       		.byte	0x4
 235 006a 05       		.byte	0x5
 236 006b 696E7400 		.ascii	"int\000"
 237 006f 02       		.uleb128 0x2
 238 0070 04       		.byte	0x4
 239 0071 07       		.byte	0x7
 240 0072 75010000 		.4byte	.LASF8
 241 0076 03       		.uleb128 0x3
 242 0077 B3010000 		.4byte	.LASF10
 243 007b 03       		.byte	0x3
 244 007c 2C       		.byte	0x2c
 245 007d 41000000 		.4byte	0x41
 246 0081 03       		.uleb128 0x3
 247 0082 E0000000 		.4byte	.LASF11
 248 0086 04       		.byte	0x4
 249 0087 B6       		.byte	0xb6
 250 0088 53000000 		.4byte	0x53
 251 008c 02       		.uleb128 0x2
 252 008d 04       		.byte	0x4
 253 008e 04       		.byte	0x4
 254 008f 38000000 		.4byte	.LASF12
 255 0093 02       		.uleb128 0x2
 256 0094 08       		.byte	0x8
 257 0095 04       		.byte	0x4
 258 0096 D4000000 		.4byte	.LASF13
 259 009a 02       		.uleb128 0x2
 260 009b 01       		.byte	0x1
 261 009c 08       		.byte	0x8
 262 009d D2010000 		.4byte	.LASF14
 263 00a1 02       		.uleb128 0x2
 264 00a2 04       		.byte	0x4
 265 00a3 07       		.byte	0x7
 266 00a4 BB010000 		.4byte	.LASF15
 267 00a8 05       		.uleb128 0x5
 268 00a9 D7010000 		.4byte	.LASF22
 269 00ad 01       		.byte	0x1
 270 00ae 05       		.byte	0x5
 271 00af 11       		.byte	0x11
 272 00b0 DF000000 		.4byte	0xdf
 273 00b4 06       		.uleb128 0x6
 274 00b5 54505300 		.ascii	"TPS\000"
 275 00b9 00       		.sleb128 0
 276 00ba 07       		.uleb128 0x7
 277 00bb F2010000 		.4byte	.LASF16
 278 00bf 01       		.sleb128 1
 279 00c0 07       		.uleb128 0x7
 280 00c1 00000000 		.4byte	.LASF17
 281 00c5 02       		.sleb128 2
 282 00c6 07       		.uleb128 0x7
 283 00c7 22000000 		.4byte	.LASF18
 284 00cb 03       		.sleb128 3
 285 00cc 07       		.uleb128 0x7
 286 00cd 27000000 		.4byte	.LASF19
 287 00d1 04       		.sleb128 4
ARM GAS  C:\Users\mitchell\AppData\Local\Temp\ccXHGxPU.s 			page 7


 288 00d2 07       		.uleb128 0x7
 289 00d3 99010000 		.4byte	.LASF20
 290 00d7 05       		.sleb128 5
 291 00d8 07       		.uleb128 0x7
 292 00d9 9F010000 		.4byte	.LASF21
 293 00dd 06       		.sleb128 6
 294 00de 00       		.byte	0
 295 00df 03       		.uleb128 0x3
 296 00e0 D7010000 		.4byte	.LASF22
 297 00e4 05       		.byte	0x5
 298 00e5 19       		.byte	0x19
 299 00e6 A8000000 		.4byte	0xa8
 300 00ea 02       		.uleb128 0x2
 301 00eb 08       		.byte	0x8
 302 00ec 04       		.byte	0x4
 303 00ed FD010000 		.4byte	.LASF23
 304 00f1 08       		.uleb128 0x8
 305 00f2 06000000 		.4byte	.LASF35
 306 00f6 01       		.byte	0x1
 307 00f7 12       		.byte	0x12
 308 00f8 00000000 		.4byte	.LFB63
 309 00fc 90000000 		.4byte	.LFE63-.LFB63
 310 0100 01       		.uleb128 0x1
 311 0101 9C       		.byte	0x9c
 312 0102 EE010000 		.4byte	0x1ee
 313 0106 09       		.uleb128 0x9
 314 0107 ED010000 		.4byte	.LASF24
 315 010b 01       		.byte	0x1
 316 010c 13       		.byte	0x13
 317 010d 8C000000 		.4byte	0x8c
 318 0111 02       		.uleb128 0x2
 319 0112 91       		.byte	0x91
 320 0113 6C       		.sleb128 -20
 321 0114 09       		.uleb128 0x9
 322 0115 DE010000 		.4byte	.LASF25
 323 0119 01       		.byte	0x1
 324 011a 13       		.byte	0x13
 325 011b 8C000000 		.4byte	0x8c
 326 011f 02       		.uleb128 0x2
 327 0120 91       		.byte	0x91
 328 0121 68       		.sleb128 -24
 329 0122 09       		.uleb128 0x9
 330 0123 2C000000 		.4byte	.LASF26
 331 0127 01       		.byte	0x1
 332 0128 13       		.byte	0x13
 333 0129 8C000000 		.4byte	0x8c
 334 012d 02       		.uleb128 0x2
 335 012e 91       		.byte	0x91
 336 012f 64       		.sleb128 -28
 337 0130 09       		.uleb128 0x9
 338 0131 32000000 		.4byte	.LASF27
 339 0135 01       		.byte	0x1
 340 0136 13       		.byte	0x13
 341 0137 8C000000 		.4byte	0x8c
 342 013b 02       		.uleb128 0x2
 343 013c 91       		.byte	0x91
 344 013d 60       		.sleb128 -32
ARM GAS  C:\Users\mitchell\AppData\Local\Temp\ccXHGxPU.s 			page 8


 345 013e 09       		.uleb128 0x9
 346 013f F7010000 		.4byte	.LASF28
 347 0143 01       		.byte	0x1
 348 0144 13       		.byte	0x13
 349 0145 8C000000 		.4byte	0x8c
 350 0149 02       		.uleb128 0x2
 351 014a 91       		.byte	0x91
 352 014b 5C       		.sleb128 -36
 353 014c 09       		.uleb128 0x9
 354 014d 1D020000 		.4byte	.LASF29
 355 0151 01       		.byte	0x1
 356 0152 14       		.byte	0x14
 357 0153 EE010000 		.4byte	0x1ee
 358 0157 02       		.uleb128 0x2
 359 0158 91       		.byte	0x91
 360 0159 48       		.sleb128 -56
 361 015a 0A       		.uleb128 0xa
 362 015b 6900     		.ascii	"i\000"
 363 015d 01       		.byte	0x1
 364 015e 1A       		.byte	0x1a
 365 015f 68000000 		.4byte	0x68
 366 0163 00000000 		.4byte	.LLST0
 367 0167 0B       		.uleb128 0xb
 368 0168 30000000 		.4byte	.LBB2
 369 016c 5A000000 		.4byte	.LBE2-.LBB2
 370 0170 0A       		.uleb128 0xa
 371 0171 6900     		.ascii	"i\000"
 372 0173 01       		.byte	0x1
 373 0174 20       		.byte	0x20
 374 0175 68000000 		.4byte	0x68
 375 0179 1F000000 		.4byte	.LLST1
 376 017d 0C       		.uleb128 0xc
 377 017e 64000000 		.4byte	.LVL8
 378 0182 41020000 		.4byte	0x241
 379 0186 90010000 		.4byte	0x190
 380 018a 0D       		.uleb128 0xd
 381 018b 01       		.uleb128 0x1
 382 018c 50       		.byte	0x50
 383 018d 01       		.uleb128 0x1
 384 018e 33       		.byte	0x33
 385 018f 00       		.byte	0
 386 0190 0C       		.uleb128 0xc
 387 0191 6C000000 		.4byte	.LVL9
 388 0195 41020000 		.4byte	0x241
 389 0199 A3010000 		.4byte	0x1a3
 390 019d 0D       		.uleb128 0xd
 391 019e 01       		.uleb128 0x1
 392 019f 50       		.byte	0x50
 393 01a0 01       		.uleb128 0x1
 394 01a1 34       		.byte	0x34
 395 01a2 00       		.byte	0
 396 01a3 0C       		.uleb128 0xc
 397 01a4 74000000 		.4byte	.LVL10
 398 01a8 41020000 		.4byte	0x241
 399 01ac B6010000 		.4byte	0x1b6
 400 01b0 0D       		.uleb128 0xd
 401 01b1 01       		.uleb128 0x1
ARM GAS  C:\Users\mitchell\AppData\Local\Temp\ccXHGxPU.s 			page 9


 402 01b2 50       		.byte	0x50
 403 01b3 01       		.uleb128 0x1
 404 01b4 35       		.byte	0x35
 405 01b5 00       		.byte	0
 406 01b6 0C       		.uleb128 0xc
 407 01b7 7C000000 		.4byte	.LVL11
 408 01bb 41020000 		.4byte	0x241
 409 01bf C9010000 		.4byte	0x1c9
 410 01c3 0D       		.uleb128 0xd
 411 01c4 01       		.uleb128 0x1
 412 01c5 50       		.byte	0x50
 413 01c6 01       		.uleb128 0x1
 414 01c7 36       		.byte	0x36
 415 01c8 00       		.byte	0
 416 01c9 0C       		.uleb128 0xc
 417 01ca 84000000 		.4byte	.LVL12
 418 01ce 41020000 		.4byte	0x241
 419 01d2 DC010000 		.4byte	0x1dc
 420 01d6 0D       		.uleb128 0xd
 421 01d7 01       		.uleb128 0x1
 422 01d8 50       		.byte	0x50
 423 01d9 01       		.uleb128 0x1
 424 01da 32       		.byte	0x32
 425 01db 00       		.byte	0
 426 01dc 0E       		.uleb128 0xe
 427 01dd 8A000000 		.4byte	.LVL13
 428 01e1 57020000 		.4byte	0x257
 429 01e5 0D       		.uleb128 0xd
 430 01e6 01       		.uleb128 0x1
 431 01e7 50       		.byte	0x50
 432 01e8 02       		.uleb128 0x2
 433 01e9 08       		.byte	0x8
 434 01ea 32       		.byte	0x32
 435 01eb 00       		.byte	0
 436 01ec 00       		.byte	0
 437 01ed 00       		.byte	0
 438 01ee 0F       		.uleb128 0xf
 439 01ef FE010000 		.4byte	0x1fe
 440 01f3 FE010000 		.4byte	0x1fe
 441 01f7 10       		.uleb128 0x10
 442 01f8 A1000000 		.4byte	0xa1
 443 01fc 04       		.byte	0x4
 444 01fd 00       		.byte	0
 445 01fe 11       		.uleb128 0x11
 446 01ff 04       		.byte	0x4
 447 0200 8C000000 		.4byte	0x8c
 448 0204 12       		.uleb128 0x12
 449 0205 DB000000 		.4byte	.LASF36
 450 0209 01       		.byte	0x1
 451 020a 30       		.byte	0x30
 452 020b 68000000 		.4byte	0x68
 453 020f 00000000 		.4byte	.LFB64
 454 0213 0A000000 		.4byte	.LFE64-.LFB64
 455 0217 01       		.uleb128 0x1
 456 0218 9C       		.byte	0x9c
 457 0219 30020000 		.4byte	0x230
 458 021d 13       		.uleb128 0x13
ARM GAS  C:\Users\mitchell\AppData\Local\Temp\ccXHGxPU.s 			page 10


 459 021e 06000000 		.4byte	.LVL14
 460 0222 68020000 		.4byte	0x268
 461 0226 13       		.uleb128 0x13
 462 0227 0A000000 		.4byte	.LVL15
 463 022b F1000000 		.4byte	0xf1
 464 022f 00       		.byte	0
 465 0230 14       		.uleb128 0x14
 466 0231 C7000000 		.4byte	.LASF37
 467 0235 08       		.byte	0x8
 468 0236 2A06     		.2byte	0x62a
 469 0238 3C020000 		.4byte	0x23c
 470 023c 15       		.uleb128 0x15
 471 023d 76000000 		.4byte	0x76
 472 0241 16       		.uleb128 0x16
 473 0242 A5010000 		.4byte	.LASF30
 474 0246 06       		.byte	0x6
 475 0247 13       		.byte	0x13
 476 0248 57020000 		.4byte	0x257
 477 024c 17       		.uleb128 0x17
 478 024d DF000000 		.4byte	0xdf
 479 0251 17       		.uleb128 0x17
 480 0252 8C000000 		.4byte	0x8c
 481 0256 00       		.byte	0
 482 0257 16       		.uleb128 0x16
 483 0258 15020000 		.4byte	.LASF31
 484 025c 07       		.byte	0x7
 485 025d 77       		.byte	0x77
 486 025e 68020000 		.4byte	0x268
 487 0262 17       		.uleb128 0x17
 488 0263 81000000 		.4byte	0x81
 489 0267 00       		.byte	0
 490 0268 18       		.uleb128 0x18
 491 0269 BC000000 		.4byte	.LASF38
 492 026d 09       		.byte	0x9
 493 026e 54       		.byte	0x54
 494 026f 00       		.byte	0
 495              		.section	.debug_abbrev,"",%progbits
 496              	.Ldebug_abbrev0:
 497 0000 01       		.uleb128 0x1
 498 0001 11       		.uleb128 0x11
 499 0002 01       		.byte	0x1
 500 0003 25       		.uleb128 0x25
 501 0004 0E       		.uleb128 0xe
 502 0005 13       		.uleb128 0x13
 503 0006 0B       		.uleb128 0xb
 504 0007 03       		.uleb128 0x3
 505 0008 0E       		.uleb128 0xe
 506 0009 1B       		.uleb128 0x1b
 507 000a 0E       		.uleb128 0xe
 508 000b 55       		.uleb128 0x55
 509 000c 17       		.uleb128 0x17
 510 000d 11       		.uleb128 0x11
 511 000e 01       		.uleb128 0x1
 512 000f 10       		.uleb128 0x10
 513 0010 17       		.uleb128 0x17
 514 0011 00       		.byte	0
 515 0012 00       		.byte	0
ARM GAS  C:\Users\mitchell\AppData\Local\Temp\ccXHGxPU.s 			page 11


 516 0013 02       		.uleb128 0x2
 517 0014 24       		.uleb128 0x24
 518 0015 00       		.byte	0
 519 0016 0B       		.uleb128 0xb
 520 0017 0B       		.uleb128 0xb
 521 0018 3E       		.uleb128 0x3e
 522 0019 0B       		.uleb128 0xb
 523 001a 03       		.uleb128 0x3
 524 001b 0E       		.uleb128 0xe
 525 001c 00       		.byte	0
 526 001d 00       		.byte	0
 527 001e 03       		.uleb128 0x3
 528 001f 16       		.uleb128 0x16
 529 0020 00       		.byte	0
 530 0021 03       		.uleb128 0x3
 531 0022 0E       		.uleb128 0xe
 532 0023 3A       		.uleb128 0x3a
 533 0024 0B       		.uleb128 0xb
 534 0025 3B       		.uleb128 0x3b
 535 0026 0B       		.uleb128 0xb
 536 0027 49       		.uleb128 0x49
 537 0028 13       		.uleb128 0x13
 538 0029 00       		.byte	0
 539 002a 00       		.byte	0
 540 002b 04       		.uleb128 0x4
 541 002c 24       		.uleb128 0x24
 542 002d 00       		.byte	0
 543 002e 0B       		.uleb128 0xb
 544 002f 0B       		.uleb128 0xb
 545 0030 3E       		.uleb128 0x3e
 546 0031 0B       		.uleb128 0xb
 547 0032 03       		.uleb128 0x3
 548 0033 08       		.uleb128 0x8
 549 0034 00       		.byte	0
 550 0035 00       		.byte	0
 551 0036 05       		.uleb128 0x5
 552 0037 04       		.uleb128 0x4
 553 0038 01       		.byte	0x1
 554 0039 03       		.uleb128 0x3
 555 003a 0E       		.uleb128 0xe
 556 003b 0B       		.uleb128 0xb
 557 003c 0B       		.uleb128 0xb
 558 003d 3A       		.uleb128 0x3a
 559 003e 0B       		.uleb128 0xb
 560 003f 3B       		.uleb128 0x3b
 561 0040 0B       		.uleb128 0xb
 562 0041 01       		.uleb128 0x1
 563 0042 13       		.uleb128 0x13
 564 0043 00       		.byte	0
 565 0044 00       		.byte	0
 566 0045 06       		.uleb128 0x6
 567 0046 28       		.uleb128 0x28
 568 0047 00       		.byte	0
 569 0048 03       		.uleb128 0x3
 570 0049 08       		.uleb128 0x8
 571 004a 1C       		.uleb128 0x1c
 572 004b 0D       		.uleb128 0xd
ARM GAS  C:\Users\mitchell\AppData\Local\Temp\ccXHGxPU.s 			page 12


 573 004c 00       		.byte	0
 574 004d 00       		.byte	0
 575 004e 07       		.uleb128 0x7
 576 004f 28       		.uleb128 0x28
 577 0050 00       		.byte	0
 578 0051 03       		.uleb128 0x3
 579 0052 0E       		.uleb128 0xe
 580 0053 1C       		.uleb128 0x1c
 581 0054 0D       		.uleb128 0xd
 582 0055 00       		.byte	0
 583 0056 00       		.byte	0
 584 0057 08       		.uleb128 0x8
 585 0058 2E       		.uleb128 0x2e
 586 0059 01       		.byte	0x1
 587 005a 3F       		.uleb128 0x3f
 588 005b 19       		.uleb128 0x19
 589 005c 03       		.uleb128 0x3
 590 005d 0E       		.uleb128 0xe
 591 005e 3A       		.uleb128 0x3a
 592 005f 0B       		.uleb128 0xb
 593 0060 3B       		.uleb128 0x3b
 594 0061 0B       		.uleb128 0xb
 595 0062 11       		.uleb128 0x11
 596 0063 01       		.uleb128 0x1
 597 0064 12       		.uleb128 0x12
 598 0065 06       		.uleb128 0x6
 599 0066 40       		.uleb128 0x40
 600 0067 18       		.uleb128 0x18
 601 0068 9642     		.uleb128 0x2116
 602 006a 19       		.uleb128 0x19
 603 006b 01       		.uleb128 0x1
 604 006c 13       		.uleb128 0x13
 605 006d 00       		.byte	0
 606 006e 00       		.byte	0
 607 006f 09       		.uleb128 0x9
 608 0070 34       		.uleb128 0x34
 609 0071 00       		.byte	0
 610 0072 03       		.uleb128 0x3
 611 0073 0E       		.uleb128 0xe
 612 0074 3A       		.uleb128 0x3a
 613 0075 0B       		.uleb128 0xb
 614 0076 3B       		.uleb128 0x3b
 615 0077 0B       		.uleb128 0xb
 616 0078 49       		.uleb128 0x49
 617 0079 13       		.uleb128 0x13
 618 007a 02       		.uleb128 0x2
 619 007b 18       		.uleb128 0x18
 620 007c 00       		.byte	0
 621 007d 00       		.byte	0
 622 007e 0A       		.uleb128 0xa
 623 007f 34       		.uleb128 0x34
 624 0080 00       		.byte	0
 625 0081 03       		.uleb128 0x3
 626 0082 08       		.uleb128 0x8
 627 0083 3A       		.uleb128 0x3a
 628 0084 0B       		.uleb128 0xb
 629 0085 3B       		.uleb128 0x3b
ARM GAS  C:\Users\mitchell\AppData\Local\Temp\ccXHGxPU.s 			page 13


 630 0086 0B       		.uleb128 0xb
 631 0087 49       		.uleb128 0x49
 632 0088 13       		.uleb128 0x13
 633 0089 02       		.uleb128 0x2
 634 008a 17       		.uleb128 0x17
 635 008b 00       		.byte	0
 636 008c 00       		.byte	0
 637 008d 0B       		.uleb128 0xb
 638 008e 0B       		.uleb128 0xb
 639 008f 01       		.byte	0x1
 640 0090 11       		.uleb128 0x11
 641 0091 01       		.uleb128 0x1
 642 0092 12       		.uleb128 0x12
 643 0093 06       		.uleb128 0x6
 644 0094 00       		.byte	0
 645 0095 00       		.byte	0
 646 0096 0C       		.uleb128 0xc
 647 0097 898201   		.uleb128 0x4109
 648 009a 01       		.byte	0x1
 649 009b 11       		.uleb128 0x11
 650 009c 01       		.uleb128 0x1
 651 009d 31       		.uleb128 0x31
 652 009e 13       		.uleb128 0x13
 653 009f 01       		.uleb128 0x1
 654 00a0 13       		.uleb128 0x13
 655 00a1 00       		.byte	0
 656 00a2 00       		.byte	0
 657 00a3 0D       		.uleb128 0xd
 658 00a4 8A8201   		.uleb128 0x410a
 659 00a7 00       		.byte	0
 660 00a8 02       		.uleb128 0x2
 661 00a9 18       		.uleb128 0x18
 662 00aa 9142     		.uleb128 0x2111
 663 00ac 18       		.uleb128 0x18
 664 00ad 00       		.byte	0
 665 00ae 00       		.byte	0
 666 00af 0E       		.uleb128 0xe
 667 00b0 898201   		.uleb128 0x4109
 668 00b3 01       		.byte	0x1
 669 00b4 11       		.uleb128 0x11
 670 00b5 01       		.uleb128 0x1
 671 00b6 31       		.uleb128 0x31
 672 00b7 13       		.uleb128 0x13
 673 00b8 00       		.byte	0
 674 00b9 00       		.byte	0
 675 00ba 0F       		.uleb128 0xf
 676 00bb 01       		.uleb128 0x1
 677 00bc 01       		.byte	0x1
 678 00bd 49       		.uleb128 0x49
 679 00be 13       		.uleb128 0x13
 680 00bf 01       		.uleb128 0x1
 681 00c0 13       		.uleb128 0x13
 682 00c1 00       		.byte	0
 683 00c2 00       		.byte	0
 684 00c3 10       		.uleb128 0x10
 685 00c4 21       		.uleb128 0x21
 686 00c5 00       		.byte	0
ARM GAS  C:\Users\mitchell\AppData\Local\Temp\ccXHGxPU.s 			page 14


 687 00c6 49       		.uleb128 0x49
 688 00c7 13       		.uleb128 0x13
 689 00c8 2F       		.uleb128 0x2f
 690 00c9 0B       		.uleb128 0xb
 691 00ca 00       		.byte	0
 692 00cb 00       		.byte	0
 693 00cc 11       		.uleb128 0x11
 694 00cd 0F       		.uleb128 0xf
 695 00ce 00       		.byte	0
 696 00cf 0B       		.uleb128 0xb
 697 00d0 0B       		.uleb128 0xb
 698 00d1 49       		.uleb128 0x49
 699 00d2 13       		.uleb128 0x13
 700 00d3 00       		.byte	0
 701 00d4 00       		.byte	0
 702 00d5 12       		.uleb128 0x12
 703 00d6 2E       		.uleb128 0x2e
 704 00d7 01       		.byte	0x1
 705 00d8 3F       		.uleb128 0x3f
 706 00d9 19       		.uleb128 0x19
 707 00da 03       		.uleb128 0x3
 708 00db 0E       		.uleb128 0xe
 709 00dc 3A       		.uleb128 0x3a
 710 00dd 0B       		.uleb128 0xb
 711 00de 3B       		.uleb128 0x3b
 712 00df 0B       		.uleb128 0xb
 713 00e0 49       		.uleb128 0x49
 714 00e1 13       		.uleb128 0x13
 715 00e2 11       		.uleb128 0x11
 716 00e3 01       		.uleb128 0x1
 717 00e4 12       		.uleb128 0x12
 718 00e5 06       		.uleb128 0x6
 719 00e6 40       		.uleb128 0x40
 720 00e7 18       		.uleb128 0x18
 721 00e8 9742     		.uleb128 0x2117
 722 00ea 19       		.uleb128 0x19
 723 00eb 01       		.uleb128 0x1
 724 00ec 13       		.uleb128 0x13
 725 00ed 00       		.byte	0
 726 00ee 00       		.byte	0
 727 00ef 13       		.uleb128 0x13
 728 00f0 898201   		.uleb128 0x4109
 729 00f3 00       		.byte	0
 730 00f4 11       		.uleb128 0x11
 731 00f5 01       		.uleb128 0x1
 732 00f6 31       		.uleb128 0x31
 733 00f7 13       		.uleb128 0x13
 734 00f8 00       		.byte	0
 735 00f9 00       		.byte	0
 736 00fa 14       		.uleb128 0x14
 737 00fb 34       		.uleb128 0x34
 738 00fc 00       		.byte	0
 739 00fd 03       		.uleb128 0x3
 740 00fe 0E       		.uleb128 0xe
 741 00ff 3A       		.uleb128 0x3a
 742 0100 0B       		.uleb128 0xb
 743 0101 3B       		.uleb128 0x3b
ARM GAS  C:\Users\mitchell\AppData\Local\Temp\ccXHGxPU.s 			page 15


 744 0102 05       		.uleb128 0x5
 745 0103 49       		.uleb128 0x49
 746 0104 13       		.uleb128 0x13
 747 0105 3F       		.uleb128 0x3f
 748 0106 19       		.uleb128 0x19
 749 0107 3C       		.uleb128 0x3c
 750 0108 19       		.uleb128 0x19
 751 0109 00       		.byte	0
 752 010a 00       		.byte	0
 753 010b 15       		.uleb128 0x15
 754 010c 35       		.uleb128 0x35
 755 010d 00       		.byte	0
 756 010e 49       		.uleb128 0x49
 757 010f 13       		.uleb128 0x13
 758 0110 00       		.byte	0
 759 0111 00       		.byte	0
 760 0112 16       		.uleb128 0x16
 761 0113 2E       		.uleb128 0x2e
 762 0114 01       		.byte	0x1
 763 0115 3F       		.uleb128 0x3f
 764 0116 19       		.uleb128 0x19
 765 0117 03       		.uleb128 0x3
 766 0118 0E       		.uleb128 0xe
 767 0119 3A       		.uleb128 0x3a
 768 011a 0B       		.uleb128 0xb
 769 011b 3B       		.uleb128 0x3b
 770 011c 0B       		.uleb128 0xb
 771 011d 27       		.uleb128 0x27
 772 011e 19       		.uleb128 0x19
 773 011f 3C       		.uleb128 0x3c
 774 0120 19       		.uleb128 0x19
 775 0121 01       		.uleb128 0x1
 776 0122 13       		.uleb128 0x13
 777 0123 00       		.byte	0
 778 0124 00       		.byte	0
 779 0125 17       		.uleb128 0x17
 780 0126 05       		.uleb128 0x5
 781 0127 00       		.byte	0
 782 0128 49       		.uleb128 0x49
 783 0129 13       		.uleb128 0x13
 784 012a 00       		.byte	0
 785 012b 00       		.byte	0
 786 012c 18       		.uleb128 0x18
 787 012d 2E       		.uleb128 0x2e
 788 012e 00       		.byte	0
 789 012f 3F       		.uleb128 0x3f
 790 0130 19       		.uleb128 0x19
 791 0131 03       		.uleb128 0x3
 792 0132 0E       		.uleb128 0xe
 793 0133 3A       		.uleb128 0x3a
 794 0134 0B       		.uleb128 0xb
 795 0135 3B       		.uleb128 0x3b
 796 0136 0B       		.uleb128 0xb
 797 0137 27       		.uleb128 0x27
 798 0138 19       		.uleb128 0x19
 799 0139 3C       		.uleb128 0x3c
 800 013a 19       		.uleb128 0x19
ARM GAS  C:\Users\mitchell\AppData\Local\Temp\ccXHGxPU.s 			page 16


 801 013b 00       		.byte	0
 802 013c 00       		.byte	0
 803 013d 00       		.byte	0
 804              		.section	.debug_loc,"",%progbits
 805              	.Ldebug_loc0:
 806              	.LLST0:
 807 0000 18000000 		.4byte	.LVL0
 808 0004 1C000000 		.4byte	.LVL1
 809 0008 0200     		.2byte	0x2
 810 000a 30       		.byte	0x30
 811 000b 9F       		.byte	0x9f
 812 000c 1C000000 		.4byte	.LVL1
 813 0010 30000000 		.4byte	.LVL3
 814 0014 0100     		.2byte	0x1
 815 0016 53       		.byte	0x53
 816 0017 00000000 		.4byte	0
 817 001b 00000000 		.4byte	0
 818              	.LLST1:
 819 001f 30000000 		.4byte	.LVL3
 820 0023 34000000 		.4byte	.LVL4
 821 0027 0200     		.2byte	0x2
 822 0029 30       		.byte	0x30
 823 002a 9F       		.byte	0x9f
 824 002b 34000000 		.4byte	.LVL4
 825 002f 90000000 		.4byte	.LFE63
 826 0033 0100     		.2byte	0x1
 827 0035 54       		.byte	0x54
 828 0036 00000000 		.4byte	0
 829 003a 00000000 		.4byte	0
 830              		.section	.debug_aranges,"",%progbits
 831 0000 24000000 		.4byte	0x24
 832 0004 0200     		.2byte	0x2
 833 0006 00000000 		.4byte	.Ldebug_info0
 834 000a 04       		.byte	0x4
 835 000b 00       		.byte	0
 836 000c 0000     		.2byte	0
 837 000e 0000     		.2byte	0
 838 0010 00000000 		.4byte	.LFB63
 839 0014 90000000 		.4byte	.LFE63-.LFB63
 840 0018 00000000 		.4byte	.LFB64
 841 001c 0A000000 		.4byte	.LFE64-.LFB64
 842 0020 00000000 		.4byte	0
 843 0024 00000000 		.4byte	0
 844              		.section	.debug_ranges,"",%progbits
 845              	.Ldebug_ranges0:
 846 0000 00000000 		.4byte	.LFB63
 847 0004 90000000 		.4byte	.LFE63
 848 0008 00000000 		.4byte	.LFB64
 849 000c 0A000000 		.4byte	.LFE64
 850 0010 00000000 		.4byte	0
 851 0014 00000000 		.4byte	0
 852              		.section	.debug_line,"",%progbits
 853              	.Ldebug_line0:
 854 0000 DF010000 		.section	.debug_str,"MS",%progbits,1
 854      02008B01 
 854      00000201 
 854      FB0E0D00 
ARM GAS  C:\Users\mitchell\AppData\Local\Temp\ccXHGxPU.s 			page 17


 854      01010101 
 855              	.LASF17:
 856 0000 4252414B 		.ascii	"BRAKE\000"
 856      4500
 857              	.LASF35:
 858 0006 636F6D6D 		.ascii	"commTest\000"
 858      54657374 
 858      00
 859              	.LASF9:
 860 000f 5F5F696E 		.ascii	"__int32_t\000"
 860      7433325F 
 860      7400
 861              	.LASF4:
 862 0019 6C6F6E67 		.ascii	"long int\000"
 862      20696E74 
 862      00
 863              	.LASF18:
 864 0022 54505330 		.ascii	"TPS0\000"
 864      00
 865              	.LASF19:
 866 0027 54505331 		.ascii	"TPS1\000"
 866      00
 867              	.LASF26:
 868 002c 61707073 		.ascii	"apps0\000"
 868      3000
 869              	.LASF27:
 870 0032 61707073 		.ascii	"apps1\000"
 870      3100
 871              	.LASF12:
 872 0038 666C6F61 		.ascii	"float\000"
 872      7400
 873              	.LASF1:
 874 003e 756E7369 		.ascii	"unsigned char\000"
 874      676E6564 
 874      20636861 
 874      7200
 875              	.LASF34:
 876 004c 433A5C55 		.ascii	"C:\\Users\\mitchell\\Documents\\FSAE\\E-Throttle\\P"
 876      73657273 
 876      5C6D6974 
 876      6368656C 
 876      6C5C446F 
 877 0079 536F435C 		.ascii	"SoC\\E-Throttle.cydsn\000"
 877      452D5468 
 877      726F7474 
 877      6C652E63 
 877      7964736E 
 878              	.LASF33:
 879 008e 2E5C6D61 		.ascii	".\\main.c\000"
 879      696E2E63 
 879      00
 880              	.LASF5:
 881 0097 6C6F6E67 		.ascii	"long unsigned int\000"
 881      20756E73 
 881      69676E65 
 881      6420696E 
 881      7400
ARM GAS  C:\Users\mitchell\AppData\Local\Temp\ccXHGxPU.s 			page 18


 882              	.LASF3:
 883 00a9 73686F72 		.ascii	"short unsigned int\000"
 883      7420756E 
 883      7369676E 
 883      65642069 
 883      6E7400
 884              	.LASF38:
 885 00bc 55415254 		.ascii	"UART_Start\000"
 885      5F537461 
 885      727400
 886              	.LASF37:
 887 00c7 49544D5F 		.ascii	"ITM_RxBuffer\000"
 887      52784275 
 887      66666572 
 887      00
 888              	.LASF13:
 889 00d4 646F7562 		.ascii	"double\000"
 889      6C6500
 890              	.LASF36:
 891 00db 6D61696E 		.ascii	"main\000"
 891      00
 892              	.LASF11:
 893 00e0 75696E74 		.ascii	"uint32\000"
 893      333200
 894              	.LASF32:
 895 00e7 474E5520 		.ascii	"GNU C 4.9.3 20150303 (release) [ARM/embedded-4_9-br"
 895      4320342E 
 895      392E3320 
 895      32303135 
 895      30333033 
 896 011a 616E6368 		.ascii	"anch revision 221220] -mcpu=cortex-m3 -mthumb -g -O"
 896      20726576 
 896      6973696F 
 896      6E203232 
 896      31323230 
 897 014d 67202D66 		.ascii	"g -ffunction-sections -ffat-lto-objects\000"
 897      66756E63 
 897      74696F6E 
 897      2D736563 
 897      74696F6E 
 898              	.LASF8:
 899 0175 756E7369 		.ascii	"unsigned int\000"
 899      676E6564 
 899      20696E74 
 899      00
 900              	.LASF7:
 901 0182 6C6F6E67 		.ascii	"long long unsigned int\000"
 901      206C6F6E 
 901      6720756E 
 901      7369676E 
 901      65642069 
 902              	.LASF20:
 903 0199 41505053 		.ascii	"APPS0\000"
 903      3000
 904              	.LASF21:
 905 019f 41505053 		.ascii	"APPS1\000"
 905      3100
ARM GAS  C:\Users\mitchell\AppData\Local\Temp\ccXHGxPU.s 			page 19


 906              	.LASF30:
 907 01a5 73656E64 		.ascii	"send_pot_data\000"
 907      5F706F74 
 907      5F646174 
 907      6100
 908              	.LASF10:
 909 01b3 696E7433 		.ascii	"int32_t\000"
 909      325F7400 
 910              	.LASF15:
 911 01bb 73697A65 		.ascii	"sizetype\000"
 911      74797065 
 911      00
 912              	.LASF6:
 913 01c4 6C6F6E67 		.ascii	"long long int\000"
 913      206C6F6E 
 913      6720696E 
 913      7400
 914              	.LASF14:
 915 01d2 63686172 		.ascii	"char\000"
 915      00
 916              	.LASF22:
 917 01d7 73656E73 		.ascii	"sensor\000"
 917      6F7200
 918              	.LASF25:
 919 01de 74707331 		.ascii	"tps1\000"
 919      00
 920              	.LASF2:
 921 01e3 73686F72 		.ascii	"short int\000"
 921      7420696E 
 921      7400
 922              	.LASF24:
 923 01ed 74707330 		.ascii	"tps0\000"
 923      00
 924              	.LASF16:
 925 01f2 41505053 		.ascii	"APPS\000"
 925      00
 926              	.LASF28:
 927 01f7 6272616B 		.ascii	"brake\000"
 927      6500
 928              	.LASF23:
 929 01fd 6C6F6E67 		.ascii	"long double\000"
 929      20646F75 
 929      626C6500 
 930              	.LASF0:
 931 0209 7369676E 		.ascii	"signed char\000"
 931      65642063 
 931      68617200 
 932              	.LASF31:
 933 0215 43794465 		.ascii	"CyDelay\000"
 933      6C617900 
 934              	.LASF29:
 935 021d 73656E73 		.ascii	"sensors\000"
 935      6F727300 
 936              		.ident	"GCC: (GNU Tools for ARM Embedded Processors) 4.9.3 20150303 (release) [ARM/embedded-4_9-br
