ARM GAS  C:\Users\mitchell\AppData\Local\Temp\ccO4oUfi.s 			page 1


   1              		.syntax unified
   2              		.cpu cortex-m3
   3              		.fpu softvfp
   4              		.eabi_attribute 20, 1
   5              		.eabi_attribute 21, 1
   6              		.eabi_attribute 23, 3
   7              		.eabi_attribute 24, 1
   8              		.eabi_attribute 25, 1
   9              		.eabi_attribute 26, 1
  10              		.eabi_attribute 30, 1
  11              		.eabi_attribute 34, 1
  12              		.eabi_attribute 18, 4
  13              		.thumb
  14              		.file	"Timer_PM.c"
  15              		.text
  16              	.Ltext0:
  17              		.cfi_sections	.debug_frame
  18              		.section	.text.Timer_SaveConfig,"ax",%progbits
  19              		.align	2
  20              		.global	Timer_SaveConfig
  21              		.thumb
  22              		.thumb_func
  23              		.type	Timer_SaveConfig, %function
  24              	Timer_SaveConfig:
  25              	.LFB0:
  26              		.file 1 ".\\Generated_Source\\PSoC5\\Timer_PM.c"
   1:.\Generated_Source\PSoC5/Timer_PM.c **** /*******************************************************************************
   2:.\Generated_Source\PSoC5/Timer_PM.c **** * File Name: Timer_PM.c
   3:.\Generated_Source\PSoC5/Timer_PM.c **** * Version 2.70
   4:.\Generated_Source\PSoC5/Timer_PM.c **** *
   5:.\Generated_Source\PSoC5/Timer_PM.c **** *  Description:
   6:.\Generated_Source\PSoC5/Timer_PM.c **** *     This file provides the power management source code to API for the
   7:.\Generated_Source\PSoC5/Timer_PM.c **** *     Timer.
   8:.\Generated_Source\PSoC5/Timer_PM.c **** *
   9:.\Generated_Source\PSoC5/Timer_PM.c **** *   Note:
  10:.\Generated_Source\PSoC5/Timer_PM.c **** *     None
  11:.\Generated_Source\PSoC5/Timer_PM.c **** *
  12:.\Generated_Source\PSoC5/Timer_PM.c **** *******************************************************************************
  13:.\Generated_Source\PSoC5/Timer_PM.c **** * Copyright 2008-2014, Cypress Semiconductor Corporation.  All rights reserved.
  14:.\Generated_Source\PSoC5/Timer_PM.c **** * You may use this file only in accordance with the license, terms, conditions,
  15:.\Generated_Source\PSoC5/Timer_PM.c **** * disclaimers, and limitations in the end user license agreement accompanying
  16:.\Generated_Source\PSoC5/Timer_PM.c **** * the software package with which this file was provided.
  17:.\Generated_Source\PSoC5/Timer_PM.c **** ********************************************************************************/
  18:.\Generated_Source\PSoC5/Timer_PM.c **** 
  19:.\Generated_Source\PSoC5/Timer_PM.c **** #include "Timer.h"
  20:.\Generated_Source\PSoC5/Timer_PM.c **** 
  21:.\Generated_Source\PSoC5/Timer_PM.c **** static Timer_backupStruct Timer_backup;
  22:.\Generated_Source\PSoC5/Timer_PM.c **** 
  23:.\Generated_Source\PSoC5/Timer_PM.c **** 
  24:.\Generated_Source\PSoC5/Timer_PM.c **** /*******************************************************************************
  25:.\Generated_Source\PSoC5/Timer_PM.c **** * Function Name: Timer_SaveConfig
  26:.\Generated_Source\PSoC5/Timer_PM.c **** ********************************************************************************
  27:.\Generated_Source\PSoC5/Timer_PM.c **** *
  28:.\Generated_Source\PSoC5/Timer_PM.c **** * Summary:
  29:.\Generated_Source\PSoC5/Timer_PM.c **** *     Save the current user configuration
  30:.\Generated_Source\PSoC5/Timer_PM.c **** *
  31:.\Generated_Source\PSoC5/Timer_PM.c **** * Parameters:
ARM GAS  C:\Users\mitchell\AppData\Local\Temp\ccO4oUfi.s 			page 2


  32:.\Generated_Source\PSoC5/Timer_PM.c **** *  void
  33:.\Generated_Source\PSoC5/Timer_PM.c **** *
  34:.\Generated_Source\PSoC5/Timer_PM.c **** * Return:
  35:.\Generated_Source\PSoC5/Timer_PM.c **** *  void
  36:.\Generated_Source\PSoC5/Timer_PM.c **** *
  37:.\Generated_Source\PSoC5/Timer_PM.c **** * Global variables:
  38:.\Generated_Source\PSoC5/Timer_PM.c **** *  Timer_backup:  Variables of this global structure are modified to
  39:.\Generated_Source\PSoC5/Timer_PM.c **** *  store the values of non retention configuration registers when Sleep() API is
  40:.\Generated_Source\PSoC5/Timer_PM.c **** *  called.
  41:.\Generated_Source\PSoC5/Timer_PM.c **** *
  42:.\Generated_Source\PSoC5/Timer_PM.c **** *******************************************************************************/
  43:.\Generated_Source\PSoC5/Timer_PM.c **** void Timer_SaveConfig(void) 
  44:.\Generated_Source\PSoC5/Timer_PM.c **** {
  27              		.loc 1 44 0
  28              		.cfi_startproc
  29              		@ args = 0, pretend = 0, frame = 0
  30              		@ frame_needed = 0, uses_anonymous_args = 0
  31              		@ link register save eliminated.
  32 0000 7047     		bx	lr
  33              		.cfi_endproc
  34              	.LFE0:
  35              		.size	Timer_SaveConfig, .-Timer_SaveConfig
  36 0002 00BF     		.section	.text.Timer_RestoreConfig,"ax",%progbits
  37              		.align	2
  38              		.global	Timer_RestoreConfig
  39              		.thumb
  40              		.thumb_func
  41              		.type	Timer_RestoreConfig, %function
  42              	Timer_RestoreConfig:
  43              	.LFB1:
  45:.\Generated_Source\PSoC5/Timer_PM.c ****     #if (!Timer_UsingFixedFunction)
  46:.\Generated_Source\PSoC5/Timer_PM.c ****         Timer_backup.TimerUdb = Timer_ReadCounter();
  47:.\Generated_Source\PSoC5/Timer_PM.c ****         Timer_backup.InterruptMaskValue = Timer_STATUS_MASK;
  48:.\Generated_Source\PSoC5/Timer_PM.c ****         #if (Timer_UsingHWCaptureCounter)
  49:.\Generated_Source\PSoC5/Timer_PM.c ****             Timer_backup.TimerCaptureCounter = Timer_ReadCaptureCount();
  50:.\Generated_Source\PSoC5/Timer_PM.c ****         #endif /* Back Up capture counter register  */
  51:.\Generated_Source\PSoC5/Timer_PM.c **** 
  52:.\Generated_Source\PSoC5/Timer_PM.c ****         #if(!Timer_UDB_CONTROL_REG_REMOVED)
  53:.\Generated_Source\PSoC5/Timer_PM.c ****             Timer_backup.TimerControlRegister = Timer_ReadControlRegister();
  54:.\Generated_Source\PSoC5/Timer_PM.c ****         #endif /* Backup the enable state of the Timer component */
  55:.\Generated_Source\PSoC5/Timer_PM.c ****     #endif /* Backup non retention registers in UDB implementation. All fixed function registers ar
  56:.\Generated_Source\PSoC5/Timer_PM.c **** }
  57:.\Generated_Source\PSoC5/Timer_PM.c **** 
  58:.\Generated_Source\PSoC5/Timer_PM.c **** 
  59:.\Generated_Source\PSoC5/Timer_PM.c **** /*******************************************************************************
  60:.\Generated_Source\PSoC5/Timer_PM.c **** * Function Name: Timer_RestoreConfig
  61:.\Generated_Source\PSoC5/Timer_PM.c **** ********************************************************************************
  62:.\Generated_Source\PSoC5/Timer_PM.c **** *
  63:.\Generated_Source\PSoC5/Timer_PM.c **** * Summary:
  64:.\Generated_Source\PSoC5/Timer_PM.c **** *  Restores the current user configuration.
  65:.\Generated_Source\PSoC5/Timer_PM.c **** *
  66:.\Generated_Source\PSoC5/Timer_PM.c **** * Parameters:
  67:.\Generated_Source\PSoC5/Timer_PM.c **** *  void
  68:.\Generated_Source\PSoC5/Timer_PM.c **** *
  69:.\Generated_Source\PSoC5/Timer_PM.c **** * Return:
  70:.\Generated_Source\PSoC5/Timer_PM.c **** *  void
  71:.\Generated_Source\PSoC5/Timer_PM.c **** *
ARM GAS  C:\Users\mitchell\AppData\Local\Temp\ccO4oUfi.s 			page 3


  72:.\Generated_Source\PSoC5/Timer_PM.c **** * Global variables:
  73:.\Generated_Source\PSoC5/Timer_PM.c **** *  Timer_backup:  Variables of this global structure are used to
  74:.\Generated_Source\PSoC5/Timer_PM.c **** *  restore the values of non retention registers on wakeup from sleep mode.
  75:.\Generated_Source\PSoC5/Timer_PM.c **** *
  76:.\Generated_Source\PSoC5/Timer_PM.c **** *******************************************************************************/
  77:.\Generated_Source\PSoC5/Timer_PM.c **** void Timer_RestoreConfig(void) 
  78:.\Generated_Source\PSoC5/Timer_PM.c **** {   
  44              		.loc 1 78 0
  45              		.cfi_startproc
  46              		@ args = 0, pretend = 0, frame = 0
  47              		@ frame_needed = 0, uses_anonymous_args = 0
  48              		@ link register save eliminated.
  49 0000 7047     		bx	lr
  50              		.cfi_endproc
  51              	.LFE1:
  52              		.size	Timer_RestoreConfig, .-Timer_RestoreConfig
  53 0002 00BF     		.section	.text.Timer_Sleep,"ax",%progbits
  54              		.align	2
  55              		.global	Timer_Sleep
  56              		.thumb
  57              		.thumb_func
  58              		.type	Timer_Sleep, %function
  59              	Timer_Sleep:
  60              	.LFB2:
  79:.\Generated_Source\PSoC5/Timer_PM.c ****     #if (!Timer_UsingFixedFunction)
  80:.\Generated_Source\PSoC5/Timer_PM.c **** 
  81:.\Generated_Source\PSoC5/Timer_PM.c ****         Timer_WriteCounter(Timer_backup.TimerUdb);
  82:.\Generated_Source\PSoC5/Timer_PM.c ****         Timer_STATUS_MASK =Timer_backup.InterruptMaskValue;
  83:.\Generated_Source\PSoC5/Timer_PM.c ****         #if (Timer_UsingHWCaptureCounter)
  84:.\Generated_Source\PSoC5/Timer_PM.c ****             Timer_SetCaptureCount(Timer_backup.TimerCaptureCounter);
  85:.\Generated_Source\PSoC5/Timer_PM.c ****         #endif /* Restore Capture counter register*/
  86:.\Generated_Source\PSoC5/Timer_PM.c **** 
  87:.\Generated_Source\PSoC5/Timer_PM.c ****         #if(!Timer_UDB_CONTROL_REG_REMOVED)
  88:.\Generated_Source\PSoC5/Timer_PM.c ****             Timer_WriteControlRegister(Timer_backup.TimerControlRegister);
  89:.\Generated_Source\PSoC5/Timer_PM.c ****         #endif /* Restore the enable state of the Timer component */
  90:.\Generated_Source\PSoC5/Timer_PM.c ****     #endif /* Restore non retention registers in the UDB implementation only */
  91:.\Generated_Source\PSoC5/Timer_PM.c **** }
  92:.\Generated_Source\PSoC5/Timer_PM.c **** 
  93:.\Generated_Source\PSoC5/Timer_PM.c **** 
  94:.\Generated_Source\PSoC5/Timer_PM.c **** /*******************************************************************************
  95:.\Generated_Source\PSoC5/Timer_PM.c **** * Function Name: Timer_Sleep
  96:.\Generated_Source\PSoC5/Timer_PM.c **** ********************************************************************************
  97:.\Generated_Source\PSoC5/Timer_PM.c **** *
  98:.\Generated_Source\PSoC5/Timer_PM.c **** * Summary:
  99:.\Generated_Source\PSoC5/Timer_PM.c **** *     Stop and Save the user configuration
 100:.\Generated_Source\PSoC5/Timer_PM.c **** *
 101:.\Generated_Source\PSoC5/Timer_PM.c **** * Parameters:
 102:.\Generated_Source\PSoC5/Timer_PM.c **** *  void
 103:.\Generated_Source\PSoC5/Timer_PM.c **** *
 104:.\Generated_Source\PSoC5/Timer_PM.c **** * Return:
 105:.\Generated_Source\PSoC5/Timer_PM.c **** *  void
 106:.\Generated_Source\PSoC5/Timer_PM.c **** *
 107:.\Generated_Source\PSoC5/Timer_PM.c **** * Global variables:
 108:.\Generated_Source\PSoC5/Timer_PM.c **** *  Timer_backup.TimerEnableState:  Is modified depending on the
 109:.\Generated_Source\PSoC5/Timer_PM.c **** *  enable state of the block before entering sleep mode.
 110:.\Generated_Source\PSoC5/Timer_PM.c **** *
 111:.\Generated_Source\PSoC5/Timer_PM.c **** *******************************************************************************/
ARM GAS  C:\Users\mitchell\AppData\Local\Temp\ccO4oUfi.s 			page 4


 112:.\Generated_Source\PSoC5/Timer_PM.c **** void Timer_Sleep(void) 
 113:.\Generated_Source\PSoC5/Timer_PM.c **** {
  61              		.loc 1 113 0
  62              		.cfi_startproc
  63              		@ args = 0, pretend = 0, frame = 0
  64              		@ frame_needed = 0, uses_anonymous_args = 0
  65              		.loc 1 113 0
  66 0000 08B5     		push	{r3, lr}
  67              		.cfi_def_cfa_offset 8
  68              		.cfi_offset 3, -8
  69              		.cfi_offset 14, -4
 114:.\Generated_Source\PSoC5/Timer_PM.c ****     #if(!Timer_UDB_CONTROL_REG_REMOVED)
 115:.\Generated_Source\PSoC5/Timer_PM.c ****         /* Save Counter's enable state */
 116:.\Generated_Source\PSoC5/Timer_PM.c ****         if(Timer_CTRL_ENABLE == (Timer_CONTROL & Timer_CTRL_ENABLE))
  70              		.loc 1 116 0
  71 0002 074B     		ldr	r3, .L7
  72 0004 1B78     		ldrb	r3, [r3]	@ zero_extendqisi2
  73 0006 13F0010F 		tst	r3, #1
  74 000a 03D0     		beq	.L4
 117:.\Generated_Source\PSoC5/Timer_PM.c ****         {
 118:.\Generated_Source\PSoC5/Timer_PM.c ****             /* Timer is enabled */
 119:.\Generated_Source\PSoC5/Timer_PM.c ****             Timer_backup.TimerEnableState = 1u;
  75              		.loc 1 119 0
  76 000c 0122     		movs	r2, #1
  77 000e 054B     		ldr	r3, .L7+4
  78 0010 1A70     		strb	r2, [r3]
  79 0012 02E0     		b	.L5
  80              	.L4:
 120:.\Generated_Source\PSoC5/Timer_PM.c ****         }
 121:.\Generated_Source\PSoC5/Timer_PM.c ****         else
 122:.\Generated_Source\PSoC5/Timer_PM.c ****         {
 123:.\Generated_Source\PSoC5/Timer_PM.c ****             /* Timer is disabled */
 124:.\Generated_Source\PSoC5/Timer_PM.c ****             Timer_backup.TimerEnableState = 0u;
  81              		.loc 1 124 0
  82 0014 0022     		movs	r2, #0
  83 0016 034B     		ldr	r3, .L7+4
  84 0018 1A70     		strb	r2, [r3]
  85              	.L5:
 125:.\Generated_Source\PSoC5/Timer_PM.c ****         }
 126:.\Generated_Source\PSoC5/Timer_PM.c ****     #endif /* Back up enable state from the Timer control register */
 127:.\Generated_Source\PSoC5/Timer_PM.c ****     Timer_Stop();
  86              		.loc 1 127 0
  87 001a FFF7FEFF 		bl	Timer_Stop
  88              	.LVL0:
  89 001e 08BD     		pop	{r3, pc}
  90              	.L8:
  91              		.align	2
  92              	.L7:
  93 0020 0C4F0040 		.word	1073762060
  94 0024 00000000 		.word	.LANCHOR0
  95              		.cfi_endproc
  96              	.LFE2:
  97              		.size	Timer_Sleep, .-Timer_Sleep
  98              		.section	.text.Timer_Wakeup,"ax",%progbits
  99              		.align	2
 100              		.global	Timer_Wakeup
 101              		.thumb
ARM GAS  C:\Users\mitchell\AppData\Local\Temp\ccO4oUfi.s 			page 5


 102              		.thumb_func
 103              		.type	Timer_Wakeup, %function
 104              	Timer_Wakeup:
 105              	.LFB3:
 128:.\Generated_Source\PSoC5/Timer_PM.c ****     Timer_SaveConfig();
 129:.\Generated_Source\PSoC5/Timer_PM.c **** }
 130:.\Generated_Source\PSoC5/Timer_PM.c **** 
 131:.\Generated_Source\PSoC5/Timer_PM.c **** 
 132:.\Generated_Source\PSoC5/Timer_PM.c **** /*******************************************************************************
 133:.\Generated_Source\PSoC5/Timer_PM.c **** * Function Name: Timer_Wakeup
 134:.\Generated_Source\PSoC5/Timer_PM.c **** ********************************************************************************
 135:.\Generated_Source\PSoC5/Timer_PM.c **** *
 136:.\Generated_Source\PSoC5/Timer_PM.c **** * Summary:
 137:.\Generated_Source\PSoC5/Timer_PM.c **** *  Restores and enables the user configuration
 138:.\Generated_Source\PSoC5/Timer_PM.c **** *
 139:.\Generated_Source\PSoC5/Timer_PM.c **** * Parameters:
 140:.\Generated_Source\PSoC5/Timer_PM.c **** *  void
 141:.\Generated_Source\PSoC5/Timer_PM.c **** *
 142:.\Generated_Source\PSoC5/Timer_PM.c **** * Return:
 143:.\Generated_Source\PSoC5/Timer_PM.c **** *  void
 144:.\Generated_Source\PSoC5/Timer_PM.c **** *
 145:.\Generated_Source\PSoC5/Timer_PM.c **** * Global variables:
 146:.\Generated_Source\PSoC5/Timer_PM.c **** *  Timer_backup.enableState:  Is used to restore the enable state of
 147:.\Generated_Source\PSoC5/Timer_PM.c **** *  block on wakeup from sleep mode.
 148:.\Generated_Source\PSoC5/Timer_PM.c **** *
 149:.\Generated_Source\PSoC5/Timer_PM.c **** *******************************************************************************/
 150:.\Generated_Source\PSoC5/Timer_PM.c **** void Timer_Wakeup(void) 
 151:.\Generated_Source\PSoC5/Timer_PM.c **** {
 106              		.loc 1 151 0
 107              		.cfi_startproc
 108              		@ args = 0, pretend = 0, frame = 0
 109              		@ frame_needed = 0, uses_anonymous_args = 0
 110 0000 08B5     		push	{r3, lr}
 111              		.cfi_def_cfa_offset 8
 112              		.cfi_offset 3, -8
 113              		.cfi_offset 14, -4
 152:.\Generated_Source\PSoC5/Timer_PM.c ****     Timer_RestoreConfig();
 153:.\Generated_Source\PSoC5/Timer_PM.c ****     #if(!Timer_UDB_CONTROL_REG_REMOVED)
 154:.\Generated_Source\PSoC5/Timer_PM.c ****         if(Timer_backup.TimerEnableState == 1u)
 114              		.loc 1 154 0
 115 0002 034B     		ldr	r3, .L12
 116 0004 1B78     		ldrb	r3, [r3]	@ zero_extendqisi2
 117 0006 012B     		cmp	r3, #1
 118 0008 01D1     		bne	.L9
 155:.\Generated_Source\PSoC5/Timer_PM.c ****         {     /* Enable Timer's operation */
 156:.\Generated_Source\PSoC5/Timer_PM.c ****                 Timer_Enable();
 119              		.loc 1 156 0
 120 000a FFF7FEFF 		bl	Timer_Enable
 121              	.LVL1:
 122              	.L9:
 123 000e 08BD     		pop	{r3, pc}
 124              	.L13:
 125              		.align	2
 126              	.L12:
 127 0010 00000000 		.word	.LANCHOR0
 128              		.cfi_endproc
 129              	.LFE3:
ARM GAS  C:\Users\mitchell\AppData\Local\Temp\ccO4oUfi.s 			page 6


 130              		.size	Timer_Wakeup, .-Timer_Wakeup
 131              		.bss
 132              		.align	2
 133              		.set	.LANCHOR0,. + 0
 134              		.type	Timer_backup, %object
 135              		.size	Timer_backup, 1
 136              	Timer_backup:
 137 0000 00       		.space	1
 138 0001 000000   		.text
 139              	.Letext0:
 140              		.file 2 ".\\Generated_Source\\PSoC5\\cytypes.h"
 141              		.file 3 ".\\Generated_Source\\PSoC5\\Timer.h"
 142              		.section	.debug_info,"",%progbits
 143              	.Ldebug_info0:
 144 0000 3F010000 		.4byte	0x13f
 145 0004 0400     		.2byte	0x4
 146 0006 00000000 		.4byte	.Ldebug_abbrev0
 147 000a 04       		.byte	0x4
 148 000b 01       		.uleb128 0x1
 149 000c 6D000000 		.4byte	.LASF22
 150 0010 01       		.byte	0x1
 151 0011 2E010000 		.4byte	.LASF23
 152 0015 85010000 		.4byte	.LASF24
 153 0019 00000000 		.4byte	.Ldebug_ranges0+0
 154 001d 00000000 		.4byte	0
 155 0021 00000000 		.4byte	.Ldebug_line0
 156 0025 02       		.uleb128 0x2
 157 0026 01       		.byte	0x1
 158 0027 06       		.byte	0x6
 159 0028 79010000 		.4byte	.LASF0
 160 002c 02       		.uleb128 0x2
 161 002d 01       		.byte	0x1
 162 002e 08       		.byte	0x8
 163 002f 0C010000 		.4byte	.LASF1
 164 0033 02       		.uleb128 0x2
 165 0034 02       		.byte	0x2
 166 0035 05       		.byte	0x5
 167 0036 ED010000 		.4byte	.LASF2
 168 003a 02       		.uleb128 0x2
 169 003b 02       		.byte	0x2
 170 003c 07       		.byte	0x7
 171 003d 66010000 		.4byte	.LASF3
 172 0041 02       		.uleb128 0x2
 173 0042 04       		.byte	0x4
 174 0043 05       		.byte	0x5
 175 0044 25010000 		.4byte	.LASF4
 176 0048 02       		.uleb128 0x2
 177 0049 04       		.byte	0x4
 178 004a 07       		.byte	0x7
 179 004b 3F000000 		.4byte	.LASF5
 180 004f 02       		.uleb128 0x2
 181 0050 08       		.byte	0x8
 182 0051 05       		.byte	0x5
 183 0052 00000000 		.4byte	.LASF6
 184 0056 02       		.uleb128 0x2
 185 0057 08       		.byte	0x8
 186 0058 07       		.byte	0x7
ARM GAS  C:\Users\mitchell\AppData\Local\Temp\ccO4oUfi.s 			page 7


 187 0059 51000000 		.4byte	.LASF7
 188 005d 03       		.uleb128 0x3
 189 005e 04       		.byte	0x4
 190 005f 05       		.byte	0x5
 191 0060 696E7400 		.ascii	"int\000"
 192 0064 02       		.uleb128 0x2
 193 0065 04       		.byte	0x4
 194 0066 07       		.byte	0x7
 195 0067 1F000000 		.4byte	.LASF8
 196 006b 04       		.uleb128 0x4
 197 006c 39000000 		.4byte	.LASF12
 198 0070 02       		.byte	0x2
 199 0071 B4       		.byte	0xb4
 200 0072 2C000000 		.4byte	0x2c
 201 0076 02       		.uleb128 0x2
 202 0077 04       		.byte	0x4
 203 0078 04       		.byte	0x4
 204 0079 D4010000 		.4byte	.LASF9
 205 007d 02       		.uleb128 0x2
 206 007e 08       		.byte	0x8
 207 007f 04       		.byte	0x4
 208 0080 5F010000 		.4byte	.LASF10
 209 0084 02       		.uleb128 0x2
 210 0085 01       		.byte	0x1
 211 0086 08       		.byte	0x8
 212 0087 68000000 		.4byte	.LASF11
 213 008b 05       		.uleb128 0x5
 214 008c F7010000 		.4byte	.LASF13
 215 0090 02       		.byte	0x2
 216 0091 5E01     		.2byte	0x15e
 217 0093 97000000 		.4byte	0x97
 218 0097 06       		.uleb128 0x6
 219 0098 6B000000 		.4byte	0x6b
 220 009c 02       		.uleb128 0x2
 221 009d 04       		.byte	0x4
 222 009e 07       		.byte	0x7
 223 009f 1C020000 		.4byte	.LASF14
 224 00a3 07       		.uleb128 0x7
 225 00a4 01       		.byte	0x1
 226 00a5 03       		.byte	0x3
 227 00a6 43       		.byte	0x43
 228 00a7 B8000000 		.4byte	0xb8
 229 00ab 08       		.uleb128 0x8
 230 00ac FB000000 		.4byte	.LASF25
 231 00b0 03       		.byte	0x3
 232 00b1 45       		.byte	0x45
 233 00b2 6B000000 		.4byte	0x6b
 234 00b6 00       		.byte	0
 235 00b7 00       		.byte	0
 236 00b8 04       		.uleb128 0x4
 237 00b9 DA010000 		.4byte	.LASF15
 238 00bd 03       		.byte	0x3
 239 00be 53       		.byte	0x53
 240 00bf A3000000 		.4byte	0xa3
 241 00c3 09       		.uleb128 0x9
 242 00c4 0E000000 		.4byte	.LASF16
 243 00c8 01       		.byte	0x1
ARM GAS  C:\Users\mitchell\AppData\Local\Temp\ccO4oUfi.s 			page 8


 244 00c9 2B       		.byte	0x2b
 245 00ca 00000000 		.4byte	.LFB0
 246 00ce 02000000 		.4byte	.LFE0-.LFB0
 247 00d2 01       		.uleb128 0x1
 248 00d3 9C       		.byte	0x9c
 249 00d4 09       		.uleb128 0x9
 250 00d5 FC010000 		.4byte	.LASF17
 251 00d9 01       		.byte	0x1
 252 00da 4D       		.byte	0x4d
 253 00db 00000000 		.4byte	.LFB1
 254 00df 02000000 		.4byte	.LFE1-.LFB1
 255 00e3 01       		.uleb128 0x1
 256 00e4 9C       		.byte	0x9c
 257 00e5 0A       		.uleb128 0xa
 258 00e6 10020000 		.4byte	.LASF18
 259 00ea 01       		.byte	0x1
 260 00eb 70       		.byte	0x70
 261 00ec 00000000 		.4byte	.LFB2
 262 00f0 28000000 		.4byte	.LFE2-.LFB2
 263 00f4 01       		.uleb128 0x1
 264 00f5 9C       		.byte	0x9c
 265 00f6 04010000 		.4byte	0x104
 266 00fa 0B       		.uleb128 0xb
 267 00fb 1E000000 		.4byte	.LVL0
 268 00ff 34010000 		.4byte	0x134
 269 0103 00       		.byte	0
 270 0104 0A       		.uleb128 0xa
 271 0105 52010000 		.4byte	.LASF19
 272 0109 01       		.byte	0x1
 273 010a 96       		.byte	0x96
 274 010b 00000000 		.4byte	.LFB3
 275 010f 14000000 		.4byte	.LFE3-.LFB3
 276 0113 01       		.uleb128 0x1
 277 0114 9C       		.byte	0x9c
 278 0115 23010000 		.4byte	0x123
 279 0119 0B       		.uleb128 0xb
 280 011a 0E000000 		.4byte	.LVL1
 281 011e 3B010000 		.4byte	0x13b
 282 0122 00       		.byte	0
 283 0123 0C       		.uleb128 0xc
 284 0124 2C000000 		.4byte	.LASF26
 285 0128 01       		.byte	0x1
 286 0129 15       		.byte	0x15
 287 012a B8000000 		.4byte	0xb8
 288 012e 05       		.uleb128 0x5
 289 012f 03       		.byte	0x3
 290 0130 00000000 		.4byte	Timer_backup
 291 0134 0D       		.uleb128 0xd
 292 0135 1A010000 		.4byte	.LASF20
 293 0139 03       		.byte	0x3
 294 013a 5B       		.byte	0x5b
 295 013b 0D       		.uleb128 0xd
 296 013c C7010000 		.4byte	.LASF21
 297 0140 03       		.byte	0x3
 298 0141 8B       		.byte	0x8b
 299 0142 00       		.byte	0
 300              		.section	.debug_abbrev,"",%progbits
ARM GAS  C:\Users\mitchell\AppData\Local\Temp\ccO4oUfi.s 			page 9


 301              	.Ldebug_abbrev0:
 302 0000 01       		.uleb128 0x1
 303 0001 11       		.uleb128 0x11
 304 0002 01       		.byte	0x1
 305 0003 25       		.uleb128 0x25
 306 0004 0E       		.uleb128 0xe
 307 0005 13       		.uleb128 0x13
 308 0006 0B       		.uleb128 0xb
 309 0007 03       		.uleb128 0x3
 310 0008 0E       		.uleb128 0xe
 311 0009 1B       		.uleb128 0x1b
 312 000a 0E       		.uleb128 0xe
 313 000b 55       		.uleb128 0x55
 314 000c 17       		.uleb128 0x17
 315 000d 11       		.uleb128 0x11
 316 000e 01       		.uleb128 0x1
 317 000f 10       		.uleb128 0x10
 318 0010 17       		.uleb128 0x17
 319 0011 00       		.byte	0
 320 0012 00       		.byte	0
 321 0013 02       		.uleb128 0x2
 322 0014 24       		.uleb128 0x24
 323 0015 00       		.byte	0
 324 0016 0B       		.uleb128 0xb
 325 0017 0B       		.uleb128 0xb
 326 0018 3E       		.uleb128 0x3e
 327 0019 0B       		.uleb128 0xb
 328 001a 03       		.uleb128 0x3
 329 001b 0E       		.uleb128 0xe
 330 001c 00       		.byte	0
 331 001d 00       		.byte	0
 332 001e 03       		.uleb128 0x3
 333 001f 24       		.uleb128 0x24
 334 0020 00       		.byte	0
 335 0021 0B       		.uleb128 0xb
 336 0022 0B       		.uleb128 0xb
 337 0023 3E       		.uleb128 0x3e
 338 0024 0B       		.uleb128 0xb
 339 0025 03       		.uleb128 0x3
 340 0026 08       		.uleb128 0x8
 341 0027 00       		.byte	0
 342 0028 00       		.byte	0
 343 0029 04       		.uleb128 0x4
 344 002a 16       		.uleb128 0x16
 345 002b 00       		.byte	0
 346 002c 03       		.uleb128 0x3
 347 002d 0E       		.uleb128 0xe
 348 002e 3A       		.uleb128 0x3a
 349 002f 0B       		.uleb128 0xb
 350 0030 3B       		.uleb128 0x3b
 351 0031 0B       		.uleb128 0xb
 352 0032 49       		.uleb128 0x49
 353 0033 13       		.uleb128 0x13
 354 0034 00       		.byte	0
 355 0035 00       		.byte	0
 356 0036 05       		.uleb128 0x5
 357 0037 16       		.uleb128 0x16
ARM GAS  C:\Users\mitchell\AppData\Local\Temp\ccO4oUfi.s 			page 10


 358 0038 00       		.byte	0
 359 0039 03       		.uleb128 0x3
 360 003a 0E       		.uleb128 0xe
 361 003b 3A       		.uleb128 0x3a
 362 003c 0B       		.uleb128 0xb
 363 003d 3B       		.uleb128 0x3b
 364 003e 05       		.uleb128 0x5
 365 003f 49       		.uleb128 0x49
 366 0040 13       		.uleb128 0x13
 367 0041 00       		.byte	0
 368 0042 00       		.byte	0
 369 0043 06       		.uleb128 0x6
 370 0044 35       		.uleb128 0x35
 371 0045 00       		.byte	0
 372 0046 49       		.uleb128 0x49
 373 0047 13       		.uleb128 0x13
 374 0048 00       		.byte	0
 375 0049 00       		.byte	0
 376 004a 07       		.uleb128 0x7
 377 004b 13       		.uleb128 0x13
 378 004c 01       		.byte	0x1
 379 004d 0B       		.uleb128 0xb
 380 004e 0B       		.uleb128 0xb
 381 004f 3A       		.uleb128 0x3a
 382 0050 0B       		.uleb128 0xb
 383 0051 3B       		.uleb128 0x3b
 384 0052 0B       		.uleb128 0xb
 385 0053 01       		.uleb128 0x1
 386 0054 13       		.uleb128 0x13
 387 0055 00       		.byte	0
 388 0056 00       		.byte	0
 389 0057 08       		.uleb128 0x8
 390 0058 0D       		.uleb128 0xd
 391 0059 00       		.byte	0
 392 005a 03       		.uleb128 0x3
 393 005b 0E       		.uleb128 0xe
 394 005c 3A       		.uleb128 0x3a
 395 005d 0B       		.uleb128 0xb
 396 005e 3B       		.uleb128 0x3b
 397 005f 0B       		.uleb128 0xb
 398 0060 49       		.uleb128 0x49
 399 0061 13       		.uleb128 0x13
 400 0062 38       		.uleb128 0x38
 401 0063 0B       		.uleb128 0xb
 402 0064 00       		.byte	0
 403 0065 00       		.byte	0
 404 0066 09       		.uleb128 0x9
 405 0067 2E       		.uleb128 0x2e
 406 0068 00       		.byte	0
 407 0069 3F       		.uleb128 0x3f
 408 006a 19       		.uleb128 0x19
 409 006b 03       		.uleb128 0x3
 410 006c 0E       		.uleb128 0xe
 411 006d 3A       		.uleb128 0x3a
 412 006e 0B       		.uleb128 0xb
 413 006f 3B       		.uleb128 0x3b
 414 0070 0B       		.uleb128 0xb
ARM GAS  C:\Users\mitchell\AppData\Local\Temp\ccO4oUfi.s 			page 11


 415 0071 27       		.uleb128 0x27
 416 0072 19       		.uleb128 0x19
 417 0073 11       		.uleb128 0x11
 418 0074 01       		.uleb128 0x1
 419 0075 12       		.uleb128 0x12
 420 0076 06       		.uleb128 0x6
 421 0077 40       		.uleb128 0x40
 422 0078 18       		.uleb128 0x18
 423 0079 9742     		.uleb128 0x2117
 424 007b 19       		.uleb128 0x19
 425 007c 00       		.byte	0
 426 007d 00       		.byte	0
 427 007e 0A       		.uleb128 0xa
 428 007f 2E       		.uleb128 0x2e
 429 0080 01       		.byte	0x1
 430 0081 3F       		.uleb128 0x3f
 431 0082 19       		.uleb128 0x19
 432 0083 03       		.uleb128 0x3
 433 0084 0E       		.uleb128 0xe
 434 0085 3A       		.uleb128 0x3a
 435 0086 0B       		.uleb128 0xb
 436 0087 3B       		.uleb128 0x3b
 437 0088 0B       		.uleb128 0xb
 438 0089 27       		.uleb128 0x27
 439 008a 19       		.uleb128 0x19
 440 008b 11       		.uleb128 0x11
 441 008c 01       		.uleb128 0x1
 442 008d 12       		.uleb128 0x12
 443 008e 06       		.uleb128 0x6
 444 008f 40       		.uleb128 0x40
 445 0090 18       		.uleb128 0x18
 446 0091 9742     		.uleb128 0x2117
 447 0093 19       		.uleb128 0x19
 448 0094 01       		.uleb128 0x1
 449 0095 13       		.uleb128 0x13
 450 0096 00       		.byte	0
 451 0097 00       		.byte	0
 452 0098 0B       		.uleb128 0xb
 453 0099 898201   		.uleb128 0x4109
 454 009c 00       		.byte	0
 455 009d 11       		.uleb128 0x11
 456 009e 01       		.uleb128 0x1
 457 009f 31       		.uleb128 0x31
 458 00a0 13       		.uleb128 0x13
 459 00a1 00       		.byte	0
 460 00a2 00       		.byte	0
 461 00a3 0C       		.uleb128 0xc
 462 00a4 34       		.uleb128 0x34
 463 00a5 00       		.byte	0
 464 00a6 03       		.uleb128 0x3
 465 00a7 0E       		.uleb128 0xe
 466 00a8 3A       		.uleb128 0x3a
 467 00a9 0B       		.uleb128 0xb
 468 00aa 3B       		.uleb128 0x3b
 469 00ab 0B       		.uleb128 0xb
 470 00ac 49       		.uleb128 0x49
 471 00ad 13       		.uleb128 0x13
ARM GAS  C:\Users\mitchell\AppData\Local\Temp\ccO4oUfi.s 			page 12


 472 00ae 02       		.uleb128 0x2
 473 00af 18       		.uleb128 0x18
 474 00b0 00       		.byte	0
 475 00b1 00       		.byte	0
 476 00b2 0D       		.uleb128 0xd
 477 00b3 2E       		.uleb128 0x2e
 478 00b4 00       		.byte	0
 479 00b5 3F       		.uleb128 0x3f
 480 00b6 19       		.uleb128 0x19
 481 00b7 03       		.uleb128 0x3
 482 00b8 0E       		.uleb128 0xe
 483 00b9 3A       		.uleb128 0x3a
 484 00ba 0B       		.uleb128 0xb
 485 00bb 3B       		.uleb128 0x3b
 486 00bc 0B       		.uleb128 0xb
 487 00bd 27       		.uleb128 0x27
 488 00be 19       		.uleb128 0x19
 489 00bf 3C       		.uleb128 0x3c
 490 00c0 19       		.uleb128 0x19
 491 00c1 00       		.byte	0
 492 00c2 00       		.byte	0
 493 00c3 00       		.byte	0
 494              		.section	.debug_aranges,"",%progbits
 495 0000 34000000 		.4byte	0x34
 496 0004 0200     		.2byte	0x2
 497 0006 00000000 		.4byte	.Ldebug_info0
 498 000a 04       		.byte	0x4
 499 000b 00       		.byte	0
 500 000c 0000     		.2byte	0
 501 000e 0000     		.2byte	0
 502 0010 00000000 		.4byte	.LFB0
 503 0014 02000000 		.4byte	.LFE0-.LFB0
 504 0018 00000000 		.4byte	.LFB1
 505 001c 02000000 		.4byte	.LFE1-.LFB1
 506 0020 00000000 		.4byte	.LFB2
 507 0024 28000000 		.4byte	.LFE2-.LFB2
 508 0028 00000000 		.4byte	.LFB3
 509 002c 14000000 		.4byte	.LFE3-.LFB3
 510 0030 00000000 		.4byte	0
 511 0034 00000000 		.4byte	0
 512              		.section	.debug_ranges,"",%progbits
 513              	.Ldebug_ranges0:
 514 0000 00000000 		.4byte	.LFB0
 515 0004 02000000 		.4byte	.LFE0
 516 0008 00000000 		.4byte	.LFB1
 517 000c 02000000 		.4byte	.LFE1
 518 0010 00000000 		.4byte	.LFB2
 519 0014 28000000 		.4byte	.LFE2
 520 0018 00000000 		.4byte	.LFB3
 521 001c 14000000 		.4byte	.LFE3
 522 0020 00000000 		.4byte	0
 523 0024 00000000 		.4byte	0
 524              		.section	.debug_line,"",%progbits
 525              	.Ldebug_line0:
 526 0000 9E000000 		.section	.debug_str,"MS",%progbits,1
 526      02005200 
 526      00000201 
ARM GAS  C:\Users\mitchell\AppData\Local\Temp\ccO4oUfi.s 			page 13


 526      FB0E0D00 
 526      01010101 
 527              	.LASF6:
 528 0000 6C6F6E67 		.ascii	"long long int\000"
 528      206C6F6E 
 528      6720696E 
 528      7400
 529              	.LASF16:
 530 000e 54696D65 		.ascii	"Timer_SaveConfig\000"
 530      725F5361 
 530      7665436F 
 530      6E666967 
 530      00
 531              	.LASF8:
 532 001f 756E7369 		.ascii	"unsigned int\000"
 532      676E6564 
 532      20696E74 
 532      00
 533              	.LASF26:
 534 002c 54696D65 		.ascii	"Timer_backup\000"
 534      725F6261 
 534      636B7570 
 534      00
 535              	.LASF12:
 536 0039 75696E74 		.ascii	"uint8\000"
 536      3800
 537              	.LASF5:
 538 003f 6C6F6E67 		.ascii	"long unsigned int\000"
 538      20756E73 
 538      69676E65 
 538      6420696E 
 538      7400
 539              	.LASF7:
 540 0051 6C6F6E67 		.ascii	"long long unsigned int\000"
 540      206C6F6E 
 540      6720756E 
 540      7369676E 
 540      65642069 
 541              	.LASF11:
 542 0068 63686172 		.ascii	"char\000"
 542      00
 543              	.LASF22:
 544 006d 474E5520 		.ascii	"GNU C 4.9.3 20150303 (release) [ARM/embedded-4_9-br"
 544      4320342E 
 544      392E3320 
 544      32303135 
 544      30333033 
 545 00a0 616E6368 		.ascii	"anch revision 221220] -mcpu=cortex-m3 -mthumb -g -O"
 545      20726576 
 545      6973696F 
 545      6E203232 
 545      31323230 
 546 00d3 67202D66 		.ascii	"g -ffunction-sections -ffat-lto-objects\000"
 546      66756E63 
 546      74696F6E 
 546      2D736563 
 546      74696F6E 
ARM GAS  C:\Users\mitchell\AppData\Local\Temp\ccO4oUfi.s 			page 14


 547              	.LASF25:
 548 00fb 54696D65 		.ascii	"TimerEnableState\000"
 548      72456E61 
 548      626C6553 
 548      74617465 
 548      00
 549              	.LASF1:
 550 010c 756E7369 		.ascii	"unsigned char\000"
 550      676E6564 
 550      20636861 
 550      7200
 551              	.LASF20:
 552 011a 54696D65 		.ascii	"Timer_Stop\000"
 552      725F5374 
 552      6F7000
 553              	.LASF4:
 554 0125 6C6F6E67 		.ascii	"long int\000"
 554      20696E74 
 554      00
 555              	.LASF23:
 556 012e 2E5C4765 		.ascii	".\\Generated_Source\\PSoC5\\Timer_PM.c\000"
 556      6E657261 
 556      7465645F 
 556      536F7572 
 556      63655C50 
 557              	.LASF19:
 558 0152 54696D65 		.ascii	"Timer_Wakeup\000"
 558      725F5761 
 558      6B657570 
 558      00
 559              	.LASF10:
 560 015f 646F7562 		.ascii	"double\000"
 560      6C6500
 561              	.LASF3:
 562 0166 73686F72 		.ascii	"short unsigned int\000"
 562      7420756E 
 562      7369676E 
 562      65642069 
 562      6E7400
 563              	.LASF0:
 564 0179 7369676E 		.ascii	"signed char\000"
 564      65642063 
 564      68617200 
 565              	.LASF24:
 566 0185 433A5C55 		.ascii	"C:\\Users\\mitchell\\Documents\\FSAE\\E-Throttle\\P"
 566      73657273 
 566      5C6D6974 
 566      6368656C 
 566      6C5C446F 
 567 01b2 536F435C 		.ascii	"SoC\\E-Throttle.cydsn\000"
 567      452D5468 
 567      726F7474 
 567      6C652E63 
 567      7964736E 
 568              	.LASF21:
 569 01c7 54696D65 		.ascii	"Timer_Enable\000"
 569      725F456E 
ARM GAS  C:\Users\mitchell\AppData\Local\Temp\ccO4oUfi.s 			page 15


 569      61626C65 
 569      00
 570              	.LASF9:
 571 01d4 666C6F61 		.ascii	"float\000"
 571      7400
 572              	.LASF15:
 573 01da 54696D65 		.ascii	"Timer_backupStruct\000"
 573      725F6261 
 573      636B7570 
 573      53747275 
 573      637400
 574              	.LASF2:
 575 01ed 73686F72 		.ascii	"short int\000"
 575      7420696E 
 575      7400
 576              	.LASF13:
 577 01f7 72656738 		.ascii	"reg8\000"
 577      00
 578              	.LASF17:
 579 01fc 54696D65 		.ascii	"Timer_RestoreConfig\000"
 579      725F5265 
 579      73746F72 
 579      65436F6E 
 579      66696700 
 580              	.LASF18:
 581 0210 54696D65 		.ascii	"Timer_Sleep\000"
 581      725F536C 
 581      65657000 
 582              	.LASF14:
 583 021c 73697A65 		.ascii	"sizetype\000"
 583      74797065 
 583      00
 584              		.ident	"GCC: (GNU Tools for ARM Embedded Processors) 4.9.3 20150303 (release) [ARM/embedded-4_9-br
