ARM GAS  C:\Users\mitchell\AppData\Local\Temp\ccOevoxb.s 			page 1


   1              		.syntax unified
   2              		.cpu cortex-m3
   3              		.fpu softvfp
   4              		.eabi_attribute 20, 1
   5              		.eabi_attribute 21, 1
   6              		.eabi_attribute 23, 3
   7              		.eabi_attribute 24, 1
   8              		.eabi_attribute 25, 1
   9              		.eabi_attribute 26, 1
  10              		.eabi_attribute 30, 1
  11              		.eabi_attribute 34, 1
  12              		.eabi_attribute 18, 4
  13              		.thumb
  14              		.file	"Timer.c"
  15              		.text
  16              	.Ltext0:
  17              		.cfi_sections	.debug_frame
  18              		.section	.text.Timer_Enable,"ax",%progbits
  19              		.align	2
  20              		.global	Timer_Enable
  21              		.thumb
  22              		.thumb_func
  23              		.type	Timer_Enable, %function
  24              	Timer_Enable:
  25              	.LFB1:
  26              		.file 1 ".\\Generated_Source\\PSoC5\\Timer.c"
   1:.\Generated_Source\PSoC5/Timer.c **** /*******************************************************************************
   2:.\Generated_Source\PSoC5/Timer.c **** * File Name: Timer.c
   3:.\Generated_Source\PSoC5/Timer.c **** * Version 2.70
   4:.\Generated_Source\PSoC5/Timer.c **** *
   5:.\Generated_Source\PSoC5/Timer.c **** * Description:
   6:.\Generated_Source\PSoC5/Timer.c **** *  The Timer component consists of a 8, 16, 24 or 32-bit timer with
   7:.\Generated_Source\PSoC5/Timer.c **** *  a selectable period between 2 and 2^Width - 1.  The timer may free run
   8:.\Generated_Source\PSoC5/Timer.c **** *  or be used as a capture timer as well.  The capture can be initiated
   9:.\Generated_Source\PSoC5/Timer.c **** *  by a positive or negative edge signal as well as via software.
  10:.\Generated_Source\PSoC5/Timer.c **** *  A trigger input can be programmed to enable the timer on rising edge
  11:.\Generated_Source\PSoC5/Timer.c **** *  falling edge, either edge or continous run.
  12:.\Generated_Source\PSoC5/Timer.c **** *  Interrupts may be generated due to a terminal count condition
  13:.\Generated_Source\PSoC5/Timer.c **** *  or a capture event.
  14:.\Generated_Source\PSoC5/Timer.c **** *
  15:.\Generated_Source\PSoC5/Timer.c **** * Note:
  16:.\Generated_Source\PSoC5/Timer.c **** *
  17:.\Generated_Source\PSoC5/Timer.c **** ********************************************************************************
  18:.\Generated_Source\PSoC5/Timer.c **** * Copyright 2008-2014, Cypress Semiconductor Corporation.  All rights reserved.
  19:.\Generated_Source\PSoC5/Timer.c **** * You may use this file only in accordance with the license, terms, conditions,
  20:.\Generated_Source\PSoC5/Timer.c **** * disclaimers, and limitations in the end user license agreement accompanying
  21:.\Generated_Source\PSoC5/Timer.c **** * the software package with which this file was provided.
  22:.\Generated_Source\PSoC5/Timer.c **** ********************************************************************************/
  23:.\Generated_Source\PSoC5/Timer.c **** 
  24:.\Generated_Source\PSoC5/Timer.c **** #include "Timer.h"
  25:.\Generated_Source\PSoC5/Timer.c **** 
  26:.\Generated_Source\PSoC5/Timer.c **** uint8 Timer_initVar = 0u;
  27:.\Generated_Source\PSoC5/Timer.c **** 
  28:.\Generated_Source\PSoC5/Timer.c **** 
  29:.\Generated_Source\PSoC5/Timer.c **** /*******************************************************************************
  30:.\Generated_Source\PSoC5/Timer.c **** * Function Name: Timer_Init
  31:.\Generated_Source\PSoC5/Timer.c **** ********************************************************************************
ARM GAS  C:\Users\mitchell\AppData\Local\Temp\ccOevoxb.s 			page 2


  32:.\Generated_Source\PSoC5/Timer.c **** *
  33:.\Generated_Source\PSoC5/Timer.c **** * Summary:
  34:.\Generated_Source\PSoC5/Timer.c **** *  Initialize to the schematic state
  35:.\Generated_Source\PSoC5/Timer.c **** *
  36:.\Generated_Source\PSoC5/Timer.c **** * Parameters:
  37:.\Generated_Source\PSoC5/Timer.c **** *  void
  38:.\Generated_Source\PSoC5/Timer.c **** *
  39:.\Generated_Source\PSoC5/Timer.c **** * Return:
  40:.\Generated_Source\PSoC5/Timer.c **** *  void
  41:.\Generated_Source\PSoC5/Timer.c **** *
  42:.\Generated_Source\PSoC5/Timer.c **** *******************************************************************************/
  43:.\Generated_Source\PSoC5/Timer.c **** void Timer_Init(void) 
  44:.\Generated_Source\PSoC5/Timer.c **** {
  45:.\Generated_Source\PSoC5/Timer.c ****     #if(!Timer_UsingFixedFunction)
  46:.\Generated_Source\PSoC5/Timer.c ****             /* Interrupt State Backup for Critical Region*/
  47:.\Generated_Source\PSoC5/Timer.c ****             uint8 Timer_interruptState;
  48:.\Generated_Source\PSoC5/Timer.c ****     #endif /* Interrupt state back up for Fixed Function only */
  49:.\Generated_Source\PSoC5/Timer.c **** 
  50:.\Generated_Source\PSoC5/Timer.c ****     #if (Timer_UsingFixedFunction)
  51:.\Generated_Source\PSoC5/Timer.c ****         /* Clear all bits but the enable bit (if it's already set) for Timer operation */
  52:.\Generated_Source\PSoC5/Timer.c ****         Timer_CONTROL &= Timer_CTRL_ENABLE;
  53:.\Generated_Source\PSoC5/Timer.c **** 
  54:.\Generated_Source\PSoC5/Timer.c ****         /* Clear the mode bits for continuous run mode */
  55:.\Generated_Source\PSoC5/Timer.c ****         #if (CY_PSOC5A)
  56:.\Generated_Source\PSoC5/Timer.c ****             Timer_CONTROL2 &= ((uint8)(~Timer_CTRL_MODE_MASK));
  57:.\Generated_Source\PSoC5/Timer.c ****         #endif /* Clear bits in CONTROL2 only in PSOC5A */
  58:.\Generated_Source\PSoC5/Timer.c **** 
  59:.\Generated_Source\PSoC5/Timer.c ****         #if (CY_PSOC3 || CY_PSOC5LP)
  60:.\Generated_Source\PSoC5/Timer.c ****             Timer_CONTROL3 &= ((uint8)(~Timer_CTRL_MODE_MASK));
  61:.\Generated_Source\PSoC5/Timer.c ****         #endif /* CONTROL3 register exists only in PSoC3 OR PSoC5LP */
  62:.\Generated_Source\PSoC5/Timer.c **** 
  63:.\Generated_Source\PSoC5/Timer.c ****         /* Check if One Shot mode is enabled i.e. RunMode !=0*/
  64:.\Generated_Source\PSoC5/Timer.c ****         #if (Timer_RunModeUsed != 0x0u)
  65:.\Generated_Source\PSoC5/Timer.c ****             /* Set 3rd bit of Control register to enable one shot mode */
  66:.\Generated_Source\PSoC5/Timer.c ****             Timer_CONTROL |= 0x04u;
  67:.\Generated_Source\PSoC5/Timer.c ****         #endif /* One Shot enabled only when RunModeUsed is not Continuous*/
  68:.\Generated_Source\PSoC5/Timer.c **** 
  69:.\Generated_Source\PSoC5/Timer.c ****         #if (Timer_RunModeUsed == 2)
  70:.\Generated_Source\PSoC5/Timer.c ****             #if (CY_PSOC5A)
  71:.\Generated_Source\PSoC5/Timer.c ****                 /* Set last 2 bits of control2 register if one shot(halt on
  72:.\Generated_Source\PSoC5/Timer.c ****                 interrupt) is enabled*/
  73:.\Generated_Source\PSoC5/Timer.c ****                 Timer_CONTROL2 |= 0x03u;
  74:.\Generated_Source\PSoC5/Timer.c ****             #endif /* Set One-Shot Halt on Interrupt bit in CONTROL2 for PSoC5A */
  75:.\Generated_Source\PSoC5/Timer.c **** 
  76:.\Generated_Source\PSoC5/Timer.c ****             #if (CY_PSOC3 || CY_PSOC5LP)
  77:.\Generated_Source\PSoC5/Timer.c ****                 /* Set last 2 bits of control3 register if one shot(halt on
  78:.\Generated_Source\PSoC5/Timer.c ****                 interrupt) is enabled*/
  79:.\Generated_Source\PSoC5/Timer.c ****                 Timer_CONTROL3 |= 0x03u;
  80:.\Generated_Source\PSoC5/Timer.c ****             #endif /* Set One-Shot Halt on Interrupt bit in CONTROL3 for PSoC3 or PSoC5LP */
  81:.\Generated_Source\PSoC5/Timer.c **** 
  82:.\Generated_Source\PSoC5/Timer.c ****         #endif /* Remove section if One Shot Halt on Interrupt is not enabled */
  83:.\Generated_Source\PSoC5/Timer.c **** 
  84:.\Generated_Source\PSoC5/Timer.c ****         #if (Timer_UsingHWEnable != 0)
  85:.\Generated_Source\PSoC5/Timer.c ****             #if (CY_PSOC5A)
  86:.\Generated_Source\PSoC5/Timer.c ****                 /* Set the default Run Mode of the Timer to Continuous */
  87:.\Generated_Source\PSoC5/Timer.c ****                 Timer_CONTROL2 |= Timer_CTRL_MODE_PULSEWIDTH;
  88:.\Generated_Source\PSoC5/Timer.c ****             #endif /* Set Continuous Run Mode in CONTROL2 for PSoC5A */
ARM GAS  C:\Users\mitchell\AppData\Local\Temp\ccOevoxb.s 			page 3


  89:.\Generated_Source\PSoC5/Timer.c **** 
  90:.\Generated_Source\PSoC5/Timer.c ****             #if (CY_PSOC3 || CY_PSOC5LP)
  91:.\Generated_Source\PSoC5/Timer.c ****                 /* Clear and Set ROD and COD bits of CFG2 register */
  92:.\Generated_Source\PSoC5/Timer.c ****                 Timer_CONTROL3 &= ((uint8)(~Timer_CTRL_RCOD_MASK));
  93:.\Generated_Source\PSoC5/Timer.c ****                 Timer_CONTROL3 |= Timer_CTRL_RCOD;
  94:.\Generated_Source\PSoC5/Timer.c **** 
  95:.\Generated_Source\PSoC5/Timer.c ****                 /* Clear and Enable the HW enable bit in CFG2 register */
  96:.\Generated_Source\PSoC5/Timer.c ****                 Timer_CONTROL3 &= ((uint8)(~Timer_CTRL_ENBL_MASK));
  97:.\Generated_Source\PSoC5/Timer.c ****                 Timer_CONTROL3 |= Timer_CTRL_ENBL;
  98:.\Generated_Source\PSoC5/Timer.c **** 
  99:.\Generated_Source\PSoC5/Timer.c ****                 /* Set the default Run Mode of the Timer to Continuous */
 100:.\Generated_Source\PSoC5/Timer.c ****                 Timer_CONTROL3 |= Timer_CTRL_MODE_CONTINUOUS;
 101:.\Generated_Source\PSoC5/Timer.c ****             #endif /* Set Continuous Run Mode in CONTROL3 for PSoC3ES3 or PSoC5A */
 102:.\Generated_Source\PSoC5/Timer.c **** 
 103:.\Generated_Source\PSoC5/Timer.c ****         #endif /* Configure Run Mode with hardware enable */
 104:.\Generated_Source\PSoC5/Timer.c **** 
 105:.\Generated_Source\PSoC5/Timer.c ****         /* Clear and Set SYNCTC and SYNCCMP bits of RT1 register */
 106:.\Generated_Source\PSoC5/Timer.c ****         Timer_RT1 &= ((uint8)(~Timer_RT1_MASK));
 107:.\Generated_Source\PSoC5/Timer.c ****         Timer_RT1 |= Timer_SYNC;
 108:.\Generated_Source\PSoC5/Timer.c **** 
 109:.\Generated_Source\PSoC5/Timer.c ****         /*Enable DSI Sync all all inputs of the Timer*/
 110:.\Generated_Source\PSoC5/Timer.c ****         Timer_RT1 &= ((uint8)(~Timer_SYNCDSI_MASK));
 111:.\Generated_Source\PSoC5/Timer.c ****         Timer_RT1 |= Timer_SYNCDSI_EN;
 112:.\Generated_Source\PSoC5/Timer.c **** 
 113:.\Generated_Source\PSoC5/Timer.c ****         /* Set the IRQ to use the status register interrupts */
 114:.\Generated_Source\PSoC5/Timer.c ****         Timer_CONTROL2 |= Timer_CTRL2_IRQ_SEL;
 115:.\Generated_Source\PSoC5/Timer.c ****     #endif /* Configuring registers of fixed function implementation */
 116:.\Generated_Source\PSoC5/Timer.c **** 
 117:.\Generated_Source\PSoC5/Timer.c ****     /* Set Initial values from Configuration */
 118:.\Generated_Source\PSoC5/Timer.c ****     Timer_WritePeriod(Timer_INIT_PERIOD);
 119:.\Generated_Source\PSoC5/Timer.c ****     Timer_WriteCounter(Timer_INIT_PERIOD);
 120:.\Generated_Source\PSoC5/Timer.c **** 
 121:.\Generated_Source\PSoC5/Timer.c ****     #if (Timer_UsingHWCaptureCounter)/* Capture counter is enabled */
 122:.\Generated_Source\PSoC5/Timer.c ****         Timer_CAPTURE_COUNT_CTRL |= Timer_CNTR_ENABLE;
 123:.\Generated_Source\PSoC5/Timer.c ****         Timer_SetCaptureCount(Timer_INIT_CAPTURE_COUNT);
 124:.\Generated_Source\PSoC5/Timer.c ****     #endif /* Configure capture counter value */
 125:.\Generated_Source\PSoC5/Timer.c **** 
 126:.\Generated_Source\PSoC5/Timer.c ****     #if (!Timer_UsingFixedFunction)
 127:.\Generated_Source\PSoC5/Timer.c ****         #if (Timer_SoftwareCaptureMode)
 128:.\Generated_Source\PSoC5/Timer.c ****             Timer_SetCaptureMode(Timer_INIT_CAPTURE_MODE);
 129:.\Generated_Source\PSoC5/Timer.c ****         #endif /* Set Capture Mode for UDB implementation if capture mode is software controlled */
 130:.\Generated_Source\PSoC5/Timer.c **** 
 131:.\Generated_Source\PSoC5/Timer.c ****         #if (Timer_SoftwareTriggerMode)
 132:.\Generated_Source\PSoC5/Timer.c ****             #if (!Timer_UDB_CONTROL_REG_REMOVED)
 133:.\Generated_Source\PSoC5/Timer.c ****                 if (0u == (Timer_CONTROL & Timer__B_TIMER__TM_SOFTWARE))
 134:.\Generated_Source\PSoC5/Timer.c ****                 {
 135:.\Generated_Source\PSoC5/Timer.c ****                     Timer_SetTriggerMode(Timer_INIT_TRIGGER_MODE);
 136:.\Generated_Source\PSoC5/Timer.c ****                 }
 137:.\Generated_Source\PSoC5/Timer.c ****             #endif /* (!Timer_UDB_CONTROL_REG_REMOVED) */
 138:.\Generated_Source\PSoC5/Timer.c ****         #endif /* Set trigger mode for UDB Implementation if trigger mode is software controlled */
 139:.\Generated_Source\PSoC5/Timer.c **** 
 140:.\Generated_Source\PSoC5/Timer.c ****         /* CyEnterCriticalRegion and CyExitCriticalRegion are used to mark following region critica
 141:.\Generated_Source\PSoC5/Timer.c ****         /* Enter Critical Region*/
 142:.\Generated_Source\PSoC5/Timer.c ****         Timer_interruptState = CyEnterCriticalSection();
 143:.\Generated_Source\PSoC5/Timer.c **** 
 144:.\Generated_Source\PSoC5/Timer.c ****         /* Use the interrupt output of the status register for IRQ output */
 145:.\Generated_Source\PSoC5/Timer.c ****         Timer_STATUS_AUX_CTRL |= Timer_STATUS_ACTL_INT_EN_MASK;
ARM GAS  C:\Users\mitchell\AppData\Local\Temp\ccOevoxb.s 			page 4


 146:.\Generated_Source\PSoC5/Timer.c **** 
 147:.\Generated_Source\PSoC5/Timer.c ****         /* Exit Critical Region*/
 148:.\Generated_Source\PSoC5/Timer.c ****         CyExitCriticalSection(Timer_interruptState);
 149:.\Generated_Source\PSoC5/Timer.c **** 
 150:.\Generated_Source\PSoC5/Timer.c ****         #if (Timer_EnableTriggerMode)
 151:.\Generated_Source\PSoC5/Timer.c ****             Timer_EnableTrigger();
 152:.\Generated_Source\PSoC5/Timer.c ****         #endif /* Set Trigger enable bit for UDB implementation in the control register*/
 153:.\Generated_Source\PSoC5/Timer.c **** 		
 154:.\Generated_Source\PSoC5/Timer.c **** 		
 155:.\Generated_Source\PSoC5/Timer.c ****         #if (Timer_InterruptOnCaptureCount && !Timer_UDB_CONTROL_REG_REMOVED)
 156:.\Generated_Source\PSoC5/Timer.c ****             Timer_SetInterruptCount(Timer_INIT_INT_CAPTURE_COUNT);
 157:.\Generated_Source\PSoC5/Timer.c ****         #endif /* Set interrupt count in UDB implementation if interrupt count feature is checked.*
 158:.\Generated_Source\PSoC5/Timer.c **** 
 159:.\Generated_Source\PSoC5/Timer.c ****         Timer_ClearFIFO();
 160:.\Generated_Source\PSoC5/Timer.c ****     #endif /* Configure additional features of UDB implementation */
 161:.\Generated_Source\PSoC5/Timer.c **** 
 162:.\Generated_Source\PSoC5/Timer.c ****     Timer_SetInterruptMode(Timer_INIT_INTERRUPT_MODE);
 163:.\Generated_Source\PSoC5/Timer.c **** }
 164:.\Generated_Source\PSoC5/Timer.c **** 
 165:.\Generated_Source\PSoC5/Timer.c **** 
 166:.\Generated_Source\PSoC5/Timer.c **** /*******************************************************************************
 167:.\Generated_Source\PSoC5/Timer.c **** * Function Name: Timer_Enable
 168:.\Generated_Source\PSoC5/Timer.c **** ********************************************************************************
 169:.\Generated_Source\PSoC5/Timer.c **** *
 170:.\Generated_Source\PSoC5/Timer.c **** * Summary:
 171:.\Generated_Source\PSoC5/Timer.c **** *  Enable the Timer
 172:.\Generated_Source\PSoC5/Timer.c **** *
 173:.\Generated_Source\PSoC5/Timer.c **** * Parameters:
 174:.\Generated_Source\PSoC5/Timer.c **** *  void
 175:.\Generated_Source\PSoC5/Timer.c **** *
 176:.\Generated_Source\PSoC5/Timer.c **** * Return:
 177:.\Generated_Source\PSoC5/Timer.c **** *  void
 178:.\Generated_Source\PSoC5/Timer.c **** *
 179:.\Generated_Source\PSoC5/Timer.c **** *******************************************************************************/
 180:.\Generated_Source\PSoC5/Timer.c **** void Timer_Enable(void) 
 181:.\Generated_Source\PSoC5/Timer.c **** {
  27              		.loc 1 181 0
  28              		.cfi_startproc
  29              		@ args = 0, pretend = 0, frame = 0
  30              		@ frame_needed = 0, uses_anonymous_args = 0
  31              		@ link register save eliminated.
 182:.\Generated_Source\PSoC5/Timer.c ****     /* Globally Enable the Fixed Function Block chosen */
 183:.\Generated_Source\PSoC5/Timer.c ****     #if (Timer_UsingFixedFunction)
 184:.\Generated_Source\PSoC5/Timer.c ****         Timer_GLOBAL_ENABLE |= Timer_BLOCK_EN_MASK;
  32              		.loc 1 184 0
  33 0000 084A     		ldr	r2, .L2
  34 0002 1378     		ldrb	r3, [r2]	@ zero_extendqisi2
  35 0004 43F00203 		orr	r3, r3, #2
  36 0008 1370     		strb	r3, [r2]
 185:.\Generated_Source\PSoC5/Timer.c ****         Timer_GLOBAL_STBY_ENABLE |= Timer_BLOCK_STBY_EN_MASK;
  37              		.loc 1 185 0
  38 000a 1032     		adds	r2, r2, #16
  39 000c 1378     		ldrb	r3, [r2]	@ zero_extendqisi2
  40 000e 43F00203 		orr	r3, r3, #2
  41 0012 1370     		strb	r3, [r2]
 186:.\Generated_Source\PSoC5/Timer.c ****     #endif /* Set Enable bit for enabling Fixed function timer*/
 187:.\Generated_Source\PSoC5/Timer.c **** 
ARM GAS  C:\Users\mitchell\AppData\Local\Temp\ccOevoxb.s 			page 5


 188:.\Generated_Source\PSoC5/Timer.c ****     /* Remove assignment if control register is removed */
 189:.\Generated_Source\PSoC5/Timer.c ****     #if (!Timer_UDB_CONTROL_REG_REMOVED || Timer_UsingFixedFunction)
 190:.\Generated_Source\PSoC5/Timer.c ****         Timer_CONTROL |= Timer_CTRL_ENABLE;
  42              		.loc 1 190 0
  43 0014 02F65932 		addw	r2, r2, #2905
  44 0018 1378     		ldrb	r3, [r2]	@ zero_extendqisi2
  45 001a 43F00103 		orr	r3, r3, #1
  46 001e 1370     		strb	r3, [r2]
  47 0020 7047     		bx	lr
  48              	.L3:
  49 0022 00BF     		.align	2
  50              	.L2:
  51 0024 A3430040 		.word	1073759139
  52              		.cfi_endproc
  53              	.LFE1:
  54              		.size	Timer_Enable, .-Timer_Enable
  55              		.section	.text.Timer_Stop,"ax",%progbits
  56              		.align	2
  57              		.global	Timer_Stop
  58              		.thumb
  59              		.thumb_func
  60              		.type	Timer_Stop, %function
  61              	Timer_Stop:
  62              	.LFB3:
 191:.\Generated_Source\PSoC5/Timer.c ****     #endif /* Remove assignment if control register is removed */
 192:.\Generated_Source\PSoC5/Timer.c **** }
 193:.\Generated_Source\PSoC5/Timer.c **** 
 194:.\Generated_Source\PSoC5/Timer.c **** 
 195:.\Generated_Source\PSoC5/Timer.c **** /*******************************************************************************
 196:.\Generated_Source\PSoC5/Timer.c **** * Function Name: Timer_Start
 197:.\Generated_Source\PSoC5/Timer.c **** ********************************************************************************
 198:.\Generated_Source\PSoC5/Timer.c **** *
 199:.\Generated_Source\PSoC5/Timer.c **** * Summary:
 200:.\Generated_Source\PSoC5/Timer.c **** *  The start function initializes the timer with the default values, the
 201:.\Generated_Source\PSoC5/Timer.c **** *  enables the timerto begin counting.  It does not enable interrupts,
 202:.\Generated_Source\PSoC5/Timer.c **** *  the EnableInt command should be called if interrupt generation is required.
 203:.\Generated_Source\PSoC5/Timer.c **** *
 204:.\Generated_Source\PSoC5/Timer.c **** * Parameters:
 205:.\Generated_Source\PSoC5/Timer.c **** *  void
 206:.\Generated_Source\PSoC5/Timer.c **** *
 207:.\Generated_Source\PSoC5/Timer.c **** * Return:
 208:.\Generated_Source\PSoC5/Timer.c **** *  void
 209:.\Generated_Source\PSoC5/Timer.c **** *
 210:.\Generated_Source\PSoC5/Timer.c **** * Global variables:
 211:.\Generated_Source\PSoC5/Timer.c **** *  Timer_initVar: Is modified when this function is called for the
 212:.\Generated_Source\PSoC5/Timer.c **** *   first time. Is used to ensure that initialization happens only once.
 213:.\Generated_Source\PSoC5/Timer.c **** *
 214:.\Generated_Source\PSoC5/Timer.c **** *******************************************************************************/
 215:.\Generated_Source\PSoC5/Timer.c **** void Timer_Start(void) 
 216:.\Generated_Source\PSoC5/Timer.c **** {
 217:.\Generated_Source\PSoC5/Timer.c ****     if(Timer_initVar == 0u)
 218:.\Generated_Source\PSoC5/Timer.c ****     {
 219:.\Generated_Source\PSoC5/Timer.c ****         Timer_Init();
 220:.\Generated_Source\PSoC5/Timer.c **** 
 221:.\Generated_Source\PSoC5/Timer.c ****         Timer_initVar = 1u;   /* Clear this bit for Initialization */
 222:.\Generated_Source\PSoC5/Timer.c ****     }
 223:.\Generated_Source\PSoC5/Timer.c **** 
ARM GAS  C:\Users\mitchell\AppData\Local\Temp\ccOevoxb.s 			page 6


 224:.\Generated_Source\PSoC5/Timer.c ****     /* Enable the Timer */
 225:.\Generated_Source\PSoC5/Timer.c ****     Timer_Enable();
 226:.\Generated_Source\PSoC5/Timer.c **** }
 227:.\Generated_Source\PSoC5/Timer.c **** 
 228:.\Generated_Source\PSoC5/Timer.c **** 
 229:.\Generated_Source\PSoC5/Timer.c **** /*******************************************************************************
 230:.\Generated_Source\PSoC5/Timer.c **** * Function Name: Timer_Stop
 231:.\Generated_Source\PSoC5/Timer.c **** ********************************************************************************
 232:.\Generated_Source\PSoC5/Timer.c **** *
 233:.\Generated_Source\PSoC5/Timer.c **** * Summary:
 234:.\Generated_Source\PSoC5/Timer.c **** *  The stop function halts the timer, but does not change any modes or disable
 235:.\Generated_Source\PSoC5/Timer.c **** *  interrupts.
 236:.\Generated_Source\PSoC5/Timer.c **** *
 237:.\Generated_Source\PSoC5/Timer.c **** * Parameters:
 238:.\Generated_Source\PSoC5/Timer.c **** *  void
 239:.\Generated_Source\PSoC5/Timer.c **** *
 240:.\Generated_Source\PSoC5/Timer.c **** * Return:
 241:.\Generated_Source\PSoC5/Timer.c **** *  void
 242:.\Generated_Source\PSoC5/Timer.c **** *
 243:.\Generated_Source\PSoC5/Timer.c **** * Side Effects: If the Enable mode is set to Hardware only then this function
 244:.\Generated_Source\PSoC5/Timer.c **** *               has no effect on the operation of the timer.
 245:.\Generated_Source\PSoC5/Timer.c **** *
 246:.\Generated_Source\PSoC5/Timer.c **** *******************************************************************************/
 247:.\Generated_Source\PSoC5/Timer.c **** void Timer_Stop(void) 
 248:.\Generated_Source\PSoC5/Timer.c **** {
  63              		.loc 1 248 0
  64              		.cfi_startproc
  65              		@ args = 0, pretend = 0, frame = 0
  66              		@ frame_needed = 0, uses_anonymous_args = 0
  67              		@ link register save eliminated.
 249:.\Generated_Source\PSoC5/Timer.c ****     /* Disable Timer */
 250:.\Generated_Source\PSoC5/Timer.c ****     #if(!Timer_UDB_CONTROL_REG_REMOVED || Timer_UsingFixedFunction)
 251:.\Generated_Source\PSoC5/Timer.c ****         Timer_CONTROL &= ((uint8)(~Timer_CTRL_ENABLE));
  68              		.loc 1 251 0
  69 0000 084A     		ldr	r2, .L5
  70 0002 1378     		ldrb	r3, [r2]	@ zero_extendqisi2
  71 0004 03F0FE03 		and	r3, r3, #254
  72 0008 1370     		strb	r3, [r2]
 252:.\Generated_Source\PSoC5/Timer.c ****     #endif /* Remove assignment if control register is removed */
 253:.\Generated_Source\PSoC5/Timer.c **** 
 254:.\Generated_Source\PSoC5/Timer.c ****     /* Globally disable the Fixed Function Block chosen */
 255:.\Generated_Source\PSoC5/Timer.c ****     #if (Timer_UsingFixedFunction)
 256:.\Generated_Source\PSoC5/Timer.c ****         Timer_GLOBAL_ENABLE &= ((uint8)(~Timer_BLOCK_EN_MASK));
  73              		.loc 1 256 0
  74 000a A2F66932 		subw	r2, r2, #2921
  75 000e 1378     		ldrb	r3, [r2]	@ zero_extendqisi2
  76 0010 03F0FD03 		and	r3, r3, #253
  77 0014 1370     		strb	r3, [r2]
 257:.\Generated_Source\PSoC5/Timer.c ****         Timer_GLOBAL_STBY_ENABLE &= ((uint8)(~Timer_BLOCK_STBY_EN_MASK));
  78              		.loc 1 257 0
  79 0016 1032     		adds	r2, r2, #16
  80 0018 1378     		ldrb	r3, [r2]	@ zero_extendqisi2
  81 001a 03F0FD03 		and	r3, r3, #253
  82 001e 1370     		strb	r3, [r2]
  83 0020 7047     		bx	lr
  84              	.L6:
  85 0022 00BF     		.align	2
ARM GAS  C:\Users\mitchell\AppData\Local\Temp\ccOevoxb.s 			page 7


  86              	.L5:
  87 0024 0C4F0040 		.word	1073762060
  88              		.cfi_endproc
  89              	.LFE3:
  90              		.size	Timer_Stop, .-Timer_Stop
  91              		.section	.text.Timer_SetInterruptMode,"ax",%progbits
  92              		.align	2
  93              		.global	Timer_SetInterruptMode
  94              		.thumb
  95              		.thumb_func
  96              		.type	Timer_SetInterruptMode, %function
  97              	Timer_SetInterruptMode:
  98              	.LFB4:
 258:.\Generated_Source\PSoC5/Timer.c ****     #endif /* Disable global enable for the Timer Fixed function block to stop the Timer*/
 259:.\Generated_Source\PSoC5/Timer.c **** }
 260:.\Generated_Source\PSoC5/Timer.c **** 
 261:.\Generated_Source\PSoC5/Timer.c **** 
 262:.\Generated_Source\PSoC5/Timer.c **** /*******************************************************************************
 263:.\Generated_Source\PSoC5/Timer.c **** * Function Name: Timer_SetInterruptMode
 264:.\Generated_Source\PSoC5/Timer.c **** ********************************************************************************
 265:.\Generated_Source\PSoC5/Timer.c **** *
 266:.\Generated_Source\PSoC5/Timer.c **** * Summary:
 267:.\Generated_Source\PSoC5/Timer.c **** *  This function selects which of the interrupt inputs may cause an interrupt.
 268:.\Generated_Source\PSoC5/Timer.c **** *  The twosources are caputure and terminal.  One, both or neither may
 269:.\Generated_Source\PSoC5/Timer.c **** *  be selected.
 270:.\Generated_Source\PSoC5/Timer.c **** *
 271:.\Generated_Source\PSoC5/Timer.c **** * Parameters:
 272:.\Generated_Source\PSoC5/Timer.c **** *  interruptMode:   This parameter is used to enable interrups on either/or
 273:.\Generated_Source\PSoC5/Timer.c **** *                   terminal count or capture.
 274:.\Generated_Source\PSoC5/Timer.c **** *
 275:.\Generated_Source\PSoC5/Timer.c **** * Return:
 276:.\Generated_Source\PSoC5/Timer.c **** *  void
 277:.\Generated_Source\PSoC5/Timer.c **** *
 278:.\Generated_Source\PSoC5/Timer.c **** *******************************************************************************/
 279:.\Generated_Source\PSoC5/Timer.c **** void Timer_SetInterruptMode(uint8 interruptMode) 
 280:.\Generated_Source\PSoC5/Timer.c **** {
  99              		.loc 1 280 0
 100              		.cfi_startproc
 101              		@ args = 0, pretend = 0, frame = 0
 102              		@ frame_needed = 0, uses_anonymous_args = 0
 103              		@ link register save eliminated.
 104              	.LVL0:
 281:.\Generated_Source\PSoC5/Timer.c ****     Timer_STATUS_MASK = interruptMode;
 105              		.loc 1 281 0
 106 0000 014B     		ldr	r3, .L8
 107 0002 1870     		strb	r0, [r3]
 108 0004 7047     		bx	lr
 109              	.L9:
 110 0006 00BF     		.align	2
 111              	.L8:
 112 0008 0F4F0040 		.word	1073762063
 113              		.cfi_endproc
 114              	.LFE4:
 115              		.size	Timer_SetInterruptMode, .-Timer_SetInterruptMode
 116              		.section	.text.Timer_SoftwareCapture,"ax",%progbits
 117              		.align	2
 118              		.global	Timer_SoftwareCapture
ARM GAS  C:\Users\mitchell\AppData\Local\Temp\ccOevoxb.s 			page 8


 119              		.thumb
 120              		.thumb_func
 121              		.type	Timer_SoftwareCapture, %function
 122              	Timer_SoftwareCapture:
 123              	.LFB5:
 282:.\Generated_Source\PSoC5/Timer.c **** }
 283:.\Generated_Source\PSoC5/Timer.c **** 
 284:.\Generated_Source\PSoC5/Timer.c **** 
 285:.\Generated_Source\PSoC5/Timer.c **** /*******************************************************************************
 286:.\Generated_Source\PSoC5/Timer.c **** * Function Name: Timer_SoftwareCapture
 287:.\Generated_Source\PSoC5/Timer.c **** ********************************************************************************
 288:.\Generated_Source\PSoC5/Timer.c **** *
 289:.\Generated_Source\PSoC5/Timer.c **** * Summary:
 290:.\Generated_Source\PSoC5/Timer.c **** *  This function forces a capture independent of the capture signal.
 291:.\Generated_Source\PSoC5/Timer.c **** *
 292:.\Generated_Source\PSoC5/Timer.c **** * Parameters:
 293:.\Generated_Source\PSoC5/Timer.c **** *  void
 294:.\Generated_Source\PSoC5/Timer.c **** *
 295:.\Generated_Source\PSoC5/Timer.c **** * Return:
 296:.\Generated_Source\PSoC5/Timer.c **** *  void
 297:.\Generated_Source\PSoC5/Timer.c **** *
 298:.\Generated_Source\PSoC5/Timer.c **** * Side Effects:
 299:.\Generated_Source\PSoC5/Timer.c **** *  An existing hardware capture could be overwritten.
 300:.\Generated_Source\PSoC5/Timer.c **** *
 301:.\Generated_Source\PSoC5/Timer.c **** *******************************************************************************/
 302:.\Generated_Source\PSoC5/Timer.c **** void Timer_SoftwareCapture(void) 
 303:.\Generated_Source\PSoC5/Timer.c **** {
 124              		.loc 1 303 0
 125              		.cfi_startproc
 126              		@ args = 0, pretend = 0, frame = 0
 127              		@ frame_needed = 0, uses_anonymous_args = 0
 128              		@ link register save eliminated.
 304:.\Generated_Source\PSoC5/Timer.c ****     /* Generate a software capture by reading the counter register */
 305:.\Generated_Source\PSoC5/Timer.c ****     #if(Timer_UsingFixedFunction)
 306:.\Generated_Source\PSoC5/Timer.c ****         (void)CY_GET_REG16(Timer_COUNTER_LSB_PTR);
 129              		.loc 1 306 0
 130 0000 014B     		ldr	r3, .L11
 131 0002 1B88     		ldrh	r3, [r3]
 132 0004 7047     		bx	lr
 133              	.L12:
 134 0006 00BF     		.align	2
 135              	.L11:
 136 0008 124F0040 		.word	1073762066
 137              		.cfi_endproc
 138              	.LFE5:
 139              		.size	Timer_SoftwareCapture, .-Timer_SoftwareCapture
 140              		.section	.text.Timer_ReadStatusRegister,"ax",%progbits
 141              		.align	2
 142              		.global	Timer_ReadStatusRegister
 143              		.thumb
 144              		.thumb_func
 145              		.type	Timer_ReadStatusRegister, %function
 146              	Timer_ReadStatusRegister:
 147              	.LFB6:
 307:.\Generated_Source\PSoC5/Timer.c ****     #else
 308:.\Generated_Source\PSoC5/Timer.c ****         (void)CY_GET_REG8(Timer_COUNTER_LSB_PTR_8BIT);
 309:.\Generated_Source\PSoC5/Timer.c ****     #endif/* (Timer_UsingFixedFunction) */
ARM GAS  C:\Users\mitchell\AppData\Local\Temp\ccOevoxb.s 			page 9


 310:.\Generated_Source\PSoC5/Timer.c ****     /* Capture Data is now in the FIFO */
 311:.\Generated_Source\PSoC5/Timer.c **** }
 312:.\Generated_Source\PSoC5/Timer.c **** 
 313:.\Generated_Source\PSoC5/Timer.c **** 
 314:.\Generated_Source\PSoC5/Timer.c **** /*******************************************************************************
 315:.\Generated_Source\PSoC5/Timer.c **** * Function Name: Timer_ReadStatusRegister
 316:.\Generated_Source\PSoC5/Timer.c **** ********************************************************************************
 317:.\Generated_Source\PSoC5/Timer.c **** *
 318:.\Generated_Source\PSoC5/Timer.c **** * Summary:
 319:.\Generated_Source\PSoC5/Timer.c **** *  Reads the status register and returns it's state. This function should use
 320:.\Generated_Source\PSoC5/Timer.c **** *  defined types for the bit-field information as the bits in this register may
 321:.\Generated_Source\PSoC5/Timer.c **** *  be permuteable.
 322:.\Generated_Source\PSoC5/Timer.c **** *
 323:.\Generated_Source\PSoC5/Timer.c **** * Parameters:
 324:.\Generated_Source\PSoC5/Timer.c **** *  void
 325:.\Generated_Source\PSoC5/Timer.c **** *
 326:.\Generated_Source\PSoC5/Timer.c **** * Return:
 327:.\Generated_Source\PSoC5/Timer.c **** *  The contents of the status register
 328:.\Generated_Source\PSoC5/Timer.c **** *
 329:.\Generated_Source\PSoC5/Timer.c **** * Side Effects:
 330:.\Generated_Source\PSoC5/Timer.c **** *  Status register bits may be clear on read.
 331:.\Generated_Source\PSoC5/Timer.c **** *
 332:.\Generated_Source\PSoC5/Timer.c **** *******************************************************************************/
 333:.\Generated_Source\PSoC5/Timer.c **** uint8   Timer_ReadStatusRegister(void) 
 334:.\Generated_Source\PSoC5/Timer.c **** {
 148              		.loc 1 334 0
 149              		.cfi_startproc
 150              		@ args = 0, pretend = 0, frame = 0
 151              		@ frame_needed = 0, uses_anonymous_args = 0
 152              		@ link register save eliminated.
 335:.\Generated_Source\PSoC5/Timer.c ****     return (Timer_STATUS);
 153              		.loc 1 335 0
 154 0000 014B     		ldr	r3, .L14
 155 0002 1878     		ldrb	r0, [r3]	@ zero_extendqisi2
 336:.\Generated_Source\PSoC5/Timer.c **** }
 156              		.loc 1 336 0
 157 0004 7047     		bx	lr
 158              	.L15:
 159 0006 00BF     		.align	2
 160              	.L14:
 161 0008 0F4F0040 		.word	1073762063
 162              		.cfi_endproc
 163              	.LFE6:
 164              		.size	Timer_ReadStatusRegister, .-Timer_ReadStatusRegister
 165              		.section	.text.Timer_ReadControlRegister,"ax",%progbits
 166              		.align	2
 167              		.global	Timer_ReadControlRegister
 168              		.thumb
 169              		.thumb_func
 170              		.type	Timer_ReadControlRegister, %function
 171              	Timer_ReadControlRegister:
 172              	.LFB7:
 337:.\Generated_Source\PSoC5/Timer.c **** 
 338:.\Generated_Source\PSoC5/Timer.c **** 
 339:.\Generated_Source\PSoC5/Timer.c **** #if (!Timer_UDB_CONTROL_REG_REMOVED) /* Remove API if control register is unused */
 340:.\Generated_Source\PSoC5/Timer.c **** 
 341:.\Generated_Source\PSoC5/Timer.c **** 
ARM GAS  C:\Users\mitchell\AppData\Local\Temp\ccOevoxb.s 			page 10


 342:.\Generated_Source\PSoC5/Timer.c **** /*******************************************************************************
 343:.\Generated_Source\PSoC5/Timer.c **** * Function Name: Timer_ReadControlRegister
 344:.\Generated_Source\PSoC5/Timer.c **** ********************************************************************************
 345:.\Generated_Source\PSoC5/Timer.c **** *
 346:.\Generated_Source\PSoC5/Timer.c **** * Summary:
 347:.\Generated_Source\PSoC5/Timer.c **** *  Reads the control register and returns it's value.
 348:.\Generated_Source\PSoC5/Timer.c **** *
 349:.\Generated_Source\PSoC5/Timer.c **** * Parameters:
 350:.\Generated_Source\PSoC5/Timer.c **** *  void
 351:.\Generated_Source\PSoC5/Timer.c **** *
 352:.\Generated_Source\PSoC5/Timer.c **** * Return:
 353:.\Generated_Source\PSoC5/Timer.c **** *  The contents of the control register
 354:.\Generated_Source\PSoC5/Timer.c **** *
 355:.\Generated_Source\PSoC5/Timer.c **** *******************************************************************************/
 356:.\Generated_Source\PSoC5/Timer.c **** uint8 Timer_ReadControlRegister(void) 
 357:.\Generated_Source\PSoC5/Timer.c **** {
 173              		.loc 1 357 0
 174              		.cfi_startproc
 175              		@ args = 0, pretend = 0, frame = 0
 176              		@ frame_needed = 0, uses_anonymous_args = 0
 177              		@ link register save eliminated.
 358:.\Generated_Source\PSoC5/Timer.c ****     #if (!Timer_UDB_CONTROL_REG_REMOVED) 
 359:.\Generated_Source\PSoC5/Timer.c ****         return ((uint8)Timer_CONTROL);
 178              		.loc 1 359 0
 179 0000 014B     		ldr	r3, .L17
 180 0002 1878     		ldrb	r0, [r3]	@ zero_extendqisi2
 360:.\Generated_Source\PSoC5/Timer.c ****     #else
 361:.\Generated_Source\PSoC5/Timer.c ****         return (0);
 362:.\Generated_Source\PSoC5/Timer.c ****     #endif /* (!Timer_UDB_CONTROL_REG_REMOVED) */
 363:.\Generated_Source\PSoC5/Timer.c **** }
 181              		.loc 1 363 0
 182 0004 7047     		bx	lr
 183              	.L18:
 184 0006 00BF     		.align	2
 185              	.L17:
 186 0008 0C4F0040 		.word	1073762060
 187              		.cfi_endproc
 188              	.LFE7:
 189              		.size	Timer_ReadControlRegister, .-Timer_ReadControlRegister
 190              		.section	.text.Timer_WriteControlRegister,"ax",%progbits
 191              		.align	2
 192              		.global	Timer_WriteControlRegister
 193              		.thumb
 194              		.thumb_func
 195              		.type	Timer_WriteControlRegister, %function
 196              	Timer_WriteControlRegister:
 197              	.LFB8:
 364:.\Generated_Source\PSoC5/Timer.c **** 
 365:.\Generated_Source\PSoC5/Timer.c **** 
 366:.\Generated_Source\PSoC5/Timer.c **** /*******************************************************************************
 367:.\Generated_Source\PSoC5/Timer.c **** * Function Name: Timer_WriteControlRegister
 368:.\Generated_Source\PSoC5/Timer.c **** ********************************************************************************
 369:.\Generated_Source\PSoC5/Timer.c **** *
 370:.\Generated_Source\PSoC5/Timer.c **** * Summary:
 371:.\Generated_Source\PSoC5/Timer.c **** *  Sets the bit-field of the control register.
 372:.\Generated_Source\PSoC5/Timer.c **** *
 373:.\Generated_Source\PSoC5/Timer.c **** * Parameters:
ARM GAS  C:\Users\mitchell\AppData\Local\Temp\ccOevoxb.s 			page 11


 374:.\Generated_Source\PSoC5/Timer.c **** *  control: The contents of the control register
 375:.\Generated_Source\PSoC5/Timer.c **** *
 376:.\Generated_Source\PSoC5/Timer.c **** * Return:
 377:.\Generated_Source\PSoC5/Timer.c **** *
 378:.\Generated_Source\PSoC5/Timer.c **** *******************************************************************************/
 379:.\Generated_Source\PSoC5/Timer.c **** void Timer_WriteControlRegister(uint8 control) 
 380:.\Generated_Source\PSoC5/Timer.c **** {
 198              		.loc 1 380 0
 199              		.cfi_startproc
 200              		@ args = 0, pretend = 0, frame = 0
 201              		@ frame_needed = 0, uses_anonymous_args = 0
 202              		@ link register save eliminated.
 203              	.LVL1:
 381:.\Generated_Source\PSoC5/Timer.c ****     #if (!Timer_UDB_CONTROL_REG_REMOVED) 
 382:.\Generated_Source\PSoC5/Timer.c ****         Timer_CONTROL = control;
 204              		.loc 1 382 0
 205 0000 014B     		ldr	r3, .L20
 206 0002 1870     		strb	r0, [r3]
 207 0004 7047     		bx	lr
 208              	.L21:
 209 0006 00BF     		.align	2
 210              	.L20:
 211 0008 0C4F0040 		.word	1073762060
 212              		.cfi_endproc
 213              	.LFE8:
 214              		.size	Timer_WriteControlRegister, .-Timer_WriteControlRegister
 215              		.section	.text.Timer_ReadPeriod,"ax",%progbits
 216              		.align	2
 217              		.global	Timer_ReadPeriod
 218              		.thumb
 219              		.thumb_func
 220              		.type	Timer_ReadPeriod, %function
 221              	Timer_ReadPeriod:
 222              	.LFB9:
 383:.\Generated_Source\PSoC5/Timer.c ****     #else
 384:.\Generated_Source\PSoC5/Timer.c ****         control = 0u;
 385:.\Generated_Source\PSoC5/Timer.c ****     #endif /* (!Timer_UDB_CONTROL_REG_REMOVED) */
 386:.\Generated_Source\PSoC5/Timer.c **** }
 387:.\Generated_Source\PSoC5/Timer.c **** 
 388:.\Generated_Source\PSoC5/Timer.c **** #endif /* Remove API if control register is unused */
 389:.\Generated_Source\PSoC5/Timer.c **** 
 390:.\Generated_Source\PSoC5/Timer.c **** 
 391:.\Generated_Source\PSoC5/Timer.c **** /*******************************************************************************
 392:.\Generated_Source\PSoC5/Timer.c **** * Function Name: Timer_ReadPeriod
 393:.\Generated_Source\PSoC5/Timer.c **** ********************************************************************************
 394:.\Generated_Source\PSoC5/Timer.c **** *
 395:.\Generated_Source\PSoC5/Timer.c **** * Summary:
 396:.\Generated_Source\PSoC5/Timer.c **** *  This function returns the current value of the Period.
 397:.\Generated_Source\PSoC5/Timer.c **** *
 398:.\Generated_Source\PSoC5/Timer.c **** * Parameters:
 399:.\Generated_Source\PSoC5/Timer.c **** *  void
 400:.\Generated_Source\PSoC5/Timer.c **** *
 401:.\Generated_Source\PSoC5/Timer.c **** * Return:
 402:.\Generated_Source\PSoC5/Timer.c **** *  The present value of the counter.
 403:.\Generated_Source\PSoC5/Timer.c **** *
 404:.\Generated_Source\PSoC5/Timer.c **** *******************************************************************************/
 405:.\Generated_Source\PSoC5/Timer.c **** uint16 Timer_ReadPeriod(void) 
ARM GAS  C:\Users\mitchell\AppData\Local\Temp\ccOevoxb.s 			page 12


 406:.\Generated_Source\PSoC5/Timer.c **** {
 223              		.loc 1 406 0
 224              		.cfi_startproc
 225              		@ args = 0, pretend = 0, frame = 0
 226              		@ frame_needed = 0, uses_anonymous_args = 0
 227              		@ link register save eliminated.
 407:.\Generated_Source\PSoC5/Timer.c ****    #if(Timer_UsingFixedFunction)
 408:.\Generated_Source\PSoC5/Timer.c ****        return ((uint16)CY_GET_REG16(Timer_PERIOD_LSB_PTR));
 228              		.loc 1 408 0
 229 0000 014B     		ldr	r3, .L23
 230 0002 1888     		ldrh	r0, [r3]
 409:.\Generated_Source\PSoC5/Timer.c ****    #else
 410:.\Generated_Source\PSoC5/Timer.c ****        return (CY_GET_REG16(Timer_PERIOD_LSB_PTR));
 411:.\Generated_Source\PSoC5/Timer.c ****    #endif /* (Timer_UsingFixedFunction) */
 412:.\Generated_Source\PSoC5/Timer.c **** }
 231              		.loc 1 412 0
 232 0004 80B2     		uxth	r0, r0
 233 0006 7047     		bx	lr
 234              	.L24:
 235              		.align	2
 236              	.L23:
 237 0008 104F0040 		.word	1073762064
 238              		.cfi_endproc
 239              	.LFE9:
 240              		.size	Timer_ReadPeriod, .-Timer_ReadPeriod
 241              		.section	.text.Timer_WritePeriod,"ax",%progbits
 242              		.align	2
 243              		.global	Timer_WritePeriod
 244              		.thumb
 245              		.thumb_func
 246              		.type	Timer_WritePeriod, %function
 247              	Timer_WritePeriod:
 248              	.LFB10:
 413:.\Generated_Source\PSoC5/Timer.c **** 
 414:.\Generated_Source\PSoC5/Timer.c **** 
 415:.\Generated_Source\PSoC5/Timer.c **** /*******************************************************************************
 416:.\Generated_Source\PSoC5/Timer.c **** * Function Name: Timer_WritePeriod
 417:.\Generated_Source\PSoC5/Timer.c **** ********************************************************************************
 418:.\Generated_Source\PSoC5/Timer.c **** *
 419:.\Generated_Source\PSoC5/Timer.c **** * Summary:
 420:.\Generated_Source\PSoC5/Timer.c **** *  This function is used to change the period of the counter.  The new period
 421:.\Generated_Source\PSoC5/Timer.c **** *  will be loaded the next time terminal count is detected.
 422:.\Generated_Source\PSoC5/Timer.c **** *
 423:.\Generated_Source\PSoC5/Timer.c **** * Parameters:
 424:.\Generated_Source\PSoC5/Timer.c **** *  period: This value may be between 1 and (2^Resolution)-1.  A value of 0 will
 425:.\Generated_Source\PSoC5/Timer.c **** *          result in the counter remaining at zero.
 426:.\Generated_Source\PSoC5/Timer.c **** *
 427:.\Generated_Source\PSoC5/Timer.c **** * Return:
 428:.\Generated_Source\PSoC5/Timer.c **** *  void
 429:.\Generated_Source\PSoC5/Timer.c **** *
 430:.\Generated_Source\PSoC5/Timer.c **** *******************************************************************************/
 431:.\Generated_Source\PSoC5/Timer.c **** void Timer_WritePeriod(uint16 period) 
 432:.\Generated_Source\PSoC5/Timer.c **** {
 249              		.loc 1 432 0
 250              		.cfi_startproc
 251              		@ args = 0, pretend = 0, frame = 0
 252              		@ frame_needed = 0, uses_anonymous_args = 0
ARM GAS  C:\Users\mitchell\AppData\Local\Temp\ccOevoxb.s 			page 13


 253              		@ link register save eliminated.
 254              	.LVL2:
 433:.\Generated_Source\PSoC5/Timer.c ****     #if(Timer_UsingFixedFunction)
 434:.\Generated_Source\PSoC5/Timer.c ****         uint16 period_temp = (uint16)period;
 435:.\Generated_Source\PSoC5/Timer.c ****         CY_SET_REG16(Timer_PERIOD_LSB_PTR, period_temp);
 255              		.loc 1 435 0
 256 0000 014B     		ldr	r3, .L26
 257 0002 1880     		strh	r0, [r3]	@ movhi
 258 0004 7047     		bx	lr
 259              	.L27:
 260 0006 00BF     		.align	2
 261              	.L26:
 262 0008 104F0040 		.word	1073762064
 263              		.cfi_endproc
 264              	.LFE10:
 265              		.size	Timer_WritePeriod, .-Timer_WritePeriod
 266              		.section	.text.Timer_ReadCapture,"ax",%progbits
 267              		.align	2
 268              		.global	Timer_ReadCapture
 269              		.thumb
 270              		.thumb_func
 271              		.type	Timer_ReadCapture, %function
 272              	Timer_ReadCapture:
 273              	.LFB11:
 436:.\Generated_Source\PSoC5/Timer.c ****     #else
 437:.\Generated_Source\PSoC5/Timer.c ****         CY_SET_REG16(Timer_PERIOD_LSB_PTR, period);
 438:.\Generated_Source\PSoC5/Timer.c ****     #endif /*Write Period value with appropriate resolution suffix depending on UDB or fixed functi
 439:.\Generated_Source\PSoC5/Timer.c **** }
 440:.\Generated_Source\PSoC5/Timer.c **** 
 441:.\Generated_Source\PSoC5/Timer.c **** 
 442:.\Generated_Source\PSoC5/Timer.c **** /*******************************************************************************
 443:.\Generated_Source\PSoC5/Timer.c **** * Function Name: Timer_ReadCapture
 444:.\Generated_Source\PSoC5/Timer.c **** ********************************************************************************
 445:.\Generated_Source\PSoC5/Timer.c **** *
 446:.\Generated_Source\PSoC5/Timer.c **** * Summary:
 447:.\Generated_Source\PSoC5/Timer.c **** *  This function returns the last value captured.
 448:.\Generated_Source\PSoC5/Timer.c **** *
 449:.\Generated_Source\PSoC5/Timer.c **** * Parameters:
 450:.\Generated_Source\PSoC5/Timer.c **** *  void
 451:.\Generated_Source\PSoC5/Timer.c **** *
 452:.\Generated_Source\PSoC5/Timer.c **** * Return:
 453:.\Generated_Source\PSoC5/Timer.c **** *  Present Capture value.
 454:.\Generated_Source\PSoC5/Timer.c **** *
 455:.\Generated_Source\PSoC5/Timer.c **** *******************************************************************************/
 456:.\Generated_Source\PSoC5/Timer.c **** uint16 Timer_ReadCapture(void) 
 457:.\Generated_Source\PSoC5/Timer.c **** {
 274              		.loc 1 457 0
 275              		.cfi_startproc
 276              		@ args = 0, pretend = 0, frame = 0
 277              		@ frame_needed = 0, uses_anonymous_args = 0
 278              		@ link register save eliminated.
 458:.\Generated_Source\PSoC5/Timer.c ****    #if(Timer_UsingFixedFunction)
 459:.\Generated_Source\PSoC5/Timer.c ****        return ((uint16)CY_GET_REG16(Timer_CAPTURE_LSB_PTR));
 279              		.loc 1 459 0
 280 0000 014B     		ldr	r3, .L29
 281 0002 1888     		ldrh	r0, [r3]
 460:.\Generated_Source\PSoC5/Timer.c ****    #else
ARM GAS  C:\Users\mitchell\AppData\Local\Temp\ccOevoxb.s 			page 14


 461:.\Generated_Source\PSoC5/Timer.c ****        return (CY_GET_REG16(Timer_CAPTURE_LSB_PTR));
 462:.\Generated_Source\PSoC5/Timer.c ****    #endif /* (Timer_UsingFixedFunction) */
 463:.\Generated_Source\PSoC5/Timer.c **** }
 282              		.loc 1 463 0
 283 0004 80B2     		uxth	r0, r0
 284 0006 7047     		bx	lr
 285              	.L30:
 286              		.align	2
 287              	.L29:
 288 0008 144F0040 		.word	1073762068
 289              		.cfi_endproc
 290              	.LFE11:
 291              		.size	Timer_ReadCapture, .-Timer_ReadCapture
 292              		.section	.text.Timer_WriteCounter,"ax",%progbits
 293              		.align	2
 294              		.global	Timer_WriteCounter
 295              		.thumb
 296              		.thumb_func
 297              		.type	Timer_WriteCounter, %function
 298              	Timer_WriteCounter:
 299              	.LFB12:
 464:.\Generated_Source\PSoC5/Timer.c **** 
 465:.\Generated_Source\PSoC5/Timer.c **** 
 466:.\Generated_Source\PSoC5/Timer.c **** /*******************************************************************************
 467:.\Generated_Source\PSoC5/Timer.c **** * Function Name: Timer_WriteCounter
 468:.\Generated_Source\PSoC5/Timer.c **** ********************************************************************************
 469:.\Generated_Source\PSoC5/Timer.c **** *
 470:.\Generated_Source\PSoC5/Timer.c **** * Summary:
 471:.\Generated_Source\PSoC5/Timer.c **** *  This funtion is used to set the counter to a specific value
 472:.\Generated_Source\PSoC5/Timer.c **** *
 473:.\Generated_Source\PSoC5/Timer.c **** * Parameters:
 474:.\Generated_Source\PSoC5/Timer.c **** *  counter:  New counter value.
 475:.\Generated_Source\PSoC5/Timer.c **** *
 476:.\Generated_Source\PSoC5/Timer.c **** * Return:
 477:.\Generated_Source\PSoC5/Timer.c **** *  void
 478:.\Generated_Source\PSoC5/Timer.c **** *
 479:.\Generated_Source\PSoC5/Timer.c **** *******************************************************************************/
 480:.\Generated_Source\PSoC5/Timer.c **** void Timer_WriteCounter(uint16 counter) 
 481:.\Generated_Source\PSoC5/Timer.c **** {
 300              		.loc 1 481 0
 301              		.cfi_startproc
 302              		@ args = 0, pretend = 0, frame = 0
 303              		@ frame_needed = 0, uses_anonymous_args = 0
 304              		@ link register save eliminated.
 305              	.LVL3:
 482:.\Generated_Source\PSoC5/Timer.c ****    #if(Timer_UsingFixedFunction)
 483:.\Generated_Source\PSoC5/Timer.c ****         /* This functionality is removed until a FixedFunction HW update to
 484:.\Generated_Source\PSoC5/Timer.c ****          * allow this register to be written
 485:.\Generated_Source\PSoC5/Timer.c ****          */
 486:.\Generated_Source\PSoC5/Timer.c ****         CY_SET_REG16(Timer_COUNTER_LSB_PTR, (uint16)counter);
 306              		.loc 1 486 0
 307 0000 014B     		ldr	r3, .L32
 308 0002 1880     		strh	r0, [r3]	@ movhi
 309 0004 7047     		bx	lr
 310              	.L33:
 311 0006 00BF     		.align	2
 312              	.L32:
ARM GAS  C:\Users\mitchell\AppData\Local\Temp\ccOevoxb.s 			page 15


 313 0008 124F0040 		.word	1073762066
 314              		.cfi_endproc
 315              	.LFE12:
 316              		.size	Timer_WriteCounter, .-Timer_WriteCounter
 317              		.section	.text.Timer_Init,"ax",%progbits
 318              		.align	2
 319              		.global	Timer_Init
 320              		.thumb
 321              		.thumb_func
 322              		.type	Timer_Init, %function
 323              	Timer_Init:
 324              	.LFB0:
  44:.\Generated_Source\PSoC5/Timer.c ****     #if(!Timer_UsingFixedFunction)
 325              		.loc 1 44 0
 326              		.cfi_startproc
 327              		@ args = 0, pretend = 0, frame = 0
 328              		@ frame_needed = 0, uses_anonymous_args = 0
 329 0000 08B5     		push	{r3, lr}
 330              		.cfi_def_cfa_offset 8
 331              		.cfi_offset 3, -8
 332              		.cfi_offset 14, -4
  52:.\Generated_Source\PSoC5/Timer.c **** 
 333              		.loc 1 52 0
 334 0002 164A     		ldr	r2, .L36
 335 0004 1378     		ldrb	r3, [r2]	@ zero_extendqisi2
 336 0006 03F00103 		and	r3, r3, #1
 337 000a 1370     		strb	r3, [r2]
  60:.\Generated_Source\PSoC5/Timer.c ****         #endif /* CONTROL3 register exists only in PSoC3 OR PSoC5LP */
 338              		.loc 1 60 0
 339 000c 0232     		adds	r2, r2, #2
 340 000e 1378     		ldrb	r3, [r2]	@ zero_extendqisi2
 341 0010 03F0FC03 		and	r3, r3, #252
 342 0014 1370     		strb	r3, [r2]
 106:.\Generated_Source\PSoC5/Timer.c ****         Timer_RT1 |= Timer_SYNC;
 343              		.loc 1 106 0
 344 0016 124B     		ldr	r3, .L36+4
 345 0018 1A78     		ldrb	r2, [r3]	@ zero_extendqisi2
 346 001a 02F0CF02 		and	r2, r2, #207
 347 001e 1A70     		strb	r2, [r3]
 107:.\Generated_Source\PSoC5/Timer.c **** 
 348              		.loc 1 107 0
 349 0020 1A78     		ldrb	r2, [r3]	@ zero_extendqisi2
 350 0022 42F03002 		orr	r2, r2, #48
 351 0026 1A70     		strb	r2, [r3]
 110:.\Generated_Source\PSoC5/Timer.c ****         Timer_RT1 |= Timer_SYNCDSI_EN;
 352              		.loc 1 110 0
 353 0028 1A78     		ldrb	r2, [r3]	@ zero_extendqisi2
 354 002a 02F0F002 		and	r2, r2, #240
 355 002e 1A70     		strb	r2, [r3]
 111:.\Generated_Source\PSoC5/Timer.c **** 
 356              		.loc 1 111 0
 357 0030 1A78     		ldrb	r2, [r3]	@ zero_extendqisi2
 358 0032 42F00F02 		orr	r2, r2, #15
 359 0036 1A70     		strb	r2, [r3]
 114:.\Generated_Source\PSoC5/Timer.c ****     #endif /* Configuring registers of fixed function implementation */
 360              		.loc 1 114 0
 361 0038 0A4A     		ldr	r2, .L36+8
ARM GAS  C:\Users\mitchell\AppData\Local\Temp\ccOevoxb.s 			page 16


 362 003a 1378     		ldrb	r3, [r2]	@ zero_extendqisi2
 363 003c 43F00103 		orr	r3, r3, #1
 364 0040 1370     		strb	r3, [r2]
 118:.\Generated_Source\PSoC5/Timer.c ****     Timer_WriteCounter(Timer_INIT_PERIOD);
 365              		.loc 1 118 0
 366 0042 4FF6FF70 		movw	r0, #65535
 367 0046 FFF7FEFF 		bl	Timer_WritePeriod
 368              	.LVL4:
 119:.\Generated_Source\PSoC5/Timer.c **** 
 369              		.loc 1 119 0
 370 004a 4FF6FF70 		movw	r0, #65535
 371 004e FFF7FEFF 		bl	Timer_WriteCounter
 372              	.LVL5:
 162:.\Generated_Source\PSoC5/Timer.c **** }
 373              		.loc 1 162 0
 374 0052 0820     		movs	r0, #8
 375 0054 FFF7FEFF 		bl	Timer_SetInterruptMode
 376              	.LVL6:
 377 0058 08BD     		pop	{r3, pc}
 378              	.L37:
 379 005a 00BF     		.align	2
 380              	.L36:
 381 005c 0C4F0040 		.word	1073762060
 382 0060 174F0040 		.word	1073762071
 383 0064 0D4F0040 		.word	1073762061
 384              		.cfi_endproc
 385              	.LFE0:
 386              		.size	Timer_Init, .-Timer_Init
 387              		.section	.text.Timer_Start,"ax",%progbits
 388              		.align	2
 389              		.global	Timer_Start
 390              		.thumb
 391              		.thumb_func
 392              		.type	Timer_Start, %function
 393              	Timer_Start:
 394              	.LFB2:
 216:.\Generated_Source\PSoC5/Timer.c ****     if(Timer_initVar == 0u)
 395              		.loc 1 216 0
 396              		.cfi_startproc
 397              		@ args = 0, pretend = 0, frame = 0
 398              		@ frame_needed = 0, uses_anonymous_args = 0
 399 0000 08B5     		push	{r3, lr}
 400              		.cfi_def_cfa_offset 8
 401              		.cfi_offset 3, -8
 402              		.cfi_offset 14, -4
 217:.\Generated_Source\PSoC5/Timer.c ****     {
 403              		.loc 1 217 0
 404 0002 054B     		ldr	r3, .L41
 405 0004 1B78     		ldrb	r3, [r3]	@ zero_extendqisi2
 406 0006 23B9     		cbnz	r3, .L39
 219:.\Generated_Source\PSoC5/Timer.c **** 
 407              		.loc 1 219 0
 408 0008 FFF7FEFF 		bl	Timer_Init
 409              	.LVL7:
 221:.\Generated_Source\PSoC5/Timer.c ****     }
 410              		.loc 1 221 0
 411 000c 0122     		movs	r2, #1
ARM GAS  C:\Users\mitchell\AppData\Local\Temp\ccOevoxb.s 			page 17


 412 000e 024B     		ldr	r3, .L41
 413 0010 1A70     		strb	r2, [r3]
 414              	.L39:
 225:.\Generated_Source\PSoC5/Timer.c **** }
 415              		.loc 1 225 0
 416 0012 FFF7FEFF 		bl	Timer_Enable
 417              	.LVL8:
 418 0016 08BD     		pop	{r3, pc}
 419              	.L42:
 420              		.align	2
 421              	.L41:
 422 0018 00000000 		.word	.LANCHOR0
 423              		.cfi_endproc
 424              	.LFE2:
 425              		.size	Timer_Start, .-Timer_Start
 426              		.section	.text.Timer_ReadCounter,"ax",%progbits
 427              		.align	2
 428              		.global	Timer_ReadCounter
 429              		.thumb
 430              		.thumb_func
 431              		.type	Timer_ReadCounter, %function
 432              	Timer_ReadCounter:
 433              	.LFB13:
 487:.\Generated_Source\PSoC5/Timer.c ****         
 488:.\Generated_Source\PSoC5/Timer.c ****     #else
 489:.\Generated_Source\PSoC5/Timer.c ****         CY_SET_REG16(Timer_COUNTER_LSB_PTR, counter);
 490:.\Generated_Source\PSoC5/Timer.c ****     #endif /* Set Write Counter only for the UDB implementation (Write Counter not available in fix
 491:.\Generated_Source\PSoC5/Timer.c **** }
 492:.\Generated_Source\PSoC5/Timer.c **** 
 493:.\Generated_Source\PSoC5/Timer.c **** 
 494:.\Generated_Source\PSoC5/Timer.c **** /*******************************************************************************
 495:.\Generated_Source\PSoC5/Timer.c **** * Function Name: Timer_ReadCounter
 496:.\Generated_Source\PSoC5/Timer.c **** ********************************************************************************
 497:.\Generated_Source\PSoC5/Timer.c **** *
 498:.\Generated_Source\PSoC5/Timer.c **** * Summary:
 499:.\Generated_Source\PSoC5/Timer.c **** *  This function returns the current counter value.
 500:.\Generated_Source\PSoC5/Timer.c **** *
 501:.\Generated_Source\PSoC5/Timer.c **** * Parameters:
 502:.\Generated_Source\PSoC5/Timer.c **** *  void
 503:.\Generated_Source\PSoC5/Timer.c **** *
 504:.\Generated_Source\PSoC5/Timer.c **** * Return:
 505:.\Generated_Source\PSoC5/Timer.c **** *  Present compare value.
 506:.\Generated_Source\PSoC5/Timer.c **** *
 507:.\Generated_Source\PSoC5/Timer.c **** *******************************************************************************/
 508:.\Generated_Source\PSoC5/Timer.c **** uint16 Timer_ReadCounter(void) 
 509:.\Generated_Source\PSoC5/Timer.c **** {
 434              		.loc 1 509 0
 435              		.cfi_startproc
 436              		@ args = 0, pretend = 0, frame = 0
 437              		@ frame_needed = 0, uses_anonymous_args = 0
 438              		@ link register save eliminated.
 510:.\Generated_Source\PSoC5/Timer.c ****     /* Force capture by reading Accumulator */
 511:.\Generated_Source\PSoC5/Timer.c ****     /* Must first do a software capture to be able to read the counter */
 512:.\Generated_Source\PSoC5/Timer.c ****     /* It is up to the user code to make sure there isn't already captured data in the FIFO */
 513:.\Generated_Source\PSoC5/Timer.c ****     #if(Timer_UsingFixedFunction)
 514:.\Generated_Source\PSoC5/Timer.c ****         (void)CY_GET_REG16(Timer_COUNTER_LSB_PTR);
 439              		.loc 1 514 0
ARM GAS  C:\Users\mitchell\AppData\Local\Temp\ccOevoxb.s 			page 18


 440 0000 024B     		ldr	r3, .L44
 441 0002 1B88     		ldrh	r3, [r3]
 515:.\Generated_Source\PSoC5/Timer.c ****     #else
 516:.\Generated_Source\PSoC5/Timer.c ****         (void)CY_GET_REG8(Timer_COUNTER_LSB_PTR_8BIT);
 517:.\Generated_Source\PSoC5/Timer.c ****     #endif/* (Timer_UsingFixedFunction) */
 518:.\Generated_Source\PSoC5/Timer.c **** 
 519:.\Generated_Source\PSoC5/Timer.c ****     /* Read the data from the FIFO (or capture register for Fixed Function)*/
 520:.\Generated_Source\PSoC5/Timer.c ****     #if(Timer_UsingFixedFunction)
 521:.\Generated_Source\PSoC5/Timer.c ****         return ((uint16)CY_GET_REG16(Timer_CAPTURE_LSB_PTR));
 442              		.loc 1 521 0
 443 0004 024B     		ldr	r3, .L44+4
 444 0006 1888     		ldrh	r0, [r3]
 522:.\Generated_Source\PSoC5/Timer.c ****     #else
 523:.\Generated_Source\PSoC5/Timer.c ****         return (CY_GET_REG16(Timer_CAPTURE_LSB_PTR));
 524:.\Generated_Source\PSoC5/Timer.c ****     #endif /* (Timer_UsingFixedFunction) */
 525:.\Generated_Source\PSoC5/Timer.c **** }
 445              		.loc 1 525 0
 446 0008 80B2     		uxth	r0, r0
 447 000a 7047     		bx	lr
 448              	.L45:
 449              		.align	2
 450              	.L44:
 451 000c 124F0040 		.word	1073762066
 452 0010 144F0040 		.word	1073762068
 453              		.cfi_endproc
 454              	.LFE13:
 455              		.size	Timer_ReadCounter, .-Timer_ReadCounter
 456              		.global	Timer_initVar
 457              		.bss
 458              		.set	.LANCHOR0,. + 0
 459              		.type	Timer_initVar, %object
 460              		.size	Timer_initVar, 1
 461              	Timer_initVar:
 462 0000 00       		.space	1
 463              		.text
 464              	.Letext0:
 465              		.file 2 ".\\Generated_Source\\PSoC5\\cytypes.h"
 466              		.section	.debug_info,"",%progbits
 467              	.Ldebug_info0:
 468 0000 86020000 		.4byte	0x286
 469 0004 0400     		.2byte	0x4
 470 0006 00000000 		.4byte	.Ldebug_abbrev0
 471 000a 04       		.byte	0x4
 472 000b 01       		.uleb128 0x1
 473 000c 81010000 		.4byte	.LASF35
 474 0010 01       		.byte	0x1
 475 0011 40020000 		.4byte	.LASF36
 476 0015 72000000 		.4byte	.LASF37
 477 0019 00000000 		.4byte	.Ldebug_ranges0+0
 478 001d 00000000 		.4byte	0
 479 0021 00000000 		.4byte	.Ldebug_line0
 480 0025 02       		.uleb128 0x2
 481 0026 01       		.byte	0x1
 482 0027 06       		.byte	0x6
 483 0028 C4020000 		.4byte	.LASF0
 484 002c 02       		.uleb128 0x2
 485 002d 01       		.byte	0x1
ARM GAS  C:\Users\mitchell\AppData\Local\Temp\ccOevoxb.s 			page 19


 486 002e 08       		.byte	0x8
 487 002f 64000000 		.4byte	.LASF1
 488 0033 02       		.uleb128 0x2
 489 0034 02       		.byte	0x2
 490 0035 05       		.byte	0x5
 491 0036 61020000 		.4byte	.LASF2
 492 003a 02       		.uleb128 0x2
 493 003b 02       		.byte	0x2
 494 003c 07       		.byte	0x7
 495 003d 38000000 		.4byte	.LASF3
 496 0041 02       		.uleb128 0x2
 497 0042 04       		.byte	0x4
 498 0043 05       		.byte	0x5
 499 0044 AB020000 		.4byte	.LASF4
 500 0048 02       		.uleb128 0x2
 501 0049 04       		.byte	0x4
 502 004a 07       		.byte	0x7
 503 004b 4B010000 		.4byte	.LASF5
 504 004f 02       		.uleb128 0x2
 505 0050 08       		.byte	0x8
 506 0051 05       		.byte	0x5
 507 0052 24020000 		.4byte	.LASF6
 508 0056 02       		.uleb128 0x2
 509 0057 08       		.byte	0x8
 510 0058 07       		.byte	0x7
 511 0059 6A010000 		.4byte	.LASF7
 512 005d 03       		.uleb128 0x3
 513 005e 04       		.byte	0x4
 514 005f 05       		.byte	0x5
 515 0060 696E7400 		.ascii	"int\000"
 516 0064 02       		.uleb128 0x2
 517 0065 04       		.byte	0x4
 518 0066 07       		.byte	0x7
 519 0067 5D010000 		.4byte	.LASF8
 520 006b 04       		.uleb128 0x4
 521 006c E2000000 		.4byte	.LASF9
 522 0070 02       		.byte	0x2
 523 0071 B4       		.byte	0xb4
 524 0072 2C000000 		.4byte	0x2c
 525 0076 04       		.uleb128 0x4
 526 0077 1E010000 		.4byte	.LASF10
 527 007b 02       		.byte	0x2
 528 007c B5       		.byte	0xb5
 529 007d 3A000000 		.4byte	0x3a
 530 0081 02       		.uleb128 0x2
 531 0082 04       		.byte	0x4
 532 0083 04       		.byte	0x4
 533 0084 56000000 		.4byte	.LASF11
 534 0088 02       		.uleb128 0x2
 535 0089 08       		.byte	0x8
 536 008a 04       		.byte	0x4
 537 008b 06010000 		.4byte	.LASF12
 538 008f 02       		.uleb128 0x2
 539 0090 01       		.byte	0x1
 540 0091 08       		.byte	0x8
 541 0092 B4020000 		.4byte	.LASF13
 542 0096 05       		.uleb128 0x5
ARM GAS  C:\Users\mitchell\AppData\Local\Temp\ccOevoxb.s 			page 20


 543 0097 C6000000 		.4byte	.LASF14
 544 009b 02       		.byte	0x2
 545 009c 5E01     		.2byte	0x15e
 546 009e A2000000 		.4byte	0xa2
 547 00a2 06       		.uleb128 0x6
 548 00a3 6B000000 		.4byte	0x6b
 549 00a7 05       		.uleb128 0x5
 550 00a8 00000000 		.4byte	.LASF15
 551 00ac 02       		.byte	0x2
 552 00ad 5F01     		.2byte	0x15f
 553 00af B3000000 		.4byte	0xb3
 554 00b3 06       		.uleb128 0x6
 555 00b4 76000000 		.4byte	0x76
 556 00b8 02       		.uleb128 0x2
 557 00b9 04       		.byte	0x4
 558 00ba 07       		.byte	0x7
 559 00bb 1B020000 		.4byte	.LASF16
 560 00bf 07       		.uleb128 0x7
 561 00c0 DE020000 		.4byte	.LASF17
 562 00c4 01       		.byte	0x1
 563 00c5 B4       		.byte	0xb4
 564 00c6 00000000 		.4byte	.LFB1
 565 00ca 28000000 		.4byte	.LFE1-.LFB1
 566 00ce 01       		.uleb128 0x1
 567 00cf 9C       		.byte	0x9c
 568 00d0 07       		.uleb128 0x7
 569 00d1 4B000000 		.4byte	.LASF18
 570 00d5 01       		.byte	0x1
 571 00d6 F7       		.byte	0xf7
 572 00d7 00000000 		.4byte	.LFB3
 573 00db 28000000 		.4byte	.LFE3-.LFB3
 574 00df 01       		.uleb128 0x1
 575 00e0 9C       		.byte	0x9c
 576 00e1 08       		.uleb128 0x8
 577 00e2 CB000000 		.4byte	.LASF22
 578 00e6 01       		.byte	0x1
 579 00e7 1701     		.2byte	0x117
 580 00e9 00000000 		.4byte	.LFB4
 581 00ed 0C000000 		.4byte	.LFE4-.LFB4
 582 00f1 01       		.uleb128 0x1
 583 00f2 9C       		.byte	0x9c
 584 00f3 06010000 		.4byte	0x106
 585 00f7 09       		.uleb128 0x9
 586 00f8 32020000 		.4byte	.LASF24
 587 00fc 01       		.byte	0x1
 588 00fd 1701     		.2byte	0x117
 589 00ff 6B000000 		.4byte	0x6b
 590 0103 01       		.uleb128 0x1
 591 0104 50       		.byte	0x50
 592 0105 00       		.byte	0
 593 0106 0A       		.uleb128 0xa
 594 0107 F0000000 		.4byte	.LASF19
 595 010b 01       		.byte	0x1
 596 010c 2E01     		.2byte	0x12e
 597 010e 00000000 		.4byte	.LFB5
 598 0112 0C000000 		.4byte	.LFE5-.LFB5
 599 0116 01       		.uleb128 0x1
ARM GAS  C:\Users\mitchell\AppData\Local\Temp\ccOevoxb.s 			page 21


 600 0117 9C       		.byte	0x9c
 601 0118 0B       		.uleb128 0xb
 602 0119 06000000 		.4byte	.LASF20
 603 011d 01       		.byte	0x1
 604 011e 4D01     		.2byte	0x14d
 605 0120 6B000000 		.4byte	0x6b
 606 0124 00000000 		.4byte	.LFB6
 607 0128 0C000000 		.4byte	.LFE6-.LFB6
 608 012c 01       		.uleb128 0x1
 609 012d 9C       		.byte	0x9c
 610 012e 0B       		.uleb128 0xb
 611 012f 25010000 		.4byte	.LASF21
 612 0133 01       		.byte	0x1
 613 0134 6401     		.2byte	0x164
 614 0136 6B000000 		.4byte	0x6b
 615 013a 00000000 		.4byte	.LFB7
 616 013e 0C000000 		.4byte	.LFE7-.LFB7
 617 0142 01       		.uleb128 0x1
 618 0143 9C       		.byte	0x9c
 619 0144 08       		.uleb128 0x8
 620 0145 6B020000 		.4byte	.LASF23
 621 0149 01       		.byte	0x1
 622 014a 7B01     		.2byte	0x17b
 623 014c 00000000 		.4byte	.LFB8
 624 0150 0C000000 		.4byte	.LFE8-.LFB8
 625 0154 01       		.uleb128 0x1
 626 0155 9C       		.byte	0x9c
 627 0156 69010000 		.4byte	0x169
 628 015a 09       		.uleb128 0x9
 629 015b E8000000 		.4byte	.LASF25
 630 015f 01       		.byte	0x1
 631 0160 7B01     		.2byte	0x17b
 632 0162 6B000000 		.4byte	0x6b
 633 0166 01       		.uleb128 0x1
 634 0167 50       		.byte	0x50
 635 0168 00       		.byte	0
 636 0169 0B       		.uleb128 0xb
 637 016a 0D010000 		.4byte	.LASF26
 638 016e 01       		.byte	0x1
 639 016f 9501     		.2byte	0x195
 640 0171 76000000 		.4byte	0x76
 641 0175 00000000 		.4byte	.LFB9
 642 0179 0C000000 		.4byte	.LFE9-.LFB9
 643 017d 01       		.uleb128 0x1
 644 017e 9C       		.byte	0x9c
 645 017f 08       		.uleb128 0x8
 646 0180 B4000000 		.4byte	.LASF27
 647 0184 01       		.byte	0x1
 648 0185 AF01     		.2byte	0x1af
 649 0187 00000000 		.4byte	.LFB10
 650 018b 0C000000 		.4byte	.LFE10-.LFB10
 651 018f 01       		.uleb128 0x1
 652 0190 9C       		.byte	0x9c
 653 0191 B2010000 		.4byte	0x1b2
 654 0195 09       		.uleb128 0x9
 655 0196 1F000000 		.4byte	.LASF28
 656 019a 01       		.byte	0x1
ARM GAS  C:\Users\mitchell\AppData\Local\Temp\ccOevoxb.s 			page 22


 657 019b AF01     		.2byte	0x1af
 658 019d 76000000 		.4byte	0x76
 659 01a1 01       		.uleb128 0x1
 660 01a2 50       		.byte	0x50
 661 01a3 0C       		.uleb128 0xc
 662 01a4 0F020000 		.4byte	.LASF38
 663 01a8 01       		.byte	0x1
 664 01a9 B201     		.2byte	0x1b2
 665 01ab 76000000 		.4byte	0x76
 666 01af 01       		.uleb128 0x1
 667 01b0 50       		.byte	0x50
 668 01b1 00       		.byte	0
 669 01b2 0B       		.uleb128 0xb
 670 01b3 86020000 		.4byte	.LASF29
 671 01b7 01       		.byte	0x1
 672 01b8 C801     		.2byte	0x1c8
 673 01ba 76000000 		.4byte	0x76
 674 01be 00000000 		.4byte	.LFB11
 675 01c2 0C000000 		.4byte	.LFE11-.LFB11
 676 01c6 01       		.uleb128 0x1
 677 01c7 9C       		.byte	0x9c
 678 01c8 08       		.uleb128 0x8
 679 01c9 98020000 		.4byte	.LASF30
 680 01cd 01       		.byte	0x1
 681 01ce E001     		.2byte	0x1e0
 682 01d0 00000000 		.4byte	.LFB12
 683 01d4 0C000000 		.4byte	.LFE12-.LFB12
 684 01d8 01       		.uleb128 0x1
 685 01d9 9C       		.byte	0x9c
 686 01da ED010000 		.4byte	0x1ed
 687 01de 09       		.uleb128 0x9
 688 01df 5C000000 		.4byte	.LASF31
 689 01e3 01       		.byte	0x1
 690 01e4 E001     		.2byte	0x1e0
 691 01e6 76000000 		.4byte	0x76
 692 01ea 01       		.uleb128 0x1
 693 01eb 50       		.byte	0x50
 694 01ec 00       		.byte	0
 695 01ed 0D       		.uleb128 0xd
 696 01ee B9020000 		.4byte	.LASF32
 697 01f2 01       		.byte	0x1
 698 01f3 2B       		.byte	0x2b
 699 01f4 00000000 		.4byte	.LFB0
 700 01f8 68000000 		.4byte	.LFE0-.LFB0
 701 01fc 01       		.uleb128 0x1
 702 01fd 9C       		.byte	0x9c
 703 01fe 3A020000 		.4byte	0x23a
 704 0202 0E       		.uleb128 0xe
 705 0203 4A000000 		.4byte	.LVL4
 706 0207 7F010000 		.4byte	0x17f
 707 020b 16020000 		.4byte	0x216
 708 020f 0F       		.uleb128 0xf
 709 0210 01       		.uleb128 0x1
 710 0211 50       		.byte	0x50
 711 0212 02       		.uleb128 0x2
 712 0213 09       		.byte	0x9
 713 0214 FF       		.byte	0xff
ARM GAS  C:\Users\mitchell\AppData\Local\Temp\ccOevoxb.s 			page 23


 714 0215 00       		.byte	0
 715 0216 0E       		.uleb128 0xe
 716 0217 52000000 		.4byte	.LVL5
 717 021b C8010000 		.4byte	0x1c8
 718 021f 2A020000 		.4byte	0x22a
 719 0223 0F       		.uleb128 0xf
 720 0224 01       		.uleb128 0x1
 721 0225 50       		.byte	0x50
 722 0226 02       		.uleb128 0x2
 723 0227 09       		.byte	0x9
 724 0228 FF       		.byte	0xff
 725 0229 00       		.byte	0
 726 022a 10       		.uleb128 0x10
 727 022b 58000000 		.4byte	.LVL6
 728 022f E1000000 		.4byte	0xe1
 729 0233 0F       		.uleb128 0xf
 730 0234 01       		.uleb128 0x1
 731 0235 50       		.byte	0x50
 732 0236 01       		.uleb128 0x1
 733 0237 38       		.byte	0x38
 734 0238 00       		.byte	0
 735 0239 00       		.byte	0
 736 023a 0D       		.uleb128 0xd
 737 023b 3F010000 		.4byte	.LASF33
 738 023f 01       		.byte	0x1
 739 0240 D7       		.byte	0xd7
 740 0241 00000000 		.4byte	.LFB2
 741 0245 1C000000 		.4byte	.LFE2-.LFB2
 742 0249 01       		.uleb128 0x1
 743 024a 9C       		.byte	0x9c
 744 024b 62020000 		.4byte	0x262
 745 024f 11       		.uleb128 0x11
 746 0250 0C000000 		.4byte	.LVL7
 747 0254 ED010000 		.4byte	0x1ed
 748 0258 11       		.uleb128 0x11
 749 0259 16000000 		.4byte	.LVL8
 750 025d BF000000 		.4byte	0xbf
 751 0261 00       		.byte	0
 752 0262 0B       		.uleb128 0xb
 753 0263 26000000 		.4byte	.LASF34
 754 0267 01       		.byte	0x1
 755 0268 FC01     		.2byte	0x1fc
 756 026a 76000000 		.4byte	0x76
 757 026e 00000000 		.4byte	.LFB13
 758 0272 14000000 		.4byte	.LFE13-.LFB13
 759 0276 01       		.uleb128 0x1
 760 0277 9C       		.byte	0x9c
 761 0278 12       		.uleb128 0x12
 762 0279 D0020000 		.4byte	.LASF39
 763 027d 01       		.byte	0x1
 764 027e 1A       		.byte	0x1a
 765 027f 6B000000 		.4byte	0x6b
 766 0283 05       		.uleb128 0x5
 767 0284 03       		.byte	0x3
 768 0285 00000000 		.4byte	Timer_initVar
 769 0289 00       		.byte	0
 770              		.section	.debug_abbrev,"",%progbits
ARM GAS  C:\Users\mitchell\AppData\Local\Temp\ccOevoxb.s 			page 24


 771              	.Ldebug_abbrev0:
 772 0000 01       		.uleb128 0x1
 773 0001 11       		.uleb128 0x11
 774 0002 01       		.byte	0x1
 775 0003 25       		.uleb128 0x25
 776 0004 0E       		.uleb128 0xe
 777 0005 13       		.uleb128 0x13
 778 0006 0B       		.uleb128 0xb
 779 0007 03       		.uleb128 0x3
 780 0008 0E       		.uleb128 0xe
 781 0009 1B       		.uleb128 0x1b
 782 000a 0E       		.uleb128 0xe
 783 000b 55       		.uleb128 0x55
 784 000c 17       		.uleb128 0x17
 785 000d 11       		.uleb128 0x11
 786 000e 01       		.uleb128 0x1
 787 000f 10       		.uleb128 0x10
 788 0010 17       		.uleb128 0x17
 789 0011 00       		.byte	0
 790 0012 00       		.byte	0
 791 0013 02       		.uleb128 0x2
 792 0014 24       		.uleb128 0x24
 793 0015 00       		.byte	0
 794 0016 0B       		.uleb128 0xb
 795 0017 0B       		.uleb128 0xb
 796 0018 3E       		.uleb128 0x3e
 797 0019 0B       		.uleb128 0xb
 798 001a 03       		.uleb128 0x3
 799 001b 0E       		.uleb128 0xe
 800 001c 00       		.byte	0
 801 001d 00       		.byte	0
 802 001e 03       		.uleb128 0x3
 803 001f 24       		.uleb128 0x24
 804 0020 00       		.byte	0
 805 0021 0B       		.uleb128 0xb
 806 0022 0B       		.uleb128 0xb
 807 0023 3E       		.uleb128 0x3e
 808 0024 0B       		.uleb128 0xb
 809 0025 03       		.uleb128 0x3
 810 0026 08       		.uleb128 0x8
 811 0027 00       		.byte	0
 812 0028 00       		.byte	0
 813 0029 04       		.uleb128 0x4
 814 002a 16       		.uleb128 0x16
 815 002b 00       		.byte	0
 816 002c 03       		.uleb128 0x3
 817 002d 0E       		.uleb128 0xe
 818 002e 3A       		.uleb128 0x3a
 819 002f 0B       		.uleb128 0xb
 820 0030 3B       		.uleb128 0x3b
 821 0031 0B       		.uleb128 0xb
 822 0032 49       		.uleb128 0x49
 823 0033 13       		.uleb128 0x13
 824 0034 00       		.byte	0
 825 0035 00       		.byte	0
 826 0036 05       		.uleb128 0x5
 827 0037 16       		.uleb128 0x16
ARM GAS  C:\Users\mitchell\AppData\Local\Temp\ccOevoxb.s 			page 25


 828 0038 00       		.byte	0
 829 0039 03       		.uleb128 0x3
 830 003a 0E       		.uleb128 0xe
 831 003b 3A       		.uleb128 0x3a
 832 003c 0B       		.uleb128 0xb
 833 003d 3B       		.uleb128 0x3b
 834 003e 05       		.uleb128 0x5
 835 003f 49       		.uleb128 0x49
 836 0040 13       		.uleb128 0x13
 837 0041 00       		.byte	0
 838 0042 00       		.byte	0
 839 0043 06       		.uleb128 0x6
 840 0044 35       		.uleb128 0x35
 841 0045 00       		.byte	0
 842 0046 49       		.uleb128 0x49
 843 0047 13       		.uleb128 0x13
 844 0048 00       		.byte	0
 845 0049 00       		.byte	0
 846 004a 07       		.uleb128 0x7
 847 004b 2E       		.uleb128 0x2e
 848 004c 00       		.byte	0
 849 004d 3F       		.uleb128 0x3f
 850 004e 19       		.uleb128 0x19
 851 004f 03       		.uleb128 0x3
 852 0050 0E       		.uleb128 0xe
 853 0051 3A       		.uleb128 0x3a
 854 0052 0B       		.uleb128 0xb
 855 0053 3B       		.uleb128 0x3b
 856 0054 0B       		.uleb128 0xb
 857 0055 27       		.uleb128 0x27
 858 0056 19       		.uleb128 0x19
 859 0057 11       		.uleb128 0x11
 860 0058 01       		.uleb128 0x1
 861 0059 12       		.uleb128 0x12
 862 005a 06       		.uleb128 0x6
 863 005b 40       		.uleb128 0x40
 864 005c 18       		.uleb128 0x18
 865 005d 9742     		.uleb128 0x2117
 866 005f 19       		.uleb128 0x19
 867 0060 00       		.byte	0
 868 0061 00       		.byte	0
 869 0062 08       		.uleb128 0x8
 870 0063 2E       		.uleb128 0x2e
 871 0064 01       		.byte	0x1
 872 0065 3F       		.uleb128 0x3f
 873 0066 19       		.uleb128 0x19
 874 0067 03       		.uleb128 0x3
 875 0068 0E       		.uleb128 0xe
 876 0069 3A       		.uleb128 0x3a
 877 006a 0B       		.uleb128 0xb
 878 006b 3B       		.uleb128 0x3b
 879 006c 05       		.uleb128 0x5
 880 006d 27       		.uleb128 0x27
 881 006e 19       		.uleb128 0x19
 882 006f 11       		.uleb128 0x11
 883 0070 01       		.uleb128 0x1
 884 0071 12       		.uleb128 0x12
ARM GAS  C:\Users\mitchell\AppData\Local\Temp\ccOevoxb.s 			page 26


 885 0072 06       		.uleb128 0x6
 886 0073 40       		.uleb128 0x40
 887 0074 18       		.uleb128 0x18
 888 0075 9742     		.uleb128 0x2117
 889 0077 19       		.uleb128 0x19
 890 0078 01       		.uleb128 0x1
 891 0079 13       		.uleb128 0x13
 892 007a 00       		.byte	0
 893 007b 00       		.byte	0
 894 007c 09       		.uleb128 0x9
 895 007d 05       		.uleb128 0x5
 896 007e 00       		.byte	0
 897 007f 03       		.uleb128 0x3
 898 0080 0E       		.uleb128 0xe
 899 0081 3A       		.uleb128 0x3a
 900 0082 0B       		.uleb128 0xb
 901 0083 3B       		.uleb128 0x3b
 902 0084 05       		.uleb128 0x5
 903 0085 49       		.uleb128 0x49
 904 0086 13       		.uleb128 0x13
 905 0087 02       		.uleb128 0x2
 906 0088 18       		.uleb128 0x18
 907 0089 00       		.byte	0
 908 008a 00       		.byte	0
 909 008b 0A       		.uleb128 0xa
 910 008c 2E       		.uleb128 0x2e
 911 008d 00       		.byte	0
 912 008e 3F       		.uleb128 0x3f
 913 008f 19       		.uleb128 0x19
 914 0090 03       		.uleb128 0x3
 915 0091 0E       		.uleb128 0xe
 916 0092 3A       		.uleb128 0x3a
 917 0093 0B       		.uleb128 0xb
 918 0094 3B       		.uleb128 0x3b
 919 0095 05       		.uleb128 0x5
 920 0096 27       		.uleb128 0x27
 921 0097 19       		.uleb128 0x19
 922 0098 11       		.uleb128 0x11
 923 0099 01       		.uleb128 0x1
 924 009a 12       		.uleb128 0x12
 925 009b 06       		.uleb128 0x6
 926 009c 40       		.uleb128 0x40
 927 009d 18       		.uleb128 0x18
 928 009e 9742     		.uleb128 0x2117
 929 00a0 19       		.uleb128 0x19
 930 00a1 00       		.byte	0
 931 00a2 00       		.byte	0
 932 00a3 0B       		.uleb128 0xb
 933 00a4 2E       		.uleb128 0x2e
 934 00a5 00       		.byte	0
 935 00a6 3F       		.uleb128 0x3f
 936 00a7 19       		.uleb128 0x19
 937 00a8 03       		.uleb128 0x3
 938 00a9 0E       		.uleb128 0xe
 939 00aa 3A       		.uleb128 0x3a
 940 00ab 0B       		.uleb128 0xb
 941 00ac 3B       		.uleb128 0x3b
ARM GAS  C:\Users\mitchell\AppData\Local\Temp\ccOevoxb.s 			page 27


 942 00ad 05       		.uleb128 0x5
 943 00ae 27       		.uleb128 0x27
 944 00af 19       		.uleb128 0x19
 945 00b0 49       		.uleb128 0x49
 946 00b1 13       		.uleb128 0x13
 947 00b2 11       		.uleb128 0x11
 948 00b3 01       		.uleb128 0x1
 949 00b4 12       		.uleb128 0x12
 950 00b5 06       		.uleb128 0x6
 951 00b6 40       		.uleb128 0x40
 952 00b7 18       		.uleb128 0x18
 953 00b8 9742     		.uleb128 0x2117
 954 00ba 19       		.uleb128 0x19
 955 00bb 00       		.byte	0
 956 00bc 00       		.byte	0
 957 00bd 0C       		.uleb128 0xc
 958 00be 34       		.uleb128 0x34
 959 00bf 00       		.byte	0
 960 00c0 03       		.uleb128 0x3
 961 00c1 0E       		.uleb128 0xe
 962 00c2 3A       		.uleb128 0x3a
 963 00c3 0B       		.uleb128 0xb
 964 00c4 3B       		.uleb128 0x3b
 965 00c5 05       		.uleb128 0x5
 966 00c6 49       		.uleb128 0x49
 967 00c7 13       		.uleb128 0x13
 968 00c8 02       		.uleb128 0x2
 969 00c9 18       		.uleb128 0x18
 970 00ca 00       		.byte	0
 971 00cb 00       		.byte	0
 972 00cc 0D       		.uleb128 0xd
 973 00cd 2E       		.uleb128 0x2e
 974 00ce 01       		.byte	0x1
 975 00cf 3F       		.uleb128 0x3f
 976 00d0 19       		.uleb128 0x19
 977 00d1 03       		.uleb128 0x3
 978 00d2 0E       		.uleb128 0xe
 979 00d3 3A       		.uleb128 0x3a
 980 00d4 0B       		.uleb128 0xb
 981 00d5 3B       		.uleb128 0x3b
 982 00d6 0B       		.uleb128 0xb
 983 00d7 27       		.uleb128 0x27
 984 00d8 19       		.uleb128 0x19
 985 00d9 11       		.uleb128 0x11
 986 00da 01       		.uleb128 0x1
 987 00db 12       		.uleb128 0x12
 988 00dc 06       		.uleb128 0x6
 989 00dd 40       		.uleb128 0x40
 990 00de 18       		.uleb128 0x18
 991 00df 9742     		.uleb128 0x2117
 992 00e1 19       		.uleb128 0x19
 993 00e2 01       		.uleb128 0x1
 994 00e3 13       		.uleb128 0x13
 995 00e4 00       		.byte	0
 996 00e5 00       		.byte	0
 997 00e6 0E       		.uleb128 0xe
 998 00e7 898201   		.uleb128 0x4109
ARM GAS  C:\Users\mitchell\AppData\Local\Temp\ccOevoxb.s 			page 28


 999 00ea 01       		.byte	0x1
 1000 00eb 11       		.uleb128 0x11
 1001 00ec 01       		.uleb128 0x1
 1002 00ed 31       		.uleb128 0x31
 1003 00ee 13       		.uleb128 0x13
 1004 00ef 01       		.uleb128 0x1
 1005 00f0 13       		.uleb128 0x13
 1006 00f1 00       		.byte	0
 1007 00f2 00       		.byte	0
 1008 00f3 0F       		.uleb128 0xf
 1009 00f4 8A8201   		.uleb128 0x410a
 1010 00f7 00       		.byte	0
 1011 00f8 02       		.uleb128 0x2
 1012 00f9 18       		.uleb128 0x18
 1013 00fa 9142     		.uleb128 0x2111
 1014 00fc 18       		.uleb128 0x18
 1015 00fd 00       		.byte	0
 1016 00fe 00       		.byte	0
 1017 00ff 10       		.uleb128 0x10
 1018 0100 898201   		.uleb128 0x4109
 1019 0103 01       		.byte	0x1
 1020 0104 11       		.uleb128 0x11
 1021 0105 01       		.uleb128 0x1
 1022 0106 31       		.uleb128 0x31
 1023 0107 13       		.uleb128 0x13
 1024 0108 00       		.byte	0
 1025 0109 00       		.byte	0
 1026 010a 11       		.uleb128 0x11
 1027 010b 898201   		.uleb128 0x4109
 1028 010e 00       		.byte	0
 1029 010f 11       		.uleb128 0x11
 1030 0110 01       		.uleb128 0x1
 1031 0111 31       		.uleb128 0x31
 1032 0112 13       		.uleb128 0x13
 1033 0113 00       		.byte	0
 1034 0114 00       		.byte	0
 1035 0115 12       		.uleb128 0x12
 1036 0116 34       		.uleb128 0x34
 1037 0117 00       		.byte	0
 1038 0118 03       		.uleb128 0x3
 1039 0119 0E       		.uleb128 0xe
 1040 011a 3A       		.uleb128 0x3a
 1041 011b 0B       		.uleb128 0xb
 1042 011c 3B       		.uleb128 0x3b
 1043 011d 0B       		.uleb128 0xb
 1044 011e 49       		.uleb128 0x49
 1045 011f 13       		.uleb128 0x13
 1046 0120 3F       		.uleb128 0x3f
 1047 0121 19       		.uleb128 0x19
 1048 0122 02       		.uleb128 0x2
 1049 0123 18       		.uleb128 0x18
 1050 0124 00       		.byte	0
 1051 0125 00       		.byte	0
 1052 0126 00       		.byte	0
 1053              		.section	.debug_aranges,"",%progbits
 1054 0000 84000000 		.4byte	0x84
 1055 0004 0200     		.2byte	0x2
ARM GAS  C:\Users\mitchell\AppData\Local\Temp\ccOevoxb.s 			page 29


 1056 0006 00000000 		.4byte	.Ldebug_info0
 1057 000a 04       		.byte	0x4
 1058 000b 00       		.byte	0
 1059 000c 0000     		.2byte	0
 1060 000e 0000     		.2byte	0
 1061 0010 00000000 		.4byte	.LFB1
 1062 0014 28000000 		.4byte	.LFE1-.LFB1
 1063 0018 00000000 		.4byte	.LFB3
 1064 001c 28000000 		.4byte	.LFE3-.LFB3
 1065 0020 00000000 		.4byte	.LFB4
 1066 0024 0C000000 		.4byte	.LFE4-.LFB4
 1067 0028 00000000 		.4byte	.LFB5
 1068 002c 0C000000 		.4byte	.LFE5-.LFB5
 1069 0030 00000000 		.4byte	.LFB6
 1070 0034 0C000000 		.4byte	.LFE6-.LFB6
 1071 0038 00000000 		.4byte	.LFB7
 1072 003c 0C000000 		.4byte	.LFE7-.LFB7
 1073 0040 00000000 		.4byte	.LFB8
 1074 0044 0C000000 		.4byte	.LFE8-.LFB8
 1075 0048 00000000 		.4byte	.LFB9
 1076 004c 0C000000 		.4byte	.LFE9-.LFB9
 1077 0050 00000000 		.4byte	.LFB10
 1078 0054 0C000000 		.4byte	.LFE10-.LFB10
 1079 0058 00000000 		.4byte	.LFB11
 1080 005c 0C000000 		.4byte	.LFE11-.LFB11
 1081 0060 00000000 		.4byte	.LFB12
 1082 0064 0C000000 		.4byte	.LFE12-.LFB12
 1083 0068 00000000 		.4byte	.LFB0
 1084 006c 68000000 		.4byte	.LFE0-.LFB0
 1085 0070 00000000 		.4byte	.LFB2
 1086 0074 1C000000 		.4byte	.LFE2-.LFB2
 1087 0078 00000000 		.4byte	.LFB13
 1088 007c 14000000 		.4byte	.LFE13-.LFB13
 1089 0080 00000000 		.4byte	0
 1090 0084 00000000 		.4byte	0
 1091              		.section	.debug_ranges,"",%progbits
 1092              	.Ldebug_ranges0:
 1093 0000 00000000 		.4byte	.LFB1
 1094 0004 28000000 		.4byte	.LFE1
 1095 0008 00000000 		.4byte	.LFB3
 1096 000c 28000000 		.4byte	.LFE3
 1097 0010 00000000 		.4byte	.LFB4
 1098 0014 0C000000 		.4byte	.LFE4
 1099 0018 00000000 		.4byte	.LFB5
 1100 001c 0C000000 		.4byte	.LFE5
 1101 0020 00000000 		.4byte	.LFB6
 1102 0024 0C000000 		.4byte	.LFE6
 1103 0028 00000000 		.4byte	.LFB7
 1104 002c 0C000000 		.4byte	.LFE7
 1105 0030 00000000 		.4byte	.LFB8
 1106 0034 0C000000 		.4byte	.LFE8
 1107 0038 00000000 		.4byte	.LFB9
 1108 003c 0C000000 		.4byte	.LFE9
 1109 0040 00000000 		.4byte	.LFB10
 1110 0044 0C000000 		.4byte	.LFE10
 1111 0048 00000000 		.4byte	.LFB11
 1112 004c 0C000000 		.4byte	.LFE11
ARM GAS  C:\Users\mitchell\AppData\Local\Temp\ccOevoxb.s 			page 30


 1113 0050 00000000 		.4byte	.LFB12
 1114 0054 0C000000 		.4byte	.LFE12
 1115 0058 00000000 		.4byte	.LFB0
 1116 005c 68000000 		.4byte	.LFE0
 1117 0060 00000000 		.4byte	.LFB2
 1118 0064 1C000000 		.4byte	.LFE2
 1119 0068 00000000 		.4byte	.LFB13
 1120 006c 14000000 		.4byte	.LFE13
 1121 0070 00000000 		.4byte	0
 1122 0074 00000000 		.4byte	0
 1123              		.section	.debug_line,"",%progbits
 1124              	.Ldebug_line0:
 1125 0000 51010000 		.section	.debug_str,"MS",%progbits,1
 1125      02004400 
 1125      00000201 
 1125      FB0E0D00 
 1125      01010101 
 1126              	.LASF15:
 1127 0000 72656731 		.ascii	"reg16\000"
 1127      3600
 1128              	.LASF20:
 1129 0006 54696D65 		.ascii	"Timer_ReadStatusRegister\000"
 1129      725F5265 
 1129      61645374 
 1129      61747573 
 1129      52656769 
 1130              	.LASF28:
 1131 001f 70657269 		.ascii	"period\000"
 1131      6F6400
 1132              	.LASF34:
 1133 0026 54696D65 		.ascii	"Timer_ReadCounter\000"
 1133      725F5265 
 1133      6164436F 
 1133      756E7465 
 1133      7200
 1134              	.LASF3:
 1135 0038 73686F72 		.ascii	"short unsigned int\000"
 1135      7420756E 
 1135      7369676E 
 1135      65642069 
 1135      6E7400
 1136              	.LASF18:
 1137 004b 54696D65 		.ascii	"Timer_Stop\000"
 1137      725F5374 
 1137      6F7000
 1138              	.LASF11:
 1139 0056 666C6F61 		.ascii	"float\000"
 1139      7400
 1140              	.LASF31:
 1141 005c 636F756E 		.ascii	"counter\000"
 1141      74657200 
 1142              	.LASF1:
 1143 0064 756E7369 		.ascii	"unsigned char\000"
 1143      676E6564 
 1143      20636861 
 1143      7200
 1144              	.LASF37:
ARM GAS  C:\Users\mitchell\AppData\Local\Temp\ccOevoxb.s 			page 31


 1145 0072 433A5C55 		.ascii	"C:\\Users\\mitchell\\Documents\\FSAE\\E-Throttle\\P"
 1145      73657273 
 1145      5C6D6974 
 1145      6368656C 
 1145      6C5C446F 
 1146 009f 536F435C 		.ascii	"SoC\\E-Throttle.cydsn\000"
 1146      452D5468 
 1146      726F7474 
 1146      6C652E63 
 1146      7964736E 
 1147              	.LASF27:
 1148 00b4 54696D65 		.ascii	"Timer_WritePeriod\000"
 1148      725F5772 
 1148      69746550 
 1148      6572696F 
 1148      6400
 1149              	.LASF14:
 1150 00c6 72656738 		.ascii	"reg8\000"
 1150      00
 1151              	.LASF22:
 1152 00cb 54696D65 		.ascii	"Timer_SetInterruptMode\000"
 1152      725F5365 
 1152      74496E74 
 1152      65727275 
 1152      70744D6F 
 1153              	.LASF9:
 1154 00e2 75696E74 		.ascii	"uint8\000"
 1154      3800
 1155              	.LASF25:
 1156 00e8 636F6E74 		.ascii	"control\000"
 1156      726F6C00 
 1157              	.LASF19:
 1158 00f0 54696D65 		.ascii	"Timer_SoftwareCapture\000"
 1158      725F536F 
 1158      66747761 
 1158      72654361 
 1158      70747572 
 1159              	.LASF12:
 1160 0106 646F7562 		.ascii	"double\000"
 1160      6C6500
 1161              	.LASF26:
 1162 010d 54696D65 		.ascii	"Timer_ReadPeriod\000"
 1162      725F5265 
 1162      61645065 
 1162      72696F64 
 1162      00
 1163              	.LASF10:
 1164 011e 75696E74 		.ascii	"uint16\000"
 1164      313600
 1165              	.LASF21:
 1166 0125 54696D65 		.ascii	"Timer_ReadControlRegister\000"
 1166      725F5265 
 1166      6164436F 
 1166      6E74726F 
 1166      6C526567 
 1167              	.LASF33:
 1168 013f 54696D65 		.ascii	"Timer_Start\000"
ARM GAS  C:\Users\mitchell\AppData\Local\Temp\ccOevoxb.s 			page 32


 1168      725F5374 
 1168      61727400 
 1169              	.LASF5:
 1170 014b 6C6F6E67 		.ascii	"long unsigned int\000"
 1170      20756E73 
 1170      69676E65 
 1170      6420696E 
 1170      7400
 1171              	.LASF8:
 1172 015d 756E7369 		.ascii	"unsigned int\000"
 1172      676E6564 
 1172      20696E74 
 1172      00
 1173              	.LASF7:
 1174 016a 6C6F6E67 		.ascii	"long long unsigned int\000"
 1174      206C6F6E 
 1174      6720756E 
 1174      7369676E 
 1174      65642069 
 1175              	.LASF35:
 1176 0181 474E5520 		.ascii	"GNU C 4.9.3 20150303 (release) [ARM/embedded-4_9-br"
 1176      4320342E 
 1176      392E3320 
 1176      32303135 
 1176      30333033 
 1177 01b4 616E6368 		.ascii	"anch revision 221220] -mcpu=cortex-m3 -mthumb -g -O"
 1177      20726576 
 1177      6973696F 
 1177      6E203232 
 1177      31323230 
 1178 01e7 67202D66 		.ascii	"g -ffunction-sections -ffat-lto-objects\000"
 1178      66756E63 
 1178      74696F6E 
 1178      2D736563 
 1178      74696F6E 
 1179              	.LASF38:
 1180 020f 70657269 		.ascii	"period_temp\000"
 1180      6F645F74 
 1180      656D7000 
 1181              	.LASF16:
 1182 021b 73697A65 		.ascii	"sizetype\000"
 1182      74797065 
 1182      00
 1183              	.LASF6:
 1184 0224 6C6F6E67 		.ascii	"long long int\000"
 1184      206C6F6E 
 1184      6720696E 
 1184      7400
 1185              	.LASF24:
 1186 0232 696E7465 		.ascii	"interruptMode\000"
 1186      72727570 
 1186      744D6F64 
 1186      6500
 1187              	.LASF36:
 1188 0240 2E5C4765 		.ascii	".\\Generated_Source\\PSoC5\\Timer.c\000"
 1188      6E657261 
 1188      7465645F 
ARM GAS  C:\Users\mitchell\AppData\Local\Temp\ccOevoxb.s 			page 33


 1188      536F7572 
 1188      63655C50 
 1189              	.LASF2:
 1190 0261 73686F72 		.ascii	"short int\000"
 1190      7420696E 
 1190      7400
 1191              	.LASF23:
 1192 026b 54696D65 		.ascii	"Timer_WriteControlRegister\000"
 1192      725F5772 
 1192      69746543 
 1192      6F6E7472 
 1192      6F6C5265 
 1193              	.LASF29:
 1194 0286 54696D65 		.ascii	"Timer_ReadCapture\000"
 1194      725F5265 
 1194      61644361 
 1194      70747572 
 1194      6500
 1195              	.LASF30:
 1196 0298 54696D65 		.ascii	"Timer_WriteCounter\000"
 1196      725F5772 
 1196      69746543 
 1196      6F756E74 
 1196      657200
 1197              	.LASF4:
 1198 02ab 6C6F6E67 		.ascii	"long int\000"
 1198      20696E74 
 1198      00
 1199              	.LASF13:
 1200 02b4 63686172 		.ascii	"char\000"
 1200      00
 1201              	.LASF32:
 1202 02b9 54696D65 		.ascii	"Timer_Init\000"
 1202      725F496E 
 1202      697400
 1203              	.LASF0:
 1204 02c4 7369676E 		.ascii	"signed char\000"
 1204      65642063 
 1204      68617200 
 1205              	.LASF39:
 1206 02d0 54696D65 		.ascii	"Timer_initVar\000"
 1206      725F696E 
 1206      69745661 
 1206      7200
 1207              	.LASF17:
 1208 02de 54696D65 		.ascii	"Timer_Enable\000"
 1208      725F456E 
 1208      61626C65 
 1208      00
 1209              		.ident	"GCC: (GNU Tools for ARM Embedded Processors) 4.9.3 20150303 (release) [ARM/embedded-4_9-br
