ARM GAS  C:\Users\mitchell\AppData\Local\Temp\ccnsspLk.s 			page 1


   1              		.syntax unified
   2              		.cpu cortex-m3
   3              		.fpu softvfp
   4              		.eabi_attribute 20, 1
   5              		.eabi_attribute 21, 1
   6              		.eabi_attribute 23, 3
   7              		.eabi_attribute 24, 1
   8              		.eabi_attribute 25, 1
   9              		.eabi_attribute 26, 1
  10              		.eabi_attribute 30, 1
  11              		.eabi_attribute 34, 1
  12              		.eabi_attribute 18, 4
  13              		.thumb
  14              		.file	"TPS_ADC_TempBuf_dma.c"
  15              		.text
  16              	.Ltext0:
  17              		.cfi_sections	.debug_frame
  18              		.section	.text.TPS_ADC_TempBuf_DmaInitialize,"ax",%progbits
  19              		.align	2
  20              		.global	TPS_ADC_TempBuf_DmaInitialize
  21              		.thumb
  22              		.thumb_func
  23              		.type	TPS_ADC_TempBuf_DmaInitialize, %function
  24              	TPS_ADC_TempBuf_DmaInitialize:
  25              	.LFB0:
  26              		.file 1 ".\\Generated_Source\\PSoC5\\TPS_ADC_TempBuf_dma.c"
   1:.\Generated_Source\PSoC5/TPS_ADC_TempBuf_dma.c **** /***************************************************************************
   2:.\Generated_Source\PSoC5/TPS_ADC_TempBuf_dma.c **** * File Name: TPS_ADC_TempBuf_dma.c  
   3:.\Generated_Source\PSoC5/TPS_ADC_TempBuf_dma.c **** * Version 1.70
   4:.\Generated_Source\PSoC5/TPS_ADC_TempBuf_dma.c **** *
   5:.\Generated_Source\PSoC5/TPS_ADC_TempBuf_dma.c **** *  Description:
   6:.\Generated_Source\PSoC5/TPS_ADC_TempBuf_dma.c **** *   Provides an API for the DMAC component. The API includes functions
   7:.\Generated_Source\PSoC5/TPS_ADC_TempBuf_dma.c **** *   for the DMA controller, DMA channels and Transfer Descriptors.
   8:.\Generated_Source\PSoC5/TPS_ADC_TempBuf_dma.c **** *
   9:.\Generated_Source\PSoC5/TPS_ADC_TempBuf_dma.c **** *
  10:.\Generated_Source\PSoC5/TPS_ADC_TempBuf_dma.c **** *   Note:
  11:.\Generated_Source\PSoC5/TPS_ADC_TempBuf_dma.c **** *     This module requires the developer to finish or fill in the auto
  12:.\Generated_Source\PSoC5/TPS_ADC_TempBuf_dma.c **** *     generated funcions and setup the dma channel and TD's.
  13:.\Generated_Source\PSoC5/TPS_ADC_TempBuf_dma.c **** *
  14:.\Generated_Source\PSoC5/TPS_ADC_TempBuf_dma.c **** ********************************************************************************
  15:.\Generated_Source\PSoC5/TPS_ADC_TempBuf_dma.c **** * Copyright 2008-2010, Cypress Semiconductor Corporation.  All rights reserved.
  16:.\Generated_Source\PSoC5/TPS_ADC_TempBuf_dma.c **** * You may use this file only in accordance with the license, terms, conditions, 
  17:.\Generated_Source\PSoC5/TPS_ADC_TempBuf_dma.c **** * disclaimers, and limitations in the end user license agreement accompanying 
  18:.\Generated_Source\PSoC5/TPS_ADC_TempBuf_dma.c **** * the software package with which this file was provided.
  19:.\Generated_Source\PSoC5/TPS_ADC_TempBuf_dma.c **** ********************************************************************************/
  20:.\Generated_Source\PSoC5/TPS_ADC_TempBuf_dma.c **** #include <CYLIB.H>
  21:.\Generated_Source\PSoC5/TPS_ADC_TempBuf_dma.c **** #include <CYDMAC.H>
  22:.\Generated_Source\PSoC5/TPS_ADC_TempBuf_dma.c **** #include <TPS_ADC_TempBuf_dma.H>
  23:.\Generated_Source\PSoC5/TPS_ADC_TempBuf_dma.c **** 
  24:.\Generated_Source\PSoC5/TPS_ADC_TempBuf_dma.c **** 
  25:.\Generated_Source\PSoC5/TPS_ADC_TempBuf_dma.c **** 
  26:.\Generated_Source\PSoC5/TPS_ADC_TempBuf_dma.c **** /****************************************************************************
  27:.\Generated_Source\PSoC5/TPS_ADC_TempBuf_dma.c **** * 
  28:.\Generated_Source\PSoC5/TPS_ADC_TempBuf_dma.c **** * The following defines are available in Cyfitter.h
  29:.\Generated_Source\PSoC5/TPS_ADC_TempBuf_dma.c **** * 
  30:.\Generated_Source\PSoC5/TPS_ADC_TempBuf_dma.c **** * 
  31:.\Generated_Source\PSoC5/TPS_ADC_TempBuf_dma.c **** * 
ARM GAS  C:\Users\mitchell\AppData\Local\Temp\ccnsspLk.s 			page 2


  32:.\Generated_Source\PSoC5/TPS_ADC_TempBuf_dma.c **** * TPS_ADC_TempBuf__DRQ_CTL_REG
  33:.\Generated_Source\PSoC5/TPS_ADC_TempBuf_dma.c **** * 
  34:.\Generated_Source\PSoC5/TPS_ADC_TempBuf_dma.c **** * 
  35:.\Generated_Source\PSoC5/TPS_ADC_TempBuf_dma.c **** * TPS_ADC_TempBuf__DRQ_NUMBER
  36:.\Generated_Source\PSoC5/TPS_ADC_TempBuf_dma.c **** * 
  37:.\Generated_Source\PSoC5/TPS_ADC_TempBuf_dma.c **** * Number of TD's used by this channel.
  38:.\Generated_Source\PSoC5/TPS_ADC_TempBuf_dma.c **** * TPS_ADC_TempBuf__NUMBEROF_TDS
  39:.\Generated_Source\PSoC5/TPS_ADC_TempBuf_dma.c **** * 
  40:.\Generated_Source\PSoC5/TPS_ADC_TempBuf_dma.c **** * Priority of this channel.
  41:.\Generated_Source\PSoC5/TPS_ADC_TempBuf_dma.c **** * TPS_ADC_TempBuf__PRIORITY
  42:.\Generated_Source\PSoC5/TPS_ADC_TempBuf_dma.c **** * 
  43:.\Generated_Source\PSoC5/TPS_ADC_TempBuf_dma.c **** * True if TPS_ADC_TempBuf_TERMIN_SEL is used.
  44:.\Generated_Source\PSoC5/TPS_ADC_TempBuf_dma.c **** * TPS_ADC_TempBuf__TERMIN_EN
  45:.\Generated_Source\PSoC5/TPS_ADC_TempBuf_dma.c **** * 
  46:.\Generated_Source\PSoC5/TPS_ADC_TempBuf_dma.c **** * TERMIN interrupt line to signal terminate.
  47:.\Generated_Source\PSoC5/TPS_ADC_TempBuf_dma.c **** * TPS_ADC_TempBuf__TERMIN_SEL
  48:.\Generated_Source\PSoC5/TPS_ADC_TempBuf_dma.c **** * 
  49:.\Generated_Source\PSoC5/TPS_ADC_TempBuf_dma.c **** * 
  50:.\Generated_Source\PSoC5/TPS_ADC_TempBuf_dma.c **** * True if TPS_ADC_TempBuf_TERMOUT0_SEL is used.
  51:.\Generated_Source\PSoC5/TPS_ADC_TempBuf_dma.c **** * TPS_ADC_TempBuf__TERMOUT0_EN
  52:.\Generated_Source\PSoC5/TPS_ADC_TempBuf_dma.c **** * 
  53:.\Generated_Source\PSoC5/TPS_ADC_TempBuf_dma.c **** * 
  54:.\Generated_Source\PSoC5/TPS_ADC_TempBuf_dma.c **** * TERMOUT0 interrupt line to signal completion.
  55:.\Generated_Source\PSoC5/TPS_ADC_TempBuf_dma.c **** * TPS_ADC_TempBuf__TERMOUT0_SEL
  56:.\Generated_Source\PSoC5/TPS_ADC_TempBuf_dma.c **** * 
  57:.\Generated_Source\PSoC5/TPS_ADC_TempBuf_dma.c **** * 
  58:.\Generated_Source\PSoC5/TPS_ADC_TempBuf_dma.c **** * True if TPS_ADC_TempBuf_TERMOUT1_SEL is used.
  59:.\Generated_Source\PSoC5/TPS_ADC_TempBuf_dma.c **** * TPS_ADC_TempBuf__TERMOUT1_EN
  60:.\Generated_Source\PSoC5/TPS_ADC_TempBuf_dma.c **** * 
  61:.\Generated_Source\PSoC5/TPS_ADC_TempBuf_dma.c **** * 
  62:.\Generated_Source\PSoC5/TPS_ADC_TempBuf_dma.c **** * TERMOUT1 interrupt line to signal completion.
  63:.\Generated_Source\PSoC5/TPS_ADC_TempBuf_dma.c **** * TPS_ADC_TempBuf__TERMOUT1_SEL
  64:.\Generated_Source\PSoC5/TPS_ADC_TempBuf_dma.c **** * 
  65:.\Generated_Source\PSoC5/TPS_ADC_TempBuf_dma.c **** ****************************************************************************/
  66:.\Generated_Source\PSoC5/TPS_ADC_TempBuf_dma.c **** 
  67:.\Generated_Source\PSoC5/TPS_ADC_TempBuf_dma.c **** 
  68:.\Generated_Source\PSoC5/TPS_ADC_TempBuf_dma.c **** /* Zero based index of TPS_ADC_TempBuf dma channel */
  69:.\Generated_Source\PSoC5/TPS_ADC_TempBuf_dma.c **** uint8 TPS_ADC_TempBuf_DmaHandle = DMA_INVALID_CHANNEL;
  70:.\Generated_Source\PSoC5/TPS_ADC_TempBuf_dma.c **** 
  71:.\Generated_Source\PSoC5/TPS_ADC_TempBuf_dma.c **** /*********************************************************************
  72:.\Generated_Source\PSoC5/TPS_ADC_TempBuf_dma.c **** * Function Name: uint8 TPS_ADC_TempBuf_DmaInitalize
  73:.\Generated_Source\PSoC5/TPS_ADC_TempBuf_dma.c **** **********************************************************************
  74:.\Generated_Source\PSoC5/TPS_ADC_TempBuf_dma.c **** * Summary:
  75:.\Generated_Source\PSoC5/TPS_ADC_TempBuf_dma.c **** *   Allocates and initialises a channel of the DMAC to be used by the
  76:.\Generated_Source\PSoC5/TPS_ADC_TempBuf_dma.c **** *   caller.
  77:.\Generated_Source\PSoC5/TPS_ADC_TempBuf_dma.c **** *
  78:.\Generated_Source\PSoC5/TPS_ADC_TempBuf_dma.c **** * Parameters:
  79:.\Generated_Source\PSoC5/TPS_ADC_TempBuf_dma.c **** *   BurstCount.
  80:.\Generated_Source\PSoC5/TPS_ADC_TempBuf_dma.c **** *       
  81:.\Generated_Source\PSoC5/TPS_ADC_TempBuf_dma.c **** *       
  82:.\Generated_Source\PSoC5/TPS_ADC_TempBuf_dma.c **** *   ReqestPerBurst.
  83:.\Generated_Source\PSoC5/TPS_ADC_TempBuf_dma.c **** *       
  84:.\Generated_Source\PSoC5/TPS_ADC_TempBuf_dma.c **** *       
  85:.\Generated_Source\PSoC5/TPS_ADC_TempBuf_dma.c **** *   UpperSrcAddress.
  86:.\Generated_Source\PSoC5/TPS_ADC_TempBuf_dma.c **** *       
  87:.\Generated_Source\PSoC5/TPS_ADC_TempBuf_dma.c **** *       
  88:.\Generated_Source\PSoC5/TPS_ADC_TempBuf_dma.c **** *   UpperDestAddress.
ARM GAS  C:\Users\mitchell\AppData\Local\Temp\ccnsspLk.s 			page 3


  89:.\Generated_Source\PSoC5/TPS_ADC_TempBuf_dma.c **** *       
  90:.\Generated_Source\PSoC5/TPS_ADC_TempBuf_dma.c **** *
  91:.\Generated_Source\PSoC5/TPS_ADC_TempBuf_dma.c **** * Return:
  92:.\Generated_Source\PSoC5/TPS_ADC_TempBuf_dma.c **** *   The channel that can be used by the caller for DMA activity.
  93:.\Generated_Source\PSoC5/TPS_ADC_TempBuf_dma.c **** *   DMA_INVALID_CHANNEL (0xFF) if there are no channels left. 
  94:.\Generated_Source\PSoC5/TPS_ADC_TempBuf_dma.c **** *
  95:.\Generated_Source\PSoC5/TPS_ADC_TempBuf_dma.c **** *
  96:.\Generated_Source\PSoC5/TPS_ADC_TempBuf_dma.c **** *******************************************************************/
  97:.\Generated_Source\PSoC5/TPS_ADC_TempBuf_dma.c **** uint8 TPS_ADC_TempBuf_DmaInitialize(uint8 BurstCount, uint8 ReqestPerBurst, uint16 UpperSrcAddress,
  98:.\Generated_Source\PSoC5/TPS_ADC_TempBuf_dma.c **** {
  27              		.loc 1 98 0
  28              		.cfi_startproc
  29              		@ args = 0, pretend = 0, frame = 0
  30              		@ frame_needed = 0, uses_anonymous_args = 0
  31              	.LVL0:
  32 0000 F0B5     		push	{r4, r5, r6, r7, lr}
  33              		.cfi_def_cfa_offset 20
  34              		.cfi_offset 4, -20
  35              		.cfi_offset 5, -16
  36              		.cfi_offset 6, -12
  37              		.cfi_offset 7, -8
  38              		.cfi_offset 14, -4
  39 0002 83B0     		sub	sp, sp, #12
  40              		.cfi_def_cfa_offset 32
  41 0004 8646     		mov	lr, r0
  42 0006 0F46     		mov	r7, r1
  43 0008 1646     		mov	r6, r2
  44 000a 1D46     		mov	r5, r3
  99:.\Generated_Source\PSoC5/TPS_ADC_TempBuf_dma.c **** 
 100:.\Generated_Source\PSoC5/TPS_ADC_TempBuf_dma.c ****     /* Allocate a DMA channel. */
 101:.\Generated_Source\PSoC5/TPS_ADC_TempBuf_dma.c ****     TPS_ADC_TempBuf_DmaHandle = (uint8)TPS_ADC_TempBuf__DRQ_NUMBER;
  45              		.loc 1 101 0
  46 000c 0B4C     		ldr	r4, .L3
  47 000e 0323     		movs	r3, #3
  48              	.LVL1:
  49 0010 2370     		strb	r3, [r4]
 102:.\Generated_Source\PSoC5/TPS_ADC_TempBuf_dma.c **** 
 103:.\Generated_Source\PSoC5/TPS_ADC_TempBuf_dma.c ****     /* Configure the channel. */
 104:.\Generated_Source\PSoC5/TPS_ADC_TempBuf_dma.c ****     (void)CyDmaChSetConfiguration(TPS_ADC_TempBuf_DmaHandle,
  50              		.loc 1 104 0
  51 0012 0022     		movs	r2, #0
  52              	.LVL2:
  53 0014 0092     		str	r2, [sp]
  54 0016 0192     		str	r2, [sp, #4]
  55 0018 1846     		mov	r0, r3
  56              	.LVL3:
  57 001a 7146     		mov	r1, lr
  58              	.LVL4:
  59 001c 3A46     		mov	r2, r7
  60 001e FFF7FEFF 		bl	CyDmaChSetConfiguration
  61              	.LVL5:
 105:.\Generated_Source\PSoC5/TPS_ADC_TempBuf_dma.c ****                                   BurstCount,
 106:.\Generated_Source\PSoC5/TPS_ADC_TempBuf_dma.c ****                                   ReqestPerBurst,
 107:.\Generated_Source\PSoC5/TPS_ADC_TempBuf_dma.c ****                                   (uint8)TPS_ADC_TempBuf__TERMOUT0_SEL,
 108:.\Generated_Source\PSoC5/TPS_ADC_TempBuf_dma.c ****                                   (uint8)TPS_ADC_TempBuf__TERMOUT1_SEL,
 109:.\Generated_Source\PSoC5/TPS_ADC_TempBuf_dma.c ****                                   (uint8)TPS_ADC_TempBuf__TERMIN_SEL);
 110:.\Generated_Source\PSoC5/TPS_ADC_TempBuf_dma.c **** 
ARM GAS  C:\Users\mitchell\AppData\Local\Temp\ccnsspLk.s 			page 4


 111:.\Generated_Source\PSoC5/TPS_ADC_TempBuf_dma.c ****     /* Set the extended address for the transfers */
 112:.\Generated_Source\PSoC5/TPS_ADC_TempBuf_dma.c ****     (void)CyDmaChSetExtendedAddress(TPS_ADC_TempBuf_DmaHandle, UpperSrcAddress, UpperDestAddress);
  62              		.loc 1 112 0
  63 0022 2078     		ldrb	r0, [r4]	@ zero_extendqisi2
  64 0024 3146     		mov	r1, r6
  65 0026 2A46     		mov	r2, r5
  66 0028 FFF7FEFF 		bl	CyDmaChSetExtendedAddress
  67              	.LVL6:
 113:.\Generated_Source\PSoC5/TPS_ADC_TempBuf_dma.c **** 
 114:.\Generated_Source\PSoC5/TPS_ADC_TempBuf_dma.c ****     /* Set the priority for this channel */
 115:.\Generated_Source\PSoC5/TPS_ADC_TempBuf_dma.c ****     (void)CyDmaChPriority(TPS_ADC_TempBuf_DmaHandle, (uint8)TPS_ADC_TempBuf__PRIORITY);
  68              		.loc 1 115 0
  69 002c 2078     		ldrb	r0, [r4]	@ zero_extendqisi2
  70 002e 0221     		movs	r1, #2
  71 0030 FFF7FEFF 		bl	CyDmaChPriority
  72              	.LVL7:
 116:.\Generated_Source\PSoC5/TPS_ADC_TempBuf_dma.c ****     
 117:.\Generated_Source\PSoC5/TPS_ADC_TempBuf_dma.c ****     return TPS_ADC_TempBuf_DmaHandle;
 118:.\Generated_Source\PSoC5/TPS_ADC_TempBuf_dma.c **** }
  73              		.loc 1 118 0
  74 0034 2078     		ldrb	r0, [r4]	@ zero_extendqisi2
  75 0036 03B0     		add	sp, sp, #12
  76              		.cfi_def_cfa_offset 20
  77              		@ sp needed
  78 0038 F0BD     		pop	{r4, r5, r6, r7, pc}
  79              	.L4:
  80 003a 00BF     		.align	2
  81              	.L3:
  82 003c 00000000 		.word	.LANCHOR0
  83              		.cfi_endproc
  84              	.LFE0:
  85              		.size	TPS_ADC_TempBuf_DmaInitialize, .-TPS_ADC_TempBuf_DmaInitialize
  86              		.section	.text.TPS_ADC_TempBuf_DmaRelease,"ax",%progbits
  87              		.align	2
  88              		.global	TPS_ADC_TempBuf_DmaRelease
  89              		.thumb
  90              		.thumb_func
  91              		.type	TPS_ADC_TempBuf_DmaRelease, %function
  92              	TPS_ADC_TempBuf_DmaRelease:
  93              	.LFB1:
 119:.\Generated_Source\PSoC5/TPS_ADC_TempBuf_dma.c **** 
 120:.\Generated_Source\PSoC5/TPS_ADC_TempBuf_dma.c **** /*********************************************************************
 121:.\Generated_Source\PSoC5/TPS_ADC_TempBuf_dma.c **** * Function Name: void TPS_ADC_TempBuf_DmaRelease
 122:.\Generated_Source\PSoC5/TPS_ADC_TempBuf_dma.c **** **********************************************************************
 123:.\Generated_Source\PSoC5/TPS_ADC_TempBuf_dma.c **** * Summary:
 124:.\Generated_Source\PSoC5/TPS_ADC_TempBuf_dma.c **** *   Frees the channel associated with TPS_ADC_TempBuf.
 125:.\Generated_Source\PSoC5/TPS_ADC_TempBuf_dma.c **** *
 126:.\Generated_Source\PSoC5/TPS_ADC_TempBuf_dma.c **** *
 127:.\Generated_Source\PSoC5/TPS_ADC_TempBuf_dma.c **** * Parameters:
 128:.\Generated_Source\PSoC5/TPS_ADC_TempBuf_dma.c **** *   void.
 129:.\Generated_Source\PSoC5/TPS_ADC_TempBuf_dma.c **** *
 130:.\Generated_Source\PSoC5/TPS_ADC_TempBuf_dma.c **** *
 131:.\Generated_Source\PSoC5/TPS_ADC_TempBuf_dma.c **** *
 132:.\Generated_Source\PSoC5/TPS_ADC_TempBuf_dma.c **** * Return:
 133:.\Generated_Source\PSoC5/TPS_ADC_TempBuf_dma.c **** *   void.
 134:.\Generated_Source\PSoC5/TPS_ADC_TempBuf_dma.c **** *
 135:.\Generated_Source\PSoC5/TPS_ADC_TempBuf_dma.c **** *******************************************************************/
ARM GAS  C:\Users\mitchell\AppData\Local\Temp\ccnsspLk.s 			page 5


 136:.\Generated_Source\PSoC5/TPS_ADC_TempBuf_dma.c **** void TPS_ADC_TempBuf_DmaRelease(void) 
 137:.\Generated_Source\PSoC5/TPS_ADC_TempBuf_dma.c **** {
  94              		.loc 1 137 0
  95              		.cfi_startproc
  96              		@ args = 0, pretend = 0, frame = 0
  97              		@ frame_needed = 0, uses_anonymous_args = 0
  98 0000 08B5     		push	{r3, lr}
  99              		.cfi_def_cfa_offset 8
 100              		.cfi_offset 3, -8
 101              		.cfi_offset 14, -4
 138:.\Generated_Source\PSoC5/TPS_ADC_TempBuf_dma.c ****     /* Disable the channel */
 139:.\Generated_Source\PSoC5/TPS_ADC_TempBuf_dma.c ****     (void)CyDmaChDisable(TPS_ADC_TempBuf_DmaHandle);
 102              		.loc 1 139 0
 103 0002 024B     		ldr	r3, .L7
 104 0004 1878     		ldrb	r0, [r3]	@ zero_extendqisi2
 105 0006 FFF7FEFF 		bl	CyDmaChDisable
 106              	.LVL8:
 107 000a 08BD     		pop	{r3, pc}
 108              	.L8:
 109              		.align	2
 110              	.L7:
 111 000c 00000000 		.word	.LANCHOR0
 112              		.cfi_endproc
 113              	.LFE1:
 114              		.size	TPS_ADC_TempBuf_DmaRelease, .-TPS_ADC_TempBuf_DmaRelease
 115              		.global	TPS_ADC_TempBuf_DmaHandle
 116              		.data
 117              		.set	.LANCHOR0,. + 0
 118              		.type	TPS_ADC_TempBuf_DmaHandle, %object
 119              		.size	TPS_ADC_TempBuf_DmaHandle, 1
 120              	TPS_ADC_TempBuf_DmaHandle:
 121 0000 FF       		.byte	-1
 122              		.text
 123              	.Letext0:
 124              		.file 2 "Generated_Source\\PSoC5/cytypes.h"
 125              		.file 3 "Generated_Source\\PSoC5/CYDMAC.H"
 126              		.section	.debug_info,"",%progbits
 127              	.Ldebug_info0:
 128 0000 F7010000 		.4byte	0x1f7
 129 0004 0400     		.2byte	0x4
 130 0006 00000000 		.4byte	.Ldebug_abbrev0
 131 000a 04       		.byte	0x4
 132 000b 01       		.uleb128 0x1
 133 000c 25010000 		.4byte	.LASF23
 134 0010 01       		.byte	0x1
 135 0011 28020000 		.4byte	.LASF24
 136 0015 7A000000 		.4byte	.LASF25
 137 0019 00000000 		.4byte	.Ldebug_ranges0+0
 138 001d 00000000 		.4byte	0
 139 0021 00000000 		.4byte	.Ldebug_line0
 140 0025 02       		.uleb128 0x2
 141 0026 04       		.byte	0x4
 142 0027 05       		.byte	0x5
 143 0028 696E7400 		.ascii	"int\000"
 144 002c 03       		.uleb128 0x3
 145 002d 04       		.byte	0x4
 146 002e 07       		.byte	0x7
ARM GAS  C:\Users\mitchell\AppData\Local\Temp\ccnsspLk.s 			page 6


 147 002f B3010000 		.4byte	.LASF0
 148 0033 03       		.uleb128 0x3
 149 0034 01       		.byte	0x1
 150 0035 06       		.byte	0x6
 151 0036 60020000 		.4byte	.LASF1
 152 003a 03       		.uleb128 0x3
 153 003b 01       		.byte	0x1
 154 003c 08       		.byte	0x8
 155 003d 6C000000 		.4byte	.LASF2
 156 0041 03       		.uleb128 0x3
 157 0042 02       		.byte	0x2
 158 0043 05       		.byte	0x5
 159 0044 1E020000 		.4byte	.LASF3
 160 0048 03       		.uleb128 0x3
 161 0049 02       		.byte	0x2
 162 004a 07       		.byte	0x7
 163 004b 38000000 		.4byte	.LASF4
 164 004f 03       		.uleb128 0x3
 165 0050 04       		.byte	0x4
 166 0051 05       		.byte	0x5
 167 0052 57020000 		.4byte	.LASF5
 168 0056 03       		.uleb128 0x3
 169 0057 04       		.byte	0x4
 170 0058 07       		.byte	0x7
 171 0059 E5000000 		.4byte	.LASF6
 172 005d 03       		.uleb128 0x3
 173 005e 08       		.byte	0x8
 174 005f 05       		.byte	0x5
 175 0060 F1010000 		.4byte	.LASF7
 176 0064 03       		.uleb128 0x3
 177 0065 08       		.byte	0x8
 178 0066 07       		.byte	0x7
 179 0067 C0010000 		.4byte	.LASF8
 180 006b 03       		.uleb128 0x3
 181 006c 04       		.byte	0x4
 182 006d 07       		.byte	0x7
 183 006e E8010000 		.4byte	.LASF9
 184 0072 03       		.uleb128 0x3
 185 0073 01       		.byte	0x1
 186 0074 08       		.byte	0x8
 187 0075 19020000 		.4byte	.LASF10
 188 0079 04       		.uleb128 0x4
 189 007a F7000000 		.4byte	.LASF11
 190 007e 02       		.byte	0x2
 191 007f B4       		.byte	0xb4
 192 0080 3A000000 		.4byte	0x3a
 193 0084 04       		.uleb128 0x4
 194 0085 1E010000 		.4byte	.LASF12
 195 0089 02       		.byte	0x2
 196 008a B5       		.byte	0xb5
 197 008b 48000000 		.4byte	0x48
 198 008f 03       		.uleb128 0x3
 199 0090 04       		.byte	0x4
 200 0091 04       		.byte	0x4
 201 0092 66000000 		.4byte	.LASF13
 202 0096 03       		.uleb128 0x3
 203 0097 08       		.byte	0x8
ARM GAS  C:\Users\mitchell\AppData\Local\Temp\ccnsspLk.s 			page 7


 204 0098 04       		.byte	0x4
 205 0099 FD000000 		.4byte	.LASF14
 206 009d 05       		.uleb128 0x5
 207 009e 00000000 		.4byte	.LASF15
 208 00a2 02       		.byte	0x2
 209 00a3 5601     		.2byte	0x156
 210 00a5 56000000 		.4byte	0x56
 211 00a9 06       		.uleb128 0x6
 212 00aa C7000000 		.4byte	.LASF26
 213 00ae 01       		.byte	0x1
 214 00af 61       		.byte	0x61
 215 00b0 79000000 		.4byte	0x79
 216 00b4 00000000 		.4byte	.LFB0
 217 00b8 40000000 		.4byte	.LFE0-.LFB0
 218 00bc 01       		.uleb128 0x1
 219 00bd 9C       		.byte	0x9c
 220 00be 52010000 		.4byte	0x152
 221 00c2 07       		.uleb128 0x7
 222 00c3 BC000000 		.4byte	.LASF16
 223 00c7 01       		.byte	0x1
 224 00c8 61       		.byte	0x61
 225 00c9 79000000 		.4byte	0x79
 226 00cd 00000000 		.4byte	.LLST0
 227 00d1 07       		.uleb128 0x7
 228 00d2 29000000 		.4byte	.LASF17
 229 00d6 01       		.byte	0x1
 230 00d7 61       		.byte	0x61
 231 00d8 79000000 		.4byte	0x79
 232 00dc 21000000 		.4byte	.LLST1
 233 00e0 07       		.uleb128 0x7
 234 00e1 09000000 		.4byte	.LASF18
 235 00e5 01       		.byte	0x1
 236 00e6 61       		.byte	0x61
 237 00e7 84000000 		.4byte	0x84
 238 00eb 42000000 		.4byte	.LLST2
 239 00ef 07       		.uleb128 0x7
 240 00f0 D7010000 		.4byte	.LASF19
 241 00f4 01       		.byte	0x1
 242 00f5 61       		.byte	0x61
 243 00f6 84000000 		.4byte	0x84
 244 00fa 63000000 		.4byte	.LLST3
 245 00fe 08       		.uleb128 0x8
 246 00ff 22000000 		.4byte	.LVL5
 247 0103 82010000 		.4byte	0x182
 248 0107 28010000 		.4byte	0x128
 249 010b 09       		.uleb128 0x9
 250 010c 01       		.uleb128 0x1
 251 010d 53       		.byte	0x53
 252 010e 01       		.uleb128 0x1
 253 010f 33       		.byte	0x33
 254 0110 09       		.uleb128 0x9
 255 0111 01       		.uleb128 0x1
 256 0112 52       		.byte	0x52
 257 0113 02       		.uleb128 0x2
 258 0114 77       		.byte	0x77
 259 0115 00       		.sleb128 0
 260 0116 09       		.uleb128 0x9
ARM GAS  C:\Users\mitchell\AppData\Local\Temp\ccnsspLk.s 			page 8


 261 0117 01       		.uleb128 0x1
 262 0118 50       		.byte	0x50
 263 0119 01       		.uleb128 0x1
 264 011a 33       		.byte	0x33
 265 011b 09       		.uleb128 0x9
 266 011c 02       		.uleb128 0x2
 267 011d 7D       		.byte	0x7d
 268 011e 04       		.sleb128 4
 269 011f 01       		.uleb128 0x1
 270 0120 30       		.byte	0x30
 271 0121 09       		.uleb128 0x9
 272 0122 02       		.uleb128 0x2
 273 0123 7D       		.byte	0x7d
 274 0124 00       		.sleb128 0
 275 0125 01       		.uleb128 0x1
 276 0126 30       		.byte	0x30
 277 0127 00       		.byte	0
 278 0128 08       		.uleb128 0x8
 279 0129 2C000000 		.4byte	.LVL6
 280 012d B0010000 		.4byte	0x1b0
 281 0131 42010000 		.4byte	0x142
 282 0135 09       		.uleb128 0x9
 283 0136 01       		.uleb128 0x1
 284 0137 52       		.byte	0x52
 285 0138 02       		.uleb128 0x2
 286 0139 75       		.byte	0x75
 287 013a 00       		.sleb128 0
 288 013b 09       		.uleb128 0x9
 289 013c 01       		.uleb128 0x1
 290 013d 51       		.byte	0x51
 291 013e 02       		.uleb128 0x2
 292 013f 76       		.byte	0x76
 293 0140 00       		.sleb128 0
 294 0141 00       		.byte	0
 295 0142 0A       		.uleb128 0xa
 296 0143 34000000 		.4byte	.LVL7
 297 0147 CF010000 		.4byte	0x1cf
 298 014b 09       		.uleb128 0x9
 299 014c 01       		.uleb128 0x1
 300 014d 51       		.byte	0x51
 301 014e 01       		.uleb128 0x1
 302 014f 32       		.byte	0x32
 303 0150 00       		.byte	0
 304 0151 00       		.byte	0
 305 0152 0B       		.uleb128 0xb
 306 0153 4B000000 		.4byte	.LASF27
 307 0157 01       		.byte	0x1
 308 0158 88       		.byte	0x88
 309 0159 00000000 		.4byte	.LFB1
 310 015d 10000000 		.4byte	.LFE1-.LFB1
 311 0161 01       		.uleb128 0x1
 312 0162 9C       		.byte	0x9c
 313 0163 71010000 		.4byte	0x171
 314 0167 0C       		.uleb128 0xc
 315 0168 0A000000 		.4byte	.LVL8
 316 016c E9010000 		.4byte	0x1e9
 317 0170 00       		.byte	0
ARM GAS  C:\Users\mitchell\AppData\Local\Temp\ccnsspLk.s 			page 9


 318 0171 0D       		.uleb128 0xd
 319 0172 04010000 		.4byte	.LASF28
 320 0176 01       		.byte	0x1
 321 0177 45       		.byte	0x45
 322 0178 79000000 		.4byte	0x79
 323 017c 05       		.uleb128 0x5
 324 017d 03       		.byte	0x3
 325 017e 00000000 		.4byte	TPS_ADC_TempBuf_DmaHandle
 326 0182 0E       		.uleb128 0xe
 327 0183 7B020000 		.4byte	.LASF20
 328 0187 03       		.byte	0x3
 329 0188 34       		.byte	0x34
 330 0189 9D000000 		.4byte	0x9d
 331 018d B0010000 		.4byte	0x1b0
 332 0191 0F       		.uleb128 0xf
 333 0192 79000000 		.4byte	0x79
 334 0196 0F       		.uleb128 0xf
 335 0197 79000000 		.4byte	0x79
 336 019b 0F       		.uleb128 0xf
 337 019c 79000000 		.4byte	0x79
 338 01a0 0F       		.uleb128 0xf
 339 01a1 79000000 		.4byte	0x79
 340 01a5 0F       		.uleb128 0xf
 341 01a6 79000000 		.4byte	0x79
 342 01aa 0F       		.uleb128 0xf
 343 01ab 79000000 		.4byte	0x79
 344 01af 00       		.byte	0
 345 01b0 0E       		.uleb128 0xe
 346 01b1 FF010000 		.4byte	.LASF21
 347 01b5 03       		.byte	0x3
 348 01b6 2E       		.byte	0x2e
 349 01b7 9D000000 		.4byte	0x9d
 350 01bb CF010000 		.4byte	0x1cf
 351 01bf 0F       		.uleb128 0xf
 352 01c0 79000000 		.4byte	0x79
 353 01c4 0F       		.uleb128 0xf
 354 01c5 84000000 		.4byte	0x84
 355 01c9 0F       		.uleb128 0xf
 356 01ca 84000000 		.4byte	0x84
 357 01ce 00       		.byte	0
 358 01cf 0E       		.uleb128 0xe
 359 01d0 19000000 		.4byte	.LASF22
 360 01d4 03       		.byte	0x3
 361 01d5 2D       		.byte	0x2d
 362 01d6 9D000000 		.4byte	0x9d
 363 01da E9010000 		.4byte	0x1e9
 364 01de 0F       		.uleb128 0xf
 365 01df 79000000 		.4byte	0x79
 366 01e3 0F       		.uleb128 0xf
 367 01e4 79000000 		.4byte	0x79
 368 01e8 00       		.byte	0
 369 01e9 10       		.uleb128 0x10
 370 01ea 6C020000 		.4byte	.LASF29
 371 01ee 03       		.byte	0x3
 372 01ef 2B       		.byte	0x2b
 373 01f0 9D000000 		.4byte	0x9d
 374 01f4 0F       		.uleb128 0xf
ARM GAS  C:\Users\mitchell\AppData\Local\Temp\ccnsspLk.s 			page 10


 375 01f5 79000000 		.4byte	0x79
 376 01f9 00       		.byte	0
 377 01fa 00       		.byte	0
 378              		.section	.debug_abbrev,"",%progbits
 379              	.Ldebug_abbrev0:
 380 0000 01       		.uleb128 0x1
 381 0001 11       		.uleb128 0x11
 382 0002 01       		.byte	0x1
 383 0003 25       		.uleb128 0x25
 384 0004 0E       		.uleb128 0xe
 385 0005 13       		.uleb128 0x13
 386 0006 0B       		.uleb128 0xb
 387 0007 03       		.uleb128 0x3
 388 0008 0E       		.uleb128 0xe
 389 0009 1B       		.uleb128 0x1b
 390 000a 0E       		.uleb128 0xe
 391 000b 55       		.uleb128 0x55
 392 000c 17       		.uleb128 0x17
 393 000d 11       		.uleb128 0x11
 394 000e 01       		.uleb128 0x1
 395 000f 10       		.uleb128 0x10
 396 0010 17       		.uleb128 0x17
 397 0011 00       		.byte	0
 398 0012 00       		.byte	0
 399 0013 02       		.uleb128 0x2
 400 0014 24       		.uleb128 0x24
 401 0015 00       		.byte	0
 402 0016 0B       		.uleb128 0xb
 403 0017 0B       		.uleb128 0xb
 404 0018 3E       		.uleb128 0x3e
 405 0019 0B       		.uleb128 0xb
 406 001a 03       		.uleb128 0x3
 407 001b 08       		.uleb128 0x8
 408 001c 00       		.byte	0
 409 001d 00       		.byte	0
 410 001e 03       		.uleb128 0x3
 411 001f 24       		.uleb128 0x24
 412 0020 00       		.byte	0
 413 0021 0B       		.uleb128 0xb
 414 0022 0B       		.uleb128 0xb
 415 0023 3E       		.uleb128 0x3e
 416 0024 0B       		.uleb128 0xb
 417 0025 03       		.uleb128 0x3
 418 0026 0E       		.uleb128 0xe
 419 0027 00       		.byte	0
 420 0028 00       		.byte	0
 421 0029 04       		.uleb128 0x4
 422 002a 16       		.uleb128 0x16
 423 002b 00       		.byte	0
 424 002c 03       		.uleb128 0x3
 425 002d 0E       		.uleb128 0xe
 426 002e 3A       		.uleb128 0x3a
 427 002f 0B       		.uleb128 0xb
 428 0030 3B       		.uleb128 0x3b
 429 0031 0B       		.uleb128 0xb
 430 0032 49       		.uleb128 0x49
 431 0033 13       		.uleb128 0x13
ARM GAS  C:\Users\mitchell\AppData\Local\Temp\ccnsspLk.s 			page 11


 432 0034 00       		.byte	0
 433 0035 00       		.byte	0
 434 0036 05       		.uleb128 0x5
 435 0037 16       		.uleb128 0x16
 436 0038 00       		.byte	0
 437 0039 03       		.uleb128 0x3
 438 003a 0E       		.uleb128 0xe
 439 003b 3A       		.uleb128 0x3a
 440 003c 0B       		.uleb128 0xb
 441 003d 3B       		.uleb128 0x3b
 442 003e 05       		.uleb128 0x5
 443 003f 49       		.uleb128 0x49
 444 0040 13       		.uleb128 0x13
 445 0041 00       		.byte	0
 446 0042 00       		.byte	0
 447 0043 06       		.uleb128 0x6
 448 0044 2E       		.uleb128 0x2e
 449 0045 01       		.byte	0x1
 450 0046 3F       		.uleb128 0x3f
 451 0047 19       		.uleb128 0x19
 452 0048 03       		.uleb128 0x3
 453 0049 0E       		.uleb128 0xe
 454 004a 3A       		.uleb128 0x3a
 455 004b 0B       		.uleb128 0xb
 456 004c 3B       		.uleb128 0x3b
 457 004d 0B       		.uleb128 0xb
 458 004e 27       		.uleb128 0x27
 459 004f 19       		.uleb128 0x19
 460 0050 49       		.uleb128 0x49
 461 0051 13       		.uleb128 0x13
 462 0052 11       		.uleb128 0x11
 463 0053 01       		.uleb128 0x1
 464 0054 12       		.uleb128 0x12
 465 0055 06       		.uleb128 0x6
 466 0056 40       		.uleb128 0x40
 467 0057 18       		.uleb128 0x18
 468 0058 9742     		.uleb128 0x2117
 469 005a 19       		.uleb128 0x19
 470 005b 01       		.uleb128 0x1
 471 005c 13       		.uleb128 0x13
 472 005d 00       		.byte	0
 473 005e 00       		.byte	0
 474 005f 07       		.uleb128 0x7
 475 0060 05       		.uleb128 0x5
 476 0061 00       		.byte	0
 477 0062 03       		.uleb128 0x3
 478 0063 0E       		.uleb128 0xe
 479 0064 3A       		.uleb128 0x3a
 480 0065 0B       		.uleb128 0xb
 481 0066 3B       		.uleb128 0x3b
 482 0067 0B       		.uleb128 0xb
 483 0068 49       		.uleb128 0x49
 484 0069 13       		.uleb128 0x13
 485 006a 02       		.uleb128 0x2
 486 006b 17       		.uleb128 0x17
 487 006c 00       		.byte	0
 488 006d 00       		.byte	0
ARM GAS  C:\Users\mitchell\AppData\Local\Temp\ccnsspLk.s 			page 12


 489 006e 08       		.uleb128 0x8
 490 006f 898201   		.uleb128 0x4109
 491 0072 01       		.byte	0x1
 492 0073 11       		.uleb128 0x11
 493 0074 01       		.uleb128 0x1
 494 0075 31       		.uleb128 0x31
 495 0076 13       		.uleb128 0x13
 496 0077 01       		.uleb128 0x1
 497 0078 13       		.uleb128 0x13
 498 0079 00       		.byte	0
 499 007a 00       		.byte	0
 500 007b 09       		.uleb128 0x9
 501 007c 8A8201   		.uleb128 0x410a
 502 007f 00       		.byte	0
 503 0080 02       		.uleb128 0x2
 504 0081 18       		.uleb128 0x18
 505 0082 9142     		.uleb128 0x2111
 506 0084 18       		.uleb128 0x18
 507 0085 00       		.byte	0
 508 0086 00       		.byte	0
 509 0087 0A       		.uleb128 0xa
 510 0088 898201   		.uleb128 0x4109
 511 008b 01       		.byte	0x1
 512 008c 11       		.uleb128 0x11
 513 008d 01       		.uleb128 0x1
 514 008e 31       		.uleb128 0x31
 515 008f 13       		.uleb128 0x13
 516 0090 00       		.byte	0
 517 0091 00       		.byte	0
 518 0092 0B       		.uleb128 0xb
 519 0093 2E       		.uleb128 0x2e
 520 0094 01       		.byte	0x1
 521 0095 3F       		.uleb128 0x3f
 522 0096 19       		.uleb128 0x19
 523 0097 03       		.uleb128 0x3
 524 0098 0E       		.uleb128 0xe
 525 0099 3A       		.uleb128 0x3a
 526 009a 0B       		.uleb128 0xb
 527 009b 3B       		.uleb128 0x3b
 528 009c 0B       		.uleb128 0xb
 529 009d 27       		.uleb128 0x27
 530 009e 19       		.uleb128 0x19
 531 009f 11       		.uleb128 0x11
 532 00a0 01       		.uleb128 0x1
 533 00a1 12       		.uleb128 0x12
 534 00a2 06       		.uleb128 0x6
 535 00a3 40       		.uleb128 0x40
 536 00a4 18       		.uleb128 0x18
 537 00a5 9742     		.uleb128 0x2117
 538 00a7 19       		.uleb128 0x19
 539 00a8 01       		.uleb128 0x1
 540 00a9 13       		.uleb128 0x13
 541 00aa 00       		.byte	0
 542 00ab 00       		.byte	0
 543 00ac 0C       		.uleb128 0xc
 544 00ad 898201   		.uleb128 0x4109
 545 00b0 00       		.byte	0
ARM GAS  C:\Users\mitchell\AppData\Local\Temp\ccnsspLk.s 			page 13


 546 00b1 11       		.uleb128 0x11
 547 00b2 01       		.uleb128 0x1
 548 00b3 31       		.uleb128 0x31
 549 00b4 13       		.uleb128 0x13
 550 00b5 00       		.byte	0
 551 00b6 00       		.byte	0
 552 00b7 0D       		.uleb128 0xd
 553 00b8 34       		.uleb128 0x34
 554 00b9 00       		.byte	0
 555 00ba 03       		.uleb128 0x3
 556 00bb 0E       		.uleb128 0xe
 557 00bc 3A       		.uleb128 0x3a
 558 00bd 0B       		.uleb128 0xb
 559 00be 3B       		.uleb128 0x3b
 560 00bf 0B       		.uleb128 0xb
 561 00c0 49       		.uleb128 0x49
 562 00c1 13       		.uleb128 0x13
 563 00c2 3F       		.uleb128 0x3f
 564 00c3 19       		.uleb128 0x19
 565 00c4 02       		.uleb128 0x2
 566 00c5 18       		.uleb128 0x18
 567 00c6 00       		.byte	0
 568 00c7 00       		.byte	0
 569 00c8 0E       		.uleb128 0xe
 570 00c9 2E       		.uleb128 0x2e
 571 00ca 01       		.byte	0x1
 572 00cb 3F       		.uleb128 0x3f
 573 00cc 19       		.uleb128 0x19
 574 00cd 03       		.uleb128 0x3
 575 00ce 0E       		.uleb128 0xe
 576 00cf 3A       		.uleb128 0x3a
 577 00d0 0B       		.uleb128 0xb
 578 00d1 3B       		.uleb128 0x3b
 579 00d2 0B       		.uleb128 0xb
 580 00d3 27       		.uleb128 0x27
 581 00d4 19       		.uleb128 0x19
 582 00d5 49       		.uleb128 0x49
 583 00d6 13       		.uleb128 0x13
 584 00d7 3C       		.uleb128 0x3c
 585 00d8 19       		.uleb128 0x19
 586 00d9 01       		.uleb128 0x1
 587 00da 13       		.uleb128 0x13
 588 00db 00       		.byte	0
 589 00dc 00       		.byte	0
 590 00dd 0F       		.uleb128 0xf
 591 00de 05       		.uleb128 0x5
 592 00df 00       		.byte	0
 593 00e0 49       		.uleb128 0x49
 594 00e1 13       		.uleb128 0x13
 595 00e2 00       		.byte	0
 596 00e3 00       		.byte	0
 597 00e4 10       		.uleb128 0x10
 598 00e5 2E       		.uleb128 0x2e
 599 00e6 01       		.byte	0x1
 600 00e7 3F       		.uleb128 0x3f
 601 00e8 19       		.uleb128 0x19
 602 00e9 03       		.uleb128 0x3
ARM GAS  C:\Users\mitchell\AppData\Local\Temp\ccnsspLk.s 			page 14


 603 00ea 0E       		.uleb128 0xe
 604 00eb 3A       		.uleb128 0x3a
 605 00ec 0B       		.uleb128 0xb
 606 00ed 3B       		.uleb128 0x3b
 607 00ee 0B       		.uleb128 0xb
 608 00ef 27       		.uleb128 0x27
 609 00f0 19       		.uleb128 0x19
 610 00f1 49       		.uleb128 0x49
 611 00f2 13       		.uleb128 0x13
 612 00f3 3C       		.uleb128 0x3c
 613 00f4 19       		.uleb128 0x19
 614 00f5 00       		.byte	0
 615 00f6 00       		.byte	0
 616 00f7 00       		.byte	0
 617              		.section	.debug_loc,"",%progbits
 618              	.Ldebug_loc0:
 619              	.LLST0:
 620 0000 00000000 		.4byte	.LVL0
 621 0004 1A000000 		.4byte	.LVL3
 622 0008 0100     		.2byte	0x1
 623 000a 50       		.byte	0x50
 624 000b 1A000000 		.4byte	.LVL3
 625 000f 40000000 		.4byte	.LFE0
 626 0013 0400     		.2byte	0x4
 627 0015 F3       		.byte	0xf3
 628 0016 01       		.uleb128 0x1
 629 0017 50       		.byte	0x50
 630 0018 9F       		.byte	0x9f
 631 0019 00000000 		.4byte	0
 632 001d 00000000 		.4byte	0
 633              	.LLST1:
 634 0021 00000000 		.4byte	.LVL0
 635 0025 1C000000 		.4byte	.LVL4
 636 0029 0100     		.2byte	0x1
 637 002b 51       		.byte	0x51
 638 002c 1C000000 		.4byte	.LVL4
 639 0030 40000000 		.4byte	.LFE0
 640 0034 0400     		.2byte	0x4
 641 0036 F3       		.byte	0xf3
 642 0037 01       		.uleb128 0x1
 643 0038 51       		.byte	0x51
 644 0039 9F       		.byte	0x9f
 645 003a 00000000 		.4byte	0
 646 003e 00000000 		.4byte	0
 647              	.LLST2:
 648 0042 00000000 		.4byte	.LVL0
 649 0046 14000000 		.4byte	.LVL2
 650 004a 0100     		.2byte	0x1
 651 004c 52       		.byte	0x52
 652 004d 14000000 		.4byte	.LVL2
 653 0051 40000000 		.4byte	.LFE0
 654 0055 0400     		.2byte	0x4
 655 0057 F3       		.byte	0xf3
 656 0058 01       		.uleb128 0x1
 657 0059 52       		.byte	0x52
 658 005a 9F       		.byte	0x9f
 659 005b 00000000 		.4byte	0
ARM GAS  C:\Users\mitchell\AppData\Local\Temp\ccnsspLk.s 			page 15


 660 005f 00000000 		.4byte	0
 661              	.LLST3:
 662 0063 00000000 		.4byte	.LVL0
 663 0067 10000000 		.4byte	.LVL1
 664 006b 0100     		.2byte	0x1
 665 006d 53       		.byte	0x53
 666 006e 10000000 		.4byte	.LVL1
 667 0072 40000000 		.4byte	.LFE0
 668 0076 0400     		.2byte	0x4
 669 0078 F3       		.byte	0xf3
 670 0079 01       		.uleb128 0x1
 671 007a 53       		.byte	0x53
 672 007b 9F       		.byte	0x9f
 673 007c 00000000 		.4byte	0
 674 0080 00000000 		.4byte	0
 675              		.section	.debug_aranges,"",%progbits
 676 0000 24000000 		.4byte	0x24
 677 0004 0200     		.2byte	0x2
 678 0006 00000000 		.4byte	.Ldebug_info0
 679 000a 04       		.byte	0x4
 680 000b 00       		.byte	0
 681 000c 0000     		.2byte	0
 682 000e 0000     		.2byte	0
 683 0010 00000000 		.4byte	.LFB0
 684 0014 40000000 		.4byte	.LFE0-.LFB0
 685 0018 00000000 		.4byte	.LFB1
 686 001c 10000000 		.4byte	.LFE1-.LFB1
 687 0020 00000000 		.4byte	0
 688 0024 00000000 		.4byte	0
 689              		.section	.debug_ranges,"",%progbits
 690              	.Ldebug_ranges0:
 691 0000 00000000 		.4byte	.LFB0
 692 0004 40000000 		.4byte	.LFE0
 693 0008 00000000 		.4byte	.LFB1
 694 000c 10000000 		.4byte	.LFE1
 695 0010 00000000 		.4byte	0
 696 0014 00000000 		.4byte	0
 697              		.section	.debug_line,"",%progbits
 698              	.Ldebug_line0:
 699 0000 A1000000 		.section	.debug_str,"MS",%progbits,1
 699      02007500 
 699      00000201 
 699      FB0E0D00 
 699      01010101 
 700              	.LASF15:
 701 0000 63797374 		.ascii	"cystatus\000"
 701      61747573 
 701      00
 702              	.LASF18:
 703 0009 55707065 		.ascii	"UpperSrcAddress\000"
 703      72537263 
 703      41646472 
 703      65737300 
 704              	.LASF22:
 705 0019 4379446D 		.ascii	"CyDmaChPriority\000"
 705      61436850 
 705      72696F72 
ARM GAS  C:\Users\mitchell\AppData\Local\Temp\ccnsspLk.s 			page 16


 705      69747900 
 706              	.LASF17:
 707 0029 52657165 		.ascii	"ReqestPerBurst\000"
 707      73745065 
 707      72427572 
 707      737400
 708              	.LASF4:
 709 0038 73686F72 		.ascii	"short unsigned int\000"
 709      7420756E 
 709      7369676E 
 709      65642069 
 709      6E7400
 710              	.LASF27:
 711 004b 5450535F 		.ascii	"TPS_ADC_TempBuf_DmaRelease\000"
 711      4144435F 
 711      54656D70 
 711      4275665F 
 711      446D6152 
 712              	.LASF13:
 713 0066 666C6F61 		.ascii	"float\000"
 713      7400
 714              	.LASF2:
 715 006c 756E7369 		.ascii	"unsigned char\000"
 715      676E6564 
 715      20636861 
 715      7200
 716              	.LASF25:
 717 007a 433A5C55 		.ascii	"C:\\Users\\mitchell\\Documents\\FSAE\\E-Throttle\\P"
 717      73657273 
 717      5C6D6974 
 717      6368656C 
 717      6C5C446F 
 718 00a7 536F435C 		.ascii	"SoC\\E-Throttle.cydsn\000"
 718      452D5468 
 718      726F7474 
 718      6C652E63 
 718      7964736E 
 719              	.LASF16:
 720 00bc 42757273 		.ascii	"BurstCount\000"
 720      74436F75 
 720      6E7400
 721              	.LASF26:
 722 00c7 5450535F 		.ascii	"TPS_ADC_TempBuf_DmaInitialize\000"
 722      4144435F 
 722      54656D70 
 722      4275665F 
 722      446D6149 
 723              	.LASF6:
 724 00e5 6C6F6E67 		.ascii	"long unsigned int\000"
 724      20756E73 
 724      69676E65 
 724      6420696E 
 724      7400
 725              	.LASF11:
 726 00f7 75696E74 		.ascii	"uint8\000"
 726      3800
 727              	.LASF14:
ARM GAS  C:\Users\mitchell\AppData\Local\Temp\ccnsspLk.s 			page 17


 728 00fd 646F7562 		.ascii	"double\000"
 728      6C6500
 729              	.LASF28:
 730 0104 5450535F 		.ascii	"TPS_ADC_TempBuf_DmaHandle\000"
 730      4144435F 
 730      54656D70 
 730      4275665F 
 730      446D6148 
 731              	.LASF12:
 732 011e 75696E74 		.ascii	"uint16\000"
 732      313600
 733              	.LASF23:
 734 0125 474E5520 		.ascii	"GNU C 4.9.3 20150303 (release) [ARM/embedded-4_9-br"
 734      4320342E 
 734      392E3320 
 734      32303135 
 734      30333033 
 735 0158 616E6368 		.ascii	"anch revision 221220] -mcpu=cortex-m3 -mthumb -g -O"
 735      20726576 
 735      6973696F 
 735      6E203232 
 735      31323230 
 736 018b 67202D66 		.ascii	"g -ffunction-sections -ffat-lto-objects\000"
 736      66756E63 
 736      74696F6E 
 736      2D736563 
 736      74696F6E 
 737              	.LASF0:
 738 01b3 756E7369 		.ascii	"unsigned int\000"
 738      676E6564 
 738      20696E74 
 738      00
 739              	.LASF8:
 740 01c0 6C6F6E67 		.ascii	"long long unsigned int\000"
 740      206C6F6E 
 740      6720756E 
 740      7369676E 
 740      65642069 
 741              	.LASF19:
 742 01d7 55707065 		.ascii	"UpperDestAddress\000"
 742      72446573 
 742      74416464 
 742      72657373 
 742      00
 743              	.LASF9:
 744 01e8 73697A65 		.ascii	"sizetype\000"
 744      74797065 
 744      00
 745              	.LASF7:
 746 01f1 6C6F6E67 		.ascii	"long long int\000"
 746      206C6F6E 
 746      6720696E 
 746      7400
 747              	.LASF21:
 748 01ff 4379446D 		.ascii	"CyDmaChSetExtendedAddress\000"
 748      61436853 
 748      65744578 
ARM GAS  C:\Users\mitchell\AppData\Local\Temp\ccnsspLk.s 			page 18


 748      74656E64 
 748      65644164 
 749              	.LASF10:
 750 0219 63686172 		.ascii	"char\000"
 750      00
 751              	.LASF3:
 752 021e 73686F72 		.ascii	"short int\000"
 752      7420696E 
 752      7400
 753              	.LASF24:
 754 0228 2E5C4765 		.ascii	".\\Generated_Source\\PSoC5\\TPS_ADC_TempBuf_dma.c\000"
 754      6E657261 
 754      7465645F 
 754      536F7572 
 754      63655C50 
 755              	.LASF5:
 756 0257 6C6F6E67 		.ascii	"long int\000"
 756      20696E74 
 756      00
 757              	.LASF1:
 758 0260 7369676E 		.ascii	"signed char\000"
 758      65642063 
 758      68617200 
 759              	.LASF29:
 760 026c 4379446D 		.ascii	"CyDmaChDisable\000"
 760      61436844 
 760      69736162 
 760      6C6500
 761              	.LASF20:
 762 027b 4379446D 		.ascii	"CyDmaChSetConfiguration\000"
 762      61436853 
 762      6574436F 
 762      6E666967 
 762      75726174 
 763              		.ident	"GCC: (GNU Tools for ARM Embedded Processors) 4.9.3 20150303 (release) [ARM/embedded-4_9-br
