ARM GAS  C:\Users\mitchell\AppData\Local\Temp\cckE6Efy.s 			page 1


   1              		.syntax unified
   2              		.cpu cortex-m3
   3              		.fpu softvfp
   4              		.eabi_attribute 20, 1
   5              		.eabi_attribute 21, 1
   6              		.eabi_attribute 23, 3
   7              		.eabi_attribute 24, 1
   8              		.eabi_attribute 25, 1
   9              		.eabi_attribute 26, 1
  10              		.eabi_attribute 30, 1
  11              		.eabi_attribute 34, 1
  12              		.eabi_attribute 18, 4
  13              		.thumb
  14              		.file	"TPS_ADC_FinalBuf_dma.c"
  15              		.text
  16              	.Ltext0:
  17              		.cfi_sections	.debug_frame
  18              		.section	.text.TPS_ADC_FinalBuf_DmaInitialize,"ax",%progbits
  19              		.align	2
  20              		.global	TPS_ADC_FinalBuf_DmaInitialize
  21              		.thumb
  22              		.thumb_func
  23              		.type	TPS_ADC_FinalBuf_DmaInitialize, %function
  24              	TPS_ADC_FinalBuf_DmaInitialize:
  25              	.LFB0:
  26              		.file 1 ".\\Generated_Source\\PSoC5\\TPS_ADC_FinalBuf_dma.c"
   1:.\Generated_Source\PSoC5/TPS_ADC_FinalBuf_dma.c **** /***************************************************************************
   2:.\Generated_Source\PSoC5/TPS_ADC_FinalBuf_dma.c **** * File Name: TPS_ADC_FinalBuf_dma.c  
   3:.\Generated_Source\PSoC5/TPS_ADC_FinalBuf_dma.c **** * Version 1.70
   4:.\Generated_Source\PSoC5/TPS_ADC_FinalBuf_dma.c **** *
   5:.\Generated_Source\PSoC5/TPS_ADC_FinalBuf_dma.c **** *  Description:
   6:.\Generated_Source\PSoC5/TPS_ADC_FinalBuf_dma.c **** *   Provides an API for the DMAC component. The API includes functions
   7:.\Generated_Source\PSoC5/TPS_ADC_FinalBuf_dma.c **** *   for the DMA controller, DMA channels and Transfer Descriptors.
   8:.\Generated_Source\PSoC5/TPS_ADC_FinalBuf_dma.c **** *
   9:.\Generated_Source\PSoC5/TPS_ADC_FinalBuf_dma.c **** *
  10:.\Generated_Source\PSoC5/TPS_ADC_FinalBuf_dma.c **** *   Note:
  11:.\Generated_Source\PSoC5/TPS_ADC_FinalBuf_dma.c **** *     This module requires the developer to finish or fill in the auto
  12:.\Generated_Source\PSoC5/TPS_ADC_FinalBuf_dma.c **** *     generated funcions and setup the dma channel and TD's.
  13:.\Generated_Source\PSoC5/TPS_ADC_FinalBuf_dma.c **** *
  14:.\Generated_Source\PSoC5/TPS_ADC_FinalBuf_dma.c **** ********************************************************************************
  15:.\Generated_Source\PSoC5/TPS_ADC_FinalBuf_dma.c **** * Copyright 2008-2010, Cypress Semiconductor Corporation.  All rights reserved.
  16:.\Generated_Source\PSoC5/TPS_ADC_FinalBuf_dma.c **** * You may use this file only in accordance with the license, terms, conditions, 
  17:.\Generated_Source\PSoC5/TPS_ADC_FinalBuf_dma.c **** * disclaimers, and limitations in the end user license agreement accompanying 
  18:.\Generated_Source\PSoC5/TPS_ADC_FinalBuf_dma.c **** * the software package with which this file was provided.
  19:.\Generated_Source\PSoC5/TPS_ADC_FinalBuf_dma.c **** ********************************************************************************/
  20:.\Generated_Source\PSoC5/TPS_ADC_FinalBuf_dma.c **** #include <CYLIB.H>
  21:.\Generated_Source\PSoC5/TPS_ADC_FinalBuf_dma.c **** #include <CYDMAC.H>
  22:.\Generated_Source\PSoC5/TPS_ADC_FinalBuf_dma.c **** #include <TPS_ADC_FinalBuf_dma.H>
  23:.\Generated_Source\PSoC5/TPS_ADC_FinalBuf_dma.c **** 
  24:.\Generated_Source\PSoC5/TPS_ADC_FinalBuf_dma.c **** 
  25:.\Generated_Source\PSoC5/TPS_ADC_FinalBuf_dma.c **** 
  26:.\Generated_Source\PSoC5/TPS_ADC_FinalBuf_dma.c **** /****************************************************************************
  27:.\Generated_Source\PSoC5/TPS_ADC_FinalBuf_dma.c **** * 
  28:.\Generated_Source\PSoC5/TPS_ADC_FinalBuf_dma.c **** * The following defines are available in Cyfitter.h
  29:.\Generated_Source\PSoC5/TPS_ADC_FinalBuf_dma.c **** * 
  30:.\Generated_Source\PSoC5/TPS_ADC_FinalBuf_dma.c **** * 
  31:.\Generated_Source\PSoC5/TPS_ADC_FinalBuf_dma.c **** * 
ARM GAS  C:\Users\mitchell\AppData\Local\Temp\cckE6Efy.s 			page 2


  32:.\Generated_Source\PSoC5/TPS_ADC_FinalBuf_dma.c **** * TPS_ADC_FinalBuf__DRQ_CTL_REG
  33:.\Generated_Source\PSoC5/TPS_ADC_FinalBuf_dma.c **** * 
  34:.\Generated_Source\PSoC5/TPS_ADC_FinalBuf_dma.c **** * 
  35:.\Generated_Source\PSoC5/TPS_ADC_FinalBuf_dma.c **** * TPS_ADC_FinalBuf__DRQ_NUMBER
  36:.\Generated_Source\PSoC5/TPS_ADC_FinalBuf_dma.c **** * 
  37:.\Generated_Source\PSoC5/TPS_ADC_FinalBuf_dma.c **** * Number of TD's used by this channel.
  38:.\Generated_Source\PSoC5/TPS_ADC_FinalBuf_dma.c **** * TPS_ADC_FinalBuf__NUMBEROF_TDS
  39:.\Generated_Source\PSoC5/TPS_ADC_FinalBuf_dma.c **** * 
  40:.\Generated_Source\PSoC5/TPS_ADC_FinalBuf_dma.c **** * Priority of this channel.
  41:.\Generated_Source\PSoC5/TPS_ADC_FinalBuf_dma.c **** * TPS_ADC_FinalBuf__PRIORITY
  42:.\Generated_Source\PSoC5/TPS_ADC_FinalBuf_dma.c **** * 
  43:.\Generated_Source\PSoC5/TPS_ADC_FinalBuf_dma.c **** * True if TPS_ADC_FinalBuf_TERMIN_SEL is used.
  44:.\Generated_Source\PSoC5/TPS_ADC_FinalBuf_dma.c **** * TPS_ADC_FinalBuf__TERMIN_EN
  45:.\Generated_Source\PSoC5/TPS_ADC_FinalBuf_dma.c **** * 
  46:.\Generated_Source\PSoC5/TPS_ADC_FinalBuf_dma.c **** * TERMIN interrupt line to signal terminate.
  47:.\Generated_Source\PSoC5/TPS_ADC_FinalBuf_dma.c **** * TPS_ADC_FinalBuf__TERMIN_SEL
  48:.\Generated_Source\PSoC5/TPS_ADC_FinalBuf_dma.c **** * 
  49:.\Generated_Source\PSoC5/TPS_ADC_FinalBuf_dma.c **** * 
  50:.\Generated_Source\PSoC5/TPS_ADC_FinalBuf_dma.c **** * True if TPS_ADC_FinalBuf_TERMOUT0_SEL is used.
  51:.\Generated_Source\PSoC5/TPS_ADC_FinalBuf_dma.c **** * TPS_ADC_FinalBuf__TERMOUT0_EN
  52:.\Generated_Source\PSoC5/TPS_ADC_FinalBuf_dma.c **** * 
  53:.\Generated_Source\PSoC5/TPS_ADC_FinalBuf_dma.c **** * 
  54:.\Generated_Source\PSoC5/TPS_ADC_FinalBuf_dma.c **** * TERMOUT0 interrupt line to signal completion.
  55:.\Generated_Source\PSoC5/TPS_ADC_FinalBuf_dma.c **** * TPS_ADC_FinalBuf__TERMOUT0_SEL
  56:.\Generated_Source\PSoC5/TPS_ADC_FinalBuf_dma.c **** * 
  57:.\Generated_Source\PSoC5/TPS_ADC_FinalBuf_dma.c **** * 
  58:.\Generated_Source\PSoC5/TPS_ADC_FinalBuf_dma.c **** * True if TPS_ADC_FinalBuf_TERMOUT1_SEL is used.
  59:.\Generated_Source\PSoC5/TPS_ADC_FinalBuf_dma.c **** * TPS_ADC_FinalBuf__TERMOUT1_EN
  60:.\Generated_Source\PSoC5/TPS_ADC_FinalBuf_dma.c **** * 
  61:.\Generated_Source\PSoC5/TPS_ADC_FinalBuf_dma.c **** * 
  62:.\Generated_Source\PSoC5/TPS_ADC_FinalBuf_dma.c **** * TERMOUT1 interrupt line to signal completion.
  63:.\Generated_Source\PSoC5/TPS_ADC_FinalBuf_dma.c **** * TPS_ADC_FinalBuf__TERMOUT1_SEL
  64:.\Generated_Source\PSoC5/TPS_ADC_FinalBuf_dma.c **** * 
  65:.\Generated_Source\PSoC5/TPS_ADC_FinalBuf_dma.c **** ****************************************************************************/
  66:.\Generated_Source\PSoC5/TPS_ADC_FinalBuf_dma.c **** 
  67:.\Generated_Source\PSoC5/TPS_ADC_FinalBuf_dma.c **** 
  68:.\Generated_Source\PSoC5/TPS_ADC_FinalBuf_dma.c **** /* Zero based index of TPS_ADC_FinalBuf dma channel */
  69:.\Generated_Source\PSoC5/TPS_ADC_FinalBuf_dma.c **** uint8 TPS_ADC_FinalBuf_DmaHandle = DMA_INVALID_CHANNEL;
  70:.\Generated_Source\PSoC5/TPS_ADC_FinalBuf_dma.c **** 
  71:.\Generated_Source\PSoC5/TPS_ADC_FinalBuf_dma.c **** /*********************************************************************
  72:.\Generated_Source\PSoC5/TPS_ADC_FinalBuf_dma.c **** * Function Name: uint8 TPS_ADC_FinalBuf_DmaInitalize
  73:.\Generated_Source\PSoC5/TPS_ADC_FinalBuf_dma.c **** **********************************************************************
  74:.\Generated_Source\PSoC5/TPS_ADC_FinalBuf_dma.c **** * Summary:
  75:.\Generated_Source\PSoC5/TPS_ADC_FinalBuf_dma.c **** *   Allocates and initialises a channel of the DMAC to be used by the
  76:.\Generated_Source\PSoC5/TPS_ADC_FinalBuf_dma.c **** *   caller.
  77:.\Generated_Source\PSoC5/TPS_ADC_FinalBuf_dma.c **** *
  78:.\Generated_Source\PSoC5/TPS_ADC_FinalBuf_dma.c **** * Parameters:
  79:.\Generated_Source\PSoC5/TPS_ADC_FinalBuf_dma.c **** *   BurstCount.
  80:.\Generated_Source\PSoC5/TPS_ADC_FinalBuf_dma.c **** *       
  81:.\Generated_Source\PSoC5/TPS_ADC_FinalBuf_dma.c **** *       
  82:.\Generated_Source\PSoC5/TPS_ADC_FinalBuf_dma.c **** *   ReqestPerBurst.
  83:.\Generated_Source\PSoC5/TPS_ADC_FinalBuf_dma.c **** *       
  84:.\Generated_Source\PSoC5/TPS_ADC_FinalBuf_dma.c **** *       
  85:.\Generated_Source\PSoC5/TPS_ADC_FinalBuf_dma.c **** *   UpperSrcAddress.
  86:.\Generated_Source\PSoC5/TPS_ADC_FinalBuf_dma.c **** *       
  87:.\Generated_Source\PSoC5/TPS_ADC_FinalBuf_dma.c **** *       
  88:.\Generated_Source\PSoC5/TPS_ADC_FinalBuf_dma.c **** *   UpperDestAddress.
ARM GAS  C:\Users\mitchell\AppData\Local\Temp\cckE6Efy.s 			page 3


  89:.\Generated_Source\PSoC5/TPS_ADC_FinalBuf_dma.c **** *       
  90:.\Generated_Source\PSoC5/TPS_ADC_FinalBuf_dma.c **** *
  91:.\Generated_Source\PSoC5/TPS_ADC_FinalBuf_dma.c **** * Return:
  92:.\Generated_Source\PSoC5/TPS_ADC_FinalBuf_dma.c **** *   The channel that can be used by the caller for DMA activity.
  93:.\Generated_Source\PSoC5/TPS_ADC_FinalBuf_dma.c **** *   DMA_INVALID_CHANNEL (0xFF) if there are no channels left. 
  94:.\Generated_Source\PSoC5/TPS_ADC_FinalBuf_dma.c **** *
  95:.\Generated_Source\PSoC5/TPS_ADC_FinalBuf_dma.c **** *
  96:.\Generated_Source\PSoC5/TPS_ADC_FinalBuf_dma.c **** *******************************************************************/
  97:.\Generated_Source\PSoC5/TPS_ADC_FinalBuf_dma.c **** uint8 TPS_ADC_FinalBuf_DmaInitialize(uint8 BurstCount, uint8 ReqestPerBurst, uint16 UpperSrcAddress
  98:.\Generated_Source\PSoC5/TPS_ADC_FinalBuf_dma.c **** {
  27              		.loc 1 98 0
  28              		.cfi_startproc
  29              		@ args = 0, pretend = 0, frame = 0
  30              		@ frame_needed = 0, uses_anonymous_args = 0
  31              	.LVL0:
  32 0000 F0B5     		push	{r4, r5, r6, r7, lr}
  33              		.cfi_def_cfa_offset 20
  34              		.cfi_offset 4, -20
  35              		.cfi_offset 5, -16
  36              		.cfi_offset 6, -12
  37              		.cfi_offset 7, -8
  38              		.cfi_offset 14, -4
  39 0002 83B0     		sub	sp, sp, #12
  40              		.cfi_def_cfa_offset 32
  41 0004 8446     		mov	ip, r0
  42 0006 8E46     		mov	lr, r1
  43 0008 1746     		mov	r7, r2
  44 000a 1E46     		mov	r6, r3
  99:.\Generated_Source\PSoC5/TPS_ADC_FinalBuf_dma.c **** 
 100:.\Generated_Source\PSoC5/TPS_ADC_FinalBuf_dma.c ****     /* Allocate a DMA channel. */
 101:.\Generated_Source\PSoC5/TPS_ADC_FinalBuf_dma.c ****     TPS_ADC_FinalBuf_DmaHandle = (uint8)TPS_ADC_FinalBuf__DRQ_NUMBER;
  45              		.loc 1 101 0
  46 000c 0B4C     		ldr	r4, .L3
  47 000e 0225     		movs	r5, #2
  48 0010 2570     		strb	r5, [r4]
 102:.\Generated_Source\PSoC5/TPS_ADC_FinalBuf_dma.c **** 
 103:.\Generated_Source\PSoC5/TPS_ADC_FinalBuf_dma.c ****     /* Configure the channel. */
 104:.\Generated_Source\PSoC5/TPS_ADC_FinalBuf_dma.c ****     (void)CyDmaChSetConfiguration(TPS_ADC_FinalBuf_DmaHandle,
  49              		.loc 1 104 0
  50 0012 0023     		movs	r3, #0
  51              	.LVL1:
  52 0014 0093     		str	r3, [sp]
  53 0016 0193     		str	r3, [sp, #4]
  54 0018 2846     		mov	r0, r5
  55              	.LVL2:
  56 001a 6146     		mov	r1, ip
  57              	.LVL3:
  58 001c 7246     		mov	r2, lr
  59              	.LVL4:
  60 001e 2B46     		mov	r3, r5
  61 0020 FFF7FEFF 		bl	CyDmaChSetConfiguration
  62              	.LVL5:
 105:.\Generated_Source\PSoC5/TPS_ADC_FinalBuf_dma.c ****                                   BurstCount,
 106:.\Generated_Source\PSoC5/TPS_ADC_FinalBuf_dma.c ****                                   ReqestPerBurst,
 107:.\Generated_Source\PSoC5/TPS_ADC_FinalBuf_dma.c ****                                   (uint8)TPS_ADC_FinalBuf__TERMOUT0_SEL,
 108:.\Generated_Source\PSoC5/TPS_ADC_FinalBuf_dma.c ****                                   (uint8)TPS_ADC_FinalBuf__TERMOUT1_SEL,
 109:.\Generated_Source\PSoC5/TPS_ADC_FinalBuf_dma.c ****                                   (uint8)TPS_ADC_FinalBuf__TERMIN_SEL);
ARM GAS  C:\Users\mitchell\AppData\Local\Temp\cckE6Efy.s 			page 4


 110:.\Generated_Source\PSoC5/TPS_ADC_FinalBuf_dma.c **** 
 111:.\Generated_Source\PSoC5/TPS_ADC_FinalBuf_dma.c ****     /* Set the extended address for the transfers */
 112:.\Generated_Source\PSoC5/TPS_ADC_FinalBuf_dma.c ****     (void)CyDmaChSetExtendedAddress(TPS_ADC_FinalBuf_DmaHandle, UpperSrcAddress, UpperDestAddress);
  63              		.loc 1 112 0
  64 0024 2078     		ldrb	r0, [r4]	@ zero_extendqisi2
  65 0026 3946     		mov	r1, r7
  66 0028 3246     		mov	r2, r6
  67 002a FFF7FEFF 		bl	CyDmaChSetExtendedAddress
  68              	.LVL6:
 113:.\Generated_Source\PSoC5/TPS_ADC_FinalBuf_dma.c **** 
 114:.\Generated_Source\PSoC5/TPS_ADC_FinalBuf_dma.c ****     /* Set the priority for this channel */
 115:.\Generated_Source\PSoC5/TPS_ADC_FinalBuf_dma.c ****     (void)CyDmaChPriority(TPS_ADC_FinalBuf_DmaHandle, (uint8)TPS_ADC_FinalBuf__PRIORITY);
  69              		.loc 1 115 0
  70 002e 2078     		ldrb	r0, [r4]	@ zero_extendqisi2
  71 0030 2946     		mov	r1, r5
  72 0032 FFF7FEFF 		bl	CyDmaChPriority
  73              	.LVL7:
 116:.\Generated_Source\PSoC5/TPS_ADC_FinalBuf_dma.c ****     
 117:.\Generated_Source\PSoC5/TPS_ADC_FinalBuf_dma.c ****     return TPS_ADC_FinalBuf_DmaHandle;
 118:.\Generated_Source\PSoC5/TPS_ADC_FinalBuf_dma.c **** }
  74              		.loc 1 118 0
  75 0036 2078     		ldrb	r0, [r4]	@ zero_extendqisi2
  76 0038 03B0     		add	sp, sp, #12
  77              		.cfi_def_cfa_offset 20
  78              		@ sp needed
  79 003a F0BD     		pop	{r4, r5, r6, r7, pc}
  80              	.L4:
  81              		.align	2
  82              	.L3:
  83 003c 00000000 		.word	.LANCHOR0
  84              		.cfi_endproc
  85              	.LFE0:
  86              		.size	TPS_ADC_FinalBuf_DmaInitialize, .-TPS_ADC_FinalBuf_DmaInitialize
  87              		.section	.text.TPS_ADC_FinalBuf_DmaRelease,"ax",%progbits
  88              		.align	2
  89              		.global	TPS_ADC_FinalBuf_DmaRelease
  90              		.thumb
  91              		.thumb_func
  92              		.type	TPS_ADC_FinalBuf_DmaRelease, %function
  93              	TPS_ADC_FinalBuf_DmaRelease:
  94              	.LFB1:
 119:.\Generated_Source\PSoC5/TPS_ADC_FinalBuf_dma.c **** 
 120:.\Generated_Source\PSoC5/TPS_ADC_FinalBuf_dma.c **** /*********************************************************************
 121:.\Generated_Source\PSoC5/TPS_ADC_FinalBuf_dma.c **** * Function Name: void TPS_ADC_FinalBuf_DmaRelease
 122:.\Generated_Source\PSoC5/TPS_ADC_FinalBuf_dma.c **** **********************************************************************
 123:.\Generated_Source\PSoC5/TPS_ADC_FinalBuf_dma.c **** * Summary:
 124:.\Generated_Source\PSoC5/TPS_ADC_FinalBuf_dma.c **** *   Frees the channel associated with TPS_ADC_FinalBuf.
 125:.\Generated_Source\PSoC5/TPS_ADC_FinalBuf_dma.c **** *
 126:.\Generated_Source\PSoC5/TPS_ADC_FinalBuf_dma.c **** *
 127:.\Generated_Source\PSoC5/TPS_ADC_FinalBuf_dma.c **** * Parameters:
 128:.\Generated_Source\PSoC5/TPS_ADC_FinalBuf_dma.c **** *   void.
 129:.\Generated_Source\PSoC5/TPS_ADC_FinalBuf_dma.c **** *
 130:.\Generated_Source\PSoC5/TPS_ADC_FinalBuf_dma.c **** *
 131:.\Generated_Source\PSoC5/TPS_ADC_FinalBuf_dma.c **** *
 132:.\Generated_Source\PSoC5/TPS_ADC_FinalBuf_dma.c **** * Return:
 133:.\Generated_Source\PSoC5/TPS_ADC_FinalBuf_dma.c **** *   void.
 134:.\Generated_Source\PSoC5/TPS_ADC_FinalBuf_dma.c **** *
ARM GAS  C:\Users\mitchell\AppData\Local\Temp\cckE6Efy.s 			page 5


 135:.\Generated_Source\PSoC5/TPS_ADC_FinalBuf_dma.c **** *******************************************************************/
 136:.\Generated_Source\PSoC5/TPS_ADC_FinalBuf_dma.c **** void TPS_ADC_FinalBuf_DmaRelease(void) 
 137:.\Generated_Source\PSoC5/TPS_ADC_FinalBuf_dma.c **** {
  95              		.loc 1 137 0
  96              		.cfi_startproc
  97              		@ args = 0, pretend = 0, frame = 0
  98              		@ frame_needed = 0, uses_anonymous_args = 0
  99 0000 08B5     		push	{r3, lr}
 100              		.cfi_def_cfa_offset 8
 101              		.cfi_offset 3, -8
 102              		.cfi_offset 14, -4
 138:.\Generated_Source\PSoC5/TPS_ADC_FinalBuf_dma.c ****     /* Disable the channel */
 139:.\Generated_Source\PSoC5/TPS_ADC_FinalBuf_dma.c ****     (void)CyDmaChDisable(TPS_ADC_FinalBuf_DmaHandle);
 103              		.loc 1 139 0
 104 0002 024B     		ldr	r3, .L7
 105 0004 1878     		ldrb	r0, [r3]	@ zero_extendqisi2
 106 0006 FFF7FEFF 		bl	CyDmaChDisable
 107              	.LVL8:
 108 000a 08BD     		pop	{r3, pc}
 109              	.L8:
 110              		.align	2
 111              	.L7:
 112 000c 00000000 		.word	.LANCHOR0
 113              		.cfi_endproc
 114              	.LFE1:
 115              		.size	TPS_ADC_FinalBuf_DmaRelease, .-TPS_ADC_FinalBuf_DmaRelease
 116              		.global	TPS_ADC_FinalBuf_DmaHandle
 117              		.data
 118              		.set	.LANCHOR0,. + 0
 119              		.type	TPS_ADC_FinalBuf_DmaHandle, %object
 120              		.size	TPS_ADC_FinalBuf_DmaHandle, 1
 121              	TPS_ADC_FinalBuf_DmaHandle:
 122 0000 FF       		.byte	-1
 123              		.text
 124              	.Letext0:
 125              		.file 2 "Generated_Source\\PSoC5/cytypes.h"
 126              		.file 3 "Generated_Source\\PSoC5/CYDMAC.H"
 127              		.section	.debug_info,"",%progbits
 128              	.Ldebug_info0:
 129 0000 F4010000 		.4byte	0x1f4
 130 0004 0400     		.2byte	0x4
 131 0006 00000000 		.4byte	.Ldebug_abbrev0
 132 000a 04       		.byte	0x4
 133 000b 01       		.uleb128 0x1
 134 000c 09010000 		.4byte	.LASF23
 135 0010 01       		.byte	0x1
 136 0011 34020000 		.4byte	.LASF24
 137 0015 7B000000 		.4byte	.LASF25
 138 0019 00000000 		.4byte	.Ldebug_ranges0+0
 139 001d 00000000 		.4byte	0
 140 0021 00000000 		.4byte	.Ldebug_line0
 141 0025 02       		.uleb128 0x2
 142 0026 04       		.byte	0x4
 143 0027 05       		.byte	0x5
 144 0028 696E7400 		.ascii	"int\000"
 145 002c 03       		.uleb128 0x3
 146 002d 04       		.byte	0x4
ARM GAS  C:\Users\mitchell\AppData\Local\Temp\cckE6Efy.s 			page 6


 147 002e 07       		.byte	0x7
 148 002f 97010000 		.4byte	.LASF0
 149 0033 03       		.uleb128 0x3
 150 0034 01       		.byte	0x1
 151 0035 06       		.byte	0x6
 152 0036 64020000 		.4byte	.LASF1
 153 003a 03       		.uleb128 0x3
 154 003b 01       		.byte	0x1
 155 003c 08       		.byte	0x8
 156 003d 6D000000 		.4byte	.LASF2
 157 0041 03       		.uleb128 0x3
 158 0042 02       		.byte	0x2
 159 0043 05       		.byte	0x5
 160 0044 21020000 		.4byte	.LASF3
 161 0048 03       		.uleb128 0x3
 162 0049 02       		.byte	0x2
 163 004a 07       		.byte	0x7
 164 004b 38000000 		.4byte	.LASF4
 165 004f 03       		.uleb128 0x3
 166 0050 04       		.byte	0x4
 167 0051 05       		.byte	0x5
 168 0052 2B020000 		.4byte	.LASF5
 169 0056 03       		.uleb128 0x3
 170 0057 04       		.byte	0x4
 171 0058 07       		.byte	0x7
 172 0059 C8000000 		.4byte	.LASF6
 173 005d 03       		.uleb128 0x3
 174 005e 08       		.byte	0x8
 175 005f 05       		.byte	0x5
 176 0060 D5010000 		.4byte	.LASF7
 177 0064 03       		.uleb128 0x3
 178 0065 08       		.byte	0x8
 179 0066 07       		.byte	0x7
 180 0067 A4010000 		.4byte	.LASF8
 181 006b 03       		.uleb128 0x3
 182 006c 04       		.byte	0x4
 183 006d 07       		.byte	0x7
 184 006e CC010000 		.4byte	.LASF9
 185 0072 03       		.uleb128 0x3
 186 0073 01       		.byte	0x1
 187 0074 08       		.byte	0x8
 188 0075 FD010000 		.4byte	.LASF10
 189 0079 04       		.uleb128 0x4
 190 007a DA000000 		.4byte	.LASF11
 191 007e 02       		.byte	0x2
 192 007f B4       		.byte	0xb4
 193 0080 3A000000 		.4byte	0x3a
 194 0084 04       		.uleb128 0x4
 195 0085 02010000 		.4byte	.LASF12
 196 0089 02       		.byte	0x2
 197 008a B5       		.byte	0xb5
 198 008b 48000000 		.4byte	0x48
 199 008f 03       		.uleb128 0x3
 200 0090 04       		.byte	0x4
 201 0091 04       		.byte	0x4
 202 0092 67000000 		.4byte	.LASF13
 203 0096 03       		.uleb128 0x3
ARM GAS  C:\Users\mitchell\AppData\Local\Temp\cckE6Efy.s 			page 7


 204 0097 08       		.byte	0x8
 205 0098 04       		.byte	0x4
 206 0099 FB000000 		.4byte	.LASF14
 207 009d 05       		.uleb128 0x5
 208 009e 00000000 		.4byte	.LASF15
 209 00a2 02       		.byte	0x2
 210 00a3 5601     		.2byte	0x156
 211 00a5 56000000 		.4byte	0x56
 212 00a9 06       		.uleb128 0x6
 213 00aa 02020000 		.4byte	.LASF26
 214 00ae 01       		.byte	0x1
 215 00af 61       		.byte	0x61
 216 00b0 79000000 		.4byte	0x79
 217 00b4 00000000 		.4byte	.LFB0
 218 00b8 40000000 		.4byte	.LFE0-.LFB0
 219 00bc 01       		.uleb128 0x1
 220 00bd 9C       		.byte	0x9c
 221 00be 4F010000 		.4byte	0x14f
 222 00c2 07       		.uleb128 0x7
 223 00c3 BD000000 		.4byte	.LASF16
 224 00c7 01       		.byte	0x1
 225 00c8 61       		.byte	0x61
 226 00c9 79000000 		.4byte	0x79
 227 00cd 00000000 		.4byte	.LLST0
 228 00d1 07       		.uleb128 0x7
 229 00d2 29000000 		.4byte	.LASF17
 230 00d6 01       		.byte	0x1
 231 00d7 61       		.byte	0x61
 232 00d8 79000000 		.4byte	0x79
 233 00dc 21000000 		.4byte	.LLST1
 234 00e0 07       		.uleb128 0x7
 235 00e1 09000000 		.4byte	.LASF18
 236 00e5 01       		.byte	0x1
 237 00e6 61       		.byte	0x61
 238 00e7 84000000 		.4byte	0x84
 239 00eb 42000000 		.4byte	.LLST2
 240 00ef 07       		.uleb128 0x7
 241 00f0 BB010000 		.4byte	.LASF19
 242 00f4 01       		.byte	0x1
 243 00f5 61       		.byte	0x61
 244 00f6 84000000 		.4byte	0x84
 245 00fa 63000000 		.4byte	.LLST3
 246 00fe 08       		.uleb128 0x8
 247 00ff 24000000 		.4byte	.LVL5
 248 0103 7F010000 		.4byte	0x17f
 249 0107 24010000 		.4byte	0x124
 250 010b 09       		.uleb128 0x9
 251 010c 01       		.uleb128 0x1
 252 010d 53       		.byte	0x53
 253 010e 02       		.uleb128 0x2
 254 010f 75       		.byte	0x75
 255 0110 00       		.sleb128 0
 256 0111 09       		.uleb128 0x9
 257 0112 01       		.uleb128 0x1
 258 0113 50       		.byte	0x50
 259 0114 02       		.uleb128 0x2
 260 0115 75       		.byte	0x75
ARM GAS  C:\Users\mitchell\AppData\Local\Temp\cckE6Efy.s 			page 8


 261 0116 00       		.sleb128 0
 262 0117 09       		.uleb128 0x9
 263 0118 02       		.uleb128 0x2
 264 0119 7D       		.byte	0x7d
 265 011a 04       		.sleb128 4
 266 011b 01       		.uleb128 0x1
 267 011c 30       		.byte	0x30
 268 011d 09       		.uleb128 0x9
 269 011e 02       		.uleb128 0x2
 270 011f 7D       		.byte	0x7d
 271 0120 00       		.sleb128 0
 272 0121 01       		.uleb128 0x1
 273 0122 30       		.byte	0x30
 274 0123 00       		.byte	0
 275 0124 08       		.uleb128 0x8
 276 0125 2E000000 		.4byte	.LVL6
 277 0129 AD010000 		.4byte	0x1ad
 278 012d 3E010000 		.4byte	0x13e
 279 0131 09       		.uleb128 0x9
 280 0132 01       		.uleb128 0x1
 281 0133 52       		.byte	0x52
 282 0134 02       		.uleb128 0x2
 283 0135 76       		.byte	0x76
 284 0136 00       		.sleb128 0
 285 0137 09       		.uleb128 0x9
 286 0138 01       		.uleb128 0x1
 287 0139 51       		.byte	0x51
 288 013a 02       		.uleb128 0x2
 289 013b 77       		.byte	0x77
 290 013c 00       		.sleb128 0
 291 013d 00       		.byte	0
 292 013e 0A       		.uleb128 0xa
 293 013f 36000000 		.4byte	.LVL7
 294 0143 CC010000 		.4byte	0x1cc
 295 0147 09       		.uleb128 0x9
 296 0148 01       		.uleb128 0x1
 297 0149 51       		.byte	0x51
 298 014a 02       		.uleb128 0x2
 299 014b 75       		.byte	0x75
 300 014c 00       		.sleb128 0
 301 014d 00       		.byte	0
 302 014e 00       		.byte	0
 303 014f 0B       		.uleb128 0xb
 304 0150 4B000000 		.4byte	.LASF27
 305 0154 01       		.byte	0x1
 306 0155 88       		.byte	0x88
 307 0156 00000000 		.4byte	.LFB1
 308 015a 10000000 		.4byte	.LFE1-.LFB1
 309 015e 01       		.uleb128 0x1
 310 015f 9C       		.byte	0x9c
 311 0160 6E010000 		.4byte	0x16e
 312 0164 0C       		.uleb128 0xc
 313 0165 0A000000 		.4byte	.LVL8
 314 0169 E6010000 		.4byte	0x1e6
 315 016d 00       		.byte	0
 316 016e 0D       		.uleb128 0xd
 317 016f E0000000 		.4byte	.LASF28
ARM GAS  C:\Users\mitchell\AppData\Local\Temp\cckE6Efy.s 			page 9


 318 0173 01       		.byte	0x1
 319 0174 45       		.byte	0x45
 320 0175 79000000 		.4byte	0x79
 321 0179 05       		.uleb128 0x5
 322 017a 03       		.byte	0x3
 323 017b 00000000 		.4byte	TPS_ADC_FinalBuf_DmaHandle
 324 017f 0E       		.uleb128 0xe
 325 0180 7F020000 		.4byte	.LASF20
 326 0184 03       		.byte	0x3
 327 0185 34       		.byte	0x34
 328 0186 9D000000 		.4byte	0x9d
 329 018a AD010000 		.4byte	0x1ad
 330 018e 0F       		.uleb128 0xf
 331 018f 79000000 		.4byte	0x79
 332 0193 0F       		.uleb128 0xf
 333 0194 79000000 		.4byte	0x79
 334 0198 0F       		.uleb128 0xf
 335 0199 79000000 		.4byte	0x79
 336 019d 0F       		.uleb128 0xf
 337 019e 79000000 		.4byte	0x79
 338 01a2 0F       		.uleb128 0xf
 339 01a3 79000000 		.4byte	0x79
 340 01a7 0F       		.uleb128 0xf
 341 01a8 79000000 		.4byte	0x79
 342 01ac 00       		.byte	0
 343 01ad 0E       		.uleb128 0xe
 344 01ae E3010000 		.4byte	.LASF21
 345 01b2 03       		.byte	0x3
 346 01b3 2E       		.byte	0x2e
 347 01b4 9D000000 		.4byte	0x9d
 348 01b8 CC010000 		.4byte	0x1cc
 349 01bc 0F       		.uleb128 0xf
 350 01bd 79000000 		.4byte	0x79
 351 01c1 0F       		.uleb128 0xf
 352 01c2 84000000 		.4byte	0x84
 353 01c6 0F       		.uleb128 0xf
 354 01c7 84000000 		.4byte	0x84
 355 01cb 00       		.byte	0
 356 01cc 0E       		.uleb128 0xe
 357 01cd 19000000 		.4byte	.LASF22
 358 01d1 03       		.byte	0x3
 359 01d2 2D       		.byte	0x2d
 360 01d3 9D000000 		.4byte	0x9d
 361 01d7 E6010000 		.4byte	0x1e6
 362 01db 0F       		.uleb128 0xf
 363 01dc 79000000 		.4byte	0x79
 364 01e0 0F       		.uleb128 0xf
 365 01e1 79000000 		.4byte	0x79
 366 01e5 00       		.byte	0
 367 01e6 10       		.uleb128 0x10
 368 01e7 70020000 		.4byte	.LASF29
 369 01eb 03       		.byte	0x3
 370 01ec 2B       		.byte	0x2b
 371 01ed 9D000000 		.4byte	0x9d
 372 01f1 0F       		.uleb128 0xf
 373 01f2 79000000 		.4byte	0x79
 374 01f6 00       		.byte	0
ARM GAS  C:\Users\mitchell\AppData\Local\Temp\cckE6Efy.s 			page 10


 375 01f7 00       		.byte	0
 376              		.section	.debug_abbrev,"",%progbits
 377              	.Ldebug_abbrev0:
 378 0000 01       		.uleb128 0x1
 379 0001 11       		.uleb128 0x11
 380 0002 01       		.byte	0x1
 381 0003 25       		.uleb128 0x25
 382 0004 0E       		.uleb128 0xe
 383 0005 13       		.uleb128 0x13
 384 0006 0B       		.uleb128 0xb
 385 0007 03       		.uleb128 0x3
 386 0008 0E       		.uleb128 0xe
 387 0009 1B       		.uleb128 0x1b
 388 000a 0E       		.uleb128 0xe
 389 000b 55       		.uleb128 0x55
 390 000c 17       		.uleb128 0x17
 391 000d 11       		.uleb128 0x11
 392 000e 01       		.uleb128 0x1
 393 000f 10       		.uleb128 0x10
 394 0010 17       		.uleb128 0x17
 395 0011 00       		.byte	0
 396 0012 00       		.byte	0
 397 0013 02       		.uleb128 0x2
 398 0014 24       		.uleb128 0x24
 399 0015 00       		.byte	0
 400 0016 0B       		.uleb128 0xb
 401 0017 0B       		.uleb128 0xb
 402 0018 3E       		.uleb128 0x3e
 403 0019 0B       		.uleb128 0xb
 404 001a 03       		.uleb128 0x3
 405 001b 08       		.uleb128 0x8
 406 001c 00       		.byte	0
 407 001d 00       		.byte	0
 408 001e 03       		.uleb128 0x3
 409 001f 24       		.uleb128 0x24
 410 0020 00       		.byte	0
 411 0021 0B       		.uleb128 0xb
 412 0022 0B       		.uleb128 0xb
 413 0023 3E       		.uleb128 0x3e
 414 0024 0B       		.uleb128 0xb
 415 0025 03       		.uleb128 0x3
 416 0026 0E       		.uleb128 0xe
 417 0027 00       		.byte	0
 418 0028 00       		.byte	0
 419 0029 04       		.uleb128 0x4
 420 002a 16       		.uleb128 0x16
 421 002b 00       		.byte	0
 422 002c 03       		.uleb128 0x3
 423 002d 0E       		.uleb128 0xe
 424 002e 3A       		.uleb128 0x3a
 425 002f 0B       		.uleb128 0xb
 426 0030 3B       		.uleb128 0x3b
 427 0031 0B       		.uleb128 0xb
 428 0032 49       		.uleb128 0x49
 429 0033 13       		.uleb128 0x13
 430 0034 00       		.byte	0
 431 0035 00       		.byte	0
ARM GAS  C:\Users\mitchell\AppData\Local\Temp\cckE6Efy.s 			page 11


 432 0036 05       		.uleb128 0x5
 433 0037 16       		.uleb128 0x16
 434 0038 00       		.byte	0
 435 0039 03       		.uleb128 0x3
 436 003a 0E       		.uleb128 0xe
 437 003b 3A       		.uleb128 0x3a
 438 003c 0B       		.uleb128 0xb
 439 003d 3B       		.uleb128 0x3b
 440 003e 05       		.uleb128 0x5
 441 003f 49       		.uleb128 0x49
 442 0040 13       		.uleb128 0x13
 443 0041 00       		.byte	0
 444 0042 00       		.byte	0
 445 0043 06       		.uleb128 0x6
 446 0044 2E       		.uleb128 0x2e
 447 0045 01       		.byte	0x1
 448 0046 3F       		.uleb128 0x3f
 449 0047 19       		.uleb128 0x19
 450 0048 03       		.uleb128 0x3
 451 0049 0E       		.uleb128 0xe
 452 004a 3A       		.uleb128 0x3a
 453 004b 0B       		.uleb128 0xb
 454 004c 3B       		.uleb128 0x3b
 455 004d 0B       		.uleb128 0xb
 456 004e 27       		.uleb128 0x27
 457 004f 19       		.uleb128 0x19
 458 0050 49       		.uleb128 0x49
 459 0051 13       		.uleb128 0x13
 460 0052 11       		.uleb128 0x11
 461 0053 01       		.uleb128 0x1
 462 0054 12       		.uleb128 0x12
 463 0055 06       		.uleb128 0x6
 464 0056 40       		.uleb128 0x40
 465 0057 18       		.uleb128 0x18
 466 0058 9742     		.uleb128 0x2117
 467 005a 19       		.uleb128 0x19
 468 005b 01       		.uleb128 0x1
 469 005c 13       		.uleb128 0x13
 470 005d 00       		.byte	0
 471 005e 00       		.byte	0
 472 005f 07       		.uleb128 0x7
 473 0060 05       		.uleb128 0x5
 474 0061 00       		.byte	0
 475 0062 03       		.uleb128 0x3
 476 0063 0E       		.uleb128 0xe
 477 0064 3A       		.uleb128 0x3a
 478 0065 0B       		.uleb128 0xb
 479 0066 3B       		.uleb128 0x3b
 480 0067 0B       		.uleb128 0xb
 481 0068 49       		.uleb128 0x49
 482 0069 13       		.uleb128 0x13
 483 006a 02       		.uleb128 0x2
 484 006b 17       		.uleb128 0x17
 485 006c 00       		.byte	0
 486 006d 00       		.byte	0
 487 006e 08       		.uleb128 0x8
 488 006f 898201   		.uleb128 0x4109
ARM GAS  C:\Users\mitchell\AppData\Local\Temp\cckE6Efy.s 			page 12


 489 0072 01       		.byte	0x1
 490 0073 11       		.uleb128 0x11
 491 0074 01       		.uleb128 0x1
 492 0075 31       		.uleb128 0x31
 493 0076 13       		.uleb128 0x13
 494 0077 01       		.uleb128 0x1
 495 0078 13       		.uleb128 0x13
 496 0079 00       		.byte	0
 497 007a 00       		.byte	0
 498 007b 09       		.uleb128 0x9
 499 007c 8A8201   		.uleb128 0x410a
 500 007f 00       		.byte	0
 501 0080 02       		.uleb128 0x2
 502 0081 18       		.uleb128 0x18
 503 0082 9142     		.uleb128 0x2111
 504 0084 18       		.uleb128 0x18
 505 0085 00       		.byte	0
 506 0086 00       		.byte	0
 507 0087 0A       		.uleb128 0xa
 508 0088 898201   		.uleb128 0x4109
 509 008b 01       		.byte	0x1
 510 008c 11       		.uleb128 0x11
 511 008d 01       		.uleb128 0x1
 512 008e 31       		.uleb128 0x31
 513 008f 13       		.uleb128 0x13
 514 0090 00       		.byte	0
 515 0091 00       		.byte	0
 516 0092 0B       		.uleb128 0xb
 517 0093 2E       		.uleb128 0x2e
 518 0094 01       		.byte	0x1
 519 0095 3F       		.uleb128 0x3f
 520 0096 19       		.uleb128 0x19
 521 0097 03       		.uleb128 0x3
 522 0098 0E       		.uleb128 0xe
 523 0099 3A       		.uleb128 0x3a
 524 009a 0B       		.uleb128 0xb
 525 009b 3B       		.uleb128 0x3b
 526 009c 0B       		.uleb128 0xb
 527 009d 27       		.uleb128 0x27
 528 009e 19       		.uleb128 0x19
 529 009f 11       		.uleb128 0x11
 530 00a0 01       		.uleb128 0x1
 531 00a1 12       		.uleb128 0x12
 532 00a2 06       		.uleb128 0x6
 533 00a3 40       		.uleb128 0x40
 534 00a4 18       		.uleb128 0x18
 535 00a5 9742     		.uleb128 0x2117
 536 00a7 19       		.uleb128 0x19
 537 00a8 01       		.uleb128 0x1
 538 00a9 13       		.uleb128 0x13
 539 00aa 00       		.byte	0
 540 00ab 00       		.byte	0
 541 00ac 0C       		.uleb128 0xc
 542 00ad 898201   		.uleb128 0x4109
 543 00b0 00       		.byte	0
 544 00b1 11       		.uleb128 0x11
 545 00b2 01       		.uleb128 0x1
ARM GAS  C:\Users\mitchell\AppData\Local\Temp\cckE6Efy.s 			page 13


 546 00b3 31       		.uleb128 0x31
 547 00b4 13       		.uleb128 0x13
 548 00b5 00       		.byte	0
 549 00b6 00       		.byte	0
 550 00b7 0D       		.uleb128 0xd
 551 00b8 34       		.uleb128 0x34
 552 00b9 00       		.byte	0
 553 00ba 03       		.uleb128 0x3
 554 00bb 0E       		.uleb128 0xe
 555 00bc 3A       		.uleb128 0x3a
 556 00bd 0B       		.uleb128 0xb
 557 00be 3B       		.uleb128 0x3b
 558 00bf 0B       		.uleb128 0xb
 559 00c0 49       		.uleb128 0x49
 560 00c1 13       		.uleb128 0x13
 561 00c2 3F       		.uleb128 0x3f
 562 00c3 19       		.uleb128 0x19
 563 00c4 02       		.uleb128 0x2
 564 00c5 18       		.uleb128 0x18
 565 00c6 00       		.byte	0
 566 00c7 00       		.byte	0
 567 00c8 0E       		.uleb128 0xe
 568 00c9 2E       		.uleb128 0x2e
 569 00ca 01       		.byte	0x1
 570 00cb 3F       		.uleb128 0x3f
 571 00cc 19       		.uleb128 0x19
 572 00cd 03       		.uleb128 0x3
 573 00ce 0E       		.uleb128 0xe
 574 00cf 3A       		.uleb128 0x3a
 575 00d0 0B       		.uleb128 0xb
 576 00d1 3B       		.uleb128 0x3b
 577 00d2 0B       		.uleb128 0xb
 578 00d3 27       		.uleb128 0x27
 579 00d4 19       		.uleb128 0x19
 580 00d5 49       		.uleb128 0x49
 581 00d6 13       		.uleb128 0x13
 582 00d7 3C       		.uleb128 0x3c
 583 00d8 19       		.uleb128 0x19
 584 00d9 01       		.uleb128 0x1
 585 00da 13       		.uleb128 0x13
 586 00db 00       		.byte	0
 587 00dc 00       		.byte	0
 588 00dd 0F       		.uleb128 0xf
 589 00de 05       		.uleb128 0x5
 590 00df 00       		.byte	0
 591 00e0 49       		.uleb128 0x49
 592 00e1 13       		.uleb128 0x13
 593 00e2 00       		.byte	0
 594 00e3 00       		.byte	0
 595 00e4 10       		.uleb128 0x10
 596 00e5 2E       		.uleb128 0x2e
 597 00e6 01       		.byte	0x1
 598 00e7 3F       		.uleb128 0x3f
 599 00e8 19       		.uleb128 0x19
 600 00e9 03       		.uleb128 0x3
 601 00ea 0E       		.uleb128 0xe
 602 00eb 3A       		.uleb128 0x3a
ARM GAS  C:\Users\mitchell\AppData\Local\Temp\cckE6Efy.s 			page 14


 603 00ec 0B       		.uleb128 0xb
 604 00ed 3B       		.uleb128 0x3b
 605 00ee 0B       		.uleb128 0xb
 606 00ef 27       		.uleb128 0x27
 607 00f0 19       		.uleb128 0x19
 608 00f1 49       		.uleb128 0x49
 609 00f2 13       		.uleb128 0x13
 610 00f3 3C       		.uleb128 0x3c
 611 00f4 19       		.uleb128 0x19
 612 00f5 00       		.byte	0
 613 00f6 00       		.byte	0
 614 00f7 00       		.byte	0
 615              		.section	.debug_loc,"",%progbits
 616              	.Ldebug_loc0:
 617              	.LLST0:
 618 0000 00000000 		.4byte	.LVL0
 619 0004 1A000000 		.4byte	.LVL2
 620 0008 0100     		.2byte	0x1
 621 000a 50       		.byte	0x50
 622 000b 1A000000 		.4byte	.LVL2
 623 000f 40000000 		.4byte	.LFE0
 624 0013 0400     		.2byte	0x4
 625 0015 F3       		.byte	0xf3
 626 0016 01       		.uleb128 0x1
 627 0017 50       		.byte	0x50
 628 0018 9F       		.byte	0x9f
 629 0019 00000000 		.4byte	0
 630 001d 00000000 		.4byte	0
 631              	.LLST1:
 632 0021 00000000 		.4byte	.LVL0
 633 0025 1C000000 		.4byte	.LVL3
 634 0029 0100     		.2byte	0x1
 635 002b 51       		.byte	0x51
 636 002c 1C000000 		.4byte	.LVL3
 637 0030 40000000 		.4byte	.LFE0
 638 0034 0400     		.2byte	0x4
 639 0036 F3       		.byte	0xf3
 640 0037 01       		.uleb128 0x1
 641 0038 51       		.byte	0x51
 642 0039 9F       		.byte	0x9f
 643 003a 00000000 		.4byte	0
 644 003e 00000000 		.4byte	0
 645              	.LLST2:
 646 0042 00000000 		.4byte	.LVL0
 647 0046 1E000000 		.4byte	.LVL4
 648 004a 0100     		.2byte	0x1
 649 004c 52       		.byte	0x52
 650 004d 1E000000 		.4byte	.LVL4
 651 0051 40000000 		.4byte	.LFE0
 652 0055 0400     		.2byte	0x4
 653 0057 F3       		.byte	0xf3
 654 0058 01       		.uleb128 0x1
 655 0059 52       		.byte	0x52
 656 005a 9F       		.byte	0x9f
 657 005b 00000000 		.4byte	0
 658 005f 00000000 		.4byte	0
 659              	.LLST3:
ARM GAS  C:\Users\mitchell\AppData\Local\Temp\cckE6Efy.s 			page 15


 660 0063 00000000 		.4byte	.LVL0
 661 0067 14000000 		.4byte	.LVL1
 662 006b 0100     		.2byte	0x1
 663 006d 53       		.byte	0x53
 664 006e 14000000 		.4byte	.LVL1
 665 0072 40000000 		.4byte	.LFE0
 666 0076 0400     		.2byte	0x4
 667 0078 F3       		.byte	0xf3
 668 0079 01       		.uleb128 0x1
 669 007a 53       		.byte	0x53
 670 007b 9F       		.byte	0x9f
 671 007c 00000000 		.4byte	0
 672 0080 00000000 		.4byte	0
 673              		.section	.debug_aranges,"",%progbits
 674 0000 24000000 		.4byte	0x24
 675 0004 0200     		.2byte	0x2
 676 0006 00000000 		.4byte	.Ldebug_info0
 677 000a 04       		.byte	0x4
 678 000b 00       		.byte	0
 679 000c 0000     		.2byte	0
 680 000e 0000     		.2byte	0
 681 0010 00000000 		.4byte	.LFB0
 682 0014 40000000 		.4byte	.LFE0-.LFB0
 683 0018 00000000 		.4byte	.LFB1
 684 001c 10000000 		.4byte	.LFE1-.LFB1
 685 0020 00000000 		.4byte	0
 686 0024 00000000 		.4byte	0
 687              		.section	.debug_ranges,"",%progbits
 688              	.Ldebug_ranges0:
 689 0000 00000000 		.4byte	.LFB0
 690 0004 40000000 		.4byte	.LFE0
 691 0008 00000000 		.4byte	.LFB1
 692 000c 10000000 		.4byte	.LFE1
 693 0010 00000000 		.4byte	0
 694 0014 00000000 		.4byte	0
 695              		.section	.debug_line,"",%progbits
 696              	.Ldebug_line0:
 697 0000 A2000000 		.section	.debug_str,"MS",%progbits,1
 697      02007600 
 697      00000201 
 697      FB0E0D00 
 697      01010101 
 698              	.LASF15:
 699 0000 63797374 		.ascii	"cystatus\000"
 699      61747573 
 699      00
 700              	.LASF18:
 701 0009 55707065 		.ascii	"UpperSrcAddress\000"
 701      72537263 
 701      41646472 
 701      65737300 
 702              	.LASF22:
 703 0019 4379446D 		.ascii	"CyDmaChPriority\000"
 703      61436850 
 703      72696F72 
 703      69747900 
 704              	.LASF17:
ARM GAS  C:\Users\mitchell\AppData\Local\Temp\cckE6Efy.s 			page 16


 705 0029 52657165 		.ascii	"ReqestPerBurst\000"
 705      73745065 
 705      72427572 
 705      737400
 706              	.LASF4:
 707 0038 73686F72 		.ascii	"short unsigned int\000"
 707      7420756E 
 707      7369676E 
 707      65642069 
 707      6E7400
 708              	.LASF27:
 709 004b 5450535F 		.ascii	"TPS_ADC_FinalBuf_DmaRelease\000"
 709      4144435F 
 709      46696E61 
 709      6C427566 
 709      5F446D61 
 710              	.LASF13:
 711 0067 666C6F61 		.ascii	"float\000"
 711      7400
 712              	.LASF2:
 713 006d 756E7369 		.ascii	"unsigned char\000"
 713      676E6564 
 713      20636861 
 713      7200
 714              	.LASF25:
 715 007b 433A5C55 		.ascii	"C:\\Users\\mitchell\\Documents\\FSAE\\E-Throttle\\P"
 715      73657273 
 715      5C6D6974 
 715      6368656C 
 715      6C5C446F 
 716 00a8 536F435C 		.ascii	"SoC\\E-Throttle.cydsn\000"
 716      452D5468 
 716      726F7474 
 716      6C652E63 
 716      7964736E 
 717              	.LASF16:
 718 00bd 42757273 		.ascii	"BurstCount\000"
 718      74436F75 
 718      6E7400
 719              	.LASF6:
 720 00c8 6C6F6E67 		.ascii	"long unsigned int\000"
 720      20756E73 
 720      69676E65 
 720      6420696E 
 720      7400
 721              	.LASF11:
 722 00da 75696E74 		.ascii	"uint8\000"
 722      3800
 723              	.LASF28:
 724 00e0 5450535F 		.ascii	"TPS_ADC_FinalBuf_DmaHandle\000"
 724      4144435F 
 724      46696E61 
 724      6C427566 
 724      5F446D61 
 725              	.LASF14:
 726 00fb 646F7562 		.ascii	"double\000"
 726      6C6500
ARM GAS  C:\Users\mitchell\AppData\Local\Temp\cckE6Efy.s 			page 17


 727              	.LASF12:
 728 0102 75696E74 		.ascii	"uint16\000"
 728      313600
 729              	.LASF23:
 730 0109 474E5520 		.ascii	"GNU C 4.9.3 20150303 (release) [ARM/embedded-4_9-br"
 730      4320342E 
 730      392E3320 
 730      32303135 
 730      30333033 
 731 013c 616E6368 		.ascii	"anch revision 221220] -mcpu=cortex-m3 -mthumb -g -O"
 731      20726576 
 731      6973696F 
 731      6E203232 
 731      31323230 
 732 016f 67202D66 		.ascii	"g -ffunction-sections -ffat-lto-objects\000"
 732      66756E63 
 732      74696F6E 
 732      2D736563 
 732      74696F6E 
 733              	.LASF0:
 734 0197 756E7369 		.ascii	"unsigned int\000"
 734      676E6564 
 734      20696E74 
 734      00
 735              	.LASF8:
 736 01a4 6C6F6E67 		.ascii	"long long unsigned int\000"
 736      206C6F6E 
 736      6720756E 
 736      7369676E 
 736      65642069 
 737              	.LASF19:
 738 01bb 55707065 		.ascii	"UpperDestAddress\000"
 738      72446573 
 738      74416464 
 738      72657373 
 738      00
 739              	.LASF9:
 740 01cc 73697A65 		.ascii	"sizetype\000"
 740      74797065 
 740      00
 741              	.LASF7:
 742 01d5 6C6F6E67 		.ascii	"long long int\000"
 742      206C6F6E 
 742      6720696E 
 742      7400
 743              	.LASF21:
 744 01e3 4379446D 		.ascii	"CyDmaChSetExtendedAddress\000"
 744      61436853 
 744      65744578 
 744      74656E64 
 744      65644164 
 745              	.LASF10:
 746 01fd 63686172 		.ascii	"char\000"
 746      00
 747              	.LASF26:
 748 0202 5450535F 		.ascii	"TPS_ADC_FinalBuf_DmaInitialize\000"
 748      4144435F 
ARM GAS  C:\Users\mitchell\AppData\Local\Temp\cckE6Efy.s 			page 18


 748      46696E61 
 748      6C427566 
 748      5F446D61 
 749              	.LASF3:
 750 0221 73686F72 		.ascii	"short int\000"
 750      7420696E 
 750      7400
 751              	.LASF5:
 752 022b 6C6F6E67 		.ascii	"long int\000"
 752      20696E74 
 752      00
 753              	.LASF24:
 754 0234 2E5C4765 		.ascii	".\\Generated_Source\\PSoC5\\TPS_ADC_FinalBuf_dma.c\000"
 754      6E657261 
 754      7465645F 
 754      536F7572 
 754      63655C50 
 755              	.LASF1:
 756 0264 7369676E 		.ascii	"signed char\000"
 756      65642063 
 756      68617200 
 757              	.LASF29:
 758 0270 4379446D 		.ascii	"CyDmaChDisable\000"
 758      61436844 
 758      69736162 
 758      6C6500
 759              	.LASF20:
 760 027f 4379446D 		.ascii	"CyDmaChSetConfiguration\000"
 760      61436853 
 760      6574436F 
 760      6E666967 
 760      75726174 
 761              		.ident	"GCC: (GNU Tools for ARM Embedded Processors) 4.9.3 20150303 (release) [ARM/embedded-4_9-br
