#***************************************************************************

#sjplacer

#Version:            1.1

#Build Date:         Apr 25 2016 12:55:34

#File Generated:     Jun 14 2016 21:39:58

#Purpose:            

#Copyright (C) 2010-2011 by Softjin Technologies Pvt Ltd. All rights reserved.

#***************************************************************************

Executing : C:\Program Files (x86)\Cypress\PSoC Creator\3.3\PSoC Creator\bin/sjplacer.exe --proj-name E-Throttle --netlist-vh2 E-Throttle_p.vh2 --arch-file C:\Program Files (x86)\Cypress\PSoC Creator\3.3\PSoC Creator\dev/arch/p35_udb4x6.ark --rrg-file C:\Program Files (x86)\Cypress\PSoC Creator\3.3\PSoC Creator\dev/psoc5/psoc5lp/route_arch-rrg.cydata --irq-file C:\Program Files (x86)\Cypress\PSoC Creator\3.3\PSoC Creator\dev/psoc5/psoc5lp/irqconn.cydata --drq-file C:\Program Files (x86)\Cypress\PSoC Creator\3.3\PSoC Creator\dev/psoc5/psoc5lp/dmaconn.cydata --dsi-conn-file C:\Program Files (x86)\Cypress\PSoC Creator\3.3\PSoC Creator\dev/psoc5/psoc5lp/dsiconn.cydata --pins-file pins_68-QFN.xml --lib-file E-Throttle_p.lib --sdc-file E-Throttle.sdc --io-pcf E-Throttle.pci --outdir .

		Softjin Techologies Placer, Version 1.1

Build Date : Apr 25 2016	12:53:53

D2004: Option and Settings Summary
=============================================================
Netlist vh2 file          - E-Throttle_p.vh2
Architecture file         - C:\Program Files (x86)\Cypress\PSoC Creator\3.3\PSoC Creator\dev/arch/p35_udb4x6.ark
Package                   - 
Defparam file             - 
SDC file                  - E-Throttle.sdc
Output directory          - .
Timing library            - E-Throttle_p.lib
IO Placement file         - E-Throttle.pci

D2050: Starting reading inputs for placer
=============================================================
D2065: Reading netlist file : "E-Throttle_p.vh2"
D2065: Reading arch file : "C:\Program Files (x86)\Cypress\PSoC Creator\3.3\PSoC Creator\dev/arch/p35_udb4x6.ark"
D2051: Reading of inputs for placer completed successfully

D2053: Starting placement of the design
=============================================================

Phase 2
Phase 3

Design Statistics after Packing
    Number of Combinational MCs 	:	15
    Number of Sequential MCs    	:	166
    Number of DPs               	:	3
    Number of Controls          	:	5
    Number of Status            	:	4
    Number of SyncCells         	:	2
    Number of count7cells       	:	3

Device Utilization Summary after Packing
    Macrocells                  :	181/192
    UDBS                        :	24/24
    IOs                         :	8/72


D2088: Phase 3, elapsed time : 0.1 (sec)

Phase 4
D2088: Phase 4, elapsed time : 0.0 (sec)

Phase 5
D2088: Phase 5, elapsed time : 0.0 (sec)

Phase 6

######################################################################
Placement Timing Summary

The timing summary is based on estimated routing delays after
placement. For final timing report, please carry out the timing
analysis after routing.
======================================================================

######################################################################
                     Clock Summary 
======================================================================
Number of clocks: 19
Clock: APPS_ADC_IntClock    | Frequency:  28.9 MHz | Target:   1.6 MHz
Clock: APPS_ADC_IntClock(routed) | Frequency: N/A       | Target:   1.6 MHz
Clock: BRAKE_ADC_Ext_CP_Clk | Frequency: N/A       | Target:  24.0 MHz
Clock: BRAKE_ADC_Ext_CP_Clk(routed) | Frequency: N/A       | Target:  24.0 MHz
Clock: BRAKE_ADC_theACLK    | Frequency: N/A       | Target:   0.5 MHz
Clock: BRAKE_ADC_theACLK(fixed-function) | Frequency: N/A       | Target:   0.5 MHz
Clock: CyBUS_CLK            | Frequency:  53.3 MHz | Target:  24.0 MHz
Clock: CyILO                | Frequency: N/A       | Target:   0.0 MHz
Clock: CyIMO                | Frequency: N/A       | Target:   3.0 MHz
Clock: CyMASTER_CLK         | Frequency: N/A       | Target:  24.0 MHz
Clock: CyPLL_OUT            | Frequency: N/A       | Target:  24.0 MHz
Clock: TPS_ADC_IntClock     | Frequency:  25.2 MHz | Target:   1.6 MHz
Clock: TPS_ADC_IntClock(routed) | Frequency: N/A       | Target:   1.6 MHz
Clock: UART_IntClock        | Frequency:  49.9 MHz | Target:   0.9 MHz
Clock: \BRAKE_ADC:DSM\/dec_clock | Frequency: N/A       | Target:   0.1 MHz
Clock: pwm_clock            | Frequency: N/A       | Target:   1.0 MHz
Clock: pwm_clock(fixed-function) | Frequency: N/A       | Target:   1.0 MHz
Clock: timer_clock          | Frequency: N/A       | Target:   0.0 MHz
Clock: timer_clock(fixed-function) | Frequency: N/A       | Target:   0.0 MHz

======================================================================
                     End of Clock Summary
######################################################################

D2088: Phase 6, elapsed time : 0.2 (sec)

Phase 7
######################################################################
                     Clock Summary 
======================================================================
Number of clocks: 19
Clock: APPS_ADC_IntClock    | Frequency:   3.0 MHz | Target:   1.6 MHz
Clock: APPS_ADC_IntClock(routed) | Frequency: N/A       | Target:   1.6 MHz
Clock: BRAKE_ADC_Ext_CP_Clk | Frequency: N/A       | Target:  24.0 MHz
Clock: BRAKE_ADC_Ext_CP_Clk(routed) | Frequency: N/A       | Target:  24.0 MHz
Clock: BRAKE_ADC_theACLK    | Frequency: N/A       | Target:   0.5 MHz
Clock: BRAKE_ADC_theACLK(fixed-function) | Frequency: N/A       | Target:   0.5 MHz
Clock: CyBUS_CLK            | Frequency:   1.5 MHz | Target:  24.0 MHz
Clock: CyILO                | Frequency: N/A       | Target:   0.0 MHz
Clock: CyIMO                | Frequency: N/A       | Target:   3.0 MHz
Clock: CyMASTER_CLK         | Frequency: N/A       | Target:  24.0 MHz
Clock: CyPLL_OUT            | Frequency: N/A       | Target:  24.0 MHz
Clock: TPS_ADC_IntClock     | Frequency:   3.0 MHz | Target:   1.6 MHz
Clock: TPS_ADC_IntClock(routed) | Frequency: N/A       | Target:   1.6 MHz
Clock: UART_IntClock        | Frequency:   1.5 MHz | Target:   0.9 MHz
Clock: \BRAKE_ADC:DSM\/dec_clock | Frequency: N/A       | Target:   0.1 MHz
Clock: pwm_clock            | Frequency: N/A       | Target:   1.0 MHz
Clock: pwm_clock(fixed-function) | Frequency: N/A       | Target:   1.0 MHz
Clock: timer_clock          | Frequency: N/A       | Target:   0.0 MHz
Clock: timer_clock(fixed-function) | Frequency: N/A       | Target:   0.0 MHz

======================================================================
                     End of Clock Summary
######################################################################
D2088: Phase 7, elapsed time : 6.7 (sec)

Final Design Statistics
    Number of Combinational MCs 	:	15
    Number of Sequential MCs    	:	166
    Number of DPs               	:	3
    Number of Controls          	:	5
    Number of Status            	:	4
    Number of SyncCells         	:	2
    Number of count7cells       	:	3
    Number of IOs       	:	8

Device Utilization Summary
    Macrocells                  :	181/192
    IOs                         :	8/72



######################################################################
Placement Timing Summary

The timing summary is based on estimated routing delays after
placement. For final timing report, please carry out the timing
analysis after routing.
======================================================================


######################################################################
                     Clock Summary 
======================================================================
Number of clocks: 19
Clock: APPS_ADC_IntClock    | Frequency:   3.0 MHz | Target:   1.6 MHz
Clock: APPS_ADC_IntClock(routed) | Frequency: N/A       | Target:   1.6 MHz
Clock: BRAKE_ADC_Ext_CP_Clk | Frequency: N/A       | Target:  24.0 MHz
Clock: BRAKE_ADC_Ext_CP_Clk(routed) | Frequency: N/A       | Target:  24.0 MHz
Clock: BRAKE_ADC_theACLK    | Frequency: N/A       | Target:   0.5 MHz
Clock: BRAKE_ADC_theACLK(fixed-function) | Frequency: N/A       | Target:   0.5 MHz
Clock: CyBUS_CLK            | Frequency:   1.5 MHz | Target:  24.0 MHz
Clock: CyILO                | Frequency: N/A       | Target:   0.0 MHz
Clock: CyIMO                | Frequency: N/A       | Target:   3.0 MHz
Clock: CyMASTER_CLK         | Frequency: N/A       | Target:  24.0 MHz
Clock: CyPLL_OUT            | Frequency: N/A       | Target:  24.0 MHz
Clock: TPS_ADC_IntClock     | Frequency:   3.0 MHz | Target:   1.6 MHz
Clock: TPS_ADC_IntClock(routed) | Frequency: N/A       | Target:   1.6 MHz
Clock: UART_IntClock        | Frequency:   1.5 MHz | Target:   0.9 MHz
Clock: \BRAKE_ADC:DSM\/dec_clock | Frequency: N/A       | Target:   0.1 MHz
Clock: pwm_clock            | Frequency: N/A       | Target:   1.0 MHz
Clock: pwm_clock(fixed-function) | Frequency: N/A       | Target:   1.0 MHz
Clock: timer_clock          | Frequency: N/A       | Target:   0.0 MHz
Clock: timer_clock(fixed-function) | Frequency: N/A       | Target:   0.0 MHz

======================================================================
                     End of Clock Summary
######################################################################

Phase 8
D2088: Phase 8, elapsed time : 0.0 (sec)

D2054: Placement of the design completed successfully

I2076: Total run-time: 7.8 sec.

