ARM GAS  C:\Users\mitchell\AppData\Local\Temp\ccyKtSE6.s 			page 1


   1              		.cpu cortex-m0
   2              		.fpu softvfp
   3              		.eabi_attribute 20, 1
   4              		.eabi_attribute 21, 1
   5              		.eabi_attribute 23, 3
   6              		.eabi_attribute 24, 1
   7              		.eabi_attribute 25, 1
   8              		.eabi_attribute 26, 1
   9              		.eabi_attribute 30, 6
  10              		.eabi_attribute 34, 0
  11              		.eabi_attribute 18, 4
  12              		.code	16
  13              		.file	"ADC_SAR_Seq_1_PM.c"
  14              		.text
  15              	.Ltext0:
  16              		.cfi_sections	.debug_frame
  17              		.bss
  18              		.align	2
  19              	ADC_SAR_Seq_1_backup:
  20 0000 00       		.space	1
  21 0001 000000   		.section	.text.ADC_SAR_Seq_1_SaveConfig,"ax",%progbits
  22              		.align	2
  23              		.global	ADC_SAR_Seq_1_SaveConfig
  24              		.code	16
  25              		.thumb_func
  26              		.type	ADC_SAR_Seq_1_SaveConfig, %function
  27              	ADC_SAR_Seq_1_SaveConfig:
  28              	.LFB0:
  29              		.file 1 ".\\Generated_Source\\PSoC4\\ADC_SAR_Seq_1_PM.c"
   1:.\Generated_Source\PSoC4/ADC_SAR_Seq_1_PM.c **** /*******************************************************************************
   2:.\Generated_Source\PSoC4/ADC_SAR_Seq_1_PM.c **** * File Name: ADC_SAR_Seq_1_PM.c
   3:.\Generated_Source\PSoC4/ADC_SAR_Seq_1_PM.c **** * Version 2.20
   4:.\Generated_Source\PSoC4/ADC_SAR_Seq_1_PM.c **** *
   5:.\Generated_Source\PSoC4/ADC_SAR_Seq_1_PM.c **** * Description:
   6:.\Generated_Source\PSoC4/ADC_SAR_Seq_1_PM.c **** *  This file provides Sleep/WakeUp APIs functionality.
   7:.\Generated_Source\PSoC4/ADC_SAR_Seq_1_PM.c **** *
   8:.\Generated_Source\PSoC4/ADC_SAR_Seq_1_PM.c **** * Note:
   9:.\Generated_Source\PSoC4/ADC_SAR_Seq_1_PM.c **** *
  10:.\Generated_Source\PSoC4/ADC_SAR_Seq_1_PM.c **** ********************************************************************************
  11:.\Generated_Source\PSoC4/ADC_SAR_Seq_1_PM.c **** * Copyright 2008-2015, Cypress Semiconductor Corporation.  All rights reserved.
  12:.\Generated_Source\PSoC4/ADC_SAR_Seq_1_PM.c **** * You may use this file only in accordance with the license, terms, conditions,
  13:.\Generated_Source\PSoC4/ADC_SAR_Seq_1_PM.c **** * disclaimers, and limitations in the end user license agreement accompanying
  14:.\Generated_Source\PSoC4/ADC_SAR_Seq_1_PM.c **** * the software package with which this file was provided.
  15:.\Generated_Source\PSoC4/ADC_SAR_Seq_1_PM.c **** *******************************************************************************/
  16:.\Generated_Source\PSoC4/ADC_SAR_Seq_1_PM.c **** 
  17:.\Generated_Source\PSoC4/ADC_SAR_Seq_1_PM.c **** #include "ADC_SAR_Seq_1.h"
  18:.\Generated_Source\PSoC4/ADC_SAR_Seq_1_PM.c **** 
  19:.\Generated_Source\PSoC4/ADC_SAR_Seq_1_PM.c **** 
  20:.\Generated_Source\PSoC4/ADC_SAR_Seq_1_PM.c **** /***************************************
  21:.\Generated_Source\PSoC4/ADC_SAR_Seq_1_PM.c **** * Local data allocation
  22:.\Generated_Source\PSoC4/ADC_SAR_Seq_1_PM.c **** ***************************************/
  23:.\Generated_Source\PSoC4/ADC_SAR_Seq_1_PM.c **** 
  24:.\Generated_Source\PSoC4/ADC_SAR_Seq_1_PM.c **** static ADC_SAR_Seq_1_BACKUP_STRUCT  ADC_SAR_Seq_1_backup =
  25:.\Generated_Source\PSoC4/ADC_SAR_Seq_1_PM.c **** {
  26:.\Generated_Source\PSoC4/ADC_SAR_Seq_1_PM.c ****     ADC_SAR_Seq_1_DISABLED
  27:.\Generated_Source\PSoC4/ADC_SAR_Seq_1_PM.c **** };
  28:.\Generated_Source\PSoC4/ADC_SAR_Seq_1_PM.c **** 
ARM GAS  C:\Users\mitchell\AppData\Local\Temp\ccyKtSE6.s 			page 2


  29:.\Generated_Source\PSoC4/ADC_SAR_Seq_1_PM.c **** 
  30:.\Generated_Source\PSoC4/ADC_SAR_Seq_1_PM.c **** /*******************************************************************************
  31:.\Generated_Source\PSoC4/ADC_SAR_Seq_1_PM.c **** * Function Name: ADC_SAR_Seq_1_SaveConfig
  32:.\Generated_Source\PSoC4/ADC_SAR_Seq_1_PM.c **** ********************************************************************************
  33:.\Generated_Source\PSoC4/ADC_SAR_Seq_1_PM.c **** *
  34:.\Generated_Source\PSoC4/ADC_SAR_Seq_1_PM.c **** * Summary:
  35:.\Generated_Source\PSoC4/ADC_SAR_Seq_1_PM.c **** *  Saves the current user configuration.
  36:.\Generated_Source\PSoC4/ADC_SAR_Seq_1_PM.c **** *
  37:.\Generated_Source\PSoC4/ADC_SAR_Seq_1_PM.c **** * Parameters:
  38:.\Generated_Source\PSoC4/ADC_SAR_Seq_1_PM.c **** *  None.
  39:.\Generated_Source\PSoC4/ADC_SAR_Seq_1_PM.c **** *
  40:.\Generated_Source\PSoC4/ADC_SAR_Seq_1_PM.c **** * Return:
  41:.\Generated_Source\PSoC4/ADC_SAR_Seq_1_PM.c **** *  None.
  42:.\Generated_Source\PSoC4/ADC_SAR_Seq_1_PM.c **** *
  43:.\Generated_Source\PSoC4/ADC_SAR_Seq_1_PM.c **** *******************************************************************************/
  44:.\Generated_Source\PSoC4/ADC_SAR_Seq_1_PM.c **** void ADC_SAR_Seq_1_SaveConfig(void)
  45:.\Generated_Source\PSoC4/ADC_SAR_Seq_1_PM.c **** {
  30              		.loc 1 45 0
  31              		.cfi_startproc
  32 0000 80B5     		push	{r7, lr}
  33              		.cfi_def_cfa_offset 8
  34              		.cfi_offset 7, -8
  35              		.cfi_offset 14, -4
  36 0002 00AF     		add	r7, sp, #0
  37              		.cfi_def_cfa_register 7
  46:.\Generated_Source\PSoC4/ADC_SAR_Seq_1_PM.c ****     /* All configuration registers are marked as [reset_all_retention] */
  47:.\Generated_Source\PSoC4/ADC_SAR_Seq_1_PM.c **** }
  38              		.loc 1 47 0
  39 0004 BD46     		mov	sp, r7
  40              		@ sp needed
  41 0006 80BD     		pop	{r7, pc}
  42              		.cfi_endproc
  43              	.LFE0:
  44              		.size	ADC_SAR_Seq_1_SaveConfig, .-ADC_SAR_Seq_1_SaveConfig
  45              		.section	.text.ADC_SAR_Seq_1_RestoreConfig,"ax",%progbits
  46              		.align	2
  47              		.global	ADC_SAR_Seq_1_RestoreConfig
  48              		.code	16
  49              		.thumb_func
  50              		.type	ADC_SAR_Seq_1_RestoreConfig, %function
  51              	ADC_SAR_Seq_1_RestoreConfig:
  52              	.LFB1:
  48:.\Generated_Source\PSoC4/ADC_SAR_Seq_1_PM.c **** 
  49:.\Generated_Source\PSoC4/ADC_SAR_Seq_1_PM.c **** 
  50:.\Generated_Source\PSoC4/ADC_SAR_Seq_1_PM.c **** /*******************************************************************************
  51:.\Generated_Source\PSoC4/ADC_SAR_Seq_1_PM.c **** * Function Name: ADC_SAR_Seq_1_RestoreConfig
  52:.\Generated_Source\PSoC4/ADC_SAR_Seq_1_PM.c **** ********************************************************************************
  53:.\Generated_Source\PSoC4/ADC_SAR_Seq_1_PM.c **** *
  54:.\Generated_Source\PSoC4/ADC_SAR_Seq_1_PM.c **** * Summary:
  55:.\Generated_Source\PSoC4/ADC_SAR_Seq_1_PM.c **** *  Restores the current user configuration.
  56:.\Generated_Source\PSoC4/ADC_SAR_Seq_1_PM.c **** *
  57:.\Generated_Source\PSoC4/ADC_SAR_Seq_1_PM.c **** * Parameters:
  58:.\Generated_Source\PSoC4/ADC_SAR_Seq_1_PM.c **** *  None.
  59:.\Generated_Source\PSoC4/ADC_SAR_Seq_1_PM.c **** *
  60:.\Generated_Source\PSoC4/ADC_SAR_Seq_1_PM.c **** * Return:
  61:.\Generated_Source\PSoC4/ADC_SAR_Seq_1_PM.c **** *  None.
  62:.\Generated_Source\PSoC4/ADC_SAR_Seq_1_PM.c **** *
ARM GAS  C:\Users\mitchell\AppData\Local\Temp\ccyKtSE6.s 			page 3


  63:.\Generated_Source\PSoC4/ADC_SAR_Seq_1_PM.c **** *******************************************************************************/
  64:.\Generated_Source\PSoC4/ADC_SAR_Seq_1_PM.c **** void ADC_SAR_Seq_1_RestoreConfig(void)
  65:.\Generated_Source\PSoC4/ADC_SAR_Seq_1_PM.c **** {
  53              		.loc 1 65 0
  54              		.cfi_startproc
  55 0000 80B5     		push	{r7, lr}
  56              		.cfi_def_cfa_offset 8
  57              		.cfi_offset 7, -8
  58              		.cfi_offset 14, -4
  59 0002 00AF     		add	r7, sp, #0
  60              		.cfi_def_cfa_register 7
  66:.\Generated_Source\PSoC4/ADC_SAR_Seq_1_PM.c ****     /* All congiguration registers are marked as [reset_all_retention] */
  67:.\Generated_Source\PSoC4/ADC_SAR_Seq_1_PM.c **** }
  61              		.loc 1 67 0
  62 0004 BD46     		mov	sp, r7
  63              		@ sp needed
  64 0006 80BD     		pop	{r7, pc}
  65              		.cfi_endproc
  66              	.LFE1:
  67              		.size	ADC_SAR_Seq_1_RestoreConfig, .-ADC_SAR_Seq_1_RestoreConfig
  68              		.section	.text.ADC_SAR_Seq_1_Sleep,"ax",%progbits
  69              		.align	2
  70              		.global	ADC_SAR_Seq_1_Sleep
  71              		.code	16
  72              		.thumb_func
  73              		.type	ADC_SAR_Seq_1_Sleep, %function
  74              	ADC_SAR_Seq_1_Sleep:
  75              	.LFB2:
  68:.\Generated_Source\PSoC4/ADC_SAR_Seq_1_PM.c **** 
  69:.\Generated_Source\PSoC4/ADC_SAR_Seq_1_PM.c **** 
  70:.\Generated_Source\PSoC4/ADC_SAR_Seq_1_PM.c **** /*******************************************************************************
  71:.\Generated_Source\PSoC4/ADC_SAR_Seq_1_PM.c **** * Function Name: ADC_SAR_Seq_1_Sleep
  72:.\Generated_Source\PSoC4/ADC_SAR_Seq_1_PM.c **** ********************************************************************************
  73:.\Generated_Source\PSoC4/ADC_SAR_Seq_1_PM.c **** *
  74:.\Generated_Source\PSoC4/ADC_SAR_Seq_1_PM.c **** * Summary:
  75:.\Generated_Source\PSoC4/ADC_SAR_Seq_1_PM.c **** *  Stops the ADC operation and saves the configuration registers and component
  76:.\Generated_Source\PSoC4/ADC_SAR_Seq_1_PM.c **** *  enable state. Should be called just prior to entering sleep.
  77:.\Generated_Source\PSoC4/ADC_SAR_Seq_1_PM.c **** *
  78:.\Generated_Source\PSoC4/ADC_SAR_Seq_1_PM.c **** * Parameters:
  79:.\Generated_Source\PSoC4/ADC_SAR_Seq_1_PM.c **** *  None.
  80:.\Generated_Source\PSoC4/ADC_SAR_Seq_1_PM.c **** *
  81:.\Generated_Source\PSoC4/ADC_SAR_Seq_1_PM.c **** * Return:
  82:.\Generated_Source\PSoC4/ADC_SAR_Seq_1_PM.c **** *  None.
  83:.\Generated_Source\PSoC4/ADC_SAR_Seq_1_PM.c **** *
  84:.\Generated_Source\PSoC4/ADC_SAR_Seq_1_PM.c **** * Global Variables:
  85:.\Generated_Source\PSoC4/ADC_SAR_Seq_1_PM.c **** *  ADC_SAR_Seq_1_backup - modified.
  86:.\Generated_Source\PSoC4/ADC_SAR_Seq_1_PM.c **** *
  87:.\Generated_Source\PSoC4/ADC_SAR_Seq_1_PM.c **** *******************************************************************************/
  88:.\Generated_Source\PSoC4/ADC_SAR_Seq_1_PM.c **** void ADC_SAR_Seq_1_Sleep(void)
  89:.\Generated_Source\PSoC4/ADC_SAR_Seq_1_PM.c **** {
  76              		.loc 1 89 0
  77              		.cfi_startproc
  78 0000 80B5     		push	{r7, lr}
  79              		.cfi_def_cfa_offset 8
  80              		.cfi_offset 7, -8
  81              		.cfi_offset 14, -4
  82 0002 00AF     		add	r7, sp, #0
ARM GAS  C:\Users\mitchell\AppData\Local\Temp\ccyKtSE6.s 			page 4


  83              		.cfi_def_cfa_register 7
  90:.\Generated_Source\PSoC4/ADC_SAR_Seq_1_PM.c ****     /* During deepsleep/ hibernate mode keep SARMUX active, i.e. do not open
  91:.\Generated_Source\PSoC4/ADC_SAR_Seq_1_PM.c ****     *   all switches (disconnect), to be used for ADFT
  92:.\Generated_Source\PSoC4/ADC_SAR_Seq_1_PM.c ****     */
  93:.\Generated_Source\PSoC4/ADC_SAR_Seq_1_PM.c ****     ADC_SAR_Seq_1_SAR_DFT_CTRL_REG |= ADC_SAR_Seq_1_ADFT_OVERRIDE;
  84              		.loc 1 93 0
  85 0004 1A4B     		ldr	r3, .L9
  86 0006 1A4A     		ldr	r2, .L9
  87 0008 1268     		ldr	r2, [r2]
  88 000a 8021     		mov	r1, #128
  89 000c 0906     		lsl	r1, r1, #24
  90 000e 0A43     		orr	r2, r1
  91 0010 1A60     		str	r2, [r3]
  94:.\Generated_Source\PSoC4/ADC_SAR_Seq_1_PM.c ****     if((ADC_SAR_Seq_1_SAR_CTRL_REG  & ADC_SAR_Seq_1_ENABLE) != 0u)
  92              		.loc 1 94 0
  93 0012 184B     		ldr	r3, .L9+4
  94 0014 1B68     		ldr	r3, [r3]
  95 0016 002B     		cmp	r3, #0
  96 0018 24DA     		bge	.L4
  95:.\Generated_Source\PSoC4/ADC_SAR_Seq_1_PM.c ****     {
  96:.\Generated_Source\PSoC4/ADC_SAR_Seq_1_PM.c ****         if((ADC_SAR_Seq_1_SAR_SAMPLE_CTRL_REG & ADC_SAR_Seq_1_CONTINUOUS_EN) != 0u)
  97              		.loc 1 96 0
  98 001a 174B     		ldr	r3, .L9+8
  99 001c 1A68     		ldr	r2, [r3]
 100 001e 8023     		mov	r3, #128
 101 0020 5B02     		lsl	r3, r3, #9
 102 0022 1340     		and	r3, r2
 103 0024 03D0     		beq	.L5
  97:.\Generated_Source\PSoC4/ADC_SAR_Seq_1_PM.c ****         {
  98:.\Generated_Source\PSoC4/ADC_SAR_Seq_1_PM.c ****             ADC_SAR_Seq_1_backup.enableState = ADC_SAR_Seq_1_ENABLED | ADC_SAR_Seq_1_STARTED;
 104              		.loc 1 98 0
 105 0026 154B     		ldr	r3, .L9+12
 106 0028 0322     		mov	r2, #3
 107 002a 1A70     		strb	r2, [r3]
 108 002c 02E0     		b	.L6
 109              	.L5:
  99:.\Generated_Source\PSoC4/ADC_SAR_Seq_1_PM.c ****         }
 100:.\Generated_Source\PSoC4/ADC_SAR_Seq_1_PM.c ****         else
 101:.\Generated_Source\PSoC4/ADC_SAR_Seq_1_PM.c ****         {
 102:.\Generated_Source\PSoC4/ADC_SAR_Seq_1_PM.c ****             ADC_SAR_Seq_1_backup.enableState = ADC_SAR_Seq_1_ENABLED;
 110              		.loc 1 102 0
 111 002e 134B     		ldr	r3, .L9+12
 112 0030 0122     		mov	r2, #1
 113 0032 1A70     		strb	r2, [r3]
 114              	.L6:
 103:.\Generated_Source\PSoC4/ADC_SAR_Seq_1_PM.c ****         }
 104:.\Generated_Source\PSoC4/ADC_SAR_Seq_1_PM.c ****         ADC_SAR_Seq_1_StopConvert();
 115              		.loc 1 104 0
 116 0034 FFF7FEFF 		bl	ADC_SAR_Seq_1_StopConvert
 105:.\Generated_Source\PSoC4/ADC_SAR_Seq_1_PM.c ****         ADC_SAR_Seq_1_Stop();
 117              		.loc 1 105 0
 118 0038 FFF7FEFF 		bl	ADC_SAR_Seq_1_Stop
 106:.\Generated_Source\PSoC4/ADC_SAR_Seq_1_PM.c ****         
 107:.\Generated_Source\PSoC4/ADC_SAR_Seq_1_PM.c ****         /* Disable the SAR internal pump before entering the chip low power mode */
 108:.\Generated_Source\PSoC4/ADC_SAR_Seq_1_PM.c ****         if((ADC_SAR_Seq_1_SAR_CTRL_REG & ADC_SAR_Seq_1_BOOSTPUMP_EN) != 0u)
 119              		.loc 1 108 0
 120 003c 0D4B     		ldr	r3, .L9+4
ARM GAS  C:\Users\mitchell\AppData\Local\Temp\ccyKtSE6.s 			page 5


 121 003e 1A68     		ldr	r2, [r3]
 122 0040 8023     		mov	r3, #128
 123 0042 5B03     		lsl	r3, r3, #13
 124 0044 1340     		and	r3, r2
 125 0046 10D0     		beq	.L3
 109:.\Generated_Source\PSoC4/ADC_SAR_Seq_1_PM.c ****         {
 110:.\Generated_Source\PSoC4/ADC_SAR_Seq_1_PM.c ****             ADC_SAR_Seq_1_SAR_CTRL_REG &= (uint32)~ADC_SAR_Seq_1_BOOSTPUMP_EN;
 126              		.loc 1 110 0
 127 0048 0A4B     		ldr	r3, .L9+4
 128 004a 0A4A     		ldr	r2, .L9+4
 129 004c 1168     		ldr	r1, [r2]
 130 004e 0C4A     		ldr	r2, .L9+16
 131 0050 0A40     		and	r2, r1
 132 0052 1A60     		str	r2, [r3]
 111:.\Generated_Source\PSoC4/ADC_SAR_Seq_1_PM.c ****             ADC_SAR_Seq_1_backup.enableState |= ADC_SAR_Seq_1_BOOSTPUMP_ENABLED;
 133              		.loc 1 111 0
 134 0054 094B     		ldr	r3, .L9+12
 135 0056 1B78     		ldrb	r3, [r3]
 136 0058 0422     		mov	r2, #4
 137 005a 1343     		orr	r3, r2
 138 005c DAB2     		uxtb	r2, r3
 139 005e 074B     		ldr	r3, .L9+12
 140 0060 1A70     		strb	r2, [r3]
 141 0062 02E0     		b	.L3
 142              	.L4:
 112:.\Generated_Source\PSoC4/ADC_SAR_Seq_1_PM.c ****         }
 113:.\Generated_Source\PSoC4/ADC_SAR_Seq_1_PM.c ****     }
 114:.\Generated_Source\PSoC4/ADC_SAR_Seq_1_PM.c ****     else
 115:.\Generated_Source\PSoC4/ADC_SAR_Seq_1_PM.c ****     {
 116:.\Generated_Source\PSoC4/ADC_SAR_Seq_1_PM.c ****         ADC_SAR_Seq_1_backup.enableState = ADC_SAR_Seq_1_DISABLED;
 143              		.loc 1 116 0
 144 0064 054B     		ldr	r3, .L9+12
 145 0066 0022     		mov	r2, #0
 146 0068 1A70     		strb	r2, [r3]
 147              	.L3:
 117:.\Generated_Source\PSoC4/ADC_SAR_Seq_1_PM.c ****     }
 118:.\Generated_Source\PSoC4/ADC_SAR_Seq_1_PM.c **** }
 148              		.loc 1 118 0
 149 006a BD46     		mov	sp, r7
 150              		@ sp needed
 151 006c 80BD     		pop	{r7, pc}
 152              	.L10:
 153 006e C046     		.align	2
 154              	.L9:
 155 0070 30001A40 		.word	1075445808
 156 0074 00001A40 		.word	1075445760
 157 0078 04001A40 		.word	1075445764
 158 007c 00000000 		.word	ADC_SAR_Seq_1_backup
 159 0080 FFFFEFFF 		.word	-1048577
 160              		.cfi_endproc
 161              	.LFE2:
 162              		.size	ADC_SAR_Seq_1_Sleep, .-ADC_SAR_Seq_1_Sleep
 163              		.section	.text.ADC_SAR_Seq_1_Wakeup,"ax",%progbits
 164              		.align	2
 165              		.global	ADC_SAR_Seq_1_Wakeup
 166              		.code	16
 167              		.thumb_func
ARM GAS  C:\Users\mitchell\AppData\Local\Temp\ccyKtSE6.s 			page 6


 168              		.type	ADC_SAR_Seq_1_Wakeup, %function
 169              	ADC_SAR_Seq_1_Wakeup:
 170              	.LFB3:
 119:.\Generated_Source\PSoC4/ADC_SAR_Seq_1_PM.c **** 
 120:.\Generated_Source\PSoC4/ADC_SAR_Seq_1_PM.c **** 
 121:.\Generated_Source\PSoC4/ADC_SAR_Seq_1_PM.c **** /*******************************************************************************
 122:.\Generated_Source\PSoC4/ADC_SAR_Seq_1_PM.c **** * Function Name: ADC_SAR_Seq_1_Wakeup
 123:.\Generated_Source\PSoC4/ADC_SAR_Seq_1_PM.c **** ********************************************************************************
 124:.\Generated_Source\PSoC4/ADC_SAR_Seq_1_PM.c **** *
 125:.\Generated_Source\PSoC4/ADC_SAR_Seq_1_PM.c **** * Summary:
 126:.\Generated_Source\PSoC4/ADC_SAR_Seq_1_PM.c **** *  Restores the component enable state and configuration registers.
 127:.\Generated_Source\PSoC4/ADC_SAR_Seq_1_PM.c **** *  This should be called just after awaking from sleep mode.
 128:.\Generated_Source\PSoC4/ADC_SAR_Seq_1_PM.c **** *
 129:.\Generated_Source\PSoC4/ADC_SAR_Seq_1_PM.c **** * Parameters:
 130:.\Generated_Source\PSoC4/ADC_SAR_Seq_1_PM.c **** *  None.
 131:.\Generated_Source\PSoC4/ADC_SAR_Seq_1_PM.c **** *
 132:.\Generated_Source\PSoC4/ADC_SAR_Seq_1_PM.c **** * Return:
 133:.\Generated_Source\PSoC4/ADC_SAR_Seq_1_PM.c **** *  None.
 134:.\Generated_Source\PSoC4/ADC_SAR_Seq_1_PM.c **** *
 135:.\Generated_Source\PSoC4/ADC_SAR_Seq_1_PM.c **** * Global Variables:
 136:.\Generated_Source\PSoC4/ADC_SAR_Seq_1_PM.c **** *  ADC_SAR_Seq_1_backup - used.
 137:.\Generated_Source\PSoC4/ADC_SAR_Seq_1_PM.c **** *
 138:.\Generated_Source\PSoC4/ADC_SAR_Seq_1_PM.c **** *******************************************************************************/
 139:.\Generated_Source\PSoC4/ADC_SAR_Seq_1_PM.c **** void ADC_SAR_Seq_1_Wakeup(void)
 140:.\Generated_Source\PSoC4/ADC_SAR_Seq_1_PM.c **** {
 171              		.loc 1 140 0
 172              		.cfi_startproc
 173 0000 80B5     		push	{r7, lr}
 174              		.cfi_def_cfa_offset 8
 175              		.cfi_offset 7, -8
 176              		.cfi_offset 14, -4
 177 0002 00AF     		add	r7, sp, #0
 178              		.cfi_def_cfa_register 7
 141:.\Generated_Source\PSoC4/ADC_SAR_Seq_1_PM.c ****     ADC_SAR_Seq_1_SAR_DFT_CTRL_REG &= (uint32)~ADC_SAR_Seq_1_ADFT_OVERRIDE;
 179              		.loc 1 141 0
 180 0004 114B     		ldr	r3, .L14
 181 0006 114A     		ldr	r2, .L14
 182 0008 1268     		ldr	r2, [r2]
 183 000a 5200     		lsl	r2, r2, #1
 184 000c 5208     		lsr	r2, r2, #1
 185 000e 1A60     		str	r2, [r3]
 142:.\Generated_Source\PSoC4/ADC_SAR_Seq_1_PM.c ****     if(ADC_SAR_Seq_1_backup.enableState != ADC_SAR_Seq_1_DISABLED)
 186              		.loc 1 142 0
 187 0010 0F4B     		ldr	r3, .L14+4
 188 0012 1B78     		ldrb	r3, [r3]
 189 0014 002B     		cmp	r3, #0
 190 0016 16D0     		beq	.L11
 143:.\Generated_Source\PSoC4/ADC_SAR_Seq_1_PM.c ****     {
 144:.\Generated_Source\PSoC4/ADC_SAR_Seq_1_PM.c ****         /* Enable the SAR internal pump  */
 145:.\Generated_Source\PSoC4/ADC_SAR_Seq_1_PM.c ****         if((ADC_SAR_Seq_1_backup.enableState & ADC_SAR_Seq_1_BOOSTPUMP_ENABLED) != 0u)
 191              		.loc 1 145 0
 192 0018 0D4B     		ldr	r3, .L14+4
 193 001a 1B78     		ldrb	r3, [r3]
 194 001c 1A1C     		mov	r2, r3
 195 001e 0423     		mov	r3, #4
 196 0020 1340     		and	r3, r2
 197 0022 06D0     		beq	.L13
ARM GAS  C:\Users\mitchell\AppData\Local\Temp\ccyKtSE6.s 			page 7


 146:.\Generated_Source\PSoC4/ADC_SAR_Seq_1_PM.c ****         {
 147:.\Generated_Source\PSoC4/ADC_SAR_Seq_1_PM.c ****             ADC_SAR_Seq_1_SAR_CTRL_REG |= ADC_SAR_Seq_1_BOOSTPUMP_EN;
 198              		.loc 1 147 0
 199 0024 0B4B     		ldr	r3, .L14+8
 200 0026 0B4A     		ldr	r2, .L14+8
 201 0028 1268     		ldr	r2, [r2]
 202 002a 8021     		mov	r1, #128
 203 002c 4903     		lsl	r1, r1, #13
 204 002e 0A43     		orr	r2, r1
 205 0030 1A60     		str	r2, [r3]
 206              	.L13:
 148:.\Generated_Source\PSoC4/ADC_SAR_Seq_1_PM.c ****         }
 149:.\Generated_Source\PSoC4/ADC_SAR_Seq_1_PM.c ****         ADC_SAR_Seq_1_Enable();
 207              		.loc 1 149 0
 208 0032 FFF7FEFF 		bl	ADC_SAR_Seq_1_Enable
 150:.\Generated_Source\PSoC4/ADC_SAR_Seq_1_PM.c ****         if((ADC_SAR_Seq_1_backup.enableState & ADC_SAR_Seq_1_STARTED) != 0u)
 209              		.loc 1 150 0
 210 0036 064B     		ldr	r3, .L14+4
 211 0038 1B78     		ldrb	r3, [r3]
 212 003a 1A1C     		mov	r2, r3
 213 003c 0223     		mov	r3, #2
 214 003e 1340     		and	r3, r2
 215 0040 01D0     		beq	.L11
 151:.\Generated_Source\PSoC4/ADC_SAR_Seq_1_PM.c ****         {
 152:.\Generated_Source\PSoC4/ADC_SAR_Seq_1_PM.c ****             ADC_SAR_Seq_1_StartConvert();
 216              		.loc 1 152 0
 217 0042 FFF7FEFF 		bl	ADC_SAR_Seq_1_StartConvert
 218              	.L11:
 153:.\Generated_Source\PSoC4/ADC_SAR_Seq_1_PM.c ****         }
 154:.\Generated_Source\PSoC4/ADC_SAR_Seq_1_PM.c ****     }
 155:.\Generated_Source\PSoC4/ADC_SAR_Seq_1_PM.c **** }
 219              		.loc 1 155 0
 220 0046 BD46     		mov	sp, r7
 221              		@ sp needed
 222 0048 80BD     		pop	{r7, pc}
 223              	.L15:
 224 004a C046     		.align	2
 225              	.L14:
 226 004c 30001A40 		.word	1075445808
 227 0050 00000000 		.word	ADC_SAR_Seq_1_backup
 228 0054 00001A40 		.word	1075445760
 229              		.cfi_endproc
 230              	.LFE3:
 231              		.size	ADC_SAR_Seq_1_Wakeup, .-ADC_SAR_Seq_1_Wakeup
 232              		.text
 233              	.Letext0:
 234              		.file 2 ".\\Generated_Source\\PSoC4\\cytypes.h"
 235              		.file 3 ".\\Generated_Source\\PSoC4\\ADC_SAR_Seq_1.h"
 236              		.section	.debug_info,"",%progbits
 237              	.Ldebug_info0:
 238 0000 20010000 		.4byte	0x120
 239 0004 0400     		.2byte	0x4
 240 0006 00000000 		.4byte	.Ldebug_abbrev0
 241 000a 04       		.byte	0x4
 242 000b 01       		.uleb128 0x1
 243 000c A2000000 		.4byte	.LASF21
 244 0010 01       		.byte	0x1
ARM GAS  C:\Users\mitchell\AppData\Local\Temp\ccyKtSE6.s 			page 8


 245 0011 3A010000 		.4byte	.LASF22
 246 0015 AB010000 		.4byte	.LASF23
 247 0019 00000000 		.4byte	.Ldebug_ranges0+0
 248 001d 00000000 		.4byte	0
 249 0021 00000000 		.4byte	.Ldebug_line0
 250 0025 02       		.uleb128 0x2
 251 0026 01       		.byte	0x1
 252 0027 06       		.byte	0x6
 253 0028 86010000 		.4byte	.LASF0
 254 002c 02       		.uleb128 0x2
 255 002d 01       		.byte	0x1
 256 002e 08       		.byte	0x8
 257 002f 1E010000 		.4byte	.LASF1
 258 0033 02       		.uleb128 0x2
 259 0034 02       		.byte	0x2
 260 0035 05       		.byte	0x5
 261 0036 2B020000 		.4byte	.LASF2
 262 003a 02       		.uleb128 0x2
 263 003b 02       		.byte	0x2
 264 003c 07       		.byte	0x7
 265 003d 73010000 		.4byte	.LASF3
 266 0041 02       		.uleb128 0x2
 267 0042 04       		.byte	0x4
 268 0043 05       		.byte	0x5
 269 0044 31010000 		.4byte	.LASF4
 270 0048 02       		.uleb128 0x2
 271 0049 04       		.byte	0x4
 272 004a 07       		.byte	0x7
 273 004b 65000000 		.4byte	.LASF5
 274 004f 02       		.uleb128 0x2
 275 0050 08       		.byte	0x8
 276 0051 05       		.byte	0x5
 277 0052 00000000 		.4byte	.LASF6
 278 0056 02       		.uleb128 0x2
 279 0057 08       		.byte	0x8
 280 0058 07       		.byte	0x7
 281 0059 77000000 		.4byte	.LASF7
 282 005d 03       		.uleb128 0x3
 283 005e 04       		.byte	0x4
 284 005f 05       		.byte	0x5
 285 0060 696E7400 		.ascii	"int\000"
 286 0064 02       		.uleb128 0x2
 287 0065 04       		.byte	0x4
 288 0066 07       		.byte	0x7
 289 0067 21000000 		.4byte	.LASF8
 290 006b 04       		.uleb128 0x4
 291 006c 5F000000 		.4byte	.LASF9
 292 0070 02       		.byte	0x2
 293 0071 C1       		.byte	0xc1
 294 0072 2C000000 		.4byte	0x2c
 295 0076 04       		.uleb128 0x4
 296 0077 0E000000 		.4byte	.LASF10
 297 007b 02       		.byte	0x2
 298 007c C3       		.byte	0xc3
 299 007d 48000000 		.4byte	0x48
 300 0081 02       		.uleb128 0x2
 301 0082 04       		.byte	0x4
ARM GAS  C:\Users\mitchell\AppData\Local\Temp\ccyKtSE6.s 			page 9


 302 0083 04       		.byte	0x4
 303 0084 10020000 		.4byte	.LASF11
 304 0088 02       		.uleb128 0x2
 305 0089 08       		.byte	0x8
 306 008a 04       		.byte	0x4
 307 008b 66010000 		.4byte	.LASF12
 308 008f 02       		.uleb128 0x2
 309 0090 01       		.byte	0x1
 310 0091 08       		.byte	0x8
 311 0092 2C010000 		.4byte	.LASF13
 312 0096 05       		.uleb128 0x5
 313 0097 6D010000 		.4byte	.LASF14
 314 009b 02       		.byte	0x2
 315 009c 6D01     		.2byte	0x16d
 316 009e A2000000 		.4byte	0xa2
 317 00a2 06       		.uleb128 0x6
 318 00a3 76000000 		.4byte	0x76
 319 00a7 02       		.uleb128 0x2
 320 00a8 04       		.byte	0x4
 321 00a9 07       		.byte	0x7
 322 00aa 35020000 		.4byte	.LASF15
 323 00ae 07       		.uleb128 0x7
 324 00af 01       		.byte	0x1
 325 00b0 03       		.byte	0x3
 326 00b1 1E       		.byte	0x1e
 327 00b2 C3000000 		.4byte	0xc3
 328 00b6 08       		.uleb128 0x8
 329 00b7 15000000 		.4byte	.LASF24
 330 00bb 03       		.byte	0x3
 331 00bc 20       		.byte	0x20
 332 00bd 6B000000 		.4byte	0x6b
 333 00c1 00       		.byte	0
 334 00c2 00       		.byte	0
 335 00c3 04       		.uleb128 0x4
 336 00c4 2E000000 		.4byte	.LASF16
 337 00c8 03       		.byte	0x3
 338 00c9 21       		.byte	0x21
 339 00ca AE000000 		.4byte	0xae
 340 00ce 09       		.uleb128 0x9
 341 00cf 92010000 		.4byte	.LASF17
 342 00d3 01       		.byte	0x1
 343 00d4 2C       		.byte	0x2c
 344 00d5 00000000 		.4byte	.LFB0
 345 00d9 08000000 		.4byte	.LFE0-.LFB0
 346 00dd 01       		.uleb128 0x1
 347 00de 9C       		.byte	0x9c
 348 00df 09       		.uleb128 0x9
 349 00e0 3E020000 		.4byte	.LASF18
 350 00e4 01       		.byte	0x1
 351 00e5 40       		.byte	0x40
 352 00e6 00000000 		.4byte	.LFB1
 353 00ea 08000000 		.4byte	.LFE1-.LFB1
 354 00ee 01       		.uleb128 0x1
 355 00ef 9C       		.byte	0x9c
 356 00f0 0A       		.uleb128 0xa
 357 00f1 8E000000 		.4byte	.LASF19
 358 00f5 01       		.byte	0x1
ARM GAS  C:\Users\mitchell\AppData\Local\Temp\ccyKtSE6.s 			page 10


 359 00f6 58       		.byte	0x58
 360 00f7 00000000 		.4byte	.LFB2
 361 00fb 84000000 		.4byte	.LFE2-.LFB2
 362 00ff 01       		.uleb128 0x1
 363 0100 9C       		.byte	0x9c
 364 0101 0A       		.uleb128 0xa
 365 0102 16020000 		.4byte	.LASF20
 366 0106 01       		.byte	0x1
 367 0107 8B       		.byte	0x8b
 368 0108 00000000 		.4byte	.LFB3
 369 010c 58000000 		.4byte	.LFE3-.LFB3
 370 0110 01       		.uleb128 0x1
 371 0111 9C       		.byte	0x9c
 372 0112 0B       		.uleb128 0xb
 373 0113 4A000000 		.4byte	.LASF25
 374 0117 01       		.byte	0x1
 375 0118 18       		.byte	0x18
 376 0119 C3000000 		.4byte	0xc3
 377 011d 05       		.uleb128 0x5
 378 011e 03       		.byte	0x3
 379 011f 00000000 		.4byte	ADC_SAR_Seq_1_backup
 380 0123 00       		.byte	0
 381              		.section	.debug_abbrev,"",%progbits
 382              	.Ldebug_abbrev0:
 383 0000 01       		.uleb128 0x1
 384 0001 11       		.uleb128 0x11
 385 0002 01       		.byte	0x1
 386 0003 25       		.uleb128 0x25
 387 0004 0E       		.uleb128 0xe
 388 0005 13       		.uleb128 0x13
 389 0006 0B       		.uleb128 0xb
 390 0007 03       		.uleb128 0x3
 391 0008 0E       		.uleb128 0xe
 392 0009 1B       		.uleb128 0x1b
 393 000a 0E       		.uleb128 0xe
 394 000b 55       		.uleb128 0x55
 395 000c 17       		.uleb128 0x17
 396 000d 11       		.uleb128 0x11
 397 000e 01       		.uleb128 0x1
 398 000f 10       		.uleb128 0x10
 399 0010 17       		.uleb128 0x17
 400 0011 00       		.byte	0
 401 0012 00       		.byte	0
 402 0013 02       		.uleb128 0x2
 403 0014 24       		.uleb128 0x24
 404 0015 00       		.byte	0
 405 0016 0B       		.uleb128 0xb
 406 0017 0B       		.uleb128 0xb
 407 0018 3E       		.uleb128 0x3e
 408 0019 0B       		.uleb128 0xb
 409 001a 03       		.uleb128 0x3
 410 001b 0E       		.uleb128 0xe
 411 001c 00       		.byte	0
 412 001d 00       		.byte	0
 413 001e 03       		.uleb128 0x3
 414 001f 24       		.uleb128 0x24
 415 0020 00       		.byte	0
ARM GAS  C:\Users\mitchell\AppData\Local\Temp\ccyKtSE6.s 			page 11


 416 0021 0B       		.uleb128 0xb
 417 0022 0B       		.uleb128 0xb
 418 0023 3E       		.uleb128 0x3e
 419 0024 0B       		.uleb128 0xb
 420 0025 03       		.uleb128 0x3
 421 0026 08       		.uleb128 0x8
 422 0027 00       		.byte	0
 423 0028 00       		.byte	0
 424 0029 04       		.uleb128 0x4
 425 002a 16       		.uleb128 0x16
 426 002b 00       		.byte	0
 427 002c 03       		.uleb128 0x3
 428 002d 0E       		.uleb128 0xe
 429 002e 3A       		.uleb128 0x3a
 430 002f 0B       		.uleb128 0xb
 431 0030 3B       		.uleb128 0x3b
 432 0031 0B       		.uleb128 0xb
 433 0032 49       		.uleb128 0x49
 434 0033 13       		.uleb128 0x13
 435 0034 00       		.byte	0
 436 0035 00       		.byte	0
 437 0036 05       		.uleb128 0x5
 438 0037 16       		.uleb128 0x16
 439 0038 00       		.byte	0
 440 0039 03       		.uleb128 0x3
 441 003a 0E       		.uleb128 0xe
 442 003b 3A       		.uleb128 0x3a
 443 003c 0B       		.uleb128 0xb
 444 003d 3B       		.uleb128 0x3b
 445 003e 05       		.uleb128 0x5
 446 003f 49       		.uleb128 0x49
 447 0040 13       		.uleb128 0x13
 448 0041 00       		.byte	0
 449 0042 00       		.byte	0
 450 0043 06       		.uleb128 0x6
 451 0044 35       		.uleb128 0x35
 452 0045 00       		.byte	0
 453 0046 49       		.uleb128 0x49
 454 0047 13       		.uleb128 0x13
 455 0048 00       		.byte	0
 456 0049 00       		.byte	0
 457 004a 07       		.uleb128 0x7
 458 004b 13       		.uleb128 0x13
 459 004c 01       		.byte	0x1
 460 004d 0B       		.uleb128 0xb
 461 004e 0B       		.uleb128 0xb
 462 004f 3A       		.uleb128 0x3a
 463 0050 0B       		.uleb128 0xb
 464 0051 3B       		.uleb128 0x3b
 465 0052 0B       		.uleb128 0xb
 466 0053 01       		.uleb128 0x1
 467 0054 13       		.uleb128 0x13
 468 0055 00       		.byte	0
 469 0056 00       		.byte	0
 470 0057 08       		.uleb128 0x8
 471 0058 0D       		.uleb128 0xd
 472 0059 00       		.byte	0
ARM GAS  C:\Users\mitchell\AppData\Local\Temp\ccyKtSE6.s 			page 12


 473 005a 03       		.uleb128 0x3
 474 005b 0E       		.uleb128 0xe
 475 005c 3A       		.uleb128 0x3a
 476 005d 0B       		.uleb128 0xb
 477 005e 3B       		.uleb128 0x3b
 478 005f 0B       		.uleb128 0xb
 479 0060 49       		.uleb128 0x49
 480 0061 13       		.uleb128 0x13
 481 0062 38       		.uleb128 0x38
 482 0063 0B       		.uleb128 0xb
 483 0064 00       		.byte	0
 484 0065 00       		.byte	0
 485 0066 09       		.uleb128 0x9
 486 0067 2E       		.uleb128 0x2e
 487 0068 00       		.byte	0
 488 0069 3F       		.uleb128 0x3f
 489 006a 19       		.uleb128 0x19
 490 006b 03       		.uleb128 0x3
 491 006c 0E       		.uleb128 0xe
 492 006d 3A       		.uleb128 0x3a
 493 006e 0B       		.uleb128 0xb
 494 006f 3B       		.uleb128 0x3b
 495 0070 0B       		.uleb128 0xb
 496 0071 27       		.uleb128 0x27
 497 0072 19       		.uleb128 0x19
 498 0073 11       		.uleb128 0x11
 499 0074 01       		.uleb128 0x1
 500 0075 12       		.uleb128 0x12
 501 0076 06       		.uleb128 0x6
 502 0077 40       		.uleb128 0x40
 503 0078 18       		.uleb128 0x18
 504 0079 9742     		.uleb128 0x2117
 505 007b 19       		.uleb128 0x19
 506 007c 00       		.byte	0
 507 007d 00       		.byte	0
 508 007e 0A       		.uleb128 0xa
 509 007f 2E       		.uleb128 0x2e
 510 0080 00       		.byte	0
 511 0081 3F       		.uleb128 0x3f
 512 0082 19       		.uleb128 0x19
 513 0083 03       		.uleb128 0x3
 514 0084 0E       		.uleb128 0xe
 515 0085 3A       		.uleb128 0x3a
 516 0086 0B       		.uleb128 0xb
 517 0087 3B       		.uleb128 0x3b
 518 0088 0B       		.uleb128 0xb
 519 0089 27       		.uleb128 0x27
 520 008a 19       		.uleb128 0x19
 521 008b 11       		.uleb128 0x11
 522 008c 01       		.uleb128 0x1
 523 008d 12       		.uleb128 0x12
 524 008e 06       		.uleb128 0x6
 525 008f 40       		.uleb128 0x40
 526 0090 18       		.uleb128 0x18
 527 0091 9642     		.uleb128 0x2116
 528 0093 19       		.uleb128 0x19
 529 0094 00       		.byte	0
ARM GAS  C:\Users\mitchell\AppData\Local\Temp\ccyKtSE6.s 			page 13


 530 0095 00       		.byte	0
 531 0096 0B       		.uleb128 0xb
 532 0097 34       		.uleb128 0x34
 533 0098 00       		.byte	0
 534 0099 03       		.uleb128 0x3
 535 009a 0E       		.uleb128 0xe
 536 009b 3A       		.uleb128 0x3a
 537 009c 0B       		.uleb128 0xb
 538 009d 3B       		.uleb128 0x3b
 539 009e 0B       		.uleb128 0xb
 540 009f 49       		.uleb128 0x49
 541 00a0 13       		.uleb128 0x13
 542 00a1 02       		.uleb128 0x2
 543 00a2 18       		.uleb128 0x18
 544 00a3 00       		.byte	0
 545 00a4 00       		.byte	0
 546 00a5 00       		.byte	0
 547              		.section	.debug_aranges,"",%progbits
 548 0000 34000000 		.4byte	0x34
 549 0004 0200     		.2byte	0x2
 550 0006 00000000 		.4byte	.Ldebug_info0
 551 000a 04       		.byte	0x4
 552 000b 00       		.byte	0
 553 000c 0000     		.2byte	0
 554 000e 0000     		.2byte	0
 555 0010 00000000 		.4byte	.LFB0
 556 0014 08000000 		.4byte	.LFE0-.LFB0
 557 0018 00000000 		.4byte	.LFB1
 558 001c 08000000 		.4byte	.LFE1-.LFB1
 559 0020 00000000 		.4byte	.LFB2
 560 0024 84000000 		.4byte	.LFE2-.LFB2
 561 0028 00000000 		.4byte	.LFB3
 562 002c 58000000 		.4byte	.LFE3-.LFB3
 563 0030 00000000 		.4byte	0
 564 0034 00000000 		.4byte	0
 565              		.section	.debug_ranges,"",%progbits
 566              	.Ldebug_ranges0:
 567 0000 00000000 		.4byte	.LFB0
 568 0004 08000000 		.4byte	.LFE0
 569 0008 00000000 		.4byte	.LFB1
 570 000c 08000000 		.4byte	.LFE1
 571 0010 00000000 		.4byte	.LFB2
 572 0014 84000000 		.4byte	.LFE2
 573 0018 00000000 		.4byte	.LFB3
 574 001c 58000000 		.4byte	.LFE3
 575 0020 00000000 		.4byte	0
 576 0024 00000000 		.4byte	0
 577              		.section	.debug_line,"",%progbits
 578              	.Ldebug_line0:
 579 0000 BD000000 		.section	.debug_str,"MS",%progbits,1
 579      02006200 
 579      00000201 
 579      FB0E0D00 
 579      01010101 
 580              	.LASF6:
 581 0000 6C6F6E67 		.ascii	"long long int\000"
 581      206C6F6E 
ARM GAS  C:\Users\mitchell\AppData\Local\Temp\ccyKtSE6.s 			page 14


 581      6720696E 
 581      7400
 582              	.LASF10:
 583 000e 75696E74 		.ascii	"uint32\000"
 583      333200
 584              	.LASF24:
 585 0015 656E6162 		.ascii	"enableState\000"
 585      6C655374 
 585      61746500 
 586              	.LASF8:
 587 0021 756E7369 		.ascii	"unsigned int\000"
 587      676E6564 
 587      20696E74 
 587      00
 588              	.LASF16:
 589 002e 4144435F 		.ascii	"ADC_SAR_Seq_1_BACKUP_STRUCT\000"
 589      5341525F 
 589      5365715F 
 589      315F4241 
 589      434B5550 
 590              	.LASF25:
 591 004a 4144435F 		.ascii	"ADC_SAR_Seq_1_backup\000"
 591      5341525F 
 591      5365715F 
 591      315F6261 
 591      636B7570 
 592              	.LASF9:
 593 005f 75696E74 		.ascii	"uint8\000"
 593      3800
 594              	.LASF5:
 595 0065 6C6F6E67 		.ascii	"long unsigned int\000"
 595      20756E73 
 595      69676E65 
 595      6420696E 
 595      7400
 596              	.LASF7:
 597 0077 6C6F6E67 		.ascii	"long long unsigned int\000"
 597      206C6F6E 
 597      6720756E 
 597      7369676E 
 597      65642069 
 598              	.LASF19:
 599 008e 4144435F 		.ascii	"ADC_SAR_Seq_1_Sleep\000"
 599      5341525F 
 599      5365715F 
 599      315F536C 
 599      65657000 
 600              	.LASF21:
 601 00a2 474E5520 		.ascii	"GNU C 4.8.4 20140526 (release) [ARM/embedded-4_8-br"
 601      4320342E 
 601      382E3420 
 601      32303134 
 601      30353236 
 602 00d5 616E6368 		.ascii	"anch revision 211358] -mcpu=cortex-m0 -mthumb -g -O"
 602      20726576 
 602      6973696F 
 602      6E203231 
ARM GAS  C:\Users\mitchell\AppData\Local\Temp\ccyKtSE6.s 			page 15


 602      31333538 
 603 0108 30202D66 		.ascii	"0 -ffunction-sections\000"
 603      66756E63 
 603      74696F6E 
 603      2D736563 
 603      74696F6E 
 604              	.LASF1:
 605 011e 756E7369 		.ascii	"unsigned char\000"
 605      676E6564 
 605      20636861 
 605      7200
 606              	.LASF13:
 607 012c 63686172 		.ascii	"char\000"
 607      00
 608              	.LASF4:
 609 0131 6C6F6E67 		.ascii	"long int\000"
 609      20696E74 
 609      00
 610              	.LASF22:
 611 013a 2E5C4765 		.ascii	".\\Generated_Source\\PSoC4\\ADC_SAR_Seq_1_PM.c\000"
 611      6E657261 
 611      7465645F 
 611      536F7572 
 611      63655C50 
 612              	.LASF12:
 613 0166 646F7562 		.ascii	"double\000"
 613      6C6500
 614              	.LASF14:
 615 016d 72656733 		.ascii	"reg32\000"
 615      3200
 616              	.LASF3:
 617 0173 73686F72 		.ascii	"short unsigned int\000"
 617      7420756E 
 617      7369676E 
 617      65642069 
 617      6E7400
 618              	.LASF0:
 619 0186 7369676E 		.ascii	"signed char\000"
 619      65642063 
 619      68617200 
 620              	.LASF17:
 621 0192 4144435F 		.ascii	"ADC_SAR_Seq_1_SaveConfig\000"
 621      5341525F 
 621      5365715F 
 621      315F5361 
 621      7665436F 
 622              	.LASF23:
 623 01ab 433A5C55 		.ascii	"C:\\Users\\mitchell\\Documents\\fsae\\E-Throttle\\E"
 623      73657273 
 623      5C6D6974 
 623      6368656C 
 623      6C5C446F 
 624 01d8 2D546872 		.ascii	"-Throttle\\ExampleProject1\\Lab Solutions\\Lab 4 AD"
 624      6F74746C 
 624      655C4578 
 624      616D706C 
 624      6550726F 
ARM GAS  C:\Users\mitchell\AppData\Local\Temp\ccyKtSE6.s 			page 16


 625 0208 432E6379 		.ascii	"C.cydsn\000"
 625      64736E00 
 626              	.LASF11:
 627 0210 666C6F61 		.ascii	"float\000"
 627      7400
 628              	.LASF20:
 629 0216 4144435F 		.ascii	"ADC_SAR_Seq_1_Wakeup\000"
 629      5341525F 
 629      5365715F 
 629      315F5761 
 629      6B657570 
 630              	.LASF2:
 631 022b 73686F72 		.ascii	"short int\000"
 631      7420696E 
 631      7400
 632              	.LASF15:
 633 0235 73697A65 		.ascii	"sizetype\000"
 633      74797065 
 633      00
 634              	.LASF18:
 635 023e 4144435F 		.ascii	"ADC_SAR_Seq_1_RestoreConfig\000"
 635      5341525F 
 635      5365715F 
 635      315F5265 
 635      73746F72 
 636              		.ident	"GCC: (GNU Tools for ARM Embedded Processors) 4.8.4 20140526 (release) [ARM/embedded-4_8-br
