ARM GAS  C:\Users\mitchell\AppData\Local\Temp\cc4l2Rk3.s 			page 1


   1              		.cpu cortex-m0
   2              		.fpu softvfp
   3              		.eabi_attribute 20, 1
   4              		.eabi_attribute 21, 1
   5              		.eabi_attribute 23, 3
   6              		.eabi_attribute 24, 1
   7              		.eabi_attribute 25, 1
   8              		.eabi_attribute 26, 1
   9              		.eabi_attribute 30, 6
  10              		.eabi_attribute 34, 0
  11              		.eabi_attribute 18, 4
  12              		.code	16
  13              		.file	"cyfitter_cfg.c"
  14              		.text
  15              	.Ltext0:
  16              		.cfi_sections	.debug_frame
  17              		.section	.text.CYMEMZERO,"ax",%progbits
  18              		.align	2
  19              		.code	16
  20              		.thumb_func
  21              		.type	CYMEMZERO, %function
  22              	CYMEMZERO:
  23              	.LFB0:
  24              		.file 1 ".\\Generated_Source\\PSoC4\\cyfitter_cfg.c"
   1:.\Generated_Source\PSoC4/cyfitter_cfg.c **** /*******************************************************************************
   2:.\Generated_Source\PSoC4/cyfitter_cfg.c **** * FILENAME: cyfitter_cfg.c
   3:.\Generated_Source\PSoC4/cyfitter_cfg.c **** * 
   4:.\Generated_Source\PSoC4/cyfitter_cfg.c **** * PSoC Creator  3.2 SP1
   5:.\Generated_Source\PSoC4/cyfitter_cfg.c **** *
   6:.\Generated_Source\PSoC4/cyfitter_cfg.c **** * DESCRIPTION:
   7:.\Generated_Source\PSoC4/cyfitter_cfg.c **** * This file contains device initialization code.
   8:.\Generated_Source\PSoC4/cyfitter_cfg.c **** * Except for the user defined sections in CyClockStartupError(), this file should not be modified.
   9:.\Generated_Source\PSoC4/cyfitter_cfg.c **** * This file is automatically generated by PSoC Creator.
  10:.\Generated_Source\PSoC4/cyfitter_cfg.c **** *
  11:.\Generated_Source\PSoC4/cyfitter_cfg.c **** ********************************************************************************
  12:.\Generated_Source\PSoC4/cyfitter_cfg.c **** * Copyright (c) 2007-2015 Cypress Semiconductor.  All rights reserved.
  13:.\Generated_Source\PSoC4/cyfitter_cfg.c **** * You may use this file only in accordance with the license, terms, conditions, 
  14:.\Generated_Source\PSoC4/cyfitter_cfg.c **** * disclaimers, and limitations in the end user license agreement accompanying 
  15:.\Generated_Source\PSoC4/cyfitter_cfg.c **** * the software package with which this file was provided.
  16:.\Generated_Source\PSoC4/cyfitter_cfg.c **** ********************************************************************************/
  17:.\Generated_Source\PSoC4/cyfitter_cfg.c **** 
  18:.\Generated_Source\PSoC4/cyfitter_cfg.c **** #include <string.h>
  19:.\Generated_Source\PSoC4/cyfitter_cfg.c **** #include "cytypes.h"
  20:.\Generated_Source\PSoC4/cyfitter_cfg.c **** #include "cydevice_trm.h"
  21:.\Generated_Source\PSoC4/cyfitter_cfg.c **** #include "cyfitter.h"
  22:.\Generated_Source\PSoC4/cyfitter_cfg.c **** #include "CyLib.h"
  23:.\Generated_Source\PSoC4/cyfitter_cfg.c **** #include "cyfitter_cfg.h"
  24:.\Generated_Source\PSoC4/cyfitter_cfg.c **** 
  25:.\Generated_Source\PSoC4/cyfitter_cfg.c **** 
  26:.\Generated_Source\PSoC4/cyfitter_cfg.c **** #if defined(__GNUC__) || defined(__ARMCC_VERSION)
  27:.\Generated_Source\PSoC4/cyfitter_cfg.c ****     #define CYPACKED 
  28:.\Generated_Source\PSoC4/cyfitter_cfg.c ****     #define CYPACKED_ATTR __attribute__ ((packed))
  29:.\Generated_Source\PSoC4/cyfitter_cfg.c ****     #define CYALIGNED __attribute__ ((aligned))
  30:.\Generated_Source\PSoC4/cyfitter_cfg.c ****     #define CY_CFG_UNUSED __attribute__ ((unused))
  31:.\Generated_Source\PSoC4/cyfitter_cfg.c ****     #define CY_CFG_SECTION __attribute__ ((section(".psocinit")))
  32:.\Generated_Source\PSoC4/cyfitter_cfg.c ****     
  33:.\Generated_Source\PSoC4/cyfitter_cfg.c ****     #if defined(__ARMCC_VERSION)
ARM GAS  C:\Users\mitchell\AppData\Local\Temp\cc4l2Rk3.s 			page 2


  34:.\Generated_Source\PSoC4/cyfitter_cfg.c ****         #define CY_CFG_MEMORY_BARRIER() __memory_changed()
  35:.\Generated_Source\PSoC4/cyfitter_cfg.c ****     #else
  36:.\Generated_Source\PSoC4/cyfitter_cfg.c ****         #define CY_CFG_MEMORY_BARRIER() __sync_synchronize()
  37:.\Generated_Source\PSoC4/cyfitter_cfg.c ****     #endif
  38:.\Generated_Source\PSoC4/cyfitter_cfg.c ****     
  39:.\Generated_Source\PSoC4/cyfitter_cfg.c **** #elif defined(__ICCARM__)
  40:.\Generated_Source\PSoC4/cyfitter_cfg.c ****     #include <intrinsics.h>
  41:.\Generated_Source\PSoC4/cyfitter_cfg.c **** 
  42:.\Generated_Source\PSoC4/cyfitter_cfg.c ****     #define CYPACKED __packed
  43:.\Generated_Source\PSoC4/cyfitter_cfg.c ****     #define CYPACKED_ATTR 
  44:.\Generated_Source\PSoC4/cyfitter_cfg.c ****     #define CYALIGNED _Pragma("data_alignment=4")
  45:.\Generated_Source\PSoC4/cyfitter_cfg.c ****     #define CY_CFG_UNUSED _Pragma("diag_suppress=Pe177")
  46:.\Generated_Source\PSoC4/cyfitter_cfg.c ****     #define CY_CFG_SECTION _Pragma("location=\".psocinit\"")
  47:.\Generated_Source\PSoC4/cyfitter_cfg.c ****     
  48:.\Generated_Source\PSoC4/cyfitter_cfg.c ****     #define CY_CFG_MEMORY_BARRIER() __DMB()
  49:.\Generated_Source\PSoC4/cyfitter_cfg.c ****     
  50:.\Generated_Source\PSoC4/cyfitter_cfg.c **** #else
  51:.\Generated_Source\PSoC4/cyfitter_cfg.c ****     #error Unsupported toolchain
  52:.\Generated_Source\PSoC4/cyfitter_cfg.c **** #endif
  53:.\Generated_Source\PSoC4/cyfitter_cfg.c **** 
  54:.\Generated_Source\PSoC4/cyfitter_cfg.c **** 
  55:.\Generated_Source\PSoC4/cyfitter_cfg.c **** CY_CFG_UNUSED
  56:.\Generated_Source\PSoC4/cyfitter_cfg.c **** static void CYMEMZERO(void *s, size_t n);
  57:.\Generated_Source\PSoC4/cyfitter_cfg.c **** CY_CFG_UNUSED
  58:.\Generated_Source\PSoC4/cyfitter_cfg.c **** static void CYMEMZERO(void *s, size_t n)
  59:.\Generated_Source\PSoC4/cyfitter_cfg.c **** {
  25              		.loc 1 59 0
  26              		.cfi_startproc
  27 0000 80B5     		push	{r7, lr}
  28              		.cfi_def_cfa_offset 8
  29              		.cfi_offset 7, -8
  30              		.cfi_offset 14, -4
  31 0002 82B0     		sub	sp, sp, #8
  32              		.cfi_def_cfa_offset 16
  33 0004 00AF     		add	r7, sp, #0
  34              		.cfi_def_cfa_register 7
  35 0006 7860     		str	r0, [r7, #4]
  36 0008 3960     		str	r1, [r7]
  60:.\Generated_Source\PSoC4/cyfitter_cfg.c **** 	(void)memset(s, 0, n);
  37              		.loc 1 60 0
  38 000a 7A68     		ldr	r2, [r7, #4]
  39 000c 3B68     		ldr	r3, [r7]
  40 000e 101C     		mov	r0, r2
  41 0010 0021     		mov	r1, #0
  42 0012 1A1C     		mov	r2, r3
  43 0014 FFF7FEFF 		bl	memset
  61:.\Generated_Source\PSoC4/cyfitter_cfg.c **** }
  44              		.loc 1 61 0
  45 0018 BD46     		mov	sp, r7
  46 001a 02B0     		add	sp, sp, #8
  47              		@ sp needed
  48 001c 80BD     		pop	{r7, pc}
  49              		.cfi_endproc
  50              	.LFE0:
  51              		.size	CYMEMZERO, .-CYMEMZERO
  52 001e C046     		.section	.text.CYCONFIGCPY,"ax",%progbits
  53              		.align	2
ARM GAS  C:\Users\mitchell\AppData\Local\Temp\cc4l2Rk3.s 			page 3


  54              		.code	16
  55              		.thumb_func
  56              		.type	CYCONFIGCPY, %function
  57              	CYCONFIGCPY:
  58              	.LFB1:
  62:.\Generated_Source\PSoC4/cyfitter_cfg.c **** CY_CFG_UNUSED
  63:.\Generated_Source\PSoC4/cyfitter_cfg.c **** static void CYCONFIGCPY(void *dest, const void *src, size_t n);
  64:.\Generated_Source\PSoC4/cyfitter_cfg.c **** CY_CFG_UNUSED
  65:.\Generated_Source\PSoC4/cyfitter_cfg.c **** static void CYCONFIGCPY(void *dest, const void *src, size_t n)
  66:.\Generated_Source\PSoC4/cyfitter_cfg.c **** {
  59              		.loc 1 66 0
  60              		.cfi_startproc
  61 0000 80B5     		push	{r7, lr}
  62              		.cfi_def_cfa_offset 8
  63              		.cfi_offset 7, -8
  64              		.cfi_offset 14, -4
  65 0002 84B0     		sub	sp, sp, #16
  66              		.cfi_def_cfa_offset 24
  67 0004 00AF     		add	r7, sp, #0
  68              		.cfi_def_cfa_register 7
  69 0006 F860     		str	r0, [r7, #12]
  70 0008 B960     		str	r1, [r7, #8]
  71 000a 7A60     		str	r2, [r7, #4]
  67:.\Generated_Source\PSoC4/cyfitter_cfg.c **** 	(void)memcpy(dest, src, n);
  72              		.loc 1 67 0
  73 000c F968     		ldr	r1, [r7, #12]
  74 000e BA68     		ldr	r2, [r7, #8]
  75 0010 7B68     		ldr	r3, [r7, #4]
  76 0012 081C     		mov	r0, r1
  77 0014 111C     		mov	r1, r2
  78 0016 1A1C     		mov	r2, r3
  79 0018 FFF7FEFF 		bl	memcpy
  68:.\Generated_Source\PSoC4/cyfitter_cfg.c **** }
  80              		.loc 1 68 0
  81 001c BD46     		mov	sp, r7
  82 001e 04B0     		add	sp, sp, #16
  83              		@ sp needed
  84 0020 80BD     		pop	{r7, pc}
  85              		.cfi_endproc
  86              	.LFE1:
  87              		.size	CYCONFIGCPY, .-CYCONFIGCPY
  88 0022 C046     		.section	.text.CYCONFIGCPYCODE,"ax",%progbits
  89              		.align	2
  90              		.code	16
  91              		.thumb_func
  92              		.type	CYCONFIGCPYCODE, %function
  93              	CYCONFIGCPYCODE:
  94              	.LFB2:
  69:.\Generated_Source\PSoC4/cyfitter_cfg.c **** CY_CFG_UNUSED
  70:.\Generated_Source\PSoC4/cyfitter_cfg.c **** static void CYCONFIGCPYCODE(void *dest, const void *src, size_t n);
  71:.\Generated_Source\PSoC4/cyfitter_cfg.c **** CY_CFG_UNUSED
  72:.\Generated_Source\PSoC4/cyfitter_cfg.c **** static void CYCONFIGCPYCODE(void *dest, const void *src, size_t n)
  73:.\Generated_Source\PSoC4/cyfitter_cfg.c **** {
  95              		.loc 1 73 0
  96              		.cfi_startproc
  97 0000 80B5     		push	{r7, lr}
  98              		.cfi_def_cfa_offset 8
ARM GAS  C:\Users\mitchell\AppData\Local\Temp\cc4l2Rk3.s 			page 4


  99              		.cfi_offset 7, -8
 100              		.cfi_offset 14, -4
 101 0002 84B0     		sub	sp, sp, #16
 102              		.cfi_def_cfa_offset 24
 103 0004 00AF     		add	r7, sp, #0
 104              		.cfi_def_cfa_register 7
 105 0006 F860     		str	r0, [r7, #12]
 106 0008 B960     		str	r1, [r7, #8]
 107 000a 7A60     		str	r2, [r7, #4]
  74:.\Generated_Source\PSoC4/cyfitter_cfg.c **** 	(void)memcpy(dest, src, n);
 108              		.loc 1 74 0
 109 000c F968     		ldr	r1, [r7, #12]
 110 000e BA68     		ldr	r2, [r7, #8]
 111 0010 7B68     		ldr	r3, [r7, #4]
 112 0012 081C     		mov	r0, r1
 113 0014 111C     		mov	r1, r2
 114 0016 1A1C     		mov	r2, r3
 115 0018 FFF7FEFF 		bl	memcpy
  75:.\Generated_Source\PSoC4/cyfitter_cfg.c **** }
 116              		.loc 1 75 0
 117 001c BD46     		mov	sp, r7
 118 001e 04B0     		add	sp, sp, #16
 119              		@ sp needed
 120 0020 80BD     		pop	{r7, pc}
 121              		.cfi_endproc
 122              	.LFE2:
 123              		.size	CYCONFIGCPYCODE, .-CYCONFIGCPYCODE
 124 0022 C046     		.section	.text.cfg_write_bytes32,"ax",%progbits
 125              		.align	2
 126              		.code	16
 127              		.thumb_func
 128              		.type	cfg_write_bytes32, %function
 129              	cfg_write_bytes32:
 130              	.LFB3:
  76:.\Generated_Source\PSoC4/cyfitter_cfg.c **** 
  77:.\Generated_Source\PSoC4/cyfitter_cfg.c **** 
  78:.\Generated_Source\PSoC4/cyfitter_cfg.c **** 
  79:.\Generated_Source\PSoC4/cyfitter_cfg.c **** /* Clock startup error codes                                                   */
  80:.\Generated_Source\PSoC4/cyfitter_cfg.c **** #define CYCLOCKSTART_NO_ERROR    0u
  81:.\Generated_Source\PSoC4/cyfitter_cfg.c **** #define CYCLOCKSTART_XTAL_ERROR  1u
  82:.\Generated_Source\PSoC4/cyfitter_cfg.c **** #define CYCLOCKSTART_32KHZ_ERROR 2u
  83:.\Generated_Source\PSoC4/cyfitter_cfg.c **** #define CYCLOCKSTART_PLL_ERROR   3u
  84:.\Generated_Source\PSoC4/cyfitter_cfg.c **** 
  85:.\Generated_Source\PSoC4/cyfitter_cfg.c **** #ifdef CY_NEED_CYCLOCKSTARTUPERROR
  86:.\Generated_Source\PSoC4/cyfitter_cfg.c **** /*******************************************************************************
  87:.\Generated_Source\PSoC4/cyfitter_cfg.c **** * Function Name: CyClockStartupError
  88:.\Generated_Source\PSoC4/cyfitter_cfg.c **** ********************************************************************************
  89:.\Generated_Source\PSoC4/cyfitter_cfg.c **** * Summary:
  90:.\Generated_Source\PSoC4/cyfitter_cfg.c **** *  If an error is encountered during clock configuration (crystal startup error,
  91:.\Generated_Source\PSoC4/cyfitter_cfg.c **** *  PLL lock error, etc.), the system will end up here.  Unless reimplemented by
  92:.\Generated_Source\PSoC4/cyfitter_cfg.c **** *  the customer, this function will stop in an infinite loop.
  93:.\Generated_Source\PSoC4/cyfitter_cfg.c **** *
  94:.\Generated_Source\PSoC4/cyfitter_cfg.c **** * Parameters:
  95:.\Generated_Source\PSoC4/cyfitter_cfg.c **** *   void
  96:.\Generated_Source\PSoC4/cyfitter_cfg.c **** *
  97:.\Generated_Source\PSoC4/cyfitter_cfg.c **** * Return:
  98:.\Generated_Source\PSoC4/cyfitter_cfg.c **** *   void
ARM GAS  C:\Users\mitchell\AppData\Local\Temp\cc4l2Rk3.s 			page 5


  99:.\Generated_Source\PSoC4/cyfitter_cfg.c **** *
 100:.\Generated_Source\PSoC4/cyfitter_cfg.c **** *******************************************************************************/
 101:.\Generated_Source\PSoC4/cyfitter_cfg.c **** CY_CFG_UNUSED
 102:.\Generated_Source\PSoC4/cyfitter_cfg.c **** static void CyClockStartupError(uint8 errorCode);
 103:.\Generated_Source\PSoC4/cyfitter_cfg.c **** CY_CFG_UNUSED
 104:.\Generated_Source\PSoC4/cyfitter_cfg.c **** static void CyClockStartupError(uint8 errorCode)
 105:.\Generated_Source\PSoC4/cyfitter_cfg.c **** {
 106:.\Generated_Source\PSoC4/cyfitter_cfg.c ****     /* To remove the compiler warning if errorCode not used.                */
 107:.\Generated_Source\PSoC4/cyfitter_cfg.c ****     errorCode = errorCode;
 108:.\Generated_Source\PSoC4/cyfitter_cfg.c **** 
 109:.\Generated_Source\PSoC4/cyfitter_cfg.c ****     /* `#START CyClockStartupError` */
 110:.\Generated_Source\PSoC4/cyfitter_cfg.c **** 
 111:.\Generated_Source\PSoC4/cyfitter_cfg.c ****     /* If we have a clock startup error (bad MHz crystal, PLL lock, etc.),  */
 112:.\Generated_Source\PSoC4/cyfitter_cfg.c ****     /* we will end up here to allow the customer to implement something to  */
 113:.\Generated_Source\PSoC4/cyfitter_cfg.c ****     /* deal with the clock condition.                                       */
 114:.\Generated_Source\PSoC4/cyfitter_cfg.c **** 
 115:.\Generated_Source\PSoC4/cyfitter_cfg.c ****     /* `#END` */
 116:.\Generated_Source\PSoC4/cyfitter_cfg.c **** 
 117:.\Generated_Source\PSoC4/cyfitter_cfg.c ****     /* If nothing else, stop here since the clocks have not started         */
 118:.\Generated_Source\PSoC4/cyfitter_cfg.c ****     /* correctly.                                                           */
 119:.\Generated_Source\PSoC4/cyfitter_cfg.c ****     while(1) {}
 120:.\Generated_Source\PSoC4/cyfitter_cfg.c **** }
 121:.\Generated_Source\PSoC4/cyfitter_cfg.c **** #endif
 122:.\Generated_Source\PSoC4/cyfitter_cfg.c **** 
 123:.\Generated_Source\PSoC4/cyfitter_cfg.c **** #define CY_CFG_BASE_ADDR_COUNT 4u
 124:.\Generated_Source\PSoC4/cyfitter_cfg.c **** CYPACKED typedef struct
 125:.\Generated_Source\PSoC4/cyfitter_cfg.c **** {
 126:.\Generated_Source\PSoC4/cyfitter_cfg.c **** 	uint8 offset;
 127:.\Generated_Source\PSoC4/cyfitter_cfg.c **** 	uint8 value;
 128:.\Generated_Source\PSoC4/cyfitter_cfg.c **** } CYPACKED_ATTR cy_cfg_addrvalue_t;
 129:.\Generated_Source\PSoC4/cyfitter_cfg.c **** 
 130:.\Generated_Source\PSoC4/cyfitter_cfg.c **** 
 131:.\Generated_Source\PSoC4/cyfitter_cfg.c **** 
 132:.\Generated_Source\PSoC4/cyfitter_cfg.c **** /*******************************************************************************
 133:.\Generated_Source\PSoC4/cyfitter_cfg.c **** * Function Name: cfg_write_bytes32
 134:.\Generated_Source\PSoC4/cyfitter_cfg.c **** ********************************************************************************
 135:.\Generated_Source\PSoC4/cyfitter_cfg.c **** * Summary:
 136:.\Generated_Source\PSoC4/cyfitter_cfg.c **** *  This function is used for setting up the chip configuration areas that
 137:.\Generated_Source\PSoC4/cyfitter_cfg.c **** *  contain relatively sparse data.
 138:.\Generated_Source\PSoC4/cyfitter_cfg.c **** *
 139:.\Generated_Source\PSoC4/cyfitter_cfg.c **** * Parameters:
 140:.\Generated_Source\PSoC4/cyfitter_cfg.c **** *   void
 141:.\Generated_Source\PSoC4/cyfitter_cfg.c **** *
 142:.\Generated_Source\PSoC4/cyfitter_cfg.c **** * Return:
 143:.\Generated_Source\PSoC4/cyfitter_cfg.c **** *   void
 144:.\Generated_Source\PSoC4/cyfitter_cfg.c **** *
 145:.\Generated_Source\PSoC4/cyfitter_cfg.c **** *******************************************************************************/
 146:.\Generated_Source\PSoC4/cyfitter_cfg.c **** static void cfg_write_bytes32(const uint32 addr_table[], const cy_cfg_addrvalue_t data_table[]);
 147:.\Generated_Source\PSoC4/cyfitter_cfg.c **** static void cfg_write_bytes32(const uint32 addr_table[], const cy_cfg_addrvalue_t data_table[])
 148:.\Generated_Source\PSoC4/cyfitter_cfg.c **** {
 131              		.loc 1 148 0
 132              		.cfi_startproc
 133 0000 80B5     		push	{r7, lr}
 134              		.cfi_def_cfa_offset 8
 135              		.cfi_offset 7, -8
 136              		.cfi_offset 14, -4
 137 0002 86B0     		sub	sp, sp, #24
ARM GAS  C:\Users\mitchell\AppData\Local\Temp\cc4l2Rk3.s 			page 6


 138              		.cfi_def_cfa_offset 32
 139 0004 00AF     		add	r7, sp, #0
 140              		.cfi_def_cfa_register 7
 141 0006 7860     		str	r0, [r7, #4]
 142 0008 3960     		str	r1, [r7]
 149:.\Generated_Source\PSoC4/cyfitter_cfg.c **** 	/* For 32-bit little-endian architectures */
 150:.\Generated_Source\PSoC4/cyfitter_cfg.c **** 	uint32 i, j = 0u;
 143              		.loc 1 150 0
 144 000a 0023     		mov	r3, #0
 145 000c 3B61     		str	r3, [r7, #16]
 151:.\Generated_Source\PSoC4/cyfitter_cfg.c **** 	for (i = 0u; i < CY_CFG_BASE_ADDR_COUNT; i++)
 146              		.loc 1 151 0
 147 000e 0023     		mov	r3, #0
 148 0010 7B61     		str	r3, [r7, #20]
 149 0012 2EE0     		b	.L5
 150              	.L8:
 151              	.LBB2:
 152:.\Generated_Source\PSoC4/cyfitter_cfg.c **** 	{
 153:.\Generated_Source\PSoC4/cyfitter_cfg.c **** 		uint32 baseAddr = addr_table[i];
 152              		.loc 1 153 0
 153 0014 7B69     		ldr	r3, [r7, #20]
 154 0016 9B00     		lsl	r3, r3, #2
 155 0018 7A68     		ldr	r2, [r7, #4]
 156 001a D318     		add	r3, r2, r3
 157 001c 1B68     		ldr	r3, [r3]
 158 001e BB60     		str	r3, [r7, #8]
 154:.\Generated_Source\PSoC4/cyfitter_cfg.c **** 		uint8 count = (uint8)baseAddr;
 159              		.loc 1 154 0
 160 0020 3B1C     		mov	r3, r7
 161 0022 0F33     		add	r3, r3, #15
 162 0024 BA68     		ldr	r2, [r7, #8]
 163 0026 1A70     		strb	r2, [r3]
 155:.\Generated_Source\PSoC4/cyfitter_cfg.c **** 		baseAddr &= 0xFFFFFF00u;
 164              		.loc 1 155 0
 165 0028 BB68     		ldr	r3, [r7, #8]
 166 002a FF22     		mov	r2, #255
 167 002c 9343     		bic	r3, r2
 168 002e BB60     		str	r3, [r7, #8]
 156:.\Generated_Source\PSoC4/cyfitter_cfg.c **** 		while (count != 0u)
 169              		.loc 1 156 0
 170 0030 17E0     		b	.L6
 171              	.L7:
 157:.\Generated_Source\PSoC4/cyfitter_cfg.c **** 		{
 158:.\Generated_Source\PSoC4/cyfitter_cfg.c **** 			CY_SET_XTND_REG8((void CYFAR *)(baseAddr + data_table[j].offset), data_table[j].value);
 172              		.loc 1 158 0
 173 0032 3B69     		ldr	r3, [r7, #16]
 174 0034 5B00     		lsl	r3, r3, #1
 175 0036 3A68     		ldr	r2, [r7]
 176 0038 D318     		add	r3, r2, r3
 177 003a 1B78     		ldrb	r3, [r3]
 178 003c 1A1C     		mov	r2, r3
 179 003e BB68     		ldr	r3, [r7, #8]
 180 0040 D318     		add	r3, r2, r3
 181 0042 3A69     		ldr	r2, [r7, #16]
 182 0044 5200     		lsl	r2, r2, #1
 183 0046 3968     		ldr	r1, [r7]
 184 0048 8A18     		add	r2, r1, r2
ARM GAS  C:\Users\mitchell\AppData\Local\Temp\cc4l2Rk3.s 			page 7


 185 004a 5278     		ldrb	r2, [r2, #1]
 186 004c 1A70     		strb	r2, [r3]
 159:.\Generated_Source\PSoC4/cyfitter_cfg.c **** 			j++;
 187              		.loc 1 159 0
 188 004e 3B69     		ldr	r3, [r7, #16]
 189 0050 0133     		add	r3, r3, #1
 190 0052 3B61     		str	r3, [r7, #16]
 160:.\Generated_Source\PSoC4/cyfitter_cfg.c **** 			count--;
 191              		.loc 1 160 0
 192 0054 3B1C     		mov	r3, r7
 193 0056 0F33     		add	r3, r3, #15
 194 0058 1A78     		ldrb	r2, [r3]
 195 005a 3B1C     		mov	r3, r7
 196 005c 0F33     		add	r3, r3, #15
 197 005e 013A     		sub	r2, r2, #1
 198 0060 1A70     		strb	r2, [r3]
 199              	.L6:
 156:.\Generated_Source\PSoC4/cyfitter_cfg.c **** 		while (count != 0u)
 200              		.loc 1 156 0 discriminator 1
 201 0062 3B1C     		mov	r3, r7
 202 0064 0F33     		add	r3, r3, #15
 203 0066 1B78     		ldrb	r3, [r3]
 204 0068 002B     		cmp	r3, #0
 205 006a E2D1     		bne	.L7
 206              	.LBE2:
 151:.\Generated_Source\PSoC4/cyfitter_cfg.c **** 	for (i = 0u; i < CY_CFG_BASE_ADDR_COUNT; i++)
 207              		.loc 1 151 0
 208 006c 7B69     		ldr	r3, [r7, #20]
 209 006e 0133     		add	r3, r3, #1
 210 0070 7B61     		str	r3, [r7, #20]
 211              	.L5:
 151:.\Generated_Source\PSoC4/cyfitter_cfg.c **** 	for (i = 0u; i < CY_CFG_BASE_ADDR_COUNT; i++)
 212              		.loc 1 151 0 is_stmt 0 discriminator 1
 213 0072 7B69     		ldr	r3, [r7, #20]
 214 0074 032B     		cmp	r3, #3
 215 0076 CDD9     		bls	.L8
 161:.\Generated_Source\PSoC4/cyfitter_cfg.c **** 		}
 162:.\Generated_Source\PSoC4/cyfitter_cfg.c **** 	}
 163:.\Generated_Source\PSoC4/cyfitter_cfg.c **** }
 216              		.loc 1 163 0 is_stmt 1
 217 0078 BD46     		mov	sp, r7
 218 007a 06B0     		add	sp, sp, #24
 219              		@ sp needed
 220 007c 80BD     		pop	{r7, pc}
 221              		.cfi_endproc
 222              	.LFE3:
 223              		.size	cfg_write_bytes32, .-cfg_write_bytes32
 224 007e C046     		.section	.psocinit,"ax",%progbits
 225              		.align	2
 226              		.code	16
 227              		.thumb_func
 228              		.type	ClockSetup, %function
 229              	ClockSetup:
 230              	.LFB4:
 164:.\Generated_Source\PSoC4/cyfitter_cfg.c **** 
 165:.\Generated_Source\PSoC4/cyfitter_cfg.c **** 
 166:.\Generated_Source\PSoC4/cyfitter_cfg.c **** /*******************************************************************************
ARM GAS  C:\Users\mitchell\AppData\Local\Temp\cc4l2Rk3.s 			page 8


 167:.\Generated_Source\PSoC4/cyfitter_cfg.c **** * Function Name: ClockSetup
 168:.\Generated_Source\PSoC4/cyfitter_cfg.c **** ********************************************************************************
 169:.\Generated_Source\PSoC4/cyfitter_cfg.c **** *
 170:.\Generated_Source\PSoC4/cyfitter_cfg.c **** * Summary:
 171:.\Generated_Source\PSoC4/cyfitter_cfg.c **** *   Performs the initialization of all of the clocks in the device based on the
 172:.\Generated_Source\PSoC4/cyfitter_cfg.c **** *   settings in the Clock tab of the DWR.  This includes enabling the requested
 173:.\Generated_Source\PSoC4/cyfitter_cfg.c **** *   clocks and setting the necessary dividers to produce the desired frequency. 
 174:.\Generated_Source\PSoC4/cyfitter_cfg.c **** *
 175:.\Generated_Source\PSoC4/cyfitter_cfg.c **** * Parameters:
 176:.\Generated_Source\PSoC4/cyfitter_cfg.c **** *   void
 177:.\Generated_Source\PSoC4/cyfitter_cfg.c **** *
 178:.\Generated_Source\PSoC4/cyfitter_cfg.c **** * Return:
 179:.\Generated_Source\PSoC4/cyfitter_cfg.c **** *   void
 180:.\Generated_Source\PSoC4/cyfitter_cfg.c **** *
 181:.\Generated_Source\PSoC4/cyfitter_cfg.c **** *******************************************************************************/
 182:.\Generated_Source\PSoC4/cyfitter_cfg.c **** static void ClockSetup(void);
 183:.\Generated_Source\PSoC4/cyfitter_cfg.c **** CY_CFG_SECTION
 184:.\Generated_Source\PSoC4/cyfitter_cfg.c **** static void ClockSetup(void)
 185:.\Generated_Source\PSoC4/cyfitter_cfg.c **** {
 231              		.loc 1 185 0
 232              		.cfi_startproc
 233 0000 80B5     		push	{r7, lr}
 234              		.cfi_def_cfa_offset 8
 235              		.cfi_offset 7, -8
 236              		.cfi_offset 14, -4
 237 0002 00AF     		add	r7, sp, #0
 238              		.cfi_def_cfa_register 7
 186:.\Generated_Source\PSoC4/cyfitter_cfg.c **** 	/* Enable HALF_EN before trimming for the flash accelerator. */
 187:.\Generated_Source\PSoC4/cyfitter_cfg.c **** 	CY_SET_REG32((void CYXDATA *)(CYREG_CLK_SELECT), (CY_GET_REG32((void *)CYREG_CLK_SELECT) | 0x00040
 239              		.loc 1 187 0
 240 0004 174B     		ldr	r3, .L10
 241 0006 174A     		ldr	r2, .L10
 242 0008 1268     		ldr	r2, [r2]
 243 000a 8021     		mov	r1, #128
 244 000c C902     		lsl	r1, r1, #11
 245 000e 0A43     		orr	r2, r1
 246 0010 1A60     		str	r2, [r3]
 188:.\Generated_Source\PSoC4/cyfitter_cfg.c **** 
 189:.\Generated_Source\PSoC4/cyfitter_cfg.c **** 	/* Setup and trim IMO based on desired frequency. */
 190:.\Generated_Source\PSoC4/cyfitter_cfg.c **** 	CySysClkWriteImoFreq(24u);
 247              		.loc 1 190 0
 248 0012 1820     		mov	r0, #24
 249 0014 FFF7FEFF 		bl	CySysClkWriteImoFreq
 191:.\Generated_Source\PSoC4/cyfitter_cfg.c **** 
 192:.\Generated_Source\PSoC4/cyfitter_cfg.c **** 	/* Disable HALF_EN since it is not required at this IMO frequency. */
 193:.\Generated_Source\PSoC4/cyfitter_cfg.c **** 	CY_SET_REG32((void CYXDATA *)(CYREG_CLK_SELECT), (CY_GET_REG32((void *)CYREG_CLK_SELECT) & 0xFFFBF
 250              		.loc 1 193 0
 251 0018 124B     		ldr	r3, .L10
 252 001a 124A     		ldr	r2, .L10
 253 001c 1168     		ldr	r1, [r2]
 254 001e 124A     		ldr	r2, .L10+4
 255 0020 0A40     		and	r2, r1
 256 0022 1A60     		str	r2, [r3]
 194:.\Generated_Source\PSoC4/cyfitter_cfg.c **** 	/* CYDEV_CLK_ILO_CONFIG Starting address: CYDEV_CLK_ILO_CONFIG */
 195:.\Generated_Source\PSoC4/cyfitter_cfg.c **** 	CY_SET_XTND_REG32((void CYFAR *)(CYREG_CLK_ILO_CONFIG), 0x80000006u);
 257              		.loc 1 195 0
 258 0024 114B     		ldr	r3, .L10+8
ARM GAS  C:\Users\mitchell\AppData\Local\Temp\cc4l2Rk3.s 			page 9


 259 0026 124A     		ldr	r2, .L10+12
 260 0028 1A60     		str	r2, [r3]
 196:.\Generated_Source\PSoC4/cyfitter_cfg.c **** 
 197:.\Generated_Source\PSoC4/cyfitter_cfg.c **** 
 198:.\Generated_Source\PSoC4/cyfitter_cfg.c **** 	/* CYDEV_CLK_SELECT00 Starting address: CYDEV_CLK_SELECT00 */
 199:.\Generated_Source\PSoC4/cyfitter_cfg.c **** 	CY_SET_XTND_REG32((void CYFAR *)(CYREG_CLK_SELECT07), 0x00000020u);
 261              		.loc 1 199 0
 262 002a 124B     		ldr	r3, .L10+16
 263 002c 2022     		mov	r2, #32
 264 002e 1A60     		str	r2, [r3]
 200:.\Generated_Source\PSoC4/cyfitter_cfg.c **** 	CY_SET_XTND_REG32((void CYFAR *)(CYREG_CLK_SELECT08), 0x00000010u);
 265              		.loc 1 200 0
 266 0030 114B     		ldr	r3, .L10+20
 267 0032 1022     		mov	r2, #16
 268 0034 1A60     		str	r2, [r3]
 201:.\Generated_Source\PSoC4/cyfitter_cfg.c **** 	CY_SET_XTND_REG32((void CYFAR *)(CYREG_CLK_SELECT09), 0x00000010u);
 269              		.loc 1 201 0
 270 0036 114B     		ldr	r3, .L10+24
 271 0038 1022     		mov	r2, #16
 272 003a 1A60     		str	r2, [r3]
 202:.\Generated_Source\PSoC4/cyfitter_cfg.c **** 	CY_SET_XTND_REG32((void CYFAR *)(CYREG_CLK_SELECT10), 0x00000010u);
 273              		.loc 1 202 0
 274 003c 104B     		ldr	r3, .L10+28
 275 003e 1022     		mov	r2, #16
 276 0040 1A60     		str	r2, [r3]
 203:.\Generated_Source\PSoC4/cyfitter_cfg.c **** 
 204:.\Generated_Source\PSoC4/cyfitter_cfg.c **** 	/* CYDEV_CLK_IMO_CONFIG Starting address: CYDEV_CLK_IMO_CONFIG */
 205:.\Generated_Source\PSoC4/cyfitter_cfg.c **** 	CY_SET_XTND_REG32((void CYFAR *)(CYREG_CLK_IMO_CONFIG), 0x82000000u);
 277              		.loc 1 205 0
 278 0042 104B     		ldr	r3, .L10+32
 279 0044 8222     		mov	r2, #130
 280 0046 1206     		lsl	r2, r2, #24
 281 0048 1A60     		str	r2, [r3]
 206:.\Generated_Source\PSoC4/cyfitter_cfg.c **** 
 207:.\Generated_Source\PSoC4/cyfitter_cfg.c **** 	/* CYDEV_CLK_DIVIDER_A00 Starting address: CYDEV_CLK_DIVIDER_A00 */
 208:.\Generated_Source\PSoC4/cyfitter_cfg.c **** 	CY_SET_XTND_REG32((void CYFAR *)(CYREG_CLK_DIVIDER_A00), 0x80000000u);
 282              		.loc 1 208 0
 283 004a 0F4B     		ldr	r3, .L10+36
 284 004c 8022     		mov	r2, #128
 285 004e 1206     		lsl	r2, r2, #24
 286 0050 1A60     		str	r2, [r3]
 209:.\Generated_Source\PSoC4/cyfitter_cfg.c **** 
 210:.\Generated_Source\PSoC4/cyfitter_cfg.c **** 	/* CYDEV_CLK_DIVIDER_B00 Starting address: CYDEV_CLK_DIVIDER_B00 */
 211:.\Generated_Source\PSoC4/cyfitter_cfg.c **** 	CY_SET_XTND_REG32((void CYFAR *)(CYREG_CLK_DIVIDER_B00), 0x80000007u);
 287              		.loc 1 211 0
 288 0052 0E4B     		ldr	r3, .L10+40
 289 0054 0E4A     		ldr	r2, .L10+44
 290 0056 1A60     		str	r2, [r3]
 212:.\Generated_Source\PSoC4/cyfitter_cfg.c **** 
 213:.\Generated_Source\PSoC4/cyfitter_cfg.c **** 	CY_SET_XTND_REG32((void CYFAR *)(CYREG_WDT_CONFIG), 0x00000000u);
 291              		.loc 1 213 0
 292 0058 0E4B     		ldr	r3, .L10+48
 293 005a 0022     		mov	r2, #0
 294 005c 1A60     		str	r2, [r3]
 214:.\Generated_Source\PSoC4/cyfitter_cfg.c **** }
 295              		.loc 1 214 0
 296 005e BD46     		mov	sp, r7
ARM GAS  C:\Users\mitchell\AppData\Local\Temp\cc4l2Rk3.s 			page 10


 297              		@ sp needed
 298 0060 80BD     		pop	{r7, pc}
 299              	.L11:
 300 0062 C046     		.align	2
 301              	.L10:
 302 0064 00010B40 		.word	1074462976
 303 0068 FFFFFBFF 		.word	-262145
 304 006c 04010B40 		.word	1074462980
 305 0070 06000080 		.word	-2147483642
 306 0074 1C020240 		.word	1073873436
 307 0078 20020240 		.word	1073873440
 308 007c 24020240 		.word	1073873444
 309 0080 28020240 		.word	1073873448
 310 0084 08010B40 		.word	1074462984
 311 0088 00000240 		.word	1073872896
 312 008c 40000240 		.word	1073872960
 313 0090 07000080 		.word	-2147483641
 314 0094 0C020B40 		.word	1074463244
 315              		.cfi_endproc
 316              	.LFE4:
 317              		.size	ClockSetup, .-ClockSetup
 318              		.section	.text.AnalogSetDefault,"ax",%progbits
 319              		.align	2
 320              		.code	16
 321              		.thumb_func
 322              		.type	AnalogSetDefault, %function
 323              	AnalogSetDefault:
 324              	.LFB5:
 215:.\Generated_Source\PSoC4/cyfitter_cfg.c **** 
 216:.\Generated_Source\PSoC4/cyfitter_cfg.c **** 
 217:.\Generated_Source\PSoC4/cyfitter_cfg.c **** /* Analog API Functions */
 218:.\Generated_Source\PSoC4/cyfitter_cfg.c **** 
 219:.\Generated_Source\PSoC4/cyfitter_cfg.c **** 
 220:.\Generated_Source\PSoC4/cyfitter_cfg.c **** /*******************************************************************************
 221:.\Generated_Source\PSoC4/cyfitter_cfg.c **** * Function Name: AnalogSetDefault
 222:.\Generated_Source\PSoC4/cyfitter_cfg.c **** ********************************************************************************
 223:.\Generated_Source\PSoC4/cyfitter_cfg.c **** *
 224:.\Generated_Source\PSoC4/cyfitter_cfg.c **** * Summary:
 225:.\Generated_Source\PSoC4/cyfitter_cfg.c **** *  Sets up the analog portions of the chip to default values based on chip
 226:.\Generated_Source\PSoC4/cyfitter_cfg.c **** *  configuration options from the project.
 227:.\Generated_Source\PSoC4/cyfitter_cfg.c **** *
 228:.\Generated_Source\PSoC4/cyfitter_cfg.c **** * Parameters:
 229:.\Generated_Source\PSoC4/cyfitter_cfg.c **** *  void
 230:.\Generated_Source\PSoC4/cyfitter_cfg.c **** *
 231:.\Generated_Source\PSoC4/cyfitter_cfg.c **** * Return:
 232:.\Generated_Source\PSoC4/cyfitter_cfg.c **** *  void
 233:.\Generated_Source\PSoC4/cyfitter_cfg.c **** *
 234:.\Generated_Source\PSoC4/cyfitter_cfg.c **** *******************************************************************************/
 235:.\Generated_Source\PSoC4/cyfitter_cfg.c **** static void AnalogSetDefault(void);
 236:.\Generated_Source\PSoC4/cyfitter_cfg.c **** static void AnalogSetDefault(void)
 237:.\Generated_Source\PSoC4/cyfitter_cfg.c **** {
 325              		.loc 1 237 0
 326              		.cfi_startproc
 327 0000 80B5     		push	{r7, lr}
 328              		.cfi_def_cfa_offset 8
 329              		.cfi_offset 7, -8
 330              		.cfi_offset 14, -4
ARM GAS  C:\Users\mitchell\AppData\Local\Temp\cc4l2Rk3.s 			page 11


 331 0002 00AF     		add	r7, sp, #0
 332              		.cfi_def_cfa_register 7
 238:.\Generated_Source\PSoC4/cyfitter_cfg.c **** 	CY_SET_XTND_REG32((void CYFAR *)CYREG_SAR_MUX_SWITCH0, 0x00000001u);
 333              		.loc 1 238 0
 334 0004 024B     		ldr	r3, .L13
 335 0006 0122     		mov	r2, #1
 336 0008 1A60     		str	r2, [r3]
 239:.\Generated_Source\PSoC4/cyfitter_cfg.c **** }
 337              		.loc 1 239 0
 338 000a BD46     		mov	sp, r7
 339              		@ sp needed
 340 000c 80BD     		pop	{r7, pc}
 341              	.L14:
 342 000e C046     		.align	2
 343              	.L13:
 344 0010 00031A40 		.word	1075446528
 345              		.cfi_endproc
 346              	.LFE5:
 347              		.size	AnalogSetDefault, .-AnalogSetDefault
 348              		.section	.psocinit
 349              		.align	2
 350              		.global	cyfitter_cfg
 351              		.code	16
 352              		.thumb_func
 353              		.type	cyfitter_cfg, %function
 354              	cyfitter_cfg:
 355              	.LFB6:
 240:.\Generated_Source\PSoC4/cyfitter_cfg.c **** 
 241:.\Generated_Source\PSoC4/cyfitter_cfg.c **** #define CY_AMUX_UNUSED CYREG_CM0_ROM_DWT
 242:.\Generated_Source\PSoC4/cyfitter_cfg.c **** 
 243:.\Generated_Source\PSoC4/cyfitter_cfg.c **** 
 244:.\Generated_Source\PSoC4/cyfitter_cfg.c **** /*******************************************************************************
 245:.\Generated_Source\PSoC4/cyfitter_cfg.c **** * Function Name: cyfitter_cfg
 246:.\Generated_Source\PSoC4/cyfitter_cfg.c **** ********************************************************************************
 247:.\Generated_Source\PSoC4/cyfitter_cfg.c **** * Summary:
 248:.\Generated_Source\PSoC4/cyfitter_cfg.c **** *  This function is called by the start-up code for the selected device. It
 249:.\Generated_Source\PSoC4/cyfitter_cfg.c **** *  performs all of the necessary device configuration based on the design
 250:.\Generated_Source\PSoC4/cyfitter_cfg.c **** *  settings.  This includes settings from the Design Wide Resources (DWR) such
 251:.\Generated_Source\PSoC4/cyfitter_cfg.c **** *  as Clocks and Pins as well as any component configuration that is necessary.
 252:.\Generated_Source\PSoC4/cyfitter_cfg.c **** *
 253:.\Generated_Source\PSoC4/cyfitter_cfg.c **** * Parameters:  
 254:.\Generated_Source\PSoC4/cyfitter_cfg.c **** *   void
 255:.\Generated_Source\PSoC4/cyfitter_cfg.c **** *
 256:.\Generated_Source\PSoC4/cyfitter_cfg.c **** * Return:
 257:.\Generated_Source\PSoC4/cyfitter_cfg.c **** *   void
 258:.\Generated_Source\PSoC4/cyfitter_cfg.c **** *
 259:.\Generated_Source\PSoC4/cyfitter_cfg.c **** *******************************************************************************/
 260:.\Generated_Source\PSoC4/cyfitter_cfg.c **** CY_CFG_SECTION
 261:.\Generated_Source\PSoC4/cyfitter_cfg.c **** void cyfitter_cfg(void)
 262:.\Generated_Source\PSoC4/cyfitter_cfg.c **** {
 356              		.loc 1 262 0
 357              		.cfi_startproc
 358 0098 80B5     		push	{r7, lr}
 359              		.cfi_def_cfa_offset 8
 360              		.cfi_offset 7, -8
 361              		.cfi_offset 14, -4
 362 009a 82B0     		sub	sp, sp, #8
ARM GAS  C:\Users\mitchell\AppData\Local\Temp\cc4l2Rk3.s 			page 12


 363              		.cfi_def_cfa_offset 16
 364 009c 00AF     		add	r7, sp, #0
 365              		.cfi_def_cfa_register 7
 263:.\Generated_Source\PSoC4/cyfitter_cfg.c **** 	/* Disable interrupts by default. Let user enable if/when they want. */
 264:.\Generated_Source\PSoC4/cyfitter_cfg.c **** 	CyGlobalIntDisable;
 366              		.loc 1 264 0
 367              	@ 264 ".\Generated_Source\PSoC4\cyfitter_cfg.c" 1
 368 009e 72B6     		CPSID   i
 369              	@ 0 "" 2
 370              		.code	16
 371              	.LBB3:
 265:.\Generated_Source\PSoC4/cyfitter_cfg.c **** 
 266:.\Generated_Source\PSoC4/cyfitter_cfg.c **** 	{
 267:.\Generated_Source\PSoC4/cyfitter_cfg.c **** 		static const uint32 CYCODE cy_cfg_addr_table[] = {
 268:.\Generated_Source\PSoC4/cyfitter_cfg.c **** 			0x400F3301u, /* Base address: 0x400F3300 Count: 1 */
 269:.\Generated_Source\PSoC4/cyfitter_cfg.c **** 			0x400F4004u, /* Base address: 0x400F4000 Count: 4 */
 270:.\Generated_Source\PSoC4/cyfitter_cfg.c **** 			0x400F4108u, /* Base address: 0x400F4100 Count: 8 */
 271:.\Generated_Source\PSoC4/cyfitter_cfg.c **** 			0x400F4308u, /* Base address: 0x400F4300 Count: 8 */
 272:.\Generated_Source\PSoC4/cyfitter_cfg.c **** 		};
 273:.\Generated_Source\PSoC4/cyfitter_cfg.c **** 
 274:.\Generated_Source\PSoC4/cyfitter_cfg.c **** 		static const cy_cfg_addrvalue_t CYCODE cy_cfg_data_table[] = {
 275:.\Generated_Source\PSoC4/cyfitter_cfg.c **** 			{0xE6u, 0x29u},
 276:.\Generated_Source\PSoC4/cyfitter_cfg.c **** 			{0x56u, 0x80u},
 277:.\Generated_Source\PSoC4/cyfitter_cfg.c **** 			{0x5Cu, 0x10u},
 278:.\Generated_Source\PSoC4/cyfitter_cfg.c **** 			{0xD4u, 0x40u},
 279:.\Generated_Source\PSoC4/cyfitter_cfg.c **** 			{0xD6u, 0x20u},
 280:.\Generated_Source\PSoC4/cyfitter_cfg.c **** 			{0x63u, 0x02u},
 281:.\Generated_Source\PSoC4/cyfitter_cfg.c **** 			{0x80u, 0x10u},
 282:.\Generated_Source\PSoC4/cyfitter_cfg.c **** 			{0x87u, 0x01u},
 283:.\Generated_Source\PSoC4/cyfitter_cfg.c **** 			{0x8Au, 0x80u},
 284:.\Generated_Source\PSoC4/cyfitter_cfg.c **** 			{0x94u, 0x10u},
 285:.\Generated_Source\PSoC4/cyfitter_cfg.c **** 			{0x9Eu, 0x80u},
 286:.\Generated_Source\PSoC4/cyfitter_cfg.c **** 			{0xD6u, 0x40u},
 287:.\Generated_Source\PSoC4/cyfitter_cfg.c **** 			{0xE6u, 0x90u},
 288:.\Generated_Source\PSoC4/cyfitter_cfg.c **** 			{0x19u, 0x04u},
 289:.\Generated_Source\PSoC4/cyfitter_cfg.c **** 			{0x1Au, 0x08u},
 290:.\Generated_Source\PSoC4/cyfitter_cfg.c **** 			{0x1Cu, 0x80u},
 291:.\Generated_Source\PSoC4/cyfitter_cfg.c **** 			{0x81u, 0x04u},
 292:.\Generated_Source\PSoC4/cyfitter_cfg.c **** 			{0x86u, 0x04u},
 293:.\Generated_Source\PSoC4/cyfitter_cfg.c **** 			{0x88u, 0x40u},
 294:.\Generated_Source\PSoC4/cyfitter_cfg.c **** 			{0xC6u, 0x0Eu},
 295:.\Generated_Source\PSoC4/cyfitter_cfg.c **** 			{0xE6u, 0x04u},
 296:.\Generated_Source\PSoC4/cyfitter_cfg.c **** 		};
 297:.\Generated_Source\PSoC4/cyfitter_cfg.c **** 
 298:.\Generated_Source\PSoC4/cyfitter_cfg.c **** 
 299:.\Generated_Source\PSoC4/cyfitter_cfg.c **** 
 300:.\Generated_Source\PSoC4/cyfitter_cfg.c **** 		CYPACKED typedef struct {
 301:.\Generated_Source\PSoC4/cyfitter_cfg.c **** 			void CYFAR *address;
 302:.\Generated_Source\PSoC4/cyfitter_cfg.c **** 			uint16 size;
 303:.\Generated_Source\PSoC4/cyfitter_cfg.c **** 		} CYPACKED_ATTR cfg_memset_t;
 304:.\Generated_Source\PSoC4/cyfitter_cfg.c **** 
 305:.\Generated_Source\PSoC4/cyfitter_cfg.c **** 		static const cfg_memset_t CYCODE cfg_memset_list [] = {
 306:.\Generated_Source\PSoC4/cyfitter_cfg.c **** 			/* address, size */
 307:.\Generated_Source\PSoC4/cyfitter_cfg.c **** 			{(void CYFAR *)(CYDEV_UDB_P0_U0_BASE), 1024u},
 308:.\Generated_Source\PSoC4/cyfitter_cfg.c **** 			{(void CYFAR *)(CYDEV_UDB_DSI0_BASE), 1024u},
 309:.\Generated_Source\PSoC4/cyfitter_cfg.c **** 		};
 310:.\Generated_Source\PSoC4/cyfitter_cfg.c **** 
ARM GAS  C:\Users\mitchell\AppData\Local\Temp\cc4l2Rk3.s 			page 13


 311:.\Generated_Source\PSoC4/cyfitter_cfg.c **** 		uint8 CYDATA i;
 312:.\Generated_Source\PSoC4/cyfitter_cfg.c **** 
 313:.\Generated_Source\PSoC4/cyfitter_cfg.c **** 		/* Zero out critical memory blocks before beginning configuration */
 314:.\Generated_Source\PSoC4/cyfitter_cfg.c **** 		for (i = 0u; i < (sizeof(cfg_memset_list)/sizeof(cfg_memset_list[0])); i++)
 372              		.loc 1 314 0
 373 00a0 FB1D     		add	r3, r7, #7
 374 00a2 0022     		mov	r2, #0
 375 00a4 1A70     		strb	r2, [r3]
 376 00a6 23E0     		b	.L16
 377              	.L17:
 378              	.LBB4:
 315:.\Generated_Source\PSoC4/cyfitter_cfg.c **** 		{
 316:.\Generated_Source\PSoC4/cyfitter_cfg.c **** 			const cfg_memset_t CYCODE * CYDATA ms = &cfg_memset_list[i];
 379              		.loc 1 316 0 discriminator 2
 380 00a8 FB1D     		add	r3, r7, #7
 381 00aa 1A78     		ldrb	r2, [r3]
 382 00ac 131C     		mov	r3, r2
 383 00ae 5B00     		lsl	r3, r3, #1
 384 00b0 9B18     		add	r3, r3, r2
 385 00b2 5B00     		lsl	r3, r3, #1
 386 00b4 424A     		ldr	r2, .L18
 387 00b6 9B18     		add	r3, r3, r2
 388 00b8 3B60     		str	r3, [r7]
 317:.\Generated_Source\PSoC4/cyfitter_cfg.c **** 			CYMEMZERO(ms->address, (size_t)(uint32)(ms->size));
 389              		.loc 1 317 0 discriminator 2
 390 00ba 3B68     		ldr	r3, [r7]
 391 00bc 1A78     		ldrb	r2, [r3]
 392 00be 5978     		ldrb	r1, [r3, #1]
 393 00c0 0902     		lsl	r1, r1, #8
 394 00c2 0A43     		orr	r2, r1
 395 00c4 9978     		ldrb	r1, [r3, #2]
 396 00c6 0904     		lsl	r1, r1, #16
 397 00c8 0A43     		orr	r2, r1
 398 00ca DB78     		ldrb	r3, [r3, #3]
 399 00cc 1B06     		lsl	r3, r3, #24
 400 00ce 1343     		orr	r3, r2
 401 00d0 1A1C     		mov	r2, r3
 402 00d2 3B68     		ldr	r3, [r7]
 403 00d4 1979     		ldrb	r1, [r3, #4]
 404 00d6 5B79     		ldrb	r3, [r3, #5]
 405 00d8 1B02     		lsl	r3, r3, #8
 406 00da 0B43     		orr	r3, r1
 407 00dc 9BB2     		uxth	r3, r3
 408 00de 101C     		mov	r0, r2
 409 00e0 191C     		mov	r1, r3
 410 00e2 FFF7FEFF 		bl	CYMEMZERO
 411              	.LBE4:
 314:.\Generated_Source\PSoC4/cyfitter_cfg.c **** 		for (i = 0u; i < (sizeof(cfg_memset_list)/sizeof(cfg_memset_list[0])); i++)
 412              		.loc 1 314 0 discriminator 2
 413 00e6 FB1D     		add	r3, r7, #7
 414 00e8 1A78     		ldrb	r2, [r3]
 415 00ea FB1D     		add	r3, r7, #7
 416 00ec 0132     		add	r2, r2, #1
 417 00ee 1A70     		strb	r2, [r3]
 418              	.L16:
 314:.\Generated_Source\PSoC4/cyfitter_cfg.c **** 		for (i = 0u; i < (sizeof(cfg_memset_list)/sizeof(cfg_memset_list[0])); i++)
 419              		.loc 1 314 0 is_stmt 0 discriminator 1
ARM GAS  C:\Users\mitchell\AppData\Local\Temp\cc4l2Rk3.s 			page 14


 420 00f0 FB1D     		add	r3, r7, #7
 421 00f2 1B78     		ldrb	r3, [r3]
 422 00f4 012B     		cmp	r3, #1
 423 00f6 D7D9     		bls	.L17
 318:.\Generated_Source\PSoC4/cyfitter_cfg.c **** 		}
 319:.\Generated_Source\PSoC4/cyfitter_cfg.c **** 
 320:.\Generated_Source\PSoC4/cyfitter_cfg.c **** 		cfg_write_bytes32(cy_cfg_addr_table, cy_cfg_data_table);
 424              		.loc 1 320 0 is_stmt 1
 425 00f8 324A     		ldr	r2, .L18+4
 426 00fa 334B     		ldr	r3, .L18+8
 427 00fc 101C     		mov	r0, r2
 428 00fe 191C     		mov	r1, r3
 429 0100 FFF7FEFF 		bl	cfg_write_bytes32
 321:.\Generated_Source\PSoC4/cyfitter_cfg.c **** 
 322:.\Generated_Source\PSoC4/cyfitter_cfg.c **** 		/* HSIOM Starting address: CYDEV_HSIOM_BASE */
 323:.\Generated_Source\PSoC4/cyfitter_cfg.c **** 		CY_SET_XTND_REG32((void CYFAR *)(CYDEV_HSIOM_BASE), 0x00003300u);
 430              		.loc 1 323 0
 431 0104 314B     		ldr	r3, .L18+12
 432 0106 CC22     		mov	r2, #204
 433 0108 9201     		lsl	r2, r2, #6
 434 010a 1A60     		str	r2, [r3]
 324:.\Generated_Source\PSoC4/cyfitter_cfg.c **** 		CY_SET_XTND_REG32((void CYFAR *)(CYREG_HSIOM_PORT_SEL1), 0x03000000u);
 435              		.loc 1 324 0
 436 010c 304B     		ldr	r3, .L18+16
 437 010e C022     		mov	r2, #192
 438 0110 9204     		lsl	r2, r2, #18
 439 0112 1A60     		str	r2, [r3]
 325:.\Generated_Source\PSoC4/cyfitter_cfg.c **** 		CY_SET_XTND_REG32((void CYFAR *)(CYREG_HSIOM_PORT_SEL3), 0x0000EE00u);
 440              		.loc 1 325 0
 441 0114 2F4B     		ldr	r3, .L18+20
 442 0116 EE22     		mov	r2, #238
 443 0118 1202     		lsl	r2, r2, #8
 444 011a 1A60     		str	r2, [r3]
 326:.\Generated_Source\PSoC4/cyfitter_cfg.c **** 
 327:.\Generated_Source\PSoC4/cyfitter_cfg.c **** 		/* UDB_PA_0 Starting address: CYDEV_UDB_PA0_BASE */
 328:.\Generated_Source\PSoC4/cyfitter_cfg.c **** 		CY_SET_XTND_REG32((void CYFAR *)(CYDEV_UDB_PA0_BASE), 0x00990000u);
 445              		.loc 1 328 0
 446 011c 2E4B     		ldr	r3, .L18+24
 447 011e 9922     		mov	r2, #153
 448 0120 1204     		lsl	r2, r2, #16
 449 0122 1A60     		str	r2, [r3]
 329:.\Generated_Source\PSoC4/cyfitter_cfg.c **** 		CY_SET_XTND_REG32((void CYFAR *)(CYREG_UDB_PA0_CFG8), 0x00D00000u);
 450              		.loc 1 329 0
 451 0124 2D4B     		ldr	r3, .L18+28
 452 0126 D022     		mov	r2, #208
 453 0128 1204     		lsl	r2, r2, #16
 454 012a 1A60     		str	r2, [r3]
 330:.\Generated_Source\PSoC4/cyfitter_cfg.c **** 
 331:.\Generated_Source\PSoC4/cyfitter_cfg.c **** 		/* UDB_PA_1 Starting address: CYDEV_UDB_PA1_BASE */
 332:.\Generated_Source\PSoC4/cyfitter_cfg.c **** 		CY_SET_XTND_REG32((void CYFAR *)(CYDEV_UDB_PA1_BASE), 0x00990000u);
 455              		.loc 1 332 0
 456 012c 2C4B     		ldr	r3, .L18+32
 457 012e 9922     		mov	r2, #153
 458 0130 1204     		lsl	r2, r2, #16
 459 0132 1A60     		str	r2, [r3]
 333:.\Generated_Source\PSoC4/cyfitter_cfg.c **** 
 334:.\Generated_Source\PSoC4/cyfitter_cfg.c **** 		/* UDB_PA_2 Starting address: CYDEV_UDB_PA2_BASE */
ARM GAS  C:\Users\mitchell\AppData\Local\Temp\cc4l2Rk3.s 			page 15


 335:.\Generated_Source\PSoC4/cyfitter_cfg.c **** 		CY_SET_XTND_REG32((void CYFAR *)(CYDEV_UDB_PA2_BASE), 0x00990000u);
 460              		.loc 1 335 0
 461 0134 2B4B     		ldr	r3, .L18+36
 462 0136 9922     		mov	r2, #153
 463 0138 1204     		lsl	r2, r2, #16
 464 013a 1A60     		str	r2, [r3]
 336:.\Generated_Source\PSoC4/cyfitter_cfg.c **** 
 337:.\Generated_Source\PSoC4/cyfitter_cfg.c **** 		/* UDB_PA_3 Starting address: CYDEV_UDB_PA3_BASE */
 338:.\Generated_Source\PSoC4/cyfitter_cfg.c **** 		CY_SET_XTND_REG32((void CYFAR *)(CYDEV_UDB_PA3_BASE), 0x00990000u);
 465              		.loc 1 338 0
 466 013c 2A4B     		ldr	r3, .L18+40
 467 013e 9922     		mov	r2, #153
 468 0140 1204     		lsl	r2, r2, #16
 469 0142 1A60     		str	r2, [r3]
 339:.\Generated_Source\PSoC4/cyfitter_cfg.c **** 
 340:.\Generated_Source\PSoC4/cyfitter_cfg.c **** 		/* Enable digital routing */
 341:.\Generated_Source\PSoC4/cyfitter_cfg.c **** 		CY_SET_XTND_REG8((void *)CYREG_UDB_UDBIF_BANK_CTL, CY_GET_XTND_REG8((void *)CYREG_UDB_UDBIF_BANK_
 470              		.loc 1 341 0
 471 0144 294B     		ldr	r3, .L18+44
 472 0146 294A     		ldr	r2, .L18+44
 473 0148 1278     		ldrb	r2, [r2]
 474 014a D2B2     		uxtb	r2, r2
 475 014c 0221     		mov	r1, #2
 476 014e 0A43     		orr	r2, r1
 477 0150 D2B2     		uxtb	r2, r2
 478 0152 1A70     		strb	r2, [r3]
 342:.\Generated_Source\PSoC4/cyfitter_cfg.c **** 
 343:.\Generated_Source\PSoC4/cyfitter_cfg.c **** 		/* Enable UDB array */
 344:.\Generated_Source\PSoC4/cyfitter_cfg.c **** 		CY_SET_XTND_REG8((void *)CYREG_UDB_UDBIF_WAIT_CFG, (uint8)((CY_GET_XTND_REG8((void *)CYREG_UDB_UD
 479              		.loc 1 344 0
 480 0154 264B     		ldr	r3, .L18+48
 481 0156 264A     		ldr	r2, .L18+48
 482 0158 1278     		ldrb	r2, [r2]
 483 015a D2B2     		uxtb	r2, r2
 484 015c 3C21     		mov	r1, #60
 485 015e 8A43     		bic	r2, r1
 486 0160 D2B2     		uxtb	r2, r2
 487 0162 1421     		mov	r1, #20
 488 0164 0A43     		orr	r2, r1
 489 0166 D2B2     		uxtb	r2, r2
 490 0168 1A70     		strb	r2, [r3]
 345:.\Generated_Source\PSoC4/cyfitter_cfg.c **** 		CY_SET_XTND_REG8((void *)CYREG_UDB_UDBIF_BANK_CTL, (uint8)(CY_GET_XTND_REG8((void *)CYREG_UDB_UDB
 491              		.loc 1 345 0
 492 016a 204B     		ldr	r3, .L18+44
 493 016c 1F4A     		ldr	r2, .L18+44
 494 016e 1278     		ldrb	r2, [r2]
 495 0170 D2B2     		uxtb	r2, r2
 496 0172 1621     		mov	r1, #22
 497 0174 0A43     		orr	r2, r1
 498 0176 D2B2     		uxtb	r2, r2
 499 0178 1A70     		strb	r2, [r3]
 500              	.LBE3:
 346:.\Generated_Source\PSoC4/cyfitter_cfg.c **** 	}
 347:.\Generated_Source\PSoC4/cyfitter_cfg.c **** 
 348:.\Generated_Source\PSoC4/cyfitter_cfg.c **** 	/* Perform second pass device configuration. These items must be configured in specific order afte
 349:.\Generated_Source\PSoC4/cyfitter_cfg.c **** 	/* IOPINS0_0 Starting address: CYDEV_PRT0_DR */
 350:.\Generated_Source\PSoC4/cyfitter_cfg.c **** 	CY_SET_XTND_REG32((void CYFAR *)(CYREG_PRT0_DR), 0x0000000Cu);
ARM GAS  C:\Users\mitchell\AppData\Local\Temp\cc4l2Rk3.s 			page 16


 501              		.loc 1 350 0
 502 017a 1E4B     		ldr	r3, .L18+52
 503 017c 0C22     		mov	r2, #12
 504 017e 1A60     		str	r2, [r3]
 351:.\Generated_Source\PSoC4/cyfitter_cfg.c **** 	CY_SET_XTND_REG32((void CYFAR *)(CYREG_PRT0_PC), 0x00000D80u);
 505              		.loc 1 351 0
 506 0180 1D4B     		ldr	r3, .L18+56
 507 0182 D822     		mov	r2, #216
 508 0184 1201     		lsl	r2, r2, #4
 509 0186 1A60     		str	r2, [r3]
 352:.\Generated_Source\PSoC4/cyfitter_cfg.c **** 
 353:.\Generated_Source\PSoC4/cyfitter_cfg.c **** 	/* IOPINS0_1 Starting address: CYDEV_PRT1_DR */
 354:.\Generated_Source\PSoC4/cyfitter_cfg.c **** 	CY_SET_XTND_REG32((void CYFAR *)(CYREG_PRT1_DR), 0x00000040u);
 510              		.loc 1 354 0
 511 0188 1C4B     		ldr	r3, .L18+60
 512 018a 4022     		mov	r2, #64
 513 018c 1A60     		str	r2, [r3]
 355:.\Generated_Source\PSoC4/cyfitter_cfg.c **** 	CY_SET_XTND_REG32((void CYFAR *)(CYREG_PRT1_PC), 0x00180000u);
 514              		.loc 1 355 0
 515 018e 1C4B     		ldr	r3, .L18+64
 516 0190 C022     		mov	r2, #192
 517 0192 5203     		lsl	r2, r2, #13
 518 0194 1A60     		str	r2, [r3]
 356:.\Generated_Source\PSoC4/cyfitter_cfg.c **** 	CY_SET_XTND_REG32((void CYFAR *)(CYREG_PRT1_PC2), 0x00000080u);
 519              		.loc 1 356 0
 520 0196 1B4B     		ldr	r3, .L18+68
 521 0198 8022     		mov	r2, #128
 522 019a 1A60     		str	r2, [r3]
 357:.\Generated_Source\PSoC4/cyfitter_cfg.c **** 
 358:.\Generated_Source\PSoC4/cyfitter_cfg.c **** 	/* IOPINS0_2 Starting address: CYDEV_PRT2_DR */
 359:.\Generated_Source\PSoC4/cyfitter_cfg.c **** 	CY_SET_XTND_REG32((void CYFAR *)(CYREG_PRT2_DR), 0x00000001u);
 523              		.loc 1 359 0
 524 019c 1A4B     		ldr	r3, .L18+72
 525 019e 0122     		mov	r2, #1
 526 01a0 1A60     		str	r2, [r3]
 360:.\Generated_Source\PSoC4/cyfitter_cfg.c **** 	CY_SET_XTND_REG32((void CYFAR *)(CYREG_PRT2_PC2), 0x00000001u);
 527              		.loc 1 360 0
 528 01a2 1A4B     		ldr	r3, .L18+76
 529 01a4 0122     		mov	r2, #1
 530 01a6 1A60     		str	r2, [r3]
 361:.\Generated_Source\PSoC4/cyfitter_cfg.c **** 
 362:.\Generated_Source\PSoC4/cyfitter_cfg.c **** 	/* IOPINS0_3 Starting address: CYDEV_PRT3_DR */
 363:.\Generated_Source\PSoC4/cyfitter_cfg.c **** 	CY_SET_XTND_REG32((void CYFAR *)(CYREG_PRT3_PC), 0x00000D80u);
 531              		.loc 1 363 0
 532 01a8 194B     		ldr	r3, .L18+80
 533 01aa D822     		mov	r2, #216
 534 01ac 1201     		lsl	r2, r2, #4
 535 01ae 1A60     		str	r2, [r3]
 364:.\Generated_Source\PSoC4/cyfitter_cfg.c **** 
 365:.\Generated_Source\PSoC4/cyfitter_cfg.c **** 	/* Setup clocks based on selections from Clock DWR */
 366:.\Generated_Source\PSoC4/cyfitter_cfg.c **** 	ClockSetup();
 536              		.loc 1 366 0
 537 01b0 FFF726FF 		bl	ClockSetup
 367:.\Generated_Source\PSoC4/cyfitter_cfg.c **** 
 368:.\Generated_Source\PSoC4/cyfitter_cfg.c **** 	/* Perform basic analog initialization to defaults */
 369:.\Generated_Source\PSoC4/cyfitter_cfg.c **** 	AnalogSetDefault();
 538              		.loc 1 369 0
ARM GAS  C:\Users\mitchell\AppData\Local\Temp\cc4l2Rk3.s 			page 17


 539 01b4 FFF7FEFF 		bl	AnalogSetDefault
 370:.\Generated_Source\PSoC4/cyfitter_cfg.c **** 
 371:.\Generated_Source\PSoC4/cyfitter_cfg.c **** }
 540              		.loc 1 371 0
 541 01b8 BD46     		mov	sp, r7
 542 01ba 02B0     		add	sp, sp, #8
 543              		@ sp needed
 544 01bc 80BD     		pop	{r7, pc}
 545              	.L19:
 546 01be C046     		.align	2
 547              	.L18:
 548 01c0 00000000 		.word	cfg_memset_list.4740
 549 01c4 0C000000 		.word	cy_cfg_addr_table.4734
 550 01c8 1C000000 		.word	cy_cfg_data_table.4735
 551 01cc 00000140 		.word	1073807360
 552 01d0 04000140 		.word	1073807364
 553 01d4 0C000140 		.word	1073807372
 554 01d8 00500F40 		.word	1074745344
 555 01dc 08500F40 		.word	1074745352
 556 01e0 10500F40 		.word	1074745360
 557 01e4 20500F40 		.word	1074745376
 558 01e8 30500F40 		.word	1074745392
 559 01ec 00700F40 		.word	1074753536
 560 01f0 01700F40 		.word	1074753537
 561 01f4 00000440 		.word	1074003968
 562 01f8 08000440 		.word	1074003976
 563 01fc 00010440 		.word	1074004224
 564 0200 08010440 		.word	1074004232
 565 0204 18010440 		.word	1074004248
 566 0208 00020440 		.word	1074004480
 567 020c 18020440 		.word	1074004504
 568 0210 08030440 		.word	1074004744
 569              		.cfi_endproc
 570              	.LFE6:
 571              		.size	cyfitter_cfg, .-cyfitter_cfg
 572              		.section	.rodata
 573              		.align	2
 574              		.type	cfg_memset_list.4740, %object
 575              		.size	cfg_memset_list.4740, 12
 576              	cfg_memset_list.4740:
 577 0000 00300F40 		.word	1074737152
 578 0004 0004     		.short	1024
 579 0006 00400F40 		.4byte	1074741248
 580 000a 0004     		.short	1024
 581              		.align	2
 582              		.type	cy_cfg_addr_table.4734, %object
 583              		.size	cy_cfg_addr_table.4734, 16
 584              	cy_cfg_addr_table.4734:
 585 000c 01330F40 		.word	1074737921
 586 0010 04400F40 		.word	1074741252
 587 0014 08410F40 		.word	1074741512
 588 0018 08430F40 		.word	1074742024
 589              		.align	2
 590              		.type	cy_cfg_data_table.4735, %object
 591              		.size	cy_cfg_data_table.4735, 42
 592              	cy_cfg_data_table.4735:
 593 001c E6       		.byte	-26
ARM GAS  C:\Users\mitchell\AppData\Local\Temp\cc4l2Rk3.s 			page 18


 594 001d 29       		.byte	41
 595 001e 56       		.byte	86
 596 001f 80       		.byte	-128
 597 0020 5C       		.byte	92
 598 0021 10       		.byte	16
 599 0022 D4       		.byte	-44
 600 0023 40       		.byte	64
 601 0024 D6       		.byte	-42
 602 0025 20       		.byte	32
 603 0026 63       		.byte	99
 604 0027 02       		.byte	2
 605 0028 80       		.byte	-128
 606 0029 10       		.byte	16
 607 002a 87       		.byte	-121
 608 002b 01       		.byte	1
 609 002c 8A       		.byte	-118
 610 002d 80       		.byte	-128
 611 002e 94       		.byte	-108
 612 002f 10       		.byte	16
 613 0030 9E       		.byte	-98
 614 0031 80       		.byte	-128
 615 0032 D6       		.byte	-42
 616 0033 40       		.byte	64
 617 0034 E6       		.byte	-26
 618 0035 90       		.byte	-112
 619 0036 19       		.byte	25
 620 0037 04       		.byte	4
 621 0038 1A       		.byte	26
 622 0039 08       		.byte	8
 623 003a 1C       		.byte	28
 624 003b 80       		.byte	-128
 625 003c 81       		.byte	-127
 626 003d 04       		.byte	4
 627 003e 86       		.byte	-122
 628 003f 04       		.byte	4
 629 0040 88       		.byte	-120
 630 0041 40       		.byte	64
 631 0042 C6       		.byte	-58
 632 0043 0E       		.byte	14
 633 0044 E6       		.byte	-26
 634 0045 04       		.byte	4
 635 0046 0000     		.text
 636              	.Letext0:
 637              		.file 2 "c:\\program files (x86)\\cypress\\psoc creator\\3.2\\psoc creator\\import\\gnu\\arm\\4.8.
 638              		.file 3 ".\\Generated_Source\\PSoC4\\cytypes.h"
 639              		.section	.debug_info,"",%progbits
 640              	.Ldebug_info0:
 641 0000 4F030000 		.4byte	0x34f
 642 0004 0400     		.2byte	0x4
 643 0006 00000000 		.4byte	.Ldebug_abbrev0
 644 000a 04       		.byte	0x4
 645 000b 01       		.uleb128 0x1
 646 000c 5F000000 		.4byte	.LASF39
 647 0010 01       		.byte	0x1
 648 0011 24020000 		.4byte	.LASF40
 649 0015 A0010000 		.4byte	.LASF41
 650 0019 00000000 		.4byte	.Ldebug_ranges0+0
ARM GAS  C:\Users\mitchell\AppData\Local\Temp\cc4l2Rk3.s 			page 19


 651 001d 00000000 		.4byte	0
 652 0021 00000000 		.4byte	.Ldebug_line0
 653 0025 02       		.uleb128 0x2
 654 0026 04       		.byte	0x4
 655 0027 05       		.byte	0x5
 656 0028 696E7400 		.ascii	"int\000"
 657 002c 03       		.uleb128 0x3
 658 002d 06000000 		.4byte	.LASF11
 659 0031 02       		.byte	0x2
 660 0032 D4       		.byte	0xd4
 661 0033 37000000 		.4byte	0x37
 662 0037 04       		.uleb128 0x4
 663 0038 04       		.byte	0x4
 664 0039 07       		.byte	0x7
 665 003a 74010000 		.4byte	.LASF0
 666 003e 04       		.uleb128 0x4
 667 003f 01       		.byte	0x1
 668 0040 06       		.byte	0x6
 669 0041 8C020000 		.4byte	.LASF1
 670 0045 04       		.uleb128 0x4
 671 0046 01       		.byte	0x1
 672 0047 08       		.byte	0x8
 673 0048 1C010000 		.4byte	.LASF2
 674 004c 04       		.uleb128 0x4
 675 004d 02       		.byte	0x2
 676 004e 05       		.byte	0x5
 677 004f 79020000 		.4byte	.LASF3
 678 0053 04       		.uleb128 0x4
 679 0054 02       		.byte	0x2
 680 0055 07       		.byte	0x7
 681 0056 98020000 		.4byte	.LASF4
 682 005a 04       		.uleb128 0x4
 683 005b 04       		.byte	0x4
 684 005c 05       		.byte	0x5
 685 005d 83020000 		.4byte	.LASF5
 686 0061 04       		.uleb128 0x4
 687 0062 04       		.byte	0x4
 688 0063 07       		.byte	0x7
 689 0064 FA000000 		.4byte	.LASF6
 690 0068 04       		.uleb128 0x4
 691 0069 08       		.byte	0x8
 692 006a 05       		.byte	0x5
 693 006b 4C020000 		.4byte	.LASF7
 694 006f 04       		.uleb128 0x4
 695 0070 08       		.byte	0x8
 696 0071 07       		.byte	0x7
 697 0072 89010000 		.4byte	.LASF8
 698 0076 04       		.uleb128 0x4
 699 0077 04       		.byte	0x4
 700 0078 07       		.byte	0x7
 701 0079 1B020000 		.4byte	.LASF9
 702 007d 05       		.uleb128 0x5
 703 007e 04       		.byte	0x4
 704 007f 04       		.uleb128 0x4
 705 0080 01       		.byte	0x1
 706 0081 08       		.byte	0x8
 707 0082 5A020000 		.4byte	.LASF10
ARM GAS  C:\Users\mitchell\AppData\Local\Temp\cc4l2Rk3.s 			page 20


 708 0086 03       		.uleb128 0x3
 709 0087 0C010000 		.4byte	.LASF12
 710 008b 03       		.byte	0x3
 711 008c C1       		.byte	0xc1
 712 008d 45000000 		.4byte	0x45
 713 0091 03       		.uleb128 0x3
 714 0092 5B010000 		.4byte	.LASF13
 715 0096 03       		.byte	0x3
 716 0097 C2       		.byte	0xc2
 717 0098 53000000 		.4byte	0x53
 718 009c 03       		.uleb128 0x3
 719 009d 6D010000 		.4byte	.LASF14
 720 00a1 03       		.byte	0x3
 721 00a2 C3       		.byte	0xc3
 722 00a3 61000000 		.4byte	0x61
 723 00a7 04       		.uleb128 0x4
 724 00a8 04       		.byte	0x4
 725 00a9 04       		.byte	0x4
 726 00aa 59000000 		.4byte	.LASF15
 727 00ae 04       		.uleb128 0x4
 728 00af 08       		.byte	0x8
 729 00b0 04       		.byte	0x4
 730 00b1 2A010000 		.4byte	.LASF16
 731 00b5 06       		.uleb128 0x6
 732 00b6 F5000000 		.4byte	.LASF17
 733 00ba 03       		.byte	0x3
 734 00bb 6B01     		.2byte	0x16b
 735 00bd C1000000 		.4byte	0xc1
 736 00c1 07       		.uleb128 0x7
 737 00c2 86000000 		.4byte	0x86
 738 00c6 06       		.uleb128 0x6
 739 00c7 00000000 		.4byte	.LASF18
 740 00cb 03       		.byte	0x3
 741 00cc 6D01     		.2byte	0x16d
 742 00ce D2000000 		.4byte	0xd2
 743 00d2 07       		.uleb128 0x7
 744 00d3 9C000000 		.4byte	0x9c
 745 00d7 08       		.uleb128 0x8
 746 00d8 02       		.byte	0x2
 747 00d9 01       		.byte	0x1
 748 00da 7C       		.byte	0x7c
 749 00db F8000000 		.4byte	0xf8
 750 00df 09       		.uleb128 0x9
 751 00e0 72020000 		.4byte	.LASF19
 752 00e4 01       		.byte	0x1
 753 00e5 7E       		.byte	0x7e
 754 00e6 86000000 		.4byte	0x86
 755 00ea 00       		.byte	0
 756 00eb 09       		.uleb128 0x9
 757 00ec 1E000000 		.4byte	.LASF20
 758 00f0 01       		.byte	0x1
 759 00f1 7F       		.byte	0x7f
 760 00f2 86000000 		.4byte	0x86
 761 00f6 01       		.byte	0x1
 762 00f7 00       		.byte	0
 763 00f8 03       		.uleb128 0x3
 764 00f9 5F020000 		.4byte	.LASF21
ARM GAS  C:\Users\mitchell\AppData\Local\Temp\cc4l2Rk3.s 			page 21


 765 00fd 01       		.byte	0x1
 766 00fe 80       		.byte	0x80
 767 00ff D7000000 		.4byte	0xd7
 768 0103 0A       		.uleb128 0xa
 769 0104 12010000 		.4byte	.LASF22
 770 0108 01       		.byte	0x1
 771 0109 3A       		.byte	0x3a
 772 010a 00000000 		.4byte	.LFB0
 773 010e 1E000000 		.4byte	.LFE0-.LFB0
 774 0112 01       		.uleb128 0x1
 775 0113 9C       		.byte	0x9c
 776 0114 31010000 		.4byte	0x131
 777 0118 0B       		.uleb128 0xb
 778 0119 7300     		.ascii	"s\000"
 779 011b 01       		.byte	0x1
 780 011c 3A       		.byte	0x3a
 781 011d 7D000000 		.4byte	0x7d
 782 0121 02       		.uleb128 0x2
 783 0122 91       		.byte	0x91
 784 0123 74       		.sleb128 -12
 785 0124 0B       		.uleb128 0xb
 786 0125 6E00     		.ascii	"n\000"
 787 0127 01       		.byte	0x1
 788 0128 3A       		.byte	0x3a
 789 0129 2C000000 		.4byte	0x2c
 790 012d 02       		.uleb128 0x2
 791 012e 91       		.byte	0x91
 792 012f 70       		.sleb128 -16
 793 0130 00       		.byte	0
 794 0131 0A       		.uleb128 0xa
 795 0132 BB020000 		.4byte	.LASF23
 796 0136 01       		.byte	0x1
 797 0137 41       		.byte	0x41
 798 0138 00000000 		.4byte	.LFB1
 799 013c 22000000 		.4byte	.LFE1-.LFB1
 800 0140 01       		.uleb128 0x1
 801 0141 9C       		.byte	0x9c
 802 0142 6F010000 		.4byte	0x16f
 803 0146 0C       		.uleb128 0xc
 804 0147 DB000000 		.4byte	.LASF24
 805 014b 01       		.byte	0x1
 806 014c 41       		.byte	0x41
 807 014d 7D000000 		.4byte	0x7d
 808 0151 02       		.uleb128 0x2
 809 0152 91       		.byte	0x91
 810 0153 74       		.sleb128 -12
 811 0154 0B       		.uleb128 0xb
 812 0155 73726300 		.ascii	"src\000"
 813 0159 01       		.byte	0x1
 814 015a 41       		.byte	0x41
 815 015b 6F010000 		.4byte	0x16f
 816 015f 02       		.uleb128 0x2
 817 0160 91       		.byte	0x91
 818 0161 70       		.sleb128 -16
 819 0162 0B       		.uleb128 0xb
 820 0163 6E00     		.ascii	"n\000"
 821 0165 01       		.byte	0x1
ARM GAS  C:\Users\mitchell\AppData\Local\Temp\cc4l2Rk3.s 			page 22


 822 0166 41       		.byte	0x41
 823 0167 2C000000 		.4byte	0x2c
 824 016b 02       		.uleb128 0x2
 825 016c 91       		.byte	0x91
 826 016d 6C       		.sleb128 -20
 827 016e 00       		.byte	0
 828 016f 0D       		.uleb128 0xd
 829 0170 04       		.byte	0x4
 830 0171 75010000 		.4byte	0x175
 831 0175 0E       		.uleb128 0xe
 832 0176 0A       		.uleb128 0xa
 833 0177 AB020000 		.4byte	.LASF25
 834 017b 01       		.byte	0x1
 835 017c 48       		.byte	0x48
 836 017d 00000000 		.4byte	.LFB2
 837 0181 22000000 		.4byte	.LFE2-.LFB2
 838 0185 01       		.uleb128 0x1
 839 0186 9C       		.byte	0x9c
 840 0187 B4010000 		.4byte	0x1b4
 841 018b 0C       		.uleb128 0xc
 842 018c DB000000 		.4byte	.LASF24
 843 0190 01       		.byte	0x1
 844 0191 48       		.byte	0x48
 845 0192 7D000000 		.4byte	0x7d
 846 0196 02       		.uleb128 0x2
 847 0197 91       		.byte	0x91
 848 0198 74       		.sleb128 -12
 849 0199 0B       		.uleb128 0xb
 850 019a 73726300 		.ascii	"src\000"
 851 019e 01       		.byte	0x1
 852 019f 48       		.byte	0x48
 853 01a0 6F010000 		.4byte	0x16f
 854 01a4 02       		.uleb128 0x2
 855 01a5 91       		.byte	0x91
 856 01a6 70       		.sleb128 -16
 857 01a7 0B       		.uleb128 0xb
 858 01a8 6E00     		.ascii	"n\000"
 859 01aa 01       		.byte	0x1
 860 01ab 48       		.byte	0x48
 861 01ac 2C000000 		.4byte	0x2c
 862 01b0 02       		.uleb128 0x2
 863 01b1 91       		.byte	0x91
 864 01b2 6C       		.sleb128 -20
 865 01b3 00       		.byte	0
 866 01b4 0F       		.uleb128 0xf
 867 01b5 31010000 		.4byte	.LASF26
 868 01b9 01       		.byte	0x1
 869 01ba 93       		.byte	0x93
 870 01bb 00000000 		.4byte	.LFB3
 871 01bf 7E000000 		.4byte	.LFE3-.LFB3
 872 01c3 01       		.uleb128 0x1
 873 01c4 9C       		.byte	0x9c
 874 01c5 24020000 		.4byte	0x224
 875 01c9 0C       		.uleb128 0xc
 876 01ca 50010000 		.4byte	.LASF27
 877 01ce 01       		.byte	0x1
 878 01cf 93       		.byte	0x93
ARM GAS  C:\Users\mitchell\AppData\Local\Temp\cc4l2Rk3.s 			page 23


 879 01d0 24020000 		.4byte	0x224
 880 01d4 02       		.uleb128 0x2
 881 01d5 91       		.byte	0x91
 882 01d6 64       		.sleb128 -28
 883 01d7 0C       		.uleb128 0xc
 884 01d8 62010000 		.4byte	.LASF28
 885 01dc 01       		.byte	0x1
 886 01dd 93       		.byte	0x93
 887 01de 2F020000 		.4byte	0x22f
 888 01e2 02       		.uleb128 0x2
 889 01e3 91       		.byte	0x91
 890 01e4 60       		.sleb128 -32
 891 01e5 10       		.uleb128 0x10
 892 01e6 6900     		.ascii	"i\000"
 893 01e8 01       		.byte	0x1
 894 01e9 96       		.byte	0x96
 895 01ea 9C000000 		.4byte	0x9c
 896 01ee 02       		.uleb128 0x2
 897 01ef 91       		.byte	0x91
 898 01f0 74       		.sleb128 -12
 899 01f1 10       		.uleb128 0x10
 900 01f2 6A00     		.ascii	"j\000"
 901 01f4 01       		.byte	0x1
 902 01f5 96       		.byte	0x96
 903 01f6 9C000000 		.4byte	0x9c
 904 01fa 02       		.uleb128 0x2
 905 01fb 91       		.byte	0x91
 906 01fc 70       		.sleb128 -16
 907 01fd 11       		.uleb128 0x11
 908 01fe 14000000 		.4byte	.LBB2
 909 0202 58000000 		.4byte	.LBE2-.LBB2
 910 0206 12       		.uleb128 0x12
 911 0207 12020000 		.4byte	.LASF29
 912 020b 01       		.byte	0x1
 913 020c 99       		.byte	0x99
 914 020d 9C000000 		.4byte	0x9c
 915 0211 02       		.uleb128 0x2
 916 0212 91       		.byte	0x91
 917 0213 68       		.sleb128 -24
 918 0214 12       		.uleb128 0x12
 919 0215 24000000 		.4byte	.LASF30
 920 0219 01       		.byte	0x1
 921 021a 9A       		.byte	0x9a
 922 021b 86000000 		.4byte	0x86
 923 021f 02       		.uleb128 0x2
 924 0220 91       		.byte	0x91
 925 0221 6F       		.sleb128 -17
 926 0222 00       		.byte	0
 927 0223 00       		.byte	0
 928 0224 0D       		.uleb128 0xd
 929 0225 04       		.byte	0x4
 930 0226 2A020000 		.4byte	0x22a
 931 022a 13       		.uleb128 0x13
 932 022b 9C000000 		.4byte	0x9c
 933 022f 0D       		.uleb128 0xd
 934 0230 04       		.byte	0x4
 935 0231 35020000 		.4byte	0x235
ARM GAS  C:\Users\mitchell\AppData\Local\Temp\cc4l2Rk3.s 			page 24


 936 0235 13       		.uleb128 0x13
 937 0236 F8000000 		.4byte	0xf8
 938 023a 14       		.uleb128 0x14
 939 023b 2A000000 		.4byte	.LASF31
 940 023f 01       		.byte	0x1
 941 0240 B8       		.byte	0xb8
 942 0241 00000000 		.4byte	.LFB4
 943 0245 98000000 		.4byte	.LFE4-.LFB4
 944 0249 01       		.uleb128 0x1
 945 024a 9C       		.byte	0x9c
 946 024b 15       		.uleb128 0x15
 947 024c 0D000000 		.4byte	.LASF32
 948 0250 01       		.byte	0x1
 949 0251 EC       		.byte	0xec
 950 0252 00000000 		.4byte	.LFB5
 951 0256 14000000 		.4byte	.LFE5-.LFB5
 952 025a 01       		.uleb128 0x1
 953 025b 9C       		.byte	0x9c
 954 025c 16       		.uleb128 0x16
 955 025d 43010000 		.4byte	.LASF42
 956 0261 01       		.byte	0x1
 957 0262 0501     		.2byte	0x105
 958 0264 98000000 		.4byte	.LFB6
 959 0268 7C010000 		.4byte	.LFE6-.LFB6
 960 026c 01       		.uleb128 0x1
 961 026d 9C       		.byte	0x9c
 962 026e 28030000 		.4byte	0x328
 963 0272 11       		.uleb128 0x11
 964 0273 A0000000 		.4byte	.LBB3
 965 0277 DA000000 		.4byte	.LBE3-.LBB3
 966 027b 17       		.uleb128 0x17
 967 027c 35000000 		.4byte	.LASF33
 968 0280 01       		.byte	0x1
 969 0281 0B01     		.2byte	0x10b
 970 0283 38030000 		.4byte	0x338
 971 0287 05       		.uleb128 0x5
 972 0288 03       		.byte	0x3
 973 0289 0C000000 		.4byte	cy_cfg_addr_table.4734
 974 028d 17       		.uleb128 0x17
 975 028e 47000000 		.4byte	.LASF34
 976 0292 01       		.byte	0x1
 977 0293 1201     		.2byte	0x112
 978 0295 4D030000 		.4byte	0x34d
 979 0299 05       		.uleb128 0x5
 980 029a 03       		.byte	0x3
 981 029b 1C000000 		.4byte	cy_cfg_data_table.4735
 982 029f 18       		.uleb128 0x18
 983 02a0 06       		.byte	0x6
 984 02a1 01       		.byte	0x1
 985 02a2 2C01     		.2byte	0x12c
 986 02a4 C3020000 		.4byte	0x2c3
 987 02a8 19       		.uleb128 0x19
 988 02a9 81010000 		.4byte	.LASF35
 989 02ad 01       		.byte	0x1
 990 02ae 2D01     		.2byte	0x12d
 991 02b0 7D000000 		.4byte	0x7d
 992 02b4 00       		.byte	0
ARM GAS  C:\Users\mitchell\AppData\Local\Temp\cc4l2Rk3.s 			page 25


 993 02b5 19       		.uleb128 0x19
 994 02b6 F0000000 		.4byte	.LASF36
 995 02ba 01       		.byte	0x1
 996 02bb 2E01     		.2byte	0x12e
 997 02bd 91000000 		.4byte	0x91
 998 02c1 04       		.byte	0x4
 999 02c2 00       		.byte	0
 1000 02c3 06       		.uleb128 0x6
 1001 02c4 05020000 		.4byte	.LASF37
 1002 02c8 01       		.byte	0x1
 1003 02c9 2F01     		.2byte	0x12f
 1004 02cb 9F020000 		.4byte	0x29f
 1005 02cf 1A       		.uleb128 0x1a
 1006 02d0 C3020000 		.4byte	0x2c3
 1007 02d4 DF020000 		.4byte	0x2df
 1008 02d8 1B       		.uleb128 0x1b
 1009 02d9 76000000 		.4byte	0x76
 1010 02dd 01       		.byte	0x1
 1011 02de 00       		.byte	0
 1012 02df 17       		.uleb128 0x17
 1013 02e0 E0000000 		.4byte	.LASF38
 1014 02e4 01       		.byte	0x1
 1015 02e5 3101     		.2byte	0x131
 1016 02e7 F1020000 		.4byte	0x2f1
 1017 02eb 05       		.uleb128 0x5
 1018 02ec 03       		.byte	0x3
 1019 02ed 00000000 		.4byte	cfg_memset_list.4740
 1020 02f1 13       		.uleb128 0x13
 1021 02f2 CF020000 		.4byte	0x2cf
 1022 02f6 1C       		.uleb128 0x1c
 1023 02f7 6900     		.ascii	"i\000"
 1024 02f9 01       		.byte	0x1
 1025 02fa 3701     		.2byte	0x137
 1026 02fc 86000000 		.4byte	0x86
 1027 0300 02       		.uleb128 0x2
 1028 0301 91       		.byte	0x91
 1029 0302 77       		.sleb128 -9
 1030 0303 11       		.uleb128 0x11
 1031 0304 A8000000 		.4byte	.LBB4
 1032 0308 3E000000 		.4byte	.LBE4-.LBB4
 1033 030c 1C       		.uleb128 0x1c
 1034 030d 6D7300   		.ascii	"ms\000"
 1035 0310 01       		.byte	0x1
 1036 0311 3C01     		.2byte	0x13c
 1037 0313 1A030000 		.4byte	0x31a
 1038 0317 02       		.uleb128 0x2
 1039 0318 91       		.byte	0x91
 1040 0319 70       		.sleb128 -16
 1041 031a 0D       		.uleb128 0xd
 1042 031b 04       		.byte	0x4
 1043 031c 20030000 		.4byte	0x320
 1044 0320 13       		.uleb128 0x13
 1045 0321 C3020000 		.4byte	0x2c3
 1046 0325 00       		.byte	0
 1047 0326 00       		.byte	0
 1048 0327 00       		.byte	0
 1049 0328 1A       		.uleb128 0x1a
ARM GAS  C:\Users\mitchell\AppData\Local\Temp\cc4l2Rk3.s 			page 26


 1050 0329 9C000000 		.4byte	0x9c
 1051 032d 38030000 		.4byte	0x338
 1052 0331 1B       		.uleb128 0x1b
 1053 0332 76000000 		.4byte	0x76
 1054 0336 03       		.byte	0x3
 1055 0337 00       		.byte	0
 1056 0338 13       		.uleb128 0x13
 1057 0339 28030000 		.4byte	0x328
 1058 033d 1A       		.uleb128 0x1a
 1059 033e F8000000 		.4byte	0xf8
 1060 0342 4D030000 		.4byte	0x34d
 1061 0346 1B       		.uleb128 0x1b
 1062 0347 76000000 		.4byte	0x76
 1063 034b 14       		.byte	0x14
 1064 034c 00       		.byte	0
 1065 034d 13       		.uleb128 0x13
 1066 034e 3D030000 		.4byte	0x33d
 1067 0352 00       		.byte	0
 1068              		.section	.debug_abbrev,"",%progbits
 1069              	.Ldebug_abbrev0:
 1070 0000 01       		.uleb128 0x1
 1071 0001 11       		.uleb128 0x11
 1072 0002 01       		.byte	0x1
 1073 0003 25       		.uleb128 0x25
 1074 0004 0E       		.uleb128 0xe
 1075 0005 13       		.uleb128 0x13
 1076 0006 0B       		.uleb128 0xb
 1077 0007 03       		.uleb128 0x3
 1078 0008 0E       		.uleb128 0xe
 1079 0009 1B       		.uleb128 0x1b
 1080 000a 0E       		.uleb128 0xe
 1081 000b 55       		.uleb128 0x55
 1082 000c 17       		.uleb128 0x17
 1083 000d 11       		.uleb128 0x11
 1084 000e 01       		.uleb128 0x1
 1085 000f 10       		.uleb128 0x10
 1086 0010 17       		.uleb128 0x17
 1087 0011 00       		.byte	0
 1088 0012 00       		.byte	0
 1089 0013 02       		.uleb128 0x2
 1090 0014 24       		.uleb128 0x24
 1091 0015 00       		.byte	0
 1092 0016 0B       		.uleb128 0xb
 1093 0017 0B       		.uleb128 0xb
 1094 0018 3E       		.uleb128 0x3e
 1095 0019 0B       		.uleb128 0xb
 1096 001a 03       		.uleb128 0x3
 1097 001b 08       		.uleb128 0x8
 1098 001c 00       		.byte	0
 1099 001d 00       		.byte	0
 1100 001e 03       		.uleb128 0x3
 1101 001f 16       		.uleb128 0x16
 1102 0020 00       		.byte	0
 1103 0021 03       		.uleb128 0x3
 1104 0022 0E       		.uleb128 0xe
 1105 0023 3A       		.uleb128 0x3a
 1106 0024 0B       		.uleb128 0xb
ARM GAS  C:\Users\mitchell\AppData\Local\Temp\cc4l2Rk3.s 			page 27


 1107 0025 3B       		.uleb128 0x3b
 1108 0026 0B       		.uleb128 0xb
 1109 0027 49       		.uleb128 0x49
 1110 0028 13       		.uleb128 0x13
 1111 0029 00       		.byte	0
 1112 002a 00       		.byte	0
 1113 002b 04       		.uleb128 0x4
 1114 002c 24       		.uleb128 0x24
 1115 002d 00       		.byte	0
 1116 002e 0B       		.uleb128 0xb
 1117 002f 0B       		.uleb128 0xb
 1118 0030 3E       		.uleb128 0x3e
 1119 0031 0B       		.uleb128 0xb
 1120 0032 03       		.uleb128 0x3
 1121 0033 0E       		.uleb128 0xe
 1122 0034 00       		.byte	0
 1123 0035 00       		.byte	0
 1124 0036 05       		.uleb128 0x5
 1125 0037 0F       		.uleb128 0xf
 1126 0038 00       		.byte	0
 1127 0039 0B       		.uleb128 0xb
 1128 003a 0B       		.uleb128 0xb
 1129 003b 00       		.byte	0
 1130 003c 00       		.byte	0
 1131 003d 06       		.uleb128 0x6
 1132 003e 16       		.uleb128 0x16
 1133 003f 00       		.byte	0
 1134 0040 03       		.uleb128 0x3
 1135 0041 0E       		.uleb128 0xe
 1136 0042 3A       		.uleb128 0x3a
 1137 0043 0B       		.uleb128 0xb
 1138 0044 3B       		.uleb128 0x3b
 1139 0045 05       		.uleb128 0x5
 1140 0046 49       		.uleb128 0x49
 1141 0047 13       		.uleb128 0x13
 1142 0048 00       		.byte	0
 1143 0049 00       		.byte	0
 1144 004a 07       		.uleb128 0x7
 1145 004b 35       		.uleb128 0x35
 1146 004c 00       		.byte	0
 1147 004d 49       		.uleb128 0x49
 1148 004e 13       		.uleb128 0x13
 1149 004f 00       		.byte	0
 1150 0050 00       		.byte	0
 1151 0051 08       		.uleb128 0x8
 1152 0052 13       		.uleb128 0x13
 1153 0053 01       		.byte	0x1
 1154 0054 0B       		.uleb128 0xb
 1155 0055 0B       		.uleb128 0xb
 1156 0056 3A       		.uleb128 0x3a
 1157 0057 0B       		.uleb128 0xb
 1158 0058 3B       		.uleb128 0x3b
 1159 0059 0B       		.uleb128 0xb
 1160 005a 01       		.uleb128 0x1
 1161 005b 13       		.uleb128 0x13
 1162 005c 00       		.byte	0
 1163 005d 00       		.byte	0
ARM GAS  C:\Users\mitchell\AppData\Local\Temp\cc4l2Rk3.s 			page 28


 1164 005e 09       		.uleb128 0x9
 1165 005f 0D       		.uleb128 0xd
 1166 0060 00       		.byte	0
 1167 0061 03       		.uleb128 0x3
 1168 0062 0E       		.uleb128 0xe
 1169 0063 3A       		.uleb128 0x3a
 1170 0064 0B       		.uleb128 0xb
 1171 0065 3B       		.uleb128 0x3b
 1172 0066 0B       		.uleb128 0xb
 1173 0067 49       		.uleb128 0x49
 1174 0068 13       		.uleb128 0x13
 1175 0069 38       		.uleb128 0x38
 1176 006a 0B       		.uleb128 0xb
 1177 006b 00       		.byte	0
 1178 006c 00       		.byte	0
 1179 006d 0A       		.uleb128 0xa
 1180 006e 2E       		.uleb128 0x2e
 1181 006f 01       		.byte	0x1
 1182 0070 03       		.uleb128 0x3
 1183 0071 0E       		.uleb128 0xe
 1184 0072 3A       		.uleb128 0x3a
 1185 0073 0B       		.uleb128 0xb
 1186 0074 3B       		.uleb128 0x3b
 1187 0075 0B       		.uleb128 0xb
 1188 0076 27       		.uleb128 0x27
 1189 0077 19       		.uleb128 0x19
 1190 0078 11       		.uleb128 0x11
 1191 0079 01       		.uleb128 0x1
 1192 007a 12       		.uleb128 0x12
 1193 007b 06       		.uleb128 0x6
 1194 007c 40       		.uleb128 0x40
 1195 007d 18       		.uleb128 0x18
 1196 007e 9642     		.uleb128 0x2116
 1197 0080 19       		.uleb128 0x19
 1198 0081 01       		.uleb128 0x1
 1199 0082 13       		.uleb128 0x13
 1200 0083 00       		.byte	0
 1201 0084 00       		.byte	0
 1202 0085 0B       		.uleb128 0xb
 1203 0086 05       		.uleb128 0x5
 1204 0087 00       		.byte	0
 1205 0088 03       		.uleb128 0x3
 1206 0089 08       		.uleb128 0x8
 1207 008a 3A       		.uleb128 0x3a
 1208 008b 0B       		.uleb128 0xb
 1209 008c 3B       		.uleb128 0x3b
 1210 008d 0B       		.uleb128 0xb
 1211 008e 49       		.uleb128 0x49
 1212 008f 13       		.uleb128 0x13
 1213 0090 02       		.uleb128 0x2
 1214 0091 18       		.uleb128 0x18
 1215 0092 00       		.byte	0
 1216 0093 00       		.byte	0
 1217 0094 0C       		.uleb128 0xc
 1218 0095 05       		.uleb128 0x5
 1219 0096 00       		.byte	0
 1220 0097 03       		.uleb128 0x3
ARM GAS  C:\Users\mitchell\AppData\Local\Temp\cc4l2Rk3.s 			page 29


 1221 0098 0E       		.uleb128 0xe
 1222 0099 3A       		.uleb128 0x3a
 1223 009a 0B       		.uleb128 0xb
 1224 009b 3B       		.uleb128 0x3b
 1225 009c 0B       		.uleb128 0xb
 1226 009d 49       		.uleb128 0x49
 1227 009e 13       		.uleb128 0x13
 1228 009f 02       		.uleb128 0x2
 1229 00a0 18       		.uleb128 0x18
 1230 00a1 00       		.byte	0
 1231 00a2 00       		.byte	0
 1232 00a3 0D       		.uleb128 0xd
 1233 00a4 0F       		.uleb128 0xf
 1234 00a5 00       		.byte	0
 1235 00a6 0B       		.uleb128 0xb
 1236 00a7 0B       		.uleb128 0xb
 1237 00a8 49       		.uleb128 0x49
 1238 00a9 13       		.uleb128 0x13
 1239 00aa 00       		.byte	0
 1240 00ab 00       		.byte	0
 1241 00ac 0E       		.uleb128 0xe
 1242 00ad 26       		.uleb128 0x26
 1243 00ae 00       		.byte	0
 1244 00af 00       		.byte	0
 1245 00b0 00       		.byte	0
 1246 00b1 0F       		.uleb128 0xf
 1247 00b2 2E       		.uleb128 0x2e
 1248 00b3 01       		.byte	0x1
 1249 00b4 03       		.uleb128 0x3
 1250 00b5 0E       		.uleb128 0xe
 1251 00b6 3A       		.uleb128 0x3a
 1252 00b7 0B       		.uleb128 0xb
 1253 00b8 3B       		.uleb128 0x3b
 1254 00b9 0B       		.uleb128 0xb
 1255 00ba 27       		.uleb128 0x27
 1256 00bb 19       		.uleb128 0x19
 1257 00bc 11       		.uleb128 0x11
 1258 00bd 01       		.uleb128 0x1
 1259 00be 12       		.uleb128 0x12
 1260 00bf 06       		.uleb128 0x6
 1261 00c0 40       		.uleb128 0x40
 1262 00c1 18       		.uleb128 0x18
 1263 00c2 9742     		.uleb128 0x2117
 1264 00c4 19       		.uleb128 0x19
 1265 00c5 01       		.uleb128 0x1
 1266 00c6 13       		.uleb128 0x13
 1267 00c7 00       		.byte	0
 1268 00c8 00       		.byte	0
 1269 00c9 10       		.uleb128 0x10
 1270 00ca 34       		.uleb128 0x34
 1271 00cb 00       		.byte	0
 1272 00cc 03       		.uleb128 0x3
 1273 00cd 08       		.uleb128 0x8
 1274 00ce 3A       		.uleb128 0x3a
 1275 00cf 0B       		.uleb128 0xb
 1276 00d0 3B       		.uleb128 0x3b
 1277 00d1 0B       		.uleb128 0xb
ARM GAS  C:\Users\mitchell\AppData\Local\Temp\cc4l2Rk3.s 			page 30


 1278 00d2 49       		.uleb128 0x49
 1279 00d3 13       		.uleb128 0x13
 1280 00d4 02       		.uleb128 0x2
 1281 00d5 18       		.uleb128 0x18
 1282 00d6 00       		.byte	0
 1283 00d7 00       		.byte	0
 1284 00d8 11       		.uleb128 0x11
 1285 00d9 0B       		.uleb128 0xb
 1286 00da 01       		.byte	0x1
 1287 00db 11       		.uleb128 0x11
 1288 00dc 01       		.uleb128 0x1
 1289 00dd 12       		.uleb128 0x12
 1290 00de 06       		.uleb128 0x6
 1291 00df 00       		.byte	0
 1292 00e0 00       		.byte	0
 1293 00e1 12       		.uleb128 0x12
 1294 00e2 34       		.uleb128 0x34
 1295 00e3 00       		.byte	0
 1296 00e4 03       		.uleb128 0x3
 1297 00e5 0E       		.uleb128 0xe
 1298 00e6 3A       		.uleb128 0x3a
 1299 00e7 0B       		.uleb128 0xb
 1300 00e8 3B       		.uleb128 0x3b
 1301 00e9 0B       		.uleb128 0xb
 1302 00ea 49       		.uleb128 0x49
 1303 00eb 13       		.uleb128 0x13
 1304 00ec 02       		.uleb128 0x2
 1305 00ed 18       		.uleb128 0x18
 1306 00ee 00       		.byte	0
 1307 00ef 00       		.byte	0
 1308 00f0 13       		.uleb128 0x13
 1309 00f1 26       		.uleb128 0x26
 1310 00f2 00       		.byte	0
 1311 00f3 49       		.uleb128 0x49
 1312 00f4 13       		.uleb128 0x13
 1313 00f5 00       		.byte	0
 1314 00f6 00       		.byte	0
 1315 00f7 14       		.uleb128 0x14
 1316 00f8 2E       		.uleb128 0x2e
 1317 00f9 00       		.byte	0
 1318 00fa 03       		.uleb128 0x3
 1319 00fb 0E       		.uleb128 0xe
 1320 00fc 3A       		.uleb128 0x3a
 1321 00fd 0B       		.uleb128 0xb
 1322 00fe 3B       		.uleb128 0x3b
 1323 00ff 0B       		.uleb128 0xb
 1324 0100 27       		.uleb128 0x27
 1325 0101 19       		.uleb128 0x19
 1326 0102 11       		.uleb128 0x11
 1327 0103 01       		.uleb128 0x1
 1328 0104 12       		.uleb128 0x12
 1329 0105 06       		.uleb128 0x6
 1330 0106 40       		.uleb128 0x40
 1331 0107 18       		.uleb128 0x18
 1332 0108 9642     		.uleb128 0x2116
 1333 010a 19       		.uleb128 0x19
 1334 010b 00       		.byte	0
ARM GAS  C:\Users\mitchell\AppData\Local\Temp\cc4l2Rk3.s 			page 31


 1335 010c 00       		.byte	0
 1336 010d 15       		.uleb128 0x15
 1337 010e 2E       		.uleb128 0x2e
 1338 010f 00       		.byte	0
 1339 0110 03       		.uleb128 0x3
 1340 0111 0E       		.uleb128 0xe
 1341 0112 3A       		.uleb128 0x3a
 1342 0113 0B       		.uleb128 0xb
 1343 0114 3B       		.uleb128 0x3b
 1344 0115 0B       		.uleb128 0xb
 1345 0116 27       		.uleb128 0x27
 1346 0117 19       		.uleb128 0x19
 1347 0118 11       		.uleb128 0x11
 1348 0119 01       		.uleb128 0x1
 1349 011a 12       		.uleb128 0x12
 1350 011b 06       		.uleb128 0x6
 1351 011c 40       		.uleb128 0x40
 1352 011d 18       		.uleb128 0x18
 1353 011e 9742     		.uleb128 0x2117
 1354 0120 19       		.uleb128 0x19
 1355 0121 00       		.byte	0
 1356 0122 00       		.byte	0
 1357 0123 16       		.uleb128 0x16
 1358 0124 2E       		.uleb128 0x2e
 1359 0125 01       		.byte	0x1
 1360 0126 3F       		.uleb128 0x3f
 1361 0127 19       		.uleb128 0x19
 1362 0128 03       		.uleb128 0x3
 1363 0129 0E       		.uleb128 0xe
 1364 012a 3A       		.uleb128 0x3a
 1365 012b 0B       		.uleb128 0xb
 1366 012c 3B       		.uleb128 0x3b
 1367 012d 05       		.uleb128 0x5
 1368 012e 27       		.uleb128 0x27
 1369 012f 19       		.uleb128 0x19
 1370 0130 11       		.uleb128 0x11
 1371 0131 01       		.uleb128 0x1
 1372 0132 12       		.uleb128 0x12
 1373 0133 06       		.uleb128 0x6
 1374 0134 40       		.uleb128 0x40
 1375 0135 18       		.uleb128 0x18
 1376 0136 9642     		.uleb128 0x2116
 1377 0138 19       		.uleb128 0x19
 1378 0139 01       		.uleb128 0x1
 1379 013a 13       		.uleb128 0x13
 1380 013b 00       		.byte	0
 1381 013c 00       		.byte	0
 1382 013d 17       		.uleb128 0x17
 1383 013e 34       		.uleb128 0x34
 1384 013f 00       		.byte	0
 1385 0140 03       		.uleb128 0x3
 1386 0141 0E       		.uleb128 0xe
 1387 0142 3A       		.uleb128 0x3a
 1388 0143 0B       		.uleb128 0xb
 1389 0144 3B       		.uleb128 0x3b
 1390 0145 05       		.uleb128 0x5
 1391 0146 49       		.uleb128 0x49
ARM GAS  C:\Users\mitchell\AppData\Local\Temp\cc4l2Rk3.s 			page 32


 1392 0147 13       		.uleb128 0x13
 1393 0148 02       		.uleb128 0x2
 1394 0149 18       		.uleb128 0x18
 1395 014a 00       		.byte	0
 1396 014b 00       		.byte	0
 1397 014c 18       		.uleb128 0x18
 1398 014d 13       		.uleb128 0x13
 1399 014e 01       		.byte	0x1
 1400 014f 0B       		.uleb128 0xb
 1401 0150 0B       		.uleb128 0xb
 1402 0151 3A       		.uleb128 0x3a
 1403 0152 0B       		.uleb128 0xb
 1404 0153 3B       		.uleb128 0x3b
 1405 0154 05       		.uleb128 0x5
 1406 0155 01       		.uleb128 0x1
 1407 0156 13       		.uleb128 0x13
 1408 0157 00       		.byte	0
 1409 0158 00       		.byte	0
 1410 0159 19       		.uleb128 0x19
 1411 015a 0D       		.uleb128 0xd
 1412 015b 00       		.byte	0
 1413 015c 03       		.uleb128 0x3
 1414 015d 0E       		.uleb128 0xe
 1415 015e 3A       		.uleb128 0x3a
 1416 015f 0B       		.uleb128 0xb
 1417 0160 3B       		.uleb128 0x3b
 1418 0161 05       		.uleb128 0x5
 1419 0162 49       		.uleb128 0x49
 1420 0163 13       		.uleb128 0x13
 1421 0164 38       		.uleb128 0x38
 1422 0165 0B       		.uleb128 0xb
 1423 0166 00       		.byte	0
 1424 0167 00       		.byte	0
 1425 0168 1A       		.uleb128 0x1a
 1426 0169 01       		.uleb128 0x1
 1427 016a 01       		.byte	0x1
 1428 016b 49       		.uleb128 0x49
 1429 016c 13       		.uleb128 0x13
 1430 016d 01       		.uleb128 0x1
 1431 016e 13       		.uleb128 0x13
 1432 016f 00       		.byte	0
 1433 0170 00       		.byte	0
 1434 0171 1B       		.uleb128 0x1b
 1435 0172 21       		.uleb128 0x21
 1436 0173 00       		.byte	0
 1437 0174 49       		.uleb128 0x49
 1438 0175 13       		.uleb128 0x13
 1439 0176 2F       		.uleb128 0x2f
 1440 0177 0B       		.uleb128 0xb
 1441 0178 00       		.byte	0
 1442 0179 00       		.byte	0
 1443 017a 1C       		.uleb128 0x1c
 1444 017b 34       		.uleb128 0x34
 1445 017c 00       		.byte	0
 1446 017d 03       		.uleb128 0x3
 1447 017e 08       		.uleb128 0x8
 1448 017f 3A       		.uleb128 0x3a
ARM GAS  C:\Users\mitchell\AppData\Local\Temp\cc4l2Rk3.s 			page 33


 1449 0180 0B       		.uleb128 0xb
 1450 0181 3B       		.uleb128 0x3b
 1451 0182 05       		.uleb128 0x5
 1452 0183 49       		.uleb128 0x49
 1453 0184 13       		.uleb128 0x13
 1454 0185 02       		.uleb128 0x2
 1455 0186 18       		.uleb128 0x18
 1456 0187 00       		.byte	0
 1457 0188 00       		.byte	0
 1458 0189 00       		.byte	0
 1459              		.section	.debug_aranges,"",%progbits
 1460 0000 4C000000 		.4byte	0x4c
 1461 0004 0200     		.2byte	0x2
 1462 0006 00000000 		.4byte	.Ldebug_info0
 1463 000a 04       		.byte	0x4
 1464 000b 00       		.byte	0
 1465 000c 0000     		.2byte	0
 1466 000e 0000     		.2byte	0
 1467 0010 00000000 		.4byte	.LFB0
 1468 0014 1E000000 		.4byte	.LFE0-.LFB0
 1469 0018 00000000 		.4byte	.LFB1
 1470 001c 22000000 		.4byte	.LFE1-.LFB1
 1471 0020 00000000 		.4byte	.LFB2
 1472 0024 22000000 		.4byte	.LFE2-.LFB2
 1473 0028 00000000 		.4byte	.LFB3
 1474 002c 7E000000 		.4byte	.LFE3-.LFB3
 1475 0030 00000000 		.4byte	.LFB4
 1476 0034 98000000 		.4byte	.LFE4-.LFB4
 1477 0038 00000000 		.4byte	.LFB5
 1478 003c 14000000 		.4byte	.LFE5-.LFB5
 1479 0040 98000000 		.4byte	.LFB6
 1480 0044 7C010000 		.4byte	.LFE6-.LFB6
 1481 0048 00000000 		.4byte	0
 1482 004c 00000000 		.4byte	0
 1483              		.section	.debug_ranges,"",%progbits
 1484              	.Ldebug_ranges0:
 1485 0000 00000000 		.4byte	.LFB0
 1486 0004 1E000000 		.4byte	.LFE0
 1487 0008 00000000 		.4byte	.LFB1
 1488 000c 22000000 		.4byte	.LFE1
 1489 0010 00000000 		.4byte	.LFB2
 1490 0014 22000000 		.4byte	.LFE2
 1491 0018 00000000 		.4byte	.LFB3
 1492 001c 7E000000 		.4byte	.LFE3
 1493 0020 00000000 		.4byte	.LFB4
 1494 0024 98000000 		.4byte	.LFE4
 1495 0028 00000000 		.4byte	.LFB5
 1496 002c 14000000 		.4byte	.LFE5
 1497 0030 98000000 		.4byte	.LFB6
 1498 0034 14020000 		.4byte	.LFE6
 1499 0038 00000000 		.4byte	0
 1500 003c 00000000 		.4byte	0
 1501              		.section	.debug_line,"",%progbits
 1502              	.Ldebug_line0:
 1503 0000 96010000 		.section	.debug_str,"MS",%progbits,1
 1503      0200CD00 
 1503      00000201 
ARM GAS  C:\Users\mitchell\AppData\Local\Temp\cc4l2Rk3.s 			page 34


 1503      FB0E0D00 
 1503      01010101 
 1504              	.LASF18:
 1505 0000 72656733 		.ascii	"reg32\000"
 1505      3200
 1506              	.LASF11:
 1507 0006 73697A65 		.ascii	"size_t\000"
 1507      5F7400
 1508              	.LASF32:
 1509 000d 416E616C 		.ascii	"AnalogSetDefault\000"
 1509      6F675365 
 1509      74446566 
 1509      61756C74 
 1509      00
 1510              	.LASF20:
 1511 001e 76616C75 		.ascii	"value\000"
 1511      6500
 1512              	.LASF30:
 1513 0024 636F756E 		.ascii	"count\000"
 1513      7400
 1514              	.LASF31:
 1515 002a 436C6F63 		.ascii	"ClockSetup\000"
 1515      6B536574 
 1515      757000
 1516              	.LASF33:
 1517 0035 63795F63 		.ascii	"cy_cfg_addr_table\000"
 1517      66675F61 
 1517      6464725F 
 1517      7461626C 
 1517      6500
 1518              	.LASF34:
 1519 0047 63795F63 		.ascii	"cy_cfg_data_table\000"
 1519      66675F64 
 1519      6174615F 
 1519      7461626C 
 1519      6500
 1520              	.LASF15:
 1521 0059 666C6F61 		.ascii	"float\000"
 1521      7400
 1522              	.LASF39:
 1523 005f 474E5520 		.ascii	"GNU C 4.8.4 20140526 (release) [ARM/embedded-4_8-br"
 1523      4320342E 
 1523      382E3420 
 1523      32303134 
 1523      30353236 
 1524 0092 616E6368 		.ascii	"anch revision 211358] -mcpu=cortex-m0 -mthumb -g -O"
 1524      20726576 
 1524      6973696F 
 1524      6E203231 
 1524      31333538 
 1525 00c5 30202D66 		.ascii	"0 -ffunction-sections\000"
 1525      66756E63 
 1525      74696F6E 
 1525      2D736563 
 1525      74696F6E 
 1526              	.LASF24:
 1527 00db 64657374 		.ascii	"dest\000"
ARM GAS  C:\Users\mitchell\AppData\Local\Temp\cc4l2Rk3.s 			page 35


 1527      00
 1528              	.LASF38:
 1529 00e0 6366675F 		.ascii	"cfg_memset_list\000"
 1529      6D656D73 
 1529      65745F6C 
 1529      69737400 
 1530              	.LASF36:
 1531 00f0 73697A65 		.ascii	"size\000"
 1531      00
 1532              	.LASF17:
 1533 00f5 72656738 		.ascii	"reg8\000"
 1533      00
 1534              	.LASF6:
 1535 00fa 6C6F6E67 		.ascii	"long unsigned int\000"
 1535      20756E73 
 1535      69676E65 
 1535      6420696E 
 1535      7400
 1536              	.LASF12:
 1537 010c 75696E74 		.ascii	"uint8\000"
 1537      3800
 1538              	.LASF22:
 1539 0112 43594D45 		.ascii	"CYMEMZERO\000"
 1539      4D5A4552 
 1539      4F00
 1540              	.LASF2:
 1541 011c 756E7369 		.ascii	"unsigned char\000"
 1541      676E6564 
 1541      20636861 
 1541      7200
 1542              	.LASF16:
 1543 012a 646F7562 		.ascii	"double\000"
 1543      6C6500
 1544              	.LASF26:
 1545 0131 6366675F 		.ascii	"cfg_write_bytes32\000"
 1545      77726974 
 1545      655F6279 
 1545      74657333 
 1545      3200
 1546              	.LASF42:
 1547 0143 63796669 		.ascii	"cyfitter_cfg\000"
 1547      74746572 
 1547      5F636667 
 1547      00
 1548              	.LASF27:
 1549 0150 61646472 		.ascii	"addr_table\000"
 1549      5F746162 
 1549      6C6500
 1550              	.LASF13:
 1551 015b 75696E74 		.ascii	"uint16\000"
 1551      313600
 1552              	.LASF28:
 1553 0162 64617461 		.ascii	"data_table\000"
 1553      5F746162 
 1553      6C6500
 1554              	.LASF14:
 1555 016d 75696E74 		.ascii	"uint32\000"
ARM GAS  C:\Users\mitchell\AppData\Local\Temp\cc4l2Rk3.s 			page 36


 1555      333200
 1556              	.LASF0:
 1557 0174 756E7369 		.ascii	"unsigned int\000"
 1557      676E6564 
 1557      20696E74 
 1557      00
 1558              	.LASF35:
 1559 0181 61646472 		.ascii	"address\000"
 1559      65737300 
 1560              	.LASF8:
 1561 0189 6C6F6E67 		.ascii	"long long unsigned int\000"
 1561      206C6F6E 
 1561      6720756E 
 1561      7369676E 
 1561      65642069 
 1562              	.LASF41:
 1563 01a0 433A5C55 		.ascii	"C:\\Users\\mitchell\\Documents\\fsae\\E-Throttle\\E"
 1563      73657273 
 1563      5C6D6974 
 1563      6368656C 
 1563      6C5C446F 
 1564 01cd 2D546872 		.ascii	"-Throttle\\ExampleProject1\\Lab Solutions\\Lab 4 AD"
 1564      6F74746C 
 1564      655C4578 
 1564      616D706C 
 1564      6550726F 
 1565 01fd 432E6379 		.ascii	"C.cydsn\000"
 1565      64736E00 
 1566              	.LASF37:
 1567 0205 6366675F 		.ascii	"cfg_memset_t\000"
 1567      6D656D73 
 1567      65745F74 
 1567      00
 1568              	.LASF29:
 1569 0212 62617365 		.ascii	"baseAddr\000"
 1569      41646472 
 1569      00
 1570              	.LASF9:
 1571 021b 73697A65 		.ascii	"sizetype\000"
 1571      74797065 
 1571      00
 1572              	.LASF40:
 1573 0224 2E5C4765 		.ascii	".\\Generated_Source\\PSoC4\\cyfitter_cfg.c\000"
 1573      6E657261 
 1573      7465645F 
 1573      536F7572 
 1573      63655C50 
 1574              	.LASF7:
 1575 024c 6C6F6E67 		.ascii	"long long int\000"
 1575      206C6F6E 
 1575      6720696E 
 1575      7400
 1576              	.LASF10:
 1577 025a 63686172 		.ascii	"char\000"
 1577      00
 1578              	.LASF21:
 1579 025f 63795F63 		.ascii	"cy_cfg_addrvalue_t\000"
ARM GAS  C:\Users\mitchell\AppData\Local\Temp\cc4l2Rk3.s 			page 37


 1579      66675F61 
 1579      64647276 
 1579      616C7565 
 1579      5F7400
 1580              	.LASF19:
 1581 0272 6F666673 		.ascii	"offset\000"
 1581      657400
 1582              	.LASF3:
 1583 0279 73686F72 		.ascii	"short int\000"
 1583      7420696E 
 1583      7400
 1584              	.LASF5:
 1585 0283 6C6F6E67 		.ascii	"long int\000"
 1585      20696E74 
 1585      00
 1586              	.LASF1:
 1587 028c 7369676E 		.ascii	"signed char\000"
 1587      65642063 
 1587      68617200 
 1588              	.LASF4:
 1589 0298 73686F72 		.ascii	"short unsigned int\000"
 1589      7420756E 
 1589      7369676E 
 1589      65642069 
 1589      6E7400
 1590              	.LASF25:
 1591 02ab 4359434F 		.ascii	"CYCONFIGCPYCODE\000"
 1591      4E464947 
 1591      43505943 
 1591      4F444500 
 1592              	.LASF23:
 1593 02bb 4359434F 		.ascii	"CYCONFIGCPY\000"
 1593      4E464947 
 1593      43505900 
 1594              		.ident	"GCC: (GNU Tools for ARM Embedded Processors) 4.8.4 20140526 (release) [ARM/embedded-4_8-br
