ARM GAS  C:\Users\mitchell\AppData\Local\Temp\ccAFHxJJ.s 			page 1


   1              		.cpu cortex-m0
   2              		.fpu softvfp
   3              		.eabi_attribute 20, 1
   4              		.eabi_attribute 21, 1
   5              		.eabi_attribute 23, 3
   6              		.eabi_attribute 24, 1
   7              		.eabi_attribute 25, 1
   8              		.eabi_attribute 26, 1
   9              		.eabi_attribute 30, 6
  10              		.eabi_attribute 34, 0
  11              		.eabi_attribute 18, 4
  12              		.code	16
  13              		.file	"main.c"
  14              		.text
  15              	.Ltext0:
  16              		.cfi_sections	.debug_frame
  17              		.section	.text.main,"ax",%progbits
  18              		.align	2
  19              		.global	main
  20              		.code	16
  21              		.thumb_func
  22              		.type	main, %function
  23              	main:
  24              	.LFB33:
  25              		.file 1 ".\\main.c"
   1:.\main.c      **** #include <device.h>
   2:.\main.c      **** #include <LED_RGB.h>
   3:.\main.c      **** 
   4:.\main.c      **** void main()
   5:.\main.c      **** {
  26              		.loc 1 5 0
  27              		.cfi_startproc
  28 0000 80B5     		push	{r7, lr}
  29              		.cfi_def_cfa_offset 8
  30              		.cfi_offset 7, -8
  31              		.cfi_offset 14, -4
  32 0002 82B0     		sub	sp, sp, #8
  33              		.cfi_def_cfa_offset 16
  34 0004 00AF     		add	r7, sp, #0
  35              		.cfi_def_cfa_register 7
   6:.\main.c      ****     /* Place your initialization/startup code here (e.g. MyInst_Start()) */
   7:.\main.c      ****     uint16 ADCResult;
   8:.\main.c      ****     LED_RGB_Start();
  36              		.loc 1 8 0
  37 0006 FFF7FEFF 		bl	LED_RGB_Start
   9:.\main.c      ****     
  10:.\main.c      ****     CyGlobalIntEnable; /* Uncomment this line to enable global interrupts. */
  38              		.loc 1 10 0
  39              	@ 10 ".\main.c" 1
  40 000a 62B6     		CPSIE   i
  41              	@ 0 "" 2
  11:.\main.c      ****     
  12:.\main.c      ****     ADC_SAR_Seq_1_Start();
  42              		.loc 1 12 0
  43              		.code	16
  44 000c FFF7FEFF 		bl	ADC_SAR_Seq_1_Start
  13:.\main.c      ****     ADC_SAR_Seq_1_StartConvert();
ARM GAS  C:\Users\mitchell\AppData\Local\Temp\ccAFHxJJ.s 			page 2


  45              		.loc 1 13 0
  46 0010 FFF7FEFF 		bl	ADC_SAR_Seq_1_StartConvert
  14:.\main.c      ****     ADC_SAR_Seq_1_IsEndConversion(ADC_SAR_Seq_1_WAIT_FOR_RESULT);
  47              		.loc 1 14 0
  48 0014 0220     		mov	r0, #2
  49 0016 FFF7FEFF 		bl	ADC_SAR_Seq_1_IsEndConversion
  50              	.L2:
  15:.\main.c      ****     
  16:.\main.c      ****     for(;;)
  17:.\main.c      ****     {
  18:.\main.c      ****         /* Place your application code here. */
  19:.\main.c      ****         ADCResult = ADC_SAR_Seq_1_GetResult16(0);
  51              		.loc 1 19 0 discriminator 1
  52 001a 0020     		mov	r0, #0
  53 001c FFF7FEFF 		bl	ADC_SAR_Seq_1_GetResult16
  54 0020 031C     		mov	r3, r0
  55 0022 1A1C     		mov	r2, r3
  56 0024 BB1D     		add	r3, r7, #6
  57 0026 1A80     		strh	r2, [r3]
  20:.\main.c      ****         LED_RGB_SetColorRGB(ADCResult * (65535 / 2048), 0, 0);
  58              		.loc 1 20 0 discriminator 1
  59 0028 BB1D     		add	r3, r7, #6
  60 002a 1B88     		ldrh	r3, [r3]
  61 002c 1A1C     		add	r2, r3, #0
  62 002e 5201     		lsl	r2, r2, #5
  63 0030 D31A     		sub	r3, r2, r3
  64 0032 9BB2     		uxth	r3, r3
  65 0034 181C     		mov	r0, r3
  66 0036 0021     		mov	r1, #0
  67 0038 0022     		mov	r2, #0
  68 003a FFF7FEFF 		bl	LED_RGB_SetColorRGB
  21:.\main.c      ****         CyDelay(10);
  69              		.loc 1 21 0 discriminator 1
  70 003e 0A20     		mov	r0, #10
  71 0040 FFF7FEFF 		bl	CyDelay
  22:.\main.c      ****     }
  72              		.loc 1 22 0 discriminator 1
  73 0044 E9E7     		b	.L2
  74              		.cfi_endproc
  75              	.LFE33:
  76              		.size	main, .-main
  77 0046 C046     		.text
  78              	.Letext0:
  79              		.file 2 "Generated_Source\\PSoC4/cytypes.h"
  80              		.section	.debug_info,"",%progbits
  81              	.Ldebug_info0:
  82 0000 AF000000 		.4byte	0xaf
  83 0004 0400     		.2byte	0x4
  84 0006 00000000 		.4byte	.Ldebug_abbrev0
  85 000a 04       		.byte	0x4
  86 000b 01       		.uleb128 0x1
  87 000c 4E000000 		.4byte	.LASF13
  88 0010 01       		.byte	0x1
  89 0011 86010000 		.4byte	.LASF14
  90 0015 1B010000 		.4byte	.LASF15
  91 0019 00000000 		.4byte	.Ldebug_ranges0+0
  92 001d 00000000 		.4byte	0
ARM GAS  C:\Users\mitchell\AppData\Local\Temp\ccAFHxJJ.s 			page 3


  93 0021 00000000 		.4byte	.Ldebug_line0
  94 0025 02       		.uleb128 0x2
  95 0026 01       		.byte	0x1
  96 0027 06       		.byte	0x6
  97 0028 0F010000 		.4byte	.LASF0
  98 002c 02       		.uleb128 0x2
  99 002d 01       		.byte	0x1
 100 002e 08       		.byte	0x8
 101 002f CA000000 		.4byte	.LASF1
 102 0033 02       		.uleb128 0x2
 103 0034 02       		.byte	0x2
 104 0035 05       		.byte	0x5
 105 0036 EB000000 		.4byte	.LASF2
 106 003a 02       		.uleb128 0x2
 107 003b 02       		.byte	0x2
 108 003c 07       		.byte	0x7
 109 003d FC000000 		.4byte	.LASF3
 110 0041 02       		.uleb128 0x2
 111 0042 04       		.byte	0x4
 112 0043 05       		.byte	0x5
 113 0044 E2000000 		.4byte	.LASF4
 114 0048 02       		.uleb128 0x2
 115 0049 04       		.byte	0x4
 116 004a 07       		.byte	0x7
 117 004b 20000000 		.4byte	.LASF5
 118 004f 02       		.uleb128 0x2
 119 0050 08       		.byte	0x8
 120 0051 05       		.byte	0x5
 121 0052 00000000 		.4byte	.LASF6
 122 0056 02       		.uleb128 0x2
 123 0057 08       		.byte	0x8
 124 0058 07       		.byte	0x7
 125 0059 32000000 		.4byte	.LASF7
 126 005d 03       		.uleb128 0x3
 127 005e 04       		.byte	0x4
 128 005f 05       		.byte	0x5
 129 0060 696E7400 		.ascii	"int\000"
 130 0064 02       		.uleb128 0x2
 131 0065 04       		.byte	0x4
 132 0066 07       		.byte	0x7
 133 0067 0E000000 		.4byte	.LASF8
 134 006b 04       		.uleb128 0x4
 135 006c 8F010000 		.4byte	.LASF16
 136 0070 02       		.byte	0x2
 137 0071 C2       		.byte	0xc2
 138 0072 3A000000 		.4byte	0x3a
 139 0076 02       		.uleb128 0x2
 140 0077 04       		.byte	0x4
 141 0078 04       		.byte	0x4
 142 0079 80010000 		.4byte	.LASF9
 143 007d 02       		.uleb128 0x2
 144 007e 08       		.byte	0x8
 145 007f 04       		.byte	0x4
 146 0080 F5000000 		.4byte	.LASF10
 147 0084 02       		.uleb128 0x2
 148 0085 01       		.byte	0x1
 149 0086 08       		.byte	0x8
ARM GAS  C:\Users\mitchell\AppData\Local\Temp\ccAFHxJJ.s 			page 4


 150 0087 49000000 		.4byte	.LASF11
 151 008b 02       		.uleb128 0x2
 152 008c 04       		.byte	0x4
 153 008d 07       		.byte	0x7
 154 008e 96010000 		.4byte	.LASF12
 155 0092 05       		.uleb128 0x5
 156 0093 1B000000 		.4byte	.LASF17
 157 0097 01       		.byte	0x1
 158 0098 04       		.byte	0x4
 159 0099 00000000 		.4byte	.LFB33
 160 009d 46000000 		.4byte	.LFE33-.LFB33
 161 00a1 01       		.uleb128 0x1
 162 00a2 9C       		.byte	0x9c
 163 00a3 06       		.uleb128 0x6
 164 00a4 D8000000 		.4byte	.LASF18
 165 00a8 01       		.byte	0x1
 166 00a9 07       		.byte	0x7
 167 00aa 6B000000 		.4byte	0x6b
 168 00ae 02       		.uleb128 0x2
 169 00af 91       		.byte	0x91
 170 00b0 76       		.sleb128 -10
 171 00b1 00       		.byte	0
 172 00b2 00       		.byte	0
 173              		.section	.debug_abbrev,"",%progbits
 174              	.Ldebug_abbrev0:
 175 0000 01       		.uleb128 0x1
 176 0001 11       		.uleb128 0x11
 177 0002 01       		.byte	0x1
 178 0003 25       		.uleb128 0x25
 179 0004 0E       		.uleb128 0xe
 180 0005 13       		.uleb128 0x13
 181 0006 0B       		.uleb128 0xb
 182 0007 03       		.uleb128 0x3
 183 0008 0E       		.uleb128 0xe
 184 0009 1B       		.uleb128 0x1b
 185 000a 0E       		.uleb128 0xe
 186 000b 55       		.uleb128 0x55
 187 000c 17       		.uleb128 0x17
 188 000d 11       		.uleb128 0x11
 189 000e 01       		.uleb128 0x1
 190 000f 10       		.uleb128 0x10
 191 0010 17       		.uleb128 0x17
 192 0011 00       		.byte	0
 193 0012 00       		.byte	0
 194 0013 02       		.uleb128 0x2
 195 0014 24       		.uleb128 0x24
 196 0015 00       		.byte	0
 197 0016 0B       		.uleb128 0xb
 198 0017 0B       		.uleb128 0xb
 199 0018 3E       		.uleb128 0x3e
 200 0019 0B       		.uleb128 0xb
 201 001a 03       		.uleb128 0x3
 202 001b 0E       		.uleb128 0xe
 203 001c 00       		.byte	0
 204 001d 00       		.byte	0
 205 001e 03       		.uleb128 0x3
 206 001f 24       		.uleb128 0x24
ARM GAS  C:\Users\mitchell\AppData\Local\Temp\ccAFHxJJ.s 			page 5


 207 0020 00       		.byte	0
 208 0021 0B       		.uleb128 0xb
 209 0022 0B       		.uleb128 0xb
 210 0023 3E       		.uleb128 0x3e
 211 0024 0B       		.uleb128 0xb
 212 0025 03       		.uleb128 0x3
 213 0026 08       		.uleb128 0x8
 214 0027 00       		.byte	0
 215 0028 00       		.byte	0
 216 0029 04       		.uleb128 0x4
 217 002a 16       		.uleb128 0x16
 218 002b 00       		.byte	0
 219 002c 03       		.uleb128 0x3
 220 002d 0E       		.uleb128 0xe
 221 002e 3A       		.uleb128 0x3a
 222 002f 0B       		.uleb128 0xb
 223 0030 3B       		.uleb128 0x3b
 224 0031 0B       		.uleb128 0xb
 225 0032 49       		.uleb128 0x49
 226 0033 13       		.uleb128 0x13
 227 0034 00       		.byte	0
 228 0035 00       		.byte	0
 229 0036 05       		.uleb128 0x5
 230 0037 2E       		.uleb128 0x2e
 231 0038 01       		.byte	0x1
 232 0039 3F       		.uleb128 0x3f
 233 003a 19       		.uleb128 0x19
 234 003b 03       		.uleb128 0x3
 235 003c 0E       		.uleb128 0xe
 236 003d 3A       		.uleb128 0x3a
 237 003e 0B       		.uleb128 0xb
 238 003f 3B       		.uleb128 0x3b
 239 0040 0B       		.uleb128 0xb
 240 0041 11       		.uleb128 0x11
 241 0042 01       		.uleb128 0x1
 242 0043 12       		.uleb128 0x12
 243 0044 06       		.uleb128 0x6
 244 0045 40       		.uleb128 0x40
 245 0046 18       		.uleb128 0x18
 246 0047 9642     		.uleb128 0x2116
 247 0049 19       		.uleb128 0x19
 248 004a 00       		.byte	0
 249 004b 00       		.byte	0
 250 004c 06       		.uleb128 0x6
 251 004d 34       		.uleb128 0x34
 252 004e 00       		.byte	0
 253 004f 03       		.uleb128 0x3
 254 0050 0E       		.uleb128 0xe
 255 0051 3A       		.uleb128 0x3a
 256 0052 0B       		.uleb128 0xb
 257 0053 3B       		.uleb128 0x3b
 258 0054 0B       		.uleb128 0xb
 259 0055 49       		.uleb128 0x49
 260 0056 13       		.uleb128 0x13
 261 0057 02       		.uleb128 0x2
 262 0058 18       		.uleb128 0x18
 263 0059 00       		.byte	0
ARM GAS  C:\Users\mitchell\AppData\Local\Temp\ccAFHxJJ.s 			page 6


 264 005a 00       		.byte	0
 265 005b 00       		.byte	0
 266              		.section	.debug_aranges,"",%progbits
 267 0000 1C000000 		.4byte	0x1c
 268 0004 0200     		.2byte	0x2
 269 0006 00000000 		.4byte	.Ldebug_info0
 270 000a 04       		.byte	0x4
 271 000b 00       		.byte	0
 272 000c 0000     		.2byte	0
 273 000e 0000     		.2byte	0
 274 0010 00000000 		.4byte	.LFB33
 275 0014 46000000 		.4byte	.LFE33-.LFB33
 276 0018 00000000 		.4byte	0
 277 001c 00000000 		.4byte	0
 278              		.section	.debug_ranges,"",%progbits
 279              	.Ldebug_ranges0:
 280 0000 00000000 		.4byte	.LFB33
 281 0004 46000000 		.4byte	.LFE33
 282 0008 00000000 		.4byte	0
 283 000c 00000000 		.4byte	0
 284              		.section	.debug_line,"",%progbits
 285              	.Ldebug_line0:
 286 0000 6F000000 		.section	.debug_str,"MS",%progbits,1
 286      02004300 
 286      00000201 
 286      FB0E0D00 
 286      01010101 
 287              	.LASF6:
 288 0000 6C6F6E67 		.ascii	"long long int\000"
 288      206C6F6E 
 288      6720696E 
 288      7400
 289              	.LASF8:
 290 000e 756E7369 		.ascii	"unsigned int\000"
 290      676E6564 
 290      20696E74 
 290      00
 291              	.LASF17:
 292 001b 6D61696E 		.ascii	"main\000"
 292      00
 293              	.LASF5:
 294 0020 6C6F6E67 		.ascii	"long unsigned int\000"
 294      20756E73 
 294      69676E65 
 294      6420696E 
 294      7400
 295              	.LASF7:
 296 0032 6C6F6E67 		.ascii	"long long unsigned int\000"
 296      206C6F6E 
 296      6720756E 
 296      7369676E 
 296      65642069 
 297              	.LASF11:
 298 0049 63686172 		.ascii	"char\000"
 298      00
 299              	.LASF13:
 300 004e 474E5520 		.ascii	"GNU C 4.8.4 20140526 (release) [ARM/embedded-4_8-br"
ARM GAS  C:\Users\mitchell\AppData\Local\Temp\ccAFHxJJ.s 			page 7


 300      4320342E 
 300      382E3420 
 300      32303134 
 300      30353236 
 301 0081 616E6368 		.ascii	"anch revision 211358] -mcpu=cortex-m0 -mthumb -g -O"
 301      20726576 
 301      6973696F 
 301      6E203231 
 301      31333538 
 302 00b4 30202D66 		.ascii	"0 -ffunction-sections\000"
 302      66756E63 
 302      74696F6E 
 302      2D736563 
 302      74696F6E 
 303              	.LASF1:
 304 00ca 756E7369 		.ascii	"unsigned char\000"
 304      676E6564 
 304      20636861 
 304      7200
 305              	.LASF18:
 306 00d8 41444352 		.ascii	"ADCResult\000"
 306      6573756C 
 306      7400
 307              	.LASF4:
 308 00e2 6C6F6E67 		.ascii	"long int\000"
 308      20696E74 
 308      00
 309              	.LASF2:
 310 00eb 73686F72 		.ascii	"short int\000"
 310      7420696E 
 310      7400
 311              	.LASF10:
 312 00f5 646F7562 		.ascii	"double\000"
 312      6C6500
 313              	.LASF3:
 314 00fc 73686F72 		.ascii	"short unsigned int\000"
 314      7420756E 
 314      7369676E 
 314      65642069 
 314      6E7400
 315              	.LASF0:
 316 010f 7369676E 		.ascii	"signed char\000"
 316      65642063 
 316      68617200 
 317              	.LASF15:
 318 011b 433A5C55 		.ascii	"C:\\Users\\mitchell\\Documents\\fsae\\E-Throttle\\E"
 318      73657273 
 318      5C6D6974 
 318      6368656C 
 318      6C5C446F 
 319 0148 2D546872 		.ascii	"-Throttle\\ExampleProject1\\Lab Solutions\\Lab 4 AD"
 319      6F74746C 
 319      655C4578 
 319      616D706C 
 319      6550726F 
 320 0178 432E6379 		.ascii	"C.cydsn\000"
 320      64736E00 
ARM GAS  C:\Users\mitchell\AppData\Local\Temp\ccAFHxJJ.s 			page 8


 321              	.LASF9:
 322 0180 666C6F61 		.ascii	"float\000"
 322      7400
 323              	.LASF14:
 324 0186 2E5C6D61 		.ascii	".\\main.c\000"
 324      696E2E63 
 324      00
 325              	.LASF16:
 326 018f 75696E74 		.ascii	"uint16\000"
 326      313600
 327              	.LASF12:
 328 0196 73697A65 		.ascii	"sizetype\000"
 328      74797065 
 328      00
 329              		.ident	"GCC: (GNU Tools for ARM Embedded Processors) 4.8.4 20140526 (release) [ARM/embedded-4_8-br
