ARM GAS  C:\Users\mitchell\AppData\Local\Temp\cc8QPGA9.s 			page 1


   1              		.cpu cortex-m0
   2              		.fpu softvfp
   3              		.eabi_attribute 20, 1
   4              		.eabi_attribute 21, 1
   5              		.eabi_attribute 23, 3
   6              		.eabi_attribute 24, 1
   7              		.eabi_attribute 25, 1
   8              		.eabi_attribute 26, 1
   9              		.eabi_attribute 30, 6
  10              		.eabi_attribute 34, 0
  11              		.eabi_attribute 18, 4
  12              		.code	16
  13              		.file	"cyfitter_cfg.c"
  14              		.text
  15              	.Ltext0:
  16              		.cfi_sections	.debug_frame
  17              		.section	.text.CYMEMZERO,"ax",%progbits
  18              		.align	2
  19              		.code	16
  20              		.thumb_func
  21              		.type	CYMEMZERO, %function
  22              	CYMEMZERO:
  23              	.LFB0:
  24              		.file 1 ".\\Generated_Source\\PSoC4\\cyfitter_cfg.c"
   1:.\Generated_Source\PSoC4/cyfitter_cfg.c **** /*******************************************************************************
   2:.\Generated_Source\PSoC4/cyfitter_cfg.c **** * FILENAME: cyfitter_cfg.c
   3:.\Generated_Source\PSoC4/cyfitter_cfg.c **** * 
   4:.\Generated_Source\PSoC4/cyfitter_cfg.c **** * PSoC Creator  3.2 SP1
   5:.\Generated_Source\PSoC4/cyfitter_cfg.c **** *
   6:.\Generated_Source\PSoC4/cyfitter_cfg.c **** * DESCRIPTION:
   7:.\Generated_Source\PSoC4/cyfitter_cfg.c **** * This file contains device initialization code.
   8:.\Generated_Source\PSoC4/cyfitter_cfg.c **** * Except for the user defined sections in CyClockStartupError(), this file should not be modified.
   9:.\Generated_Source\PSoC4/cyfitter_cfg.c **** * This file is automatically generated by PSoC Creator.
  10:.\Generated_Source\PSoC4/cyfitter_cfg.c **** *
  11:.\Generated_Source\PSoC4/cyfitter_cfg.c **** ********************************************************************************
  12:.\Generated_Source\PSoC4/cyfitter_cfg.c **** * Copyright (c) 2007-2015 Cypress Semiconductor.  All rights reserved.
  13:.\Generated_Source\PSoC4/cyfitter_cfg.c **** * You may use this file only in accordance with the license, terms, conditions, 
  14:.\Generated_Source\PSoC4/cyfitter_cfg.c **** * disclaimers, and limitations in the end user license agreement accompanying 
  15:.\Generated_Source\PSoC4/cyfitter_cfg.c **** * the software package with which this file was provided.
  16:.\Generated_Source\PSoC4/cyfitter_cfg.c **** ********************************************************************************/
  17:.\Generated_Source\PSoC4/cyfitter_cfg.c **** 
  18:.\Generated_Source\PSoC4/cyfitter_cfg.c **** #include <string.h>
  19:.\Generated_Source\PSoC4/cyfitter_cfg.c **** #include "cytypes.h"
  20:.\Generated_Source\PSoC4/cyfitter_cfg.c **** #include "cydevice_trm.h"
  21:.\Generated_Source\PSoC4/cyfitter_cfg.c **** #include "cyfitter.h"
  22:.\Generated_Source\PSoC4/cyfitter_cfg.c **** #include "CyLib.h"
  23:.\Generated_Source\PSoC4/cyfitter_cfg.c **** #include "cyfitter_cfg.h"
  24:.\Generated_Source\PSoC4/cyfitter_cfg.c **** 
  25:.\Generated_Source\PSoC4/cyfitter_cfg.c **** 
  26:.\Generated_Source\PSoC4/cyfitter_cfg.c **** #if defined(__GNUC__) || defined(__ARMCC_VERSION)
  27:.\Generated_Source\PSoC4/cyfitter_cfg.c ****     #define CYPACKED 
  28:.\Generated_Source\PSoC4/cyfitter_cfg.c ****     #define CYPACKED_ATTR __attribute__ ((packed))
  29:.\Generated_Source\PSoC4/cyfitter_cfg.c ****     #define CYALIGNED __attribute__ ((aligned))
  30:.\Generated_Source\PSoC4/cyfitter_cfg.c ****     #define CY_CFG_UNUSED __attribute__ ((unused))
  31:.\Generated_Source\PSoC4/cyfitter_cfg.c ****     #define CY_CFG_SECTION __attribute__ ((section(".psocinit")))
  32:.\Generated_Source\PSoC4/cyfitter_cfg.c ****     
  33:.\Generated_Source\PSoC4/cyfitter_cfg.c ****     #if defined(__ARMCC_VERSION)
ARM GAS  C:\Users\mitchell\AppData\Local\Temp\cc8QPGA9.s 			page 2


  34:.\Generated_Source\PSoC4/cyfitter_cfg.c ****         #define CY_CFG_MEMORY_BARRIER() __memory_changed()
  35:.\Generated_Source\PSoC4/cyfitter_cfg.c ****     #else
  36:.\Generated_Source\PSoC4/cyfitter_cfg.c ****         #define CY_CFG_MEMORY_BARRIER() __sync_synchronize()
  37:.\Generated_Source\PSoC4/cyfitter_cfg.c ****     #endif
  38:.\Generated_Source\PSoC4/cyfitter_cfg.c ****     
  39:.\Generated_Source\PSoC4/cyfitter_cfg.c **** #elif defined(__ICCARM__)
  40:.\Generated_Source\PSoC4/cyfitter_cfg.c ****     #include <intrinsics.h>
  41:.\Generated_Source\PSoC4/cyfitter_cfg.c **** 
  42:.\Generated_Source\PSoC4/cyfitter_cfg.c ****     #define CYPACKED __packed
  43:.\Generated_Source\PSoC4/cyfitter_cfg.c ****     #define CYPACKED_ATTR 
  44:.\Generated_Source\PSoC4/cyfitter_cfg.c ****     #define CYALIGNED _Pragma("data_alignment=4")
  45:.\Generated_Source\PSoC4/cyfitter_cfg.c ****     #define CY_CFG_UNUSED _Pragma("diag_suppress=Pe177")
  46:.\Generated_Source\PSoC4/cyfitter_cfg.c ****     #define CY_CFG_SECTION _Pragma("location=\".psocinit\"")
  47:.\Generated_Source\PSoC4/cyfitter_cfg.c ****     
  48:.\Generated_Source\PSoC4/cyfitter_cfg.c ****     #define CY_CFG_MEMORY_BARRIER() __DMB()
  49:.\Generated_Source\PSoC4/cyfitter_cfg.c ****     
  50:.\Generated_Source\PSoC4/cyfitter_cfg.c **** #else
  51:.\Generated_Source\PSoC4/cyfitter_cfg.c ****     #error Unsupported toolchain
  52:.\Generated_Source\PSoC4/cyfitter_cfg.c **** #endif
  53:.\Generated_Source\PSoC4/cyfitter_cfg.c **** 
  54:.\Generated_Source\PSoC4/cyfitter_cfg.c **** 
  55:.\Generated_Source\PSoC4/cyfitter_cfg.c **** CY_CFG_UNUSED
  56:.\Generated_Source\PSoC4/cyfitter_cfg.c **** static void CYMEMZERO(void *s, size_t n);
  57:.\Generated_Source\PSoC4/cyfitter_cfg.c **** CY_CFG_UNUSED
  58:.\Generated_Source\PSoC4/cyfitter_cfg.c **** static void CYMEMZERO(void *s, size_t n)
  59:.\Generated_Source\PSoC4/cyfitter_cfg.c **** {
  25              		.loc 1 59 0
  26              		.cfi_startproc
  27 0000 80B5     		push	{r7, lr}
  28              		.cfi_def_cfa_offset 8
  29              		.cfi_offset 7, -8
  30              		.cfi_offset 14, -4
  31 0002 82B0     		sub	sp, sp, #8
  32              		.cfi_def_cfa_offset 16
  33 0004 00AF     		add	r7, sp, #0
  34              		.cfi_def_cfa_register 7
  35 0006 7860     		str	r0, [r7, #4]
  36 0008 3960     		str	r1, [r7]
  60:.\Generated_Source\PSoC4/cyfitter_cfg.c **** 	(void)memset(s, 0, n);
  37              		.loc 1 60 0
  38 000a 7A68     		ldr	r2, [r7, #4]
  39 000c 3B68     		ldr	r3, [r7]
  40 000e 101C     		mov	r0, r2
  41 0010 0021     		mov	r1, #0
  42 0012 1A1C     		mov	r2, r3
  43 0014 FFF7FEFF 		bl	memset
  61:.\Generated_Source\PSoC4/cyfitter_cfg.c **** }
  44              		.loc 1 61 0
  45 0018 BD46     		mov	sp, r7
  46 001a 02B0     		add	sp, sp, #8
  47              		@ sp needed
  48 001c 80BD     		pop	{r7, pc}
  49              		.cfi_endproc
  50              	.LFE0:
  51              		.size	CYMEMZERO, .-CYMEMZERO
  52 001e C046     		.section	.text.CYCONFIGCPY,"ax",%progbits
  53              		.align	2
ARM GAS  C:\Users\mitchell\AppData\Local\Temp\cc8QPGA9.s 			page 3


  54              		.code	16
  55              		.thumb_func
  56              		.type	CYCONFIGCPY, %function
  57              	CYCONFIGCPY:
  58              	.LFB1:
  62:.\Generated_Source\PSoC4/cyfitter_cfg.c **** CY_CFG_UNUSED
  63:.\Generated_Source\PSoC4/cyfitter_cfg.c **** static void CYCONFIGCPY(void *dest, const void *src, size_t n);
  64:.\Generated_Source\PSoC4/cyfitter_cfg.c **** CY_CFG_UNUSED
  65:.\Generated_Source\PSoC4/cyfitter_cfg.c **** static void CYCONFIGCPY(void *dest, const void *src, size_t n)
  66:.\Generated_Source\PSoC4/cyfitter_cfg.c **** {
  59              		.loc 1 66 0
  60              		.cfi_startproc
  61 0000 80B5     		push	{r7, lr}
  62              		.cfi_def_cfa_offset 8
  63              		.cfi_offset 7, -8
  64              		.cfi_offset 14, -4
  65 0002 84B0     		sub	sp, sp, #16
  66              		.cfi_def_cfa_offset 24
  67 0004 00AF     		add	r7, sp, #0
  68              		.cfi_def_cfa_register 7
  69 0006 F860     		str	r0, [r7, #12]
  70 0008 B960     		str	r1, [r7, #8]
  71 000a 7A60     		str	r2, [r7, #4]
  67:.\Generated_Source\PSoC4/cyfitter_cfg.c **** 	(void)memcpy(dest, src, n);
  72              		.loc 1 67 0
  73 000c F968     		ldr	r1, [r7, #12]
  74 000e BA68     		ldr	r2, [r7, #8]
  75 0010 7B68     		ldr	r3, [r7, #4]
  76 0012 081C     		mov	r0, r1
  77 0014 111C     		mov	r1, r2
  78 0016 1A1C     		mov	r2, r3
  79 0018 FFF7FEFF 		bl	memcpy
  68:.\Generated_Source\PSoC4/cyfitter_cfg.c **** }
  80              		.loc 1 68 0
  81 001c BD46     		mov	sp, r7
  82 001e 04B0     		add	sp, sp, #16
  83              		@ sp needed
  84 0020 80BD     		pop	{r7, pc}
  85              		.cfi_endproc
  86              	.LFE1:
  87              		.size	CYCONFIGCPY, .-CYCONFIGCPY
  88 0022 C046     		.section	.text.CYCONFIGCPYCODE,"ax",%progbits
  89              		.align	2
  90              		.code	16
  91              		.thumb_func
  92              		.type	CYCONFIGCPYCODE, %function
  93              	CYCONFIGCPYCODE:
  94              	.LFB2:
  69:.\Generated_Source\PSoC4/cyfitter_cfg.c **** CY_CFG_UNUSED
  70:.\Generated_Source\PSoC4/cyfitter_cfg.c **** static void CYCONFIGCPYCODE(void *dest, const void *src, size_t n);
  71:.\Generated_Source\PSoC4/cyfitter_cfg.c **** CY_CFG_UNUSED
  72:.\Generated_Source\PSoC4/cyfitter_cfg.c **** static void CYCONFIGCPYCODE(void *dest, const void *src, size_t n)
  73:.\Generated_Source\PSoC4/cyfitter_cfg.c **** {
  95              		.loc 1 73 0
  96              		.cfi_startproc
  97 0000 80B5     		push	{r7, lr}
  98              		.cfi_def_cfa_offset 8
ARM GAS  C:\Users\mitchell\AppData\Local\Temp\cc8QPGA9.s 			page 4


  99              		.cfi_offset 7, -8
 100              		.cfi_offset 14, -4
 101 0002 84B0     		sub	sp, sp, #16
 102              		.cfi_def_cfa_offset 24
 103 0004 00AF     		add	r7, sp, #0
 104              		.cfi_def_cfa_register 7
 105 0006 F860     		str	r0, [r7, #12]
 106 0008 B960     		str	r1, [r7, #8]
 107 000a 7A60     		str	r2, [r7, #4]
  74:.\Generated_Source\PSoC4/cyfitter_cfg.c **** 	(void)memcpy(dest, src, n);
 108              		.loc 1 74 0
 109 000c F968     		ldr	r1, [r7, #12]
 110 000e BA68     		ldr	r2, [r7, #8]
 111 0010 7B68     		ldr	r3, [r7, #4]
 112 0012 081C     		mov	r0, r1
 113 0014 111C     		mov	r1, r2
 114 0016 1A1C     		mov	r2, r3
 115 0018 FFF7FEFF 		bl	memcpy
  75:.\Generated_Source\PSoC4/cyfitter_cfg.c **** }
 116              		.loc 1 75 0
 117 001c BD46     		mov	sp, r7
 118 001e 04B0     		add	sp, sp, #16
 119              		@ sp needed
 120 0020 80BD     		pop	{r7, pc}
 121              		.cfi_endproc
 122              	.LFE2:
 123              		.size	CYCONFIGCPYCODE, .-CYCONFIGCPYCODE
 124 0022 C046     		.section	.psocinit,"ax",%progbits
 125              		.align	2
 126              		.code	16
 127              		.thumb_func
 128              		.type	ClockSetup, %function
 129              	ClockSetup:
 130              	.LFB3:
  76:.\Generated_Source\PSoC4/cyfitter_cfg.c **** 
  77:.\Generated_Source\PSoC4/cyfitter_cfg.c **** 
  78:.\Generated_Source\PSoC4/cyfitter_cfg.c **** 
  79:.\Generated_Source\PSoC4/cyfitter_cfg.c **** /* Clock startup error codes                                                   */
  80:.\Generated_Source\PSoC4/cyfitter_cfg.c **** #define CYCLOCKSTART_NO_ERROR    0u
  81:.\Generated_Source\PSoC4/cyfitter_cfg.c **** #define CYCLOCKSTART_XTAL_ERROR  1u
  82:.\Generated_Source\PSoC4/cyfitter_cfg.c **** #define CYCLOCKSTART_32KHZ_ERROR 2u
  83:.\Generated_Source\PSoC4/cyfitter_cfg.c **** #define CYCLOCKSTART_PLL_ERROR   3u
  84:.\Generated_Source\PSoC4/cyfitter_cfg.c **** 
  85:.\Generated_Source\PSoC4/cyfitter_cfg.c **** #ifdef CY_NEED_CYCLOCKSTARTUPERROR
  86:.\Generated_Source\PSoC4/cyfitter_cfg.c **** /*******************************************************************************
  87:.\Generated_Source\PSoC4/cyfitter_cfg.c **** * Function Name: CyClockStartupError
  88:.\Generated_Source\PSoC4/cyfitter_cfg.c **** ********************************************************************************
  89:.\Generated_Source\PSoC4/cyfitter_cfg.c **** * Summary:
  90:.\Generated_Source\PSoC4/cyfitter_cfg.c **** *  If an error is encountered during clock configuration (crystal startup error,
  91:.\Generated_Source\PSoC4/cyfitter_cfg.c **** *  PLL lock error, etc.), the system will end up here.  Unless reimplemented by
  92:.\Generated_Source\PSoC4/cyfitter_cfg.c **** *  the customer, this function will stop in an infinite loop.
  93:.\Generated_Source\PSoC4/cyfitter_cfg.c **** *
  94:.\Generated_Source\PSoC4/cyfitter_cfg.c **** * Parameters:
  95:.\Generated_Source\PSoC4/cyfitter_cfg.c **** *   void
  96:.\Generated_Source\PSoC4/cyfitter_cfg.c **** *
  97:.\Generated_Source\PSoC4/cyfitter_cfg.c **** * Return:
  98:.\Generated_Source\PSoC4/cyfitter_cfg.c **** *   void
ARM GAS  C:\Users\mitchell\AppData\Local\Temp\cc8QPGA9.s 			page 5


  99:.\Generated_Source\PSoC4/cyfitter_cfg.c **** *
 100:.\Generated_Source\PSoC4/cyfitter_cfg.c **** *******************************************************************************/
 101:.\Generated_Source\PSoC4/cyfitter_cfg.c **** CY_CFG_UNUSED
 102:.\Generated_Source\PSoC4/cyfitter_cfg.c **** static void CyClockStartupError(uint8 errorCode);
 103:.\Generated_Source\PSoC4/cyfitter_cfg.c **** CY_CFG_UNUSED
 104:.\Generated_Source\PSoC4/cyfitter_cfg.c **** static void CyClockStartupError(uint8 errorCode)
 105:.\Generated_Source\PSoC4/cyfitter_cfg.c **** {
 106:.\Generated_Source\PSoC4/cyfitter_cfg.c ****     /* To remove the compiler warning if errorCode not used.                */
 107:.\Generated_Source\PSoC4/cyfitter_cfg.c ****     errorCode = errorCode;
 108:.\Generated_Source\PSoC4/cyfitter_cfg.c **** 
 109:.\Generated_Source\PSoC4/cyfitter_cfg.c ****     /* `#START CyClockStartupError` */
 110:.\Generated_Source\PSoC4/cyfitter_cfg.c **** 
 111:.\Generated_Source\PSoC4/cyfitter_cfg.c ****     /* If we have a clock startup error (bad MHz crystal, PLL lock, etc.),  */
 112:.\Generated_Source\PSoC4/cyfitter_cfg.c ****     /* we will end up here to allow the customer to implement something to  */
 113:.\Generated_Source\PSoC4/cyfitter_cfg.c ****     /* deal with the clock condition.                                       */
 114:.\Generated_Source\PSoC4/cyfitter_cfg.c **** 
 115:.\Generated_Source\PSoC4/cyfitter_cfg.c ****     /* `#END` */
 116:.\Generated_Source\PSoC4/cyfitter_cfg.c **** 
 117:.\Generated_Source\PSoC4/cyfitter_cfg.c ****     /* If nothing else, stop here since the clocks have not started         */
 118:.\Generated_Source\PSoC4/cyfitter_cfg.c ****     /* correctly.                                                           */
 119:.\Generated_Source\PSoC4/cyfitter_cfg.c ****     while(1) {}
 120:.\Generated_Source\PSoC4/cyfitter_cfg.c **** }
 121:.\Generated_Source\PSoC4/cyfitter_cfg.c **** #endif
 122:.\Generated_Source\PSoC4/cyfitter_cfg.c **** 
 123:.\Generated_Source\PSoC4/cyfitter_cfg.c **** 
 124:.\Generated_Source\PSoC4/cyfitter_cfg.c **** 
 125:.\Generated_Source\PSoC4/cyfitter_cfg.c **** /*******************************************************************************
 126:.\Generated_Source\PSoC4/cyfitter_cfg.c **** * Function Name: ClockSetup
 127:.\Generated_Source\PSoC4/cyfitter_cfg.c **** ********************************************************************************
 128:.\Generated_Source\PSoC4/cyfitter_cfg.c **** *
 129:.\Generated_Source\PSoC4/cyfitter_cfg.c **** * Summary:
 130:.\Generated_Source\PSoC4/cyfitter_cfg.c **** *   Performs the initialization of all of the clocks in the device based on the
 131:.\Generated_Source\PSoC4/cyfitter_cfg.c **** *   settings in the Clock tab of the DWR.  This includes enabling the requested
 132:.\Generated_Source\PSoC4/cyfitter_cfg.c **** *   clocks and setting the necessary dividers to produce the desired frequency. 
 133:.\Generated_Source\PSoC4/cyfitter_cfg.c **** *
 134:.\Generated_Source\PSoC4/cyfitter_cfg.c **** * Parameters:
 135:.\Generated_Source\PSoC4/cyfitter_cfg.c **** *   void
 136:.\Generated_Source\PSoC4/cyfitter_cfg.c **** *
 137:.\Generated_Source\PSoC4/cyfitter_cfg.c **** * Return:
 138:.\Generated_Source\PSoC4/cyfitter_cfg.c **** *   void
 139:.\Generated_Source\PSoC4/cyfitter_cfg.c **** *
 140:.\Generated_Source\PSoC4/cyfitter_cfg.c **** *******************************************************************************/
 141:.\Generated_Source\PSoC4/cyfitter_cfg.c **** static void ClockSetup(void);
 142:.\Generated_Source\PSoC4/cyfitter_cfg.c **** CY_CFG_SECTION
 143:.\Generated_Source\PSoC4/cyfitter_cfg.c **** static void ClockSetup(void)
 144:.\Generated_Source\PSoC4/cyfitter_cfg.c **** {
 131              		.loc 1 144 0
 132              		.cfi_startproc
 133 0000 80B5     		push	{r7, lr}
 134              		.cfi_def_cfa_offset 8
 135              		.cfi_offset 7, -8
 136              		.cfi_offset 14, -4
 137 0002 00AF     		add	r7, sp, #0
 138              		.cfi_def_cfa_register 7
 145:.\Generated_Source\PSoC4/cyfitter_cfg.c **** 	/* Enable HALF_EN before trimming for the flash accelerator. */
 146:.\Generated_Source\PSoC4/cyfitter_cfg.c **** 	CY_SET_REG32((void CYXDATA *)(CYREG_CLK_SELECT), (CY_GET_REG32((void *)CYREG_CLK_SELECT) | 0x00040
 139              		.loc 1 146 0
ARM GAS  C:\Users\mitchell\AppData\Local\Temp\cc8QPGA9.s 			page 6


 140 0004 0D4B     		ldr	r3, .L5
 141 0006 0D4A     		ldr	r2, .L5
 142 0008 1268     		ldr	r2, [r2]
 143 000a 8021     		mov	r1, #128
 144 000c C902     		lsl	r1, r1, #11
 145 000e 0A43     		orr	r2, r1
 146 0010 1A60     		str	r2, [r3]
 147:.\Generated_Source\PSoC4/cyfitter_cfg.c **** 
 148:.\Generated_Source\PSoC4/cyfitter_cfg.c **** 	/* Setup and trim IMO based on desired frequency. */
 149:.\Generated_Source\PSoC4/cyfitter_cfg.c **** 	CySysClkWriteImoFreq(24u);
 147              		.loc 1 149 0
 148 0012 1820     		mov	r0, #24
 149 0014 FFF7FEFF 		bl	CySysClkWriteImoFreq
 150:.\Generated_Source\PSoC4/cyfitter_cfg.c **** 
 151:.\Generated_Source\PSoC4/cyfitter_cfg.c **** 	/* Disable HALF_EN since it is not required at this IMO frequency. */
 152:.\Generated_Source\PSoC4/cyfitter_cfg.c **** 	CY_SET_REG32((void CYXDATA *)(CYREG_CLK_SELECT), (CY_GET_REG32((void *)CYREG_CLK_SELECT) & 0xFFFBF
 150              		.loc 1 152 0
 151 0018 084B     		ldr	r3, .L5
 152 001a 084A     		ldr	r2, .L5
 153 001c 1168     		ldr	r1, [r2]
 154 001e 084A     		ldr	r2, .L5+4
 155 0020 0A40     		and	r2, r1
 156 0022 1A60     		str	r2, [r3]
 153:.\Generated_Source\PSoC4/cyfitter_cfg.c **** 	/* CYDEV_CLK_ILO_CONFIG Starting address: CYDEV_CLK_ILO_CONFIG */
 154:.\Generated_Source\PSoC4/cyfitter_cfg.c **** 	CY_SET_XTND_REG32((void CYFAR *)(CYREG_CLK_ILO_CONFIG), 0x80000006u);
 157              		.loc 1 154 0
 158 0024 074B     		ldr	r3, .L5+8
 159 0026 084A     		ldr	r2, .L5+12
 160 0028 1A60     		str	r2, [r3]
 155:.\Generated_Source\PSoC4/cyfitter_cfg.c **** 
 156:.\Generated_Source\PSoC4/cyfitter_cfg.c **** 
 157:.\Generated_Source\PSoC4/cyfitter_cfg.c **** 	/* CYDEV_CLK_IMO_CONFIG Starting address: CYDEV_CLK_IMO_CONFIG */
 158:.\Generated_Source\PSoC4/cyfitter_cfg.c **** 	CY_SET_XTND_REG32((void CYFAR *)(CYREG_CLK_IMO_CONFIG), 0x80000000u);
 161              		.loc 1 158 0
 162 002a 084B     		ldr	r3, .L5+16
 163 002c 8022     		mov	r2, #128
 164 002e 1206     		lsl	r2, r2, #24
 165 0030 1A60     		str	r2, [r3]
 159:.\Generated_Source\PSoC4/cyfitter_cfg.c **** 
 160:.\Generated_Source\PSoC4/cyfitter_cfg.c **** 	CY_SET_XTND_REG32((void CYFAR *)(CYREG_WDT_CONFIG), 0x00000000u);
 166              		.loc 1 160 0
 167 0032 074B     		ldr	r3, .L5+20
 168 0034 0022     		mov	r2, #0
 169 0036 1A60     		str	r2, [r3]
 161:.\Generated_Source\PSoC4/cyfitter_cfg.c **** }
 170              		.loc 1 161 0
 171 0038 BD46     		mov	sp, r7
 172              		@ sp needed
 173 003a 80BD     		pop	{r7, pc}
 174              	.L6:
 175              		.align	2
 176              	.L5:
 177 003c 00010B40 		.word	1074462976
 178 0040 FFFFFBFF 		.word	-262145
 179 0044 04010B40 		.word	1074462980
 180 0048 06000080 		.word	-2147483642
 181 004c 08010B40 		.word	1074462984
ARM GAS  C:\Users\mitchell\AppData\Local\Temp\cc8QPGA9.s 			page 7


 182 0050 0C020B40 		.word	1074463244
 183              		.cfi_endproc
 184              	.LFE3:
 185              		.size	ClockSetup, .-ClockSetup
 186              		.section	.text.AnalogSetDefault,"ax",%progbits
 187              		.align	2
 188              		.code	16
 189              		.thumb_func
 190              		.type	AnalogSetDefault, %function
 191              	AnalogSetDefault:
 192              	.LFB4:
 162:.\Generated_Source\PSoC4/cyfitter_cfg.c **** 
 163:.\Generated_Source\PSoC4/cyfitter_cfg.c **** 
 164:.\Generated_Source\PSoC4/cyfitter_cfg.c **** /* Analog API Functions */
 165:.\Generated_Source\PSoC4/cyfitter_cfg.c **** 
 166:.\Generated_Source\PSoC4/cyfitter_cfg.c **** 
 167:.\Generated_Source\PSoC4/cyfitter_cfg.c **** /*******************************************************************************
 168:.\Generated_Source\PSoC4/cyfitter_cfg.c **** * Function Name: AnalogSetDefault
 169:.\Generated_Source\PSoC4/cyfitter_cfg.c **** ********************************************************************************
 170:.\Generated_Source\PSoC4/cyfitter_cfg.c **** *
 171:.\Generated_Source\PSoC4/cyfitter_cfg.c **** * Summary:
 172:.\Generated_Source\PSoC4/cyfitter_cfg.c **** *  Sets up the analog portions of the chip to default values based on chip
 173:.\Generated_Source\PSoC4/cyfitter_cfg.c **** *  configuration options from the project.
 174:.\Generated_Source\PSoC4/cyfitter_cfg.c **** *
 175:.\Generated_Source\PSoC4/cyfitter_cfg.c **** * Parameters:
 176:.\Generated_Source\PSoC4/cyfitter_cfg.c **** *  void
 177:.\Generated_Source\PSoC4/cyfitter_cfg.c **** *
 178:.\Generated_Source\PSoC4/cyfitter_cfg.c **** * Return:
 179:.\Generated_Source\PSoC4/cyfitter_cfg.c **** *  void
 180:.\Generated_Source\PSoC4/cyfitter_cfg.c **** *
 181:.\Generated_Source\PSoC4/cyfitter_cfg.c **** *******************************************************************************/
 182:.\Generated_Source\PSoC4/cyfitter_cfg.c **** static void AnalogSetDefault(void);
 183:.\Generated_Source\PSoC4/cyfitter_cfg.c **** static void AnalogSetDefault(void)
 184:.\Generated_Source\PSoC4/cyfitter_cfg.c **** {
 193              		.loc 1 184 0
 194              		.cfi_startproc
 195 0000 80B5     		push	{r7, lr}
 196              		.cfi_def_cfa_offset 8
 197              		.cfi_offset 7, -8
 198              		.cfi_offset 14, -4
 199 0002 00AF     		add	r7, sp, #0
 200              		.cfi_def_cfa_register 7
 185:.\Generated_Source\PSoC4/cyfitter_cfg.c **** }
 201              		.loc 1 185 0
 202 0004 BD46     		mov	sp, r7
 203              		@ sp needed
 204 0006 80BD     		pop	{r7, pc}
 205              		.cfi_endproc
 206              	.LFE4:
 207              		.size	AnalogSetDefault, .-AnalogSetDefault
 208              		.section	.psocinit
 209              		.align	2
 210              		.global	cyfitter_cfg
 211              		.code	16
 212              		.thumb_func
 213              		.type	cyfitter_cfg, %function
 214              	cyfitter_cfg:
ARM GAS  C:\Users\mitchell\AppData\Local\Temp\cc8QPGA9.s 			page 8


 215              	.LFB5:
 186:.\Generated_Source\PSoC4/cyfitter_cfg.c **** 
 187:.\Generated_Source\PSoC4/cyfitter_cfg.c **** #define CY_AMUX_UNUSED CYREG_CM0_ROM_DWT
 188:.\Generated_Source\PSoC4/cyfitter_cfg.c **** 
 189:.\Generated_Source\PSoC4/cyfitter_cfg.c **** 
 190:.\Generated_Source\PSoC4/cyfitter_cfg.c **** /*******************************************************************************
 191:.\Generated_Source\PSoC4/cyfitter_cfg.c **** * Function Name: cyfitter_cfg
 192:.\Generated_Source\PSoC4/cyfitter_cfg.c **** ********************************************************************************
 193:.\Generated_Source\PSoC4/cyfitter_cfg.c **** * Summary:
 194:.\Generated_Source\PSoC4/cyfitter_cfg.c **** *  This function is called by the start-up code for the selected device. It
 195:.\Generated_Source\PSoC4/cyfitter_cfg.c **** *  performs all of the necessary device configuration based on the design
 196:.\Generated_Source\PSoC4/cyfitter_cfg.c **** *  settings.  This includes settings from the Design Wide Resources (DWR) such
 197:.\Generated_Source\PSoC4/cyfitter_cfg.c **** *  as Clocks and Pins as well as any component configuration that is necessary.
 198:.\Generated_Source\PSoC4/cyfitter_cfg.c **** *
 199:.\Generated_Source\PSoC4/cyfitter_cfg.c **** * Parameters:  
 200:.\Generated_Source\PSoC4/cyfitter_cfg.c **** *   void
 201:.\Generated_Source\PSoC4/cyfitter_cfg.c **** *
 202:.\Generated_Source\PSoC4/cyfitter_cfg.c **** * Return:
 203:.\Generated_Source\PSoC4/cyfitter_cfg.c **** *   void
 204:.\Generated_Source\PSoC4/cyfitter_cfg.c **** *
 205:.\Generated_Source\PSoC4/cyfitter_cfg.c **** *******************************************************************************/
 206:.\Generated_Source\PSoC4/cyfitter_cfg.c **** CY_CFG_SECTION
 207:.\Generated_Source\PSoC4/cyfitter_cfg.c **** void cyfitter_cfg(void)
 208:.\Generated_Source\PSoC4/cyfitter_cfg.c **** {
 216              		.loc 1 208 0
 217              		.cfi_startproc
 218 0054 80B5     		push	{r7, lr}
 219              		.cfi_def_cfa_offset 8
 220              		.cfi_offset 7, -8
 221              		.cfi_offset 14, -4
 222 0056 82B0     		sub	sp, sp, #8
 223              		.cfi_def_cfa_offset 16
 224 0058 00AF     		add	r7, sp, #0
 225              		.cfi_def_cfa_register 7
 209:.\Generated_Source\PSoC4/cyfitter_cfg.c **** 	/* Disable interrupts by default. Let user enable if/when they want. */
 210:.\Generated_Source\PSoC4/cyfitter_cfg.c **** 	CyGlobalIntDisable;
 226              		.loc 1 210 0
 227              	@ 210 ".\Generated_Source\PSoC4\cyfitter_cfg.c" 1
 228 005a 72B6     		CPSID   i
 229              	@ 0 "" 2
 230              		.code	16
 231              	.LBB2:
 211:.\Generated_Source\PSoC4/cyfitter_cfg.c **** 
 212:.\Generated_Source\PSoC4/cyfitter_cfg.c **** 	{
 213:.\Generated_Source\PSoC4/cyfitter_cfg.c **** 
 214:.\Generated_Source\PSoC4/cyfitter_cfg.c **** 		CYPACKED typedef struct {
 215:.\Generated_Source\PSoC4/cyfitter_cfg.c **** 			void CYFAR *address;
 216:.\Generated_Source\PSoC4/cyfitter_cfg.c **** 			uint16 size;
 217:.\Generated_Source\PSoC4/cyfitter_cfg.c **** 		} CYPACKED_ATTR cfg_memset_t;
 218:.\Generated_Source\PSoC4/cyfitter_cfg.c **** 
 219:.\Generated_Source\PSoC4/cyfitter_cfg.c **** 		static const cfg_memset_t CYCODE cfg_memset_list [] = {
 220:.\Generated_Source\PSoC4/cyfitter_cfg.c **** 			/* address, size */
 221:.\Generated_Source\PSoC4/cyfitter_cfg.c **** 			{(void CYFAR *)(CYDEV_UDB_P0_U0_BASE), 1024u},
 222:.\Generated_Source\PSoC4/cyfitter_cfg.c **** 			{(void CYFAR *)(CYDEV_UDB_DSI0_BASE), 1024u},
 223:.\Generated_Source\PSoC4/cyfitter_cfg.c **** 		};
 224:.\Generated_Source\PSoC4/cyfitter_cfg.c **** 
 225:.\Generated_Source\PSoC4/cyfitter_cfg.c **** 		uint8 CYDATA i;
ARM GAS  C:\Users\mitchell\AppData\Local\Temp\cc8QPGA9.s 			page 9


 226:.\Generated_Source\PSoC4/cyfitter_cfg.c **** 
 227:.\Generated_Source\PSoC4/cyfitter_cfg.c **** 		/* Zero out critical memory blocks before beginning configuration */
 228:.\Generated_Source\PSoC4/cyfitter_cfg.c **** 		for (i = 0u; i < (sizeof(cfg_memset_list)/sizeof(cfg_memset_list[0])); i++)
 232              		.loc 1 228 0
 233 005c FB1D     		add	r3, r7, #7
 234 005e 0022     		mov	r2, #0
 235 0060 1A70     		strb	r2, [r3]
 236 0062 23E0     		b	.L9
 237              	.L10:
 238              	.LBB3:
 229:.\Generated_Source\PSoC4/cyfitter_cfg.c **** 		{
 230:.\Generated_Source\PSoC4/cyfitter_cfg.c **** 			const cfg_memset_t CYCODE * CYDATA ms = &cfg_memset_list[i];
 239              		.loc 1 230 0 discriminator 2
 240 0064 FB1D     		add	r3, r7, #7
 241 0066 1A78     		ldrb	r2, [r3]
 242 0068 131C     		mov	r3, r2
 243 006a 5B00     		lsl	r3, r3, #1
 244 006c 9B18     		add	r3, r3, r2
 245 006e 5B00     		lsl	r3, r3, #1
 246 0070 2B4A     		ldr	r2, .L11
 247 0072 9B18     		add	r3, r3, r2
 248 0074 3B60     		str	r3, [r7]
 231:.\Generated_Source\PSoC4/cyfitter_cfg.c **** 			CYMEMZERO(ms->address, (size_t)(uint32)(ms->size));
 249              		.loc 1 231 0 discriminator 2
 250 0076 3B68     		ldr	r3, [r7]
 251 0078 1A78     		ldrb	r2, [r3]
 252 007a 5978     		ldrb	r1, [r3, #1]
 253 007c 0902     		lsl	r1, r1, #8
 254 007e 0A43     		orr	r2, r1
 255 0080 9978     		ldrb	r1, [r3, #2]
 256 0082 0904     		lsl	r1, r1, #16
 257 0084 0A43     		orr	r2, r1
 258 0086 DB78     		ldrb	r3, [r3, #3]
 259 0088 1B06     		lsl	r3, r3, #24
 260 008a 1343     		orr	r3, r2
 261 008c 1A1C     		mov	r2, r3
 262 008e 3B68     		ldr	r3, [r7]
 263 0090 1979     		ldrb	r1, [r3, #4]
 264 0092 5B79     		ldrb	r3, [r3, #5]
 265 0094 1B02     		lsl	r3, r3, #8
 266 0096 0B43     		orr	r3, r1
 267 0098 9BB2     		uxth	r3, r3
 268 009a 101C     		mov	r0, r2
 269 009c 191C     		mov	r1, r3
 270 009e FFF7FEFF 		bl	CYMEMZERO
 271              	.LBE3:
 228:.\Generated_Source\PSoC4/cyfitter_cfg.c **** 		for (i = 0u; i < (sizeof(cfg_memset_list)/sizeof(cfg_memset_list[0])); i++)
 272              		.loc 1 228 0 discriminator 2
 273 00a2 FB1D     		add	r3, r7, #7
 274 00a4 1A78     		ldrb	r2, [r3]
 275 00a6 FB1D     		add	r3, r7, #7
 276 00a8 0132     		add	r2, r2, #1
 277 00aa 1A70     		strb	r2, [r3]
 278              	.L9:
 228:.\Generated_Source\PSoC4/cyfitter_cfg.c **** 		for (i = 0u; i < (sizeof(cfg_memset_list)/sizeof(cfg_memset_list[0])); i++)
 279              		.loc 1 228 0 is_stmt 0 discriminator 1
 280 00ac FB1D     		add	r3, r7, #7
ARM GAS  C:\Users\mitchell\AppData\Local\Temp\cc8QPGA9.s 			page 10


 281 00ae 1B78     		ldrb	r3, [r3]
 282 00b0 012B     		cmp	r3, #1
 283 00b2 D7D9     		bls	.L10
 232:.\Generated_Source\PSoC4/cyfitter_cfg.c **** 		}
 233:.\Generated_Source\PSoC4/cyfitter_cfg.c **** 
 234:.\Generated_Source\PSoC4/cyfitter_cfg.c **** 		/* HSIOM Starting address: CYDEV_HSIOM_BASE */
 235:.\Generated_Source\PSoC4/cyfitter_cfg.c **** 		CY_SET_XTND_REG32((void CYFAR *)(CYREG_HSIOM_PORT_SEL3), 0x0000EE00u);
 284              		.loc 1 235 0 is_stmt 1
 285 00b4 1B4B     		ldr	r3, .L11+4
 286 00b6 EE22     		mov	r2, #238
 287 00b8 1202     		lsl	r2, r2, #8
 288 00ba 1A60     		str	r2, [r3]
 236:.\Generated_Source\PSoC4/cyfitter_cfg.c **** 
 237:.\Generated_Source\PSoC4/cyfitter_cfg.c **** 		/* UDB_PA_1 Starting address: CYDEV_UDB_PA1_BASE */
 238:.\Generated_Source\PSoC4/cyfitter_cfg.c **** 		CY_SET_XTND_REG32((void CYFAR *)(CYDEV_UDB_PA1_BASE), 0x00990000u);
 289              		.loc 1 238 0
 290 00bc 1A4B     		ldr	r3, .L11+8
 291 00be 9922     		mov	r2, #153
 292 00c0 1204     		lsl	r2, r2, #16
 293 00c2 1A60     		str	r2, [r3]
 239:.\Generated_Source\PSoC4/cyfitter_cfg.c **** 
 240:.\Generated_Source\PSoC4/cyfitter_cfg.c **** 		/* UDB_PA_3 Starting address: CYDEV_UDB_PA3_BASE */
 241:.\Generated_Source\PSoC4/cyfitter_cfg.c **** 		CY_SET_XTND_REG32((void CYFAR *)(CYDEV_UDB_PA3_BASE), 0x00990000u);
 294              		.loc 1 241 0
 295 00c4 194B     		ldr	r3, .L11+12
 296 00c6 9922     		mov	r2, #153
 297 00c8 1204     		lsl	r2, r2, #16
 298 00ca 1A60     		str	r2, [r3]
 242:.\Generated_Source\PSoC4/cyfitter_cfg.c **** 
 243:.\Generated_Source\PSoC4/cyfitter_cfg.c **** 		/* Enable digital routing */
 244:.\Generated_Source\PSoC4/cyfitter_cfg.c **** 		CY_SET_XTND_REG8((void *)CYREG_UDB_UDBIF_BANK_CTL, CY_GET_XTND_REG8((void *)CYREG_UDB_UDBIF_BANK_
 299              		.loc 1 244 0
 300 00cc 184B     		ldr	r3, .L11+16
 301 00ce 184A     		ldr	r2, .L11+16
 302 00d0 1278     		ldrb	r2, [r2]
 303 00d2 D2B2     		uxtb	r2, r2
 304 00d4 0221     		mov	r1, #2
 305 00d6 0A43     		orr	r2, r1
 306 00d8 D2B2     		uxtb	r2, r2
 307 00da 1A70     		strb	r2, [r3]
 245:.\Generated_Source\PSoC4/cyfitter_cfg.c **** 
 246:.\Generated_Source\PSoC4/cyfitter_cfg.c **** 		/* Enable UDB array */
 247:.\Generated_Source\PSoC4/cyfitter_cfg.c **** 		CY_SET_XTND_REG8((void *)CYREG_UDB_UDBIF_WAIT_CFG, (uint8)((CY_GET_XTND_REG8((void *)CYREG_UDB_UD
 308              		.loc 1 247 0
 309 00dc 154B     		ldr	r3, .L11+20
 310 00de 154A     		ldr	r2, .L11+20
 311 00e0 1278     		ldrb	r2, [r2]
 312 00e2 D2B2     		uxtb	r2, r2
 313 00e4 3C21     		mov	r1, #60
 314 00e6 8A43     		bic	r2, r1
 315 00e8 D2B2     		uxtb	r2, r2
 316 00ea 1421     		mov	r1, #20
 317 00ec 0A43     		orr	r2, r1
 318 00ee D2B2     		uxtb	r2, r2
 319 00f0 1A70     		strb	r2, [r3]
 248:.\Generated_Source\PSoC4/cyfitter_cfg.c **** 		CY_SET_XTND_REG8((void *)CYREG_UDB_UDBIF_BANK_CTL, (uint8)(CY_GET_XTND_REG8((void *)CYREG_UDB_UDB
 320              		.loc 1 248 0
ARM GAS  C:\Users\mitchell\AppData\Local\Temp\cc8QPGA9.s 			page 11


 321 00f2 0F4B     		ldr	r3, .L11+16
 322 00f4 0E4A     		ldr	r2, .L11+16
 323 00f6 1278     		ldrb	r2, [r2]
 324 00f8 D2B2     		uxtb	r2, r2
 325 00fa 1621     		mov	r1, #22
 326 00fc 0A43     		orr	r2, r1
 327 00fe D2B2     		uxtb	r2, r2
 328 0100 1A70     		strb	r2, [r3]
 329              	.LBE2:
 249:.\Generated_Source\PSoC4/cyfitter_cfg.c **** 	}
 250:.\Generated_Source\PSoC4/cyfitter_cfg.c **** 
 251:.\Generated_Source\PSoC4/cyfitter_cfg.c **** 	/* Perform second pass device configuration. These items must be configured in specific order afte
 252:.\Generated_Source\PSoC4/cyfitter_cfg.c **** 	/* IOPINS0_1 Starting address: CYDEV_PRT1_DR */
 253:.\Generated_Source\PSoC4/cyfitter_cfg.c **** 	CY_SET_XTND_REG32((void CYFAR *)(CYREG_PRT1_PC), 0x00180000u);
 330              		.loc 1 253 0
 331 0102 0D4B     		ldr	r3, .L11+24
 332 0104 C022     		mov	r2, #192
 333 0106 5203     		lsl	r2, r2, #13
 334 0108 1A60     		str	r2, [r3]
 254:.\Generated_Source\PSoC4/cyfitter_cfg.c **** 
 255:.\Generated_Source\PSoC4/cyfitter_cfg.c **** 	/* IOPINS0_3 Starting address: CYDEV_PRT3_DR */
 256:.\Generated_Source\PSoC4/cyfitter_cfg.c **** 	CY_SET_XTND_REG32((void CYFAR *)(CYREG_PRT3_PC), 0x00000D80u);
 335              		.loc 1 256 0
 336 010a 0C4B     		ldr	r3, .L11+28
 337 010c D822     		mov	r2, #216
 338 010e 1201     		lsl	r2, r2, #4
 339 0110 1A60     		str	r2, [r3]
 257:.\Generated_Source\PSoC4/cyfitter_cfg.c **** 
 258:.\Generated_Source\PSoC4/cyfitter_cfg.c **** 	/* Setup clocks based on selections from Clock DWR */
 259:.\Generated_Source\PSoC4/cyfitter_cfg.c **** 	ClockSetup();
 340              		.loc 1 259 0
 341 0112 FFF775FF 		bl	ClockSetup
 260:.\Generated_Source\PSoC4/cyfitter_cfg.c **** 
 261:.\Generated_Source\PSoC4/cyfitter_cfg.c **** 	/* Perform basic analog initialization to defaults */
 262:.\Generated_Source\PSoC4/cyfitter_cfg.c **** 	AnalogSetDefault();
 342              		.loc 1 262 0
 343 0116 FFF7FEFF 		bl	AnalogSetDefault
 263:.\Generated_Source\PSoC4/cyfitter_cfg.c **** 
 264:.\Generated_Source\PSoC4/cyfitter_cfg.c **** }
 344              		.loc 1 264 0
 345 011a BD46     		mov	sp, r7
 346 011c 02B0     		add	sp, sp, #8
 347              		@ sp needed
 348 011e 80BD     		pop	{r7, pc}
 349              	.L12:
 350              		.align	2
 351              	.L11:
 352 0120 00000000 		.word	cfg_memset_list.4717
 353 0124 0C000140 		.word	1073807372
 354 0128 10500F40 		.word	1074745360
 355 012c 30500F40 		.word	1074745392
 356 0130 00700F40 		.word	1074753536
 357 0134 01700F40 		.word	1074753537
 358 0138 08010440 		.word	1074004232
 359 013c 08030440 		.word	1074004744
 360              		.cfi_endproc
 361              	.LFE5:
ARM GAS  C:\Users\mitchell\AppData\Local\Temp\cc8QPGA9.s 			page 12


 362              		.size	cyfitter_cfg, .-cyfitter_cfg
 363              		.section	.rodata
 364              		.align	2
 365              		.type	cfg_memset_list.4717, %object
 366              		.size	cfg_memset_list.4717, 12
 367              	cfg_memset_list.4717:
 368 0000 00300F40 		.word	1074737152
 369 0004 0004     		.short	1024
 370 0006 00400F40 		.4byte	1074741248
 371 000a 0004     		.short	1024
 372              		.text
 373              	.Letext0:
 374              		.file 2 "c:\\program files (x86)\\cypress\\psoc creator\\3.2\\psoc creator\\import\\gnu\\arm\\4.8.
 375              		.file 3 ".\\Generated_Source\\PSoC4\\cytypes.h"
 376              		.section	.debug_info,"",%progbits
 377              	.Ldebug_info0:
 378 0000 43020000 		.4byte	0x243
 379 0004 0400     		.2byte	0x4
 380 0006 00000000 		.4byte	.Ldebug_abbrev0
 381 000a 04       		.byte	0x4
 382 000b 01       		.uleb128 0x1
 383 000c B9000000 		.4byte	.LASF29
 384 0010 01       		.byte	0x1
 385 0011 CF010000 		.4byte	.LASF30
 386 0015 4C000000 		.4byte	.LASF31
 387 0019 00000000 		.4byte	.Ldebug_ranges0+0
 388 001d 00000000 		.4byte	0
 389 0021 00000000 		.4byte	.Ldebug_line0
 390 0025 02       		.uleb128 0x2
 391 0026 04       		.byte	0x4
 392 0027 05       		.byte	0x5
 393 0028 696E7400 		.ascii	"int\000"
 394 002c 03       		.uleb128 0x3
 395 002d 06000000 		.4byte	.LASF11
 396 0031 02       		.byte	0x2
 397 0032 D4       		.byte	0xd4
 398 0033 37000000 		.4byte	0x37
 399 0037 04       		.uleb128 0x4
 400 0038 04       		.byte	0x4
 401 0039 07       		.byte	0x7
 402 003a 96010000 		.4byte	.LASF0
 403 003e 04       		.uleb128 0x4
 404 003f 01       		.byte	0x1
 405 0040 06       		.byte	0x6
 406 0041 26020000 		.4byte	.LASF1
 407 0045 04       		.uleb128 0x4
 408 0046 01       		.byte	0x1
 409 0047 08       		.byte	0x8
 410 0048 66010000 		.4byte	.LASF2
 411 004c 04       		.uleb128 0x4
 412 004d 02       		.byte	0x2
 413 004e 05       		.byte	0x5
 414 004f 13020000 		.4byte	.LASF3
 415 0053 04       		.uleb128 0x4
 416 0054 02       		.byte	0x2
 417 0055 07       		.byte	0x7
 418 0056 39000000 		.4byte	.LASF4
ARM GAS  C:\Users\mitchell\AppData\Local\Temp\cc8QPGA9.s 			page 13


 419 005a 04       		.uleb128 0x4
 420 005b 04       		.byte	0x4
 421 005c 05       		.byte	0x5
 422 005d 1D020000 		.4byte	.LASF5
 423 0061 04       		.uleb128 0x4
 424 0062 04       		.byte	0x4
 425 0063 07       		.byte	0x7
 426 0064 44010000 		.4byte	.LASF6
 427 0068 04       		.uleb128 0x4
 428 0069 08       		.byte	0x8
 429 006a 05       		.byte	0x5
 430 006b 00020000 		.4byte	.LASF7
 431 006f 04       		.uleb128 0x4
 432 0070 08       		.byte	0x8
 433 0071 07       		.byte	0x7
 434 0072 AB010000 		.4byte	.LASF8
 435 0076 04       		.uleb128 0x4
 436 0077 04       		.byte	0x4
 437 0078 07       		.byte	0x7
 438 0079 F7010000 		.4byte	.LASF9
 439 007d 05       		.uleb128 0x5
 440 007e 04       		.byte	0x4
 441 007f 04       		.uleb128 0x4
 442 0080 01       		.byte	0x1
 443 0081 08       		.byte	0x8
 444 0082 0E020000 		.4byte	.LASF10
 445 0086 03       		.uleb128 0x3
 446 0087 56010000 		.4byte	.LASF12
 447 008b 03       		.byte	0x3
 448 008c C1       		.byte	0xc1
 449 008d 45000000 		.4byte	0x45
 450 0091 03       		.uleb128 0x3
 451 0092 88010000 		.4byte	.LASF13
 452 0096 03       		.byte	0x3
 453 0097 C2       		.byte	0xc2
 454 0098 53000000 		.4byte	0x53
 455 009c 03       		.uleb128 0x3
 456 009d 8F010000 		.4byte	.LASF14
 457 00a1 03       		.byte	0x3
 458 00a2 C3       		.byte	0xc3
 459 00a3 61000000 		.4byte	0x61
 460 00a7 04       		.uleb128 0x4
 461 00a8 04       		.byte	0x4
 462 00a9 04       		.byte	0x4
 463 00aa B3000000 		.4byte	.LASF15
 464 00ae 04       		.uleb128 0x4
 465 00af 08       		.byte	0x8
 466 00b0 04       		.byte	0x4
 467 00b1 74010000 		.4byte	.LASF16
 468 00b5 06       		.uleb128 0x6
 469 00b6 3F010000 		.4byte	.LASF17
 470 00ba 03       		.byte	0x3
 471 00bb 6B01     		.2byte	0x16b
 472 00bd C1000000 		.4byte	0xc1
 473 00c1 07       		.uleb128 0x7
 474 00c2 86000000 		.4byte	0x86
 475 00c6 06       		.uleb128 0x6
ARM GAS  C:\Users\mitchell\AppData\Local\Temp\cc8QPGA9.s 			page 14


 476 00c7 00000000 		.4byte	.LASF18
 477 00cb 03       		.byte	0x3
 478 00cc 6D01     		.2byte	0x16d
 479 00ce D2000000 		.4byte	0xd2
 480 00d2 07       		.uleb128 0x7
 481 00d3 9C000000 		.4byte	0x9c
 482 00d7 08       		.uleb128 0x8
 483 00d8 5C010000 		.4byte	.LASF19
 484 00dc 01       		.byte	0x1
 485 00dd 3A       		.byte	0x3a
 486 00de 00000000 		.4byte	.LFB0
 487 00e2 1E000000 		.4byte	.LFE0-.LFB0
 488 00e6 01       		.uleb128 0x1
 489 00e7 9C       		.byte	0x9c
 490 00e8 05010000 		.4byte	0x105
 491 00ec 09       		.uleb128 0x9
 492 00ed 7300     		.ascii	"s\000"
 493 00ef 01       		.byte	0x1
 494 00f0 3A       		.byte	0x3a
 495 00f1 7D000000 		.4byte	0x7d
 496 00f5 02       		.uleb128 0x2
 497 00f6 91       		.byte	0x91
 498 00f7 74       		.sleb128 -12
 499 00f8 09       		.uleb128 0x9
 500 00f9 6E00     		.ascii	"n\000"
 501 00fb 01       		.byte	0x1
 502 00fc 3A       		.byte	0x3a
 503 00fd 2C000000 		.4byte	0x2c
 504 0101 02       		.uleb128 0x2
 505 0102 91       		.byte	0x91
 506 0103 70       		.sleb128 -16
 507 0104 00       		.byte	0
 508 0105 08       		.uleb128 0x8
 509 0106 42020000 		.4byte	.LASF20
 510 010a 01       		.byte	0x1
 511 010b 41       		.byte	0x41
 512 010c 00000000 		.4byte	.LFB1
 513 0110 22000000 		.4byte	.LFE1-.LFB1
 514 0114 01       		.uleb128 0x1
 515 0115 9C       		.byte	0x9c
 516 0116 43010000 		.4byte	0x143
 517 011a 0A       		.uleb128 0xa
 518 011b 35010000 		.4byte	.LASF21
 519 011f 01       		.byte	0x1
 520 0120 41       		.byte	0x41
 521 0121 7D000000 		.4byte	0x7d
 522 0125 02       		.uleb128 0x2
 523 0126 91       		.byte	0x91
 524 0127 74       		.sleb128 -12
 525 0128 09       		.uleb128 0x9
 526 0129 73726300 		.ascii	"src\000"
 527 012d 01       		.byte	0x1
 528 012e 41       		.byte	0x41
 529 012f 43010000 		.4byte	0x143
 530 0133 02       		.uleb128 0x2
 531 0134 91       		.byte	0x91
 532 0135 70       		.sleb128 -16
ARM GAS  C:\Users\mitchell\AppData\Local\Temp\cc8QPGA9.s 			page 15


 533 0136 09       		.uleb128 0x9
 534 0137 6E00     		.ascii	"n\000"
 535 0139 01       		.byte	0x1
 536 013a 41       		.byte	0x41
 537 013b 2C000000 		.4byte	0x2c
 538 013f 02       		.uleb128 0x2
 539 0140 91       		.byte	0x91
 540 0141 6C       		.sleb128 -20
 541 0142 00       		.byte	0
 542 0143 0B       		.uleb128 0xb
 543 0144 04       		.byte	0x4
 544 0145 49010000 		.4byte	0x149
 545 0149 0C       		.uleb128 0xc
 546 014a 08       		.uleb128 0x8
 547 014b 32020000 		.4byte	.LASF22
 548 014f 01       		.byte	0x1
 549 0150 48       		.byte	0x48
 550 0151 00000000 		.4byte	.LFB2
 551 0155 22000000 		.4byte	.LFE2-.LFB2
 552 0159 01       		.uleb128 0x1
 553 015a 9C       		.byte	0x9c
 554 015b 88010000 		.4byte	0x188
 555 015f 0A       		.uleb128 0xa
 556 0160 35010000 		.4byte	.LASF21
 557 0164 01       		.byte	0x1
 558 0165 48       		.byte	0x48
 559 0166 7D000000 		.4byte	0x7d
 560 016a 02       		.uleb128 0x2
 561 016b 91       		.byte	0x91
 562 016c 74       		.sleb128 -12
 563 016d 09       		.uleb128 0x9
 564 016e 73726300 		.ascii	"src\000"
 565 0172 01       		.byte	0x1
 566 0173 48       		.byte	0x48
 567 0174 43010000 		.4byte	0x143
 568 0178 02       		.uleb128 0x2
 569 0179 91       		.byte	0x91
 570 017a 70       		.sleb128 -16
 571 017b 09       		.uleb128 0x9
 572 017c 6E00     		.ascii	"n\000"
 573 017e 01       		.byte	0x1
 574 017f 48       		.byte	0x48
 575 0180 2C000000 		.4byte	0x2c
 576 0184 02       		.uleb128 0x2
 577 0185 91       		.byte	0x91
 578 0186 6C       		.sleb128 -20
 579 0187 00       		.byte	0
 580 0188 0D       		.uleb128 0xd
 581 0189 2E000000 		.4byte	.LASF23
 582 018d 01       		.byte	0x1
 583 018e 8F       		.byte	0x8f
 584 018f 00000000 		.4byte	.LFB3
 585 0193 54000000 		.4byte	.LFE3-.LFB3
 586 0197 01       		.uleb128 0x1
 587 0198 9C       		.byte	0x9c
 588 0199 0E       		.uleb128 0xe
 589 019a 0D000000 		.4byte	.LASF24
ARM GAS  C:\Users\mitchell\AppData\Local\Temp\cc8QPGA9.s 			page 16


 590 019e 01       		.byte	0x1
 591 019f B7       		.byte	0xb7
 592 01a0 00000000 		.4byte	.LFB4
 593 01a4 08000000 		.4byte	.LFE4-.LFB4
 594 01a8 01       		.uleb128 0x1
 595 01a9 9C       		.byte	0x9c
 596 01aa 0F       		.uleb128 0xf
 597 01ab 7B010000 		.4byte	.LASF32
 598 01af 01       		.byte	0x1
 599 01b0 CF       		.byte	0xcf
 600 01b1 54000000 		.4byte	.LFB5
 601 01b5 EC000000 		.4byte	.LFE5-.LFB5
 602 01b9 01       		.uleb128 0x1
 603 01ba 9C       		.byte	0x9c
 604 01bb 10       		.uleb128 0x10
 605 01bc 5C000000 		.4byte	.LBB2
 606 01c0 A6000000 		.4byte	.LBE2-.LBB2
 607 01c4 11       		.uleb128 0x11
 608 01c5 06       		.byte	0x6
 609 01c6 01       		.byte	0x1
 610 01c7 D6       		.byte	0xd6
 611 01c8 E5010000 		.4byte	0x1e5
 612 01cc 12       		.uleb128 0x12
 613 01cd A3010000 		.4byte	.LASF25
 614 01d1 01       		.byte	0x1
 615 01d2 D7       		.byte	0xd7
 616 01d3 7D000000 		.4byte	0x7d
 617 01d7 00       		.byte	0
 618 01d8 12       		.uleb128 0x12
 619 01d9 3A010000 		.4byte	.LASF26
 620 01dd 01       		.byte	0x1
 621 01de D8       		.byte	0xd8
 622 01df 91000000 		.4byte	0x91
 623 01e3 04       		.byte	0x4
 624 01e4 00       		.byte	0
 625 01e5 03       		.uleb128 0x3
 626 01e6 C2010000 		.4byte	.LASF27
 627 01ea 01       		.byte	0x1
 628 01eb D9       		.byte	0xd9
 629 01ec C4010000 		.4byte	0x1c4
 630 01f0 13       		.uleb128 0x13
 631 01f1 E5010000 		.4byte	0x1e5
 632 01f5 00020000 		.4byte	0x200
 633 01f9 14       		.uleb128 0x14
 634 01fa 76000000 		.4byte	0x76
 635 01fe 01       		.byte	0x1
 636 01ff 00       		.byte	0
 637 0200 15       		.uleb128 0x15
 638 0201 1E000000 		.4byte	.LASF28
 639 0205 01       		.byte	0x1
 640 0206 DB       		.byte	0xdb
 641 0207 11020000 		.4byte	0x211
 642 020b 05       		.uleb128 0x5
 643 020c 03       		.byte	0x3
 644 020d 00000000 		.4byte	cfg_memset_list.4717
 645 0211 16       		.uleb128 0x16
 646 0212 F0010000 		.4byte	0x1f0
ARM GAS  C:\Users\mitchell\AppData\Local\Temp\cc8QPGA9.s 			page 17


 647 0216 17       		.uleb128 0x17
 648 0217 6900     		.ascii	"i\000"
 649 0219 01       		.byte	0x1
 650 021a E1       		.byte	0xe1
 651 021b 86000000 		.4byte	0x86
 652 021f 02       		.uleb128 0x2
 653 0220 91       		.byte	0x91
 654 0221 77       		.sleb128 -9
 655 0222 10       		.uleb128 0x10
 656 0223 64000000 		.4byte	.LBB3
 657 0227 3E000000 		.4byte	.LBE3-.LBB3
 658 022b 17       		.uleb128 0x17
 659 022c 6D7300   		.ascii	"ms\000"
 660 022f 01       		.byte	0x1
 661 0230 E6       		.byte	0xe6
 662 0231 38020000 		.4byte	0x238
 663 0235 02       		.uleb128 0x2
 664 0236 91       		.byte	0x91
 665 0237 70       		.sleb128 -16
 666 0238 0B       		.uleb128 0xb
 667 0239 04       		.byte	0x4
 668 023a 3E020000 		.4byte	0x23e
 669 023e 16       		.uleb128 0x16
 670 023f E5010000 		.4byte	0x1e5
 671 0243 00       		.byte	0
 672 0244 00       		.byte	0
 673 0245 00       		.byte	0
 674 0246 00       		.byte	0
 675              		.section	.debug_abbrev,"",%progbits
 676              	.Ldebug_abbrev0:
 677 0000 01       		.uleb128 0x1
 678 0001 11       		.uleb128 0x11
 679 0002 01       		.byte	0x1
 680 0003 25       		.uleb128 0x25
 681 0004 0E       		.uleb128 0xe
 682 0005 13       		.uleb128 0x13
 683 0006 0B       		.uleb128 0xb
 684 0007 03       		.uleb128 0x3
 685 0008 0E       		.uleb128 0xe
 686 0009 1B       		.uleb128 0x1b
 687 000a 0E       		.uleb128 0xe
 688 000b 55       		.uleb128 0x55
 689 000c 17       		.uleb128 0x17
 690 000d 11       		.uleb128 0x11
 691 000e 01       		.uleb128 0x1
 692 000f 10       		.uleb128 0x10
 693 0010 17       		.uleb128 0x17
 694 0011 00       		.byte	0
 695 0012 00       		.byte	0
 696 0013 02       		.uleb128 0x2
 697 0014 24       		.uleb128 0x24
 698 0015 00       		.byte	0
 699 0016 0B       		.uleb128 0xb
 700 0017 0B       		.uleb128 0xb
 701 0018 3E       		.uleb128 0x3e
 702 0019 0B       		.uleb128 0xb
 703 001a 03       		.uleb128 0x3
ARM GAS  C:\Users\mitchell\AppData\Local\Temp\cc8QPGA9.s 			page 18


 704 001b 08       		.uleb128 0x8
 705 001c 00       		.byte	0
 706 001d 00       		.byte	0
 707 001e 03       		.uleb128 0x3
 708 001f 16       		.uleb128 0x16
 709 0020 00       		.byte	0
 710 0021 03       		.uleb128 0x3
 711 0022 0E       		.uleb128 0xe
 712 0023 3A       		.uleb128 0x3a
 713 0024 0B       		.uleb128 0xb
 714 0025 3B       		.uleb128 0x3b
 715 0026 0B       		.uleb128 0xb
 716 0027 49       		.uleb128 0x49
 717 0028 13       		.uleb128 0x13
 718 0029 00       		.byte	0
 719 002a 00       		.byte	0
 720 002b 04       		.uleb128 0x4
 721 002c 24       		.uleb128 0x24
 722 002d 00       		.byte	0
 723 002e 0B       		.uleb128 0xb
 724 002f 0B       		.uleb128 0xb
 725 0030 3E       		.uleb128 0x3e
 726 0031 0B       		.uleb128 0xb
 727 0032 03       		.uleb128 0x3
 728 0033 0E       		.uleb128 0xe
 729 0034 00       		.byte	0
 730 0035 00       		.byte	0
 731 0036 05       		.uleb128 0x5
 732 0037 0F       		.uleb128 0xf
 733 0038 00       		.byte	0
 734 0039 0B       		.uleb128 0xb
 735 003a 0B       		.uleb128 0xb
 736 003b 00       		.byte	0
 737 003c 00       		.byte	0
 738 003d 06       		.uleb128 0x6
 739 003e 16       		.uleb128 0x16
 740 003f 00       		.byte	0
 741 0040 03       		.uleb128 0x3
 742 0041 0E       		.uleb128 0xe
 743 0042 3A       		.uleb128 0x3a
 744 0043 0B       		.uleb128 0xb
 745 0044 3B       		.uleb128 0x3b
 746 0045 05       		.uleb128 0x5
 747 0046 49       		.uleb128 0x49
 748 0047 13       		.uleb128 0x13
 749 0048 00       		.byte	0
 750 0049 00       		.byte	0
 751 004a 07       		.uleb128 0x7
 752 004b 35       		.uleb128 0x35
 753 004c 00       		.byte	0
 754 004d 49       		.uleb128 0x49
 755 004e 13       		.uleb128 0x13
 756 004f 00       		.byte	0
 757 0050 00       		.byte	0
 758 0051 08       		.uleb128 0x8
 759 0052 2E       		.uleb128 0x2e
 760 0053 01       		.byte	0x1
ARM GAS  C:\Users\mitchell\AppData\Local\Temp\cc8QPGA9.s 			page 19


 761 0054 03       		.uleb128 0x3
 762 0055 0E       		.uleb128 0xe
 763 0056 3A       		.uleb128 0x3a
 764 0057 0B       		.uleb128 0xb
 765 0058 3B       		.uleb128 0x3b
 766 0059 0B       		.uleb128 0xb
 767 005a 27       		.uleb128 0x27
 768 005b 19       		.uleb128 0x19
 769 005c 11       		.uleb128 0x11
 770 005d 01       		.uleb128 0x1
 771 005e 12       		.uleb128 0x12
 772 005f 06       		.uleb128 0x6
 773 0060 40       		.uleb128 0x40
 774 0061 18       		.uleb128 0x18
 775 0062 9642     		.uleb128 0x2116
 776 0064 19       		.uleb128 0x19
 777 0065 01       		.uleb128 0x1
 778 0066 13       		.uleb128 0x13
 779 0067 00       		.byte	0
 780 0068 00       		.byte	0
 781 0069 09       		.uleb128 0x9
 782 006a 05       		.uleb128 0x5
 783 006b 00       		.byte	0
 784 006c 03       		.uleb128 0x3
 785 006d 08       		.uleb128 0x8
 786 006e 3A       		.uleb128 0x3a
 787 006f 0B       		.uleb128 0xb
 788 0070 3B       		.uleb128 0x3b
 789 0071 0B       		.uleb128 0xb
 790 0072 49       		.uleb128 0x49
 791 0073 13       		.uleb128 0x13
 792 0074 02       		.uleb128 0x2
 793 0075 18       		.uleb128 0x18
 794 0076 00       		.byte	0
 795 0077 00       		.byte	0
 796 0078 0A       		.uleb128 0xa
 797 0079 05       		.uleb128 0x5
 798 007a 00       		.byte	0
 799 007b 03       		.uleb128 0x3
 800 007c 0E       		.uleb128 0xe
 801 007d 3A       		.uleb128 0x3a
 802 007e 0B       		.uleb128 0xb
 803 007f 3B       		.uleb128 0x3b
 804 0080 0B       		.uleb128 0xb
 805 0081 49       		.uleb128 0x49
 806 0082 13       		.uleb128 0x13
 807 0083 02       		.uleb128 0x2
 808 0084 18       		.uleb128 0x18
 809 0085 00       		.byte	0
 810 0086 00       		.byte	0
 811 0087 0B       		.uleb128 0xb
 812 0088 0F       		.uleb128 0xf
 813 0089 00       		.byte	0
 814 008a 0B       		.uleb128 0xb
 815 008b 0B       		.uleb128 0xb
 816 008c 49       		.uleb128 0x49
 817 008d 13       		.uleb128 0x13
ARM GAS  C:\Users\mitchell\AppData\Local\Temp\cc8QPGA9.s 			page 20


 818 008e 00       		.byte	0
 819 008f 00       		.byte	0
 820 0090 0C       		.uleb128 0xc
 821 0091 26       		.uleb128 0x26
 822 0092 00       		.byte	0
 823 0093 00       		.byte	0
 824 0094 00       		.byte	0
 825 0095 0D       		.uleb128 0xd
 826 0096 2E       		.uleb128 0x2e
 827 0097 00       		.byte	0
 828 0098 03       		.uleb128 0x3
 829 0099 0E       		.uleb128 0xe
 830 009a 3A       		.uleb128 0x3a
 831 009b 0B       		.uleb128 0xb
 832 009c 3B       		.uleb128 0x3b
 833 009d 0B       		.uleb128 0xb
 834 009e 27       		.uleb128 0x27
 835 009f 19       		.uleb128 0x19
 836 00a0 11       		.uleb128 0x11
 837 00a1 01       		.uleb128 0x1
 838 00a2 12       		.uleb128 0x12
 839 00a3 06       		.uleb128 0x6
 840 00a4 40       		.uleb128 0x40
 841 00a5 18       		.uleb128 0x18
 842 00a6 9642     		.uleb128 0x2116
 843 00a8 19       		.uleb128 0x19
 844 00a9 00       		.byte	0
 845 00aa 00       		.byte	0
 846 00ab 0E       		.uleb128 0xe
 847 00ac 2E       		.uleb128 0x2e
 848 00ad 00       		.byte	0
 849 00ae 03       		.uleb128 0x3
 850 00af 0E       		.uleb128 0xe
 851 00b0 3A       		.uleb128 0x3a
 852 00b1 0B       		.uleb128 0xb
 853 00b2 3B       		.uleb128 0x3b
 854 00b3 0B       		.uleb128 0xb
 855 00b4 27       		.uleb128 0x27
 856 00b5 19       		.uleb128 0x19
 857 00b6 11       		.uleb128 0x11
 858 00b7 01       		.uleb128 0x1
 859 00b8 12       		.uleb128 0x12
 860 00b9 06       		.uleb128 0x6
 861 00ba 40       		.uleb128 0x40
 862 00bb 18       		.uleb128 0x18
 863 00bc 9742     		.uleb128 0x2117
 864 00be 19       		.uleb128 0x19
 865 00bf 00       		.byte	0
 866 00c0 00       		.byte	0
 867 00c1 0F       		.uleb128 0xf
 868 00c2 2E       		.uleb128 0x2e
 869 00c3 01       		.byte	0x1
 870 00c4 3F       		.uleb128 0x3f
 871 00c5 19       		.uleb128 0x19
 872 00c6 03       		.uleb128 0x3
 873 00c7 0E       		.uleb128 0xe
 874 00c8 3A       		.uleb128 0x3a
ARM GAS  C:\Users\mitchell\AppData\Local\Temp\cc8QPGA9.s 			page 21


 875 00c9 0B       		.uleb128 0xb
 876 00ca 3B       		.uleb128 0x3b
 877 00cb 0B       		.uleb128 0xb
 878 00cc 27       		.uleb128 0x27
 879 00cd 19       		.uleb128 0x19
 880 00ce 11       		.uleb128 0x11
 881 00cf 01       		.uleb128 0x1
 882 00d0 12       		.uleb128 0x12
 883 00d1 06       		.uleb128 0x6
 884 00d2 40       		.uleb128 0x40
 885 00d3 18       		.uleb128 0x18
 886 00d4 9642     		.uleb128 0x2116
 887 00d6 19       		.uleb128 0x19
 888 00d7 00       		.byte	0
 889 00d8 00       		.byte	0
 890 00d9 10       		.uleb128 0x10
 891 00da 0B       		.uleb128 0xb
 892 00db 01       		.byte	0x1
 893 00dc 11       		.uleb128 0x11
 894 00dd 01       		.uleb128 0x1
 895 00de 12       		.uleb128 0x12
 896 00df 06       		.uleb128 0x6
 897 00e0 00       		.byte	0
 898 00e1 00       		.byte	0
 899 00e2 11       		.uleb128 0x11
 900 00e3 13       		.uleb128 0x13
 901 00e4 01       		.byte	0x1
 902 00e5 0B       		.uleb128 0xb
 903 00e6 0B       		.uleb128 0xb
 904 00e7 3A       		.uleb128 0x3a
 905 00e8 0B       		.uleb128 0xb
 906 00e9 3B       		.uleb128 0x3b
 907 00ea 0B       		.uleb128 0xb
 908 00eb 01       		.uleb128 0x1
 909 00ec 13       		.uleb128 0x13
 910 00ed 00       		.byte	0
 911 00ee 00       		.byte	0
 912 00ef 12       		.uleb128 0x12
 913 00f0 0D       		.uleb128 0xd
 914 00f1 00       		.byte	0
 915 00f2 03       		.uleb128 0x3
 916 00f3 0E       		.uleb128 0xe
 917 00f4 3A       		.uleb128 0x3a
 918 00f5 0B       		.uleb128 0xb
 919 00f6 3B       		.uleb128 0x3b
 920 00f7 0B       		.uleb128 0xb
 921 00f8 49       		.uleb128 0x49
 922 00f9 13       		.uleb128 0x13
 923 00fa 38       		.uleb128 0x38
 924 00fb 0B       		.uleb128 0xb
 925 00fc 00       		.byte	0
 926 00fd 00       		.byte	0
 927 00fe 13       		.uleb128 0x13
 928 00ff 01       		.uleb128 0x1
 929 0100 01       		.byte	0x1
 930 0101 49       		.uleb128 0x49
 931 0102 13       		.uleb128 0x13
ARM GAS  C:\Users\mitchell\AppData\Local\Temp\cc8QPGA9.s 			page 22


 932 0103 01       		.uleb128 0x1
 933 0104 13       		.uleb128 0x13
 934 0105 00       		.byte	0
 935 0106 00       		.byte	0
 936 0107 14       		.uleb128 0x14
 937 0108 21       		.uleb128 0x21
 938 0109 00       		.byte	0
 939 010a 49       		.uleb128 0x49
 940 010b 13       		.uleb128 0x13
 941 010c 2F       		.uleb128 0x2f
 942 010d 0B       		.uleb128 0xb
 943 010e 00       		.byte	0
 944 010f 00       		.byte	0
 945 0110 15       		.uleb128 0x15
 946 0111 34       		.uleb128 0x34
 947 0112 00       		.byte	0
 948 0113 03       		.uleb128 0x3
 949 0114 0E       		.uleb128 0xe
 950 0115 3A       		.uleb128 0x3a
 951 0116 0B       		.uleb128 0xb
 952 0117 3B       		.uleb128 0x3b
 953 0118 0B       		.uleb128 0xb
 954 0119 49       		.uleb128 0x49
 955 011a 13       		.uleb128 0x13
 956 011b 02       		.uleb128 0x2
 957 011c 18       		.uleb128 0x18
 958 011d 00       		.byte	0
 959 011e 00       		.byte	0
 960 011f 16       		.uleb128 0x16
 961 0120 26       		.uleb128 0x26
 962 0121 00       		.byte	0
 963 0122 49       		.uleb128 0x49
 964 0123 13       		.uleb128 0x13
 965 0124 00       		.byte	0
 966 0125 00       		.byte	0
 967 0126 17       		.uleb128 0x17
 968 0127 34       		.uleb128 0x34
 969 0128 00       		.byte	0
 970 0129 03       		.uleb128 0x3
 971 012a 08       		.uleb128 0x8
 972 012b 3A       		.uleb128 0x3a
 973 012c 0B       		.uleb128 0xb
 974 012d 3B       		.uleb128 0x3b
 975 012e 0B       		.uleb128 0xb
 976 012f 49       		.uleb128 0x49
 977 0130 13       		.uleb128 0x13
 978 0131 02       		.uleb128 0x2
 979 0132 18       		.uleb128 0x18
 980 0133 00       		.byte	0
 981 0134 00       		.byte	0
 982 0135 00       		.byte	0
 983              		.section	.debug_aranges,"",%progbits
 984 0000 44000000 		.4byte	0x44
 985 0004 0200     		.2byte	0x2
 986 0006 00000000 		.4byte	.Ldebug_info0
 987 000a 04       		.byte	0x4
 988 000b 00       		.byte	0
ARM GAS  C:\Users\mitchell\AppData\Local\Temp\cc8QPGA9.s 			page 23


 989 000c 0000     		.2byte	0
 990 000e 0000     		.2byte	0
 991 0010 00000000 		.4byte	.LFB0
 992 0014 1E000000 		.4byte	.LFE0-.LFB0
 993 0018 00000000 		.4byte	.LFB1
 994 001c 22000000 		.4byte	.LFE1-.LFB1
 995 0020 00000000 		.4byte	.LFB2
 996 0024 22000000 		.4byte	.LFE2-.LFB2
 997 0028 00000000 		.4byte	.LFB3
 998 002c 54000000 		.4byte	.LFE3-.LFB3
 999 0030 00000000 		.4byte	.LFB4
 1000 0034 08000000 		.4byte	.LFE4-.LFB4
 1001 0038 54000000 		.4byte	.LFB5
 1002 003c EC000000 		.4byte	.LFE5-.LFB5
 1003 0040 00000000 		.4byte	0
 1004 0044 00000000 		.4byte	0
 1005              		.section	.debug_ranges,"",%progbits
 1006              	.Ldebug_ranges0:
 1007 0000 00000000 		.4byte	.LFB0
 1008 0004 1E000000 		.4byte	.LFE0
 1009 0008 00000000 		.4byte	.LFB1
 1010 000c 22000000 		.4byte	.LFE1
 1011 0010 00000000 		.4byte	.LFB2
 1012 0014 22000000 		.4byte	.LFE2
 1013 0018 00000000 		.4byte	.LFB3
 1014 001c 54000000 		.4byte	.LFE3
 1015 0020 00000000 		.4byte	.LFB4
 1016 0024 08000000 		.4byte	.LFE4
 1017 0028 54000000 		.4byte	.LFB5
 1018 002c 40010000 		.4byte	.LFE5
 1019 0030 00000000 		.4byte	0
 1020 0034 00000000 		.4byte	0
 1021              		.section	.debug_line,"",%progbits
 1022              	.Ldebug_line0:
 1023 0000 59010000 		.section	.debug_str,"MS",%progbits,1
 1023      0200CD00 
 1023      00000201 
 1023      FB0E0D00 
 1023      01010101 
 1024              	.LASF18:
 1025 0000 72656733 		.ascii	"reg32\000"
 1025      3200
 1026              	.LASF11:
 1027 0006 73697A65 		.ascii	"size_t\000"
 1027      5F7400
 1028              	.LASF24:
 1029 000d 416E616C 		.ascii	"AnalogSetDefault\000"
 1029      6F675365 
 1029      74446566 
 1029      61756C74 
 1029      00
 1030              	.LASF28:
 1031 001e 6366675F 		.ascii	"cfg_memset_list\000"
 1031      6D656D73 
 1031      65745F6C 
 1031      69737400 
 1032              	.LASF23:
ARM GAS  C:\Users\mitchell\AppData\Local\Temp\cc8QPGA9.s 			page 24


 1033 002e 436C6F63 		.ascii	"ClockSetup\000"
 1033      6B536574 
 1033      757000
 1034              	.LASF4:
 1035 0039 73686F72 		.ascii	"short unsigned int\000"
 1035      7420756E 
 1035      7369676E 
 1035      65642069 
 1035      6E7400
 1036              	.LASF31:
 1037 004c 433A5C55 		.ascii	"C:\\Users\\mitchell\\Documents\\fsae\\E-Throttle\\E"
 1037      73657273 
 1037      5C6D6974 
 1037      6368656C 
 1037      6C5C446F 
 1038 0079 2D546872 		.ascii	"-Throttle\\ExampleProject1\\Lab Solutions\\Lab 1 Bl"
 1038      6F74746C 
 1038      655C4578 
 1038      616D706C 
 1038      6550726F 
 1039 00a9 696E6B2E 		.ascii	"ink.cydsn\000"
 1039      63796473 
 1039      6E00
 1040              	.LASF15:
 1041 00b3 666C6F61 		.ascii	"float\000"
 1041      7400
 1042              	.LASF29:
 1043 00b9 474E5520 		.ascii	"GNU C 4.8.4 20140526 (release) [ARM/embedded-4_8-br"
 1043      4320342E 
 1043      382E3420 
 1043      32303134 
 1043      30353236 
 1044 00ec 616E6368 		.ascii	"anch revision 211358] -mcpu=cortex-m0 -mthumb -g -O"
 1044      20726576 
 1044      6973696F 
 1044      6E203231 
 1044      31333538 
 1045 011f 30202D66 		.ascii	"0 -ffunction-sections\000"
 1045      66756E63 
 1045      74696F6E 
 1045      2D736563 
 1045      74696F6E 
 1046              	.LASF21:
 1047 0135 64657374 		.ascii	"dest\000"
 1047      00
 1048              	.LASF26:
 1049 013a 73697A65 		.ascii	"size\000"
 1049      00
 1050              	.LASF17:
 1051 013f 72656738 		.ascii	"reg8\000"
 1051      00
 1052              	.LASF6:
 1053 0144 6C6F6E67 		.ascii	"long unsigned int\000"
 1053      20756E73 
 1053      69676E65 
 1053      6420696E 
 1053      7400
ARM GAS  C:\Users\mitchell\AppData\Local\Temp\cc8QPGA9.s 			page 25


 1054              	.LASF12:
 1055 0156 75696E74 		.ascii	"uint8\000"
 1055      3800
 1056              	.LASF19:
 1057 015c 43594D45 		.ascii	"CYMEMZERO\000"
 1057      4D5A4552 
 1057      4F00
 1058              	.LASF2:
 1059 0166 756E7369 		.ascii	"unsigned char\000"
 1059      676E6564 
 1059      20636861 
 1059      7200
 1060              	.LASF16:
 1061 0174 646F7562 		.ascii	"double\000"
 1061      6C6500
 1062              	.LASF32:
 1063 017b 63796669 		.ascii	"cyfitter_cfg\000"
 1063      74746572 
 1063      5F636667 
 1063      00
 1064              	.LASF13:
 1065 0188 75696E74 		.ascii	"uint16\000"
 1065      313600
 1066              	.LASF14:
 1067 018f 75696E74 		.ascii	"uint32\000"
 1067      333200
 1068              	.LASF0:
 1069 0196 756E7369 		.ascii	"unsigned int\000"
 1069      676E6564 
 1069      20696E74 
 1069      00
 1070              	.LASF25:
 1071 01a3 61646472 		.ascii	"address\000"
 1071      65737300 
 1072              	.LASF8:
 1073 01ab 6C6F6E67 		.ascii	"long long unsigned int\000"
 1073      206C6F6E 
 1073      6720756E 
 1073      7369676E 
 1073      65642069 
 1074              	.LASF27:
 1075 01c2 6366675F 		.ascii	"cfg_memset_t\000"
 1075      6D656D73 
 1075      65745F74 
 1075      00
 1076              	.LASF30:
 1077 01cf 2E5C4765 		.ascii	".\\Generated_Source\\PSoC4\\cyfitter_cfg.c\000"
 1077      6E657261 
 1077      7465645F 
 1077      536F7572 
 1077      63655C50 
 1078              	.LASF9:
 1079 01f7 73697A65 		.ascii	"sizetype\000"
 1079      74797065 
 1079      00
 1080              	.LASF7:
 1081 0200 6C6F6E67 		.ascii	"long long int\000"
ARM GAS  C:\Users\mitchell\AppData\Local\Temp\cc8QPGA9.s 			page 26


 1081      206C6F6E 
 1081      6720696E 
 1081      7400
 1082              	.LASF10:
 1083 020e 63686172 		.ascii	"char\000"
 1083      00
 1084              	.LASF3:
 1085 0213 73686F72 		.ascii	"short int\000"
 1085      7420696E 
 1085      7400
 1086              	.LASF5:
 1087 021d 6C6F6E67 		.ascii	"long int\000"
 1087      20696E74 
 1087      00
 1088              	.LASF1:
 1089 0226 7369676E 		.ascii	"signed char\000"
 1089      65642063 
 1089      68617200 
 1090              	.LASF22:
 1091 0232 4359434F 		.ascii	"CYCONFIGCPYCODE\000"
 1091      4E464947 
 1091      43505943 
 1091      4F444500 
 1092              	.LASF20:
 1093 0242 4359434F 		.ascii	"CYCONFIGCPY\000"
 1093      4E464947 
 1093      43505900 
 1094              		.ident	"GCC: (GNU Tools for ARM Embedded Processors) 4.8.4 20140526 (release) [ARM/embedded-4_8-br
