Loading plugins phase: Elapsed time ==> 0s.468ms
Initializing data phase: Elapsed time ==> 0s.000ms
<CYPRESSTAG name="CyDsfit arguments...">
cydsfit arguments: -.fdsnotice -.fdswarpdepfile=warp_dependencies.txt -.fdselabdepfile=elab_dependencies.txt -.fdsbldfile=generated_files.txt -p C:\Users\mitchell\Documents\fsae\E-Throttle\E-Throttle\ExampleProject1\Lab Solutions\Lab 3 CapSense UART.cydsn\Lab 3 CapSense UART.cyprj -d CY8C4245AXI-483 -s C:\Users\mitchell\Documents\fsae\E-Throttle\E-Throttle\ExampleProject1\Lab Solutions\Lab 3 CapSense UART.cydsn\Generated_Source\PSoC4 -- -yv2 -q10 -ygs -o2 -v3 -.fftcfgtype=LE</CYPRESSTAG>
<CYPRESSTAG name="Design elaboration results...">
</CYPRESSTAG>
Elaboration phase: Elapsed time ==> 9s.106ms
<CYPRESSTAG name="HDL generation results...">
</CYPRESSTAG>
HDL generation phase: Elapsed time ==> 0s.266ms
<CYPRESSTAG name="Synthesis results...">

     | | | | | | |
   _________________
  -|               |-
  -|               |-
  -|               |-
  -|    CYPRESS    |-
  -|               |-
  -|               |-   Warp Verilog Synthesis Compiler: Version 6.3 IR 41
  -|               |-   Copyright (C) 1991-2001 Cypress Semiconductor
   |_______________|
     | | | | | | |

======================================================================
Compiling:  Lab 3 CapSense UART.v
Program  :   C:\Program Files (x86)\Cypress\PSoC Creator\3.2\PSoC Creator\warp\bin/warp.exe
Options  :    -yv2 -q10 -ygs -o2 -v3 -.fftcfgtype=LE -ya -.fftprj=C:\Users\mitchell\Documents\fsae\E-Throttle\E-Throttle\ExampleProject1\Lab Solutions\Lab 3 CapSense UART.cydsn\Lab 3 CapSense UART.cyprj -dcpsoc3 Lab 3 CapSense UART.v -verilog
======================================================================

======================================================================
Compiling:  Lab 3 CapSense UART.v
Program  :   C:\Program Files (x86)\Cypress\PSoC Creator\3.2\PSoC Creator\warp\bin/warp.exe
Options  :    -yv2 -q10 -ygs -o2 -v3 -.fftcfgtype=LE -ya -.fftprj=C:\Users\mitchell\Documents\fsae\E-Throttle\E-Throttle\ExampleProject1\Lab Solutions\Lab 3 CapSense UART.cydsn\Lab 3 CapSense UART.cyprj -dcpsoc3 Lab 3 CapSense UART.v -verilog
======================================================================

======================================================================
Compiling:  Lab 3 CapSense UART.v
Program  :   vlogfe
Options  :    -yv2 -q10 -ygs -o2 -v3 -.fftcfgtype=LE -ya -.fftprj=C:\Users\mitchell\Documents\fsae\E-Throttle\E-Throttle\ExampleProject1\Lab Solutions\Lab 3 CapSense UART.cydsn\Lab 3 CapSense UART.cyprj -dcpsoc3 -verilog Lab 3 CapSense UART.v
======================================================================

vlogfe V6.3 IR 41:  Verilog parser
Sat Nov 14 16:11:22 2015


======================================================================
Compiling:  Lab 3 CapSense UART.v
Program  :   vpp
Options  :    -yv2 -q10 Lab 3 CapSense UART.v
======================================================================

vpp V6.3 IR 41:  Verilog Pre-Processor
Sat Nov 14 16:11:22 2015

Flattening file 'C:\Program Files (x86)\Cypress\PSoC Creator\3.2\PSoC Creator\warp\..\psoc\content\cyprimitives\CyPrimitives.cylib\cy_virtualmux_v1_0\cy_virtualmux_v1_0.v'
Flattening file 'C:\Program Files (x86)\Cypress\PSoC Creator\3.2\PSoC Creator\warp\..\psoc\content\cyprimitives\CyPrimitives.cylib\OneTerminal\OneTerminal.v'
Flattening file 'C:\Program Files (x86)\Cypress\PSoC Creator\3.2\PSoC Creator\warp\..\psoc\content\cyprimitives\CyPrimitives.cylib\ZeroTerminal\ZeroTerminal.v'
Flattening file 'C:\Program Files (x86)\Cypress\PSoC Creator\3.2\PSoC Creator\warp\..\psoc\content\cyprimitives\CyPrimitives.cylib\or_v1_0\or_v1_0.v'

vpp:  No errors.

Library 'work' => directory 'lcpsoc3'
General_symbol_table
General_symbol_table
Linking 'C:\Program Files (x86)\Cypress\PSoC Creator\3.2\PSoC Creator\warp\lib\common\std.vhd'.
Linking 'C:\Program Files (x86)\Cypress\PSoC Creator\3.2\PSoC Creator\warp\lib\common\cypress.vhd'.
Linking 'C:\Program Files (x86)\Cypress\PSoC Creator\3.2\PSoC Creator\warp\lib\common\work\cypress.vif'.
Linking 'C:\Program Files (x86)\Cypress\PSoC Creator\3.2\PSoC Creator\warp\lib\ieee\work\stdlogic.vif'.
Linking 'C:\Program Files (x86)\Cypress\PSoC Creator\3.2\PSoC Creator\warp\lib\common\stdlogic\lpmpkg.vif'.
Linking 'C:\Program Files (x86)\Cypress\PSoC Creator\3.2\PSoC Creator\warp\lib\common\stdlogic\rtlpkg.vif'.
Linking 'C:\Program Files (x86)\Cypress\PSoC Creator\3.2\PSoC Creator\warp\lib\common\stdlogic\mod_cnst.vif'.
Linking 'C:\Program Files (x86)\Cypress\PSoC Creator\3.2\PSoC Creator\warp\lib\common\stdlogic\mod_mthv.vif'.
Linking 'C:\Program Files (x86)\Cypress\PSoC Creator\3.2\PSoC Creator\warp\lib\common\stdlogic\mod_genv.vif'.
Using control file 'Lab 3 CapSense UART.ctl'.

vlogfe:  No errors.


======================================================================
Compiling:  Lab 3 CapSense UART.v
Program  :   tovif
Options  :    -yv2 -q10 -ygs -o2 -v3 -.fftcfgtype=LE -ya -.fftprj=C:\Users\mitchell\Documents\fsae\E-Throttle\E-Throttle\ExampleProject1\Lab Solutions\Lab 3 CapSense UART.cydsn\Lab 3 CapSense UART.cyprj -dcpsoc3 -verilog Lab 3 CapSense UART.v
======================================================================

tovif V6.3 IR 41:  High-level synthesis
Sat Nov 14 16:11:23 2015

Linking 'C:\Program Files (x86)\Cypress\PSoC Creator\3.2\PSoC Creator\warp\lib\common\std.vhd'.
Linking 'C:\Program Files (x86)\Cypress\PSoC Creator\3.2\PSoC Creator\warp\lib\common\cypress.vhd'.
Linking 'C:\Program Files (x86)\Cypress\PSoC Creator\3.2\PSoC Creator\warp\lib\common\work\cypress.vif'.
Linking 'C:\Program Files (x86)\Cypress\PSoC Creator\3.2\PSoC Creator\warp\lib\ieee\work\stdlogic.vif'.
Linking 'C:\Program Files (x86)\Cypress\PSoC Creator\3.2\PSoC Creator\warp\lib\common\stdlogic\lpmpkg.vif'.
Linking 'C:\Program Files (x86)\Cypress\PSoC Creator\3.2\PSoC Creator\warp\lib\common\stdlogic\rtlpkg.vif'.
Linking 'C:\Program Files (x86)\Cypress\PSoC Creator\3.2\PSoC Creator\warp\lib\common\stdlogic\mod_cnst.vif'.
Linking 'C:\Program Files (x86)\Cypress\PSoC Creator\3.2\PSoC Creator\warp\lib\common\stdlogic\mod_mthv.vif'.
Linking 'C:\Program Files (x86)\Cypress\PSoC Creator\3.2\PSoC Creator\warp\lib\common\stdlogic\mod_genv.vif'.
Linking 'C:\Users\mitchell\Documents\fsae\E-Throttle\E-Throttle\ExampleProject1\Lab Solutions\Lab 3 CapSense UART.cydsn\codegentemp\Lab 3 CapSense UART.ctl'.
Linking 'C:\Program Files (x86)\Cypress\PSoC Creator\3.2\PSoC Creator\psoc\content\cyprimitives\CyPrimitives.cylib\cy_virtualmux_v1_0\cy_virtualmux_v1_0.v'.
Linking 'C:\Users\mitchell\Documents\fsae\E-Throttle\E-Throttle\ExampleProject1\Lab Solutions\Lab 3 CapSense UART.cydsn\codegentemp\Lab 3 CapSense UART.v'.
Linking 'C:\Program Files (x86)\Cypress\PSoC Creator\3.2\PSoC Creator\psoc\content\cyprimitives\CyPrimitives.cylib\OneTerminal\OneTerminal.v'.
Linking 'C:\Program Files (x86)\Cypress\PSoC Creator\3.2\PSoC Creator\psoc\content\cyprimitives\CyPrimitives.cylib\ZeroTerminal\ZeroTerminal.v'.
Linking 'C:\Program Files (x86)\Cypress\PSoC Creator\3.2\PSoC Creator\psoc\content\cyprimitives\CyPrimitives.cylib\or_v1_0\or_v1_0.v'.

tovif:  No errors.


======================================================================
Compiling:  Lab 3 CapSense UART.v
Program  :   topld
Options  :    -yv2 -q10 -ygs -o2 -v3 -.fftcfgtype=LE -ya -.fftprj=C:\Users\mitchell\Documents\fsae\E-Throttle\E-Throttle\ExampleProject1\Lab Solutions\Lab 3 CapSense UART.cydsn\Lab 3 CapSense UART.cyprj -dcpsoc3 -verilog Lab 3 CapSense UART.v
======================================================================

topld V6.3 IR 41:  Synthesis and optimization
Sat Nov 14 16:11:23 2015

Linking 'C:\Program Files (x86)\Cypress\PSoC Creator\3.2\PSoC Creator\warp\lib\common\std.vhd'.
Linking 'C:\Program Files (x86)\Cypress\PSoC Creator\3.2\PSoC Creator\warp\lib\common\cypress.vhd'.
Linking 'C:\Program Files (x86)\Cypress\PSoC Creator\3.2\PSoC Creator\warp\lib\common\work\cypress.vif'.
Linking 'C:\Program Files (x86)\Cypress\PSoC Creator\3.2\PSoC Creator\warp\lib\ieee\work\stdlogic.vif'.
Linking 'C:\Program Files (x86)\Cypress\PSoC Creator\3.2\PSoC Creator\warp\lib\common\stdlogic\lpmpkg.vif'.
Linking 'C:\Program Files (x86)\Cypress\PSoC Creator\3.2\PSoC Creator\warp\lib\common\stdlogic\rtlpkg.vif'.
Linking 'C:\Program Files (x86)\Cypress\PSoC Creator\3.2\PSoC Creator\warp\lib\common\stdlogic\mod_cnst.vif'.
Linking 'C:\Program Files (x86)\Cypress\PSoC Creator\3.2\PSoC Creator\warp\lib\common\stdlogic\mod_mthv.vif'.
Linking 'C:\Program Files (x86)\Cypress\PSoC Creator\3.2\PSoC Creator\warp\lib\common\stdlogic\mod_genv.vif'.
Linking 'C:\Users\mitchell\Documents\fsae\E-Throttle\E-Throttle\ExampleProject1\Lab Solutions\Lab 3 CapSense UART.cydsn\codegentemp\Lab 3 CapSense UART.ctl'.
Linking 'C:\Program Files (x86)\Cypress\PSoC Creator\3.2\PSoC Creator\psoc\content\cyprimitives\CyPrimitives.cylib\cy_virtualmux_v1_0\cy_virtualmux_v1_0.v'.
Linking 'C:\Users\mitchell\Documents\fsae\E-Throttle\E-Throttle\ExampleProject1\Lab Solutions\Lab 3 CapSense UART.cydsn\codegentemp\Lab 3 CapSense UART.v'.
Linking 'C:\Program Files (x86)\Cypress\PSoC Creator\3.2\PSoC Creator\psoc\content\cyprimitives\CyPrimitives.cylib\OneTerminal\OneTerminal.v'.
Linking 'C:\Program Files (x86)\Cypress\PSoC Creator\3.2\PSoC Creator\psoc\content\cyprimitives\CyPrimitives.cylib\ZeroTerminal\ZeroTerminal.v'.
Linking 'C:\Program Files (x86)\Cypress\PSoC Creator\3.2\PSoC Creator\psoc\content\cyprimitives\CyPrimitives.cylib\or_v1_0\or_v1_0.v'.
Linking 'C:\Program Files (x86)\Cypress\PSoC Creator\3.2\PSoC Creator\warp\lib\lcpsoc3\stdlogic\cpsoc3.vif'.

----------------------------------------------------------
Detecting unused logic.
----------------------------------------------------------
    User names
	\CapSense_1:Net_545\
	\CapSense_1:Net_544\
	\UART_1:Net_1257\
	\UART_1:uncfg_rx_irq\
	\UART_1:Net_1099\
	\UART_1:Net_1258\
	\UART_1:Net_547\
	\UART_1:Net_891\
	\UART_1:Net_1001\
	\UART_1:Net_899\


Deleted 10 User equations/components.
Deleted 0 Synthesized equations/components.

------------------------------------------------------
Alias Detection
------------------------------------------------------
Aliasing one to tmpOE__Pin_RedLED_net_0
Aliasing tmpOE__Pin_GreenLED_net_0 to tmpOE__Pin_RedLED_net_0
Aliasing tmpOE__Pin_BlueLED_net_0 to tmpOE__Pin_RedLED_net_0
Aliasing \PWM_R:Net_75\ to zero
Aliasing \PWM_R:Net_69\ to tmpOE__Pin_RedLED_net_0
Aliasing \PWM_R:Net_66\ to zero
Aliasing \PWM_R:Net_82\ to zero
Aliasing \PWM_R:Net_72\ to zero
Aliasing \PWM_G:Net_81\ to \PWM_R:Net_81\
Aliasing \PWM_G:Net_75\ to zero
Aliasing \PWM_G:Net_69\ to tmpOE__Pin_RedLED_net_0
Aliasing \PWM_G:Net_66\ to zero
Aliasing \PWM_G:Net_82\ to zero
Aliasing \PWM_G:Net_72\ to zero
Aliasing \PWM_B:Net_81\ to \PWM_R:Net_81\
Aliasing \PWM_B:Net_75\ to zero
Aliasing \PWM_B:Net_69\ to tmpOE__Pin_RedLED_net_0
Aliasing \PWM_B:Net_66\ to zero
Aliasing \PWM_B:Net_82\ to zero
Aliasing \PWM_B:Net_72\ to zero
Aliasing \CapSense_1:Net_104\ to zero
Aliasing \CapSense_1:Net_312\ to zero
Aliasing \CapSense_1:tmpOE__Cmod_net_0\ to tmpOE__Pin_RedLED_net_0
Aliasing \CapSense_1:tmpOE__Sns_net_4\ to tmpOE__Pin_RedLED_net_0
Aliasing \CapSense_1:tmpOE__Sns_net_3\ to tmpOE__Pin_RedLED_net_0
Aliasing \CapSense_1:tmpOE__Sns_net_2\ to tmpOE__Pin_RedLED_net_0
Aliasing \CapSense_1:tmpOE__Sns_net_1\ to tmpOE__Pin_RedLED_net_0
Aliasing \CapSense_1:tmpOE__Sns_net_0\ to tmpOE__Pin_RedLED_net_0
Aliasing \CapSense_1:IDAC1:Net_3\ to tmpOE__Pin_RedLED_net_0
Aliasing \UART_1:Net_459\ to zero
Aliasing \UART_1:Net_452\ to zero
Aliasing \UART_1:Net_1194\ to zero
Aliasing \UART_1:Net_1195\ to zero
Aliasing \UART_1:Net_1196\ to zero
Aliasing \UART_1:tmpOE__tx_net_0\ to tmpOE__Pin_RedLED_net_0
Aliasing \UART_1:Net_747\ to zero
Removing Lhs of wire one[13] = tmpOE__Pin_RedLED_net_0[6]
Removing Lhs of wire tmpOE__Pin_GreenLED_net_0[17] = tmpOE__Pin_RedLED_net_0[6]
Removing Lhs of wire tmpOE__Pin_BlueLED_net_0[25] = tmpOE__Pin_RedLED_net_0[6]
Removing Lhs of wire \PWM_R:Net_81\[44] = Net_187[42]
Removing Lhs of wire \PWM_R:Net_75\[45] = zero[12]
Removing Lhs of wire \PWM_R:Net_69\[46] = tmpOE__Pin_RedLED_net_0[6]
Removing Lhs of wire \PWM_R:Net_66\[47] = zero[12]
Removing Lhs of wire \PWM_R:Net_82\[48] = zero[12]
Removing Lhs of wire \PWM_R:Net_72\[49] = zero[12]
Removing Lhs of wire \PWM_G:Net_81\[56] = Net_187[42]
Removing Lhs of wire \PWM_G:Net_75\[57] = zero[12]
Removing Lhs of wire \PWM_G:Net_69\[58] = tmpOE__Pin_RedLED_net_0[6]
Removing Lhs of wire \PWM_G:Net_66\[59] = zero[12]
Removing Lhs of wire \PWM_G:Net_82\[60] = zero[12]
Removing Lhs of wire \PWM_G:Net_72\[61] = zero[12]
Removing Lhs of wire \PWM_B:Net_81\[68] = Net_187[42]
Removing Lhs of wire \PWM_B:Net_75\[69] = zero[12]
Removing Lhs of wire \PWM_B:Net_69\[70] = tmpOE__Pin_RedLED_net_0[6]
Removing Lhs of wire \PWM_B:Net_66\[71] = zero[12]
Removing Lhs of wire \PWM_B:Net_82\[72] = zero[12]
Removing Lhs of wire \PWM_B:Net_72\[73] = zero[12]
Removing Lhs of wire \CapSense_1:Net_104\[91] = zero[12]
Removing Lhs of wire \CapSense_1:Net_312\[95] = zero[12]
Removing Lhs of wire \CapSense_1:tmpOE__Cmod_net_0\[98] = tmpOE__Pin_RedLED_net_0[6]
Removing Lhs of wire \CapSense_1:tmpOE__Sns_net_4\[105] = tmpOE__Pin_RedLED_net_0[6]
Removing Lhs of wire \CapSense_1:tmpOE__Sns_net_3\[106] = tmpOE__Pin_RedLED_net_0[6]
Removing Lhs of wire \CapSense_1:tmpOE__Sns_net_2\[107] = tmpOE__Pin_RedLED_net_0[6]
Removing Lhs of wire \CapSense_1:tmpOE__Sns_net_1\[108] = tmpOE__Pin_RedLED_net_0[6]
Removing Lhs of wire \CapSense_1:tmpOE__Sns_net_0\[109] = tmpOE__Pin_RedLED_net_0[6]
Removing Lhs of wire \CapSense_1:IDAC1:Net_3\[123] = tmpOE__Pin_RedLED_net_0[6]
Removing Lhs of wire \UART_1:Net_459\[129] = zero[12]
Removing Lhs of wire \UART_1:Net_652\[130] = zero[12]
Removing Lhs of wire \UART_1:Net_452\[131] = zero[12]
Removing Lhs of wire \UART_1:Net_1194\[132] = zero[12]
Removing Lhs of wire \UART_1:Net_1195\[133] = zero[12]
Removing Lhs of wire \UART_1:Net_1196\[134] = zero[12]
Removing Lhs of wire \UART_1:Net_654\[135] = zero[12]
Removing Lhs of wire \UART_1:Net_1170\[138] = \UART_1:Net_847\[128]
Removing Lhs of wire \UART_1:Net_990\[139] = zero[12]
Removing Lhs of wire \UART_1:Net_909\[140] = zero[12]
Removing Lhs of wire \UART_1:Net_663\[141] = zero[12]
Removing Lhs of wire \UART_1:tmpOE__tx_net_0\[143] = tmpOE__Pin_RedLED_net_0[6]
Removing Lhs of wire \UART_1:Net_1175\[151] = zero[12]
Removing Lhs of wire \UART_1:Net_747\[152] = zero[12]

------------------------------------------------------
Aliased 0 equations, 44 wires.
------------------------------------------------------

----------------------------------------------------------
Circuit simplification
----------------------------------------------------------

Substituting virtuals - pass 1:


----------------------------------------------------------
Circuit simplification results:

	Expanded 0 signals.
	Turned 0 signals into soft nodes.
	Maximum default expansion cost was set at 3.
----------------------------------------------------------

topld:  No errors.

CYPRESS_DIR    : C:\Program Files (x86)\Cypress\PSoC Creator\3.2\PSoC Creator\warp
Warp Program   : C:\Program Files (x86)\Cypress\PSoC Creator\3.2\PSoC Creator\warp\bin/warp.exe
Warp Arguments : -yv2 -q10 -ygs -o2 -v3 -.fftcfgtype=LE -ya "-.fftprj=C:\Users\mitchell\Documents\fsae\E-Throttle\E-Throttle\ExampleProject1\Lab Solutions\Lab 3 CapSense UART.cydsn\Lab 3 CapSense UART.cyprj" -dcpsoc3 "Lab 3 CapSense UART.v" -verilog
</CYPRESSTAG>
Warp synthesis phase: Elapsed time ==> 1s.200ms
<CYPRESSTAG name="Fitter results...">
<CYPRESSTAG name="Fitter startup details...">
cyp3fit: V3.2.0.6175, Family: PSoC3, Started at: Saturday, 14 November 2015 16:11:23
Options: -yv2 -q10 -ygs -o2 -v3 -.fftcfgtype=LE -ya -.fftprj=C:\Users\mitchell\Documents\fsae\E-Throttle\E-Throttle\ExampleProject1\Lab Solutions\Lab 3 CapSense UART.cydsn\Lab 3 CapSense UART.cyprj -d CY8C4245AXI-483 Lab 3 CapSense UART.v -verilog
</CYPRESSTAG>
<CYPRESSTAG name="Design parsing">
Design parsing phase: Elapsed time ==> 0s.040ms
</CYPRESSTAG>
<CYPRESSTAG name="Tech mapping">
<CYPRESSTAG name="Initial Mapping" icon="FILE_RPT_TECHM">
<CYPRESSTAG name="Global Clock Selection" icon="FILE_RPT_TECHM">
    Fixed Function Clock 6: Automatic-assigning  clock 'CapSense_1_SampleClk'. Signal=\CapSense_1:Net_420_ff6\
    Fixed Function Clock 5: Automatic-assigning  clock 'CapSense_1_SenseClk'. Signal=\CapSense_1:Net_429_ff5\
    Fixed Function Clock 8: Automatic-assigning  clock 'Clock_PWM'. Signal=Net_187_ff8
    Fixed Function Clock 9: Automatic-assigning  clock 'Clock_PWM'. Signal=Net_187_ff9
    Fixed Function Clock 10: Automatic-assigning  clock 'Clock_PWM'. Signal=Net_187_ff10
    Fixed Function Clock 2: Automatic-assigning  clock 'UART_1_SCBCLK'. Signal=\UART_1:Net_847_ff2\
<CYPRESSTAG name="UDB Clock/Enable Remapping Results">
</CYPRESSTAG>
</CYPRESSTAG>

Removing unused cells resulting from optimization
Done removing unused cells.
<CYPRESSTAG name="Duplicate Macrocell detection">
</CYPRESSTAG>
</CYPRESSTAG>
<CYPRESSTAG name="Duplicate Macrocell detection">
</CYPRESSTAG>
<CYPRESSTAG name="Design Equations" icon="FILE_RPT_EQUATION">

------------------------------------------------------------
Design Equations
------------------------------------------------------------
    <CYPRESSTAG name="Pin listing">

    ------------------------------------------------------------
    Pin listing
    ------------------------------------------------------------

    Pin : Name = Pin_BlueLED(0)
        Attributes:
            In Group/Port: True
            In Sync Option: AUTO
            Out Sync Option: NOSYNC
            Interrupt generated: False
            Interrupt mode: NONE
            Drive mode: CMOS_OUT
            VTrip: EITHER
            Slew: FAST
            Input Sync needed: False
            Output Sync needed: False
            SC shield enabled: False
            POR State: ANY
            LCD Mode: COMMON
            Register Mode: RegComb
            CaSense Mode: NEITHER
            Treat as pin: True
            Is OE Registered: False
            Uses Analog: False
            Can contain Digital: True
            Is SIO: False
            SIO Output Buf: NONREGULATED
            SIO Input Buf: SINGLE_ENDED
            SIO HiFreq: LOW
            SIO Hyst: DISABLED
            SIO Vtrip: MULTIPLIER_0_5
            SIO RefSel: VCC_IO
            Required Capabilitites: DIGITAL
            Initial Value: 1
            IO Voltage: 0
        PORT MAP (
            pa_out => Pin_BlueLED(0)__PA ,
            input => Net_209 ,
            annotation => Net_13 ,
            pad => Pin_BlueLED(0)_PAD );
        Properties:
        {
        }

    Pin : Name = Pin_GreenLED(0)
        Attributes:
            In Group/Port: True
            In Sync Option: AUTO
            Out Sync Option: NOSYNC
            Interrupt generated: False
            Interrupt mode: NONE
            Drive mode: CMOS_OUT
            VTrip: EITHER
            Slew: FAST
            Input Sync needed: False
            Output Sync needed: False
            SC shield enabled: False
            POR State: ANY
            LCD Mode: COMMON
            Register Mode: RegComb
            CaSense Mode: NEITHER
            Treat as pin: True
            Is OE Registered: False
            Uses Analog: False
            Can contain Digital: True
            Is SIO: False
            SIO Output Buf: NONREGULATED
            SIO Input Buf: SINGLE_ENDED
            SIO HiFreq: LOW
            SIO Hyst: DISABLED
            SIO Vtrip: MULTIPLIER_0_5
            SIO RefSel: VCC_IO
            Required Capabilitites: DIGITAL
            Initial Value: 1
            IO Voltage: 0
        PORT MAP (
            pa_out => Pin_GreenLED(0)__PA ,
            input => Net_197 ,
            annotation => Net_46 ,
            pad => Pin_GreenLED(0)_PAD );
        Properties:
        {
        }

    Pin : Name = Pin_RedLED(0)
        Attributes:
            In Group/Port: True
            In Sync Option: AUTO
            Out Sync Option: NOSYNC
            Interrupt generated: False
            Interrupt mode: NONE
            Drive mode: CMOS_OUT
            VTrip: EITHER
            Slew: FAST
            Input Sync needed: False
            Output Sync needed: False
            SC shield enabled: False
            POR State: ANY
            LCD Mode: COMMON
            Register Mode: RegComb
            CaSense Mode: NEITHER
            Treat as pin: True
            Is OE Registered: False
            Uses Analog: False
            Can contain Digital: True
            Is SIO: False
            SIO Output Buf: NONREGULATED
            SIO Input Buf: SINGLE_ENDED
            SIO HiFreq: LOW
            SIO Hyst: DISABLED
            SIO Vtrip: MULTIPLIER_0_5
            SIO RefSel: VCC_IO
            Required Capabilitites: DIGITAL
            Initial Value: 1
            IO Voltage: 0
        PORT MAP (
            pa_out => Pin_RedLED(0)__PA ,
            input => Net_185 ,
            annotation => Net_56 ,
            pad => Pin_RedLED(0)_PAD );
        Properties:
        {
        }

    Pin : Name = \CapSense_1:Cmod(0)\
        Attributes:
            Alias: Cmod
            In Group/Port: True
            In Sync Option: AUTO
            Out Sync Option: AUTO
            Interrupt generated: False
            Interrupt mode: NONE
            Drive mode: HI_Z_ANALOG
            VTrip: EITHER
            Slew: FAST
            Input Sync needed: False
            Output Sync needed: False
            SC shield enabled: False
            POR State: ANY
            LCD Mode: COMMON
            Register Mode: RegComb
            CaSense Mode: NEITHER
            Treat as pin: True
            Is OE Registered: False
            Uses Analog: True
            Can contain Digital: False
            Is SIO: False
            SIO Output Buf: NONREGULATED
            SIO Input Buf: SINGLE_ENDED
            SIO HiFreq: LOW
            SIO Hyst: DISABLED
            SIO Vtrip: MULTIPLIER_0_5
            SIO RefSel: VCC_IO
            Required Capabilitites: ANALOG
            Initial Value: 1
            IO Voltage: 0
        PORT MAP (
            pa_out => \CapSense_1:Cmod(0)\__PA ,
            analog_term => \CapSense_1:Net_398\ ,
            pad => \CapSense_1:Cmod(0)_PAD\ );
        Properties:
        {
        }

    Pin : Name = \CapSense_1:Sns(0)\
        Attributes:
            Alias: LinearSlider0_e0__LS
            In Group/Port: True
            In Sync Option: AUTO
            Out Sync Option: AUTO
            Interrupt generated: False
            Interrupt mode: NONE
            Drive mode: HI_Z_ANALOG
            VTrip: EITHER
            Slew: FAST
            Input Sync needed: False
            Output Sync needed: False
            SC shield enabled: False
            POR State: ANY
            LCD Mode: COMMON
            Register Mode: RegComb
            CaSense Mode: NEITHER
            Treat as pin: True
            Is OE Registered: False
            Uses Analog: True
            Can contain Digital: False
            Is SIO: False
            SIO Output Buf: NONREGULATED
            SIO Input Buf: SINGLE_ENDED
            SIO HiFreq: LOW
            SIO Hyst: DISABLED
            SIO Vtrip: MULTIPLIER_0_5
            SIO RefSel: VCC_IO
            Required Capabilitites: ANALOG
            Initial Value: 1
            IO Voltage: 0
        PORT MAP (
            pa_out => \CapSense_1:Sns(0)\__PA ,
            analog_term => \CapSense_1:Net_245_0\ ,
            pad => \CapSense_1:Sns(0)_PAD\ );
        Properties:
        {
        }

    Pin : Name = \CapSense_1:Sns(1)\
        Attributes:
            Alias: LinearSlider0_e1__LS
            In Group/Port: True
            In Sync Option: AUTO
            Out Sync Option: AUTO
            Interrupt generated: False
            Interrupt mode: NONE
            Drive mode: HI_Z_ANALOG
            VTrip: EITHER
            Slew: FAST
            Input Sync needed: False
            Output Sync needed: False
            SC shield enabled: False
            POR State: ANY
            LCD Mode: COMMON
            Register Mode: RegComb
            CaSense Mode: NEITHER
            Treat as pin: True
            Is OE Registered: False
            Uses Analog: True
            Can contain Digital: False
            Is SIO: False
            SIO Output Buf: NONREGULATED
            SIO Input Buf: SINGLE_ENDED
            SIO HiFreq: LOW
            SIO Hyst: DISABLED
            SIO Vtrip: MULTIPLIER_0_5
            SIO RefSel: VCC_IO
            Required Capabilitites: ANALOG
            Initial Value: 1
            IO Voltage: 0
        PORT MAP (
            pa_out => \CapSense_1:Sns(1)\__PA ,
            analog_term => \CapSense_1:Net_245_0\ ,
            pad => \CapSense_1:Sns(1)_PAD\ );
        Properties:
        {
        }

    Pin : Name = \CapSense_1:Sns(2)\
        Attributes:
            Alias: LinearSlider0_e2__LS
            In Group/Port: True
            In Sync Option: AUTO
            Out Sync Option: AUTO
            Interrupt generated: False
            Interrupt mode: NONE
            Drive mode: HI_Z_ANALOG
            VTrip: EITHER
            Slew: FAST
            Input Sync needed: False
            Output Sync needed: False
            SC shield enabled: False
            POR State: ANY
            LCD Mode: COMMON
            Register Mode: RegComb
            CaSense Mode: NEITHER
            Treat as pin: True
            Is OE Registered: False
            Uses Analog: True
            Can contain Digital: False
            Is SIO: False
            SIO Output Buf: NONREGULATED
            SIO Input Buf: SINGLE_ENDED
            SIO HiFreq: LOW
            SIO Hyst: DISABLED
            SIO Vtrip: MULTIPLIER_0_5
            SIO RefSel: VCC_IO
            Required Capabilitites: ANALOG
            Initial Value: 1
            IO Voltage: 0
        PORT MAP (
            pa_out => \CapSense_1:Sns(2)\__PA ,
            analog_term => \CapSense_1:Net_245_0\ ,
            pad => \CapSense_1:Sns(2)_PAD\ );
        Properties:
        {
        }

    Pin : Name = \CapSense_1:Sns(3)\
        Attributes:
            Alias: LinearSlider0_e3__LS
            In Group/Port: True
            In Sync Option: AUTO
            Out Sync Option: AUTO
            Interrupt generated: False
            Interrupt mode: NONE
            Drive mode: HI_Z_ANALOG
            VTrip: EITHER
            Slew: FAST
            Input Sync needed: False
            Output Sync needed: False
            SC shield enabled: False
            POR State: ANY
            LCD Mode: COMMON
            Register Mode: RegComb
            CaSense Mode: NEITHER
            Treat as pin: True
            Is OE Registered: False
            Uses Analog: True
            Can contain Digital: False
            Is SIO: False
            SIO Output Buf: NONREGULATED
            SIO Input Buf: SINGLE_ENDED
            SIO HiFreq: LOW
            SIO Hyst: DISABLED
            SIO Vtrip: MULTIPLIER_0_5
            SIO RefSel: VCC_IO
            Required Capabilitites: ANALOG
            Initial Value: 1
            IO Voltage: 0
        PORT MAP (
            pa_out => \CapSense_1:Sns(3)\__PA ,
            analog_term => \CapSense_1:Net_245_0\ ,
            pad => \CapSense_1:Sns(3)_PAD\ );
        Properties:
        {
        }

    Pin : Name = \CapSense_1:Sns(4)\
        Attributes:
            Alias: LinearSlider0_e4__LS
            In Group/Port: True
            In Sync Option: AUTO
            Out Sync Option: AUTO
            Interrupt generated: False
            Interrupt mode: NONE
            Drive mode: HI_Z_ANALOG
            VTrip: EITHER
            Slew: FAST
            Input Sync needed: False
            Output Sync needed: False
            SC shield enabled: False
            POR State: ANY
            LCD Mode: COMMON
            Register Mode: RegComb
            CaSense Mode: NEITHER
            Treat as pin: True
            Is OE Registered: False
            Uses Analog: True
            Can contain Digital: False
            Is SIO: False
            SIO Output Buf: NONREGULATED
            SIO Input Buf: SINGLE_ENDED
            SIO HiFreq: LOW
            SIO Hyst: DISABLED
            SIO Vtrip: MULTIPLIER_0_5
            SIO RefSel: VCC_IO
            Required Capabilitites: ANALOG
            Initial Value: 1
            IO Voltage: 0
        PORT MAP (
            pa_out => \CapSense_1:Sns(4)\__PA ,
            analog_term => \CapSense_1:Net_245_0\ ,
            pad => \CapSense_1:Sns(4)_PAD\ );
        Properties:
        {
        }

    Pin : Name = \UART_1:tx(0)\
        Attributes:
            In Group/Port: True
            In Sync Option: NOSYNC
            Out Sync Option: NOSYNC
            Interrupt generated: False
            Interrupt mode: NONE
            Drive mode: CMOS_OUT
            VTrip: CMOS
            Slew: FAST
            Input Sync needed: False
            Output Sync needed: False
            SC shield enabled: False
            POR State: ANY
            LCD Mode: COMMON
            Register Mode: RegComb
            CaSense Mode: NEITHER
            Treat as pin: True
            Is OE Registered: False
            Uses Analog: False
            Can contain Digital: True
            Is SIO: False
            SIO Output Buf: NONREGULATED
            SIO Input Buf: SINGLE_ENDED
            SIO HiFreq: LOW
            SIO Hyst: DISABLED
            SIO Vtrip: MULTIPLIER_0_5
            SIO RefSel: VCC_IO
            Required Capabilitites: DIGITAL
            Initial Value: 1
            IO Voltage: 0
        PORT MAP (
            pa_out => \UART_1:tx(0)\__PA ,
            input => \UART_1:Net_1062\ ,
            pad => \UART_1:tx(0)_PAD\ );
        Properties:
        {
        }
    </CYPRESSTAG>
    <CYPRESSTAG name="Macrocell listing" icon="FILE_RPT_EQUATION">

    ------------------------------------------------------------
    Macrocell listing
    ------------------------------------------------------------

    MacroCell: Name=__ONE__, Mode=(Combinatorial)
        Total # of inputs        : 0
        Total # of product terms : 0
            Clock Enable: True
        Main Equation            : 0 pterms
        !(
            0
        );
        Output = __ONE__ (fanout=1)
    </CYPRESSTAG>
    <CYPRESSTAG name="Datapath listing">
    </CYPRESSTAG>
    <CYPRESSTAG name="Status register listing">
    </CYPRESSTAG>
    <CYPRESSTAG name="StatusI register listing">
    </CYPRESSTAG>
    <CYPRESSTAG name="Sync listing">
    </CYPRESSTAG>
    <CYPRESSTAG name="Control register listing">
    </CYPRESSTAG>
    <CYPRESSTAG name="Count7 listing">
    </CYPRESSTAG>
    <CYPRESSTAG name="DRQ listing">
    </CYPRESSTAG>
    <CYPRESSTAG name="Interrupt listing">

    ------------------------------------------------------------
    Interrupt listing
    ------------------------------------------------------------

    interrupt: Name =\CapSense_1:ISR\
        PORT MAP (
            interrupt => \CapSense_1:Net_248\ );
        Properties:
        {
            int_type = "10"
        }
    </CYPRESSTAG>
</CYPRESSTAG>
<CYPRESSTAG name="Technology mapping summary" expanded>

------------------------------------------------------------
Technology mapping summary
------------------------------------------------------------

Resource Type                 : Used : Free :  Max :  % Used
============================================================
Digital clock dividers        :    0 :    4 :    4 :   0.00%
Pins                          :   12 :   24 :   36 :  33.33%
UDB Macrocells                :    1 :   31 :   32 :   3.13%
UDB Unique Pterms             :    0 :   64 :   64 :   0.00%
UDB Datapath Cells            :    0 :    4 :    4 :   0.00%
UDB Status Cells              :    0 :    4 :    4 :   0.00%
UDB Control Cells             :    0 :    4 :    4 :   0.00%
Interrupts                    :    1 :   31 :   32 :   3.13%
Comparator/Opamp Fixed Blocks :    0 :    2 :    2 :   0.00%
SAR Fixed Blocks              :    0 :    1 :    1 :   0.00%
CSD Fixed Blocks              :    1 :    0 :    1 : 100.00%
CapSense Blocks               :    1 :    0 :    1 : 100.00%
8-bit CapSense IDACs          :    1 :    0 :    1 : 100.00%
7-bit CapSense IDACs          :    0 :    1 :    1 :   0.00%
Temperature Sensors           :    0 :    1 :    1 :   0.00%
Low Power Comparators         :    0 :    2 :    2 :   0.00%
TCPWM Blocks                  :    3 :    1 :    4 :  75.00%
Serial Communication Blocks   :    1 :    1 :    2 :  50.00%
Segment LCD Blocks            :    0 :    1 :    1 :   0.00%
</CYPRESSTAG>
Technology Mapping: Elapsed time ==> 0s.127ms
Tech mapping phase: Elapsed time ==> 0s.219ms
</CYPRESSTAG>
<CYPRESSTAG name="Analog Placement">
<CYPRESSTAG name="Analog Placement">
Elapsed time ==> 0.0518323s
</CYPRESSTAG>
Analog Placement phase: Elapsed time ==> 0s.131ms
</CYPRESSTAG>
<CYPRESSTAG name="Analog Routing">
<CYPRESSTAG name="Analog Routing">
Route success=True, Iterations=1 Elapsed=0.0161892 secs
</CYPRESSTAG>
Analog Routing phase: Elapsed time ==> 0s.020ms
</CYPRESSTAG>
<CYPRESSTAG name="Analog Code Generation">
============ Analog Final Answer Routes ============
Dump of CyAnalogRoutingResultsDB
Map of net to items {
  Net: \CapSense_1:Net_245_0\ {
    source
    swhv_3
    amuxbusa
    P1_P41
    p1_1
    P1_P44
    p1_4
    P1_P42
    p1_2
    P1_P43
    p1_3
    P1_P45
    p1_5
  }
  Net: \CapSense_1:Net_398\ {
    Net_2110
    swh_2
    p4_2
    P4_P42
  }
}
Map of item to net {
  source                                           -> \CapSense_1:Net_245_0\
  swhv_3                                           -> \CapSense_1:Net_245_0\
  amuxbusa                                         -> \CapSense_1:Net_245_0\
  P1_P41                                           -> \CapSense_1:Net_245_0\
  p1_1                                             -> \CapSense_1:Net_245_0\
  P1_P44                                           -> \CapSense_1:Net_245_0\
  p1_4                                             -> \CapSense_1:Net_245_0\
  P1_P42                                           -> \CapSense_1:Net_245_0\
  p1_2                                             -> \CapSense_1:Net_245_0\
  P1_P43                                           -> \CapSense_1:Net_245_0\
  p1_3                                             -> \CapSense_1:Net_245_0\
  P1_P45                                           -> \CapSense_1:Net_245_0\
  p1_5                                             -> \CapSense_1:Net_245_0\
  Net_2110                                         -> \CapSense_1:Net_398\
  swh_2                                            -> \CapSense_1:Net_398\
  p4_2                                             -> \CapSense_1:Net_398\
  P4_P42                                           -> \CapSense_1:Net_398\
}
Mux Info {
}
Analog Code Generation phase: Elapsed time ==> 0s.460ms
</CYPRESSTAG>
<CYPRESSTAG name="Digital Placement">
<CYPRESSTAG name="Detailed placement messages">
I2659: No Constrained paths were found. The placer will run in non-timing driven mode.
I2076: Total run-time: 0.7 sec.

</CYPRESSTAG>
<CYPRESSTAG name="PLD Packing">
<CYPRESSTAG name="PLD Packing Summary" expanded>

------------------------------------------------------------
PLD Packing Summary
------------------------------------------------------------
            Resource Type : Used : Free :  Max :  % Used
    ====================================================
                     PLDs :    1 :    7 :    8 :  12.50%

<CYPRESSTAG name="PLD Statistics">

        PLD Resource Type :     Average/LAB
    =======================================
                   Inputs :            0.00
                   Pterms :            0.00
               Macrocells :            1.00
</CYPRESSTAG>
<CYPRESSTAG name="Packed PLD Contents">
Packed PLD Contents not displayed at this verbose level.</CYPRESSTAG>
</CYPRESSTAG>
PLD Packing: Elapsed time ==> 0s.003ms
</CYPRESSTAG>
<CYPRESSTAG name="Partitioning">
<CYPRESSTAG name="Initial Partitioning Summary">
Initial Partitioning Summary not displayed at this verbose level.</CYPRESSTAG>
<CYPRESSTAG name="Final Partitioning Summary">
Final Partitioning Summary not displayed at this verbose level.</CYPRESSTAG>
Partitioning: Elapsed time ==> 0s.062ms
</CYPRESSTAG>
<CYPRESSTAG name="Simulated Annealing">
Annealing: Elapsed time ==> 0s.005ms
<CYPRESSTAG name="Simulated Annealing Results">
The seed used for moves was 114161200.
Inital cost was 49, final cost is 49 (0.00% improvement).</CYPRESSTAG>
</CYPRESSTAG>
<CYPRESSTAG name="Final Placement Summary">

------------------------------------------------------------
Final Placement Summary
------------------------------------------------------------

       Resource Type :      Count : Avg Inputs : Avg Outputs
    ========================================================
                 UDB :          1 :       0.00 :       1.00
<CYPRESSTAG name="Final Placement Details">
<CYPRESSTAG name="Component Details">

------------------------------------------------------------
Component Placement Details
------------------------------------------------------------
UDB [UDB=(0,0)] is empty.
UDB [UDB=(0,1)] contents:
LAB@[UDB=(0,1)][LB=0] #macrocells=1, #inputs=0, #pterms=0
{
    [McSlotId=0]:     MacroCell: Name=__ONE__, Mode=(Combinatorial) @ [UDB=(0,1)][LB=0][MC=0]
        Total # of inputs        : 0
        Total # of product terms : 0
            Clock Enable: True
        Main Equation            : 0 pterms
        !(
            0
        );
        Output = __ONE__ (fanout=2)
        Properties               : 
        {
        }

    [McSlotId=1]: (empty)
    [McSlotId=2]: (empty)
    [McSlotId=3]: (empty)
}

UDB [UDB=(1,0)] is empty.
UDB [UDB=(1,1)] is empty.
Intr hod @ [IntrHod=(0)]: 
  Intr@ [IntrHod=(0)][IntrId=(15)] 
    interrupt: Name =\CapSense_1:ISR\
        PORT MAP (
            interrupt => \CapSense_1:Net_248\ );
        Properties:
        {
            int_type = "10"
        }
Port 0 contains the following IO cells:
[IoId=2]: 
Pin : Name = Pin_GreenLED(0)
    Attributes:
        In Group/Port: True
        In Sync Option: AUTO
        Out Sync Option: NOSYNC
        Interrupt generated: False
        Interrupt mode: NONE
        Drive mode: CMOS_OUT
        VTrip: EITHER
        Slew: FAST
        Input Sync needed: False
        Output Sync needed: False
        SC shield enabled: False
        POR State: ANY
        LCD Mode: COMMON
        Register Mode: RegComb
        CaSense Mode: NEITHER
        Treat as pin: True
        Is OE Registered: False
        Uses Analog: False
        Can contain Digital: True
        Is SIO: False
        SIO Output Buf: NONREGULATED
        SIO Input Buf: SINGLE_ENDED
        SIO HiFreq: LOW
        SIO Hyst: DISABLED
        SIO Vtrip: MULTIPLIER_0_5
        SIO RefSel: VCC_IO
        Required Capabilitites: DIGITAL
        Initial Value: 1
        IO Voltage: 0
    PORT MAP (
        pa_out => Pin_GreenLED(0)__PA ,
        input => Net_197 ,
        annotation => Net_46 ,
        pad => Pin_GreenLED(0)_PAD );
    Properties:
    {
    }

[IoId=3]: 
Pin : Name = Pin_BlueLED(0)
    Attributes:
        In Group/Port: True
        In Sync Option: AUTO
        Out Sync Option: NOSYNC
        Interrupt generated: False
        Interrupt mode: NONE
        Drive mode: CMOS_OUT
        VTrip: EITHER
        Slew: FAST
        Input Sync needed: False
        Output Sync needed: False
        SC shield enabled: False
        POR State: ANY
        LCD Mode: COMMON
        Register Mode: RegComb
        CaSense Mode: NEITHER
        Treat as pin: True
        Is OE Registered: False
        Uses Analog: False
        Can contain Digital: True
        Is SIO: False
        SIO Output Buf: NONREGULATED
        SIO Input Buf: SINGLE_ENDED
        SIO HiFreq: LOW
        SIO Hyst: DISABLED
        SIO Vtrip: MULTIPLIER_0_5
        SIO RefSel: VCC_IO
        Required Capabilitites: DIGITAL
        Initial Value: 1
        IO Voltage: 0
    PORT MAP (
        pa_out => Pin_BlueLED(0)__PA ,
        input => Net_209 ,
        annotation => Net_13 ,
        pad => Pin_BlueLED(0)_PAD );
    Properties:
    {
    }

Port 1 contains the following IO cells:
[IoId=1]: 
Pin : Name = \CapSense_1:Sns(0)\
    Attributes:
        Alias: LinearSlider0_e0__LS
        In Group/Port: True
        In Sync Option: AUTO
        Out Sync Option: AUTO
        Interrupt generated: False
        Interrupt mode: NONE
        Drive mode: HI_Z_ANALOG
        VTrip: EITHER
        Slew: FAST
        Input Sync needed: False
        Output Sync needed: False
        SC shield enabled: False
        POR State: ANY
        LCD Mode: COMMON
        Register Mode: RegComb
        CaSense Mode: NEITHER
        Treat as pin: True
        Is OE Registered: False
        Uses Analog: True
        Can contain Digital: False
        Is SIO: False
        SIO Output Buf: NONREGULATED
        SIO Input Buf: SINGLE_ENDED
        SIO HiFreq: LOW
        SIO Hyst: DISABLED
        SIO Vtrip: MULTIPLIER_0_5
        SIO RefSel: VCC_IO
        Required Capabilitites: ANALOG
        Initial Value: 1
        IO Voltage: 0
    PORT MAP (
        pa_out => \CapSense_1:Sns(0)\__PA ,
        analog_term => \CapSense_1:Net_245_0\ ,
        pad => \CapSense_1:Sns(0)_PAD\ );
    Properties:
    {
    }

[IoId=2]: 
Pin : Name = \CapSense_1:Sns(1)\
    Attributes:
        Alias: LinearSlider0_e1__LS
        In Group/Port: True
        In Sync Option: AUTO
        Out Sync Option: AUTO
        Interrupt generated: False
        Interrupt mode: NONE
        Drive mode: HI_Z_ANALOG
        VTrip: EITHER
        Slew: FAST
        Input Sync needed: False
        Output Sync needed: False
        SC shield enabled: False
        POR State: ANY
        LCD Mode: COMMON
        Register Mode: RegComb
        CaSense Mode: NEITHER
        Treat as pin: True
        Is OE Registered: False
        Uses Analog: True
        Can contain Digital: False
        Is SIO: False
        SIO Output Buf: NONREGULATED
        SIO Input Buf: SINGLE_ENDED
        SIO HiFreq: LOW
        SIO Hyst: DISABLED
        SIO Vtrip: MULTIPLIER_0_5
        SIO RefSel: VCC_IO
        Required Capabilitites: ANALOG
        Initial Value: 1
        IO Voltage: 0
    PORT MAP (
        pa_out => \CapSense_1:Sns(1)\__PA ,
        analog_term => \CapSense_1:Net_245_0\ ,
        pad => \CapSense_1:Sns(1)_PAD\ );
    Properties:
    {
    }

[IoId=3]: 
Pin : Name = \CapSense_1:Sns(2)\
    Attributes:
        Alias: LinearSlider0_e2__LS
        In Group/Port: True
        In Sync Option: AUTO
        Out Sync Option: AUTO
        Interrupt generated: False
        Interrupt mode: NONE
        Drive mode: HI_Z_ANALOG
        VTrip: EITHER
        Slew: FAST
        Input Sync needed: False
        Output Sync needed: False
        SC shield enabled: False
        POR State: ANY
        LCD Mode: COMMON
        Register Mode: RegComb
        CaSense Mode: NEITHER
        Treat as pin: True
        Is OE Registered: False
        Uses Analog: True
        Can contain Digital: False
        Is SIO: False
        SIO Output Buf: NONREGULATED
        SIO Input Buf: SINGLE_ENDED
        SIO HiFreq: LOW
        SIO Hyst: DISABLED
        SIO Vtrip: MULTIPLIER_0_5
        SIO RefSel: VCC_IO
        Required Capabilitites: ANALOG
        Initial Value: 1
        IO Voltage: 0
    PORT MAP (
        pa_out => \CapSense_1:Sns(2)\__PA ,
        analog_term => \CapSense_1:Net_245_0\ ,
        pad => \CapSense_1:Sns(2)_PAD\ );
    Properties:
    {
    }

[IoId=4]: 
Pin : Name = \CapSense_1:Sns(3)\
    Attributes:
        Alias: LinearSlider0_e3__LS
        In Group/Port: True
        In Sync Option: AUTO
        Out Sync Option: AUTO
        Interrupt generated: False
        Interrupt mode: NONE
        Drive mode: HI_Z_ANALOG
        VTrip: EITHER
        Slew: FAST
        Input Sync needed: False
        Output Sync needed: False
        SC shield enabled: False
        POR State: ANY
        LCD Mode: COMMON
        Register Mode: RegComb
        CaSense Mode: NEITHER
        Treat as pin: True
        Is OE Registered: False
        Uses Analog: True
        Can contain Digital: False
        Is SIO: False
        SIO Output Buf: NONREGULATED
        SIO Input Buf: SINGLE_ENDED
        SIO HiFreq: LOW
        SIO Hyst: DISABLED
        SIO Vtrip: MULTIPLIER_0_5
        SIO RefSel: VCC_IO
        Required Capabilitites: ANALOG
        Initial Value: 1
        IO Voltage: 0
    PORT MAP (
        pa_out => \CapSense_1:Sns(3)\__PA ,
        analog_term => \CapSense_1:Net_245_0\ ,
        pad => \CapSense_1:Sns(3)_PAD\ );
    Properties:
    {
    }

[IoId=5]: 
Pin : Name = \CapSense_1:Sns(4)\
    Attributes:
        Alias: LinearSlider0_e4__LS
        In Group/Port: True
        In Sync Option: AUTO
        Out Sync Option: AUTO
        Interrupt generated: False
        Interrupt mode: NONE
        Drive mode: HI_Z_ANALOG
        VTrip: EITHER
        Slew: FAST
        Input Sync needed: False
        Output Sync needed: False
        SC shield enabled: False
        POR State: ANY
        LCD Mode: COMMON
        Register Mode: RegComb
        CaSense Mode: NEITHER
        Treat as pin: True
        Is OE Registered: False
        Uses Analog: True
        Can contain Digital: False
        Is SIO: False
        SIO Output Buf: NONREGULATED
        SIO Input Buf: SINGLE_ENDED
        SIO HiFreq: LOW
        SIO Hyst: DISABLED
        SIO Vtrip: MULTIPLIER_0_5
        SIO RefSel: VCC_IO
        Required Capabilitites: ANALOG
        Initial Value: 1
        IO Voltage: 0
    PORT MAP (
        pa_out => \CapSense_1:Sns(4)\__PA ,
        analog_term => \CapSense_1:Net_245_0\ ,
        pad => \CapSense_1:Sns(4)_PAD\ );
    Properties:
    {
    }

[IoId=6]: 
Pin : Name = Pin_RedLED(0)
    Attributes:
        In Group/Port: True
        In Sync Option: AUTO
        Out Sync Option: NOSYNC
        Interrupt generated: False
        Interrupt mode: NONE
        Drive mode: CMOS_OUT
        VTrip: EITHER
        Slew: FAST
        Input Sync needed: False
        Output Sync needed: False
        SC shield enabled: False
        POR State: ANY
        LCD Mode: COMMON
        Register Mode: RegComb
        CaSense Mode: NEITHER
        Treat as pin: True
        Is OE Registered: False
        Uses Analog: False
        Can contain Digital: True
        Is SIO: False
        SIO Output Buf: NONREGULATED
        SIO Input Buf: SINGLE_ENDED
        SIO HiFreq: LOW
        SIO Hyst: DISABLED
        SIO Vtrip: MULTIPLIER_0_5
        SIO RefSel: VCC_IO
        Required Capabilitites: DIGITAL
        Initial Value: 1
        IO Voltage: 0
    PORT MAP (
        pa_out => Pin_RedLED(0)__PA ,
        input => Net_185 ,
        annotation => Net_56 ,
        pad => Pin_RedLED(0)_PAD );
    Properties:
    {
    }

Port 2 is empty
Port 3 is empty
Port 4 contains the following IO cells:
[IoId=1]: 
Pin : Name = \UART_1:tx(0)\
    Attributes:
        In Group/Port: True
        In Sync Option: NOSYNC
        Out Sync Option: NOSYNC
        Interrupt generated: False
        Interrupt mode: NONE
        Drive mode: CMOS_OUT
        VTrip: CMOS
        Slew: FAST
        Input Sync needed: False
        Output Sync needed: False
        SC shield enabled: False
        POR State: ANY
        LCD Mode: COMMON
        Register Mode: RegComb
        CaSense Mode: NEITHER
        Treat as pin: True
        Is OE Registered: False
        Uses Analog: False
        Can contain Digital: True
        Is SIO: False
        SIO Output Buf: NONREGULATED
        SIO Input Buf: SINGLE_ENDED
        SIO HiFreq: LOW
        SIO Hyst: DISABLED
        SIO Vtrip: MULTIPLIER_0_5
        SIO RefSel: VCC_IO
        Required Capabilitites: DIGITAL
        Initial Value: 1
        IO Voltage: 0
    PORT MAP (
        pa_out => \UART_1:tx(0)\__PA ,
        input => \UART_1:Net_1062\ ,
        pad => \UART_1:tx(0)_PAD\ );
    Properties:
    {
    }

[IoId=2]: 
Pin : Name = \CapSense_1:Cmod(0)\
    Attributes:
        Alias: Cmod
        In Group/Port: True
        In Sync Option: AUTO
        Out Sync Option: AUTO
        Interrupt generated: False
        Interrupt mode: NONE
        Drive mode: HI_Z_ANALOG
        VTrip: EITHER
        Slew: FAST
        Input Sync needed: False
        Output Sync needed: False
        SC shield enabled: False
        POR State: ANY
        LCD Mode: COMMON
        Register Mode: RegComb
        CaSense Mode: NEITHER
        Treat as pin: True
        Is OE Registered: False
        Uses Analog: True
        Can contain Digital: False
        Is SIO: False
        SIO Output Buf: NONREGULATED
        SIO Input Buf: SINGLE_ENDED
        SIO HiFreq: LOW
        SIO Hyst: DISABLED
        SIO Vtrip: MULTIPLIER_0_5
        SIO RefSel: VCC_IO
        Required Capabilitites: ANALOG
        Initial Value: 1
        IO Voltage: 0
    PORT MAP (
        pa_out => \CapSense_1:Cmod(0)\__PA ,
        analog_term => \CapSense_1:Net_398\ ,
        pad => \CapSense_1:Cmod(0)_PAD\ ,
        input => __ONE__ );
    Properties:
    {
    }

Clock group 0: 
    M0S8 Clock Block @ [FFB(Clock,0)]: 
    m0s8clockblockcell: Name =ClockBlock
        PORT MAP (
            hfclk => ClockBlock_HFCLK ,
            imo => ClockBlock_IMO ,
            ext => ClockBlock_EXTCLK ,
            sysclk => ClockBlock_SYSCLK ,
            ilo => ClockBlock_ILO ,
            lfclk => ClockBlock_LFCLK ,
            dsi_in_0 => ClockBlock_Routed1 ,
            ff_div_6 => \CapSense_1:Net_420_ff6\ ,
            ff_div_5 => \CapSense_1:Net_429_ff5\ ,
            ff_div_8 => Net_187_ff8 ,
            ff_div_9 => Net_187_ff9 ,
            ff_div_10 => Net_187_ff10 ,
            ff_div_2 => \UART_1:Net_847_ff2\ );
        Properties:
        {
        }
PM group 0: empty
SPC group 0: empty
WDT group 0: empty
FSS group 0: empty
Low Power Comparator group 0: empty
Serial Communication Block group 0: 
    SCB Block @ [FFB(SCB,0)]: 
    m0s8scbcell: Name =\UART_1:SCB\
        PORT MAP (
            clock => \UART_1:Net_847_ff2\ ,
            interrupt => Net_58 ,
            tx => \UART_1:Net_1062\ ,
            rts => \UART_1:Net_1053\ ,
            mosi_m => \UART_1:Net_1061\ ,
            select_m_3 => \UART_1:ss_3\ ,
            select_m_2 => \UART_1:ss_2\ ,
            select_m_1 => \UART_1:ss_1\ ,
            select_m_0 => \UART_1:ss_0\ ,
            sclk_m => \UART_1:Net_1059\ ,
            miso_s => \UART_1:Net_1055\ ,
            tx_req => Net_61 ,
            rx_req => Net_60 );
        Properties:
        {
            cy_registers = ""
            scb_mode = 2
        }
CSD Fixed Block group 0: 
    PSoC4 CSD Fixed Block @ [FFB(CSD,0)]: 
    p4csdcell: Name =\CapSense_1:CSD_FFB\
        PORT MAP (
            source => \CapSense_1:Net_245_0\ ,
            shield => \CapSense_1:Net_241\ ,
            csh => \CapSense_1:Net_246\ ,
            cmod => \CapSense_1:Net_398\ ,
            sense_out => \CapSense_1:Net_329\ ,
            sample_out => \CapSense_1:Net_328\ ,
            clk1 => \CapSense_1:Net_429_ff5\ ,
            clk2 => \CapSense_1:Net_420_ff6\ ,
            irq => \CapSense_1:Net_248\ );
        Properties:
        {
            cy_registers = ""
            is_capsense = 1
            is_cmod_charge = 0
            is_csh_charge = 0
            is_mutual = 0
            sensors_count = 5
            shield_count = 1
        }
8-bit CapSense IDAC group 0: 
    PSoC4 8-bit CapSense IDAC @ [FFB(CSIDAC8,0)]: 
    p4csidac8cell: Name =\CapSense_1:IDAC1:cy_psoc4_idac\
        PORT MAP (
            en => __ONE__ );
        Properties:
        {
            cy_registers = ""
            resolution = 8
        }
7-bit CapSense IDAC group 0: empty
TCPWM Block group 0: 
    Tcpwm Block @ [FFB(TCPWM,0)]: 
    m0s8tcpwmcell: Name =\PWM_B:cy_m0s8_tcpwm_1\
        PORT MAP (
            clock => Net_187_ff8 ,
            capture => zero ,
            count => tmpOE__Pin_RedLED_net_0 ,
            reload => zero ,
            stop => zero ,
            start => zero ,
            tr_underflow => Net_50 ,
            tr_overflow => Net_48 ,
            tr_compare_match => Net_51 ,
            line_out => Net_209 ,
            line_out_compl => Net_53 ,
            interrupt => Net_47 );
        Properties:
        {
            cy_registers = ""
        }
    Tcpwm Block @ [FFB(TCPWM,1)]: 
    m0s8tcpwmcell: Name =\PWM_G:cy_m0s8_tcpwm_1\
        PORT MAP (
            clock => Net_187_ff9 ,
            capture => zero ,
            count => tmpOE__Pin_RedLED_net_0 ,
            reload => zero ,
            stop => zero ,
            start => zero ,
            tr_underflow => Net_38 ,
            tr_overflow => Net_37 ,
            tr_compare_match => Net_39 ,
            line_out => Net_197 ,
            line_out_compl => Net_40 ,
            interrupt => Net_36 );
        Properties:
        {
            cy_registers = ""
        }
    Tcpwm Block @ [FFB(TCPWM,2)]: 
    m0s8tcpwmcell: Name =\PWM_R:cy_m0s8_tcpwm_1\
        PORT MAP (
            clock => Net_187_ff10 ,
            capture => zero ,
            count => tmpOE__Pin_RedLED_net_0 ,
            reload => zero ,
            stop => zero ,
            start => zero ,
            tr_underflow => Net_28 ,
            tr_overflow => Net_27 ,
            tr_compare_match => Net_29 ,
            line_out => Net_185 ,
            line_out_compl => Net_30 ,
            interrupt => Net_26 );
        Properties:
        {
            cy_registers = ""
        }
Comparator/Opamp Fixed Block group 0: empty
Temperature Sensor group 0: empty
SAR Fixed Block group 0: empty
Segment LCD Block group 0: empty
CLK_GEN group 0: 
    M0S8 Clock Gen Block @ [FFB(CLK_GEN,0)]: 
    m0s8clockgenblockcell: Name =ClockGenBlock
        PORT MAP (
             );
        Properties:
        {
        }
LPCOMPBLOCK group 0: empty
CTBMBLOCK group 0: empty
ANAPUMP group 0: empty
</CYPRESSTAG>
<CYPRESSTAG name="Port Configuration Details">

------------------------------------------------------------
Port Configuration report
------------------------------------------------------------
     |     |       | Interrupt |                  |                      | 
Port | Pin | Fixed |      Type |       Drive Mode |                 Name | Connections
-----+-----+-------+-----------+------------------+----------------------+------------------------------------------
   0 |   2 |     * |      NONE |         CMOS_OUT |      Pin_GreenLED(0) | In(Net_197)
     |   3 |     * |      NONE |         CMOS_OUT |       Pin_BlueLED(0) | In(Net_209)
-----+-----+-------+-----------+------------------+----------------------+------------------------------------------
   1 |   1 |     * |      NONE |      HI_Z_ANALOG |  \CapSense_1:Sns(0)\ | Analog(\CapSense_1:Net_245_0\)
     |   2 |     * |      NONE |      HI_Z_ANALOG |  \CapSense_1:Sns(1)\ | Analog(\CapSense_1:Net_245_0\)
     |   3 |     * |      NONE |      HI_Z_ANALOG |  \CapSense_1:Sns(2)\ | Analog(\CapSense_1:Net_245_0\)
     |   4 |     * |      NONE |      HI_Z_ANALOG |  \CapSense_1:Sns(3)\ | Analog(\CapSense_1:Net_245_0\)
     |   5 |     * |      NONE |      HI_Z_ANALOG |  \CapSense_1:Sns(4)\ | Analog(\CapSense_1:Net_245_0\)
     |   6 |     * |      NONE |         CMOS_OUT |        Pin_RedLED(0) | In(Net_185)
-----+-----+-------+-----------+------------------+----------------------+------------------------------------------
   4 |   1 |     * |      NONE |         CMOS_OUT |       \UART_1:tx(0)\ | In(\UART_1:Net_1062\)
     |   2 |     * |      NONE |      HI_Z_ANALOG | \CapSense_1:Cmod(0)\ | In(__ONE__), Analog(\CapSense_1:Net_398\)
--------------------------------------------------------------------------------------------------------------------
</CYPRESSTAG>
</CYPRESSTAG>
</CYPRESSTAG>
Digital component placer commit/Report: Elapsed time ==> 0s.008ms
Digital Placement phase: Elapsed time ==> 1s.714ms
</CYPRESSTAG>
<CYPRESSTAG name="Digital Routing">
Routing successful.
Digital Routing phase: Elapsed time ==> 1s.601ms
</CYPRESSTAG>
<CYPRESSTAG name="Bitstream and API generation">
Bitstream and API generation phase: Elapsed time ==> 0s.750ms
</CYPRESSTAG>
<CYPRESSTAG name="Bitstream verification">
Bitstream verification phase: Elapsed time ==> 0s.114ms
</CYPRESSTAG>
<CYPRESSTAG name="Static timing analysis">
Timing report is in Lab 3 CapSense UART_timing.html.
Static timing analysis phase: Elapsed time ==> 0s.528ms
</CYPRESSTAG>
<CYPRESSTAG name="Data reporting">
Data reporting phase: Elapsed time ==> 0s.000ms
</CYPRESSTAG>
<CYPRESSTAG name="Database update...">
Design database save phase: Elapsed time ==> 0s.877ms
</CYPRESSTAG>
cydsfit: Elapsed time ==> 6s.550ms
</CYPRESSTAG>
Fitter phase: Elapsed time ==> 6s.741ms
API generation phase: Elapsed time ==> 6s.333ms
Dependency generation phase: Elapsed time ==> 0s.060ms
Cleanup phase: Elapsed time ==> 0s.003ms
