ARM GAS  C:\Users\mitchell\AppData\Local\Temp\ccMn5Pqx.s 			page 1


   1              		.cpu cortex-m0
   2              		.fpu softvfp
   3              		.eabi_attribute 20, 1
   4              		.eabi_attribute 21, 1
   5              		.eabi_attribute 23, 3
   6              		.eabi_attribute 24, 1
   7              		.eabi_attribute 25, 1
   8              		.eabi_attribute 26, 1
   9              		.eabi_attribute 30, 6
  10              		.eabi_attribute 34, 0
  11              		.eabi_attribute 18, 4
  12              		.code	16
  13              		.file	"cyfitter_cfg.c"
  14              		.text
  15              	.Ltext0:
  16              		.cfi_sections	.debug_frame
  17              		.section	.text.CYMEMZERO,"ax",%progbits
  18              		.align	2
  19              		.code	16
  20              		.thumb_func
  21              		.type	CYMEMZERO, %function
  22              	CYMEMZERO:
  23              	.LFB0:
  24              		.file 1 ".\\Generated_Source\\PSoC4\\cyfitter_cfg.c"
   1:.\Generated_Source\PSoC4/cyfitter_cfg.c **** /*******************************************************************************
   2:.\Generated_Source\PSoC4/cyfitter_cfg.c **** * FILENAME: cyfitter_cfg.c
   3:.\Generated_Source\PSoC4/cyfitter_cfg.c **** * 
   4:.\Generated_Source\PSoC4/cyfitter_cfg.c **** * PSoC Creator  3.2 SP1
   5:.\Generated_Source\PSoC4/cyfitter_cfg.c **** *
   6:.\Generated_Source\PSoC4/cyfitter_cfg.c **** * DESCRIPTION:
   7:.\Generated_Source\PSoC4/cyfitter_cfg.c **** * This file contains device initialization code.
   8:.\Generated_Source\PSoC4/cyfitter_cfg.c **** * Except for the user defined sections in CyClockStartupError(), this file should not be modified.
   9:.\Generated_Source\PSoC4/cyfitter_cfg.c **** * This file is automatically generated by PSoC Creator.
  10:.\Generated_Source\PSoC4/cyfitter_cfg.c **** *
  11:.\Generated_Source\PSoC4/cyfitter_cfg.c **** ********************************************************************************
  12:.\Generated_Source\PSoC4/cyfitter_cfg.c **** * Copyright (c) 2007-2015 Cypress Semiconductor.  All rights reserved.
  13:.\Generated_Source\PSoC4/cyfitter_cfg.c **** * You may use this file only in accordance with the license, terms, conditions, 
  14:.\Generated_Source\PSoC4/cyfitter_cfg.c **** * disclaimers, and limitations in the end user license agreement accompanying 
  15:.\Generated_Source\PSoC4/cyfitter_cfg.c **** * the software package with which this file was provided.
  16:.\Generated_Source\PSoC4/cyfitter_cfg.c **** ********************************************************************************/
  17:.\Generated_Source\PSoC4/cyfitter_cfg.c **** 
  18:.\Generated_Source\PSoC4/cyfitter_cfg.c **** #include <string.h>
  19:.\Generated_Source\PSoC4/cyfitter_cfg.c **** #include "cytypes.h"
  20:.\Generated_Source\PSoC4/cyfitter_cfg.c **** #include "cydevice_trm.h"
  21:.\Generated_Source\PSoC4/cyfitter_cfg.c **** #include "cyfitter.h"
  22:.\Generated_Source\PSoC4/cyfitter_cfg.c **** #include "CyLib.h"
  23:.\Generated_Source\PSoC4/cyfitter_cfg.c **** #include "cyfitter_cfg.h"
  24:.\Generated_Source\PSoC4/cyfitter_cfg.c **** 
  25:.\Generated_Source\PSoC4/cyfitter_cfg.c **** 
  26:.\Generated_Source\PSoC4/cyfitter_cfg.c **** #if defined(__GNUC__) || defined(__ARMCC_VERSION)
  27:.\Generated_Source\PSoC4/cyfitter_cfg.c ****     #define CYPACKED 
  28:.\Generated_Source\PSoC4/cyfitter_cfg.c ****     #define CYPACKED_ATTR __attribute__ ((packed))
  29:.\Generated_Source\PSoC4/cyfitter_cfg.c ****     #define CYALIGNED __attribute__ ((aligned))
  30:.\Generated_Source\PSoC4/cyfitter_cfg.c ****     #define CY_CFG_UNUSED __attribute__ ((unused))
  31:.\Generated_Source\PSoC4/cyfitter_cfg.c ****     #define CY_CFG_SECTION __attribute__ ((section(".psocinit")))
  32:.\Generated_Source\PSoC4/cyfitter_cfg.c ****     
  33:.\Generated_Source\PSoC4/cyfitter_cfg.c ****     #if defined(__ARMCC_VERSION)
ARM GAS  C:\Users\mitchell\AppData\Local\Temp\ccMn5Pqx.s 			page 2


  34:.\Generated_Source\PSoC4/cyfitter_cfg.c ****         #define CY_CFG_MEMORY_BARRIER() __memory_changed()
  35:.\Generated_Source\PSoC4/cyfitter_cfg.c ****     #else
  36:.\Generated_Source\PSoC4/cyfitter_cfg.c ****         #define CY_CFG_MEMORY_BARRIER() __sync_synchronize()
  37:.\Generated_Source\PSoC4/cyfitter_cfg.c ****     #endif
  38:.\Generated_Source\PSoC4/cyfitter_cfg.c ****     
  39:.\Generated_Source\PSoC4/cyfitter_cfg.c **** #elif defined(__ICCARM__)
  40:.\Generated_Source\PSoC4/cyfitter_cfg.c ****     #include <intrinsics.h>
  41:.\Generated_Source\PSoC4/cyfitter_cfg.c **** 
  42:.\Generated_Source\PSoC4/cyfitter_cfg.c ****     #define CYPACKED __packed
  43:.\Generated_Source\PSoC4/cyfitter_cfg.c ****     #define CYPACKED_ATTR 
  44:.\Generated_Source\PSoC4/cyfitter_cfg.c ****     #define CYALIGNED _Pragma("data_alignment=4")
  45:.\Generated_Source\PSoC4/cyfitter_cfg.c ****     #define CY_CFG_UNUSED _Pragma("diag_suppress=Pe177")
  46:.\Generated_Source\PSoC4/cyfitter_cfg.c ****     #define CY_CFG_SECTION _Pragma("location=\".psocinit\"")
  47:.\Generated_Source\PSoC4/cyfitter_cfg.c ****     
  48:.\Generated_Source\PSoC4/cyfitter_cfg.c ****     #define CY_CFG_MEMORY_BARRIER() __DMB()
  49:.\Generated_Source\PSoC4/cyfitter_cfg.c ****     
  50:.\Generated_Source\PSoC4/cyfitter_cfg.c **** #else
  51:.\Generated_Source\PSoC4/cyfitter_cfg.c ****     #error Unsupported toolchain
  52:.\Generated_Source\PSoC4/cyfitter_cfg.c **** #endif
  53:.\Generated_Source\PSoC4/cyfitter_cfg.c **** 
  54:.\Generated_Source\PSoC4/cyfitter_cfg.c **** 
  55:.\Generated_Source\PSoC4/cyfitter_cfg.c **** CY_CFG_UNUSED
  56:.\Generated_Source\PSoC4/cyfitter_cfg.c **** static void CYMEMZERO(void *s, size_t n);
  57:.\Generated_Source\PSoC4/cyfitter_cfg.c **** CY_CFG_UNUSED
  58:.\Generated_Source\PSoC4/cyfitter_cfg.c **** static void CYMEMZERO(void *s, size_t n)
  59:.\Generated_Source\PSoC4/cyfitter_cfg.c **** {
  25              		.loc 1 59 0
  26              		.cfi_startproc
  27 0000 80B5     		push	{r7, lr}
  28              		.cfi_def_cfa_offset 8
  29              		.cfi_offset 7, -8
  30              		.cfi_offset 14, -4
  31 0002 82B0     		sub	sp, sp, #8
  32              		.cfi_def_cfa_offset 16
  33 0004 00AF     		add	r7, sp, #0
  34              		.cfi_def_cfa_register 7
  35 0006 7860     		str	r0, [r7, #4]
  36 0008 3960     		str	r1, [r7]
  60:.\Generated_Source\PSoC4/cyfitter_cfg.c **** 	(void)memset(s, 0, n);
  37              		.loc 1 60 0
  38 000a 7A68     		ldr	r2, [r7, #4]
  39 000c 3B68     		ldr	r3, [r7]
  40 000e 101C     		mov	r0, r2
  41 0010 0021     		mov	r1, #0
  42 0012 1A1C     		mov	r2, r3
  43 0014 FFF7FEFF 		bl	memset
  61:.\Generated_Source\PSoC4/cyfitter_cfg.c **** }
  44              		.loc 1 61 0
  45 0018 BD46     		mov	sp, r7
  46 001a 02B0     		add	sp, sp, #8
  47              		@ sp needed
  48 001c 80BD     		pop	{r7, pc}
  49              		.cfi_endproc
  50              	.LFE0:
  51              		.size	CYMEMZERO, .-CYMEMZERO
  52 001e C046     		.section	.text.CYCONFIGCPY,"ax",%progbits
  53              		.align	2
ARM GAS  C:\Users\mitchell\AppData\Local\Temp\ccMn5Pqx.s 			page 3


  54              		.code	16
  55              		.thumb_func
  56              		.type	CYCONFIGCPY, %function
  57              	CYCONFIGCPY:
  58              	.LFB1:
  62:.\Generated_Source\PSoC4/cyfitter_cfg.c **** CY_CFG_UNUSED
  63:.\Generated_Source\PSoC4/cyfitter_cfg.c **** static void CYCONFIGCPY(void *dest, const void *src, size_t n);
  64:.\Generated_Source\PSoC4/cyfitter_cfg.c **** CY_CFG_UNUSED
  65:.\Generated_Source\PSoC4/cyfitter_cfg.c **** static void CYCONFIGCPY(void *dest, const void *src, size_t n)
  66:.\Generated_Source\PSoC4/cyfitter_cfg.c **** {
  59              		.loc 1 66 0
  60              		.cfi_startproc
  61 0000 80B5     		push	{r7, lr}
  62              		.cfi_def_cfa_offset 8
  63              		.cfi_offset 7, -8
  64              		.cfi_offset 14, -4
  65 0002 84B0     		sub	sp, sp, #16
  66              		.cfi_def_cfa_offset 24
  67 0004 00AF     		add	r7, sp, #0
  68              		.cfi_def_cfa_register 7
  69 0006 F860     		str	r0, [r7, #12]
  70 0008 B960     		str	r1, [r7, #8]
  71 000a 7A60     		str	r2, [r7, #4]
  67:.\Generated_Source\PSoC4/cyfitter_cfg.c **** 	(void)memcpy(dest, src, n);
  72              		.loc 1 67 0
  73 000c F968     		ldr	r1, [r7, #12]
  74 000e BA68     		ldr	r2, [r7, #8]
  75 0010 7B68     		ldr	r3, [r7, #4]
  76 0012 081C     		mov	r0, r1
  77 0014 111C     		mov	r1, r2
  78 0016 1A1C     		mov	r2, r3
  79 0018 FFF7FEFF 		bl	memcpy
  68:.\Generated_Source\PSoC4/cyfitter_cfg.c **** }
  80              		.loc 1 68 0
  81 001c BD46     		mov	sp, r7
  82 001e 04B0     		add	sp, sp, #16
  83              		@ sp needed
  84 0020 80BD     		pop	{r7, pc}
  85              		.cfi_endproc
  86              	.LFE1:
  87              		.size	CYCONFIGCPY, .-CYCONFIGCPY
  88 0022 C046     		.section	.text.CYCONFIGCPYCODE,"ax",%progbits
  89              		.align	2
  90              		.code	16
  91              		.thumb_func
  92              		.type	CYCONFIGCPYCODE, %function
  93              	CYCONFIGCPYCODE:
  94              	.LFB2:
  69:.\Generated_Source\PSoC4/cyfitter_cfg.c **** CY_CFG_UNUSED
  70:.\Generated_Source\PSoC4/cyfitter_cfg.c **** static void CYCONFIGCPYCODE(void *dest, const void *src, size_t n);
  71:.\Generated_Source\PSoC4/cyfitter_cfg.c **** CY_CFG_UNUSED
  72:.\Generated_Source\PSoC4/cyfitter_cfg.c **** static void CYCONFIGCPYCODE(void *dest, const void *src, size_t n)
  73:.\Generated_Source\PSoC4/cyfitter_cfg.c **** {
  95              		.loc 1 73 0
  96              		.cfi_startproc
  97 0000 80B5     		push	{r7, lr}
  98              		.cfi_def_cfa_offset 8
ARM GAS  C:\Users\mitchell\AppData\Local\Temp\ccMn5Pqx.s 			page 4


  99              		.cfi_offset 7, -8
 100              		.cfi_offset 14, -4
 101 0002 84B0     		sub	sp, sp, #16
 102              		.cfi_def_cfa_offset 24
 103 0004 00AF     		add	r7, sp, #0
 104              		.cfi_def_cfa_register 7
 105 0006 F860     		str	r0, [r7, #12]
 106 0008 B960     		str	r1, [r7, #8]
 107 000a 7A60     		str	r2, [r7, #4]
  74:.\Generated_Source\PSoC4/cyfitter_cfg.c **** 	(void)memcpy(dest, src, n);
 108              		.loc 1 74 0
 109 000c F968     		ldr	r1, [r7, #12]
 110 000e BA68     		ldr	r2, [r7, #8]
 111 0010 7B68     		ldr	r3, [r7, #4]
 112 0012 081C     		mov	r0, r1
 113 0014 111C     		mov	r1, r2
 114 0016 1A1C     		mov	r2, r3
 115 0018 FFF7FEFF 		bl	memcpy
  75:.\Generated_Source\PSoC4/cyfitter_cfg.c **** }
 116              		.loc 1 75 0
 117 001c BD46     		mov	sp, r7
 118 001e 04B0     		add	sp, sp, #16
 119              		@ sp needed
 120 0020 80BD     		pop	{r7, pc}
 121              		.cfi_endproc
 122              	.LFE2:
 123              		.size	CYCONFIGCPYCODE, .-CYCONFIGCPYCODE
 124 0022 C046     		.section	.text.cfg_write_bytes32,"ax",%progbits
 125              		.align	2
 126              		.code	16
 127              		.thumb_func
 128              		.type	cfg_write_bytes32, %function
 129              	cfg_write_bytes32:
 130              	.LFB3:
  76:.\Generated_Source\PSoC4/cyfitter_cfg.c **** 
  77:.\Generated_Source\PSoC4/cyfitter_cfg.c **** 
  78:.\Generated_Source\PSoC4/cyfitter_cfg.c **** 
  79:.\Generated_Source\PSoC4/cyfitter_cfg.c **** /* Clock startup error codes                                                   */
  80:.\Generated_Source\PSoC4/cyfitter_cfg.c **** #define CYCLOCKSTART_NO_ERROR    0u
  81:.\Generated_Source\PSoC4/cyfitter_cfg.c **** #define CYCLOCKSTART_XTAL_ERROR  1u
  82:.\Generated_Source\PSoC4/cyfitter_cfg.c **** #define CYCLOCKSTART_32KHZ_ERROR 2u
  83:.\Generated_Source\PSoC4/cyfitter_cfg.c **** #define CYCLOCKSTART_PLL_ERROR   3u
  84:.\Generated_Source\PSoC4/cyfitter_cfg.c **** 
  85:.\Generated_Source\PSoC4/cyfitter_cfg.c **** #ifdef CY_NEED_CYCLOCKSTARTUPERROR
  86:.\Generated_Source\PSoC4/cyfitter_cfg.c **** /*******************************************************************************
  87:.\Generated_Source\PSoC4/cyfitter_cfg.c **** * Function Name: CyClockStartupError
  88:.\Generated_Source\PSoC4/cyfitter_cfg.c **** ********************************************************************************
  89:.\Generated_Source\PSoC4/cyfitter_cfg.c **** * Summary:
  90:.\Generated_Source\PSoC4/cyfitter_cfg.c **** *  If an error is encountered during clock configuration (crystal startup error,
  91:.\Generated_Source\PSoC4/cyfitter_cfg.c **** *  PLL lock error, etc.), the system will end up here.  Unless reimplemented by
  92:.\Generated_Source\PSoC4/cyfitter_cfg.c **** *  the customer, this function will stop in an infinite loop.
  93:.\Generated_Source\PSoC4/cyfitter_cfg.c **** *
  94:.\Generated_Source\PSoC4/cyfitter_cfg.c **** * Parameters:
  95:.\Generated_Source\PSoC4/cyfitter_cfg.c **** *   void
  96:.\Generated_Source\PSoC4/cyfitter_cfg.c **** *
  97:.\Generated_Source\PSoC4/cyfitter_cfg.c **** * Return:
  98:.\Generated_Source\PSoC4/cyfitter_cfg.c **** *   void
ARM GAS  C:\Users\mitchell\AppData\Local\Temp\ccMn5Pqx.s 			page 5


  99:.\Generated_Source\PSoC4/cyfitter_cfg.c **** *
 100:.\Generated_Source\PSoC4/cyfitter_cfg.c **** *******************************************************************************/
 101:.\Generated_Source\PSoC4/cyfitter_cfg.c **** CY_CFG_UNUSED
 102:.\Generated_Source\PSoC4/cyfitter_cfg.c **** static void CyClockStartupError(uint8 errorCode);
 103:.\Generated_Source\PSoC4/cyfitter_cfg.c **** CY_CFG_UNUSED
 104:.\Generated_Source\PSoC4/cyfitter_cfg.c **** static void CyClockStartupError(uint8 errorCode)
 105:.\Generated_Source\PSoC4/cyfitter_cfg.c **** {
 106:.\Generated_Source\PSoC4/cyfitter_cfg.c ****     /* To remove the compiler warning if errorCode not used.                */
 107:.\Generated_Source\PSoC4/cyfitter_cfg.c ****     errorCode = errorCode;
 108:.\Generated_Source\PSoC4/cyfitter_cfg.c **** 
 109:.\Generated_Source\PSoC4/cyfitter_cfg.c ****     /* `#START CyClockStartupError` */
 110:.\Generated_Source\PSoC4/cyfitter_cfg.c **** 
 111:.\Generated_Source\PSoC4/cyfitter_cfg.c ****     /* If we have a clock startup error (bad MHz crystal, PLL lock, etc.),  */
 112:.\Generated_Source\PSoC4/cyfitter_cfg.c ****     /* we will end up here to allow the customer to implement something to  */
 113:.\Generated_Source\PSoC4/cyfitter_cfg.c ****     /* deal with the clock condition.                                       */
 114:.\Generated_Source\PSoC4/cyfitter_cfg.c **** 
 115:.\Generated_Source\PSoC4/cyfitter_cfg.c ****     /* `#END` */
 116:.\Generated_Source\PSoC4/cyfitter_cfg.c **** 
 117:.\Generated_Source\PSoC4/cyfitter_cfg.c ****     /* If nothing else, stop here since the clocks have not started         */
 118:.\Generated_Source\PSoC4/cyfitter_cfg.c ****     /* correctly.                                                           */
 119:.\Generated_Source\PSoC4/cyfitter_cfg.c ****     while(1) {}
 120:.\Generated_Source\PSoC4/cyfitter_cfg.c **** }
 121:.\Generated_Source\PSoC4/cyfitter_cfg.c **** #endif
 122:.\Generated_Source\PSoC4/cyfitter_cfg.c **** 
 123:.\Generated_Source\PSoC4/cyfitter_cfg.c **** #define CY_CFG_BASE_ADDR_COUNT 3u
 124:.\Generated_Source\PSoC4/cyfitter_cfg.c **** CYPACKED typedef struct
 125:.\Generated_Source\PSoC4/cyfitter_cfg.c **** {
 126:.\Generated_Source\PSoC4/cyfitter_cfg.c **** 	uint8 offset;
 127:.\Generated_Source\PSoC4/cyfitter_cfg.c **** 	uint8 value;
 128:.\Generated_Source\PSoC4/cyfitter_cfg.c **** } CYPACKED_ATTR cy_cfg_addrvalue_t;
 129:.\Generated_Source\PSoC4/cyfitter_cfg.c **** 
 130:.\Generated_Source\PSoC4/cyfitter_cfg.c **** 
 131:.\Generated_Source\PSoC4/cyfitter_cfg.c **** 
 132:.\Generated_Source\PSoC4/cyfitter_cfg.c **** /*******************************************************************************
 133:.\Generated_Source\PSoC4/cyfitter_cfg.c **** * Function Name: cfg_write_bytes32
 134:.\Generated_Source\PSoC4/cyfitter_cfg.c **** ********************************************************************************
 135:.\Generated_Source\PSoC4/cyfitter_cfg.c **** * Summary:
 136:.\Generated_Source\PSoC4/cyfitter_cfg.c **** *  This function is used for setting up the chip configuration areas that
 137:.\Generated_Source\PSoC4/cyfitter_cfg.c **** *  contain relatively sparse data.
 138:.\Generated_Source\PSoC4/cyfitter_cfg.c **** *
 139:.\Generated_Source\PSoC4/cyfitter_cfg.c **** * Parameters:
 140:.\Generated_Source\PSoC4/cyfitter_cfg.c **** *   void
 141:.\Generated_Source\PSoC4/cyfitter_cfg.c **** *
 142:.\Generated_Source\PSoC4/cyfitter_cfg.c **** * Return:
 143:.\Generated_Source\PSoC4/cyfitter_cfg.c **** *   void
 144:.\Generated_Source\PSoC4/cyfitter_cfg.c **** *
 145:.\Generated_Source\PSoC4/cyfitter_cfg.c **** *******************************************************************************/
 146:.\Generated_Source\PSoC4/cyfitter_cfg.c **** static void cfg_write_bytes32(const uint32 addr_table[], const cy_cfg_addrvalue_t data_table[]);
 147:.\Generated_Source\PSoC4/cyfitter_cfg.c **** static void cfg_write_bytes32(const uint32 addr_table[], const cy_cfg_addrvalue_t data_table[])
 148:.\Generated_Source\PSoC4/cyfitter_cfg.c **** {
 131              		.loc 1 148 0
 132              		.cfi_startproc
 133 0000 80B5     		push	{r7, lr}
 134              		.cfi_def_cfa_offset 8
 135              		.cfi_offset 7, -8
 136              		.cfi_offset 14, -4
 137 0002 86B0     		sub	sp, sp, #24
ARM GAS  C:\Users\mitchell\AppData\Local\Temp\ccMn5Pqx.s 			page 6


 138              		.cfi_def_cfa_offset 32
 139 0004 00AF     		add	r7, sp, #0
 140              		.cfi_def_cfa_register 7
 141 0006 7860     		str	r0, [r7, #4]
 142 0008 3960     		str	r1, [r7]
 149:.\Generated_Source\PSoC4/cyfitter_cfg.c **** 	/* For 32-bit little-endian architectures */
 150:.\Generated_Source\PSoC4/cyfitter_cfg.c **** 	uint32 i, j = 0u;
 143              		.loc 1 150 0
 144 000a 0023     		mov	r3, #0
 145 000c 3B61     		str	r3, [r7, #16]
 151:.\Generated_Source\PSoC4/cyfitter_cfg.c **** 	for (i = 0u; i < CY_CFG_BASE_ADDR_COUNT; i++)
 146              		.loc 1 151 0
 147 000e 0023     		mov	r3, #0
 148 0010 7B61     		str	r3, [r7, #20]
 149 0012 2EE0     		b	.L5
 150              	.L8:
 151              	.LBB2:
 152:.\Generated_Source\PSoC4/cyfitter_cfg.c **** 	{
 153:.\Generated_Source\PSoC4/cyfitter_cfg.c **** 		uint32 baseAddr = addr_table[i];
 152              		.loc 1 153 0
 153 0014 7B69     		ldr	r3, [r7, #20]
 154 0016 9B00     		lsl	r3, r3, #2
 155 0018 7A68     		ldr	r2, [r7, #4]
 156 001a D318     		add	r3, r2, r3
 157 001c 1B68     		ldr	r3, [r3]
 158 001e BB60     		str	r3, [r7, #8]
 154:.\Generated_Source\PSoC4/cyfitter_cfg.c **** 		uint8 count = (uint8)baseAddr;
 159              		.loc 1 154 0
 160 0020 3B1C     		mov	r3, r7
 161 0022 0F33     		add	r3, r3, #15
 162 0024 BA68     		ldr	r2, [r7, #8]
 163 0026 1A70     		strb	r2, [r3]
 155:.\Generated_Source\PSoC4/cyfitter_cfg.c **** 		baseAddr &= 0xFFFFFF00u;
 164              		.loc 1 155 0
 165 0028 BB68     		ldr	r3, [r7, #8]
 166 002a FF22     		mov	r2, #255
 167 002c 9343     		bic	r3, r2
 168 002e BB60     		str	r3, [r7, #8]
 156:.\Generated_Source\PSoC4/cyfitter_cfg.c **** 		while (count != 0u)
 169              		.loc 1 156 0
 170 0030 17E0     		b	.L6
 171              	.L7:
 157:.\Generated_Source\PSoC4/cyfitter_cfg.c **** 		{
 158:.\Generated_Source\PSoC4/cyfitter_cfg.c **** 			CY_SET_XTND_REG8((void CYFAR *)(baseAddr + data_table[j].offset), data_table[j].value);
 172              		.loc 1 158 0
 173 0032 3B69     		ldr	r3, [r7, #16]
 174 0034 5B00     		lsl	r3, r3, #1
 175 0036 3A68     		ldr	r2, [r7]
 176 0038 D318     		add	r3, r2, r3
 177 003a 1B78     		ldrb	r3, [r3]
 178 003c 1A1C     		mov	r2, r3
 179 003e BB68     		ldr	r3, [r7, #8]
 180 0040 D318     		add	r3, r2, r3
 181 0042 3A69     		ldr	r2, [r7, #16]
 182 0044 5200     		lsl	r2, r2, #1
 183 0046 3968     		ldr	r1, [r7]
 184 0048 8A18     		add	r2, r1, r2
ARM GAS  C:\Users\mitchell\AppData\Local\Temp\ccMn5Pqx.s 			page 7


 185 004a 5278     		ldrb	r2, [r2, #1]
 186 004c 1A70     		strb	r2, [r3]
 159:.\Generated_Source\PSoC4/cyfitter_cfg.c **** 			j++;
 187              		.loc 1 159 0
 188 004e 3B69     		ldr	r3, [r7, #16]
 189 0050 0133     		add	r3, r3, #1
 190 0052 3B61     		str	r3, [r7, #16]
 160:.\Generated_Source\PSoC4/cyfitter_cfg.c **** 			count--;
 191              		.loc 1 160 0
 192 0054 3B1C     		mov	r3, r7
 193 0056 0F33     		add	r3, r3, #15
 194 0058 1A78     		ldrb	r2, [r3]
 195 005a 3B1C     		mov	r3, r7
 196 005c 0F33     		add	r3, r3, #15
 197 005e 013A     		sub	r2, r2, #1
 198 0060 1A70     		strb	r2, [r3]
 199              	.L6:
 156:.\Generated_Source\PSoC4/cyfitter_cfg.c **** 		while (count != 0u)
 200              		.loc 1 156 0 discriminator 1
 201 0062 3B1C     		mov	r3, r7
 202 0064 0F33     		add	r3, r3, #15
 203 0066 1B78     		ldrb	r3, [r3]
 204 0068 002B     		cmp	r3, #0
 205 006a E2D1     		bne	.L7
 206              	.LBE2:
 151:.\Generated_Source\PSoC4/cyfitter_cfg.c **** 	for (i = 0u; i < CY_CFG_BASE_ADDR_COUNT; i++)
 207              		.loc 1 151 0
 208 006c 7B69     		ldr	r3, [r7, #20]
 209 006e 0133     		add	r3, r3, #1
 210 0070 7B61     		str	r3, [r7, #20]
 211              	.L5:
 151:.\Generated_Source\PSoC4/cyfitter_cfg.c **** 	for (i = 0u; i < CY_CFG_BASE_ADDR_COUNT; i++)
 212              		.loc 1 151 0 is_stmt 0 discriminator 1
 213 0072 7B69     		ldr	r3, [r7, #20]
 214 0074 022B     		cmp	r3, #2
 215 0076 CDD9     		bls	.L8
 161:.\Generated_Source\PSoC4/cyfitter_cfg.c **** 		}
 162:.\Generated_Source\PSoC4/cyfitter_cfg.c **** 	}
 163:.\Generated_Source\PSoC4/cyfitter_cfg.c **** }
 216              		.loc 1 163 0 is_stmt 1
 217 0078 BD46     		mov	sp, r7
 218 007a 06B0     		add	sp, sp, #24
 219              		@ sp needed
 220 007c 80BD     		pop	{r7, pc}
 221              		.cfi_endproc
 222              	.LFE3:
 223              		.size	cfg_write_bytes32, .-cfg_write_bytes32
 224 007e C046     		.section	.psocinit,"ax",%progbits
 225              		.align	2
 226              		.code	16
 227              		.thumb_func
 228              		.type	ClockSetup, %function
 229              	ClockSetup:
 230              	.LFB4:
 164:.\Generated_Source\PSoC4/cyfitter_cfg.c **** 
 165:.\Generated_Source\PSoC4/cyfitter_cfg.c **** 
 166:.\Generated_Source\PSoC4/cyfitter_cfg.c **** /*******************************************************************************
ARM GAS  C:\Users\mitchell\AppData\Local\Temp\ccMn5Pqx.s 			page 8


 167:.\Generated_Source\PSoC4/cyfitter_cfg.c **** * Function Name: ClockSetup
 168:.\Generated_Source\PSoC4/cyfitter_cfg.c **** ********************************************************************************
 169:.\Generated_Source\PSoC4/cyfitter_cfg.c **** *
 170:.\Generated_Source\PSoC4/cyfitter_cfg.c **** * Summary:
 171:.\Generated_Source\PSoC4/cyfitter_cfg.c **** *   Performs the initialization of all of the clocks in the device based on the
 172:.\Generated_Source\PSoC4/cyfitter_cfg.c **** *   settings in the Clock tab of the DWR.  This includes enabling the requested
 173:.\Generated_Source\PSoC4/cyfitter_cfg.c **** *   clocks and setting the necessary dividers to produce the desired frequency. 
 174:.\Generated_Source\PSoC4/cyfitter_cfg.c **** *
 175:.\Generated_Source\PSoC4/cyfitter_cfg.c **** * Parameters:
 176:.\Generated_Source\PSoC4/cyfitter_cfg.c **** *   void
 177:.\Generated_Source\PSoC4/cyfitter_cfg.c **** *
 178:.\Generated_Source\PSoC4/cyfitter_cfg.c **** * Return:
 179:.\Generated_Source\PSoC4/cyfitter_cfg.c **** *   void
 180:.\Generated_Source\PSoC4/cyfitter_cfg.c **** *
 181:.\Generated_Source\PSoC4/cyfitter_cfg.c **** *******************************************************************************/
 182:.\Generated_Source\PSoC4/cyfitter_cfg.c **** static void ClockSetup(void);
 183:.\Generated_Source\PSoC4/cyfitter_cfg.c **** CY_CFG_SECTION
 184:.\Generated_Source\PSoC4/cyfitter_cfg.c **** static void ClockSetup(void)
 185:.\Generated_Source\PSoC4/cyfitter_cfg.c **** {
 231              		.loc 1 185 0
 232              		.cfi_startproc
 233 0000 80B5     		push	{r7, lr}
 234              		.cfi_def_cfa_offset 8
 235              		.cfi_offset 7, -8
 236              		.cfi_offset 14, -4
 237 0002 00AF     		add	r7, sp, #0
 238              		.cfi_def_cfa_register 7
 186:.\Generated_Source\PSoC4/cyfitter_cfg.c **** 	/* Enable HALF_EN before trimming for the flash accelerator. */
 187:.\Generated_Source\PSoC4/cyfitter_cfg.c **** 	CY_SET_REG32((void CYXDATA *)(CYREG_CLK_SELECT), (CY_GET_REG32((void *)CYREG_CLK_SELECT) | 0x00040
 239              		.loc 1 187 0
 240 0004 104B     		ldr	r3, .L10
 241 0006 104A     		ldr	r2, .L10
 242 0008 1268     		ldr	r2, [r2]
 243 000a 8021     		mov	r1, #128
 244 000c C902     		lsl	r1, r1, #11
 245 000e 0A43     		orr	r2, r1
 246 0010 1A60     		str	r2, [r3]
 188:.\Generated_Source\PSoC4/cyfitter_cfg.c **** 
 189:.\Generated_Source\PSoC4/cyfitter_cfg.c **** 	/* Setup and trim IMO based on desired frequency. */
 190:.\Generated_Source\PSoC4/cyfitter_cfg.c **** 	CySysClkWriteImoFreq(24u);
 247              		.loc 1 190 0
 248 0012 1820     		mov	r0, #24
 249 0014 FFF7FEFF 		bl	CySysClkWriteImoFreq
 191:.\Generated_Source\PSoC4/cyfitter_cfg.c **** 
 192:.\Generated_Source\PSoC4/cyfitter_cfg.c **** 	/* Disable HALF_EN since it is not required at this IMO frequency. */
 193:.\Generated_Source\PSoC4/cyfitter_cfg.c **** 	CY_SET_REG32((void CYXDATA *)(CYREG_CLK_SELECT), (CY_GET_REG32((void *)CYREG_CLK_SELECT) & 0xFFFBF
 250              		.loc 1 193 0
 251 0018 0B4B     		ldr	r3, .L10
 252 001a 0B4A     		ldr	r2, .L10
 253 001c 1168     		ldr	r1, [r2]
 254 001e 0B4A     		ldr	r2, .L10+4
 255 0020 0A40     		and	r2, r1
 256 0022 1A60     		str	r2, [r3]
 194:.\Generated_Source\PSoC4/cyfitter_cfg.c **** 	/* CYDEV_CLK_ILO_CONFIG Starting address: CYDEV_CLK_ILO_CONFIG */
 195:.\Generated_Source\PSoC4/cyfitter_cfg.c **** 	CY_SET_XTND_REG32((void CYFAR *)(CYREG_CLK_ILO_CONFIG), 0x80000006u);
 257              		.loc 1 195 0
 258 0024 0A4B     		ldr	r3, .L10+8
ARM GAS  C:\Users\mitchell\AppData\Local\Temp\ccMn5Pqx.s 			page 9


 259 0026 0B4A     		ldr	r2, .L10+12
 260 0028 1A60     		str	r2, [r3]
 196:.\Generated_Source\PSoC4/cyfitter_cfg.c **** 
 197:.\Generated_Source\PSoC4/cyfitter_cfg.c **** 
 198:.\Generated_Source\PSoC4/cyfitter_cfg.c **** 	/* CYDEV_CLK_SELECT00 Starting address: CYDEV_CLK_SELECT00 */
 199:.\Generated_Source\PSoC4/cyfitter_cfg.c **** 	CY_SET_XTND_REG32((void CYFAR *)(CYREG_CLK_SELECT08), 0x00000010u);
 261              		.loc 1 199 0
 262 002a 0B4B     		ldr	r3, .L10+16
 263 002c 1022     		mov	r2, #16
 264 002e 1A60     		str	r2, [r3]
 200:.\Generated_Source\PSoC4/cyfitter_cfg.c **** 
 201:.\Generated_Source\PSoC4/cyfitter_cfg.c **** 	/* CYDEV_CLK_IMO_CONFIG Starting address: CYDEV_CLK_IMO_CONFIG */
 202:.\Generated_Source\PSoC4/cyfitter_cfg.c **** 	CY_SET_XTND_REG32((void CYFAR *)(CYREG_CLK_IMO_CONFIG), 0x80000000u);
 265              		.loc 1 202 0
 266 0030 0A4B     		ldr	r3, .L10+20
 267 0032 8022     		mov	r2, #128
 268 0034 1206     		lsl	r2, r2, #24
 269 0036 1A60     		str	r2, [r3]
 203:.\Generated_Source\PSoC4/cyfitter_cfg.c **** 
 204:.\Generated_Source\PSoC4/cyfitter_cfg.c **** 	/* CYDEV_CLK_DIVIDER_A00 Starting address: CYDEV_CLK_DIVIDER_A00 */
 205:.\Generated_Source\PSoC4/cyfitter_cfg.c **** 	CY_SET_XTND_REG32((void CYFAR *)(CYREG_CLK_DIVIDER_A00), 0x80000001u);
 270              		.loc 1 205 0
 271 0038 094B     		ldr	r3, .L10+24
 272 003a 0A4A     		ldr	r2, .L10+28
 273 003c 1A60     		str	r2, [r3]
 206:.\Generated_Source\PSoC4/cyfitter_cfg.c **** 
 207:.\Generated_Source\PSoC4/cyfitter_cfg.c **** 	CY_SET_XTND_REG32((void CYFAR *)(CYREG_WDT_CONFIG), 0x00000000u);
 274              		.loc 1 207 0
 275 003e 0A4B     		ldr	r3, .L10+32
 276 0040 0022     		mov	r2, #0
 277 0042 1A60     		str	r2, [r3]
 208:.\Generated_Source\PSoC4/cyfitter_cfg.c **** }
 278              		.loc 1 208 0
 279 0044 BD46     		mov	sp, r7
 280              		@ sp needed
 281 0046 80BD     		pop	{r7, pc}
 282              	.L11:
 283              		.align	2
 284              	.L10:
 285 0048 00010B40 		.word	1074462976
 286 004c FFFFFBFF 		.word	-262145
 287 0050 04010B40 		.word	1074462980
 288 0054 06000080 		.word	-2147483642
 289 0058 20020240 		.word	1073873440
 290 005c 08010B40 		.word	1074462984
 291 0060 00000240 		.word	1073872896
 292 0064 01000080 		.word	-2147483647
 293 0068 0C020B40 		.word	1074463244
 294              		.cfi_endproc
 295              	.LFE4:
 296              		.size	ClockSetup, .-ClockSetup
 297              		.section	.text.AnalogSetDefault,"ax",%progbits
 298              		.align	2
 299              		.code	16
 300              		.thumb_func
 301              		.type	AnalogSetDefault, %function
 302              	AnalogSetDefault:
ARM GAS  C:\Users\mitchell\AppData\Local\Temp\ccMn5Pqx.s 			page 10


 303              	.LFB5:
 209:.\Generated_Source\PSoC4/cyfitter_cfg.c **** 
 210:.\Generated_Source\PSoC4/cyfitter_cfg.c **** 
 211:.\Generated_Source\PSoC4/cyfitter_cfg.c **** /* Analog API Functions */
 212:.\Generated_Source\PSoC4/cyfitter_cfg.c **** 
 213:.\Generated_Source\PSoC4/cyfitter_cfg.c **** 
 214:.\Generated_Source\PSoC4/cyfitter_cfg.c **** /*******************************************************************************
 215:.\Generated_Source\PSoC4/cyfitter_cfg.c **** * Function Name: AnalogSetDefault
 216:.\Generated_Source\PSoC4/cyfitter_cfg.c **** ********************************************************************************
 217:.\Generated_Source\PSoC4/cyfitter_cfg.c **** *
 218:.\Generated_Source\PSoC4/cyfitter_cfg.c **** * Summary:
 219:.\Generated_Source\PSoC4/cyfitter_cfg.c **** *  Sets up the analog portions of the chip to default values based on chip
 220:.\Generated_Source\PSoC4/cyfitter_cfg.c **** *  configuration options from the project.
 221:.\Generated_Source\PSoC4/cyfitter_cfg.c **** *
 222:.\Generated_Source\PSoC4/cyfitter_cfg.c **** * Parameters:
 223:.\Generated_Source\PSoC4/cyfitter_cfg.c **** *  void
 224:.\Generated_Source\PSoC4/cyfitter_cfg.c **** *
 225:.\Generated_Source\PSoC4/cyfitter_cfg.c **** * Return:
 226:.\Generated_Source\PSoC4/cyfitter_cfg.c **** *  void
 227:.\Generated_Source\PSoC4/cyfitter_cfg.c **** *
 228:.\Generated_Source\PSoC4/cyfitter_cfg.c **** *******************************************************************************/
 229:.\Generated_Source\PSoC4/cyfitter_cfg.c **** static void AnalogSetDefault(void);
 230:.\Generated_Source\PSoC4/cyfitter_cfg.c **** static void AnalogSetDefault(void)
 231:.\Generated_Source\PSoC4/cyfitter_cfg.c **** {
 304              		.loc 1 231 0
 305              		.cfi_startproc
 306 0000 80B5     		push	{r7, lr}
 307              		.cfi_def_cfa_offset 8
 308              		.cfi_offset 7, -8
 309              		.cfi_offset 14, -4
 310 0002 00AF     		add	r7, sp, #0
 311              		.cfi_def_cfa_register 7
 232:.\Generated_Source\PSoC4/cyfitter_cfg.c **** }
 312              		.loc 1 232 0
 313 0004 BD46     		mov	sp, r7
 314              		@ sp needed
 315 0006 80BD     		pop	{r7, pc}
 316              		.cfi_endproc
 317              	.LFE5:
 318              		.size	AnalogSetDefault, .-AnalogSetDefault
 319              		.section	.psocinit
 320              		.align	2
 321              		.global	cyfitter_cfg
 322              		.code	16
 323              		.thumb_func
 324              		.type	cyfitter_cfg, %function
 325              	cyfitter_cfg:
 326              	.LFB6:
 233:.\Generated_Source\PSoC4/cyfitter_cfg.c **** 
 234:.\Generated_Source\PSoC4/cyfitter_cfg.c **** #define CY_AMUX_UNUSED CYREG_CM0_ROM_DWT
 235:.\Generated_Source\PSoC4/cyfitter_cfg.c **** 
 236:.\Generated_Source\PSoC4/cyfitter_cfg.c **** 
 237:.\Generated_Source\PSoC4/cyfitter_cfg.c **** /*******************************************************************************
 238:.\Generated_Source\PSoC4/cyfitter_cfg.c **** * Function Name: cyfitter_cfg
 239:.\Generated_Source\PSoC4/cyfitter_cfg.c **** ********************************************************************************
 240:.\Generated_Source\PSoC4/cyfitter_cfg.c **** * Summary:
 241:.\Generated_Source\PSoC4/cyfitter_cfg.c **** *  This function is called by the start-up code for the selected device. It
ARM GAS  C:\Users\mitchell\AppData\Local\Temp\ccMn5Pqx.s 			page 11


 242:.\Generated_Source\PSoC4/cyfitter_cfg.c **** *  performs all of the necessary device configuration based on the design
 243:.\Generated_Source\PSoC4/cyfitter_cfg.c **** *  settings.  This includes settings from the Design Wide Resources (DWR) such
 244:.\Generated_Source\PSoC4/cyfitter_cfg.c **** *  as Clocks and Pins as well as any component configuration that is necessary.
 245:.\Generated_Source\PSoC4/cyfitter_cfg.c **** *
 246:.\Generated_Source\PSoC4/cyfitter_cfg.c **** * Parameters:  
 247:.\Generated_Source\PSoC4/cyfitter_cfg.c **** *   void
 248:.\Generated_Source\PSoC4/cyfitter_cfg.c **** *
 249:.\Generated_Source\PSoC4/cyfitter_cfg.c **** * Return:
 250:.\Generated_Source\PSoC4/cyfitter_cfg.c **** *   void
 251:.\Generated_Source\PSoC4/cyfitter_cfg.c **** *
 252:.\Generated_Source\PSoC4/cyfitter_cfg.c **** *******************************************************************************/
 253:.\Generated_Source\PSoC4/cyfitter_cfg.c **** CY_CFG_SECTION
 254:.\Generated_Source\PSoC4/cyfitter_cfg.c **** void cyfitter_cfg(void)
 255:.\Generated_Source\PSoC4/cyfitter_cfg.c **** {
 327              		.loc 1 255 0
 328              		.cfi_startproc
 329 006c 80B5     		push	{r7, lr}
 330              		.cfi_def_cfa_offset 8
 331              		.cfi_offset 7, -8
 332              		.cfi_offset 14, -4
 333 006e 82B0     		sub	sp, sp, #8
 334              		.cfi_def_cfa_offset 16
 335 0070 00AF     		add	r7, sp, #0
 336              		.cfi_def_cfa_register 7
 256:.\Generated_Source\PSoC4/cyfitter_cfg.c **** 	/* Disable interrupts by default. Let user enable if/when they want. */
 257:.\Generated_Source\PSoC4/cyfitter_cfg.c **** 	CyGlobalIntDisable;
 337              		.loc 1 257 0
 338              	@ 257 ".\Generated_Source\PSoC4\cyfitter_cfg.c" 1
 339 0072 72B6     		CPSID   i
 340              	@ 0 "" 2
 341              		.code	16
 342              	.LBB3:
 258:.\Generated_Source\PSoC4/cyfitter_cfg.c **** 
 259:.\Generated_Source\PSoC4/cyfitter_cfg.c **** 	{
 260:.\Generated_Source\PSoC4/cyfitter_cfg.c **** 		static const uint32 CYCODE cy_cfg_addr_table[] = {
 261:.\Generated_Source\PSoC4/cyfitter_cfg.c **** 			0x400F3301u, /* Base address: 0x400F3300 Count: 1 */
 262:.\Generated_Source\PSoC4/cyfitter_cfg.c **** 			0x400F4103u, /* Base address: 0x400F4100 Count: 3 */
 263:.\Generated_Source\PSoC4/cyfitter_cfg.c **** 			0x400F4304u, /* Base address: 0x400F4300 Count: 4 */
 264:.\Generated_Source\PSoC4/cyfitter_cfg.c **** 		};
 265:.\Generated_Source\PSoC4/cyfitter_cfg.c **** 
 266:.\Generated_Source\PSoC4/cyfitter_cfg.c **** 		static const cy_cfg_addrvalue_t CYCODE cy_cfg_data_table[] = {
 267:.\Generated_Source\PSoC4/cyfitter_cfg.c **** 			{0xE6u, 0x10u},
 268:.\Generated_Source\PSoC4/cyfitter_cfg.c **** 			{0x62u, 0x04u},
 269:.\Generated_Source\PSoC4/cyfitter_cfg.c **** 			{0x8Eu, 0x04u},
 270:.\Generated_Source\PSoC4/cyfitter_cfg.c **** 			{0xD8u, 0x40u},
 271:.\Generated_Source\PSoC4/cyfitter_cfg.c **** 			{0x18u, 0x80u},
 272:.\Generated_Source\PSoC4/cyfitter_cfg.c **** 			{0x8Cu, 0x40u},
 273:.\Generated_Source\PSoC4/cyfitter_cfg.c **** 			{0xC6u, 0x08u},
 274:.\Generated_Source\PSoC4/cyfitter_cfg.c **** 			{0xE6u, 0x08u},
 275:.\Generated_Source\PSoC4/cyfitter_cfg.c **** 		};
 276:.\Generated_Source\PSoC4/cyfitter_cfg.c **** 
 277:.\Generated_Source\PSoC4/cyfitter_cfg.c **** 
 278:.\Generated_Source\PSoC4/cyfitter_cfg.c **** 
 279:.\Generated_Source\PSoC4/cyfitter_cfg.c **** 		CYPACKED typedef struct {
 280:.\Generated_Source\PSoC4/cyfitter_cfg.c **** 			void CYFAR *address;
 281:.\Generated_Source\PSoC4/cyfitter_cfg.c **** 			uint16 size;
 282:.\Generated_Source\PSoC4/cyfitter_cfg.c **** 		} CYPACKED_ATTR cfg_memset_t;
ARM GAS  C:\Users\mitchell\AppData\Local\Temp\ccMn5Pqx.s 			page 12


 283:.\Generated_Source\PSoC4/cyfitter_cfg.c **** 
 284:.\Generated_Source\PSoC4/cyfitter_cfg.c **** 		static const cfg_memset_t CYCODE cfg_memset_list [] = {
 285:.\Generated_Source\PSoC4/cyfitter_cfg.c **** 			/* address, size */
 286:.\Generated_Source\PSoC4/cyfitter_cfg.c **** 			{(void CYFAR *)(CYDEV_UDB_P0_U0_BASE), 1024u},
 287:.\Generated_Source\PSoC4/cyfitter_cfg.c **** 			{(void CYFAR *)(CYDEV_UDB_DSI0_BASE), 1024u},
 288:.\Generated_Source\PSoC4/cyfitter_cfg.c **** 		};
 289:.\Generated_Source\PSoC4/cyfitter_cfg.c **** 
 290:.\Generated_Source\PSoC4/cyfitter_cfg.c **** 		uint8 CYDATA i;
 291:.\Generated_Source\PSoC4/cyfitter_cfg.c **** 
 292:.\Generated_Source\PSoC4/cyfitter_cfg.c **** 		/* Zero out critical memory blocks before beginning configuration */
 293:.\Generated_Source\PSoC4/cyfitter_cfg.c **** 		for (i = 0u; i < (sizeof(cfg_memset_list)/sizeof(cfg_memset_list[0])); i++)
 343              		.loc 1 293 0
 344 0074 FB1D     		add	r3, r7, #7
 345 0076 0022     		mov	r2, #0
 346 0078 1A70     		strb	r2, [r3]
 347 007a 23E0     		b	.L14
 348              	.L15:
 349              	.LBB4:
 294:.\Generated_Source\PSoC4/cyfitter_cfg.c **** 		{
 295:.\Generated_Source\PSoC4/cyfitter_cfg.c **** 			const cfg_memset_t CYCODE * CYDATA ms = &cfg_memset_list[i];
 350              		.loc 1 295 0 discriminator 2
 351 007c FB1D     		add	r3, r7, #7
 352 007e 1A78     		ldrb	r2, [r3]
 353 0080 131C     		mov	r3, r2
 354 0082 5B00     		lsl	r3, r3, #1
 355 0084 9B18     		add	r3, r3, r2
 356 0086 5B00     		lsl	r3, r3, #1
 357 0088 344A     		ldr	r2, .L16
 358 008a 9B18     		add	r3, r3, r2
 359 008c 3B60     		str	r3, [r7]
 296:.\Generated_Source\PSoC4/cyfitter_cfg.c **** 			CYMEMZERO(ms->address, (size_t)(uint32)(ms->size));
 360              		.loc 1 296 0 discriminator 2
 361 008e 3B68     		ldr	r3, [r7]
 362 0090 1A78     		ldrb	r2, [r3]
 363 0092 5978     		ldrb	r1, [r3, #1]
 364 0094 0902     		lsl	r1, r1, #8
 365 0096 0A43     		orr	r2, r1
 366 0098 9978     		ldrb	r1, [r3, #2]
 367 009a 0904     		lsl	r1, r1, #16
 368 009c 0A43     		orr	r2, r1
 369 009e DB78     		ldrb	r3, [r3, #3]
 370 00a0 1B06     		lsl	r3, r3, #24
 371 00a2 1343     		orr	r3, r2
 372 00a4 1A1C     		mov	r2, r3
 373 00a6 3B68     		ldr	r3, [r7]
 374 00a8 1979     		ldrb	r1, [r3, #4]
 375 00aa 5B79     		ldrb	r3, [r3, #5]
 376 00ac 1B02     		lsl	r3, r3, #8
 377 00ae 0B43     		orr	r3, r1
 378 00b0 9BB2     		uxth	r3, r3
 379 00b2 101C     		mov	r0, r2
 380 00b4 191C     		mov	r1, r3
 381 00b6 FFF7FEFF 		bl	CYMEMZERO
 382              	.LBE4:
 293:.\Generated_Source\PSoC4/cyfitter_cfg.c **** 		for (i = 0u; i < (sizeof(cfg_memset_list)/sizeof(cfg_memset_list[0])); i++)
 383              		.loc 1 293 0 discriminator 2
 384 00ba FB1D     		add	r3, r7, #7
ARM GAS  C:\Users\mitchell\AppData\Local\Temp\ccMn5Pqx.s 			page 13


 385 00bc 1A78     		ldrb	r2, [r3]
 386 00be FB1D     		add	r3, r7, #7
 387 00c0 0132     		add	r2, r2, #1
 388 00c2 1A70     		strb	r2, [r3]
 389              	.L14:
 293:.\Generated_Source\PSoC4/cyfitter_cfg.c **** 		for (i = 0u; i < (sizeof(cfg_memset_list)/sizeof(cfg_memset_list[0])); i++)
 390              		.loc 1 293 0 is_stmt 0 discriminator 1
 391 00c4 FB1D     		add	r3, r7, #7
 392 00c6 1B78     		ldrb	r3, [r3]
 393 00c8 012B     		cmp	r3, #1
 394 00ca D7D9     		bls	.L15
 297:.\Generated_Source\PSoC4/cyfitter_cfg.c **** 		}
 298:.\Generated_Source\PSoC4/cyfitter_cfg.c **** 
 299:.\Generated_Source\PSoC4/cyfitter_cfg.c **** 		cfg_write_bytes32(cy_cfg_addr_table, cy_cfg_data_table);
 395              		.loc 1 299 0 is_stmt 1
 396 00cc 244A     		ldr	r2, .L16+4
 397 00ce 254B     		ldr	r3, .L16+8
 398 00d0 101C     		mov	r0, r2
 399 00d2 191C     		mov	r1, r3
 400 00d4 FFF7FEFF 		bl	cfg_write_bytes32
 300:.\Generated_Source\PSoC4/cyfitter_cfg.c **** 
 301:.\Generated_Source\PSoC4/cyfitter_cfg.c **** 		/* HSIOM Starting address: CYDEV_HSIOM_BASE */
 302:.\Generated_Source\PSoC4/cyfitter_cfg.c **** 		CY_SET_XTND_REG32((void CYFAR *)(CYREG_HSIOM_PORT_SEL1), 0x03000000u);
 401              		.loc 1 302 0
 402 00d8 234B     		ldr	r3, .L16+12
 403 00da C022     		mov	r2, #192
 404 00dc 9204     		lsl	r2, r2, #18
 405 00de 1A60     		str	r2, [r3]
 303:.\Generated_Source\PSoC4/cyfitter_cfg.c **** 		CY_SET_XTND_REG32((void CYFAR *)(CYREG_HSIOM_PORT_SEL3), 0x0000EE00u);
 406              		.loc 1 303 0
 407 00e0 224B     		ldr	r3, .L16+16
 408 00e2 EE22     		mov	r2, #238
 409 00e4 1202     		lsl	r2, r2, #8
 410 00e6 1A60     		str	r2, [r3]
 304:.\Generated_Source\PSoC4/cyfitter_cfg.c **** 
 305:.\Generated_Source\PSoC4/cyfitter_cfg.c **** 		/* UDB_PA_1 Starting address: CYDEV_UDB_PA1_BASE */
 306:.\Generated_Source\PSoC4/cyfitter_cfg.c **** 		CY_SET_XTND_REG32((void CYFAR *)(CYDEV_UDB_PA1_BASE), 0x00990000u);
 411              		.loc 1 306 0
 412 00e8 214B     		ldr	r3, .L16+20
 413 00ea 9922     		mov	r2, #153
 414 00ec 1204     		lsl	r2, r2, #16
 415 00ee 1A60     		str	r2, [r3]
 307:.\Generated_Source\PSoC4/cyfitter_cfg.c **** 		CY_SET_XTND_REG32((void CYFAR *)(CYREG_UDB_PA1_CFG8), 0x20000000u);
 416              		.loc 1 307 0
 417 00f0 204B     		ldr	r3, .L16+24
 418 00f2 8022     		mov	r2, #128
 419 00f4 9205     		lsl	r2, r2, #22
 420 00f6 1A60     		str	r2, [r3]
 308:.\Generated_Source\PSoC4/cyfitter_cfg.c **** 
 309:.\Generated_Source\PSoC4/cyfitter_cfg.c **** 		/* UDB_PA_3 Starting address: CYDEV_UDB_PA3_BASE */
 310:.\Generated_Source\PSoC4/cyfitter_cfg.c **** 		CY_SET_XTND_REG32((void CYFAR *)(CYDEV_UDB_PA3_BASE), 0x00990000u);
 421              		.loc 1 310 0
 422 00f8 1F4B     		ldr	r3, .L16+28
 423 00fa 9922     		mov	r2, #153
 424 00fc 1204     		lsl	r2, r2, #16
 425 00fe 1A60     		str	r2, [r3]
 311:.\Generated_Source\PSoC4/cyfitter_cfg.c **** 
ARM GAS  C:\Users\mitchell\AppData\Local\Temp\ccMn5Pqx.s 			page 14


 312:.\Generated_Source\PSoC4/cyfitter_cfg.c **** 		/* Enable digital routing */
 313:.\Generated_Source\PSoC4/cyfitter_cfg.c **** 		CY_SET_XTND_REG8((void *)CYREG_UDB_UDBIF_BANK_CTL, CY_GET_XTND_REG8((void *)CYREG_UDB_UDBIF_BANK_
 426              		.loc 1 313 0
 427 0100 1E4B     		ldr	r3, .L16+32
 428 0102 1E4A     		ldr	r2, .L16+32
 429 0104 1278     		ldrb	r2, [r2]
 430 0106 D2B2     		uxtb	r2, r2
 431 0108 0221     		mov	r1, #2
 432 010a 0A43     		orr	r2, r1
 433 010c D2B2     		uxtb	r2, r2
 434 010e 1A70     		strb	r2, [r3]
 314:.\Generated_Source\PSoC4/cyfitter_cfg.c **** 
 315:.\Generated_Source\PSoC4/cyfitter_cfg.c **** 		/* Enable UDB array */
 316:.\Generated_Source\PSoC4/cyfitter_cfg.c **** 		CY_SET_XTND_REG8((void *)CYREG_UDB_UDBIF_WAIT_CFG, (uint8)((CY_GET_XTND_REG8((void *)CYREG_UDB_UD
 435              		.loc 1 316 0
 436 0110 1B4B     		ldr	r3, .L16+36
 437 0112 1B4A     		ldr	r2, .L16+36
 438 0114 1278     		ldrb	r2, [r2]
 439 0116 D2B2     		uxtb	r2, r2
 440 0118 3C21     		mov	r1, #60
 441 011a 8A43     		bic	r2, r1
 442 011c D2B2     		uxtb	r2, r2
 443 011e 1421     		mov	r1, #20
 444 0120 0A43     		orr	r2, r1
 445 0122 D2B2     		uxtb	r2, r2
 446 0124 1A70     		strb	r2, [r3]
 317:.\Generated_Source\PSoC4/cyfitter_cfg.c **** 		CY_SET_XTND_REG8((void *)CYREG_UDB_UDBIF_BANK_CTL, (uint8)(CY_GET_XTND_REG8((void *)CYREG_UDB_UDB
 447              		.loc 1 317 0
 448 0126 154B     		ldr	r3, .L16+32
 449 0128 144A     		ldr	r2, .L16+32
 450 012a 1278     		ldrb	r2, [r2]
 451 012c D2B2     		uxtb	r2, r2
 452 012e 1621     		mov	r1, #22
 453 0130 0A43     		orr	r2, r1
 454 0132 D2B2     		uxtb	r2, r2
 455 0134 1A70     		strb	r2, [r3]
 456              	.LBE3:
 318:.\Generated_Source\PSoC4/cyfitter_cfg.c **** 	}
 319:.\Generated_Source\PSoC4/cyfitter_cfg.c **** 
 320:.\Generated_Source\PSoC4/cyfitter_cfg.c **** 	/* Perform second pass device configuration. These items must be configured in specific order afte
 321:.\Generated_Source\PSoC4/cyfitter_cfg.c **** 	/* IOPINS0_1 Starting address: CYDEV_PRT1_DR */
 322:.\Generated_Source\PSoC4/cyfitter_cfg.c **** 	CY_SET_XTND_REG32((void CYFAR *)(CYREG_PRT1_DR), 0x00000040u);
 457              		.loc 1 322 0
 458 0136 134B     		ldr	r3, .L16+40
 459 0138 4022     		mov	r2, #64
 460 013a 1A60     		str	r2, [r3]
 323:.\Generated_Source\PSoC4/cyfitter_cfg.c **** 	CY_SET_XTND_REG32((void CYFAR *)(CYREG_PRT1_PC), 0x00180000u);
 461              		.loc 1 323 0
 462 013c 124B     		ldr	r3, .L16+44
 463 013e C022     		mov	r2, #192
 464 0140 5203     		lsl	r2, r2, #13
 465 0142 1A60     		str	r2, [r3]
 324:.\Generated_Source\PSoC4/cyfitter_cfg.c **** 
 325:.\Generated_Source\PSoC4/cyfitter_cfg.c **** 	/* IOPINS0_3 Starting address: CYDEV_PRT3_DR */
 326:.\Generated_Source\PSoC4/cyfitter_cfg.c **** 	CY_SET_XTND_REG32((void CYFAR *)(CYREG_PRT3_PC), 0x00000D80u);
 466              		.loc 1 326 0
 467 0144 114B     		ldr	r3, .L16+48
ARM GAS  C:\Users\mitchell\AppData\Local\Temp\ccMn5Pqx.s 			page 15


 468 0146 D822     		mov	r2, #216
 469 0148 1201     		lsl	r2, r2, #4
 470 014a 1A60     		str	r2, [r3]
 327:.\Generated_Source\PSoC4/cyfitter_cfg.c **** 
 328:.\Generated_Source\PSoC4/cyfitter_cfg.c **** 	/* Setup clocks based on selections from Clock DWR */
 329:.\Generated_Source\PSoC4/cyfitter_cfg.c **** 	ClockSetup();
 471              		.loc 1 329 0
 472 014c FFF758FF 		bl	ClockSetup
 330:.\Generated_Source\PSoC4/cyfitter_cfg.c **** 
 331:.\Generated_Source\PSoC4/cyfitter_cfg.c **** 	/* Perform basic analog initialization to defaults */
 332:.\Generated_Source\PSoC4/cyfitter_cfg.c **** 	AnalogSetDefault();
 473              		.loc 1 332 0
 474 0150 FFF7FEFF 		bl	AnalogSetDefault
 333:.\Generated_Source\PSoC4/cyfitter_cfg.c **** 
 334:.\Generated_Source\PSoC4/cyfitter_cfg.c **** }
 475              		.loc 1 334 0
 476 0154 BD46     		mov	sp, r7
 477 0156 02B0     		add	sp, sp, #8
 478              		@ sp needed
 479 0158 80BD     		pop	{r7, pc}
 480              	.L17:
 481 015a C046     		.align	2
 482              	.L16:
 483 015c 00000000 		.word	cfg_memset_list.4740
 484 0160 0C000000 		.word	cy_cfg_addr_table.4734
 485 0164 18000000 		.word	cy_cfg_data_table.4735
 486 0168 04000140 		.word	1073807364
 487 016c 0C000140 		.word	1073807372
 488 0170 10500F40 		.word	1074745360
 489 0174 18500F40 		.word	1074745368
 490 0178 30500F40 		.word	1074745392
 491 017c 00700F40 		.word	1074753536
 492 0180 01700F40 		.word	1074753537
 493 0184 00010440 		.word	1074004224
 494 0188 08010440 		.word	1074004232
 495 018c 08030440 		.word	1074004744
 496              		.cfi_endproc
 497              	.LFE6:
 498              		.size	cyfitter_cfg, .-cyfitter_cfg
 499              		.section	.rodata
 500              		.align	2
 501              		.type	cfg_memset_list.4740, %object
 502              		.size	cfg_memset_list.4740, 12
 503              	cfg_memset_list.4740:
 504 0000 00300F40 		.word	1074737152
 505 0004 0004     		.short	1024
 506 0006 00400F40 		.4byte	1074741248
 507 000a 0004     		.short	1024
 508              		.align	2
 509              		.type	cy_cfg_addr_table.4734, %object
 510              		.size	cy_cfg_addr_table.4734, 12
 511              	cy_cfg_addr_table.4734:
 512 000c 01330F40 		.word	1074737921
 513 0010 03410F40 		.word	1074741507
 514 0014 04430F40 		.word	1074742020
 515              		.align	2
 516              		.type	cy_cfg_data_table.4735, %object
ARM GAS  C:\Users\mitchell\AppData\Local\Temp\ccMn5Pqx.s 			page 16


 517              		.size	cy_cfg_data_table.4735, 16
 518              	cy_cfg_data_table.4735:
 519 0018 E6       		.byte	-26
 520 0019 10       		.byte	16
 521 001a 62       		.byte	98
 522 001b 04       		.byte	4
 523 001c 8E       		.byte	-114
 524 001d 04       		.byte	4
 525 001e D8       		.byte	-40
 526 001f 40       		.byte	64
 527 0020 18       		.byte	24
 528 0021 80       		.byte	-128
 529 0022 8C       		.byte	-116
 530 0023 40       		.byte	64
 531 0024 C6       		.byte	-58
 532 0025 08       		.byte	8
 533 0026 E6       		.byte	-26
 534 0027 08       		.byte	8
 535              		.text
 536              	.Letext0:
 537              		.file 2 "c:\\program files (x86)\\cypress\\psoc creator\\3.2\\psoc creator\\import\\gnu\\arm\\4.8.
 538              		.file 3 ".\\Generated_Source\\PSoC4\\cytypes.h"
 539              		.section	.debug_info,"",%progbits
 540              	.Ldebug_info0:
 541 0000 4E030000 		.4byte	0x34e
 542 0004 0400     		.2byte	0x4
 543 0006 00000000 		.4byte	.Ldebug_abbrev0
 544 000a 04       		.byte	0x4
 545 000b 01       		.uleb128 0x1
 546 000c 5F000000 		.4byte	.LASF39
 547 0010 01       		.byte	0x1
 548 0011 28020000 		.4byte	.LASF40
 549 0015 DB000000 		.4byte	.LASF41
 550 0019 00000000 		.4byte	.Ldebug_ranges0+0
 551 001d 00000000 		.4byte	0
 552 0021 00000000 		.4byte	.Ldebug_line0
 553 0025 02       		.uleb128 0x2
 554 0026 04       		.byte	0x4
 555 0027 05       		.byte	0x5
 556 0028 696E7400 		.ascii	"int\000"
 557 002c 03       		.uleb128 0x3
 558 002d 06000000 		.4byte	.LASF11
 559 0031 02       		.byte	0x2
 560 0032 D4       		.byte	0xd4
 561 0033 37000000 		.4byte	0x37
 562 0037 04       		.uleb128 0x4
 563 0038 04       		.byte	0x4
 564 0039 07       		.byte	0x7
 565 003a D8010000 		.4byte	.LASF0
 566 003e 04       		.uleb128 0x4
 567 003f 01       		.byte	0x1
 568 0040 06       		.byte	0x6
 569 0041 90020000 		.4byte	.LASF1
 570 0045 04       		.uleb128 0x4
 571 0046 01       		.byte	0x1
 572 0047 08       		.byte	0x8
 573 0048 80010000 		.4byte	.LASF2
ARM GAS  C:\Users\mitchell\AppData\Local\Temp\ccMn5Pqx.s 			page 17


 574 004c 04       		.uleb128 0x4
 575 004d 02       		.byte	0x2
 576 004e 05       		.byte	0x5
 577 004f 7D020000 		.4byte	.LASF3
 578 0053 04       		.uleb128 0x4
 579 0054 02       		.byte	0x2
 580 0055 07       		.byte	0x7
 581 0056 9C020000 		.4byte	.LASF4
 582 005a 04       		.uleb128 0x4
 583 005b 04       		.byte	0x4
 584 005c 05       		.byte	0x5
 585 005d 87020000 		.4byte	.LASF5
 586 0061 04       		.uleb128 0x4
 587 0062 04       		.byte	0x4
 588 0063 07       		.byte	0x7
 589 0064 5E010000 		.4byte	.LASF6
 590 0068 04       		.uleb128 0x4
 591 0069 08       		.byte	0x8
 592 006a 05       		.byte	0x5
 593 006b 50020000 		.4byte	.LASF7
 594 006f 04       		.uleb128 0x4
 595 0070 08       		.byte	0x8
 596 0071 07       		.byte	0x7
 597 0072 ED010000 		.4byte	.LASF8
 598 0076 04       		.uleb128 0x4
 599 0077 04       		.byte	0x4
 600 0078 07       		.byte	0x7
 601 0079 1F020000 		.4byte	.LASF9
 602 007d 05       		.uleb128 0x5
 603 007e 04       		.byte	0x4
 604 007f 04       		.uleb128 0x4
 605 0080 01       		.byte	0x1
 606 0081 08       		.byte	0x8
 607 0082 5E020000 		.4byte	.LASF10
 608 0086 03       		.uleb128 0x3
 609 0087 70010000 		.4byte	.LASF12
 610 008b 03       		.byte	0x3
 611 008c C1       		.byte	0xc1
 612 008d 45000000 		.4byte	0x45
 613 0091 03       		.uleb128 0x3
 614 0092 BF010000 		.4byte	.LASF13
 615 0096 03       		.byte	0x3
 616 0097 C2       		.byte	0xc2
 617 0098 53000000 		.4byte	0x53
 618 009c 03       		.uleb128 0x3
 619 009d D1010000 		.4byte	.LASF14
 620 00a1 03       		.byte	0x3
 621 00a2 C3       		.byte	0xc3
 622 00a3 61000000 		.4byte	0x61
 623 00a7 04       		.uleb128 0x4
 624 00a8 04       		.byte	0x4
 625 00a9 04       		.byte	0x4
 626 00aa 59000000 		.4byte	.LASF15
 627 00ae 04       		.uleb128 0x4
 628 00af 08       		.byte	0x8
 629 00b0 04       		.byte	0x4
 630 00b1 8E010000 		.4byte	.LASF16
ARM GAS  C:\Users\mitchell\AppData\Local\Temp\ccMn5Pqx.s 			page 18


 631 00b5 06       		.uleb128 0x6
 632 00b6 59010000 		.4byte	.LASF17
 633 00ba 03       		.byte	0x3
 634 00bb 6B01     		.2byte	0x16b
 635 00bd C1000000 		.4byte	0xc1
 636 00c1 07       		.uleb128 0x7
 637 00c2 86000000 		.4byte	0x86
 638 00c6 06       		.uleb128 0x6
 639 00c7 00000000 		.4byte	.LASF18
 640 00cb 03       		.byte	0x3
 641 00cc 6D01     		.2byte	0x16d
 642 00ce D2000000 		.4byte	0xd2
 643 00d2 07       		.uleb128 0x7
 644 00d3 9C000000 		.4byte	0x9c
 645 00d7 08       		.uleb128 0x8
 646 00d8 02       		.byte	0x2
 647 00d9 01       		.byte	0x1
 648 00da 7C       		.byte	0x7c
 649 00db F8000000 		.4byte	0xf8
 650 00df 09       		.uleb128 0x9
 651 00e0 76020000 		.4byte	.LASF19
 652 00e4 01       		.byte	0x1
 653 00e5 7E       		.byte	0x7e
 654 00e6 86000000 		.4byte	0x86
 655 00ea 00       		.byte	0
 656 00eb 09       		.uleb128 0x9
 657 00ec 1E000000 		.4byte	.LASF20
 658 00f0 01       		.byte	0x1
 659 00f1 7F       		.byte	0x7f
 660 00f2 86000000 		.4byte	0x86
 661 00f6 01       		.byte	0x1
 662 00f7 00       		.byte	0
 663 00f8 03       		.uleb128 0x3
 664 00f9 63020000 		.4byte	.LASF21
 665 00fd 01       		.byte	0x1
 666 00fe 80       		.byte	0x80
 667 00ff D7000000 		.4byte	0xd7
 668 0103 0A       		.uleb128 0xa
 669 0104 76010000 		.4byte	.LASF22
 670 0108 01       		.byte	0x1
 671 0109 3A       		.byte	0x3a
 672 010a 00000000 		.4byte	.LFB0
 673 010e 1E000000 		.4byte	.LFE0-.LFB0
 674 0112 01       		.uleb128 0x1
 675 0113 9C       		.byte	0x9c
 676 0114 31010000 		.4byte	0x131
 677 0118 0B       		.uleb128 0xb
 678 0119 7300     		.ascii	"s\000"
 679 011b 01       		.byte	0x1
 680 011c 3A       		.byte	0x3a
 681 011d 7D000000 		.4byte	0x7d
 682 0121 02       		.uleb128 0x2
 683 0122 91       		.byte	0x91
 684 0123 74       		.sleb128 -12
 685 0124 0B       		.uleb128 0xb
 686 0125 6E00     		.ascii	"n\000"
 687 0127 01       		.byte	0x1
ARM GAS  C:\Users\mitchell\AppData\Local\Temp\ccMn5Pqx.s 			page 19


 688 0128 3A       		.byte	0x3a
 689 0129 2C000000 		.4byte	0x2c
 690 012d 02       		.uleb128 0x2
 691 012e 91       		.byte	0x91
 692 012f 70       		.sleb128 -16
 693 0130 00       		.byte	0
 694 0131 0A       		.uleb128 0xa
 695 0132 BF020000 		.4byte	.LASF23
 696 0136 01       		.byte	0x1
 697 0137 41       		.byte	0x41
 698 0138 00000000 		.4byte	.LFB1
 699 013c 22000000 		.4byte	.LFE1-.LFB1
 700 0140 01       		.uleb128 0x1
 701 0141 9C       		.byte	0x9c
 702 0142 6F010000 		.4byte	0x16f
 703 0146 0C       		.uleb128 0xc
 704 0147 04020000 		.4byte	.LASF24
 705 014b 01       		.byte	0x1
 706 014c 41       		.byte	0x41
 707 014d 7D000000 		.4byte	0x7d
 708 0151 02       		.uleb128 0x2
 709 0152 91       		.byte	0x91
 710 0153 74       		.sleb128 -12
 711 0154 0B       		.uleb128 0xb
 712 0155 73726300 		.ascii	"src\000"
 713 0159 01       		.byte	0x1
 714 015a 41       		.byte	0x41
 715 015b 6F010000 		.4byte	0x16f
 716 015f 02       		.uleb128 0x2
 717 0160 91       		.byte	0x91
 718 0161 70       		.sleb128 -16
 719 0162 0B       		.uleb128 0xb
 720 0163 6E00     		.ascii	"n\000"
 721 0165 01       		.byte	0x1
 722 0166 41       		.byte	0x41
 723 0167 2C000000 		.4byte	0x2c
 724 016b 02       		.uleb128 0x2
 725 016c 91       		.byte	0x91
 726 016d 6C       		.sleb128 -20
 727 016e 00       		.byte	0
 728 016f 0D       		.uleb128 0xd
 729 0170 04       		.byte	0x4
 730 0171 75010000 		.4byte	0x175
 731 0175 0E       		.uleb128 0xe
 732 0176 0A       		.uleb128 0xa
 733 0177 AF020000 		.4byte	.LASF25
 734 017b 01       		.byte	0x1
 735 017c 48       		.byte	0x48
 736 017d 00000000 		.4byte	.LFB2
 737 0181 22000000 		.4byte	.LFE2-.LFB2
 738 0185 01       		.uleb128 0x1
 739 0186 9C       		.byte	0x9c
 740 0187 B4010000 		.4byte	0x1b4
 741 018b 0C       		.uleb128 0xc
 742 018c 04020000 		.4byte	.LASF24
 743 0190 01       		.byte	0x1
 744 0191 48       		.byte	0x48
ARM GAS  C:\Users\mitchell\AppData\Local\Temp\ccMn5Pqx.s 			page 20


 745 0192 7D000000 		.4byte	0x7d
 746 0196 02       		.uleb128 0x2
 747 0197 91       		.byte	0x91
 748 0198 74       		.sleb128 -12
 749 0199 0B       		.uleb128 0xb
 750 019a 73726300 		.ascii	"src\000"
 751 019e 01       		.byte	0x1
 752 019f 48       		.byte	0x48
 753 01a0 6F010000 		.4byte	0x16f
 754 01a4 02       		.uleb128 0x2
 755 01a5 91       		.byte	0x91
 756 01a6 70       		.sleb128 -16
 757 01a7 0B       		.uleb128 0xb
 758 01a8 6E00     		.ascii	"n\000"
 759 01aa 01       		.byte	0x1
 760 01ab 48       		.byte	0x48
 761 01ac 2C000000 		.4byte	0x2c
 762 01b0 02       		.uleb128 0x2
 763 01b1 91       		.byte	0x91
 764 01b2 6C       		.sleb128 -20
 765 01b3 00       		.byte	0
 766 01b4 0F       		.uleb128 0xf
 767 01b5 95010000 		.4byte	.LASF26
 768 01b9 01       		.byte	0x1
 769 01ba 93       		.byte	0x93
 770 01bb 00000000 		.4byte	.LFB3
 771 01bf 7E000000 		.4byte	.LFE3-.LFB3
 772 01c3 01       		.uleb128 0x1
 773 01c4 9C       		.byte	0x9c
 774 01c5 24020000 		.4byte	0x224
 775 01c9 0C       		.uleb128 0xc
 776 01ca B4010000 		.4byte	.LASF27
 777 01ce 01       		.byte	0x1
 778 01cf 93       		.byte	0x93
 779 01d0 24020000 		.4byte	0x224
 780 01d4 02       		.uleb128 0x2
 781 01d5 91       		.byte	0x91
 782 01d6 64       		.sleb128 -28
 783 01d7 0C       		.uleb128 0xc
 784 01d8 C6010000 		.4byte	.LASF28
 785 01dc 01       		.byte	0x1
 786 01dd 93       		.byte	0x93
 787 01de 2F020000 		.4byte	0x22f
 788 01e2 02       		.uleb128 0x2
 789 01e3 91       		.byte	0x91
 790 01e4 60       		.sleb128 -32
 791 01e5 10       		.uleb128 0x10
 792 01e6 6900     		.ascii	"i\000"
 793 01e8 01       		.byte	0x1
 794 01e9 96       		.byte	0x96
 795 01ea 9C000000 		.4byte	0x9c
 796 01ee 02       		.uleb128 0x2
 797 01ef 91       		.byte	0x91
 798 01f0 74       		.sleb128 -12
 799 01f1 10       		.uleb128 0x10
 800 01f2 6A00     		.ascii	"j\000"
 801 01f4 01       		.byte	0x1
ARM GAS  C:\Users\mitchell\AppData\Local\Temp\ccMn5Pqx.s 			page 21


 802 01f5 96       		.byte	0x96
 803 01f6 9C000000 		.4byte	0x9c
 804 01fa 02       		.uleb128 0x2
 805 01fb 91       		.byte	0x91
 806 01fc 70       		.sleb128 -16
 807 01fd 11       		.uleb128 0x11
 808 01fe 14000000 		.4byte	.LBB2
 809 0202 58000000 		.4byte	.LBE2-.LBB2
 810 0206 12       		.uleb128 0x12
 811 0207 16020000 		.4byte	.LASF29
 812 020b 01       		.byte	0x1
 813 020c 99       		.byte	0x99
 814 020d 9C000000 		.4byte	0x9c
 815 0211 02       		.uleb128 0x2
 816 0212 91       		.byte	0x91
 817 0213 68       		.sleb128 -24
 818 0214 12       		.uleb128 0x12
 819 0215 24000000 		.4byte	.LASF30
 820 0219 01       		.byte	0x1
 821 021a 9A       		.byte	0x9a
 822 021b 86000000 		.4byte	0x86
 823 021f 02       		.uleb128 0x2
 824 0220 91       		.byte	0x91
 825 0221 6F       		.sleb128 -17
 826 0222 00       		.byte	0
 827 0223 00       		.byte	0
 828 0224 0D       		.uleb128 0xd
 829 0225 04       		.byte	0x4
 830 0226 2A020000 		.4byte	0x22a
 831 022a 13       		.uleb128 0x13
 832 022b 9C000000 		.4byte	0x9c
 833 022f 0D       		.uleb128 0xd
 834 0230 04       		.byte	0x4
 835 0231 35020000 		.4byte	0x235
 836 0235 13       		.uleb128 0x13
 837 0236 F8000000 		.4byte	0xf8
 838 023a 14       		.uleb128 0x14
 839 023b 2A000000 		.4byte	.LASF31
 840 023f 01       		.byte	0x1
 841 0240 B8       		.byte	0xb8
 842 0241 00000000 		.4byte	.LFB4
 843 0245 6C000000 		.4byte	.LFE4-.LFB4
 844 0249 01       		.uleb128 0x1
 845 024a 9C       		.byte	0x9c
 846 024b 15       		.uleb128 0x15
 847 024c 0D000000 		.4byte	.LASF32
 848 0250 01       		.byte	0x1
 849 0251 E6       		.byte	0xe6
 850 0252 00000000 		.4byte	.LFB5
 851 0256 08000000 		.4byte	.LFE5-.LFB5
 852 025a 01       		.uleb128 0x1
 853 025b 9C       		.byte	0x9c
 854 025c 16       		.uleb128 0x16
 855 025d A7010000 		.4byte	.LASF42
 856 0261 01       		.byte	0x1
 857 0262 FE       		.byte	0xfe
 858 0263 6C000000 		.4byte	.LFB6
ARM GAS  C:\Users\mitchell\AppData\Local\Temp\ccMn5Pqx.s 			page 22


 859 0267 24010000 		.4byte	.LFE6-.LFB6
 860 026b 01       		.uleb128 0x1
 861 026c 9C       		.byte	0x9c
 862 026d 27030000 		.4byte	0x327
 863 0271 11       		.uleb128 0x11
 864 0272 74000000 		.4byte	.LBB3
 865 0276 C2000000 		.4byte	.LBE3-.LBB3
 866 027a 17       		.uleb128 0x17
 867 027b 35000000 		.4byte	.LASF33
 868 027f 01       		.byte	0x1
 869 0280 0401     		.2byte	0x104
 870 0282 37030000 		.4byte	0x337
 871 0286 05       		.uleb128 0x5
 872 0287 03       		.byte	0x3
 873 0288 0C000000 		.4byte	cy_cfg_addr_table.4734
 874 028c 17       		.uleb128 0x17
 875 028d 47000000 		.4byte	.LASF34
 876 0291 01       		.byte	0x1
 877 0292 0A01     		.2byte	0x10a
 878 0294 4C030000 		.4byte	0x34c
 879 0298 05       		.uleb128 0x5
 880 0299 03       		.byte	0x3
 881 029a 18000000 		.4byte	cy_cfg_data_table.4735
 882 029e 18       		.uleb128 0x18
 883 029f 06       		.byte	0x6
 884 02a0 01       		.byte	0x1
 885 02a1 1701     		.2byte	0x117
 886 02a3 C2020000 		.4byte	0x2c2
 887 02a7 19       		.uleb128 0x19
 888 02a8 E5010000 		.4byte	.LASF35
 889 02ac 01       		.byte	0x1
 890 02ad 1801     		.2byte	0x118
 891 02af 7D000000 		.4byte	0x7d
 892 02b3 00       		.byte	0
 893 02b4 19       		.uleb128 0x19
 894 02b5 54010000 		.4byte	.LASF36
 895 02b9 01       		.byte	0x1
 896 02ba 1901     		.2byte	0x119
 897 02bc 91000000 		.4byte	0x91
 898 02c0 04       		.byte	0x4
 899 02c1 00       		.byte	0
 900 02c2 06       		.uleb128 0x6
 901 02c3 09020000 		.4byte	.LASF37
 902 02c7 01       		.byte	0x1
 903 02c8 1A01     		.2byte	0x11a
 904 02ca 9E020000 		.4byte	0x29e
 905 02ce 1A       		.uleb128 0x1a
 906 02cf C2020000 		.4byte	0x2c2
 907 02d3 DE020000 		.4byte	0x2de
 908 02d7 1B       		.uleb128 0x1b
 909 02d8 76000000 		.4byte	0x76
 910 02dc 01       		.byte	0x1
 911 02dd 00       		.byte	0
 912 02de 17       		.uleb128 0x17
 913 02df 44010000 		.4byte	.LASF38
 914 02e3 01       		.byte	0x1
 915 02e4 1C01     		.2byte	0x11c
ARM GAS  C:\Users\mitchell\AppData\Local\Temp\ccMn5Pqx.s 			page 23


 916 02e6 F0020000 		.4byte	0x2f0
 917 02ea 05       		.uleb128 0x5
 918 02eb 03       		.byte	0x3
 919 02ec 00000000 		.4byte	cfg_memset_list.4740
 920 02f0 13       		.uleb128 0x13
 921 02f1 CE020000 		.4byte	0x2ce
 922 02f5 1C       		.uleb128 0x1c
 923 02f6 6900     		.ascii	"i\000"
 924 02f8 01       		.byte	0x1
 925 02f9 2201     		.2byte	0x122
 926 02fb 86000000 		.4byte	0x86
 927 02ff 02       		.uleb128 0x2
 928 0300 91       		.byte	0x91
 929 0301 77       		.sleb128 -9
 930 0302 11       		.uleb128 0x11
 931 0303 7C000000 		.4byte	.LBB4
 932 0307 3E000000 		.4byte	.LBE4-.LBB4
 933 030b 1C       		.uleb128 0x1c
 934 030c 6D7300   		.ascii	"ms\000"
 935 030f 01       		.byte	0x1
 936 0310 2701     		.2byte	0x127
 937 0312 19030000 		.4byte	0x319
 938 0316 02       		.uleb128 0x2
 939 0317 91       		.byte	0x91
 940 0318 70       		.sleb128 -16
 941 0319 0D       		.uleb128 0xd
 942 031a 04       		.byte	0x4
 943 031b 1F030000 		.4byte	0x31f
 944 031f 13       		.uleb128 0x13
 945 0320 C2020000 		.4byte	0x2c2
 946 0324 00       		.byte	0
 947 0325 00       		.byte	0
 948 0326 00       		.byte	0
 949 0327 1A       		.uleb128 0x1a
 950 0328 9C000000 		.4byte	0x9c
 951 032c 37030000 		.4byte	0x337
 952 0330 1B       		.uleb128 0x1b
 953 0331 76000000 		.4byte	0x76
 954 0335 02       		.byte	0x2
 955 0336 00       		.byte	0
 956 0337 13       		.uleb128 0x13
 957 0338 27030000 		.4byte	0x327
 958 033c 1A       		.uleb128 0x1a
 959 033d F8000000 		.4byte	0xf8
 960 0341 4C030000 		.4byte	0x34c
 961 0345 1B       		.uleb128 0x1b
 962 0346 76000000 		.4byte	0x76
 963 034a 07       		.byte	0x7
 964 034b 00       		.byte	0
 965 034c 13       		.uleb128 0x13
 966 034d 3C030000 		.4byte	0x33c
 967 0351 00       		.byte	0
 968              		.section	.debug_abbrev,"",%progbits
 969              	.Ldebug_abbrev0:
 970 0000 01       		.uleb128 0x1
 971 0001 11       		.uleb128 0x11
 972 0002 01       		.byte	0x1
ARM GAS  C:\Users\mitchell\AppData\Local\Temp\ccMn5Pqx.s 			page 24


 973 0003 25       		.uleb128 0x25
 974 0004 0E       		.uleb128 0xe
 975 0005 13       		.uleb128 0x13
 976 0006 0B       		.uleb128 0xb
 977 0007 03       		.uleb128 0x3
 978 0008 0E       		.uleb128 0xe
 979 0009 1B       		.uleb128 0x1b
 980 000a 0E       		.uleb128 0xe
 981 000b 55       		.uleb128 0x55
 982 000c 17       		.uleb128 0x17
 983 000d 11       		.uleb128 0x11
 984 000e 01       		.uleb128 0x1
 985 000f 10       		.uleb128 0x10
 986 0010 17       		.uleb128 0x17
 987 0011 00       		.byte	0
 988 0012 00       		.byte	0
 989 0013 02       		.uleb128 0x2
 990 0014 24       		.uleb128 0x24
 991 0015 00       		.byte	0
 992 0016 0B       		.uleb128 0xb
 993 0017 0B       		.uleb128 0xb
 994 0018 3E       		.uleb128 0x3e
 995 0019 0B       		.uleb128 0xb
 996 001a 03       		.uleb128 0x3
 997 001b 08       		.uleb128 0x8
 998 001c 00       		.byte	0
 999 001d 00       		.byte	0
 1000 001e 03       		.uleb128 0x3
 1001 001f 16       		.uleb128 0x16
 1002 0020 00       		.byte	0
 1003 0021 03       		.uleb128 0x3
 1004 0022 0E       		.uleb128 0xe
 1005 0023 3A       		.uleb128 0x3a
 1006 0024 0B       		.uleb128 0xb
 1007 0025 3B       		.uleb128 0x3b
 1008 0026 0B       		.uleb128 0xb
 1009 0027 49       		.uleb128 0x49
 1010 0028 13       		.uleb128 0x13
 1011 0029 00       		.byte	0
 1012 002a 00       		.byte	0
 1013 002b 04       		.uleb128 0x4
 1014 002c 24       		.uleb128 0x24
 1015 002d 00       		.byte	0
 1016 002e 0B       		.uleb128 0xb
 1017 002f 0B       		.uleb128 0xb
 1018 0030 3E       		.uleb128 0x3e
 1019 0031 0B       		.uleb128 0xb
 1020 0032 03       		.uleb128 0x3
 1021 0033 0E       		.uleb128 0xe
 1022 0034 00       		.byte	0
 1023 0035 00       		.byte	0
 1024 0036 05       		.uleb128 0x5
 1025 0037 0F       		.uleb128 0xf
 1026 0038 00       		.byte	0
 1027 0039 0B       		.uleb128 0xb
 1028 003a 0B       		.uleb128 0xb
 1029 003b 00       		.byte	0
ARM GAS  C:\Users\mitchell\AppData\Local\Temp\ccMn5Pqx.s 			page 25


 1030 003c 00       		.byte	0
 1031 003d 06       		.uleb128 0x6
 1032 003e 16       		.uleb128 0x16
 1033 003f 00       		.byte	0
 1034 0040 03       		.uleb128 0x3
 1035 0041 0E       		.uleb128 0xe
 1036 0042 3A       		.uleb128 0x3a
 1037 0043 0B       		.uleb128 0xb
 1038 0044 3B       		.uleb128 0x3b
 1039 0045 05       		.uleb128 0x5
 1040 0046 49       		.uleb128 0x49
 1041 0047 13       		.uleb128 0x13
 1042 0048 00       		.byte	0
 1043 0049 00       		.byte	0
 1044 004a 07       		.uleb128 0x7
 1045 004b 35       		.uleb128 0x35
 1046 004c 00       		.byte	0
 1047 004d 49       		.uleb128 0x49
 1048 004e 13       		.uleb128 0x13
 1049 004f 00       		.byte	0
 1050 0050 00       		.byte	0
 1051 0051 08       		.uleb128 0x8
 1052 0052 13       		.uleb128 0x13
 1053 0053 01       		.byte	0x1
 1054 0054 0B       		.uleb128 0xb
 1055 0055 0B       		.uleb128 0xb
 1056 0056 3A       		.uleb128 0x3a
 1057 0057 0B       		.uleb128 0xb
 1058 0058 3B       		.uleb128 0x3b
 1059 0059 0B       		.uleb128 0xb
 1060 005a 01       		.uleb128 0x1
 1061 005b 13       		.uleb128 0x13
 1062 005c 00       		.byte	0
 1063 005d 00       		.byte	0
 1064 005e 09       		.uleb128 0x9
 1065 005f 0D       		.uleb128 0xd
 1066 0060 00       		.byte	0
 1067 0061 03       		.uleb128 0x3
 1068 0062 0E       		.uleb128 0xe
 1069 0063 3A       		.uleb128 0x3a
 1070 0064 0B       		.uleb128 0xb
 1071 0065 3B       		.uleb128 0x3b
 1072 0066 0B       		.uleb128 0xb
 1073 0067 49       		.uleb128 0x49
 1074 0068 13       		.uleb128 0x13
 1075 0069 38       		.uleb128 0x38
 1076 006a 0B       		.uleb128 0xb
 1077 006b 00       		.byte	0
 1078 006c 00       		.byte	0
 1079 006d 0A       		.uleb128 0xa
 1080 006e 2E       		.uleb128 0x2e
 1081 006f 01       		.byte	0x1
 1082 0070 03       		.uleb128 0x3
 1083 0071 0E       		.uleb128 0xe
 1084 0072 3A       		.uleb128 0x3a
 1085 0073 0B       		.uleb128 0xb
 1086 0074 3B       		.uleb128 0x3b
ARM GAS  C:\Users\mitchell\AppData\Local\Temp\ccMn5Pqx.s 			page 26


 1087 0075 0B       		.uleb128 0xb
 1088 0076 27       		.uleb128 0x27
 1089 0077 19       		.uleb128 0x19
 1090 0078 11       		.uleb128 0x11
 1091 0079 01       		.uleb128 0x1
 1092 007a 12       		.uleb128 0x12
 1093 007b 06       		.uleb128 0x6
 1094 007c 40       		.uleb128 0x40
 1095 007d 18       		.uleb128 0x18
 1096 007e 9642     		.uleb128 0x2116
 1097 0080 19       		.uleb128 0x19
 1098 0081 01       		.uleb128 0x1
 1099 0082 13       		.uleb128 0x13
 1100 0083 00       		.byte	0
 1101 0084 00       		.byte	0
 1102 0085 0B       		.uleb128 0xb
 1103 0086 05       		.uleb128 0x5
 1104 0087 00       		.byte	0
 1105 0088 03       		.uleb128 0x3
 1106 0089 08       		.uleb128 0x8
 1107 008a 3A       		.uleb128 0x3a
 1108 008b 0B       		.uleb128 0xb
 1109 008c 3B       		.uleb128 0x3b
 1110 008d 0B       		.uleb128 0xb
 1111 008e 49       		.uleb128 0x49
 1112 008f 13       		.uleb128 0x13
 1113 0090 02       		.uleb128 0x2
 1114 0091 18       		.uleb128 0x18
 1115 0092 00       		.byte	0
 1116 0093 00       		.byte	0
 1117 0094 0C       		.uleb128 0xc
 1118 0095 05       		.uleb128 0x5
 1119 0096 00       		.byte	0
 1120 0097 03       		.uleb128 0x3
 1121 0098 0E       		.uleb128 0xe
 1122 0099 3A       		.uleb128 0x3a
 1123 009a 0B       		.uleb128 0xb
 1124 009b 3B       		.uleb128 0x3b
 1125 009c 0B       		.uleb128 0xb
 1126 009d 49       		.uleb128 0x49
 1127 009e 13       		.uleb128 0x13
 1128 009f 02       		.uleb128 0x2
 1129 00a0 18       		.uleb128 0x18
 1130 00a1 00       		.byte	0
 1131 00a2 00       		.byte	0
 1132 00a3 0D       		.uleb128 0xd
 1133 00a4 0F       		.uleb128 0xf
 1134 00a5 00       		.byte	0
 1135 00a6 0B       		.uleb128 0xb
 1136 00a7 0B       		.uleb128 0xb
 1137 00a8 49       		.uleb128 0x49
 1138 00a9 13       		.uleb128 0x13
 1139 00aa 00       		.byte	0
 1140 00ab 00       		.byte	0
 1141 00ac 0E       		.uleb128 0xe
 1142 00ad 26       		.uleb128 0x26
 1143 00ae 00       		.byte	0
ARM GAS  C:\Users\mitchell\AppData\Local\Temp\ccMn5Pqx.s 			page 27


 1144 00af 00       		.byte	0
 1145 00b0 00       		.byte	0
 1146 00b1 0F       		.uleb128 0xf
 1147 00b2 2E       		.uleb128 0x2e
 1148 00b3 01       		.byte	0x1
 1149 00b4 03       		.uleb128 0x3
 1150 00b5 0E       		.uleb128 0xe
 1151 00b6 3A       		.uleb128 0x3a
 1152 00b7 0B       		.uleb128 0xb
 1153 00b8 3B       		.uleb128 0x3b
 1154 00b9 0B       		.uleb128 0xb
 1155 00ba 27       		.uleb128 0x27
 1156 00bb 19       		.uleb128 0x19
 1157 00bc 11       		.uleb128 0x11
 1158 00bd 01       		.uleb128 0x1
 1159 00be 12       		.uleb128 0x12
 1160 00bf 06       		.uleb128 0x6
 1161 00c0 40       		.uleb128 0x40
 1162 00c1 18       		.uleb128 0x18
 1163 00c2 9742     		.uleb128 0x2117
 1164 00c4 19       		.uleb128 0x19
 1165 00c5 01       		.uleb128 0x1
 1166 00c6 13       		.uleb128 0x13
 1167 00c7 00       		.byte	0
 1168 00c8 00       		.byte	0
 1169 00c9 10       		.uleb128 0x10
 1170 00ca 34       		.uleb128 0x34
 1171 00cb 00       		.byte	0
 1172 00cc 03       		.uleb128 0x3
 1173 00cd 08       		.uleb128 0x8
 1174 00ce 3A       		.uleb128 0x3a
 1175 00cf 0B       		.uleb128 0xb
 1176 00d0 3B       		.uleb128 0x3b
 1177 00d1 0B       		.uleb128 0xb
 1178 00d2 49       		.uleb128 0x49
 1179 00d3 13       		.uleb128 0x13
 1180 00d4 02       		.uleb128 0x2
 1181 00d5 18       		.uleb128 0x18
 1182 00d6 00       		.byte	0
 1183 00d7 00       		.byte	0
 1184 00d8 11       		.uleb128 0x11
 1185 00d9 0B       		.uleb128 0xb
 1186 00da 01       		.byte	0x1
 1187 00db 11       		.uleb128 0x11
 1188 00dc 01       		.uleb128 0x1
 1189 00dd 12       		.uleb128 0x12
 1190 00de 06       		.uleb128 0x6
 1191 00df 00       		.byte	0
 1192 00e0 00       		.byte	0
 1193 00e1 12       		.uleb128 0x12
 1194 00e2 34       		.uleb128 0x34
 1195 00e3 00       		.byte	0
 1196 00e4 03       		.uleb128 0x3
 1197 00e5 0E       		.uleb128 0xe
 1198 00e6 3A       		.uleb128 0x3a
 1199 00e7 0B       		.uleb128 0xb
 1200 00e8 3B       		.uleb128 0x3b
ARM GAS  C:\Users\mitchell\AppData\Local\Temp\ccMn5Pqx.s 			page 28


 1201 00e9 0B       		.uleb128 0xb
 1202 00ea 49       		.uleb128 0x49
 1203 00eb 13       		.uleb128 0x13
 1204 00ec 02       		.uleb128 0x2
 1205 00ed 18       		.uleb128 0x18
 1206 00ee 00       		.byte	0
 1207 00ef 00       		.byte	0
 1208 00f0 13       		.uleb128 0x13
 1209 00f1 26       		.uleb128 0x26
 1210 00f2 00       		.byte	0
 1211 00f3 49       		.uleb128 0x49
 1212 00f4 13       		.uleb128 0x13
 1213 00f5 00       		.byte	0
 1214 00f6 00       		.byte	0
 1215 00f7 14       		.uleb128 0x14
 1216 00f8 2E       		.uleb128 0x2e
 1217 00f9 00       		.byte	0
 1218 00fa 03       		.uleb128 0x3
 1219 00fb 0E       		.uleb128 0xe
 1220 00fc 3A       		.uleb128 0x3a
 1221 00fd 0B       		.uleb128 0xb
 1222 00fe 3B       		.uleb128 0x3b
 1223 00ff 0B       		.uleb128 0xb
 1224 0100 27       		.uleb128 0x27
 1225 0101 19       		.uleb128 0x19
 1226 0102 11       		.uleb128 0x11
 1227 0103 01       		.uleb128 0x1
 1228 0104 12       		.uleb128 0x12
 1229 0105 06       		.uleb128 0x6
 1230 0106 40       		.uleb128 0x40
 1231 0107 18       		.uleb128 0x18
 1232 0108 9642     		.uleb128 0x2116
 1233 010a 19       		.uleb128 0x19
 1234 010b 00       		.byte	0
 1235 010c 00       		.byte	0
 1236 010d 15       		.uleb128 0x15
 1237 010e 2E       		.uleb128 0x2e
 1238 010f 00       		.byte	0
 1239 0110 03       		.uleb128 0x3
 1240 0111 0E       		.uleb128 0xe
 1241 0112 3A       		.uleb128 0x3a
 1242 0113 0B       		.uleb128 0xb
 1243 0114 3B       		.uleb128 0x3b
 1244 0115 0B       		.uleb128 0xb
 1245 0116 27       		.uleb128 0x27
 1246 0117 19       		.uleb128 0x19
 1247 0118 11       		.uleb128 0x11
 1248 0119 01       		.uleb128 0x1
 1249 011a 12       		.uleb128 0x12
 1250 011b 06       		.uleb128 0x6
 1251 011c 40       		.uleb128 0x40
 1252 011d 18       		.uleb128 0x18
 1253 011e 9742     		.uleb128 0x2117
 1254 0120 19       		.uleb128 0x19
 1255 0121 00       		.byte	0
 1256 0122 00       		.byte	0
 1257 0123 16       		.uleb128 0x16
ARM GAS  C:\Users\mitchell\AppData\Local\Temp\ccMn5Pqx.s 			page 29


 1258 0124 2E       		.uleb128 0x2e
 1259 0125 01       		.byte	0x1
 1260 0126 3F       		.uleb128 0x3f
 1261 0127 19       		.uleb128 0x19
 1262 0128 03       		.uleb128 0x3
 1263 0129 0E       		.uleb128 0xe
 1264 012a 3A       		.uleb128 0x3a
 1265 012b 0B       		.uleb128 0xb
 1266 012c 3B       		.uleb128 0x3b
 1267 012d 0B       		.uleb128 0xb
 1268 012e 27       		.uleb128 0x27
 1269 012f 19       		.uleb128 0x19
 1270 0130 11       		.uleb128 0x11
 1271 0131 01       		.uleb128 0x1
 1272 0132 12       		.uleb128 0x12
 1273 0133 06       		.uleb128 0x6
 1274 0134 40       		.uleb128 0x40
 1275 0135 18       		.uleb128 0x18
 1276 0136 9642     		.uleb128 0x2116
 1277 0138 19       		.uleb128 0x19
 1278 0139 01       		.uleb128 0x1
 1279 013a 13       		.uleb128 0x13
 1280 013b 00       		.byte	0
 1281 013c 00       		.byte	0
 1282 013d 17       		.uleb128 0x17
 1283 013e 34       		.uleb128 0x34
 1284 013f 00       		.byte	0
 1285 0140 03       		.uleb128 0x3
 1286 0141 0E       		.uleb128 0xe
 1287 0142 3A       		.uleb128 0x3a
 1288 0143 0B       		.uleb128 0xb
 1289 0144 3B       		.uleb128 0x3b
 1290 0145 05       		.uleb128 0x5
 1291 0146 49       		.uleb128 0x49
 1292 0147 13       		.uleb128 0x13
 1293 0148 02       		.uleb128 0x2
 1294 0149 18       		.uleb128 0x18
 1295 014a 00       		.byte	0
 1296 014b 00       		.byte	0
 1297 014c 18       		.uleb128 0x18
 1298 014d 13       		.uleb128 0x13
 1299 014e 01       		.byte	0x1
 1300 014f 0B       		.uleb128 0xb
 1301 0150 0B       		.uleb128 0xb
 1302 0151 3A       		.uleb128 0x3a
 1303 0152 0B       		.uleb128 0xb
 1304 0153 3B       		.uleb128 0x3b
 1305 0154 05       		.uleb128 0x5
 1306 0155 01       		.uleb128 0x1
 1307 0156 13       		.uleb128 0x13
 1308 0157 00       		.byte	0
 1309 0158 00       		.byte	0
 1310 0159 19       		.uleb128 0x19
 1311 015a 0D       		.uleb128 0xd
 1312 015b 00       		.byte	0
 1313 015c 03       		.uleb128 0x3
 1314 015d 0E       		.uleb128 0xe
ARM GAS  C:\Users\mitchell\AppData\Local\Temp\ccMn5Pqx.s 			page 30


 1315 015e 3A       		.uleb128 0x3a
 1316 015f 0B       		.uleb128 0xb
 1317 0160 3B       		.uleb128 0x3b
 1318 0161 05       		.uleb128 0x5
 1319 0162 49       		.uleb128 0x49
 1320 0163 13       		.uleb128 0x13
 1321 0164 38       		.uleb128 0x38
 1322 0165 0B       		.uleb128 0xb
 1323 0166 00       		.byte	0
 1324 0167 00       		.byte	0
 1325 0168 1A       		.uleb128 0x1a
 1326 0169 01       		.uleb128 0x1
 1327 016a 01       		.byte	0x1
 1328 016b 49       		.uleb128 0x49
 1329 016c 13       		.uleb128 0x13
 1330 016d 01       		.uleb128 0x1
 1331 016e 13       		.uleb128 0x13
 1332 016f 00       		.byte	0
 1333 0170 00       		.byte	0
 1334 0171 1B       		.uleb128 0x1b
 1335 0172 21       		.uleb128 0x21
 1336 0173 00       		.byte	0
 1337 0174 49       		.uleb128 0x49
 1338 0175 13       		.uleb128 0x13
 1339 0176 2F       		.uleb128 0x2f
 1340 0177 0B       		.uleb128 0xb
 1341 0178 00       		.byte	0
 1342 0179 00       		.byte	0
 1343 017a 1C       		.uleb128 0x1c
 1344 017b 34       		.uleb128 0x34
 1345 017c 00       		.byte	0
 1346 017d 03       		.uleb128 0x3
 1347 017e 08       		.uleb128 0x8
 1348 017f 3A       		.uleb128 0x3a
 1349 0180 0B       		.uleb128 0xb
 1350 0181 3B       		.uleb128 0x3b
 1351 0182 05       		.uleb128 0x5
 1352 0183 49       		.uleb128 0x49
 1353 0184 13       		.uleb128 0x13
 1354 0185 02       		.uleb128 0x2
 1355 0186 18       		.uleb128 0x18
 1356 0187 00       		.byte	0
 1357 0188 00       		.byte	0
 1358 0189 00       		.byte	0
 1359              		.section	.debug_aranges,"",%progbits
 1360 0000 4C000000 		.4byte	0x4c
 1361 0004 0200     		.2byte	0x2
 1362 0006 00000000 		.4byte	.Ldebug_info0
 1363 000a 04       		.byte	0x4
 1364 000b 00       		.byte	0
 1365 000c 0000     		.2byte	0
 1366 000e 0000     		.2byte	0
 1367 0010 00000000 		.4byte	.LFB0
 1368 0014 1E000000 		.4byte	.LFE0-.LFB0
 1369 0018 00000000 		.4byte	.LFB1
 1370 001c 22000000 		.4byte	.LFE1-.LFB1
 1371 0020 00000000 		.4byte	.LFB2
ARM GAS  C:\Users\mitchell\AppData\Local\Temp\ccMn5Pqx.s 			page 31


 1372 0024 22000000 		.4byte	.LFE2-.LFB2
 1373 0028 00000000 		.4byte	.LFB3
 1374 002c 7E000000 		.4byte	.LFE3-.LFB3
 1375 0030 00000000 		.4byte	.LFB4
 1376 0034 6C000000 		.4byte	.LFE4-.LFB4
 1377 0038 00000000 		.4byte	.LFB5
 1378 003c 08000000 		.4byte	.LFE5-.LFB5
 1379 0040 6C000000 		.4byte	.LFB6
 1380 0044 24010000 		.4byte	.LFE6-.LFB6
 1381 0048 00000000 		.4byte	0
 1382 004c 00000000 		.4byte	0
 1383              		.section	.debug_ranges,"",%progbits
 1384              	.Ldebug_ranges0:
 1385 0000 00000000 		.4byte	.LFB0
 1386 0004 1E000000 		.4byte	.LFE0
 1387 0008 00000000 		.4byte	.LFB1
 1388 000c 22000000 		.4byte	.LFE1
 1389 0010 00000000 		.4byte	.LFB2
 1390 0014 22000000 		.4byte	.LFE2
 1391 0018 00000000 		.4byte	.LFB3
 1392 001c 7E000000 		.4byte	.LFE3
 1393 0020 00000000 		.4byte	.LFB4
 1394 0024 6C000000 		.4byte	.LFE4
 1395 0028 00000000 		.4byte	.LFB5
 1396 002c 08000000 		.4byte	.LFE5
 1397 0030 6C000000 		.4byte	.LFB6
 1398 0034 90010000 		.4byte	.LFE6
 1399 0038 00000000 		.4byte	0
 1400 003c 00000000 		.4byte	0
 1401              		.section	.debug_line,"",%progbits
 1402              	.Ldebug_line0:
 1403 0000 89010000 		.section	.debug_str,"MS",%progbits,1
 1403      0200CD00 
 1403      00000201 
 1403      FB0E0D00 
 1403      01010101 
 1404              	.LASF18:
 1405 0000 72656733 		.ascii	"reg32\000"
 1405      3200
 1406              	.LASF11:
 1407 0006 73697A65 		.ascii	"size_t\000"
 1407      5F7400
 1408              	.LASF32:
 1409 000d 416E616C 		.ascii	"AnalogSetDefault\000"
 1409      6F675365 
 1409      74446566 
 1409      61756C74 
 1409      00
 1410              	.LASF20:
 1411 001e 76616C75 		.ascii	"value\000"
 1411      6500
 1412              	.LASF30:
 1413 0024 636F756E 		.ascii	"count\000"
 1413      7400
 1414              	.LASF31:
 1415 002a 436C6F63 		.ascii	"ClockSetup\000"
 1415      6B536574 
ARM GAS  C:\Users\mitchell\AppData\Local\Temp\ccMn5Pqx.s 			page 32


 1415      757000
 1416              	.LASF33:
 1417 0035 63795F63 		.ascii	"cy_cfg_addr_table\000"
 1417      66675F61 
 1417      6464725F 
 1417      7461626C 
 1417      6500
 1418              	.LASF34:
 1419 0047 63795F63 		.ascii	"cy_cfg_data_table\000"
 1419      66675F64 
 1419      6174615F 
 1419      7461626C 
 1419      6500
 1420              	.LASF15:
 1421 0059 666C6F61 		.ascii	"float\000"
 1421      7400
 1422              	.LASF39:
 1423 005f 474E5520 		.ascii	"GNU C 4.8.4 20140526 (release) [ARM/embedded-4_8-br"
 1423      4320342E 
 1423      382E3420 
 1423      32303134 
 1423      30353236 
 1424 0092 616E6368 		.ascii	"anch revision 211358] -mcpu=cortex-m0 -mthumb -g -O"
 1424      20726576 
 1424      6973696F 
 1424      6E203231 
 1424      31333538 
 1425 00c5 30202D66 		.ascii	"0 -ffunction-sections\000"
 1425      66756E63 
 1425      74696F6E 
 1425      2D736563 
 1425      74696F6E 
 1426              	.LASF41:
 1427 00db 433A5C55 		.ascii	"C:\\Users\\mitchell\\Documents\\fsae\\E-Throttle\\E"
 1427      73657273 
 1427      5C6D6974 
 1427      6368656C 
 1427      6C5C446F 
 1428 0108 2D546872 		.ascii	"-Throttle\\ExampleProject1\\Lab Solutions\\Lab 2 LE"
 1428      6F74746C 
 1428      655C4578 
 1428      616D706C 
 1428      6550726F 
 1429 0138 44205057 		.ascii	"D PWM.cydsn\000"
 1429      4D2E6379 
 1429      64736E00 
 1430              	.LASF38:
 1431 0144 6366675F 		.ascii	"cfg_memset_list\000"
 1431      6D656D73 
 1431      65745F6C 
 1431      69737400 
 1432              	.LASF36:
 1433 0154 73697A65 		.ascii	"size\000"
 1433      00
 1434              	.LASF17:
 1435 0159 72656738 		.ascii	"reg8\000"
 1435      00
ARM GAS  C:\Users\mitchell\AppData\Local\Temp\ccMn5Pqx.s 			page 33


 1436              	.LASF6:
 1437 015e 6C6F6E67 		.ascii	"long unsigned int\000"
 1437      20756E73 
 1437      69676E65 
 1437      6420696E 
 1437      7400
 1438              	.LASF12:
 1439 0170 75696E74 		.ascii	"uint8\000"
 1439      3800
 1440              	.LASF22:
 1441 0176 43594D45 		.ascii	"CYMEMZERO\000"
 1441      4D5A4552 
 1441      4F00
 1442              	.LASF2:
 1443 0180 756E7369 		.ascii	"unsigned char\000"
 1443      676E6564 
 1443      20636861 
 1443      7200
 1444              	.LASF16:
 1445 018e 646F7562 		.ascii	"double\000"
 1445      6C6500
 1446              	.LASF26:
 1447 0195 6366675F 		.ascii	"cfg_write_bytes32\000"
 1447      77726974 
 1447      655F6279 
 1447      74657333 
 1447      3200
 1448              	.LASF42:
 1449 01a7 63796669 		.ascii	"cyfitter_cfg\000"
 1449      74746572 
 1449      5F636667 
 1449      00
 1450              	.LASF27:
 1451 01b4 61646472 		.ascii	"addr_table\000"
 1451      5F746162 
 1451      6C6500
 1452              	.LASF13:
 1453 01bf 75696E74 		.ascii	"uint16\000"
 1453      313600
 1454              	.LASF28:
 1455 01c6 64617461 		.ascii	"data_table\000"
 1455      5F746162 
 1455      6C6500
 1456              	.LASF14:
 1457 01d1 75696E74 		.ascii	"uint32\000"
 1457      333200
 1458              	.LASF0:
 1459 01d8 756E7369 		.ascii	"unsigned int\000"
 1459      676E6564 
 1459      20696E74 
 1459      00
 1460              	.LASF35:
 1461 01e5 61646472 		.ascii	"address\000"
 1461      65737300 
 1462              	.LASF8:
 1463 01ed 6C6F6E67 		.ascii	"long long unsigned int\000"
 1463      206C6F6E 
ARM GAS  C:\Users\mitchell\AppData\Local\Temp\ccMn5Pqx.s 			page 34


 1463      6720756E 
 1463      7369676E 
 1463      65642069 
 1464              	.LASF24:
 1465 0204 64657374 		.ascii	"dest\000"
 1465      00
 1466              	.LASF37:
 1467 0209 6366675F 		.ascii	"cfg_memset_t\000"
 1467      6D656D73 
 1467      65745F74 
 1467      00
 1468              	.LASF29:
 1469 0216 62617365 		.ascii	"baseAddr\000"
 1469      41646472 
 1469      00
 1470              	.LASF9:
 1471 021f 73697A65 		.ascii	"sizetype\000"
 1471      74797065 
 1471      00
 1472              	.LASF40:
 1473 0228 2E5C4765 		.ascii	".\\Generated_Source\\PSoC4\\cyfitter_cfg.c\000"
 1473      6E657261 
 1473      7465645F 
 1473      536F7572 
 1473      63655C50 
 1474              	.LASF7:
 1475 0250 6C6F6E67 		.ascii	"long long int\000"
 1475      206C6F6E 
 1475      6720696E 
 1475      7400
 1476              	.LASF10:
 1477 025e 63686172 		.ascii	"char\000"
 1477      00
 1478              	.LASF21:
 1479 0263 63795F63 		.ascii	"cy_cfg_addrvalue_t\000"
 1479      66675F61 
 1479      64647276 
 1479      616C7565 
 1479      5F7400
 1480              	.LASF19:
 1481 0276 6F666673 		.ascii	"offset\000"
 1481      657400
 1482              	.LASF3:
 1483 027d 73686F72 		.ascii	"short int\000"
 1483      7420696E 
 1483      7400
 1484              	.LASF5:
 1485 0287 6C6F6E67 		.ascii	"long int\000"
 1485      20696E74 
 1485      00
 1486              	.LASF1:
 1487 0290 7369676E 		.ascii	"signed char\000"
 1487      65642063 
 1487      68617200 
 1488              	.LASF4:
 1489 029c 73686F72 		.ascii	"short unsigned int\000"
 1489      7420756E 
ARM GAS  C:\Users\mitchell\AppData\Local\Temp\ccMn5Pqx.s 			page 35


 1489      7369676E 
 1489      65642069 
 1489      6E7400
 1490              	.LASF25:
 1491 02af 4359434F 		.ascii	"CYCONFIGCPYCODE\000"
 1491      4E464947 
 1491      43505943 
 1491      4F444500 
 1492              	.LASF23:
 1493 02bf 4359434F 		.ascii	"CYCONFIGCPY\000"
 1493      4E464947 
 1493      43505900 
 1494              		.ident	"GCC: (GNU Tools for ARM Embedded Processors) 4.8.4 20140526 (release) [ARM/embedded-4_8-br
