ARM GAS  C:\Users\mitchell\AppData\Local\Temp\ccLvRUm3.s 			page 1


   1              		.cpu cortex-m0
   2              		.fpu softvfp
   3              		.eabi_attribute 20, 1
   4              		.eabi_attribute 21, 1
   5              		.eabi_attribute 23, 3
   6              		.eabi_attribute 24, 1
   7              		.eabi_attribute 25, 1
   8              		.eabi_attribute 26, 1
   9              		.eabi_attribute 30, 6
  10              		.eabi_attribute 34, 0
  11              		.eabi_attribute 18, 4
  12              		.code	16
  13              		.file	"main.c"
  14              		.text
  15              	.Ltext0:
  16              		.cfi_sections	.debug_frame
  17              		.section	.text.main,"ax",%progbits
  18              		.align	2
  19              		.global	main
  20              		.code	16
  21              		.thumb_func
  22              		.type	main, %function
  23              	main:
  24              	.LFB33:
  25              		.file 1 ".\\main.c"
   1:.\main.c      **** #include <device.h>
   2:.\main.c      **** 
   3:.\main.c      **** void main()
   4:.\main.c      **** {
  26              		.loc 1 4 0
  27              		.cfi_startproc
  28 0000 80B5     		push	{r7, lr}
  29              		.cfi_def_cfa_offset 8
  30              		.cfi_offset 7, -8
  31              		.cfi_offset 14, -4
  32 0002 82B0     		sub	sp, sp, #8
  33              		.cfi_def_cfa_offset 16
  34 0004 00AF     		add	r7, sp, #0
  35              		.cfi_def_cfa_register 7
   5:.\main.c      ****     /* Place your initialization/startup code here (e.g. MyInst_Start()) */
   6:.\main.c      ****     uint16 PWMCompare;
   7:.\main.c      ****     PWM_1_Start();
  36              		.loc 1 7 0
  37 0006 FFF7FEFF 		bl	PWM_1_Start
  38              	.L3:
   8:.\main.c      **** 
   9:.\main.c      ****     /* CyGlobalIntEnable; */ /* Uncomment this line to enable global interrupts. */
  10:.\main.c      ****     for(;;)
  11:.\main.c      ****     {
  12:.\main.c      ****         /* Place your application code here. */
  13:.\main.c      ****         PWMCompare = PWMCompare + 1;
  39              		.loc 1 13 0
  40 000a BB1D     		add	r3, r7, #6
  41 000c BA1D     		add	r2, r7, #6
  42 000e 1288     		ldrh	r2, [r2]
  43 0010 0132     		add	r2, r2, #1
  44 0012 1A80     		strh	r2, [r3]
ARM GAS  C:\Users\mitchell\AppData\Local\Temp\ccLvRUm3.s 			page 2


  14:.\main.c      ****         if( PWMCompare >= 1000 )
  45              		.loc 1 14 0
  46 0014 BB1D     		add	r3, r7, #6
  47 0016 1A88     		ldrh	r2, [r3]
  48 0018 074B     		ldr	r3, .L4
  49 001a 9A42     		cmp	r2, r3
  50 001c 02D9     		bls	.L2
  15:.\main.c      ****             PWMCompare = 0;
  51              		.loc 1 15 0
  52 001e BB1D     		add	r3, r7, #6
  53 0020 0022     		mov	r2, #0
  54 0022 1A80     		strh	r2, [r3]
  55              	.L2:
  16:.\main.c      ****         PWM_1_WriteCompare(PWMCompare);
  56              		.loc 1 16 0
  57 0024 BB1D     		add	r3, r7, #6
  58 0026 1B88     		ldrh	r3, [r3]
  59 0028 181C     		mov	r0, r3
  60 002a FFF7FEFF 		bl	PWM_1_WriteCompare
  17:.\main.c      ****         CyDelay(1);
  61              		.loc 1 17 0
  62 002e 0120     		mov	r0, #1
  63 0030 FFF7FEFF 		bl	CyDelay
  18:.\main.c      ****     }
  64              		.loc 1 18 0
  65 0034 E9E7     		b	.L3
  66              	.L5:
  67 0036 C046     		.align	2
  68              	.L4:
  69 0038 E7030000 		.word	999
  70              		.cfi_endproc
  71              	.LFE33:
  72              		.size	main, .-main
  73              		.text
  74              	.Letext0:
  75              		.file 2 "Generated_Source\\PSoC4/cytypes.h"
  76              		.section	.debug_info,"",%progbits
  77              	.Ldebug_info0:
  78 0000 AF000000 		.4byte	0xaf
  79 0004 0400     		.2byte	0x4
  80 0006 00000000 		.4byte	.Ldebug_abbrev0
  81 000a 04       		.byte	0x4
  82 000b 01       		.uleb128 0x1
  83 000c A6000000 		.4byte	.LASF13
  84 0010 01       		.byte	0x1
  85 0011 8B010000 		.4byte	.LASF14
  86 0015 1B000000 		.4byte	.LASF15
  87 0019 00000000 		.4byte	.Ldebug_ranges0+0
  88 001d 00000000 		.4byte	0
  89 0021 00000000 		.4byte	.Ldebug_line0
  90 0025 02       		.uleb128 0x2
  91 0026 01       		.byte	0x1
  92 0027 06       		.byte	0x6
  93 0028 79010000 		.4byte	.LASF0
  94 002c 02       		.uleb128 0x2
  95 002d 01       		.byte	0x1
  96 002e 08       		.byte	0x8
ARM GAS  C:\Users\mitchell\AppData\Local\Temp\ccLvRUm3.s 			page 3


  97 002f 39010000 		.4byte	.LASF1
  98 0033 02       		.uleb128 0x2
  99 0034 02       		.byte	0x2
 100 0035 05       		.byte	0x5
 101 0036 55010000 		.4byte	.LASF2
 102 003a 02       		.uleb128 0x2
 103 003b 02       		.byte	0x2
 104 003c 07       		.byte	0x7
 105 003d 66010000 		.4byte	.LASF3
 106 0041 02       		.uleb128 0x2
 107 0042 04       		.byte	0x4
 108 0043 05       		.byte	0x5
 109 0044 4C010000 		.4byte	.LASF4
 110 0048 02       		.uleb128 0x2
 111 0049 04       		.byte	0x4
 112 004a 07       		.byte	0x7
 113 004b 89000000 		.4byte	.LASF5
 114 004f 02       		.uleb128 0x2
 115 0050 08       		.byte	0x8
 116 0051 05       		.byte	0x5
 117 0052 00000000 		.4byte	.LASF6
 118 0056 02       		.uleb128 0x2
 119 0057 08       		.byte	0x8
 120 0058 07       		.byte	0x7
 121 0059 22010000 		.4byte	.LASF7
 122 005d 03       		.uleb128 0x3
 123 005e 04       		.byte	0x4
 124 005f 05       		.byte	0x5
 125 0060 696E7400 		.ascii	"int\000"
 126 0064 02       		.uleb128 0x2
 127 0065 04       		.byte	0x4
 128 0066 07       		.byte	0x7
 129 0067 0E000000 		.4byte	.LASF8
 130 006b 04       		.uleb128 0x4
 131 006c 94010000 		.4byte	.LASF16
 132 0070 02       		.byte	0x2
 133 0071 C2       		.byte	0xc2
 134 0072 3A000000 		.4byte	0x3a
 135 0076 02       		.uleb128 0x2
 136 0077 04       		.byte	0x4
 137 0078 04       		.byte	0x4
 138 0079 85010000 		.4byte	.LASF9
 139 007d 02       		.uleb128 0x2
 140 007e 08       		.byte	0x8
 141 007f 04       		.byte	0x4
 142 0080 5F010000 		.4byte	.LASF10
 143 0084 02       		.uleb128 0x2
 144 0085 01       		.byte	0x1
 145 0086 08       		.byte	0x8
 146 0087 47010000 		.4byte	.LASF11
 147 008b 02       		.uleb128 0x2
 148 008c 04       		.byte	0x4
 149 008d 07       		.byte	0x7
 150 008e 9B010000 		.4byte	.LASF12
 151 0092 05       		.uleb128 0x5
 152 0093 84000000 		.4byte	.LASF17
 153 0097 01       		.byte	0x1
ARM GAS  C:\Users\mitchell\AppData\Local\Temp\ccLvRUm3.s 			page 4


 154 0098 03       		.byte	0x3
 155 0099 00000000 		.4byte	.LFB33
 156 009d 3C000000 		.4byte	.LFE33-.LFB33
 157 00a1 01       		.uleb128 0x1
 158 00a2 9C       		.byte	0x9c
 159 00a3 06       		.uleb128 0x6
 160 00a4 9B000000 		.4byte	.LASF18
 161 00a8 01       		.byte	0x1
 162 00a9 06       		.byte	0x6
 163 00aa 6B000000 		.4byte	0x6b
 164 00ae 02       		.uleb128 0x2
 165 00af 91       		.byte	0x91
 166 00b0 76       		.sleb128 -10
 167 00b1 00       		.byte	0
 168 00b2 00       		.byte	0
 169              		.section	.debug_abbrev,"",%progbits
 170              	.Ldebug_abbrev0:
 171 0000 01       		.uleb128 0x1
 172 0001 11       		.uleb128 0x11
 173 0002 01       		.byte	0x1
 174 0003 25       		.uleb128 0x25
 175 0004 0E       		.uleb128 0xe
 176 0005 13       		.uleb128 0x13
 177 0006 0B       		.uleb128 0xb
 178 0007 03       		.uleb128 0x3
 179 0008 0E       		.uleb128 0xe
 180 0009 1B       		.uleb128 0x1b
 181 000a 0E       		.uleb128 0xe
 182 000b 55       		.uleb128 0x55
 183 000c 17       		.uleb128 0x17
 184 000d 11       		.uleb128 0x11
 185 000e 01       		.uleb128 0x1
 186 000f 10       		.uleb128 0x10
 187 0010 17       		.uleb128 0x17
 188 0011 00       		.byte	0
 189 0012 00       		.byte	0
 190 0013 02       		.uleb128 0x2
 191 0014 24       		.uleb128 0x24
 192 0015 00       		.byte	0
 193 0016 0B       		.uleb128 0xb
 194 0017 0B       		.uleb128 0xb
 195 0018 3E       		.uleb128 0x3e
 196 0019 0B       		.uleb128 0xb
 197 001a 03       		.uleb128 0x3
 198 001b 0E       		.uleb128 0xe
 199 001c 00       		.byte	0
 200 001d 00       		.byte	0
 201 001e 03       		.uleb128 0x3
 202 001f 24       		.uleb128 0x24
 203 0020 00       		.byte	0
 204 0021 0B       		.uleb128 0xb
 205 0022 0B       		.uleb128 0xb
 206 0023 3E       		.uleb128 0x3e
 207 0024 0B       		.uleb128 0xb
 208 0025 03       		.uleb128 0x3
 209 0026 08       		.uleb128 0x8
 210 0027 00       		.byte	0
ARM GAS  C:\Users\mitchell\AppData\Local\Temp\ccLvRUm3.s 			page 5


 211 0028 00       		.byte	0
 212 0029 04       		.uleb128 0x4
 213 002a 16       		.uleb128 0x16
 214 002b 00       		.byte	0
 215 002c 03       		.uleb128 0x3
 216 002d 0E       		.uleb128 0xe
 217 002e 3A       		.uleb128 0x3a
 218 002f 0B       		.uleb128 0xb
 219 0030 3B       		.uleb128 0x3b
 220 0031 0B       		.uleb128 0xb
 221 0032 49       		.uleb128 0x49
 222 0033 13       		.uleb128 0x13
 223 0034 00       		.byte	0
 224 0035 00       		.byte	0
 225 0036 05       		.uleb128 0x5
 226 0037 2E       		.uleb128 0x2e
 227 0038 01       		.byte	0x1
 228 0039 3F       		.uleb128 0x3f
 229 003a 19       		.uleb128 0x19
 230 003b 03       		.uleb128 0x3
 231 003c 0E       		.uleb128 0xe
 232 003d 3A       		.uleb128 0x3a
 233 003e 0B       		.uleb128 0xb
 234 003f 3B       		.uleb128 0x3b
 235 0040 0B       		.uleb128 0xb
 236 0041 11       		.uleb128 0x11
 237 0042 01       		.uleb128 0x1
 238 0043 12       		.uleb128 0x12
 239 0044 06       		.uleb128 0x6
 240 0045 40       		.uleb128 0x40
 241 0046 18       		.uleb128 0x18
 242 0047 9642     		.uleb128 0x2116
 243 0049 19       		.uleb128 0x19
 244 004a 00       		.byte	0
 245 004b 00       		.byte	0
 246 004c 06       		.uleb128 0x6
 247 004d 34       		.uleb128 0x34
 248 004e 00       		.byte	0
 249 004f 03       		.uleb128 0x3
 250 0050 0E       		.uleb128 0xe
 251 0051 3A       		.uleb128 0x3a
 252 0052 0B       		.uleb128 0xb
 253 0053 3B       		.uleb128 0x3b
 254 0054 0B       		.uleb128 0xb
 255 0055 49       		.uleb128 0x49
 256 0056 13       		.uleb128 0x13
 257 0057 02       		.uleb128 0x2
 258 0058 18       		.uleb128 0x18
 259 0059 00       		.byte	0
 260 005a 00       		.byte	0
 261 005b 00       		.byte	0
 262              		.section	.debug_aranges,"",%progbits
 263 0000 1C000000 		.4byte	0x1c
 264 0004 0200     		.2byte	0x2
 265 0006 00000000 		.4byte	.Ldebug_info0
 266 000a 04       		.byte	0x4
 267 000b 00       		.byte	0
ARM GAS  C:\Users\mitchell\AppData\Local\Temp\ccLvRUm3.s 			page 6


 268 000c 0000     		.2byte	0
 269 000e 0000     		.2byte	0
 270 0010 00000000 		.4byte	.LFB33
 271 0014 3C000000 		.4byte	.LFE33-.LFB33
 272 0018 00000000 		.4byte	0
 273 001c 00000000 		.4byte	0
 274              		.section	.debug_ranges,"",%progbits
 275              	.Ldebug_ranges0:
 276 0000 00000000 		.4byte	.LFB33
 277 0004 3C000000 		.4byte	.LFE33
 278 0008 00000000 		.4byte	0
 279 000c 00000000 		.4byte	0
 280              		.section	.debug_line,"",%progbits
 281              	.Ldebug_line0:
 282 0000 5D000000 		.section	.debug_str,"MS",%progbits,1
 282      02004300 
 282      00000201 
 282      FB0E0D00 
 282      01010101 
 283              	.LASF6:
 284 0000 6C6F6E67 		.ascii	"long long int\000"
 284      206C6F6E 
 284      6720696E 
 284      7400
 285              	.LASF8:
 286 000e 756E7369 		.ascii	"unsigned int\000"
 286      676E6564 
 286      20696E74 
 286      00
 287              	.LASF15:
 288 001b 433A5C55 		.ascii	"C:\\Users\\mitchell\\Documents\\fsae\\E-Throttle\\E"
 288      73657273 
 288      5C6D6974 
 288      6368656C 
 288      6C5C446F 
 289 0048 2D546872 		.ascii	"-Throttle\\ExampleProject1\\Lab Solutions\\Lab 2 LE"
 289      6F74746C 
 289      655C4578 
 289      616D706C 
 289      6550726F 
 290 0078 44205057 		.ascii	"D PWM.cydsn\000"
 290      4D2E6379 
 290      64736E00 
 291              	.LASF17:
 292 0084 6D61696E 		.ascii	"main\000"
 292      00
 293              	.LASF5:
 294 0089 6C6F6E67 		.ascii	"long unsigned int\000"
 294      20756E73 
 294      69676E65 
 294      6420696E 
 294      7400
 295              	.LASF18:
 296 009b 50574D43 		.ascii	"PWMCompare\000"
 296      6F6D7061 
 296      726500
 297              	.LASF13:
ARM GAS  C:\Users\mitchell\AppData\Local\Temp\ccLvRUm3.s 			page 7


 298 00a6 474E5520 		.ascii	"GNU C 4.8.4 20140526 (release) [ARM/embedded-4_8-br"
 298      4320342E 
 298      382E3420 
 298      32303134 
 298      30353236 
 299 00d9 616E6368 		.ascii	"anch revision 211358] -mcpu=cortex-m0 -mthumb -g -O"
 299      20726576 
 299      6973696F 
 299      6E203231 
 299      31333538 
 300 010c 30202D66 		.ascii	"0 -ffunction-sections\000"
 300      66756E63 
 300      74696F6E 
 300      2D736563 
 300      74696F6E 
 301              	.LASF7:
 302 0122 6C6F6E67 		.ascii	"long long unsigned int\000"
 302      206C6F6E 
 302      6720756E 
 302      7369676E 
 302      65642069 
 303              	.LASF1:
 304 0139 756E7369 		.ascii	"unsigned char\000"
 304      676E6564 
 304      20636861 
 304      7200
 305              	.LASF11:
 306 0147 63686172 		.ascii	"char\000"
 306      00
 307              	.LASF4:
 308 014c 6C6F6E67 		.ascii	"long int\000"
 308      20696E74 
 308      00
 309              	.LASF2:
 310 0155 73686F72 		.ascii	"short int\000"
 310      7420696E 
 310      7400
 311              	.LASF10:
 312 015f 646F7562 		.ascii	"double\000"
 312      6C6500
 313              	.LASF3:
 314 0166 73686F72 		.ascii	"short unsigned int\000"
 314      7420756E 
 314      7369676E 
 314      65642069 
 314      6E7400
 315              	.LASF0:
 316 0179 7369676E 		.ascii	"signed char\000"
 316      65642063 
 316      68617200 
 317              	.LASF9:
 318 0185 666C6F61 		.ascii	"float\000"
 318      7400
 319              	.LASF14:
 320 018b 2E5C6D61 		.ascii	".\\main.c\000"
 320      696E2E63 
 320      00
ARM GAS  C:\Users\mitchell\AppData\Local\Temp\ccLvRUm3.s 			page 8


 321              	.LASF16:
 322 0194 75696E74 		.ascii	"uint16\000"
 322      313600
 323              	.LASF12:
 324 019b 73697A65 		.ascii	"sizetype\000"
 324      74797065 
 324      00
 325              		.ident	"GCC: (GNU Tools for ARM Embedded Processors) 4.8.4 20140526 (release) [ARM/embedded-4_8-br
