ARM GAS  C:\Users\maxk\AppData\Local\Temp\cc2tShFZ.s 			page 1


   1              		.cpu cortex-m0
   2              		.fpu softvfp
   3              		.eabi_attribute 20, 1
   4              		.eabi_attribute 21, 1
   5              		.eabi_attribute 23, 3
   6              		.eabi_attribute 24, 1
   7              		.eabi_attribute 25, 1
   8              		.eabi_attribute 26, 1
   9              		.eabi_attribute 30, 6
  10              		.eabi_attribute 18, 4
  11              		.code	16
  12              		.file	"CapSense_1_PM.c"
  13              		.section	.debug_abbrev,"",%progbits
  14              	.Ldebug_abbrev0:
  15              		.section	.debug_info,"",%progbits
  16              	.Ldebug_info0:
  17              		.section	.debug_line,"",%progbits
  18              	.Ldebug_line0:
  19 0000 CE000000 		.text
  19      02007600 
  19      00000201 
  19      FB0E0D00 
  19      01010101 
  20              	.Ltext0:
  21              		.cfi_sections	.debug_frame
  22              		.global	CapSense_1_backup
  23              		.bss
  24              		.align	2
  25              		.type	CapSense_1_backup, %object
  26              		.size	CapSense_1_backup, 1
  27              	CapSense_1_backup:
  28 0000 00       		.space	1
  29 0001 000000   		.section	.text.CapSense_1_SaveConfig,"ax",%progbits
  30              		.align	2
  31              		.global	CapSense_1_SaveConfig
  32              		.code	16
  33              		.thumb_func
  34              		.type	CapSense_1_SaveConfig, %function
  35              	CapSense_1_SaveConfig:
  36              	.LFB0:
  37              		.file 1 ".\\Generated_Source\\PSoC4\\CapSense_1_PM.c"
   1:.\Generated_Source\PSoC4/CapSense_1_PM.c **** /*******************************************************************************
   2:.\Generated_Source\PSoC4/CapSense_1_PM.c **** * File Name: CapSense_1_PM.c
   3:.\Generated_Source\PSoC4/CapSense_1_PM.c **** * Version 1.0
   4:.\Generated_Source\PSoC4/CapSense_1_PM.c **** *
   5:.\Generated_Source\PSoC4/CapSense_1_PM.c **** * Description:
   6:.\Generated_Source\PSoC4/CapSense_1_PM.c **** *  This file provides Sleep APIs for CapSense CSD Component.
   7:.\Generated_Source\PSoC4/CapSense_1_PM.c **** *
   8:.\Generated_Source\PSoC4/CapSense_1_PM.c **** * Note:
   9:.\Generated_Source\PSoC4/CapSense_1_PM.c **** *
  10:.\Generated_Source\PSoC4/CapSense_1_PM.c **** ********************************************************************************
  11:.\Generated_Source\PSoC4/CapSense_1_PM.c **** * Copyright 2013, Cypress Semiconductor Corporation.  All rights reserved.
  12:.\Generated_Source\PSoC4/CapSense_1_PM.c **** * You may use this file only in accordance with the license, terms, conditions, 
  13:.\Generated_Source\PSoC4/CapSense_1_PM.c **** * disclaimers, and limitations in the end user license agreement accompanying 
  14:.\Generated_Source\PSoC4/CapSense_1_PM.c **** * the software package with which this file was provided.
  15:.\Generated_Source\PSoC4/CapSense_1_PM.c **** *******************************************************************************/
  16:.\Generated_Source\PSoC4/CapSense_1_PM.c **** 
ARM GAS  C:\Users\maxk\AppData\Local\Temp\cc2tShFZ.s 			page 2


  17:.\Generated_Source\PSoC4/CapSense_1_PM.c **** #include "CapSense_1.h"
  18:.\Generated_Source\PSoC4/CapSense_1_PM.c **** 
  19:.\Generated_Source\PSoC4/CapSense_1_PM.c **** CapSense_1_BACKUP_STRUCT CapSense_1_backup =
  20:.\Generated_Source\PSoC4/CapSense_1_PM.c **** {   
  21:.\Generated_Source\PSoC4/CapSense_1_PM.c ****     0x00u, /* enableState; */
  22:.\Generated_Source\PSoC4/CapSense_1_PM.c **** };
  23:.\Generated_Source\PSoC4/CapSense_1_PM.c **** 
  24:.\Generated_Source\PSoC4/CapSense_1_PM.c **** 
  25:.\Generated_Source\PSoC4/CapSense_1_PM.c **** /*******************************************************************************
  26:.\Generated_Source\PSoC4/CapSense_1_PM.c **** * Function Name: CapSense_1_SaveConfig
  27:.\Generated_Source\PSoC4/CapSense_1_PM.c **** ********************************************************************************
  28:.\Generated_Source\PSoC4/CapSense_1_PM.c **** *
  29:.\Generated_Source\PSoC4/CapSense_1_PM.c **** * Summary:
  30:.\Generated_Source\PSoC4/CapSense_1_PM.c **** *  Saves customer configuration of CapSense.
  31:.\Generated_Source\PSoC4/CapSense_1_PM.c **** *
  32:.\Generated_Source\PSoC4/CapSense_1_PM.c **** * Parameters:
  33:.\Generated_Source\PSoC4/CapSense_1_PM.c **** *  None
  34:.\Generated_Source\PSoC4/CapSense_1_PM.c **** *
  35:.\Generated_Source\PSoC4/CapSense_1_PM.c **** * Return:
  36:.\Generated_Source\PSoC4/CapSense_1_PM.c **** *  None
  37:.\Generated_Source\PSoC4/CapSense_1_PM.c **** *
  38:.\Generated_Source\PSoC4/CapSense_1_PM.c **** * Global Variables:
  39:.\Generated_Source\PSoC4/CapSense_1_PM.c **** *  CapSense_1_backup - used to save component state before enter sleep 
  40:.\Generated_Source\PSoC4/CapSense_1_PM.c **** *  mode and none-retention registers.
  41:.\Generated_Source\PSoC4/CapSense_1_PM.c **** *
  42:.\Generated_Source\PSoC4/CapSense_1_PM.c **** *******************************************************************************/
  43:.\Generated_Source\PSoC4/CapSense_1_PM.c **** void CapSense_1_SaveConfig(void)
  44:.\Generated_Source\PSoC4/CapSense_1_PM.c **** {
  38              		.loc 1 44 0
  39              		.cfi_startproc
  40 0000 80B5     		push	{r7, lr}
  41              	.LCFI0:
  42              		.cfi_def_cfa_offset 8
  43              		.cfi_offset 7, -8
  44              		.cfi_offset 14, -4
  45 0002 00AF     		add	r7, sp, #0
  46              	.LCFI1:
  47              		.cfi_def_cfa_register 7
  45:.\Generated_Source\PSoC4/CapSense_1_PM.c **** 	if(CapSense_1_CSD_CFG_REG & CapSense_1_CSD_CFG_ENABLE)
  48              		.loc 1 45 0
  49 0004 044B     		ldr	r3, .L4
  50 0006 1B68     		ldr	r3, [r3]
  51 0008 002B     		cmp	r3, #0
  52 000a 02DA     		bge	.L3
  46:.\Generated_Source\PSoC4/CapSense_1_PM.c **** 	{
  47:.\Generated_Source\PSoC4/CapSense_1_PM.c **** 		CapSense_1_backup.enableState = 1u;
  53              		.loc 1 47 0
  54 000c 034B     		ldr	r3, .L4+4
  55 000e 0122     		mov	r2, #1
  56 0010 1A70     		strb	r2, [r3]
  57              	.L3:
  48:.\Generated_Source\PSoC4/CapSense_1_PM.c **** 	}
  49:.\Generated_Source\PSoC4/CapSense_1_PM.c **** }
  58              		.loc 1 49 0
  59 0012 BD46     		mov	sp, r7
  60              		@ sp needed for prologue
  61 0014 80BD     		pop	{r7, pc}
ARM GAS  C:\Users\maxk\AppData\Local\Temp\cc2tShFZ.s 			page 3


  62              	.L5:
  63 0016 C046     		.align	2
  64              	.L4:
  65 0018 04000840 		.word	1074266116
  66 001c 00000000 		.word	CapSense_1_backup
  67              		.cfi_endproc
  68              	.LFE0:
  69              		.size	CapSense_1_SaveConfig, .-CapSense_1_SaveConfig
  70              		.section	.text.CapSense_1_Sleep,"ax",%progbits
  71              		.align	2
  72              		.global	CapSense_1_Sleep
  73              		.code	16
  74              		.thumb_func
  75              		.type	CapSense_1_Sleep, %function
  76              	CapSense_1_Sleep:
  77              	.LFB1:
  50:.\Generated_Source\PSoC4/CapSense_1_PM.c **** 
  51:.\Generated_Source\PSoC4/CapSense_1_PM.c **** 
  52:.\Generated_Source\PSoC4/CapSense_1_PM.c **** /*******************************************************************************
  53:.\Generated_Source\PSoC4/CapSense_1_PM.c **** * Function Name: CapSense_1_Sleep
  54:.\Generated_Source\PSoC4/CapSense_1_PM.c **** ********************************************************************************
  55:.\Generated_Source\PSoC4/CapSense_1_PM.c **** *
  56:.\Generated_Source\PSoC4/CapSense_1_PM.c **** * Summary:
  57:.\Generated_Source\PSoC4/CapSense_1_PM.c **** *  Disables Active mode power.
  58:.\Generated_Source\PSoC4/CapSense_1_PM.c **** *
  59:.\Generated_Source\PSoC4/CapSense_1_PM.c **** * Parameters:
  60:.\Generated_Source\PSoC4/CapSense_1_PM.c **** *  None
  61:.\Generated_Source\PSoC4/CapSense_1_PM.c **** *
  62:.\Generated_Source\PSoC4/CapSense_1_PM.c **** * Return:
  63:.\Generated_Source\PSoC4/CapSense_1_PM.c **** *  None
  64:.\Generated_Source\PSoC4/CapSense_1_PM.c **** *
  65:.\Generated_Source\PSoC4/CapSense_1_PM.c **** * Global Variables:
  66:.\Generated_Source\PSoC4/CapSense_1_PM.c **** *  CapSense_1_backup - used to save component state before enter sleep 
  67:.\Generated_Source\PSoC4/CapSense_1_PM.c **** *  mode.
  68:.\Generated_Source\PSoC4/CapSense_1_PM.c **** *
  69:.\Generated_Source\PSoC4/CapSense_1_PM.c **** *******************************************************************************/
  70:.\Generated_Source\PSoC4/CapSense_1_PM.c **** void CapSense_1_Sleep(void)
  71:.\Generated_Source\PSoC4/CapSense_1_PM.c **** {
  78              		.loc 1 71 0
  79              		.cfi_startproc
  80 0000 80B5     		push	{r7, lr}
  81              	.LCFI2:
  82              		.cfi_def_cfa_offset 8
  83              		.cfi_offset 7, -8
  84              		.cfi_offset 14, -4
  85 0002 00AF     		add	r7, sp, #0
  86              	.LCFI3:
  87              		.cfi_def_cfa_register 7
  72:.\Generated_Source\PSoC4/CapSense_1_PM.c **** 	CapSense_1_SaveConfig();
  88              		.loc 1 72 0
  89 0004 FFF7FEFF 		bl	CapSense_1_SaveConfig
  73:.\Generated_Source\PSoC4/CapSense_1_PM.c **** 		
  74:.\Generated_Source\PSoC4/CapSense_1_PM.c **** 	/* Disable interrupt */
  75:.\Generated_Source\PSoC4/CapSense_1_PM.c **** 	CyIntDisable(CapSense_1_ISR_NUMBER);
  90              		.loc 1 75 0
  91 0008 0F20     		mov	r0, #15
  92 000a FFF7FEFF 		bl	CyIntDisable
ARM GAS  C:\Users\maxk\AppData\Local\Temp\cc2tShFZ.s 			page 4


  76:.\Generated_Source\PSoC4/CapSense_1_PM.c **** 	
  77:.\Generated_Source\PSoC4/CapSense_1_PM.c **** 	CapSense_1_CSD_CFG_REG &= ~(CapSense_1_CSD_CFG_SENSE_EN);
  93              		.loc 1 77 0
  94 000e 0E4B     		ldr	r3, .L8
  95 0010 0D4A     		ldr	r2, .L8
  96 0012 1168     		ldr	r1, [r2]
  97 0014 0D4A     		ldr	r2, .L8+4
  98 0016 0A40     		and	r2, r2, r1
  99 0018 1A60     		str	r2, [r3]
  78:.\Generated_Source\PSoC4/CapSense_1_PM.c **** 	CyDelayUs(100u);
 100              		.loc 1 78 0
 101 001a 6420     		mov	r0, #100
 102 001c FFF7FEFF 		bl	CyDelayUs
  79:.\Generated_Source\PSoC4/CapSense_1_PM.c **** 	CapSense_1_CSD_CFG_REG &= ~(CapSense_1_CSD_CFG_SENSE_COMP_EN);
 103              		.loc 1 79 0
 104 0020 094B     		ldr	r3, .L8
 105 0022 094A     		ldr	r2, .L8
 106 0024 1168     		ldr	r1, [r2]
 107 0026 0A4A     		ldr	r2, .L8+8
 108 0028 0A40     		and	r2, r2, r1
 109 002a 1A60     		str	r2, [r3]
  80:.\Generated_Source\PSoC4/CapSense_1_PM.c **** 	
  81:.\Generated_Source\PSoC4/CapSense_1_PM.c **** 	CapSense_1_CSD_CFG_REG &= ~(CapSense_1_CSD_CFG_ENABLE);
 110              		.loc 1 81 0
 111 002c 064B     		ldr	r3, .L8
 112 002e 064A     		ldr	r2, .L8
 113 0030 1268     		ldr	r2, [r2]
 114 0032 5200     		lsl	r2, r2, #1
 115 0034 5208     		lsr	r2, r2, #1
 116 0036 1A60     		str	r2, [r3]
  82:.\Generated_Source\PSoC4/CapSense_1_PM.c **** 	
  83:.\Generated_Source\PSoC4/CapSense_1_PM.c **** 	/* Disable the Clocks */
  84:.\Generated_Source\PSoC4/CapSense_1_PM.c ****     CapSense_1_CSD_Clk1_Stop();
 117              		.loc 1 84 0
 118 0038 FFF7FEFF 		bl	CapSense_1_CSD_Clk1_Stop
  85:.\Generated_Source\PSoC4/CapSense_1_PM.c ****     CapSense_1_CSD_Clk2_Stop();
 119              		.loc 1 85 0
 120 003c FFF7FEFF 		bl	CapSense_1_CSD_Clk2_Stop
  86:.\Generated_Source\PSoC4/CapSense_1_PM.c **** 	
  87:.\Generated_Source\PSoC4/CapSense_1_PM.c **** 	/* Clear all sensors */
  88:.\Generated_Source\PSoC4/CapSense_1_PM.c ****     CapSense_1_ClearSensors();
 121              		.loc 1 88 0
 122 0040 FFF7FEFF 		bl	CapSense_1_ClearSensors
  89:.\Generated_Source\PSoC4/CapSense_1_PM.c **** }
 123              		.loc 1 89 0
 124 0044 BD46     		mov	sp, r7
 125              		@ sp needed for prologue
 126 0046 80BD     		pop	{r7, pc}
 127              	.L9:
 128              		.align	2
 129              	.L8:
 130 0048 04000840 		.word	1074266116
 131 004c FFEFFFFF 		.word	-4097
 132 0050 FFFFF7FF 		.word	-524289
 133              		.cfi_endproc
 134              	.LFE1:
 135              		.size	CapSense_1_Sleep, .-CapSense_1_Sleep
ARM GAS  C:\Users\maxk\AppData\Local\Temp\cc2tShFZ.s 			page 5


 136              		.section	.text.CapSense_1_RestoreConfig,"ax",%progbits
 137              		.align	2
 138              		.global	CapSense_1_RestoreConfig
 139              		.code	16
 140              		.thumb_func
 141              		.type	CapSense_1_RestoreConfig, %function
 142              	CapSense_1_RestoreConfig:
 143              	.LFB2:
  90:.\Generated_Source\PSoC4/CapSense_1_PM.c **** 
  91:.\Generated_Source\PSoC4/CapSense_1_PM.c **** 
  92:.\Generated_Source\PSoC4/CapSense_1_PM.c **** /*******************************************************************************
  93:.\Generated_Source\PSoC4/CapSense_1_PM.c **** * Function Name: CapSense_1_RestoreConfig
  94:.\Generated_Source\PSoC4/CapSense_1_PM.c **** ********************************************************************************
  95:.\Generated_Source\PSoC4/CapSense_1_PM.c **** *
  96:.\Generated_Source\PSoC4/CapSense_1_PM.c **** * Summary:
  97:.\Generated_Source\PSoC4/CapSense_1_PM.c **** *  Restores CapSense configuration.
  98:.\Generated_Source\PSoC4/CapSense_1_PM.c **** *
  99:.\Generated_Source\PSoC4/CapSense_1_PM.c **** * Parameters:
 100:.\Generated_Source\PSoC4/CapSense_1_PM.c **** *  None
 101:.\Generated_Source\PSoC4/CapSense_1_PM.c **** *
 102:.\Generated_Source\PSoC4/CapSense_1_PM.c **** * Return:
 103:.\Generated_Source\PSoC4/CapSense_1_PM.c **** *  None
 104:.\Generated_Source\PSoC4/CapSense_1_PM.c **** *
 105:.\Generated_Source\PSoC4/CapSense_1_PM.c **** * Side Effects:
 106:.\Generated_Source\PSoC4/CapSense_1_PM.c **** *  Must be called only after CapSense_1_SaveConfig() routine. Otherwise 
 107:.\Generated_Source\PSoC4/CapSense_1_PM.c **** *  the component configuration will be overwritten with its initial setting.  
 108:.\Generated_Source\PSoC4/CapSense_1_PM.c **** *
 109:.\Generated_Source\PSoC4/CapSense_1_PM.c **** * Global Variables:
 110:.\Generated_Source\PSoC4/CapSense_1_PM.c **** *  CapSense_1_backup - used to save component state before enter sleep 
 111:.\Generated_Source\PSoC4/CapSense_1_PM.c **** *  mode and none-retention registers.
 112:.\Generated_Source\PSoC4/CapSense_1_PM.c **** *
 113:.\Generated_Source\PSoC4/CapSense_1_PM.c **** *******************************************************************************/
 114:.\Generated_Source\PSoC4/CapSense_1_PM.c **** void CapSense_1_RestoreConfig(void)
 115:.\Generated_Source\PSoC4/CapSense_1_PM.c **** {
 144              		.loc 1 115 0
 145              		.cfi_startproc
 146 0000 80B5     		push	{r7, lr}
 147              	.LCFI4:
 148              		.cfi_def_cfa_offset 8
 149              		.cfi_offset 7, -8
 150              		.cfi_offset 14, -4
 151 0002 00AF     		add	r7, sp, #0
 152              	.LCFI5:
 153              		.cfi_def_cfa_register 7
 116:.\Generated_Source\PSoC4/CapSense_1_PM.c **** 
 117:.\Generated_Source\PSoC4/CapSense_1_PM.c **** }
 154              		.loc 1 117 0
 155 0004 BD46     		mov	sp, r7
 156              		@ sp needed for prologue
 157 0006 80BD     		pop	{r7, pc}
 158              		.cfi_endproc
 159              	.LFE2:
 160              		.size	CapSense_1_RestoreConfig, .-CapSense_1_RestoreConfig
 161              		.section	.text.CapSense_1_Wakeup,"ax",%progbits
 162              		.align	2
 163              		.global	CapSense_1_Wakeup
 164              		.code	16
ARM GAS  C:\Users\maxk\AppData\Local\Temp\cc2tShFZ.s 			page 6


 165              		.thumb_func
 166              		.type	CapSense_1_Wakeup, %function
 167              	CapSense_1_Wakeup:
 168              	.LFB3:
 118:.\Generated_Source\PSoC4/CapSense_1_PM.c ****  
 119:.\Generated_Source\PSoC4/CapSense_1_PM.c ****  
 120:.\Generated_Source\PSoC4/CapSense_1_PM.c **** /*******************************************************************************
 121:.\Generated_Source\PSoC4/CapSense_1_PM.c **** * Function Name: CapSense_1_Wakeup
 122:.\Generated_Source\PSoC4/CapSense_1_PM.c **** ********************************************************************************
 123:.\Generated_Source\PSoC4/CapSense_1_PM.c **** *
 124:.\Generated_Source\PSoC4/CapSense_1_PM.c **** * Summary:
 125:.\Generated_Source\PSoC4/CapSense_1_PM.c **** *  Restores CapSense configuration and non-retention register values. 
 126:.\Generated_Source\PSoC4/CapSense_1_PM.c **** *  Restores enabled state of component by setting Active mode power template 
 127:.\Generated_Source\PSoC4/CapSense_1_PM.c **** *  bits for number of component used within CapSense.
 128:.\Generated_Source\PSoC4/CapSense_1_PM.c **** *
 129:.\Generated_Source\PSoC4/CapSense_1_PM.c **** * Parameters:
 130:.\Generated_Source\PSoC4/CapSense_1_PM.c **** *  None
 131:.\Generated_Source\PSoC4/CapSense_1_PM.c **** *
 132:.\Generated_Source\PSoC4/CapSense_1_PM.c **** * Return:
 133:.\Generated_Source\PSoC4/CapSense_1_PM.c **** *  None
 134:.\Generated_Source\PSoC4/CapSense_1_PM.c **** *
 135:.\Generated_Source\PSoC4/CapSense_1_PM.c **** * Global Variables:
 136:.\Generated_Source\PSoC4/CapSense_1_PM.c **** *  CapSense_1_backup - used to save component state before enter sleep 
 137:.\Generated_Source\PSoC4/CapSense_1_PM.c **** *  mode and none-retention registers.
 138:.\Generated_Source\PSoC4/CapSense_1_PM.c **** *
 139:.\Generated_Source\PSoC4/CapSense_1_PM.c **** *******************************************************************************/
 140:.\Generated_Source\PSoC4/CapSense_1_PM.c **** void CapSense_1_Wakeup(void)
 141:.\Generated_Source\PSoC4/CapSense_1_PM.c **** {
 169              		.loc 1 141 0
 170              		.cfi_startproc
 171 0000 80B5     		push	{r7, lr}
 172              	.LCFI6:
 173              		.cfi_def_cfa_offset 8
 174              		.cfi_offset 7, -8
 175              		.cfi_offset 14, -4
 176 0002 00AF     		add	r7, sp, #0
 177              	.LCFI7:
 178              		.cfi_def_cfa_register 7
 142:.\Generated_Source\PSoC4/CapSense_1_PM.c **** 	/* Enable the Clocks */
 143:.\Generated_Source\PSoC4/CapSense_1_PM.c ****     CapSense_1_CSD_Clk1_Start();
 179              		.loc 1 143 0
 180 0004 FFF7FEFF 		bl	CapSense_1_CSD_Clk1_Start
 144:.\Generated_Source\PSoC4/CapSense_1_PM.c ****     CapSense_1_CSD_Clk2_Start();
 181              		.loc 1 144 0
 182 0008 FFF7FEFF 		bl	CapSense_1_CSD_Clk2_Start
 145:.\Generated_Source\PSoC4/CapSense_1_PM.c ****     
 146:.\Generated_Source\PSoC4/CapSense_1_PM.c **** 	/* Restore CapSense Enable state */
 147:.\Generated_Source\PSoC4/CapSense_1_PM.c ****     if (CapSense_1_backup.enableState != 0u)
 183              		.loc 1 147 0
 184 000c 034B     		ldr	r3, .L15
 185 000e 1B78     		ldrb	r3, [r3]
 186 0010 002B     		cmp	r3, #0
 187 0012 01D0     		beq	.L14
 148:.\Generated_Source\PSoC4/CapSense_1_PM.c ****     {
 149:.\Generated_Source\PSoC4/CapSense_1_PM.c ****         CapSense_1_Enable();
 188              		.loc 1 149 0
 189 0014 FFF7FEFF 		bl	CapSense_1_Enable
ARM GAS  C:\Users\maxk\AppData\Local\Temp\cc2tShFZ.s 			page 7


 190              	.L14:
 150:.\Generated_Source\PSoC4/CapSense_1_PM.c ****     }
 151:.\Generated_Source\PSoC4/CapSense_1_PM.c **** }
 191              		.loc 1 151 0
 192 0018 BD46     		mov	sp, r7
 193              		@ sp needed for prologue
 194 001a 80BD     		pop	{r7, pc}
 195              	.L16:
 196              		.align	2
 197              	.L15:
 198 001c 00000000 		.word	CapSense_1_backup
 199              		.cfi_endproc
 200              	.LFE3:
 201              		.size	CapSense_1_Wakeup, .-CapSense_1_Wakeup
 202              		.text
 203              	.Letext0:
 204              		.section	.debug_loc,"",%progbits
 205              	.Ldebug_loc0:
 206              	.LLST0:
 207 0000 00000000 		.4byte	.LFB0
 208 0004 02000000 		.4byte	.LCFI0
 209 0008 0100     		.2byte	0x1
 210 000a 5D       		.byte	0x5d
 211 000b 02000000 		.4byte	.LCFI0
 212 000f 04000000 		.4byte	.LCFI1
 213 0013 0200     		.2byte	0x2
 214 0015 7D       		.byte	0x7d
 215 0016 08       		.sleb128 8
 216 0017 04000000 		.4byte	.LCFI1
 217 001b 20000000 		.4byte	.LFE0
 218 001f 0200     		.2byte	0x2
 219 0021 77       		.byte	0x77
 220 0022 08       		.sleb128 8
 221 0023 00000000 		.4byte	0x0
 222 0027 00000000 		.4byte	0x0
 223              	.LLST1:
 224 002b 00000000 		.4byte	.LFB1
 225 002f 02000000 		.4byte	.LCFI2
 226 0033 0100     		.2byte	0x1
 227 0035 5D       		.byte	0x5d
 228 0036 02000000 		.4byte	.LCFI2
 229 003a 04000000 		.4byte	.LCFI3
 230 003e 0200     		.2byte	0x2
 231 0040 7D       		.byte	0x7d
 232 0041 08       		.sleb128 8
 233 0042 04000000 		.4byte	.LCFI3
 234 0046 54000000 		.4byte	.LFE1
 235 004a 0200     		.2byte	0x2
 236 004c 77       		.byte	0x77
 237 004d 08       		.sleb128 8
 238 004e 00000000 		.4byte	0x0
 239 0052 00000000 		.4byte	0x0
 240              	.LLST2:
 241 0056 00000000 		.4byte	.LFB2
 242 005a 02000000 		.4byte	.LCFI4
 243 005e 0100     		.2byte	0x1
 244 0060 5D       		.byte	0x5d
ARM GAS  C:\Users\maxk\AppData\Local\Temp\cc2tShFZ.s 			page 8


 245 0061 02000000 		.4byte	.LCFI4
 246 0065 04000000 		.4byte	.LCFI5
 247 0069 0200     		.2byte	0x2
 248 006b 7D       		.byte	0x7d
 249 006c 08       		.sleb128 8
 250 006d 04000000 		.4byte	.LCFI5
 251 0071 08000000 		.4byte	.LFE2
 252 0075 0200     		.2byte	0x2
 253 0077 77       		.byte	0x77
 254 0078 08       		.sleb128 8
 255 0079 00000000 		.4byte	0x0
 256 007d 00000000 		.4byte	0x0
 257              	.LLST3:
 258 0081 00000000 		.4byte	.LFB3
 259 0085 02000000 		.4byte	.LCFI6
 260 0089 0100     		.2byte	0x1
 261 008b 5D       		.byte	0x5d
 262 008c 02000000 		.4byte	.LCFI6
 263 0090 04000000 		.4byte	.LCFI7
 264 0094 0200     		.2byte	0x2
 265 0096 7D       		.byte	0x7d
 266 0097 08       		.sleb128 8
 267 0098 04000000 		.4byte	.LCFI7
 268 009c 20000000 		.4byte	.LFE3
 269 00a0 0200     		.2byte	0x2
 270 00a2 77       		.byte	0x77
 271 00a3 08       		.sleb128 8
 272 00a4 00000000 		.4byte	0x0
 273 00a8 00000000 		.4byte	0x0
 274              		.file 2 ".\\Generated_Source\\PSoC4\\/cytypes.h"
 275              		.file 3 ".\\Generated_Source\\PSoC4\\/CapSense_1.h"
 276              		.section	.debug_info
 277 0000 1B010000 		.4byte	0x11b
 278 0004 0200     		.2byte	0x2
 279 0006 00000000 		.4byte	.Ldebug_abbrev0
 280 000a 04       		.byte	0x4
 281 000b 01       		.uleb128 0x1
 282 000c B8000000 		.4byte	.LASF18
 283 0010 01       		.byte	0x1
 284 0011 C4000000 		.4byte	.LASF19
 285 0015 1B010000 		.4byte	.LASF20
 286 0019 00000000 		.4byte	0x0
 287 001d 00000000 		.4byte	0x0
 288 0021 00000000 		.4byte	.Ldebug_ranges0+0x0
 289 0025 00000000 		.4byte	.Ldebug_line0
 290 0029 02       		.uleb128 0x2
 291 002a 01       		.byte	0x1
 292 002b 06       		.byte	0x6
 293 002c D0010000 		.4byte	.LASF0
 294 0030 02       		.uleb128 0x2
 295 0031 01       		.byte	0x1
 296 0032 08       		.byte	0x8
 297 0033 ED000000 		.4byte	.LASF1
 298 0037 02       		.uleb128 0x2
 299 0038 02       		.byte	0x2
 300 0039 05       		.byte	0x5
 301 003a C6010000 		.4byte	.LASF2
ARM GAS  C:\Users\maxk\AppData\Local\Temp\cc2tShFZ.s 			page 9


 302 003e 02       		.uleb128 0x2
 303 003f 02       		.byte	0x2
 304 0040 07       		.byte	0x7
 305 0041 9B010000 		.4byte	.LASF3
 306 0045 02       		.uleb128 0x2
 307 0046 04       		.byte	0x4
 308 0047 05       		.byte	0x5
 309 0048 00010000 		.4byte	.LASF4
 310 004c 02       		.uleb128 0x2
 311 004d 04       		.byte	0x4
 312 004e 07       		.byte	0x7
 313 004f 75000000 		.4byte	.LASF5
 314 0053 02       		.uleb128 0x2
 315 0054 08       		.byte	0x8
 316 0055 05       		.byte	0x5
 317 0056 00000000 		.4byte	.LASF6
 318 005a 02       		.uleb128 0x2
 319 005b 08       		.byte	0x8
 320 005c 07       		.byte	0x7
 321 005d A1000000 		.4byte	.LASF7
 322 0061 03       		.uleb128 0x3
 323 0062 04       		.byte	0x4
 324 0063 05       		.byte	0x5
 325 0064 696E7400 		.ascii	"int\000"
 326 0068 02       		.uleb128 0x2
 327 0069 04       		.byte	0x4
 328 006a 07       		.byte	0x7
 329 006b 1A000000 		.4byte	.LASF8
 330 006f 04       		.uleb128 0x4
 331 0070 6F000000 		.4byte	.LASF12
 332 0074 02       		.byte	0x2
 333 0075 4C       		.byte	0x4c
 334 0076 30000000 		.4byte	0x30
 335 007a 02       		.uleb128 0x2
 336 007b 04       		.byte	0x4
 337 007c 04       		.byte	0x4
 338 007d C0010000 		.4byte	.LASF9
 339 0081 02       		.uleb128 0x2
 340 0082 08       		.byte	0x8
 341 0083 04       		.byte	0x4
 342 0084 83010000 		.4byte	.LASF10
 343 0088 02       		.uleb128 0x2
 344 0089 01       		.byte	0x1
 345 008a 08       		.byte	0x8
 346 008b FB000000 		.4byte	.LASF11
 347 008f 05       		.uleb128 0x5
 348 0090 04       		.byte	0x4
 349 0091 07       		.byte	0x7
 350 0092 06       		.uleb128 0x6
 351 0093 87000000 		.4byte	.LASF21
 352 0097 01       		.byte	0x1
 353 0098 03       		.byte	0x3
 354 0099 8B       		.byte	0x8b
 355 009a AD000000 		.4byte	0xad
 356 009e 07       		.uleb128 0x7
 357 009f 0E000000 		.4byte	.LASF22
 358 00a3 03       		.byte	0x3
ARM GAS  C:\Users\maxk\AppData\Local\Temp\cc2tShFZ.s 			page 10


 359 00a4 8C       		.byte	0x8c
 360 00a5 6F000000 		.4byte	0x6f
 361 00a9 02       		.byte	0x2
 362 00aa 23       		.byte	0x23
 363 00ab 00       		.uleb128 0x0
 364 00ac 00       		.byte	0x0
 365 00ad 04       		.uleb128 0x4
 366 00ae 56000000 		.4byte	.LASF13
 367 00b2 03       		.byte	0x3
 368 00b3 8D       		.byte	0x8d
 369 00b4 92000000 		.4byte	0x92
 370 00b8 08       		.uleb128 0x8
 371 00b9 01       		.byte	0x1
 372 00ba 40000000 		.4byte	.LASF14
 373 00be 01       		.byte	0x1
 374 00bf 2B       		.byte	0x2b
 375 00c0 01       		.byte	0x1
 376 00c1 00000000 		.4byte	.LFB0
 377 00c5 20000000 		.4byte	.LFE0
 378 00c9 00000000 		.4byte	.LLST0
 379 00cd 08       		.uleb128 0x8
 380 00ce 01       		.byte	0x1
 381 00cf 8A010000 		.4byte	.LASF15
 382 00d3 01       		.byte	0x1
 383 00d4 46       		.byte	0x46
 384 00d5 01       		.byte	0x1
 385 00d6 00000000 		.4byte	.LFB1
 386 00da 54000000 		.4byte	.LFE1
 387 00de 2B000000 		.4byte	.LLST1
 388 00e2 08       		.uleb128 0x8
 389 00e3 01       		.byte	0x1
 390 00e4 27000000 		.4byte	.LASF16
 391 00e8 01       		.byte	0x1
 392 00e9 72       		.byte	0x72
 393 00ea 01       		.byte	0x1
 394 00eb 00000000 		.4byte	.LFB2
 395 00ef 08000000 		.4byte	.LFE2
 396 00f3 56000000 		.4byte	.LLST2
 397 00f7 08       		.uleb128 0x8
 398 00f8 01       		.byte	0x1
 399 00f9 AE010000 		.4byte	.LASF17
 400 00fd 01       		.byte	0x1
 401 00fe 8C       		.byte	0x8c
 402 00ff 01       		.byte	0x1
 403 0100 00000000 		.4byte	.LFB3
 404 0104 20000000 		.4byte	.LFE3
 405 0108 81000000 		.4byte	.LLST3
 406 010c 09       		.uleb128 0x9
 407 010d 09010000 		.4byte	.LASF23
 408 0111 01       		.byte	0x1
 409 0112 13       		.byte	0x13
 410 0113 AD000000 		.4byte	0xad
 411 0117 01       		.byte	0x1
 412 0118 05       		.byte	0x5
 413 0119 03       		.byte	0x3
 414 011a 00000000 		.4byte	CapSense_1_backup
 415 011e 00       		.byte	0x0
ARM GAS  C:\Users\maxk\AppData\Local\Temp\cc2tShFZ.s 			page 11


 416              		.section	.debug_abbrev
 417 0000 01       		.uleb128 0x1
 418 0001 11       		.uleb128 0x11
 419 0002 01       		.byte	0x1
 420 0003 25       		.uleb128 0x25
 421 0004 0E       		.uleb128 0xe
 422 0005 13       		.uleb128 0x13
 423 0006 0B       		.uleb128 0xb
 424 0007 03       		.uleb128 0x3
 425 0008 0E       		.uleb128 0xe
 426 0009 1B       		.uleb128 0x1b
 427 000a 0E       		.uleb128 0xe
 428 000b 11       		.uleb128 0x11
 429 000c 01       		.uleb128 0x1
 430 000d 52       		.uleb128 0x52
 431 000e 01       		.uleb128 0x1
 432 000f 55       		.uleb128 0x55
 433 0010 06       		.uleb128 0x6
 434 0011 10       		.uleb128 0x10
 435 0012 06       		.uleb128 0x6
 436 0013 00       		.byte	0x0
 437 0014 00       		.byte	0x0
 438 0015 02       		.uleb128 0x2
 439 0016 24       		.uleb128 0x24
 440 0017 00       		.byte	0x0
 441 0018 0B       		.uleb128 0xb
 442 0019 0B       		.uleb128 0xb
 443 001a 3E       		.uleb128 0x3e
 444 001b 0B       		.uleb128 0xb
 445 001c 03       		.uleb128 0x3
 446 001d 0E       		.uleb128 0xe
 447 001e 00       		.byte	0x0
 448 001f 00       		.byte	0x0
 449 0020 03       		.uleb128 0x3
 450 0021 24       		.uleb128 0x24
 451 0022 00       		.byte	0x0
 452 0023 0B       		.uleb128 0xb
 453 0024 0B       		.uleb128 0xb
 454 0025 3E       		.uleb128 0x3e
 455 0026 0B       		.uleb128 0xb
 456 0027 03       		.uleb128 0x3
 457 0028 08       		.uleb128 0x8
 458 0029 00       		.byte	0x0
 459 002a 00       		.byte	0x0
 460 002b 04       		.uleb128 0x4
 461 002c 16       		.uleb128 0x16
 462 002d 00       		.byte	0x0
 463 002e 03       		.uleb128 0x3
 464 002f 0E       		.uleb128 0xe
 465 0030 3A       		.uleb128 0x3a
 466 0031 0B       		.uleb128 0xb
 467 0032 3B       		.uleb128 0x3b
 468 0033 0B       		.uleb128 0xb
 469 0034 49       		.uleb128 0x49
 470 0035 13       		.uleb128 0x13
 471 0036 00       		.byte	0x0
 472 0037 00       		.byte	0x0
ARM GAS  C:\Users\maxk\AppData\Local\Temp\cc2tShFZ.s 			page 12


 473 0038 05       		.uleb128 0x5
 474 0039 24       		.uleb128 0x24
 475 003a 00       		.byte	0x0
 476 003b 0B       		.uleb128 0xb
 477 003c 0B       		.uleb128 0xb
 478 003d 3E       		.uleb128 0x3e
 479 003e 0B       		.uleb128 0xb
 480 003f 00       		.byte	0x0
 481 0040 00       		.byte	0x0
 482 0041 06       		.uleb128 0x6
 483 0042 13       		.uleb128 0x13
 484 0043 01       		.byte	0x1
 485 0044 03       		.uleb128 0x3
 486 0045 0E       		.uleb128 0xe
 487 0046 0B       		.uleb128 0xb
 488 0047 0B       		.uleb128 0xb
 489 0048 3A       		.uleb128 0x3a
 490 0049 0B       		.uleb128 0xb
 491 004a 3B       		.uleb128 0x3b
 492 004b 0B       		.uleb128 0xb
 493 004c 01       		.uleb128 0x1
 494 004d 13       		.uleb128 0x13
 495 004e 00       		.byte	0x0
 496 004f 00       		.byte	0x0
 497 0050 07       		.uleb128 0x7
 498 0051 0D       		.uleb128 0xd
 499 0052 00       		.byte	0x0
 500 0053 03       		.uleb128 0x3
 501 0054 0E       		.uleb128 0xe
 502 0055 3A       		.uleb128 0x3a
 503 0056 0B       		.uleb128 0xb
 504 0057 3B       		.uleb128 0x3b
 505 0058 0B       		.uleb128 0xb
 506 0059 49       		.uleb128 0x49
 507 005a 13       		.uleb128 0x13
 508 005b 38       		.uleb128 0x38
 509 005c 0A       		.uleb128 0xa
 510 005d 00       		.byte	0x0
 511 005e 00       		.byte	0x0
 512 005f 08       		.uleb128 0x8
 513 0060 2E       		.uleb128 0x2e
 514 0061 00       		.byte	0x0
 515 0062 3F       		.uleb128 0x3f
 516 0063 0C       		.uleb128 0xc
 517 0064 03       		.uleb128 0x3
 518 0065 0E       		.uleb128 0xe
 519 0066 3A       		.uleb128 0x3a
 520 0067 0B       		.uleb128 0xb
 521 0068 3B       		.uleb128 0x3b
 522 0069 0B       		.uleb128 0xb
 523 006a 27       		.uleb128 0x27
 524 006b 0C       		.uleb128 0xc
 525 006c 11       		.uleb128 0x11
 526 006d 01       		.uleb128 0x1
 527 006e 12       		.uleb128 0x12
 528 006f 01       		.uleb128 0x1
 529 0070 40       		.uleb128 0x40
ARM GAS  C:\Users\maxk\AppData\Local\Temp\cc2tShFZ.s 			page 13


 530 0071 06       		.uleb128 0x6
 531 0072 00       		.byte	0x0
 532 0073 00       		.byte	0x0
 533 0074 09       		.uleb128 0x9
 534 0075 34       		.uleb128 0x34
 535 0076 00       		.byte	0x0
 536 0077 03       		.uleb128 0x3
 537 0078 0E       		.uleb128 0xe
 538 0079 3A       		.uleb128 0x3a
 539 007a 0B       		.uleb128 0xb
 540 007b 3B       		.uleb128 0x3b
 541 007c 0B       		.uleb128 0xb
 542 007d 49       		.uleb128 0x49
 543 007e 13       		.uleb128 0x13
 544 007f 3F       		.uleb128 0x3f
 545 0080 0C       		.uleb128 0xc
 546 0081 02       		.uleb128 0x2
 547 0082 0A       		.uleb128 0xa
 548 0083 00       		.byte	0x0
 549 0084 00       		.byte	0x0
 550 0085 00       		.byte	0x0
 551              		.section	.debug_pubnames,"",%progbits
 552 0000 86000000 		.4byte	0x86
 553 0004 0200     		.2byte	0x2
 554 0006 00000000 		.4byte	.Ldebug_info0
 555 000a 1F010000 		.4byte	0x11f
 556 000e B8000000 		.4byte	0xb8
 557 0012 43617053 		.ascii	"CapSense_1_SaveConfig\000"
 557      656E7365 
 557      5F315F53 
 557      61766543 
 557      6F6E6669 
 558 0028 CD000000 		.4byte	0xcd
 559 002c 43617053 		.ascii	"CapSense_1_Sleep\000"
 559      656E7365 
 559      5F315F53 
 559      6C656570 
 559      00
 560 003d E2000000 		.4byte	0xe2
 561 0041 43617053 		.ascii	"CapSense_1_RestoreConfig\000"
 561      656E7365 
 561      5F315F52 
 561      6573746F 
 561      7265436F 
 562 005a F7000000 		.4byte	0xf7
 563 005e 43617053 		.ascii	"CapSense_1_Wakeup\000"
 563      656E7365 
 563      5F315F57 
 563      616B6575 
 563      7000
 564 0070 0C010000 		.4byte	0x10c
 565 0074 43617053 		.ascii	"CapSense_1_backup\000"
 565      656E7365 
 565      5F315F62 
 565      61636B75 
 565      7000
 566 0086 00000000 		.4byte	0x0
ARM GAS  C:\Users\maxk\AppData\Local\Temp\cc2tShFZ.s 			page 14


 567              		.section	.debug_aranges,"",%progbits
 568 0000 34000000 		.4byte	0x34
 569 0004 0200     		.2byte	0x2
 570 0006 00000000 		.4byte	.Ldebug_info0
 571 000a 04       		.byte	0x4
 572 000b 00       		.byte	0x0
 573 000c 0000     		.2byte	0x0
 574 000e 0000     		.2byte	0x0
 575 0010 00000000 		.4byte	.LFB0
 576 0014 20000000 		.4byte	.LFE0-.LFB0
 577 0018 00000000 		.4byte	.LFB1
 578 001c 54000000 		.4byte	.LFE1-.LFB1
 579 0020 00000000 		.4byte	.LFB2
 580 0024 08000000 		.4byte	.LFE2-.LFB2
 581 0028 00000000 		.4byte	.LFB3
 582 002c 20000000 		.4byte	.LFE3-.LFB3
 583 0030 00000000 		.4byte	0x0
 584 0034 00000000 		.4byte	0x0
 585              		.section	.debug_ranges,"",%progbits
 586              	.Ldebug_ranges0:
 587 0000 00000000 		.4byte	.Ltext0
 588 0004 00000000 		.4byte	.Letext0
 589 0008 00000000 		.4byte	.LFB0
 590 000c 20000000 		.4byte	.LFE0
 591 0010 00000000 		.4byte	.LFB1
 592 0014 54000000 		.4byte	.LFE1
 593 0018 00000000 		.4byte	.LFB2
 594 001c 08000000 		.4byte	.LFE2
 595 0020 00000000 		.4byte	.LFB3
 596 0024 20000000 		.4byte	.LFE3
 597 0028 00000000 		.4byte	0x0
 598 002c 00000000 		.4byte	0x0
 599              		.section	.debug_str,"MS",%progbits,1
 600              	.LASF6:
 601 0000 6C6F6E67 		.ascii	"long long int\000"
 601      206C6F6E 
 601      6720696E 
 601      7400
 602              	.LASF22:
 603 000e 656E6162 		.ascii	"enableState\000"
 603      6C655374 
 603      61746500 
 604              	.LASF8:
 605 001a 756E7369 		.ascii	"unsigned int\000"
 605      676E6564 
 605      20696E74 
 605      00
 606              	.LASF16:
 607 0027 43617053 		.ascii	"CapSense_1_RestoreConfig\000"
 607      656E7365 
 607      5F315F52 
 607      6573746F 
 607      7265436F 
 608              	.LASF14:
 609 0040 43617053 		.ascii	"CapSense_1_SaveConfig\000"
 609      656E7365 
 609      5F315F53 
ARM GAS  C:\Users\maxk\AppData\Local\Temp\cc2tShFZ.s 			page 15


 609      61766543 
 609      6F6E6669 
 610              	.LASF13:
 611 0056 43617053 		.ascii	"CapSense_1_BACKUP_STRUCT\000"
 611      656E7365 
 611      5F315F42 
 611      41434B55 
 611      505F5354 
 612              	.LASF12:
 613 006f 75696E74 		.ascii	"uint8\000"
 613      3800
 614              	.LASF5:
 615 0075 6C6F6E67 		.ascii	"long unsigned int\000"
 615      20756E73 
 615      69676E65 
 615      6420696E 
 615      7400
 616              	.LASF21:
 617 0087 5F436170 		.ascii	"_CapSense_1_BACKUP_STRUCT\000"
 617      53656E73 
 617      655F315F 
 617      4241434B 
 617      55505F53 
 618              	.LASF7:
 619 00a1 6C6F6E67 		.ascii	"long long unsigned int\000"
 619      206C6F6E 
 619      6720756E 
 619      7369676E 
 619      65642069 
 620              	.LASF18:
 621 00b8 474E5520 		.ascii	"GNU C 4.4.1\000"
 621      4320342E 
 621      342E3100 
 622              	.LASF19:
 623 00c4 2E5C4765 		.ascii	".\\Generated_Source\\PSoC4\\CapSense_1_PM.c\000"
 623      6E657261 
 623      7465645F 
 623      536F7572 
 623      63655C50 
 624              	.LASF1:
 625 00ed 756E7369 		.ascii	"unsigned char\000"
 625      676E6564 
 625      20636861 
 625      7200
 626              	.LASF11:
 627 00fb 63686172 		.ascii	"char\000"
 627      00
 628              	.LASF4:
 629 0100 6C6F6E67 		.ascii	"long int\000"
 629      20696E74 
 629      00
 630              	.LASF23:
 631 0109 43617053 		.ascii	"CapSense_1_backup\000"
 631      656E7365 
 631      5F315F62 
 631      61636B75 
 631      7000
ARM GAS  C:\Users\maxk\AppData\Local\Temp\cc2tShFZ.s 			page 16


 632              	.LASF20:
 633 011b 433A5C55 		.ascii	"C:\\Users\\maxk\\Desktop\\PSoC 4A\\FAE Workshop\\La"
 633      73657273 
 633      5C6D6178 
 633      6B5C4465 
 633      736B746F 
 634 0148 62205072 		.ascii	"b Projects\\Lab working directory\\Lab 3 CapSense U"
 634      6F6A6563 
 634      74735C4C 
 634      61622077 
 634      6F726B69 
 635 0179 4152542E 		.ascii	"ART.cydsn\000"
 635      63796473 
 635      6E00
 636              	.LASF10:
 637 0183 646F7562 		.ascii	"double\000"
 637      6C6500
 638              	.LASF15:
 639 018a 43617053 		.ascii	"CapSense_1_Sleep\000"
 639      656E7365 
 639      5F315F53 
 639      6C656570 
 639      00
 640              	.LASF3:
 641 019b 73686F72 		.ascii	"short unsigned int\000"
 641      7420756E 
 641      7369676E 
 641      65642069 
 641      6E7400
 642              	.LASF17:
 643 01ae 43617053 		.ascii	"CapSense_1_Wakeup\000"
 643      656E7365 
 643      5F315F57 
 643      616B6575 
 643      7000
 644              	.LASF9:
 645 01c0 666C6F61 		.ascii	"float\000"
 645      7400
 646              	.LASF2:
 647 01c6 73686F72 		.ascii	"short int\000"
 647      7420696E 
 647      7400
 648              	.LASF0:
 649 01d0 7369676E 		.ascii	"signed char\000"
 649      65642063 
 649      68617200 
 650              		.ident	"GCC: (Sourcery G++ Lite 2010q1-188) 4.4.1"
