--------------- Build Started: 05/10/2013 09:01:31 Project: Lab 3 CapSense UART, Configuration: ARM GCC 4.4.1 Debug ---------------
cydsfit.exe "-.appdatapath" "C:\Users\maxk\AppData\Local\Cypress Semiconductor\PSoC Creator\2.2" "-.fdsnotice" "-.fdswarpdepfile=warp_dependencies.txt" "-.fdselabdepfile=elab_dependencies.txt" "-.fdsbldfile=generated_files.txt" "-p" "C:\Users\maxk\Desktop\PSoC 4A\FAE Workshop\Lab Projects\Lab Solutions\Lab 3 CapSense UART.cydsn\Lab 3 CapSense UART.cyprj" "-d" "CY8C4245AXI-483" "-s" "C:\Users\maxk\Desktop\PSoC 4A\FAE Workshop\Lab Projects\Lab Solutions\Lab 3 CapSense UART.cydsn\Generated_Source\PSoC4" "--" "-yv2" "-v3" "-ygs" "-q10" "-o2" "-.fftcfgtype=LE"
Elaborating Design...
HDL Generation ...
Synthesis ...
Place and Route ...
Tech mapping ...
Info: mpr.M0037: Unused pieces of the design have been optimized out. See the Tech mapping section of the report file for details. (App=cydsfit)
Analog Placement ...
Analog Routing ...
Analog Code Generation ...
Digital Placement ...
Digital Routing ...
Bitstream Generation ...
Static timing analysis ...
API Generation ...
Dependency Generation ...
Clean Temporary Files ...
arm-none-eabi-gcc.exe -I. -Wno-main -I./Generated_Source/PSoC4 -mcpu=cortex-m0 -mthumb -Wall -g -D DEBUG -Wa,-alh=.\CortexM0\ARM_GCC_441\Debug\main.lst -ffunction-sections -c .\main.c -o .\CortexM0\ARM_GCC_441\Debug\main.o
arm-none-eabi-gcc.exe -I. -Wno-main -I./Generated_Source/PSoC4 -mcpu=cortex-m0 -mthumb -Wall -g -D DEBUG -Wa,-alh=.\CortexM0\ARM_GCC_441\Debug\CapSense_1_CSHL.lst -ffunction-sections -c .\Generated_Source\PSoC4\CapSense_1_CSHL.c -o .\CortexM0\ARM_GCC_441\Debug\CapSense_1_CSHL.o
arm-none-eabi-ar.exe -rs ".\CortexM0\ARM_GCC_441\Debug\Lab 3 CapSense UART.a" .\CortexM0\ARM_GCC_441\Debug\core_cm0.o .\CortexM0\ARM_GCC_441\Debug\CyBootAsmGnu.o .\CortexM0\ARM_GCC_441\Debug\CyFlash.o .\CortexM0\ARM_GCC_441\Debug\CyLib.o .\CortexM0\ARM_GCC_441\Debug\cyPm.o .\CortexM0\ARM_GCC_441\Debug\cyutils.o .\CortexM0\ARM_GCC_441\Debug\Pin_RedLED.o .\CortexM0\ARM_GCC_441\Debug\Pin_GreenLED.o .\CortexM0\ARM_GCC_441\Debug\Pin_BlueLED.o .\CortexM0\ARM_GCC_441\Debug\Clock_PWM.o .\CortexM0\ARM_GCC_441\Debug\PWM_R.o .\CortexM0\ARM_GCC_441\Debug\PWM_R_PM.o .\CortexM0\ARM_GCC_441\Debug\PWM_G.o .\CortexM0\ARM_GCC_441\Debug\PWM_G_PM.o .\CortexM0\ARM_GCC_441\Debug\PWM_B.o .\CortexM0\ARM_GCC_441\Debug\PWM_B_PM.o .\CortexM0\ARM_GCC_441\Debug\CapSense_1.o .\CortexM0\ARM_GCC_441\Debug\CapSense_1_PM.o .\CortexM0\ARM_GCC_441\Debug\CapSense_1_CSHL.o .\CortexM0\ARM_GCC_441\Debug\CapSense_1_INT.o .\CortexM0\ARM_GCC_441\Debug\CapSense_1_TunerHelper.o .\CortexM0\ARM_GCC_441\Debug\CapSense_1_SMS.o .\CortexM0\ARM_GCC_441\Debug\UART_1.o .\CortexM0\ARM_GCC_441\Debug\UART_1_SPI_UART.o .\CortexM0\ARM_GCC_441\Debug\UART_1_SPI_UART_INT.o .\CortexM0\ARM_GCC_441\Debug\UART_1_PM.o .\CortexM0\ARM_GCC_441\Debug\UART_1_UART.o .\CortexM0\ARM_GCC_441\Debug\UART_1_BOOT.o .\CortexM0\ARM_GCC_441\Debug\UART_1_UART_BOOT.o .\CortexM0\ARM_GCC_441\Debug\CapSense_1_CSD_Clk1.o .\CortexM0\ARM_GCC_441\Debug\CapSense_1_CSD_Clk2.o .\CortexM0\ARM_GCC_441\Debug\UART_1_SCBCLK.o .\CortexM0\ARM_GCC_441\Debug\UART_1_tx.o .\CortexM0\ARM_GCC_441\Debug\cyfitter_cfg.o
arm-none-eabi-ar.exe: creating .\CortexM0\ARM_GCC_441\Debug\Lab 3 CapSense UART.a
arm-none-eabi-gcc.exe -mthumb -march=armv6-m -T .\Generated_Source\PSoC4\cm0gcc.ld -g "-Wl,-Map,.\CortexM0\ARM_GCC_441\Debug\Lab 3 CapSense UART.map" -Wl,--gc-sections -Wl,--start-group -o ".\CortexM0\ARM_GCC_441\Debug\Lab 3 CapSense UART.elf" .\CortexM0\ARM_GCC_441\Debug\main.o .\CortexM0\ARM_GCC_441\Debug\LED_RGB.o .\CortexM0\ARM_GCC_441\Debug\Cm0Start.o ".\CortexM0\ARM_GCC_441\Debug\Lab 3 CapSense UART.a" "C:\Program Files (x86)\Cypress\PSoC Creator\2.2\PSoC Creator\psoc\content\cycomponentlibrary\CyComponentLibrary.cylib\CortexM0\ARM_GCC_441\Debug\CyComponentLibrary.a" -Wl,--end-group
arm-none-eabi-objcopy.exe -O ihex ".\CortexM0\ARM_GCC_441\Debug\Lab 3 CapSense UART.elf" ".\CortexM0\ARM_GCC_441\Debug\Lab 3 CapSense UART.ihx"
cyhextool -o ".\CortexM0\ARM_GCC_441\Debug\Lab 3 CapSense UART.hex" -f ".\CortexM0\ARM_GCC_441\Debug\Lab 3 CapSense UART.ihx" -prot .\Generated_Source\PSoC4\protect.hex -id 4C81193 -a EEPROM=90200000:0,PROGRAM=00000000:8000,CONFIG=80000000:1000,PROTECT=90400000:40 -meta 1101 -chipProt 01
Flash used: 8016 of 32768 bytes (24.5 %).
SRAM used: 348 of 4096 bytes (8.5 %).
--------------- Build Succeeded: 05/10/2013 09:02:03 ---------------
