ARM GAS  C:\Users\maxk\AppData\Local\Temp\ccxvA2jF.s 			page 1


   1              		.cpu cortex-m0
   2              		.fpu softvfp
   3              		.eabi_attribute 20, 1
   4              		.eabi_attribute 21, 1
   5              		.eabi_attribute 23, 3
   6              		.eabi_attribute 24, 1
   7              		.eabi_attribute 25, 1
   8              		.eabi_attribute 26, 1
   9              		.eabi_attribute 30, 6
  10              		.eabi_attribute 18, 4
  11              		.code	16
  12              		.file	"UART_1_SPI_UART_INT.c"
  13              		.section	.debug_abbrev,"",%progbits
  14              	.Ldebug_abbrev0:
  15              		.section	.debug_info,"",%progbits
  16              	.Ldebug_info0:
  17              		.section	.debug_line,"",%progbits
  18              	.Ldebug_line0:
  19 0000 95000000 		.text
  19      02007800 
  19      00000201 
  19      FB0E0D00 
  19      01010101 
  20              	.Ltext0:
  21              		.cfi_sections	.debug_frame
  22              		.section	.text.UART_1_SPI_UART_ISR,"ax",%progbits
  23              		.align	2
  24              		.global	UART_1_SPI_UART_ISR
  25              		.code	16
  26              		.thumb_func
  27              		.type	UART_1_SPI_UART_ISR, %function
  28              	UART_1_SPI_UART_ISR:
  29              	.LFB0:
  30              		.file 1 ".\\Generated_Source\\PSoC4\\UART_1_SPI_UART_INT.c"
   1:.\Generated_Source\PSoC4/UART_1_SPI_UART_INT.c **** /*******************************************************************************
   2:.\Generated_Source\PSoC4/UART_1_SPI_UART_INT.c **** * File Name: UART_1_SPI_UART_INT.c
   3:.\Generated_Source\PSoC4/UART_1_SPI_UART_INT.c **** * Version 1.0
   4:.\Generated_Source\PSoC4/UART_1_SPI_UART_INT.c **** *
   5:.\Generated_Source\PSoC4/UART_1_SPI_UART_INT.c **** * Description:
   6:.\Generated_Source\PSoC4/UART_1_SPI_UART_INT.c **** *  This file provides the source code to the Interrupt Servive Routine for
   7:.\Generated_Source\PSoC4/UART_1_SPI_UART_INT.c **** *  the SCB Component in SPI and UART modes.
   8:.\Generated_Source\PSoC4/UART_1_SPI_UART_INT.c **** *
   9:.\Generated_Source\PSoC4/UART_1_SPI_UART_INT.c **** * Note:
  10:.\Generated_Source\PSoC4/UART_1_SPI_UART_INT.c **** *
  11:.\Generated_Source\PSoC4/UART_1_SPI_UART_INT.c **** ********************************************************************************
  12:.\Generated_Source\PSoC4/UART_1_SPI_UART_INT.c **** * Copyright 2013, Cypress Semiconductor Corporation.  All rights reserved.
  13:.\Generated_Source\PSoC4/UART_1_SPI_UART_INT.c **** * You may use this file only in accordance with the license, terms, conditions,
  14:.\Generated_Source\PSoC4/UART_1_SPI_UART_INT.c **** * disclaimers, and limitations in the end user license agreement accompanying
  15:.\Generated_Source\PSoC4/UART_1_SPI_UART_INT.c **** * the software package with which this file was provided.
  16:.\Generated_Source\PSoC4/UART_1_SPI_UART_INT.c **** *******************************************************************************/
  17:.\Generated_Source\PSoC4/UART_1_SPI_UART_INT.c **** 
  18:.\Generated_Source\PSoC4/UART_1_SPI_UART_INT.c **** #include "UART_1_PVT.h"
  19:.\Generated_Source\PSoC4/UART_1_SPI_UART_INT.c **** #include "UART_1_SPI_UART_PVT.h"
  20:.\Generated_Source\PSoC4/UART_1_SPI_UART_INT.c **** 
  21:.\Generated_Source\PSoC4/UART_1_SPI_UART_INT.c **** 
  22:.\Generated_Source\PSoC4/UART_1_SPI_UART_INT.c **** /*******************************************************************************
  23:.\Generated_Source\PSoC4/UART_1_SPI_UART_INT.c **** * Function Name: UART_1_SPI_UART_ISR
ARM GAS  C:\Users\maxk\AppData\Local\Temp\ccxvA2jF.s 			page 2


  24:.\Generated_Source\PSoC4/UART_1_SPI_UART_INT.c **** ********************************************************************************
  25:.\Generated_Source\PSoC4/UART_1_SPI_UART_INT.c **** *
  26:.\Generated_Source\PSoC4/UART_1_SPI_UART_INT.c **** * Summary:
  27:.\Generated_Source\PSoC4/UART_1_SPI_UART_INT.c **** *  Handles Interrupt Service Routine for SCB SPI or UART modes.
  28:.\Generated_Source\PSoC4/UART_1_SPI_UART_INT.c **** *
  29:.\Generated_Source\PSoC4/UART_1_SPI_UART_INT.c **** * Parameters:
  30:.\Generated_Source\PSoC4/UART_1_SPI_UART_INT.c **** *  None
  31:.\Generated_Source\PSoC4/UART_1_SPI_UART_INT.c **** *
  32:.\Generated_Source\PSoC4/UART_1_SPI_UART_INT.c **** * Return:
  33:.\Generated_Source\PSoC4/UART_1_SPI_UART_INT.c **** *  None
  34:.\Generated_Source\PSoC4/UART_1_SPI_UART_INT.c **** *
  35:.\Generated_Source\PSoC4/UART_1_SPI_UART_INT.c **** *******************************************************************************/
  36:.\Generated_Source\PSoC4/UART_1_SPI_UART_INT.c **** CY_ISR(UART_1_SPI_UART_ISR)
  37:.\Generated_Source\PSoC4/UART_1_SPI_UART_INT.c **** {
  31              		.loc 1 37 0
  32              		.cfi_startproc
  33 0000 80B5     		push	{r7, lr}
  34              	.LCFI0:
  35              		.cfi_def_cfa_offset 8
  36              		.cfi_offset 7, -8
  37              		.cfi_offset 14, -4
  38 0002 00AF     		add	r7, sp, #0
  39              	.LCFI1:
  40              		.cfi_def_cfa_register 7
  38:.\Generated_Source\PSoC4/UART_1_SPI_UART_INT.c ****     #if(UART_1_INTERNAL_RX_SW_BUFFER_CONST)
  39:.\Generated_Source\PSoC4/UART_1_SPI_UART_INT.c ****         uint32 locHead;
  40:.\Generated_Source\PSoC4/UART_1_SPI_UART_INT.c ****         uint32 dataRx;
  41:.\Generated_Source\PSoC4/UART_1_SPI_UART_INT.c ****     #endif /* (UART_1_INTERNAL_RX_SW_BUFFER_CONST) */
  42:.\Generated_Source\PSoC4/UART_1_SPI_UART_INT.c **** 
  43:.\Generated_Source\PSoC4/UART_1_SPI_UART_INT.c ****     #if(UART_1_INTERNAL_TX_SW_BUFFER_CONST)
  44:.\Generated_Source\PSoC4/UART_1_SPI_UART_INT.c ****         uint32 locTail;
  45:.\Generated_Source\PSoC4/UART_1_SPI_UART_INT.c ****     #endif /* (UART_1_INTERNAL_TX_SW_BUFFER_CONST) */
  46:.\Generated_Source\PSoC4/UART_1_SPI_UART_INT.c **** 
  47:.\Generated_Source\PSoC4/UART_1_SPI_UART_INT.c ****     if(NULL != UART_1_customIntrHandler)
  41              		.loc 1 47 0
  42 0004 044B     		ldr	r3, .L4
  43 0006 1B68     		ldr	r3, [r3]
  44 0008 002B     		cmp	r3, #0
  45 000a 02D0     		beq	.L3
  48:.\Generated_Source\PSoC4/UART_1_SPI_UART_INT.c ****     {
  49:.\Generated_Source\PSoC4/UART_1_SPI_UART_INT.c ****         UART_1_customIntrHandler(); /* Call customer routine if needed */
  46              		.loc 1 49 0
  47 000c 024B     		ldr	r3, .L4
  48 000e 1B68     		ldr	r3, [r3]
  49 0010 9847     		blx	r3
  50              	.L3:
  50:.\Generated_Source\PSoC4/UART_1_SPI_UART_INT.c ****     }
  51:.\Generated_Source\PSoC4/UART_1_SPI_UART_INT.c **** 
  52:.\Generated_Source\PSoC4/UART_1_SPI_UART_INT.c ****     #if(UART_1_CHECK_SPI_WAKE_ENABLE)
  53:.\Generated_Source\PSoC4/UART_1_SPI_UART_INT.c ****     {
  54:.\Generated_Source\PSoC4/UART_1_SPI_UART_INT.c ****         /* Always clear SS activation */
  55:.\Generated_Source\PSoC4/UART_1_SPI_UART_INT.c ****         UART_1_ClearSpiExtClkInterruptSource(UART_1_INTR_SPI_EC_WAKE_UP);
  56:.\Generated_Source\PSoC4/UART_1_SPI_UART_INT.c ****     }
  57:.\Generated_Source\PSoC4/UART_1_SPI_UART_INT.c ****     #endif
  58:.\Generated_Source\PSoC4/UART_1_SPI_UART_INT.c **** 
  59:.\Generated_Source\PSoC4/UART_1_SPI_UART_INT.c ****     #if(UART_1_CHECK_RX_SW_BUFFER)
  60:.\Generated_Source\PSoC4/UART_1_SPI_UART_INT.c ****     {
ARM GAS  C:\Users\maxk\AppData\Local\Temp\ccxvA2jF.s 			page 3


  61:.\Generated_Source\PSoC4/UART_1_SPI_UART_INT.c ****         /* Get data from RX FIFO */
  62:.\Generated_Source\PSoC4/UART_1_SPI_UART_INT.c ****         if(UART_1_CHECK_INTR_RX_MASKED(UART_1_INTR_RX_NOT_EMPTY))
  63:.\Generated_Source\PSoC4/UART_1_SPI_UART_INT.c ****         {
  64:.\Generated_Source\PSoC4/UART_1_SPI_UART_INT.c ****             while(0u != UART_1_GET_RX_FIFO_ENTRIES)
  65:.\Generated_Source\PSoC4/UART_1_SPI_UART_INT.c ****             {
  66:.\Generated_Source\PSoC4/UART_1_SPI_UART_INT.c ****                 /* Get data from RX FIFO */
  67:.\Generated_Source\PSoC4/UART_1_SPI_UART_INT.c ****                 dataRx = UART_1_RX_FIFO_RD_REG;
  68:.\Generated_Source\PSoC4/UART_1_SPI_UART_INT.c **** 
  69:.\Generated_Source\PSoC4/UART_1_SPI_UART_INT.c ****                 /* Move local head index */
  70:.\Generated_Source\PSoC4/UART_1_SPI_UART_INT.c ****                 locHead = (UART_1_rxBufferHead + 1u);
  71:.\Generated_Source\PSoC4/UART_1_SPI_UART_INT.c **** 
  72:.\Generated_Source\PSoC4/UART_1_SPI_UART_INT.c ****                 /* Adjust local head index */
  73:.\Generated_Source\PSoC4/UART_1_SPI_UART_INT.c ****                 if(UART_1_RX_BUFFER_SIZE == locHead)
  74:.\Generated_Source\PSoC4/UART_1_SPI_UART_INT.c ****                 {
  75:.\Generated_Source\PSoC4/UART_1_SPI_UART_INT.c ****                     locHead = 0u;
  76:.\Generated_Source\PSoC4/UART_1_SPI_UART_INT.c ****                 }
  77:.\Generated_Source\PSoC4/UART_1_SPI_UART_INT.c **** 
  78:.\Generated_Source\PSoC4/UART_1_SPI_UART_INT.c ****                 if(locHead == UART_1_rxBufferTail)
  79:.\Generated_Source\PSoC4/UART_1_SPI_UART_INT.c ****                 {
  80:.\Generated_Source\PSoC4/UART_1_SPI_UART_INT.c ****                     /* Overflow: through away new data */
  81:.\Generated_Source\PSoC4/UART_1_SPI_UART_INT.c ****                     UART_1_rxBufferOverflow = (uint8) UART_1_INTR_RX_OVERFLOW;
  82:.\Generated_Source\PSoC4/UART_1_SPI_UART_INT.c ****                 }
  83:.\Generated_Source\PSoC4/UART_1_SPI_UART_INT.c ****                 else
  84:.\Generated_Source\PSoC4/UART_1_SPI_UART_INT.c ****                 {
  85:.\Generated_Source\PSoC4/UART_1_SPI_UART_INT.c ****                     /* Store received data */
  86:.\Generated_Source\PSoC4/UART_1_SPI_UART_INT.c ****                     UART_1_PutWordInRxBuffer(locHead, dataRx);
  87:.\Generated_Source\PSoC4/UART_1_SPI_UART_INT.c **** 
  88:.\Generated_Source\PSoC4/UART_1_SPI_UART_INT.c ****                     /* Move head index */
  89:.\Generated_Source\PSoC4/UART_1_SPI_UART_INT.c ****                     UART_1_rxBufferHead = locHead;
  90:.\Generated_Source\PSoC4/UART_1_SPI_UART_INT.c ****                 }
  91:.\Generated_Source\PSoC4/UART_1_SPI_UART_INT.c ****             }
  92:.\Generated_Source\PSoC4/UART_1_SPI_UART_INT.c **** 
  93:.\Generated_Source\PSoC4/UART_1_SPI_UART_INT.c ****             UART_1_ClearRxInterruptSource(UART_1_INTR_RX_NOT_EMPTY);
  94:.\Generated_Source\PSoC4/UART_1_SPI_UART_INT.c ****         }
  95:.\Generated_Source\PSoC4/UART_1_SPI_UART_INT.c ****     }
  96:.\Generated_Source\PSoC4/UART_1_SPI_UART_INT.c ****     #endif
  97:.\Generated_Source\PSoC4/UART_1_SPI_UART_INT.c **** 
  98:.\Generated_Source\PSoC4/UART_1_SPI_UART_INT.c **** 
  99:.\Generated_Source\PSoC4/UART_1_SPI_UART_INT.c ****     #if(UART_1_CHECK_TX_SW_BUFFER)
 100:.\Generated_Source\PSoC4/UART_1_SPI_UART_INT.c ****     {
 101:.\Generated_Source\PSoC4/UART_1_SPI_UART_INT.c ****         if(UART_1_CHECK_INTR_TX_MASKED(UART_1_INTR_TX_EMPTY))
 102:.\Generated_Source\PSoC4/UART_1_SPI_UART_INT.c ****         {
 103:.\Generated_Source\PSoC4/UART_1_SPI_UART_INT.c ****             /* Put data into TX FIFO */
 104:.\Generated_Source\PSoC4/UART_1_SPI_UART_INT.c ****             while(UART_1_FIFO_SIZE != UART_1_GET_TX_FIFO_ENTRIES)
 105:.\Generated_Source\PSoC4/UART_1_SPI_UART_INT.c ****             {
 106:.\Generated_Source\PSoC4/UART_1_SPI_UART_INT.c ****                 /* There is a data in TX software buffer */
 107:.\Generated_Source\PSoC4/UART_1_SPI_UART_INT.c ****                 if(UART_1_txBufferHead != UART_1_txBufferTail)
 108:.\Generated_Source\PSoC4/UART_1_SPI_UART_INT.c ****                 {
 109:.\Generated_Source\PSoC4/UART_1_SPI_UART_INT.c ****                     /* Mode local tail index */
 110:.\Generated_Source\PSoC4/UART_1_SPI_UART_INT.c ****                     locTail = (UART_1_txBufferTail + 1u);
 111:.\Generated_Source\PSoC4/UART_1_SPI_UART_INT.c **** 
 112:.\Generated_Source\PSoC4/UART_1_SPI_UART_INT.c ****                     /* Adjust local tail index */
 113:.\Generated_Source\PSoC4/UART_1_SPI_UART_INT.c ****                     if(UART_1_TX_BUFFER_SIZE == locTail)
 114:.\Generated_Source\PSoC4/UART_1_SPI_UART_INT.c ****                     {
 115:.\Generated_Source\PSoC4/UART_1_SPI_UART_INT.c ****                         locTail = 0u;
 116:.\Generated_Source\PSoC4/UART_1_SPI_UART_INT.c ****                     }
 117:.\Generated_Source\PSoC4/UART_1_SPI_UART_INT.c **** 
ARM GAS  C:\Users\maxk\AppData\Local\Temp\ccxvA2jF.s 			page 4


 118:.\Generated_Source\PSoC4/UART_1_SPI_UART_INT.c ****                     /* Put data into TX FIFO */
 119:.\Generated_Source\PSoC4/UART_1_SPI_UART_INT.c ****                     UART_1_TX_FIFO_WR_REG = UART_1_GetWordFromTxBuffer(locTail);
 120:.\Generated_Source\PSoC4/UART_1_SPI_UART_INT.c **** 
 121:.\Generated_Source\PSoC4/UART_1_SPI_UART_INT.c ****                     /* Mode tail index */
 122:.\Generated_Source\PSoC4/UART_1_SPI_UART_INT.c ****                     UART_1_txBufferTail = locTail;
 123:.\Generated_Source\PSoC4/UART_1_SPI_UART_INT.c ****                 }
 124:.\Generated_Source\PSoC4/UART_1_SPI_UART_INT.c ****                 else
 125:.\Generated_Source\PSoC4/UART_1_SPI_UART_INT.c ****                 {
 126:.\Generated_Source\PSoC4/UART_1_SPI_UART_INT.c ****                     /* TX software buffer is EMPTY: end of transmitting */
 127:.\Generated_Source\PSoC4/UART_1_SPI_UART_INT.c ****                     UART_1_DISABLE_INTR_TX(UART_1_INTR_TX_EMPTY);
 128:.\Generated_Source\PSoC4/UART_1_SPI_UART_INT.c ****                     break;
 129:.\Generated_Source\PSoC4/UART_1_SPI_UART_INT.c ****                 }
 130:.\Generated_Source\PSoC4/UART_1_SPI_UART_INT.c ****             }
 131:.\Generated_Source\PSoC4/UART_1_SPI_UART_INT.c **** 
 132:.\Generated_Source\PSoC4/UART_1_SPI_UART_INT.c ****             UART_1_ClearTxInterruptSource(UART_1_INTR_TX_EMPTY);
 133:.\Generated_Source\PSoC4/UART_1_SPI_UART_INT.c ****         }
 134:.\Generated_Source\PSoC4/UART_1_SPI_UART_INT.c ****     }
 135:.\Generated_Source\PSoC4/UART_1_SPI_UART_INT.c ****     #endif
 136:.\Generated_Source\PSoC4/UART_1_SPI_UART_INT.c **** }
  51              		.loc 1 136 0
  52 0012 BD46     		mov	sp, r7
  53              		@ sp needed for prologue
  54 0014 80BD     		pop	{r7, pc}
  55              	.L5:
  56 0016 C046     		.align	2
  57              	.L4:
  58 0018 00000000 		.word	UART_1_customIntrHandler
  59              		.cfi_endproc
  60              	.LFE0:
  61              		.size	UART_1_SPI_UART_ISR, .-UART_1_SPI_UART_ISR
  62              		.text
  63              	.Letext0:
  64              		.section	.debug_loc,"",%progbits
  65              	.Ldebug_loc0:
  66              	.LLST0:
  67 0000 00000000 		.4byte	.LFB0
  68 0004 02000000 		.4byte	.LCFI0
  69 0008 0100     		.2byte	0x1
  70 000a 5D       		.byte	0x5d
  71 000b 02000000 		.4byte	.LCFI0
  72 000f 04000000 		.4byte	.LCFI1
  73 0013 0200     		.2byte	0x2
  74 0015 7D       		.byte	0x7d
  75 0016 08       		.sleb128 8
  76 0017 04000000 		.4byte	.LCFI1
  77 001b 1C000000 		.4byte	.LFE0
  78 001f 0200     		.2byte	0x2
  79 0021 77       		.byte	0x77
  80 0022 08       		.sleb128 8
  81 0023 00000000 		.4byte	0x0
  82 0027 00000000 		.4byte	0x0
  83              		.file 2 ".\\Generated_Source\\PSoC4\\/cytypes.h"
  84              		.file 3 ".\\Generated_Source\\PSoC4\\/UART_1.h"
  85              		.section	.debug_info
  86 0000 B9000000 		.4byte	0xb9
  87 0004 0200     		.2byte	0x2
  88 0006 00000000 		.4byte	.Ldebug_abbrev0
ARM GAS  C:\Users\maxk\AppData\Local\Temp\ccxvA2jF.s 			page 5


  89 000a 04       		.byte	0x4
  90 000b 01       		.uleb128 0x1
  91 000c D9000000 		.4byte	.LASF12
  92 0010 01       		.byte	0x1
  93 0011 34010000 		.4byte	.LASF13
  94 0015 48000000 		.4byte	.LASF14
  95 0019 00000000 		.4byte	0x0
  96 001d 00000000 		.4byte	0x0
  97 0021 00000000 		.4byte	.Ldebug_ranges0+0x0
  98 0025 00000000 		.4byte	.Ldebug_line0
  99 0029 02       		.uleb128 0x2
 100 002a 01       		.byte	0x1
 101 002b 06       		.byte	0x6
 102 002c 28010000 		.4byte	.LASF0
 103 0030 02       		.uleb128 0x2
 104 0031 01       		.byte	0x1
 105 0032 08       		.byte	0x8
 106 0033 E5000000 		.4byte	.LASF1
 107 0037 02       		.uleb128 0x2
 108 0038 02       		.byte	0x2
 109 0039 05       		.byte	0x5
 110 003a 69010000 		.4byte	.LASF2
 111 003e 02       		.uleb128 0x2
 112 003f 02       		.byte	0x2
 113 0040 07       		.byte	0x7
 114 0041 15010000 		.4byte	.LASF3
 115 0045 02       		.uleb128 0x2
 116 0046 04       		.byte	0x4
 117 0047 05       		.byte	0x5
 118 0048 F8000000 		.4byte	.LASF4
 119 004c 02       		.uleb128 0x2
 120 004d 04       		.byte	0x4
 121 004e 07       		.byte	0x7
 122 004f B0000000 		.4byte	.LASF5
 123 0053 02       		.uleb128 0x2
 124 0054 08       		.byte	0x8
 125 0055 05       		.byte	0x5
 126 0056 00000000 		.4byte	.LASF6
 127 005a 02       		.uleb128 0x2
 128 005b 08       		.byte	0x8
 129 005c 07       		.byte	0x7
 130 005d C2000000 		.4byte	.LASF7
 131 0061 03       		.uleb128 0x3
 132 0062 04       		.byte	0x4
 133 0063 05       		.byte	0x5
 134 0064 696E7400 		.ascii	"int\000"
 135 0068 02       		.uleb128 0x2
 136 0069 04       		.byte	0x4
 137 006a 07       		.byte	0x7
 138 006b 0E000000 		.4byte	.LASF8
 139 006f 02       		.uleb128 0x2
 140 0070 04       		.byte	0x4
 141 0071 04       		.byte	0x4
 142 0072 63010000 		.4byte	.LASF9
 143 0076 02       		.uleb128 0x2
 144 0077 08       		.byte	0x8
 145 0078 04       		.byte	0x4
ARM GAS  C:\Users\maxk\AppData\Local\Temp\ccxvA2jF.s 			page 6


 146 0079 0E010000 		.4byte	.LASF10
 147 007d 02       		.uleb128 0x2
 148 007e 01       		.byte	0x1
 149 007f 08       		.byte	0x8
 150 0080 F3000000 		.4byte	.LASF11
 151 0084 04       		.uleb128 0x4
 152 0085 01010000 		.4byte	.LASF15
 153 0089 02       		.byte	0x2
 154 008a EB       		.byte	0xeb
 155 008b 8F000000 		.4byte	0x8f
 156 008f 05       		.uleb128 0x5
 157 0090 04       		.byte	0x4
 158 0091 95000000 		.4byte	0x95
 159 0095 06       		.uleb128 0x6
 160 0096 01       		.byte	0x1
 161 0097 07       		.uleb128 0x7
 162 0098 04       		.byte	0x4
 163 0099 07       		.byte	0x7
 164 009a 08       		.uleb128 0x8
 165 009b 01       		.byte	0x1
 166 009c 34000000 		.4byte	.LASF16
 167 00a0 01       		.byte	0x1
 168 00a1 24       		.byte	0x24
 169 00a2 01       		.byte	0x1
 170 00a3 00000000 		.4byte	.LFB0
 171 00a7 1C000000 		.4byte	.LFE0
 172 00ab 00000000 		.4byte	.LLST0
 173 00af 09       		.uleb128 0x9
 174 00b0 1B000000 		.4byte	.LASF17
 175 00b4 03       		.byte	0x3
 176 00b5 B5       		.byte	0xb5
 177 00b6 84000000 		.4byte	0x84
 178 00ba 01       		.byte	0x1
 179 00bb 01       		.byte	0x1
 180 00bc 00       		.byte	0x0
 181              		.section	.debug_abbrev
 182 0000 01       		.uleb128 0x1
 183 0001 11       		.uleb128 0x11
 184 0002 01       		.byte	0x1
 185 0003 25       		.uleb128 0x25
 186 0004 0E       		.uleb128 0xe
 187 0005 13       		.uleb128 0x13
 188 0006 0B       		.uleb128 0xb
 189 0007 03       		.uleb128 0x3
 190 0008 0E       		.uleb128 0xe
 191 0009 1B       		.uleb128 0x1b
 192 000a 0E       		.uleb128 0xe
 193 000b 11       		.uleb128 0x11
 194 000c 01       		.uleb128 0x1
 195 000d 52       		.uleb128 0x52
 196 000e 01       		.uleb128 0x1
 197 000f 55       		.uleb128 0x55
 198 0010 06       		.uleb128 0x6
 199 0011 10       		.uleb128 0x10
 200 0012 06       		.uleb128 0x6
 201 0013 00       		.byte	0x0
 202 0014 00       		.byte	0x0
ARM GAS  C:\Users\maxk\AppData\Local\Temp\ccxvA2jF.s 			page 7


 203 0015 02       		.uleb128 0x2
 204 0016 24       		.uleb128 0x24
 205 0017 00       		.byte	0x0
 206 0018 0B       		.uleb128 0xb
 207 0019 0B       		.uleb128 0xb
 208 001a 3E       		.uleb128 0x3e
 209 001b 0B       		.uleb128 0xb
 210 001c 03       		.uleb128 0x3
 211 001d 0E       		.uleb128 0xe
 212 001e 00       		.byte	0x0
 213 001f 00       		.byte	0x0
 214 0020 03       		.uleb128 0x3
 215 0021 24       		.uleb128 0x24
 216 0022 00       		.byte	0x0
 217 0023 0B       		.uleb128 0xb
 218 0024 0B       		.uleb128 0xb
 219 0025 3E       		.uleb128 0x3e
 220 0026 0B       		.uleb128 0xb
 221 0027 03       		.uleb128 0x3
 222 0028 08       		.uleb128 0x8
 223 0029 00       		.byte	0x0
 224 002a 00       		.byte	0x0
 225 002b 04       		.uleb128 0x4
 226 002c 16       		.uleb128 0x16
 227 002d 00       		.byte	0x0
 228 002e 03       		.uleb128 0x3
 229 002f 0E       		.uleb128 0xe
 230 0030 3A       		.uleb128 0x3a
 231 0031 0B       		.uleb128 0xb
 232 0032 3B       		.uleb128 0x3b
 233 0033 0B       		.uleb128 0xb
 234 0034 49       		.uleb128 0x49
 235 0035 13       		.uleb128 0x13
 236 0036 00       		.byte	0x0
 237 0037 00       		.byte	0x0
 238 0038 05       		.uleb128 0x5
 239 0039 0F       		.uleb128 0xf
 240 003a 00       		.byte	0x0
 241 003b 0B       		.uleb128 0xb
 242 003c 0B       		.uleb128 0xb
 243 003d 49       		.uleb128 0x49
 244 003e 13       		.uleb128 0x13
 245 003f 00       		.byte	0x0
 246 0040 00       		.byte	0x0
 247 0041 06       		.uleb128 0x6
 248 0042 15       		.uleb128 0x15
 249 0043 00       		.byte	0x0
 250 0044 27       		.uleb128 0x27
 251 0045 0C       		.uleb128 0xc
 252 0046 00       		.byte	0x0
 253 0047 00       		.byte	0x0
 254 0048 07       		.uleb128 0x7
 255 0049 24       		.uleb128 0x24
 256 004a 00       		.byte	0x0
 257 004b 0B       		.uleb128 0xb
 258 004c 0B       		.uleb128 0xb
 259 004d 3E       		.uleb128 0x3e
ARM GAS  C:\Users\maxk\AppData\Local\Temp\ccxvA2jF.s 			page 8


 260 004e 0B       		.uleb128 0xb
 261 004f 00       		.byte	0x0
 262 0050 00       		.byte	0x0
 263 0051 08       		.uleb128 0x8
 264 0052 2E       		.uleb128 0x2e
 265 0053 00       		.byte	0x0
 266 0054 3F       		.uleb128 0x3f
 267 0055 0C       		.uleb128 0xc
 268 0056 03       		.uleb128 0x3
 269 0057 0E       		.uleb128 0xe
 270 0058 3A       		.uleb128 0x3a
 271 0059 0B       		.uleb128 0xb
 272 005a 3B       		.uleb128 0x3b
 273 005b 0B       		.uleb128 0xb
 274 005c 27       		.uleb128 0x27
 275 005d 0C       		.uleb128 0xc
 276 005e 11       		.uleb128 0x11
 277 005f 01       		.uleb128 0x1
 278 0060 12       		.uleb128 0x12
 279 0061 01       		.uleb128 0x1
 280 0062 40       		.uleb128 0x40
 281 0063 06       		.uleb128 0x6
 282 0064 00       		.byte	0x0
 283 0065 00       		.byte	0x0
 284 0066 09       		.uleb128 0x9
 285 0067 34       		.uleb128 0x34
 286 0068 00       		.byte	0x0
 287 0069 03       		.uleb128 0x3
 288 006a 0E       		.uleb128 0xe
 289 006b 3A       		.uleb128 0x3a
 290 006c 0B       		.uleb128 0xb
 291 006d 3B       		.uleb128 0x3b
 292 006e 0B       		.uleb128 0xb
 293 006f 49       		.uleb128 0x49
 294 0070 13       		.uleb128 0x13
 295 0071 3F       		.uleb128 0x3f
 296 0072 0C       		.uleb128 0xc
 297 0073 3C       		.uleb128 0x3c
 298 0074 0C       		.uleb128 0xc
 299 0075 00       		.byte	0x0
 300 0076 00       		.byte	0x0
 301 0077 00       		.byte	0x0
 302              		.section	.debug_pubnames,"",%progbits
 303 0000 26000000 		.4byte	0x26
 304 0004 0200     		.2byte	0x2
 305 0006 00000000 		.4byte	.Ldebug_info0
 306 000a BD000000 		.4byte	0xbd
 307 000e 9A000000 		.4byte	0x9a
 308 0012 55415254 		.ascii	"UART_1_SPI_UART_ISR\000"
 308      5F315F53 
 308      50495F55 
 308      4152545F 
 308      49535200 
 309 0026 00000000 		.4byte	0x0
 310              		.section	.debug_aranges,"",%progbits
 311 0000 1C000000 		.4byte	0x1c
 312 0004 0200     		.2byte	0x2
ARM GAS  C:\Users\maxk\AppData\Local\Temp\ccxvA2jF.s 			page 9


 313 0006 00000000 		.4byte	.Ldebug_info0
 314 000a 04       		.byte	0x4
 315 000b 00       		.byte	0x0
 316 000c 0000     		.2byte	0x0
 317 000e 0000     		.2byte	0x0
 318 0010 00000000 		.4byte	.LFB0
 319 0014 1C000000 		.4byte	.LFE0-.LFB0
 320 0018 00000000 		.4byte	0x0
 321 001c 00000000 		.4byte	0x0
 322              		.section	.debug_ranges,"",%progbits
 323              	.Ldebug_ranges0:
 324 0000 00000000 		.4byte	.Ltext0
 325 0004 00000000 		.4byte	.Letext0
 326 0008 00000000 		.4byte	.LFB0
 327 000c 1C000000 		.4byte	.LFE0
 328 0010 00000000 		.4byte	0x0
 329 0014 00000000 		.4byte	0x0
 330              		.section	.debug_str,"MS",%progbits,1
 331              	.LASF6:
 332 0000 6C6F6E67 		.ascii	"long long int\000"
 332      206C6F6E 
 332      6720696E 
 332      7400
 333              	.LASF8:
 334 000e 756E7369 		.ascii	"unsigned int\000"
 334      676E6564 
 334      20696E74 
 334      00
 335              	.LASF17:
 336 001b 55415254 		.ascii	"UART_1_customIntrHandler\000"
 336      5F315F63 
 336      7573746F 
 336      6D496E74 
 336      7248616E 
 337              	.LASF16:
 338 0034 55415254 		.ascii	"UART_1_SPI_UART_ISR\000"
 338      5F315F53 
 338      50495F55 
 338      4152545F 
 338      49535200 
 339              	.LASF14:
 340 0048 433A5C55 		.ascii	"C:\\Users\\maxk\\Desktop\\PSoC 4A\\FAE Workshop\\La"
 340      73657273 
 340      5C6D6178 
 340      6B5C4465 
 340      736B746F 
 341 0075 62205072 		.ascii	"b Projects\\Lab working directory\\Lab 3 CapSense U"
 341      6F6A6563 
 341      74735C4C 
 341      61622077 
 341      6F726B69 
 342 00a6 4152542E 		.ascii	"ART.cydsn\000"
 342      63796473 
 342      6E00
 343              	.LASF5:
 344 00b0 6C6F6E67 		.ascii	"long unsigned int\000"
 344      20756E73 
ARM GAS  C:\Users\maxk\AppData\Local\Temp\ccxvA2jF.s 			page 10


 344      69676E65 
 344      6420696E 
 344      7400
 345              	.LASF7:
 346 00c2 6C6F6E67 		.ascii	"long long unsigned int\000"
 346      206C6F6E 
 346      6720756E 
 346      7369676E 
 346      65642069 
 347              	.LASF12:
 348 00d9 474E5520 		.ascii	"GNU C 4.4.1\000"
 348      4320342E 
 348      342E3100 
 349              	.LASF1:
 350 00e5 756E7369 		.ascii	"unsigned char\000"
 350      676E6564 
 350      20636861 
 350      7200
 351              	.LASF11:
 352 00f3 63686172 		.ascii	"char\000"
 352      00
 353              	.LASF4:
 354 00f8 6C6F6E67 		.ascii	"long int\000"
 354      20696E74 
 354      00
 355              	.LASF15:
 356 0101 63796973 		.ascii	"cyisraddress\000"
 356      72616464 
 356      72657373 
 356      00
 357              	.LASF10:
 358 010e 646F7562 		.ascii	"double\000"
 358      6C6500
 359              	.LASF3:
 360 0115 73686F72 		.ascii	"short unsigned int\000"
 360      7420756E 
 360      7369676E 
 360      65642069 
 360      6E7400
 361              	.LASF0:
 362 0128 7369676E 		.ascii	"signed char\000"
 362      65642063 
 362      68617200 
 363              	.LASF13:
 364 0134 2E5C4765 		.ascii	".\\Generated_Source\\PSoC4\\UART_1_SPI_UART_INT.c\000"
 364      6E657261 
 364      7465645F 
 364      536F7572 
 364      63655C50 
 365              	.LASF9:
 366 0163 666C6F61 		.ascii	"float\000"
 366      7400
 367              	.LASF2:
 368 0169 73686F72 		.ascii	"short int\000"
 368      7420696E 
 368      7400
 369              		.ident	"GCC: (Sourcery G++ Lite 2010q1-188) 4.4.1"
ARM GAS  C:\Users\maxk\AppData\Local\Temp\ccxvA2jF.s 			page 11


