ARM GAS  C:\Users\maxk\AppData\Local\Temp\ccwMskbi.s 			page 1


   1              		.cpu cortex-m0
   2              		.fpu softvfp
   3              		.eabi_attribute 20, 1
   4              		.eabi_attribute 21, 1
   5              		.eabi_attribute 23, 3
   6              		.eabi_attribute 24, 1
   7              		.eabi_attribute 25, 1
   8              		.eabi_attribute 26, 1
   9              		.eabi_attribute 30, 6
  10              		.eabi_attribute 18, 4
  11              		.code	16
  12              		.file	"UART_1_tx.c"
  13              		.section	.debug_abbrev,"",%progbits
  14              	.Ldebug_abbrev0:
  15              		.section	.debug_info,"",%progbits
  16              	.Ldebug_info0:
  17              		.section	.debug_line,"",%progbits
  18              	.Ldebug_line0:
  19 0000 C5000000 		.text
  19      02006200 
  19      00000201 
  19      FB0E0D00 
  19      01010101 
  20              	.Ltext0:
  21              		.cfi_sections	.debug_frame
  22              		.section	.text.UART_1_tx_Write,"ax",%progbits
  23              		.align	2
  24              		.global	UART_1_tx_Write
  25              		.code	16
  26              		.thumb_func
  27              		.type	UART_1_tx_Write, %function
  28              	UART_1_tx_Write:
  29              	.LFB0:
  30              		.file 1 ".\\Generated_Source\\PSoC4\\UART_1_tx.c"
   1:.\Generated_Source\PSoC4/UART_1_tx.c **** /*******************************************************************************
   2:.\Generated_Source\PSoC4/UART_1_tx.c **** * File Name: UART_1_tx.c  
   3:.\Generated_Source\PSoC4/UART_1_tx.c **** * Version 1.90
   4:.\Generated_Source\PSoC4/UART_1_tx.c **** *
   5:.\Generated_Source\PSoC4/UART_1_tx.c **** * Description:
   6:.\Generated_Source\PSoC4/UART_1_tx.c **** *  This file contains API to enable firmware control of a Pins component.
   7:.\Generated_Source\PSoC4/UART_1_tx.c **** *
   8:.\Generated_Source\PSoC4/UART_1_tx.c **** * Note:
   9:.\Generated_Source\PSoC4/UART_1_tx.c **** *
  10:.\Generated_Source\PSoC4/UART_1_tx.c **** ********************************************************************************
  11:.\Generated_Source\PSoC4/UART_1_tx.c **** * Copyright 2008-2012, Cypress Semiconductor Corporation.  All rights reserved.
  12:.\Generated_Source\PSoC4/UART_1_tx.c **** * You may use this file only in accordance with the license, terms, conditions, 
  13:.\Generated_Source\PSoC4/UART_1_tx.c **** * disclaimers, and limitations in the end user license agreement accompanying 
  14:.\Generated_Source\PSoC4/UART_1_tx.c **** * the software package with which this file was provided.
  15:.\Generated_Source\PSoC4/UART_1_tx.c **** *******************************************************************************/
  16:.\Generated_Source\PSoC4/UART_1_tx.c **** 
  17:.\Generated_Source\PSoC4/UART_1_tx.c **** #include "cytypes.h"
  18:.\Generated_Source\PSoC4/UART_1_tx.c **** #include "UART_1_tx.h"
  19:.\Generated_Source\PSoC4/UART_1_tx.c **** 
  20:.\Generated_Source\PSoC4/UART_1_tx.c **** #define SetP4PinDriveMode(shift, mode)  \
  21:.\Generated_Source\PSoC4/UART_1_tx.c ****     do { \
  22:.\Generated_Source\PSoC4/UART_1_tx.c ****         UART_1_tx_PC =   (UART_1_tx_PC & \
  23:.\Generated_Source\PSoC4/UART_1_tx.c ****                                 (uint32)(~(uint32)(UART_1_tx_DRIVE_MODE_IND_MASK << (UART_1_tx_DRIV
ARM GAS  C:\Users\maxk\AppData\Local\Temp\ccwMskbi.s 			page 2


  24:.\Generated_Source\PSoC4/UART_1_tx.c ****                                 (uint32)((uint32)(mode) << (UART_1_tx_DRIVE_MODE_BITS * (shift))); 
  25:.\Generated_Source\PSoC4/UART_1_tx.c ****     } while (0)
  26:.\Generated_Source\PSoC4/UART_1_tx.c **** 
  27:.\Generated_Source\PSoC4/UART_1_tx.c **** 
  28:.\Generated_Source\PSoC4/UART_1_tx.c **** /*******************************************************************************
  29:.\Generated_Source\PSoC4/UART_1_tx.c **** * Function Name: UART_1_tx_Write
  30:.\Generated_Source\PSoC4/UART_1_tx.c **** ********************************************************************************
  31:.\Generated_Source\PSoC4/UART_1_tx.c **** *
  32:.\Generated_Source\PSoC4/UART_1_tx.c **** * Summary:
  33:.\Generated_Source\PSoC4/UART_1_tx.c **** *  Assign a new value to the digital port's data output register.  
  34:.\Generated_Source\PSoC4/UART_1_tx.c **** *
  35:.\Generated_Source\PSoC4/UART_1_tx.c **** * Parameters:  
  36:.\Generated_Source\PSoC4/UART_1_tx.c **** *  prtValue:  The value to be assigned to the Digital Port. 
  37:.\Generated_Source\PSoC4/UART_1_tx.c **** *
  38:.\Generated_Source\PSoC4/UART_1_tx.c **** * Return: 
  39:.\Generated_Source\PSoC4/UART_1_tx.c **** *  None 
  40:.\Generated_Source\PSoC4/UART_1_tx.c **** *  
  41:.\Generated_Source\PSoC4/UART_1_tx.c **** *******************************************************************************/
  42:.\Generated_Source\PSoC4/UART_1_tx.c **** void UART_1_tx_Write(uint8 value) 
  43:.\Generated_Source\PSoC4/UART_1_tx.c **** {
  31              		.loc 1 43 0
  32              		.cfi_startproc
  33 0000 80B5     		push	{r7, lr}
  34              	.LCFI0:
  35              		.cfi_def_cfa_offset 8
  36              		.cfi_offset 7, -8
  37              		.cfi_offset 14, -4
  38 0002 84B0     		sub	sp, sp, #16
  39              	.LCFI1:
  40              		.cfi_def_cfa_offset 24
  41 0004 00AF     		add	r7, sp, #0
  42              	.LCFI2:
  43              		.cfi_def_cfa_register 7
  44 0006 021C     		mov	r2, r0
  45 0008 FB1D     		add	r3, r7, #7
  46 000a 1A70     		strb	r2, [r3]
  44:.\Generated_Source\PSoC4/UART_1_tx.c ****     uint8 drVal = (uint8)(UART_1_tx_DR & (uint8)(~UART_1_tx_MASK));
  47              		.loc 1 44 0
  48 000c 0E4B     		ldr	r3, .L3
  49 000e 1B68     		ldr	r3, [r3]
  50 0010 DAB2     		uxtb	r2, r3
  51 0012 3B1C     		mov	r3, r7
  52 0014 0F33     		add	r3, r3, #15
  53 0016 0221     		mov	r1, #2
  54 0018 8A43     		bic	r2, r2, r1
  55 001a 1A70     		strb	r2, [r3]
  45:.\Generated_Source\PSoC4/UART_1_tx.c ****     drVal = (drVal | ((uint8)(value << UART_1_tx_SHIFT) & UART_1_tx_MASK));
  56              		.loc 1 45 0
  57 001c FB1D     		add	r3, r7, #7
  58 001e 1B78     		ldrb	r3, [r3]
  59 0020 5B00     		lsl	r3, r3, #1
  60 0022 DBB2     		uxtb	r3, r3
  61 0024 0222     		mov	r2, #2
  62 0026 1340     		and	r3, r3, r2
  63 0028 3A1C     		mov	r2, r7
  64 002a 0F32     		add	r2, r2, #15
  65 002c 391C     		mov	r1, r7
ARM GAS  C:\Users\maxk\AppData\Local\Temp\ccwMskbi.s 			page 3


  66 002e 0F31     		add	r1, r1, #15
  67 0030 0978     		ldrb	r1, [r1]
  68 0032 0B43     		orr	r3, r3, r1
  69 0034 1370     		strb	r3, [r2]
  46:.\Generated_Source\PSoC4/UART_1_tx.c ****     UART_1_tx_DR = (uint32)drVal;
  70              		.loc 1 46 0
  71 0036 044B     		ldr	r3, .L3
  72 0038 3A1C     		mov	r2, r7
  73 003a 0F32     		add	r2, r2, #15
  74 003c 1278     		ldrb	r2, [r2]
  75 003e 1A60     		str	r2, [r3]
  47:.\Generated_Source\PSoC4/UART_1_tx.c **** }
  76              		.loc 1 47 0
  77 0040 BD46     		mov	sp, r7
  78 0042 04B0     		add	sp, sp, #16
  79              		@ sp needed for prologue
  80 0044 80BD     		pop	{r7, pc}
  81              	.L4:
  82 0046 C046     		.align	2
  83              	.L3:
  84 0048 00040440 		.word	1074004992
  85              		.cfi_endproc
  86              	.LFE0:
  87              		.size	UART_1_tx_Write, .-UART_1_tx_Write
  88              		.section	.text.UART_1_tx_SetDriveMode,"ax",%progbits
  89              		.align	2
  90              		.global	UART_1_tx_SetDriveMode
  91              		.code	16
  92              		.thumb_func
  93              		.type	UART_1_tx_SetDriveMode, %function
  94              	UART_1_tx_SetDriveMode:
  95              	.LFB1:
  48:.\Generated_Source\PSoC4/UART_1_tx.c **** 
  49:.\Generated_Source\PSoC4/UART_1_tx.c **** 
  50:.\Generated_Source\PSoC4/UART_1_tx.c **** /*******************************************************************************
  51:.\Generated_Source\PSoC4/UART_1_tx.c **** * Function Name: UART_1_tx_SetDriveMode
  52:.\Generated_Source\PSoC4/UART_1_tx.c **** ********************************************************************************
  53:.\Generated_Source\PSoC4/UART_1_tx.c **** *
  54:.\Generated_Source\PSoC4/UART_1_tx.c **** * Summary:
  55:.\Generated_Source\PSoC4/UART_1_tx.c **** *  Change the drive mode on the pins of the port.
  56:.\Generated_Source\PSoC4/UART_1_tx.c **** * 
  57:.\Generated_Source\PSoC4/UART_1_tx.c **** * Parameters:  
  58:.\Generated_Source\PSoC4/UART_1_tx.c **** *  mode:  Change the pins to this drive mode.
  59:.\Generated_Source\PSoC4/UART_1_tx.c **** *
  60:.\Generated_Source\PSoC4/UART_1_tx.c **** * Return: 
  61:.\Generated_Source\PSoC4/UART_1_tx.c **** *  None
  62:.\Generated_Source\PSoC4/UART_1_tx.c **** *
  63:.\Generated_Source\PSoC4/UART_1_tx.c **** *******************************************************************************/
  64:.\Generated_Source\PSoC4/UART_1_tx.c **** void UART_1_tx_SetDriveMode(uint8 mode) 
  65:.\Generated_Source\PSoC4/UART_1_tx.c **** {
  96              		.loc 1 65 0
  97              		.cfi_startproc
  98 0000 80B5     		push	{r7, lr}
  99              	.LCFI3:
 100              		.cfi_def_cfa_offset 8
 101              		.cfi_offset 7, -8
 102              		.cfi_offset 14, -4
ARM GAS  C:\Users\maxk\AppData\Local\Temp\ccwMskbi.s 			page 4


 103 0002 82B0     		sub	sp, sp, #8
 104              	.LCFI4:
 105              		.cfi_def_cfa_offset 16
 106 0004 00AF     		add	r7, sp, #0
 107              	.LCFI5:
 108              		.cfi_def_cfa_register 7
 109 0006 021C     		mov	r2, r0
 110 0008 FB1D     		add	r3, r7, #7
 111 000a 1A70     		strb	r2, [r3]
  66:.\Generated_Source\PSoC4/UART_1_tx.c **** 	SetP4PinDriveMode(UART_1_tx__0__SHIFT, mode);
 112              		.loc 1 66 0
 113 000c 074B     		ldr	r3, .L7
 114 000e 074A     		ldr	r2, .L7
 115 0010 1268     		ldr	r2, [r2]
 116 0012 3821     		mov	r1, #56
 117 0014 101C     		mov	r0, r2
 118 0016 8843     		bic	r0, r0, r1
 119 0018 011C     		mov	r1, r0
 120 001a FA1D     		add	r2, r7, #7
 121 001c 1278     		ldrb	r2, [r2]
 122 001e D200     		lsl	r2, r2, #3
 123 0020 0A43     		orr	r2, r2, r1
 124 0022 1A60     		str	r2, [r3]
  67:.\Generated_Source\PSoC4/UART_1_tx.c **** }
 125              		.loc 1 67 0
 126 0024 BD46     		mov	sp, r7
 127 0026 02B0     		add	sp, sp, #8
 128              		@ sp needed for prologue
 129 0028 80BD     		pop	{r7, pc}
 130              	.L8:
 131 002a C046     		.align	2
 132              	.L7:
 133 002c 08040440 		.word	1074005000
 134              		.cfi_endproc
 135              	.LFE1:
 136              		.size	UART_1_tx_SetDriveMode, .-UART_1_tx_SetDriveMode
 137              		.section	.text.UART_1_tx_Read,"ax",%progbits
 138              		.align	2
 139              		.global	UART_1_tx_Read
 140              		.code	16
 141              		.thumb_func
 142              		.type	UART_1_tx_Read, %function
 143              	UART_1_tx_Read:
 144              	.LFB2:
  68:.\Generated_Source\PSoC4/UART_1_tx.c **** 
  69:.\Generated_Source\PSoC4/UART_1_tx.c **** 
  70:.\Generated_Source\PSoC4/UART_1_tx.c **** /*******************************************************************************
  71:.\Generated_Source\PSoC4/UART_1_tx.c **** * Function Name: UART_1_tx_Read
  72:.\Generated_Source\PSoC4/UART_1_tx.c **** ********************************************************************************
  73:.\Generated_Source\PSoC4/UART_1_tx.c **** *
  74:.\Generated_Source\PSoC4/UART_1_tx.c **** * Summary:
  75:.\Generated_Source\PSoC4/UART_1_tx.c **** *  Read the current value on the pins of the Digital Port in right justified 
  76:.\Generated_Source\PSoC4/UART_1_tx.c **** *  form.
  77:.\Generated_Source\PSoC4/UART_1_tx.c **** *
  78:.\Generated_Source\PSoC4/UART_1_tx.c **** * Parameters:  
  79:.\Generated_Source\PSoC4/UART_1_tx.c **** *  None 
  80:.\Generated_Source\PSoC4/UART_1_tx.c **** *
ARM GAS  C:\Users\maxk\AppData\Local\Temp\ccwMskbi.s 			page 5


  81:.\Generated_Source\PSoC4/UART_1_tx.c **** * Return: 
  82:.\Generated_Source\PSoC4/UART_1_tx.c **** *  Returns the current value of the Digital Port as a right justified number
  83:.\Generated_Source\PSoC4/UART_1_tx.c **** *  
  84:.\Generated_Source\PSoC4/UART_1_tx.c **** * Note:
  85:.\Generated_Source\PSoC4/UART_1_tx.c **** *  Macro UART_1_tx_ReadPS calls this function. 
  86:.\Generated_Source\PSoC4/UART_1_tx.c **** *  
  87:.\Generated_Source\PSoC4/UART_1_tx.c **** *******************************************************************************/
  88:.\Generated_Source\PSoC4/UART_1_tx.c **** uint8 UART_1_tx_Read(void) 
  89:.\Generated_Source\PSoC4/UART_1_tx.c **** {
 145              		.loc 1 89 0
 146              		.cfi_startproc
 147 0000 80B5     		push	{r7, lr}
 148              	.LCFI6:
 149              		.cfi_def_cfa_offset 8
 150              		.cfi_offset 7, -8
 151              		.cfi_offset 14, -4
 152 0002 00AF     		add	r7, sp, #0
 153              	.LCFI7:
 154              		.cfi_def_cfa_register 7
  90:.\Generated_Source\PSoC4/UART_1_tx.c ****     return (uint8)((UART_1_tx_PS & UART_1_tx_MASK) >> UART_1_tx_SHIFT);
 155              		.loc 1 90 0
 156 0004 044B     		ldr	r3, .L11
 157 0006 1A68     		ldr	r2, [r3]
 158 0008 0223     		mov	r3, #2
 159 000a 1340     		and	r3, r3, r2
 160 000c 5B08     		lsr	r3, r3, #1
 161 000e DBB2     		uxtb	r3, r3
  91:.\Generated_Source\PSoC4/UART_1_tx.c **** }
 162              		.loc 1 91 0
 163 0010 181C     		mov	r0, r3
 164 0012 BD46     		mov	sp, r7
 165              		@ sp needed for prologue
 166 0014 80BD     		pop	{r7, pc}
 167              	.L12:
 168 0016 C046     		.align	2
 169              	.L11:
 170 0018 04040440 		.word	1074004996
 171              		.cfi_endproc
 172              	.LFE2:
 173              		.size	UART_1_tx_Read, .-UART_1_tx_Read
 174              		.section	.text.UART_1_tx_ReadDataReg,"ax",%progbits
 175              		.align	2
 176              		.global	UART_1_tx_ReadDataReg
 177              		.code	16
 178              		.thumb_func
 179              		.type	UART_1_tx_ReadDataReg, %function
 180              	UART_1_tx_ReadDataReg:
 181              	.LFB3:
  92:.\Generated_Source\PSoC4/UART_1_tx.c **** 
  93:.\Generated_Source\PSoC4/UART_1_tx.c **** 
  94:.\Generated_Source\PSoC4/UART_1_tx.c **** /*******************************************************************************
  95:.\Generated_Source\PSoC4/UART_1_tx.c **** * Function Name: UART_1_tx_ReadDataReg
  96:.\Generated_Source\PSoC4/UART_1_tx.c **** ********************************************************************************
  97:.\Generated_Source\PSoC4/UART_1_tx.c **** *
  98:.\Generated_Source\PSoC4/UART_1_tx.c **** * Summary:
  99:.\Generated_Source\PSoC4/UART_1_tx.c **** *  Read the current value assigned to a Digital Port's data output register
 100:.\Generated_Source\PSoC4/UART_1_tx.c **** *
ARM GAS  C:\Users\maxk\AppData\Local\Temp\ccwMskbi.s 			page 6


 101:.\Generated_Source\PSoC4/UART_1_tx.c **** * Parameters:  
 102:.\Generated_Source\PSoC4/UART_1_tx.c **** *  None 
 103:.\Generated_Source\PSoC4/UART_1_tx.c **** *
 104:.\Generated_Source\PSoC4/UART_1_tx.c **** * Return: 
 105:.\Generated_Source\PSoC4/UART_1_tx.c **** *  Returns the current value assigned to the Digital Port's data output register
 106:.\Generated_Source\PSoC4/UART_1_tx.c **** *  
 107:.\Generated_Source\PSoC4/UART_1_tx.c **** *******************************************************************************/
 108:.\Generated_Source\PSoC4/UART_1_tx.c **** uint8 UART_1_tx_ReadDataReg(void) 
 109:.\Generated_Source\PSoC4/UART_1_tx.c **** {
 182              		.loc 1 109 0
 183              		.cfi_startproc
 184 0000 80B5     		push	{r7, lr}
 185              	.LCFI8:
 186              		.cfi_def_cfa_offset 8
 187              		.cfi_offset 7, -8
 188              		.cfi_offset 14, -4
 189 0002 00AF     		add	r7, sp, #0
 190              	.LCFI9:
 191              		.cfi_def_cfa_register 7
 110:.\Generated_Source\PSoC4/UART_1_tx.c ****     return (uint8)((UART_1_tx_DR & UART_1_tx_MASK) >> UART_1_tx_SHIFT);
 192              		.loc 1 110 0
 193 0004 044B     		ldr	r3, .L15
 194 0006 1A68     		ldr	r2, [r3]
 195 0008 0223     		mov	r3, #2
 196 000a 1340     		and	r3, r3, r2
 197 000c 5B08     		lsr	r3, r3, #1
 198 000e DBB2     		uxtb	r3, r3
 111:.\Generated_Source\PSoC4/UART_1_tx.c **** }
 199              		.loc 1 111 0
 200 0010 181C     		mov	r0, r3
 201 0012 BD46     		mov	sp, r7
 202              		@ sp needed for prologue
 203 0014 80BD     		pop	{r7, pc}
 204              	.L16:
 205 0016 C046     		.align	2
 206              	.L15:
 207 0018 00040440 		.word	1074004992
 208              		.cfi_endproc
 209              	.LFE3:
 210              		.size	UART_1_tx_ReadDataReg, .-UART_1_tx_ReadDataReg
 211              		.section	.text.UART_1_tx_ClearInterrupt,"ax",%progbits
 212              		.align	2
 213              		.global	UART_1_tx_ClearInterrupt
 214              		.code	16
 215              		.thumb_func
 216              		.type	UART_1_tx_ClearInterrupt, %function
 217              	UART_1_tx_ClearInterrupt:
 218              	.LFB4:
 112:.\Generated_Source\PSoC4/UART_1_tx.c **** 
 113:.\Generated_Source\PSoC4/UART_1_tx.c **** 
 114:.\Generated_Source\PSoC4/UART_1_tx.c **** /* If Interrupts Are Enabled for this Pins component */ 
 115:.\Generated_Source\PSoC4/UART_1_tx.c **** #if defined(UART_1_tx_INTSTAT) 
 116:.\Generated_Source\PSoC4/UART_1_tx.c **** 
 117:.\Generated_Source\PSoC4/UART_1_tx.c ****     /*******************************************************************************
 118:.\Generated_Source\PSoC4/UART_1_tx.c ****     * Function Name: UART_1_tx_ClearInterrupt
 119:.\Generated_Source\PSoC4/UART_1_tx.c ****     ********************************************************************************
 120:.\Generated_Source\PSoC4/UART_1_tx.c ****     *
ARM GAS  C:\Users\maxk\AppData\Local\Temp\ccwMskbi.s 			page 7


 121:.\Generated_Source\PSoC4/UART_1_tx.c ****     * Summary:
 122:.\Generated_Source\PSoC4/UART_1_tx.c ****     *  Clears any active interrupts attached to port and returns the value of the 
 123:.\Generated_Source\PSoC4/UART_1_tx.c ****     *  interrupt status register.
 124:.\Generated_Source\PSoC4/UART_1_tx.c ****     *
 125:.\Generated_Source\PSoC4/UART_1_tx.c ****     * Parameters:  
 126:.\Generated_Source\PSoC4/UART_1_tx.c ****     *  None 
 127:.\Generated_Source\PSoC4/UART_1_tx.c ****     *
 128:.\Generated_Source\PSoC4/UART_1_tx.c ****     * Return: 
 129:.\Generated_Source\PSoC4/UART_1_tx.c ****     *  Returns the value of the interrupt status register
 130:.\Generated_Source\PSoC4/UART_1_tx.c ****     *  
 131:.\Generated_Source\PSoC4/UART_1_tx.c ****     *******************************************************************************/
 132:.\Generated_Source\PSoC4/UART_1_tx.c ****     uint8 UART_1_tx_ClearInterrupt(void) 
 133:.\Generated_Source\PSoC4/UART_1_tx.c ****     {
 219              		.loc 1 133 0
 220              		.cfi_startproc
 221 0000 80B5     		push	{r7, lr}
 222              	.LCFI10:
 223              		.cfi_def_cfa_offset 8
 224              		.cfi_offset 7, -8
 225              		.cfi_offset 14, -4
 226 0002 82B0     		sub	sp, sp, #8
 227              	.LCFI11:
 228              		.cfi_def_cfa_offset 16
 229 0004 00AF     		add	r7, sp, #0
 230              	.LCFI12:
 231              		.cfi_def_cfa_register 7
 134:.\Generated_Source\PSoC4/UART_1_tx.c **** 		uint8 maskedStatus = (uint8)(UART_1_tx_INTSTAT & UART_1_tx_MASK);
 232              		.loc 1 134 0
 233 0006 094B     		ldr	r3, .L19
 234 0008 1B68     		ldr	r3, [r3]
 235 000a D9B2     		uxtb	r1, r3
 236 000c FB1D     		add	r3, r7, #7
 237 000e 0222     		mov	r2, #2
 238 0010 0A40     		and	r2, r2, r1
 239 0012 1A70     		strb	r2, [r3]
 135:.\Generated_Source\PSoC4/UART_1_tx.c **** 		UART_1_tx_INTSTAT = maskedStatus;
 240              		.loc 1 135 0
 241 0014 054B     		ldr	r3, .L19
 242 0016 FA1D     		add	r2, r7, #7
 243 0018 1278     		ldrb	r2, [r2]
 244 001a 1A60     		str	r2, [r3]
 136:.\Generated_Source\PSoC4/UART_1_tx.c ****         return maskedStatus >> UART_1_tx_SHIFT;
 245              		.loc 1 136 0
 246 001c FB1D     		add	r3, r7, #7
 247 001e 1B78     		ldrb	r3, [r3]
 248 0020 5B08     		lsr	r3, r3, #1
 249 0022 DBB2     		uxtb	r3, r3
 137:.\Generated_Source\PSoC4/UART_1_tx.c ****     }
 250              		.loc 1 137 0
 251 0024 181C     		mov	r0, r3
 252 0026 BD46     		mov	sp, r7
 253 0028 02B0     		add	sp, sp, #8
 254              		@ sp needed for prologue
 255 002a 80BD     		pop	{r7, pc}
 256              	.L20:
 257              		.align	2
 258              	.L19:
ARM GAS  C:\Users\maxk\AppData\Local\Temp\ccwMskbi.s 			page 8


 259 002c 10040440 		.word	1074005008
 260              		.cfi_endproc
 261              	.LFE4:
 262              		.size	UART_1_tx_ClearInterrupt, .-UART_1_tx_ClearInterrupt
 263              		.text
 264              	.Letext0:
 265              		.section	.debug_loc,"",%progbits
 266              	.Ldebug_loc0:
 267              	.LLST0:
 268 0000 00000000 		.4byte	.LFB0
 269 0004 02000000 		.4byte	.LCFI0
 270 0008 0100     		.2byte	0x1
 271 000a 5D       		.byte	0x5d
 272 000b 02000000 		.4byte	.LCFI0
 273 000f 04000000 		.4byte	.LCFI1
 274 0013 0200     		.2byte	0x2
 275 0015 7D       		.byte	0x7d
 276 0016 08       		.sleb128 8
 277 0017 04000000 		.4byte	.LCFI1
 278 001b 06000000 		.4byte	.LCFI2
 279 001f 0200     		.2byte	0x2
 280 0021 7D       		.byte	0x7d
 281 0022 18       		.sleb128 24
 282 0023 06000000 		.4byte	.LCFI2
 283 0027 4C000000 		.4byte	.LFE0
 284 002b 0200     		.2byte	0x2
 285 002d 77       		.byte	0x77
 286 002e 18       		.sleb128 24
 287 002f 00000000 		.4byte	0x0
 288 0033 00000000 		.4byte	0x0
 289              	.LLST1:
 290 0037 00000000 		.4byte	.LFB1
 291 003b 02000000 		.4byte	.LCFI3
 292 003f 0100     		.2byte	0x1
 293 0041 5D       		.byte	0x5d
 294 0042 02000000 		.4byte	.LCFI3
 295 0046 04000000 		.4byte	.LCFI4
 296 004a 0200     		.2byte	0x2
 297 004c 7D       		.byte	0x7d
 298 004d 08       		.sleb128 8
 299 004e 04000000 		.4byte	.LCFI4
 300 0052 06000000 		.4byte	.LCFI5
 301 0056 0200     		.2byte	0x2
 302 0058 7D       		.byte	0x7d
 303 0059 10       		.sleb128 16
 304 005a 06000000 		.4byte	.LCFI5
 305 005e 30000000 		.4byte	.LFE1
 306 0062 0200     		.2byte	0x2
 307 0064 77       		.byte	0x77
 308 0065 10       		.sleb128 16
 309 0066 00000000 		.4byte	0x0
 310 006a 00000000 		.4byte	0x0
 311              	.LLST2:
 312 006e 00000000 		.4byte	.LFB2
 313 0072 02000000 		.4byte	.LCFI6
 314 0076 0100     		.2byte	0x1
 315 0078 5D       		.byte	0x5d
ARM GAS  C:\Users\maxk\AppData\Local\Temp\ccwMskbi.s 			page 9


 316 0079 02000000 		.4byte	.LCFI6
 317 007d 04000000 		.4byte	.LCFI7
 318 0081 0200     		.2byte	0x2
 319 0083 7D       		.byte	0x7d
 320 0084 08       		.sleb128 8
 321 0085 04000000 		.4byte	.LCFI7
 322 0089 1C000000 		.4byte	.LFE2
 323 008d 0200     		.2byte	0x2
 324 008f 77       		.byte	0x77
 325 0090 08       		.sleb128 8
 326 0091 00000000 		.4byte	0x0
 327 0095 00000000 		.4byte	0x0
 328              	.LLST3:
 329 0099 00000000 		.4byte	.LFB3
 330 009d 02000000 		.4byte	.LCFI8
 331 00a1 0100     		.2byte	0x1
 332 00a3 5D       		.byte	0x5d
 333 00a4 02000000 		.4byte	.LCFI8
 334 00a8 04000000 		.4byte	.LCFI9
 335 00ac 0200     		.2byte	0x2
 336 00ae 7D       		.byte	0x7d
 337 00af 08       		.sleb128 8
 338 00b0 04000000 		.4byte	.LCFI9
 339 00b4 1C000000 		.4byte	.LFE3
 340 00b8 0200     		.2byte	0x2
 341 00ba 77       		.byte	0x77
 342 00bb 08       		.sleb128 8
 343 00bc 00000000 		.4byte	0x0
 344 00c0 00000000 		.4byte	0x0
 345              	.LLST4:
 346 00c4 00000000 		.4byte	.LFB4
 347 00c8 02000000 		.4byte	.LCFI10
 348 00cc 0100     		.2byte	0x1
 349 00ce 5D       		.byte	0x5d
 350 00cf 02000000 		.4byte	.LCFI10
 351 00d3 04000000 		.4byte	.LCFI11
 352 00d7 0200     		.2byte	0x2
 353 00d9 7D       		.byte	0x7d
 354 00da 08       		.sleb128 8
 355 00db 04000000 		.4byte	.LCFI11
 356 00df 06000000 		.4byte	.LCFI12
 357 00e3 0200     		.2byte	0x2
 358 00e5 7D       		.byte	0x7d
 359 00e6 10       		.sleb128 16
 360 00e7 06000000 		.4byte	.LCFI12
 361 00eb 30000000 		.4byte	.LFE4
 362 00ef 0200     		.2byte	0x2
 363 00f1 77       		.byte	0x77
 364 00f2 10       		.sleb128 16
 365 00f3 00000000 		.4byte	0x0
 366 00f7 00000000 		.4byte	0x0
 367              		.file 2 ".\\Generated_Source\\PSoC4\\/cytypes.h"
 368              		.section	.debug_info
 369 0000 44010000 		.4byte	0x144
 370 0004 0200     		.2byte	0x2
 371 0006 00000000 		.4byte	.Ldebug_abbrev0
 372 000a 04       		.byte	0x4
ARM GAS  C:\Users\maxk\AppData\Local\Temp\ccwMskbi.s 			page 10


 373 000b 01       		.uleb128 0x1
 374 000c 0D010000 		.4byte	.LASF21
 375 0010 01       		.byte	0x1
 376 0011 82000000 		.4byte	.LASF22
 377 0015 44010000 		.4byte	.LASF23
 378 0019 00000000 		.4byte	0x0
 379 001d 00000000 		.4byte	0x0
 380 0021 00000000 		.4byte	.Ldebug_ranges0+0x0
 381 0025 00000000 		.4byte	.Ldebug_line0
 382 0029 02       		.uleb128 0x2
 383 002a 01       		.byte	0x1
 384 002b 06       		.byte	0x6
 385 002c AC010000 		.4byte	.LASF0
 386 0030 02       		.uleb128 0x2
 387 0031 01       		.byte	0x1
 388 0032 08       		.byte	0x8
 389 0033 49000000 		.4byte	.LASF1
 390 0037 02       		.uleb128 0x2
 391 0038 02       		.byte	0x2
 392 0039 05       		.byte	0x5
 393 003a 2B010000 		.4byte	.LASF2
 394 003e 02       		.uleb128 0x2
 395 003f 02       		.byte	0x2
 396 0040 07       		.byte	0x7
 397 0041 6F000000 		.4byte	.LASF3
 398 0045 02       		.uleb128 0x2
 399 0046 04       		.byte	0x4
 400 0047 05       		.byte	0x5
 401 0048 3B010000 		.4byte	.LASF4
 402 004c 02       		.uleb128 0x2
 403 004d 04       		.byte	0x4
 404 004e 07       		.byte	0x7
 405 004f 5D000000 		.4byte	.LASF5
 406 0053 02       		.uleb128 0x2
 407 0054 08       		.byte	0x8
 408 0055 05       		.byte	0x5
 409 0056 00000000 		.4byte	.LASF6
 410 005a 02       		.uleb128 0x2
 411 005b 08       		.byte	0x8
 412 005c 07       		.byte	0x7
 413 005d E1000000 		.4byte	.LASF7
 414 0061 03       		.uleb128 0x3
 415 0062 04       		.byte	0x4
 416 0063 05       		.byte	0x5
 417 0064 696E7400 		.ascii	"int\000"
 418 0068 02       		.uleb128 0x2
 419 0069 04       		.byte	0x4
 420 006a 07       		.byte	0x7
 421 006b D4000000 		.4byte	.LASF8
 422 006f 04       		.uleb128 0x4
 423 0070 35010000 		.4byte	.LASF24
 424 0074 02       		.byte	0x2
 425 0075 4C       		.byte	0x4c
 426 0076 30000000 		.4byte	0x30
 427 007a 02       		.uleb128 0x2
 428 007b 04       		.byte	0x4
 429 007c 04       		.byte	0x4
ARM GAS  C:\Users\maxk\AppData\Local\Temp\ccwMskbi.s 			page 11


 430 007d 43000000 		.4byte	.LASF9
 431 0081 02       		.uleb128 0x2
 432 0082 08       		.byte	0x8
 433 0083 04       		.byte	0x4
 434 0084 A7000000 		.4byte	.LASF10
 435 0088 02       		.uleb128 0x2
 436 0089 01       		.byte	0x1
 437 008a 08       		.byte	0x8
 438 008b 26010000 		.4byte	.LASF11
 439 008f 05       		.uleb128 0x5
 440 0090 01       		.byte	0x1
 441 0091 FD000000 		.4byte	.LASF12
 442 0095 01       		.byte	0x1
 443 0096 2A       		.byte	0x2a
 444 0097 01       		.byte	0x1
 445 0098 00000000 		.4byte	.LFB0
 446 009c 4C000000 		.4byte	.LFE0
 447 00a0 00000000 		.4byte	.LLST0
 448 00a4 C5000000 		.4byte	0xc5
 449 00a8 06       		.uleb128 0x6
 450 00a9 0E000000 		.4byte	.LASF14
 451 00ad 01       		.byte	0x1
 452 00ae 2A       		.byte	0x2a
 453 00af 6F000000 		.4byte	0x6f
 454 00b3 02       		.byte	0x2
 455 00b4 91       		.byte	0x91
 456 00b5 6F       		.sleb128 -17
 457 00b6 07       		.uleb128 0x7
 458 00b7 57000000 		.4byte	.LASF19
 459 00bb 01       		.byte	0x1
 460 00bc 2C       		.byte	0x2c
 461 00bd 6F000000 		.4byte	0x6f
 462 00c1 02       		.byte	0x2
 463 00c2 91       		.byte	0x91
 464 00c3 77       		.sleb128 -9
 465 00c4 00       		.byte	0x0
 466 00c5 05       		.uleb128 0x5
 467 00c6 01       		.byte	0x1
 468 00c7 AE000000 		.4byte	.LASF13
 469 00cb 01       		.byte	0x1
 470 00cc 40       		.byte	0x40
 471 00cd 01       		.byte	0x1
 472 00ce 00000000 		.4byte	.LFB1
 473 00d2 30000000 		.4byte	.LFE1
 474 00d6 37000000 		.4byte	.LLST1
 475 00da ED000000 		.4byte	0xed
 476 00de 06       		.uleb128 0x6
 477 00df F8000000 		.4byte	.LASF15
 478 00e3 01       		.byte	0x1
 479 00e4 40       		.byte	0x40
 480 00e5 6F000000 		.4byte	0x6f
 481 00e9 02       		.byte	0x2
 482 00ea 91       		.byte	0x91
 483 00eb 77       		.sleb128 -9
 484 00ec 00       		.byte	0x0
 485 00ed 08       		.uleb128 0x8
 486 00ee 01       		.byte	0x1
ARM GAS  C:\Users\maxk\AppData\Local\Temp\ccwMskbi.s 			page 12


 487 00ef C5000000 		.4byte	.LASF16
 488 00f3 01       		.byte	0x1
 489 00f4 58       		.byte	0x58
 490 00f5 01       		.byte	0x1
 491 00f6 6F000000 		.4byte	0x6f
 492 00fa 00000000 		.4byte	.LFB2
 493 00fe 1C000000 		.4byte	.LFE2
 494 0102 6E000000 		.4byte	.LLST2
 495 0106 08       		.uleb128 0x8
 496 0107 01       		.byte	0x1
 497 0108 2D000000 		.4byte	.LASF17
 498 010c 01       		.byte	0x1
 499 010d 6C       		.byte	0x6c
 500 010e 01       		.byte	0x1
 501 010f 6F000000 		.4byte	0x6f
 502 0113 00000000 		.4byte	.LFB3
 503 0117 1C000000 		.4byte	.LFE3
 504 011b 99000000 		.4byte	.LLST3
 505 011f 09       		.uleb128 0x9
 506 0120 01       		.byte	0x1
 507 0121 14000000 		.4byte	.LASF18
 508 0125 01       		.byte	0x1
 509 0126 84       		.byte	0x84
 510 0127 01       		.byte	0x1
 511 0128 6F000000 		.4byte	0x6f
 512 012c 00000000 		.4byte	.LFB4
 513 0130 30000000 		.4byte	.LFE4
 514 0134 C4000000 		.4byte	.LLST4
 515 0138 07       		.uleb128 0x7
 516 0139 19010000 		.4byte	.LASF20
 517 013d 01       		.byte	0x1
 518 013e 86       		.byte	0x86
 519 013f 6F000000 		.4byte	0x6f
 520 0143 02       		.byte	0x2
 521 0144 91       		.byte	0x91
 522 0145 77       		.sleb128 -9
 523 0146 00       		.byte	0x0
 524 0147 00       		.byte	0x0
 525              		.section	.debug_abbrev
 526 0000 01       		.uleb128 0x1
 527 0001 11       		.uleb128 0x11
 528 0002 01       		.byte	0x1
 529 0003 25       		.uleb128 0x25
 530 0004 0E       		.uleb128 0xe
 531 0005 13       		.uleb128 0x13
 532 0006 0B       		.uleb128 0xb
 533 0007 03       		.uleb128 0x3
 534 0008 0E       		.uleb128 0xe
 535 0009 1B       		.uleb128 0x1b
 536 000a 0E       		.uleb128 0xe
 537 000b 11       		.uleb128 0x11
 538 000c 01       		.uleb128 0x1
 539 000d 52       		.uleb128 0x52
 540 000e 01       		.uleb128 0x1
 541 000f 55       		.uleb128 0x55
 542 0010 06       		.uleb128 0x6
 543 0011 10       		.uleb128 0x10
ARM GAS  C:\Users\maxk\AppData\Local\Temp\ccwMskbi.s 			page 13


 544 0012 06       		.uleb128 0x6
 545 0013 00       		.byte	0x0
 546 0014 00       		.byte	0x0
 547 0015 02       		.uleb128 0x2
 548 0016 24       		.uleb128 0x24
 549 0017 00       		.byte	0x0
 550 0018 0B       		.uleb128 0xb
 551 0019 0B       		.uleb128 0xb
 552 001a 3E       		.uleb128 0x3e
 553 001b 0B       		.uleb128 0xb
 554 001c 03       		.uleb128 0x3
 555 001d 0E       		.uleb128 0xe
 556 001e 00       		.byte	0x0
 557 001f 00       		.byte	0x0
 558 0020 03       		.uleb128 0x3
 559 0021 24       		.uleb128 0x24
 560 0022 00       		.byte	0x0
 561 0023 0B       		.uleb128 0xb
 562 0024 0B       		.uleb128 0xb
 563 0025 3E       		.uleb128 0x3e
 564 0026 0B       		.uleb128 0xb
 565 0027 03       		.uleb128 0x3
 566 0028 08       		.uleb128 0x8
 567 0029 00       		.byte	0x0
 568 002a 00       		.byte	0x0
 569 002b 04       		.uleb128 0x4
 570 002c 16       		.uleb128 0x16
 571 002d 00       		.byte	0x0
 572 002e 03       		.uleb128 0x3
 573 002f 0E       		.uleb128 0xe
 574 0030 3A       		.uleb128 0x3a
 575 0031 0B       		.uleb128 0xb
 576 0032 3B       		.uleb128 0x3b
 577 0033 0B       		.uleb128 0xb
 578 0034 49       		.uleb128 0x49
 579 0035 13       		.uleb128 0x13
 580 0036 00       		.byte	0x0
 581 0037 00       		.byte	0x0
 582 0038 05       		.uleb128 0x5
 583 0039 2E       		.uleb128 0x2e
 584 003a 01       		.byte	0x1
 585 003b 3F       		.uleb128 0x3f
 586 003c 0C       		.uleb128 0xc
 587 003d 03       		.uleb128 0x3
 588 003e 0E       		.uleb128 0xe
 589 003f 3A       		.uleb128 0x3a
 590 0040 0B       		.uleb128 0xb
 591 0041 3B       		.uleb128 0x3b
 592 0042 0B       		.uleb128 0xb
 593 0043 27       		.uleb128 0x27
 594 0044 0C       		.uleb128 0xc
 595 0045 11       		.uleb128 0x11
 596 0046 01       		.uleb128 0x1
 597 0047 12       		.uleb128 0x12
 598 0048 01       		.uleb128 0x1
 599 0049 40       		.uleb128 0x40
 600 004a 06       		.uleb128 0x6
ARM GAS  C:\Users\maxk\AppData\Local\Temp\ccwMskbi.s 			page 14


 601 004b 01       		.uleb128 0x1
 602 004c 13       		.uleb128 0x13
 603 004d 00       		.byte	0x0
 604 004e 00       		.byte	0x0
 605 004f 06       		.uleb128 0x6
 606 0050 05       		.uleb128 0x5
 607 0051 00       		.byte	0x0
 608 0052 03       		.uleb128 0x3
 609 0053 0E       		.uleb128 0xe
 610 0054 3A       		.uleb128 0x3a
 611 0055 0B       		.uleb128 0xb
 612 0056 3B       		.uleb128 0x3b
 613 0057 0B       		.uleb128 0xb
 614 0058 49       		.uleb128 0x49
 615 0059 13       		.uleb128 0x13
 616 005a 02       		.uleb128 0x2
 617 005b 0A       		.uleb128 0xa
 618 005c 00       		.byte	0x0
 619 005d 00       		.byte	0x0
 620 005e 07       		.uleb128 0x7
 621 005f 34       		.uleb128 0x34
 622 0060 00       		.byte	0x0
 623 0061 03       		.uleb128 0x3
 624 0062 0E       		.uleb128 0xe
 625 0063 3A       		.uleb128 0x3a
 626 0064 0B       		.uleb128 0xb
 627 0065 3B       		.uleb128 0x3b
 628 0066 0B       		.uleb128 0xb
 629 0067 49       		.uleb128 0x49
 630 0068 13       		.uleb128 0x13
 631 0069 02       		.uleb128 0x2
 632 006a 0A       		.uleb128 0xa
 633 006b 00       		.byte	0x0
 634 006c 00       		.byte	0x0
 635 006d 08       		.uleb128 0x8
 636 006e 2E       		.uleb128 0x2e
 637 006f 00       		.byte	0x0
 638 0070 3F       		.uleb128 0x3f
 639 0071 0C       		.uleb128 0xc
 640 0072 03       		.uleb128 0x3
 641 0073 0E       		.uleb128 0xe
 642 0074 3A       		.uleb128 0x3a
 643 0075 0B       		.uleb128 0xb
 644 0076 3B       		.uleb128 0x3b
 645 0077 0B       		.uleb128 0xb
 646 0078 27       		.uleb128 0x27
 647 0079 0C       		.uleb128 0xc
 648 007a 49       		.uleb128 0x49
 649 007b 13       		.uleb128 0x13
 650 007c 11       		.uleb128 0x11
 651 007d 01       		.uleb128 0x1
 652 007e 12       		.uleb128 0x12
 653 007f 01       		.uleb128 0x1
 654 0080 40       		.uleb128 0x40
 655 0081 06       		.uleb128 0x6
 656 0082 00       		.byte	0x0
 657 0083 00       		.byte	0x0
ARM GAS  C:\Users\maxk\AppData\Local\Temp\ccwMskbi.s 			page 15


 658 0084 09       		.uleb128 0x9
 659 0085 2E       		.uleb128 0x2e
 660 0086 01       		.byte	0x1
 661 0087 3F       		.uleb128 0x3f
 662 0088 0C       		.uleb128 0xc
 663 0089 03       		.uleb128 0x3
 664 008a 0E       		.uleb128 0xe
 665 008b 3A       		.uleb128 0x3a
 666 008c 0B       		.uleb128 0xb
 667 008d 3B       		.uleb128 0x3b
 668 008e 0B       		.uleb128 0xb
 669 008f 27       		.uleb128 0x27
 670 0090 0C       		.uleb128 0xc
 671 0091 49       		.uleb128 0x49
 672 0092 13       		.uleb128 0x13
 673 0093 11       		.uleb128 0x11
 674 0094 01       		.uleb128 0x1
 675 0095 12       		.uleb128 0x12
 676 0096 01       		.uleb128 0x1
 677 0097 40       		.uleb128 0x40
 678 0098 06       		.uleb128 0x6
 679 0099 00       		.byte	0x0
 680 009a 00       		.byte	0x0
 681 009b 00       		.byte	0x0
 682              		.section	.debug_pubnames,"",%progbits
 683 0000 87000000 		.4byte	0x87
 684 0004 0200     		.2byte	0x2
 685 0006 00000000 		.4byte	.Ldebug_info0
 686 000a 48010000 		.4byte	0x148
 687 000e 8F000000 		.4byte	0x8f
 688 0012 55415254 		.ascii	"UART_1_tx_Write\000"
 688      5F315F74 
 688      785F5772 
 688      69746500 
 689 0022 C5000000 		.4byte	0xc5
 690 0026 55415254 		.ascii	"UART_1_tx_SetDriveMode\000"
 690      5F315F74 
 690      785F5365 
 690      74447269 
 690      76654D6F 
 691 003d ED000000 		.4byte	0xed
 692 0041 55415254 		.ascii	"UART_1_tx_Read\000"
 692      5F315F74 
 692      785F5265 
 692      616400
 693 0050 06010000 		.4byte	0x106
 694 0054 55415254 		.ascii	"UART_1_tx_ReadDataReg\000"
 694      5F315F74 
 694      785F5265 
 694      61644461 
 694      74615265 
 695 006a 1F010000 		.4byte	0x11f
 696 006e 55415254 		.ascii	"UART_1_tx_ClearInterrupt\000"
 696      5F315F74 
 696      785F436C 
 696      65617249 
 696      6E746572 
ARM GAS  C:\Users\maxk\AppData\Local\Temp\ccwMskbi.s 			page 16


 697 0087 00000000 		.4byte	0x0
 698              		.section	.debug_aranges,"",%progbits
 699 0000 3C000000 		.4byte	0x3c
 700 0004 0200     		.2byte	0x2
 701 0006 00000000 		.4byte	.Ldebug_info0
 702 000a 04       		.byte	0x4
 703 000b 00       		.byte	0x0
 704 000c 0000     		.2byte	0x0
 705 000e 0000     		.2byte	0x0
 706 0010 00000000 		.4byte	.LFB0
 707 0014 4C000000 		.4byte	.LFE0-.LFB0
 708 0018 00000000 		.4byte	.LFB1
 709 001c 30000000 		.4byte	.LFE1-.LFB1
 710 0020 00000000 		.4byte	.LFB2
 711 0024 1C000000 		.4byte	.LFE2-.LFB2
 712 0028 00000000 		.4byte	.LFB3
 713 002c 1C000000 		.4byte	.LFE3-.LFB3
 714 0030 00000000 		.4byte	.LFB4
 715 0034 30000000 		.4byte	.LFE4-.LFB4
 716 0038 00000000 		.4byte	0x0
 717 003c 00000000 		.4byte	0x0
 718              		.section	.debug_ranges,"",%progbits
 719              	.Ldebug_ranges0:
 720 0000 00000000 		.4byte	.Ltext0
 721 0004 00000000 		.4byte	.Letext0
 722 0008 00000000 		.4byte	.LFB0
 723 000c 4C000000 		.4byte	.LFE0
 724 0010 00000000 		.4byte	.LFB1
 725 0014 30000000 		.4byte	.LFE1
 726 0018 00000000 		.4byte	.LFB2
 727 001c 1C000000 		.4byte	.LFE2
 728 0020 00000000 		.4byte	.LFB3
 729 0024 1C000000 		.4byte	.LFE3
 730 0028 00000000 		.4byte	.LFB4
 731 002c 30000000 		.4byte	.LFE4
 732 0030 00000000 		.4byte	0x0
 733 0034 00000000 		.4byte	0x0
 734              		.section	.debug_str,"MS",%progbits,1
 735              	.LASF6:
 736 0000 6C6F6E67 		.ascii	"long long int\000"
 736      206C6F6E 
 736      6720696E 
 736      7400
 737              	.LASF14:
 738 000e 76616C75 		.ascii	"value\000"
 738      6500
 739              	.LASF18:
 740 0014 55415254 		.ascii	"UART_1_tx_ClearInterrupt\000"
 740      5F315F74 
 740      785F436C 
 740      65617249 
 740      6E746572 
 741              	.LASF17:
 742 002d 55415254 		.ascii	"UART_1_tx_ReadDataReg\000"
 742      5F315F74 
 742      785F5265 
 742      61644461 
ARM GAS  C:\Users\maxk\AppData\Local\Temp\ccwMskbi.s 			page 17


 742      74615265 
 743              	.LASF9:
 744 0043 666C6F61 		.ascii	"float\000"
 744      7400
 745              	.LASF1:
 746 0049 756E7369 		.ascii	"unsigned char\000"
 746      676E6564 
 746      20636861 
 746      7200
 747              	.LASF19:
 748 0057 64725661 		.ascii	"drVal\000"
 748      6C00
 749              	.LASF5:
 750 005d 6C6F6E67 		.ascii	"long unsigned int\000"
 750      20756E73 
 750      69676E65 
 750      6420696E 
 750      7400
 751              	.LASF3:
 752 006f 73686F72 		.ascii	"short unsigned int\000"
 752      7420756E 
 752      7369676E 
 752      65642069 
 752      6E7400
 753              	.LASF22:
 754 0082 2E5C4765 		.ascii	".\\Generated_Source\\PSoC4\\UART_1_tx.c\000"
 754      6E657261 
 754      7465645F 
 754      536F7572 
 754      63655C50 
 755              	.LASF10:
 756 00a7 646F7562 		.ascii	"double\000"
 756      6C6500
 757              	.LASF13:
 758 00ae 55415254 		.ascii	"UART_1_tx_SetDriveMode\000"
 758      5F315F74 
 758      785F5365 
 758      74447269 
 758      76654D6F 
 759              	.LASF16:
 760 00c5 55415254 		.ascii	"UART_1_tx_Read\000"
 760      5F315F74 
 760      785F5265 
 760      616400
 761              	.LASF8:
 762 00d4 756E7369 		.ascii	"unsigned int\000"
 762      676E6564 
 762      20696E74 
 762      00
 763              	.LASF7:
 764 00e1 6C6F6E67 		.ascii	"long long unsigned int\000"
 764      206C6F6E 
 764      6720756E 
 764      7369676E 
 764      65642069 
 765              	.LASF15:
 766 00f8 6D6F6465 		.ascii	"mode\000"
ARM GAS  C:\Users\maxk\AppData\Local\Temp\ccwMskbi.s 			page 18


 766      00
 767              	.LASF12:
 768 00fd 55415254 		.ascii	"UART_1_tx_Write\000"
 768      5F315F74 
 768      785F5772 
 768      69746500 
 769              	.LASF21:
 770 010d 474E5520 		.ascii	"GNU C 4.4.1\000"
 770      4320342E 
 770      342E3100 
 771              	.LASF20:
 772 0119 6D61736B 		.ascii	"maskedStatus\000"
 772      65645374 
 772      61747573 
 772      00
 773              	.LASF11:
 774 0126 63686172 		.ascii	"char\000"
 774      00
 775              	.LASF2:
 776 012b 73686F72 		.ascii	"short int\000"
 776      7420696E 
 776      7400
 777              	.LASF24:
 778 0135 75696E74 		.ascii	"uint8\000"
 778      3800
 779              	.LASF4:
 780 013b 6C6F6E67 		.ascii	"long int\000"
 780      20696E74 
 780      00
 781              	.LASF23:
 782 0144 433A5C55 		.ascii	"C:\\Users\\maxk\\Desktop\\PSoC 4A\\FAE Workshop\\La"
 782      73657273 
 782      5C6D6178 
 782      6B5C4465 
 782      736B746F 
 783 0171 62205072 		.ascii	"b Projects\\Lab working directory\\Lab 3 CapSense U"
 783      6F6A6563 
 783      74735C4C 
 783      61622077 
 783      6F726B69 
 784 01a2 4152542E 		.ascii	"ART.cydsn\000"
 784      63796473 
 784      6E00
 785              	.LASF0:
 786 01ac 7369676E 		.ascii	"signed char\000"
 786      65642063 
 786      68617200 
 787              		.ident	"GCC: (Sourcery G++ Lite 2010q1-188) 4.4.1"
