ARM GAS  C:\Users\mitchell\AppData\Local\Temp\ccLMBziH.s 			page 1


   1              		.syntax unified
   2              		.cpu cortex-m3
   3              		.fpu softvfp
   4              		.eabi_attribute 20, 1
   5              		.eabi_attribute 21, 1
   6              		.eabi_attribute 23, 3
   7              		.eabi_attribute 24, 1
   8              		.eabi_attribute 25, 1
   9              		.eabi_attribute 26, 1
  10              		.eabi_attribute 30, 1
  11              		.eabi_attribute 34, 1
  12              		.eabi_attribute 18, 4
  13              		.thumb
  14              		.file	"BRAKE_ADC_INT.c"
  15              		.text
  16              	.Ltext0:
  17              		.cfi_sections	.debug_frame
  18              		.section	.text.BRAKE_ADC_ISR1,"ax",%progbits
  19              		.align	2
  20              		.global	BRAKE_ADC_ISR1
  21              		.thumb
  22              		.thumb_func
  23              		.type	BRAKE_ADC_ISR1, %function
  24              	BRAKE_ADC_ISR1:
  25              	.LFB0:
  26              		.file 1 ".\\Generated_Source\\PSoC5\\BRAKE_ADC_INT.c"
   1:.\Generated_Source\PSoC5/BRAKE_ADC_INT.c **** /*******************************************************************************
   2:.\Generated_Source\PSoC5/BRAKE_ADC_INT.c **** * File Name: BRAKE_ADC_INT.c
   3:.\Generated_Source\PSoC5/BRAKE_ADC_INT.c **** * Version 3.20
   4:.\Generated_Source\PSoC5/BRAKE_ADC_INT.c **** *
   5:.\Generated_Source\PSoC5/BRAKE_ADC_INT.c **** * Description:
   6:.\Generated_Source\PSoC5/BRAKE_ADC_INT.c **** *  This file contains the code that operates during the ADC_DelSig interrupt
   7:.\Generated_Source\PSoC5/BRAKE_ADC_INT.c **** *  service routine.
   8:.\Generated_Source\PSoC5/BRAKE_ADC_INT.c **** *
   9:.\Generated_Source\PSoC5/BRAKE_ADC_INT.c **** * Note:
  10:.\Generated_Source\PSoC5/BRAKE_ADC_INT.c **** *
  11:.\Generated_Source\PSoC5/BRAKE_ADC_INT.c **** ********************************************************************************
  12:.\Generated_Source\PSoC5/BRAKE_ADC_INT.c **** * Copyright 2008-2015, Cypress Semiconductor Corporation.  All rights reserved.
  13:.\Generated_Source\PSoC5/BRAKE_ADC_INT.c **** * You may use this file only in accordance with the license, terms, conditions,
  14:.\Generated_Source\PSoC5/BRAKE_ADC_INT.c **** * disclaimers, and limitations in the end user license agreement accompanying
  15:.\Generated_Source\PSoC5/BRAKE_ADC_INT.c **** * the software package with which this file was provided.
  16:.\Generated_Source\PSoC5/BRAKE_ADC_INT.c **** *******************************************************************************/
  17:.\Generated_Source\PSoC5/BRAKE_ADC_INT.c **** 
  18:.\Generated_Source\PSoC5/BRAKE_ADC_INT.c **** #include "BRAKE_ADC.h"
  19:.\Generated_Source\PSoC5/BRAKE_ADC_INT.c **** 
  20:.\Generated_Source\PSoC5/BRAKE_ADC_INT.c **** 
  21:.\Generated_Source\PSoC5/BRAKE_ADC_INT.c **** /*******************************************************************************
  22:.\Generated_Source\PSoC5/BRAKE_ADC_INT.c **** * Custom Declarations and Variables
  23:.\Generated_Source\PSoC5/BRAKE_ADC_INT.c **** * - add user include files, prototypes and variables between the following
  24:.\Generated_Source\PSoC5/BRAKE_ADC_INT.c **** *   #START and #END tags
  25:.\Generated_Source\PSoC5/BRAKE_ADC_INT.c **** *******************************************************************************/
  26:.\Generated_Source\PSoC5/BRAKE_ADC_INT.c **** /* `#START ADC_SYS_VAR`  */
  27:.\Generated_Source\PSoC5/BRAKE_ADC_INT.c **** 
  28:.\Generated_Source\PSoC5/BRAKE_ADC_INT.c **** /* `#END`  */
  29:.\Generated_Source\PSoC5/BRAKE_ADC_INT.c **** 
  30:.\Generated_Source\PSoC5/BRAKE_ADC_INT.c **** 
  31:.\Generated_Source\PSoC5/BRAKE_ADC_INT.c **** #if(BRAKE_ADC_IRQ_REMOVE == 0u)
ARM GAS  C:\Users\mitchell\AppData\Local\Temp\ccLMBziH.s 			page 2


  32:.\Generated_Source\PSoC5/BRAKE_ADC_INT.c **** 
  33:.\Generated_Source\PSoC5/BRAKE_ADC_INT.c **** 
  34:.\Generated_Source\PSoC5/BRAKE_ADC_INT.c ****     /*****************************************************************************
  35:.\Generated_Source\PSoC5/BRAKE_ADC_INT.c ****     * Function Name: BRAKE_ADC_ISR1
  36:.\Generated_Source\PSoC5/BRAKE_ADC_INT.c ****     ******************************************************************************
  37:.\Generated_Source\PSoC5/BRAKE_ADC_INT.c ****     *
  38:.\Generated_Source\PSoC5/BRAKE_ADC_INT.c ****     * Summary:
  39:.\Generated_Source\PSoC5/BRAKE_ADC_INT.c ****     *  Handle Interrupt Service Routine.
  40:.\Generated_Source\PSoC5/BRAKE_ADC_INT.c ****     *
  41:.\Generated_Source\PSoC5/BRAKE_ADC_INT.c ****     * Parameters:
  42:.\Generated_Source\PSoC5/BRAKE_ADC_INT.c ****     *  None
  43:.\Generated_Source\PSoC5/BRAKE_ADC_INT.c ****     *
  44:.\Generated_Source\PSoC5/BRAKE_ADC_INT.c ****     * Return:
  45:.\Generated_Source\PSoC5/BRAKE_ADC_INT.c ****     *  None
  46:.\Generated_Source\PSoC5/BRAKE_ADC_INT.c ****     *
  47:.\Generated_Source\PSoC5/BRAKE_ADC_INT.c ****     * Reentrant:
  48:.\Generated_Source\PSoC5/BRAKE_ADC_INT.c ****     *  No
  49:.\Generated_Source\PSoC5/BRAKE_ADC_INT.c ****     *
  50:.\Generated_Source\PSoC5/BRAKE_ADC_INT.c ****     *****************************************************************************/
  51:.\Generated_Source\PSoC5/BRAKE_ADC_INT.c ****     CY_ISR( BRAKE_ADC_ISR1)
  52:.\Generated_Source\PSoC5/BRAKE_ADC_INT.c ****     {
  27              		.loc 1 52 0
  28              		.cfi_startproc
  29              		@ args = 0, pretend = 0, frame = 0
  30              		@ frame_needed = 0, uses_anonymous_args = 0
  31              		@ link register save eliminated.
  32 0000 7047     		bx	lr
  33              		.cfi_endproc
  34              	.LFE0:
  35              		.size	BRAKE_ADC_ISR1, .-BRAKE_ADC_ISR1
  36 0002 00BF     		.section	.text.BRAKE_ADC_ISR2,"ax",%progbits
  37              		.align	2
  38              		.global	BRAKE_ADC_ISR2
  39              		.thumb
  40              		.thumb_func
  41              		.type	BRAKE_ADC_ISR2, %function
  42              	BRAKE_ADC_ISR2:
  43              	.LFB1:
  53:.\Generated_Source\PSoC5/BRAKE_ADC_INT.c ****         /**************************************************************************
  54:.\Generated_Source\PSoC5/BRAKE_ADC_INT.c ****         *  Custom Code
  55:.\Generated_Source\PSoC5/BRAKE_ADC_INT.c ****         *  - add user ISR code between the following #START and #END tags
  56:.\Generated_Source\PSoC5/BRAKE_ADC_INT.c ****         **************************************************************************/
  57:.\Generated_Source\PSoC5/BRAKE_ADC_INT.c ****         /* `#START MAIN_ADC_ISR1`  */
  58:.\Generated_Source\PSoC5/BRAKE_ADC_INT.c **** 
  59:.\Generated_Source\PSoC5/BRAKE_ADC_INT.c ****         /* `#END`  */
  60:.\Generated_Source\PSoC5/BRAKE_ADC_INT.c **** 
  61:.\Generated_Source\PSoC5/BRAKE_ADC_INT.c ****         /* Stop the conversion if conversion mode is single sample and resolution
  62:.\Generated_Source\PSoC5/BRAKE_ADC_INT.c ****         *  is above 16 bits.
  63:.\Generated_Source\PSoC5/BRAKE_ADC_INT.c ****         */
  64:.\Generated_Source\PSoC5/BRAKE_ADC_INT.c ****         #if(BRAKE_ADC_CFG1_RESOLUTION > 16 && \
  65:.\Generated_Source\PSoC5/BRAKE_ADC_INT.c ****             BRAKE_ADC_CFG1_CONV_MODE == BRAKE_ADC_MODE_SINGLE_SAMPLE)
  66:.\Generated_Source\PSoC5/BRAKE_ADC_INT.c ****             BRAKE_ADC_StopConvert();
  67:.\Generated_Source\PSoC5/BRAKE_ADC_INT.c ****             /* Software flag for checking conversion complete or not. Will be used when
  68:.\Generated_Source\PSoC5/BRAKE_ADC_INT.c ****             *  resolution is above 16 bits and conversion mode is single sample 
  69:.\Generated_Source\PSoC5/BRAKE_ADC_INT.c **** 			*/
  70:.\Generated_Source\PSoC5/BRAKE_ADC_INT.c ****             BRAKE_ADC_convDone = BRAKE_ADC_DEC_CONV_DONE;
  71:.\Generated_Source\PSoC5/BRAKE_ADC_INT.c ****         #endif /* Single sample conversion mode with resolution above 16 bits */
ARM GAS  C:\Users\mitchell\AppData\Local\Temp\ccLMBziH.s 			page 3


  72:.\Generated_Source\PSoC5/BRAKE_ADC_INT.c **** 
  73:.\Generated_Source\PSoC5/BRAKE_ADC_INT.c ****     }
  74:.\Generated_Source\PSoC5/BRAKE_ADC_INT.c **** 
  75:.\Generated_Source\PSoC5/BRAKE_ADC_INT.c **** 
  76:.\Generated_Source\PSoC5/BRAKE_ADC_INT.c ****     /*****************************************************************************
  77:.\Generated_Source\PSoC5/BRAKE_ADC_INT.c ****     * Function Name: BRAKE_ADC_ISR2
  78:.\Generated_Source\PSoC5/BRAKE_ADC_INT.c ****     ******************************************************************************
  79:.\Generated_Source\PSoC5/BRAKE_ADC_INT.c ****     *
  80:.\Generated_Source\PSoC5/BRAKE_ADC_INT.c ****     * Summary:
  81:.\Generated_Source\PSoC5/BRAKE_ADC_INT.c ****     *  Handle Interrupt Service Routine.
  82:.\Generated_Source\PSoC5/BRAKE_ADC_INT.c ****     *
  83:.\Generated_Source\PSoC5/BRAKE_ADC_INT.c ****     * Parameters:
  84:.\Generated_Source\PSoC5/BRAKE_ADC_INT.c ****     *  None
  85:.\Generated_Source\PSoC5/BRAKE_ADC_INT.c ****     *
  86:.\Generated_Source\PSoC5/BRAKE_ADC_INT.c ****     * Return:
  87:.\Generated_Source\PSoC5/BRAKE_ADC_INT.c ****     *  None
  88:.\Generated_Source\PSoC5/BRAKE_ADC_INT.c ****     *
  89:.\Generated_Source\PSoC5/BRAKE_ADC_INT.c ****     * Reentrant:
  90:.\Generated_Source\PSoC5/BRAKE_ADC_INT.c ****     *  No
  91:.\Generated_Source\PSoC5/BRAKE_ADC_INT.c ****     *
  92:.\Generated_Source\PSoC5/BRAKE_ADC_INT.c ****     *****************************************************************************/
  93:.\Generated_Source\PSoC5/BRAKE_ADC_INT.c ****     CY_ISR( BRAKE_ADC_ISR2)
  94:.\Generated_Source\PSoC5/BRAKE_ADC_INT.c ****     {
  44              		.loc 1 94 0
  45              		.cfi_startproc
  46              		@ args = 0, pretend = 0, frame = 0
  47              		@ frame_needed = 0, uses_anonymous_args = 0
  48              		@ link register save eliminated.
  49 0000 7047     		bx	lr
  50              		.cfi_endproc
  51              	.LFE1:
  52              		.size	BRAKE_ADC_ISR2, .-BRAKE_ADC_ISR2
  53 0002 00BF     		.section	.text.BRAKE_ADC_ISR3,"ax",%progbits
  54              		.align	2
  55              		.global	BRAKE_ADC_ISR3
  56              		.thumb
  57              		.thumb_func
  58              		.type	BRAKE_ADC_ISR3, %function
  59              	BRAKE_ADC_ISR3:
  60              	.LFB2:
  95:.\Generated_Source\PSoC5/BRAKE_ADC_INT.c ****         /***************************************************************************
  96:.\Generated_Source\PSoC5/BRAKE_ADC_INT.c ****         *  Custom Code
  97:.\Generated_Source\PSoC5/BRAKE_ADC_INT.c ****         *  - add user ISR code between the following #START and #END tags
  98:.\Generated_Source\PSoC5/BRAKE_ADC_INT.c ****         **************************************************************************/
  99:.\Generated_Source\PSoC5/BRAKE_ADC_INT.c ****         /* `#START MAIN_ADC_ISR2`  */
 100:.\Generated_Source\PSoC5/BRAKE_ADC_INT.c **** 
 101:.\Generated_Source\PSoC5/BRAKE_ADC_INT.c ****         /* `#END`  */
 102:.\Generated_Source\PSoC5/BRAKE_ADC_INT.c **** 
 103:.\Generated_Source\PSoC5/BRAKE_ADC_INT.c ****         /* Stop the conversion conversion mode is single sample and resolution
 104:.\Generated_Source\PSoC5/BRAKE_ADC_INT.c ****         *  is above 16 bits.
 105:.\Generated_Source\PSoC5/BRAKE_ADC_INT.c ****         */
 106:.\Generated_Source\PSoC5/BRAKE_ADC_INT.c ****         #if(BRAKE_ADC_CFG2_RESOLUTION > 16 && \
 107:.\Generated_Source\PSoC5/BRAKE_ADC_INT.c ****             BRAKE_ADC_CFG2_CONVMODE == BRAKE_ADC_MODE_SINGLE_SAMPLE)
 108:.\Generated_Source\PSoC5/BRAKE_ADC_INT.c ****             BRAKE_ADC_StopConvert();
 109:.\Generated_Source\PSoC5/BRAKE_ADC_INT.c ****             /* Software flag for checking conversion complete or not. Will be used when
 110:.\Generated_Source\PSoC5/BRAKE_ADC_INT.c ****             *   resolution is above 16 bits and conversion mode is single sample 
 111:.\Generated_Source\PSoC5/BRAKE_ADC_INT.c **** 			*/
ARM GAS  C:\Users\mitchell\AppData\Local\Temp\ccLMBziH.s 			page 4


 112:.\Generated_Source\PSoC5/BRAKE_ADC_INT.c ****             BRAKE_ADC_convDone = BRAKE_ADC_DEC_CONV_DONE;
 113:.\Generated_Source\PSoC5/BRAKE_ADC_INT.c ****         #endif /* Single sample conversion mode with resolution above 16 bits */
 114:.\Generated_Source\PSoC5/BRAKE_ADC_INT.c **** 
 115:.\Generated_Source\PSoC5/BRAKE_ADC_INT.c ****     }
 116:.\Generated_Source\PSoC5/BRAKE_ADC_INT.c **** 
 117:.\Generated_Source\PSoC5/BRAKE_ADC_INT.c **** 
 118:.\Generated_Source\PSoC5/BRAKE_ADC_INT.c ****     /*****************************************************************************
 119:.\Generated_Source\PSoC5/BRAKE_ADC_INT.c ****     * Function Name: BRAKE_ADC_ISR3
 120:.\Generated_Source\PSoC5/BRAKE_ADC_INT.c ****     ******************************************************************************
 121:.\Generated_Source\PSoC5/BRAKE_ADC_INT.c ****     *
 122:.\Generated_Source\PSoC5/BRAKE_ADC_INT.c ****     * Summary:
 123:.\Generated_Source\PSoC5/BRAKE_ADC_INT.c ****     *  Handle Interrupt Service Routine.
 124:.\Generated_Source\PSoC5/BRAKE_ADC_INT.c ****     *
 125:.\Generated_Source\PSoC5/BRAKE_ADC_INT.c ****     * Parameters:
 126:.\Generated_Source\PSoC5/BRAKE_ADC_INT.c ****     *  None
 127:.\Generated_Source\PSoC5/BRAKE_ADC_INT.c ****     *
 128:.\Generated_Source\PSoC5/BRAKE_ADC_INT.c ****     * Return:
 129:.\Generated_Source\PSoC5/BRAKE_ADC_INT.c ****     *  None
 130:.\Generated_Source\PSoC5/BRAKE_ADC_INT.c ****     *
 131:.\Generated_Source\PSoC5/BRAKE_ADC_INT.c ****     * Reentrant:
 132:.\Generated_Source\PSoC5/BRAKE_ADC_INT.c ****     *  No
 133:.\Generated_Source\PSoC5/BRAKE_ADC_INT.c ****     *
 134:.\Generated_Source\PSoC5/BRAKE_ADC_INT.c ****     *****************************************************************************/
 135:.\Generated_Source\PSoC5/BRAKE_ADC_INT.c ****     CY_ISR( BRAKE_ADC_ISR3)
 136:.\Generated_Source\PSoC5/BRAKE_ADC_INT.c ****     {
  61              		.loc 1 136 0
  62              		.cfi_startproc
  63              		@ args = 0, pretend = 0, frame = 0
  64              		@ frame_needed = 0, uses_anonymous_args = 0
  65              		@ link register save eliminated.
  66 0000 7047     		bx	lr
  67              		.cfi_endproc
  68              	.LFE2:
  69              		.size	BRAKE_ADC_ISR3, .-BRAKE_ADC_ISR3
  70 0002 00BF     		.section	.text.BRAKE_ADC_ISR4,"ax",%progbits
  71              		.align	2
  72              		.global	BRAKE_ADC_ISR4
  73              		.thumb
  74              		.thumb_func
  75              		.type	BRAKE_ADC_ISR4, %function
  76              	BRAKE_ADC_ISR4:
  77              	.LFB3:
 137:.\Generated_Source\PSoC5/BRAKE_ADC_INT.c ****         /***************************************************************************
 138:.\Generated_Source\PSoC5/BRAKE_ADC_INT.c ****         *  Custom Code
 139:.\Generated_Source\PSoC5/BRAKE_ADC_INT.c ****         *  - add user ISR code between the following #START and #END tags
 140:.\Generated_Source\PSoC5/BRAKE_ADC_INT.c ****         **************************************************************************/
 141:.\Generated_Source\PSoC5/BRAKE_ADC_INT.c ****         /* `#START MAIN_ADC_ISR3`  */
 142:.\Generated_Source\PSoC5/BRAKE_ADC_INT.c **** 
 143:.\Generated_Source\PSoC5/BRAKE_ADC_INT.c ****         /* `#END`  */
 144:.\Generated_Source\PSoC5/BRAKE_ADC_INT.c **** 
 145:.\Generated_Source\PSoC5/BRAKE_ADC_INT.c ****         /* Stop the conversion if conversion mode is set to single sample and
 146:.\Generated_Source\PSoC5/BRAKE_ADC_INT.c ****         *  resolution is above 16 bits.
 147:.\Generated_Source\PSoC5/BRAKE_ADC_INT.c ****         */
 148:.\Generated_Source\PSoC5/BRAKE_ADC_INT.c ****         #if(BRAKE_ADC_CFG3_RESOLUTION > 16 && \
 149:.\Generated_Source\PSoC5/BRAKE_ADC_INT.c ****             BRAKE_ADC_CFG3_CONVMODE == BRAKE_ADC_MODE_SINGLE_SAMPLE)
 150:.\Generated_Source\PSoC5/BRAKE_ADC_INT.c ****             BRAKE_ADC_StopConvert();
 151:.\Generated_Source\PSoC5/BRAKE_ADC_INT.c ****             /* Software flag for checking conversion complete or not. Will be used when
ARM GAS  C:\Users\mitchell\AppData\Local\Temp\ccLMBziH.s 			page 5


 152:.\Generated_Source\PSoC5/BRAKE_ADC_INT.c ****             *  resolution is above 16 bits and conversion mode is single sample 
 153:.\Generated_Source\PSoC5/BRAKE_ADC_INT.c **** 			*/
 154:.\Generated_Source\PSoC5/BRAKE_ADC_INT.c ****             BRAKE_ADC_convDone = BRAKE_ADC_DEC_CONV_DONE;
 155:.\Generated_Source\PSoC5/BRAKE_ADC_INT.c ****         #endif /* Single sample conversion mode with resolution above 16 bits */
 156:.\Generated_Source\PSoC5/BRAKE_ADC_INT.c ****     }
 157:.\Generated_Source\PSoC5/BRAKE_ADC_INT.c **** 
 158:.\Generated_Source\PSoC5/BRAKE_ADC_INT.c **** 
 159:.\Generated_Source\PSoC5/BRAKE_ADC_INT.c ****     /*****************************************************************************
 160:.\Generated_Source\PSoC5/BRAKE_ADC_INT.c ****     * Function Name: BRAKE_ADC_ISR4
 161:.\Generated_Source\PSoC5/BRAKE_ADC_INT.c ****     ******************************************************************************
 162:.\Generated_Source\PSoC5/BRAKE_ADC_INT.c ****     *
 163:.\Generated_Source\PSoC5/BRAKE_ADC_INT.c ****     * Summary:
 164:.\Generated_Source\PSoC5/BRAKE_ADC_INT.c ****     *  Handle Interrupt Service Routine.
 165:.\Generated_Source\PSoC5/BRAKE_ADC_INT.c ****     *
 166:.\Generated_Source\PSoC5/BRAKE_ADC_INT.c ****     * Parameters:
 167:.\Generated_Source\PSoC5/BRAKE_ADC_INT.c ****     *  None
 168:.\Generated_Source\PSoC5/BRAKE_ADC_INT.c ****     *
 169:.\Generated_Source\PSoC5/BRAKE_ADC_INT.c ****     * Return:
 170:.\Generated_Source\PSoC5/BRAKE_ADC_INT.c ****     *  None
 171:.\Generated_Source\PSoC5/BRAKE_ADC_INT.c ****     *
 172:.\Generated_Source\PSoC5/BRAKE_ADC_INT.c ****     * Reentrant:
 173:.\Generated_Source\PSoC5/BRAKE_ADC_INT.c ****     *  No
 174:.\Generated_Source\PSoC5/BRAKE_ADC_INT.c ****     *
 175:.\Generated_Source\PSoC5/BRAKE_ADC_INT.c ****     *****************************************************************************/
 176:.\Generated_Source\PSoC5/BRAKE_ADC_INT.c ****     CY_ISR( BRAKE_ADC_ISR4)
 177:.\Generated_Source\PSoC5/BRAKE_ADC_INT.c ****     {
  78              		.loc 1 177 0
  79              		.cfi_startproc
  80              		@ args = 0, pretend = 0, frame = 0
  81              		@ frame_needed = 0, uses_anonymous_args = 0
  82              		@ link register save eliminated.
  83 0000 7047     		bx	lr
  84              		.cfi_endproc
  85              	.LFE3:
  86              		.size	BRAKE_ADC_ISR4, .-BRAKE_ADC_ISR4
  87 0002 00BF     		.text
  88              	.Letext0:
  89              		.section	.debug_info,"",%progbits
  90              	.Ldebug_info0:
  91 0000 C8000000 		.4byte	0xc8
  92 0004 0400     		.2byte	0x4
  93 0006 00000000 		.4byte	.Ldebug_abbrev0
  94 000a 04       		.byte	0x4
  95 000b 01       		.uleb128 0x1
  96 000c 7B000000 		.4byte	.LASF17
  97 0010 01       		.byte	0x1
  98 0011 0E000000 		.4byte	.LASF18
  99 0015 16010000 		.4byte	.LASF19
 100 0019 00000000 		.4byte	.Ldebug_ranges0+0
 101 001d 00000000 		.4byte	0
 102 0021 00000000 		.4byte	.Ldebug_line0
 103 0025 02       		.uleb128 0x2
 104 0026 01       		.byte	0x1
 105 0027 06       		.byte	0x6
 106 0028 6B010000 		.4byte	.LASF0
 107 002c 02       		.uleb128 0x2
 108 002d 01       		.byte	0x1
ARM GAS  C:\Users\mitchell\AppData\Local\Temp\ccLMBziH.s 			page 6


 109 002e 08       		.byte	0x8
 110 002f 6D000000 		.4byte	.LASF1
 111 0033 02       		.uleb128 0x2
 112 0034 02       		.byte	0x2
 113 0035 05       		.byte	0x5
 114 0036 05010000 		.4byte	.LASF2
 115 003a 02       		.uleb128 0x2
 116 003b 02       		.byte	0x2
 117 003c 07       		.byte	0x7
 118 003d 58010000 		.4byte	.LASF3
 119 0041 02       		.uleb128 0x2
 120 0042 04       		.byte	0x4
 121 0043 05       		.byte	0x5
 122 0044 FC000000 		.4byte	.LASF4
 123 0048 02       		.uleb128 0x2
 124 0049 04       		.byte	0x4
 125 004a 07       		.byte	0x7
 126 004b 44000000 		.4byte	.LASF5
 127 004f 02       		.uleb128 0x2
 128 0050 08       		.byte	0x8
 129 0051 05       		.byte	0x5
 130 0052 00000000 		.4byte	.LASF6
 131 0056 02       		.uleb128 0x2
 132 0057 08       		.byte	0x8
 133 0058 07       		.byte	0x7
 134 0059 56000000 		.4byte	.LASF7
 135 005d 03       		.uleb128 0x3
 136 005e 04       		.byte	0x4
 137 005f 05       		.byte	0x5
 138 0060 696E7400 		.ascii	"int\000"
 139 0064 02       		.uleb128 0x2
 140 0065 04       		.byte	0x4
 141 0066 07       		.byte	0x7
 142 0067 37000000 		.4byte	.LASF8
 143 006b 02       		.uleb128 0x2
 144 006c 04       		.byte	0x4
 145 006d 04       		.byte	0x4
 146 006e 77010000 		.4byte	.LASF9
 147 0072 02       		.uleb128 0x2
 148 0073 08       		.byte	0x8
 149 0074 04       		.byte	0x4
 150 0075 0F010000 		.4byte	.LASF10
 151 0079 02       		.uleb128 0x2
 152 007a 01       		.byte	0x1
 153 007b 08       		.byte	0x8
 154 007c F7000000 		.4byte	.LASF11
 155 0080 02       		.uleb128 0x2
 156 0081 04       		.byte	0x4
 157 0082 07       		.byte	0x7
 158 0083 B9010000 		.4byte	.LASF12
 159 0087 04       		.uleb128 0x4
 160 0088 7D010000 		.4byte	.LASF13
 161 008c 01       		.byte	0x1
 162 008d 33       		.byte	0x33
 163 008e 00000000 		.4byte	.LFB0
 164 0092 02000000 		.4byte	.LFE0-.LFB0
 165 0096 01       		.uleb128 0x1
ARM GAS  C:\Users\mitchell\AppData\Local\Temp\ccLMBziH.s 			page 7


 166 0097 9C       		.byte	0x9c
 167 0098 04       		.uleb128 0x4
 168 0099 8C010000 		.4byte	.LASF14
 169 009d 01       		.byte	0x1
 170 009e 5D       		.byte	0x5d
 171 009f 00000000 		.4byte	.LFB1
 172 00a3 02000000 		.4byte	.LFE1-.LFB1
 173 00a7 01       		.uleb128 0x1
 174 00a8 9C       		.byte	0x9c
 175 00a9 04       		.uleb128 0x4
 176 00aa 9B010000 		.4byte	.LASF15
 177 00ae 01       		.byte	0x1
 178 00af 87       		.byte	0x87
 179 00b0 00000000 		.4byte	.LFB2
 180 00b4 02000000 		.4byte	.LFE2-.LFB2
 181 00b8 01       		.uleb128 0x1
 182 00b9 9C       		.byte	0x9c
 183 00ba 04       		.uleb128 0x4
 184 00bb AA010000 		.4byte	.LASF16
 185 00bf 01       		.byte	0x1
 186 00c0 B0       		.byte	0xb0
 187 00c1 00000000 		.4byte	.LFB3
 188 00c5 02000000 		.4byte	.LFE3-.LFB3
 189 00c9 01       		.uleb128 0x1
 190 00ca 9C       		.byte	0x9c
 191 00cb 00       		.byte	0
 192              		.section	.debug_abbrev,"",%progbits
 193              	.Ldebug_abbrev0:
 194 0000 01       		.uleb128 0x1
 195 0001 11       		.uleb128 0x11
 196 0002 01       		.byte	0x1
 197 0003 25       		.uleb128 0x25
 198 0004 0E       		.uleb128 0xe
 199 0005 13       		.uleb128 0x13
 200 0006 0B       		.uleb128 0xb
 201 0007 03       		.uleb128 0x3
 202 0008 0E       		.uleb128 0xe
 203 0009 1B       		.uleb128 0x1b
 204 000a 0E       		.uleb128 0xe
 205 000b 55       		.uleb128 0x55
 206 000c 17       		.uleb128 0x17
 207 000d 11       		.uleb128 0x11
 208 000e 01       		.uleb128 0x1
 209 000f 10       		.uleb128 0x10
 210 0010 17       		.uleb128 0x17
 211 0011 00       		.byte	0
 212 0012 00       		.byte	0
 213 0013 02       		.uleb128 0x2
 214 0014 24       		.uleb128 0x24
 215 0015 00       		.byte	0
 216 0016 0B       		.uleb128 0xb
 217 0017 0B       		.uleb128 0xb
 218 0018 3E       		.uleb128 0x3e
 219 0019 0B       		.uleb128 0xb
 220 001a 03       		.uleb128 0x3
 221 001b 0E       		.uleb128 0xe
 222 001c 00       		.byte	0
ARM GAS  C:\Users\mitchell\AppData\Local\Temp\ccLMBziH.s 			page 8


 223 001d 00       		.byte	0
 224 001e 03       		.uleb128 0x3
 225 001f 24       		.uleb128 0x24
 226 0020 00       		.byte	0
 227 0021 0B       		.uleb128 0xb
 228 0022 0B       		.uleb128 0xb
 229 0023 3E       		.uleb128 0x3e
 230 0024 0B       		.uleb128 0xb
 231 0025 03       		.uleb128 0x3
 232 0026 08       		.uleb128 0x8
 233 0027 00       		.byte	0
 234 0028 00       		.byte	0
 235 0029 04       		.uleb128 0x4
 236 002a 2E       		.uleb128 0x2e
 237 002b 00       		.byte	0
 238 002c 3F       		.uleb128 0x3f
 239 002d 19       		.uleb128 0x19
 240 002e 03       		.uleb128 0x3
 241 002f 0E       		.uleb128 0xe
 242 0030 3A       		.uleb128 0x3a
 243 0031 0B       		.uleb128 0xb
 244 0032 3B       		.uleb128 0x3b
 245 0033 0B       		.uleb128 0xb
 246 0034 27       		.uleb128 0x27
 247 0035 19       		.uleb128 0x19
 248 0036 11       		.uleb128 0x11
 249 0037 01       		.uleb128 0x1
 250 0038 12       		.uleb128 0x12
 251 0039 06       		.uleb128 0x6
 252 003a 40       		.uleb128 0x40
 253 003b 18       		.uleb128 0x18
 254 003c 9742     		.uleb128 0x2117
 255 003e 19       		.uleb128 0x19
 256 003f 00       		.byte	0
 257 0040 00       		.byte	0
 258 0041 00       		.byte	0
 259              		.section	.debug_aranges,"",%progbits
 260 0000 34000000 		.4byte	0x34
 261 0004 0200     		.2byte	0x2
 262 0006 00000000 		.4byte	.Ldebug_info0
 263 000a 04       		.byte	0x4
 264 000b 00       		.byte	0
 265 000c 0000     		.2byte	0
 266 000e 0000     		.2byte	0
 267 0010 00000000 		.4byte	.LFB0
 268 0014 02000000 		.4byte	.LFE0-.LFB0
 269 0018 00000000 		.4byte	.LFB1
 270 001c 02000000 		.4byte	.LFE1-.LFB1
 271 0020 00000000 		.4byte	.LFB2
 272 0024 02000000 		.4byte	.LFE2-.LFB2
 273 0028 00000000 		.4byte	.LFB3
 274 002c 02000000 		.4byte	.LFE3-.LFB3
 275 0030 00000000 		.4byte	0
 276 0034 00000000 		.4byte	0
 277              		.section	.debug_ranges,"",%progbits
 278              	.Ldebug_ranges0:
 279 0000 00000000 		.4byte	.LFB0
ARM GAS  C:\Users\mitchell\AppData\Local\Temp\ccLMBziH.s 			page 9


 280 0004 02000000 		.4byte	.LFE0
 281 0008 00000000 		.4byte	.LFB1
 282 000c 02000000 		.4byte	.LFE1
 283 0010 00000000 		.4byte	.LFB2
 284 0014 02000000 		.4byte	.LFE2
 285 0018 00000000 		.4byte	.LFB3
 286 001c 02000000 		.4byte	.LFE3
 287 0020 00000000 		.4byte	0
 288 0024 00000000 		.4byte	0
 289              		.section	.debug_line,"",%progbits
 290              	.Ldebug_line0:
 291 0000 84000000 		.section	.debug_str,"MS",%progbits,1
 291      02003F00 
 291      00000201 
 291      FB0E0D00 
 291      01010101 
 292              	.LASF6:
 293 0000 6C6F6E67 		.ascii	"long long int\000"
 293      206C6F6E 
 293      6720696E 
 293      7400
 294              	.LASF18:
 295 000e 2E5C4765 		.ascii	".\\Generated_Source\\PSoC5\\BRAKE_ADC_INT.c\000"
 295      6E657261 
 295      7465645F 
 295      536F7572 
 295      63655C50 
 296              	.LASF8:
 297 0037 756E7369 		.ascii	"unsigned int\000"
 297      676E6564 
 297      20696E74 
 297      00
 298              	.LASF5:
 299 0044 6C6F6E67 		.ascii	"long unsigned int\000"
 299      20756E73 
 299      69676E65 
 299      6420696E 
 299      7400
 300              	.LASF7:
 301 0056 6C6F6E67 		.ascii	"long long unsigned int\000"
 301      206C6F6E 
 301      6720756E 
 301      7369676E 
 301      65642069 
 302              	.LASF1:
 303 006d 756E7369 		.ascii	"unsigned char\000"
 303      676E6564 
 303      20636861 
 303      7200
 304              	.LASF17:
 305 007b 474E5520 		.ascii	"GNU C 4.8.4 20140526 (release) [ARM/embedded-4_8-br"
 305      4320342E 
 305      382E3420 
 305      32303134 
 305      30353236 
 306 00ae 616E6368 		.ascii	"anch revision 211358] -mcpu=cortex-m3 -mthumb -g -O"
 306      20726576 
ARM GAS  C:\Users\mitchell\AppData\Local\Temp\ccLMBziH.s 			page 10


 306      6973696F 
 306      6E203231 
 306      31333538 
 307 00e1 67202D66 		.ascii	"g -ffunction-sections\000"
 307      66756E63 
 307      74696F6E 
 307      2D736563 
 307      74696F6E 
 308              	.LASF11:
 309 00f7 63686172 		.ascii	"char\000"
 309      00
 310              	.LASF4:
 311 00fc 6C6F6E67 		.ascii	"long int\000"
 311      20696E74 
 311      00
 312              	.LASF2:
 313 0105 73686F72 		.ascii	"short int\000"
 313      7420696E 
 313      7400
 314              	.LASF10:
 315 010f 646F7562 		.ascii	"double\000"
 315      6C6500
 316              	.LASF19:
 317 0116 433A5C55 		.ascii	"C:\\Users\\mitchell\\Documents\\fsae\\E-Throttle\\P"
 317      73657273 
 317      5C6D6974 
 317      6368656C 
 317      6C5C446F 
 318 0143 536F435C 		.ascii	"SoC\\E-Throttle.cydsn\000"
 318      452D5468 
 318      726F7474 
 318      6C652E63 
 318      7964736E 
 319              	.LASF3:
 320 0158 73686F72 		.ascii	"short unsigned int\000"
 320      7420756E 
 320      7369676E 
 320      65642069 
 320      6E7400
 321              	.LASF0:
 322 016b 7369676E 		.ascii	"signed char\000"
 322      65642063 
 322      68617200 
 323              	.LASF9:
 324 0177 666C6F61 		.ascii	"float\000"
 324      7400
 325              	.LASF13:
 326 017d 4252414B 		.ascii	"BRAKE_ADC_ISR1\000"
 326      455F4144 
 326      435F4953 
 326      523100
 327              	.LASF14:
 328 018c 4252414B 		.ascii	"BRAKE_ADC_ISR2\000"
 328      455F4144 
 328      435F4953 
 328      523200
 329              	.LASF15:
ARM GAS  C:\Users\mitchell\AppData\Local\Temp\ccLMBziH.s 			page 11


 330 019b 4252414B 		.ascii	"BRAKE_ADC_ISR3\000"
 330      455F4144 
 330      435F4953 
 330      523300
 331              	.LASF16:
 332 01aa 4252414B 		.ascii	"BRAKE_ADC_ISR4\000"
 332      455F4144 
 332      435F4953 
 332      523400
 333              	.LASF12:
 334 01b9 73697A65 		.ascii	"sizetype\000"
 334      74797065 
 334      00
 335              		.ident	"GCC: (GNU Tools for ARM Embedded Processors) 4.8.4 20140526 (release) [ARM/embedded-4_8-br
