ARM GAS  C:\Users\maxk\AppData\Local\Temp\cc0tjmBV.s 			page 1


   1              		.cpu cortex-m0
   2              		.fpu softvfp
   3              		.eabi_attribute 20, 1
   4              		.eabi_attribute 21, 1
   5              		.eabi_attribute 23, 3
   6              		.eabi_attribute 24, 1
   7              		.eabi_attribute 25, 1
   8              		.eabi_attribute 26, 1
   9              		.eabi_attribute 30, 6
  10              		.eabi_attribute 18, 4
  11              		.code	16
  12              		.file	"ADC_SAR_Seq_1_INT.c"
  13              		.section	.debug_abbrev,"",%progbits
  14              	.Ldebug_abbrev0:
  15              		.section	.debug_info,"",%progbits
  16              	.Ldebug_info0:
  17              		.section	.debug_line,"",%progbits
  18              	.Ldebug_line0:
  19 0000 84000000 		.text
  19      02006A00 
  19      00000201 
  19      FB0E0D00 
  19      01010101 
  20              	.Ltext0:
  21              		.cfi_sections	.debug_frame
  22              		.section	.text.ADC_SAR_Seq_1_ISR,"ax",%progbits
  23              		.align	2
  24              		.global	ADC_SAR_Seq_1_ISR
  25              		.code	16
  26              		.thumb_func
  27              		.type	ADC_SAR_Seq_1_ISR, %function
  28              	ADC_SAR_Seq_1_ISR:
  29              	.LFB0:
  30              		.file 1 ".\\Generated_Source\\PSoC4\\ADC_SAR_Seq_1_INT.c"
   1:.\Generated_Source\PSoC4/ADC_SAR_Seq_1_INT.c **** /*******************************************************************************
   2:.\Generated_Source\PSoC4/ADC_SAR_Seq_1_INT.c **** * File Name: ADC_SAR_Seq_1_INT.c
   3:.\Generated_Source\PSoC4/ADC_SAR_Seq_1_INT.c **** * Version 1.0
   4:.\Generated_Source\PSoC4/ADC_SAR_Seq_1_INT.c **** *
   5:.\Generated_Source\PSoC4/ADC_SAR_Seq_1_INT.c **** *  Description:
   6:.\Generated_Source\PSoC4/ADC_SAR_Seq_1_INT.c **** *    This file contains the code that operates during the ADC_SAR interrupt
   7:.\Generated_Source\PSoC4/ADC_SAR_Seq_1_INT.c **** *    service routine.
   8:.\Generated_Source\PSoC4/ADC_SAR_Seq_1_INT.c **** *
   9:.\Generated_Source\PSoC4/ADC_SAR_Seq_1_INT.c **** *   Note:
  10:.\Generated_Source\PSoC4/ADC_SAR_Seq_1_INT.c **** *
  11:.\Generated_Source\PSoC4/ADC_SAR_Seq_1_INT.c **** ********************************************************************************
  12:.\Generated_Source\PSoC4/ADC_SAR_Seq_1_INT.c **** * Copyright 2008-2013, Cypress Semiconductor Corporation.  All rights reserved.
  13:.\Generated_Source\PSoC4/ADC_SAR_Seq_1_INT.c **** * You may use this file only in accordance with the license, terms, conditions,
  14:.\Generated_Source\PSoC4/ADC_SAR_Seq_1_INT.c **** * disclaimers, and limitations in the end user license agreement accompanying
  15:.\Generated_Source\PSoC4/ADC_SAR_Seq_1_INT.c **** * the software package with which this file was provided.
  16:.\Generated_Source\PSoC4/ADC_SAR_Seq_1_INT.c **** *******************************************************************************/
  17:.\Generated_Source\PSoC4/ADC_SAR_Seq_1_INT.c **** 
  18:.\Generated_Source\PSoC4/ADC_SAR_Seq_1_INT.c **** #include "CyLib.h"
  19:.\Generated_Source\PSoC4/ADC_SAR_Seq_1_INT.c **** #include "ADC_SAR_Seq_1.h"
  20:.\Generated_Source\PSoC4/ADC_SAR_Seq_1_INT.c **** 
  21:.\Generated_Source\PSoC4/ADC_SAR_Seq_1_INT.c **** 
  22:.\Generated_Source\PSoC4/ADC_SAR_Seq_1_INT.c **** /******************************************************************************
  23:.\Generated_Source\PSoC4/ADC_SAR_Seq_1_INT.c **** * Custom Declarations and Variables
ARM GAS  C:\Users\maxk\AppData\Local\Temp\cc0tjmBV.s 			page 2


  24:.\Generated_Source\PSoC4/ADC_SAR_Seq_1_INT.c **** * - add user inlcude files, prototypes and variables between the following
  25:.\Generated_Source\PSoC4/ADC_SAR_Seq_1_INT.c **** *   #START and #END tags
  26:.\Generated_Source\PSoC4/ADC_SAR_Seq_1_INT.c **** ******************************************************************************/
  27:.\Generated_Source\PSoC4/ADC_SAR_Seq_1_INT.c **** /* `#START ADC_SYS_VAR`  */
  28:.\Generated_Source\PSoC4/ADC_SAR_Seq_1_INT.c **** 
  29:.\Generated_Source\PSoC4/ADC_SAR_Seq_1_INT.c **** /* `#END`  */
  30:.\Generated_Source\PSoC4/ADC_SAR_Seq_1_INT.c **** 
  31:.\Generated_Source\PSoC4/ADC_SAR_Seq_1_INT.c **** #if(ADC_SAR_Seq_1_IRQ_REMOVE == 0u)
  32:.\Generated_Source\PSoC4/ADC_SAR_Seq_1_INT.c **** 
  33:.\Generated_Source\PSoC4/ADC_SAR_Seq_1_INT.c **** 
  34:.\Generated_Source\PSoC4/ADC_SAR_Seq_1_INT.c ****     /******************************************************************************
  35:.\Generated_Source\PSoC4/ADC_SAR_Seq_1_INT.c ****     * Function Name: ADC_SAR_Seq_1_ISR
  36:.\Generated_Source\PSoC4/ADC_SAR_Seq_1_INT.c ****     *******************************************************************************
  37:.\Generated_Source\PSoC4/ADC_SAR_Seq_1_INT.c ****     *
  38:.\Generated_Source\PSoC4/ADC_SAR_Seq_1_INT.c ****     * Summary:
  39:.\Generated_Source\PSoC4/ADC_SAR_Seq_1_INT.c ****     *  Handle Interrupt Service Routine.
  40:.\Generated_Source\PSoC4/ADC_SAR_Seq_1_INT.c ****     *
  41:.\Generated_Source\PSoC4/ADC_SAR_Seq_1_INT.c ****     * Parameters:
  42:.\Generated_Source\PSoC4/ADC_SAR_Seq_1_INT.c ****     *  None.
  43:.\Generated_Source\PSoC4/ADC_SAR_Seq_1_INT.c ****     *
  44:.\Generated_Source\PSoC4/ADC_SAR_Seq_1_INT.c ****     * Return:
  45:.\Generated_Source\PSoC4/ADC_SAR_Seq_1_INT.c ****     *  None.
  46:.\Generated_Source\PSoC4/ADC_SAR_Seq_1_INT.c ****     *
  47:.\Generated_Source\PSoC4/ADC_SAR_Seq_1_INT.c ****     * Reentrant:
  48:.\Generated_Source\PSoC4/ADC_SAR_Seq_1_INT.c ****     *  No.
  49:.\Generated_Source\PSoC4/ADC_SAR_Seq_1_INT.c ****     *
  50:.\Generated_Source\PSoC4/ADC_SAR_Seq_1_INT.c ****     ******************************************************************************/
  51:.\Generated_Source\PSoC4/ADC_SAR_Seq_1_INT.c ****     CY_ISR( ADC_SAR_Seq_1_ISR )
  52:.\Generated_Source\PSoC4/ADC_SAR_Seq_1_INT.c ****     {
  31              		.loc 1 52 0
  32              		.cfi_startproc
  33 0000 80B5     		push	{r7, lr}
  34              	.LCFI0:
  35              		.cfi_def_cfa_offset 8
  36              		.cfi_offset 7, -8
  37              		.cfi_offset 14, -4
  38 0002 82B0     		sub	sp, sp, #8
  39              	.LCFI1:
  40              		.cfi_def_cfa_offset 16
  41 0004 00AF     		add	r7, sp, #0
  42              	.LCFI2:
  43              		.cfi_def_cfa_register 7
  53:.\Generated_Source\PSoC4/ADC_SAR_Seq_1_INT.c ****         uint32 intr_status;
  54:.\Generated_Source\PSoC4/ADC_SAR_Seq_1_INT.c **** 
  55:.\Generated_Source\PSoC4/ADC_SAR_Seq_1_INT.c ****         /* Rear interrupt status register */
  56:.\Generated_Source\PSoC4/ADC_SAR_Seq_1_INT.c ****         intr_status = ADC_SAR_Seq_1_SAR_INTR_REG;
  44              		.loc 1 56 0
  45 0006 044B     		ldr	r3, .L3
  46 0008 1B68     		ldr	r3, [r3]
  47 000a 7B60     		str	r3, [r7, #4]
  57:.\Generated_Source\PSoC4/ADC_SAR_Seq_1_INT.c **** 
  58:.\Generated_Source\PSoC4/ADC_SAR_Seq_1_INT.c ****         /************************************************************************
  59:.\Generated_Source\PSoC4/ADC_SAR_Seq_1_INT.c ****         *  Custom Code
  60:.\Generated_Source\PSoC4/ADC_SAR_Seq_1_INT.c ****         *  - add user ISR code between the following #START and #END tags
  61:.\Generated_Source\PSoC4/ADC_SAR_Seq_1_INT.c ****         *************************************************************************/
  62:.\Generated_Source\PSoC4/ADC_SAR_Seq_1_INT.c ****         /* `#START MAIN_ADC_ISR`  */
  63:.\Generated_Source\PSoC4/ADC_SAR_Seq_1_INT.c **** 
ARM GAS  C:\Users\maxk\AppData\Local\Temp\cc0tjmBV.s 			page 3


  64:.\Generated_Source\PSoC4/ADC_SAR_Seq_1_INT.c ****         /* `#END`  */
  65:.\Generated_Source\PSoC4/ADC_SAR_Seq_1_INT.c **** 
  66:.\Generated_Source\PSoC4/ADC_SAR_Seq_1_INT.c ****         /* Clear handled interrupt */
  67:.\Generated_Source\PSoC4/ADC_SAR_Seq_1_INT.c ****         ADC_SAR_Seq_1_SAR_INTR_REG = intr_status;
  48              		.loc 1 67 0
  49 000c 024B     		ldr	r3, .L3
  50 000e 7A68     		ldr	r2, [r7, #4]
  51 0010 1A60     		str	r2, [r3]
  68:.\Generated_Source\PSoC4/ADC_SAR_Seq_1_INT.c ****     }
  52              		.loc 1 68 0
  53 0012 BD46     		mov	sp, r7
  54 0014 02B0     		add	sp, sp, #8
  55              		@ sp needed for prologue
  56 0016 80BD     		pop	{r7, pc}
  57              	.L4:
  58              		.align	2
  59              	.L3:
  60 0018 10021A40 		.word	1075446288
  61              		.cfi_endproc
  62              	.LFE0:
  63              		.size	ADC_SAR_Seq_1_ISR, .-ADC_SAR_Seq_1_ISR
  64              		.text
  65              	.Letext0:
  66              		.section	.debug_loc,"",%progbits
  67              	.Ldebug_loc0:
  68              	.LLST0:
  69 0000 00000000 		.4byte	.LFB0
  70 0004 02000000 		.4byte	.LCFI0
  71 0008 0100     		.2byte	0x1
  72 000a 5D       		.byte	0x5d
  73 000b 02000000 		.4byte	.LCFI0
  74 000f 04000000 		.4byte	.LCFI1
  75 0013 0200     		.2byte	0x2
  76 0015 7D       		.byte	0x7d
  77 0016 08       		.sleb128 8
  78 0017 04000000 		.4byte	.LCFI1
  79 001b 06000000 		.4byte	.LCFI2
  80 001f 0200     		.2byte	0x2
  81 0021 7D       		.byte	0x7d
  82 0022 10       		.sleb128 16
  83 0023 06000000 		.4byte	.LCFI2
  84 0027 1C000000 		.4byte	.LFE0
  85 002b 0200     		.2byte	0x2
  86 002d 77       		.byte	0x77
  87 002e 10       		.sleb128 16
  88 002f 00000000 		.4byte	0x0
  89 0033 00000000 		.4byte	0x0
  90              		.file 2 ".\\Generated_Source\\PSoC4\\/cytypes.h"
  91              		.section	.debug_info
  92 0000 B3000000 		.4byte	0xb3
  93 0004 0200     		.2byte	0x2
  94 0006 00000000 		.4byte	.Ldebug_abbrev0
  95 000a 04       		.byte	0x4
  96 000b 01       		.uleb128 0x1
  97 000c F4000000 		.4byte	.LASF12
  98 0010 01       		.byte	0x1
  99 0011 BB000000 		.4byte	.LASF13
ARM GAS  C:\Users\maxk\AppData\Local\Temp\cc0tjmBV.s 			page 4


 100 0015 5D000000 		.4byte	.LASF14
 101 0019 00000000 		.4byte	0x0
 102 001d 00000000 		.4byte	0x0
 103 0021 00000000 		.4byte	.Ldebug_ranges0+0x0
 104 0025 00000000 		.4byte	.Ldebug_line0
 105 0029 02       		.uleb128 0x2
 106 002a 01       		.byte	0x1
 107 002b 06       		.byte	0x6
 108 002c 36010000 		.4byte	.LASF0
 109 0030 02       		.uleb128 0x2
 110 0031 01       		.byte	0x1
 111 0032 08       		.byte	0x8
 112 0033 00010000 		.4byte	.LASF1
 113 0037 02       		.uleb128 0x2
 114 0038 02       		.byte	0x2
 115 0039 05       		.byte	0x5
 116 003a 48010000 		.4byte	.LASF2
 117 003e 02       		.uleb128 0x2
 118 003f 02       		.byte	0x2
 119 0040 07       		.byte	0x7
 120 0041 23010000 		.4byte	.LASF3
 121 0045 02       		.uleb128 0x2
 122 0046 04       		.byte	0x4
 123 0047 05       		.byte	0x5
 124 0048 13010000 		.4byte	.LASF4
 125 004c 02       		.uleb128 0x2
 126 004d 04       		.byte	0x4
 127 004e 07       		.byte	0x7
 128 004f 34000000 		.4byte	.LASF5
 129 0053 02       		.uleb128 0x2
 130 0054 08       		.byte	0x8
 131 0055 05       		.byte	0x5
 132 0056 00000000 		.4byte	.LASF6
 133 005a 02       		.uleb128 0x2
 134 005b 08       		.byte	0x8
 135 005c 07       		.byte	0x7
 136 005d 46000000 		.4byte	.LASF7
 137 0061 03       		.uleb128 0x3
 138 0062 04       		.byte	0x4
 139 0063 05       		.byte	0x5
 140 0064 696E7400 		.ascii	"int\000"
 141 0068 02       		.uleb128 0x2
 142 0069 04       		.byte	0x4
 143 006a 07       		.byte	0x7
 144 006b 15000000 		.4byte	.LASF8
 145 006f 04       		.uleb128 0x4
 146 0070 0E000000 		.4byte	.LASF15
 147 0074 02       		.byte	0x2
 148 0075 4E       		.byte	0x4e
 149 0076 4C000000 		.4byte	0x4c
 150 007a 02       		.uleb128 0x2
 151 007b 04       		.byte	0x4
 152 007c 04       		.byte	0x4
 153 007d 42010000 		.4byte	.LASF9
 154 0081 02       		.uleb128 0x2
 155 0082 08       		.byte	0x8
 156 0083 04       		.byte	0x4
ARM GAS  C:\Users\maxk\AppData\Local\Temp\cc0tjmBV.s 			page 5


 157 0084 1C010000 		.4byte	.LASF10
 158 0088 02       		.uleb128 0x2
 159 0089 01       		.byte	0x1
 160 008a 08       		.byte	0x8
 161 008b 0E010000 		.4byte	.LASF11
 162 008f 05       		.uleb128 0x5
 163 0090 04       		.byte	0x4
 164 0091 07       		.byte	0x7
 165 0092 06       		.uleb128 0x6
 166 0093 01       		.byte	0x1
 167 0094 22000000 		.4byte	.LASF16
 168 0098 01       		.byte	0x1
 169 0099 33       		.byte	0x33
 170 009a 01       		.byte	0x1
 171 009b 00000000 		.4byte	.LFB0
 172 009f 1C000000 		.4byte	.LFE0
 173 00a3 00000000 		.4byte	.LLST0
 174 00a7 07       		.uleb128 0x7
 175 00a8 E8000000 		.4byte	.LASF17
 176 00ac 01       		.byte	0x1
 177 00ad 35       		.byte	0x35
 178 00ae 6F000000 		.4byte	0x6f
 179 00b2 02       		.byte	0x2
 180 00b3 91       		.byte	0x91
 181 00b4 74       		.sleb128 -12
 182 00b5 00       		.byte	0x0
 183 00b6 00       		.byte	0x0
 184              		.section	.debug_abbrev
 185 0000 01       		.uleb128 0x1
 186 0001 11       		.uleb128 0x11
 187 0002 01       		.byte	0x1
 188 0003 25       		.uleb128 0x25
 189 0004 0E       		.uleb128 0xe
 190 0005 13       		.uleb128 0x13
 191 0006 0B       		.uleb128 0xb
 192 0007 03       		.uleb128 0x3
 193 0008 0E       		.uleb128 0xe
 194 0009 1B       		.uleb128 0x1b
 195 000a 0E       		.uleb128 0xe
 196 000b 11       		.uleb128 0x11
 197 000c 01       		.uleb128 0x1
 198 000d 52       		.uleb128 0x52
 199 000e 01       		.uleb128 0x1
 200 000f 55       		.uleb128 0x55
 201 0010 06       		.uleb128 0x6
 202 0011 10       		.uleb128 0x10
 203 0012 06       		.uleb128 0x6
 204 0013 00       		.byte	0x0
 205 0014 00       		.byte	0x0
 206 0015 02       		.uleb128 0x2
 207 0016 24       		.uleb128 0x24
 208 0017 00       		.byte	0x0
 209 0018 0B       		.uleb128 0xb
 210 0019 0B       		.uleb128 0xb
 211 001a 3E       		.uleb128 0x3e
 212 001b 0B       		.uleb128 0xb
 213 001c 03       		.uleb128 0x3
ARM GAS  C:\Users\maxk\AppData\Local\Temp\cc0tjmBV.s 			page 6


 214 001d 0E       		.uleb128 0xe
 215 001e 00       		.byte	0x0
 216 001f 00       		.byte	0x0
 217 0020 03       		.uleb128 0x3
 218 0021 24       		.uleb128 0x24
 219 0022 00       		.byte	0x0
 220 0023 0B       		.uleb128 0xb
 221 0024 0B       		.uleb128 0xb
 222 0025 3E       		.uleb128 0x3e
 223 0026 0B       		.uleb128 0xb
 224 0027 03       		.uleb128 0x3
 225 0028 08       		.uleb128 0x8
 226 0029 00       		.byte	0x0
 227 002a 00       		.byte	0x0
 228 002b 04       		.uleb128 0x4
 229 002c 16       		.uleb128 0x16
 230 002d 00       		.byte	0x0
 231 002e 03       		.uleb128 0x3
 232 002f 0E       		.uleb128 0xe
 233 0030 3A       		.uleb128 0x3a
 234 0031 0B       		.uleb128 0xb
 235 0032 3B       		.uleb128 0x3b
 236 0033 0B       		.uleb128 0xb
 237 0034 49       		.uleb128 0x49
 238 0035 13       		.uleb128 0x13
 239 0036 00       		.byte	0x0
 240 0037 00       		.byte	0x0
 241 0038 05       		.uleb128 0x5
 242 0039 24       		.uleb128 0x24
 243 003a 00       		.byte	0x0
 244 003b 0B       		.uleb128 0xb
 245 003c 0B       		.uleb128 0xb
 246 003d 3E       		.uleb128 0x3e
 247 003e 0B       		.uleb128 0xb
 248 003f 00       		.byte	0x0
 249 0040 00       		.byte	0x0
 250 0041 06       		.uleb128 0x6
 251 0042 2E       		.uleb128 0x2e
 252 0043 01       		.byte	0x1
 253 0044 3F       		.uleb128 0x3f
 254 0045 0C       		.uleb128 0xc
 255 0046 03       		.uleb128 0x3
 256 0047 0E       		.uleb128 0xe
 257 0048 3A       		.uleb128 0x3a
 258 0049 0B       		.uleb128 0xb
 259 004a 3B       		.uleb128 0x3b
 260 004b 0B       		.uleb128 0xb
 261 004c 27       		.uleb128 0x27
 262 004d 0C       		.uleb128 0xc
 263 004e 11       		.uleb128 0x11
 264 004f 01       		.uleb128 0x1
 265 0050 12       		.uleb128 0x12
 266 0051 01       		.uleb128 0x1
 267 0052 40       		.uleb128 0x40
 268 0053 06       		.uleb128 0x6
 269 0054 00       		.byte	0x0
 270 0055 00       		.byte	0x0
ARM GAS  C:\Users\maxk\AppData\Local\Temp\cc0tjmBV.s 			page 7


 271 0056 07       		.uleb128 0x7
 272 0057 34       		.uleb128 0x34
 273 0058 00       		.byte	0x0
 274 0059 03       		.uleb128 0x3
 275 005a 0E       		.uleb128 0xe
 276 005b 3A       		.uleb128 0x3a
 277 005c 0B       		.uleb128 0xb
 278 005d 3B       		.uleb128 0x3b
 279 005e 0B       		.uleb128 0xb
 280 005f 49       		.uleb128 0x49
 281 0060 13       		.uleb128 0x13
 282 0061 02       		.uleb128 0x2
 283 0062 0A       		.uleb128 0xa
 284 0063 00       		.byte	0x0
 285 0064 00       		.byte	0x0
 286 0065 00       		.byte	0x0
 287              		.section	.debug_pubnames,"",%progbits
 288 0000 24000000 		.4byte	0x24
 289 0004 0200     		.2byte	0x2
 290 0006 00000000 		.4byte	.Ldebug_info0
 291 000a B7000000 		.4byte	0xb7
 292 000e 92000000 		.4byte	0x92
 293 0012 4144435F 		.ascii	"ADC_SAR_Seq_1_ISR\000"
 293      5341525F 
 293      5365715F 
 293      315F4953 
 293      5200
 294 0024 00000000 		.4byte	0x0
 295              		.section	.debug_aranges,"",%progbits
 296 0000 1C000000 		.4byte	0x1c
 297 0004 0200     		.2byte	0x2
 298 0006 00000000 		.4byte	.Ldebug_info0
 299 000a 04       		.byte	0x4
 300 000b 00       		.byte	0x0
 301 000c 0000     		.2byte	0x0
 302 000e 0000     		.2byte	0x0
 303 0010 00000000 		.4byte	.LFB0
 304 0014 1C000000 		.4byte	.LFE0-.LFB0
 305 0018 00000000 		.4byte	0x0
 306 001c 00000000 		.4byte	0x0
 307              		.section	.debug_ranges,"",%progbits
 308              	.Ldebug_ranges0:
 309 0000 00000000 		.4byte	.Ltext0
 310 0004 00000000 		.4byte	.Letext0
 311 0008 00000000 		.4byte	.LFB0
 312 000c 1C000000 		.4byte	.LFE0
 313 0010 00000000 		.4byte	0x0
 314 0014 00000000 		.4byte	0x0
 315              		.section	.debug_str,"MS",%progbits,1
 316              	.LASF6:
 317 0000 6C6F6E67 		.ascii	"long long int\000"
 317      206C6F6E 
 317      6720696E 
 317      7400
 318              	.LASF15:
 319 000e 75696E74 		.ascii	"uint32\000"
 319      333200
ARM GAS  C:\Users\maxk\AppData\Local\Temp\cc0tjmBV.s 			page 8


 320              	.LASF8:
 321 0015 756E7369 		.ascii	"unsigned int\000"
 321      676E6564 
 321      20696E74 
 321      00
 322              	.LASF16:
 323 0022 4144435F 		.ascii	"ADC_SAR_Seq_1_ISR\000"
 323      5341525F 
 323      5365715F 
 323      315F4953 
 323      5200
 324              	.LASF5:
 325 0034 6C6F6E67 		.ascii	"long unsigned int\000"
 325      20756E73 
 325      69676E65 
 325      6420696E 
 325      7400
 326              	.LASF7:
 327 0046 6C6F6E67 		.ascii	"long long unsigned int\000"
 327      206C6F6E 
 327      6720756E 
 327      7369676E 
 327      65642069 
 328              	.LASF14:
 329 005d 433A5C55 		.ascii	"C:\\Users\\maxk\\Desktop\\PSoC 4A\\FAE Workshop\\La"
 329      73657273 
 329      5C6D6178 
 329      6B5C4465 
 329      736B746F 
 330 008a 62205072 		.ascii	"b Projects\\Lab working directory\\Lab 4 ADC.cydsn\000"
 330      6F6A6563 
 330      74735C4C 
 330      61622077 
 330      6F726B69 
 331              	.LASF13:
 332 00bb 2E5C4765 		.ascii	".\\Generated_Source\\PSoC4\\ADC_SAR_Seq_1_INT.c\000"
 332      6E657261 
 332      7465645F 
 332      536F7572 
 332      63655C50 
 333              	.LASF17:
 334 00e8 696E7472 		.ascii	"intr_status\000"
 334      5F737461 
 334      74757300 
 335              	.LASF12:
 336 00f4 474E5520 		.ascii	"GNU C 4.4.1\000"
 336      4320342E 
 336      342E3100 
 337              	.LASF1:
 338 0100 756E7369 		.ascii	"unsigned char\000"
 338      676E6564 
 338      20636861 
 338      7200
 339              	.LASF11:
 340 010e 63686172 		.ascii	"char\000"
 340      00
 341              	.LASF4:
ARM GAS  C:\Users\maxk\AppData\Local\Temp\cc0tjmBV.s 			page 9


 342 0113 6C6F6E67 		.ascii	"long int\000"
 342      20696E74 
 342      00
 343              	.LASF10:
 344 011c 646F7562 		.ascii	"double\000"
 344      6C6500
 345              	.LASF3:
 346 0123 73686F72 		.ascii	"short unsigned int\000"
 346      7420756E 
 346      7369676E 
 346      65642069 
 346      6E7400
 347              	.LASF0:
 348 0136 7369676E 		.ascii	"signed char\000"
 348      65642063 
 348      68617200 
 349              	.LASF9:
 350 0142 666C6F61 		.ascii	"float\000"
 350      7400
 351              	.LASF2:
 352 0148 73686F72 		.ascii	"short int\000"
 352      7420696E 
 352      7400
 353              		.ident	"GCC: (Sourcery G++ Lite 2010q1-188) 4.4.1"
