ARM GAS  C:\Users\mitchell\AppData\Local\Temp\ccJ23Swe.s 			page 1


   1              		.cpu cortex-m0
   2              		.fpu softvfp
   3              		.eabi_attribute 20, 1
   4              		.eabi_attribute 21, 1
   5              		.eabi_attribute 23, 3
   6              		.eabi_attribute 24, 1
   7              		.eabi_attribute 25, 1
   8              		.eabi_attribute 26, 1
   9              		.eabi_attribute 30, 6
  10              		.eabi_attribute 34, 0
  11              		.eabi_attribute 18, 4
  12              		.code	16
  13              		.file	"Opamp_1.c"
  14              		.text
  15              	.Ltext0:
  16              		.cfi_sections	.debug_frame
  17              		.global	Opamp_1_initVar
  18              		.bss
  19              		.type	Opamp_1_initVar, %object
  20              		.size	Opamp_1_initVar, 1
  21              	Opamp_1_initVar:
  22 0000 00       		.space	1
  23 0001 000000   		.align	2
  24              	Opamp_1_internalPower:
  25 0004 00000000 		.space	4
  26              		.section	.text.Opamp_1_Init,"ax",%progbits
  27              		.align	2
  28              		.global	Opamp_1_Init
  29              		.code	16
  30              		.thumb_func
  31              		.type	Opamp_1_Init, %function
  32              	Opamp_1_Init:
  33              	.LFB0:
  34              		.file 1 ".\\Generated_Source\\PSoC4\\Opamp_1.c"
   1:.\Generated_Source\PSoC4/Opamp_1.c **** /*******************************************************************************
   2:.\Generated_Source\PSoC4/Opamp_1.c **** * File Name: Opamp_1.c
   3:.\Generated_Source\PSoC4/Opamp_1.c **** * Version 1.10
   4:.\Generated_Source\PSoC4/Opamp_1.c **** *
   5:.\Generated_Source\PSoC4/Opamp_1.c **** * Description:
   6:.\Generated_Source\PSoC4/Opamp_1.c **** *  This file provides the source code to the API for the Opamp (Analog Buffer)
   7:.\Generated_Source\PSoC4/Opamp_1.c **** *  Component.
   8:.\Generated_Source\PSoC4/Opamp_1.c **** *
   9:.\Generated_Source\PSoC4/Opamp_1.c **** *
  10:.\Generated_Source\PSoC4/Opamp_1.c **** ********************************************************************************
  11:.\Generated_Source\PSoC4/Opamp_1.c **** * Copyright 2013-2014, Cypress Semiconductor Corporation.  All rights reserved.
  12:.\Generated_Source\PSoC4/Opamp_1.c **** * You may use this file only in accordance with the license, terms, conditions,
  13:.\Generated_Source\PSoC4/Opamp_1.c **** * disclaimers, and limitations in the end user license agreement accompanying
  14:.\Generated_Source\PSoC4/Opamp_1.c **** * the software package with which this file was provided.
  15:.\Generated_Source\PSoC4/Opamp_1.c **** *******************************************************************************/
  16:.\Generated_Source\PSoC4/Opamp_1.c **** 
  17:.\Generated_Source\PSoC4/Opamp_1.c **** #include "Opamp_1.h"
  18:.\Generated_Source\PSoC4/Opamp_1.c **** 
  19:.\Generated_Source\PSoC4/Opamp_1.c **** uint8 Opamp_1_initVar = 0u; /* Defines if component was initialized */
  20:.\Generated_Source\PSoC4/Opamp_1.c **** static uint32 Opamp_1_internalPower = 0u; /* Defines component Power value */
  21:.\Generated_Source\PSoC4/Opamp_1.c **** 
  22:.\Generated_Source\PSoC4/Opamp_1.c **** 
  23:.\Generated_Source\PSoC4/Opamp_1.c **** /*******************************************************************************
ARM GAS  C:\Users\mitchell\AppData\Local\Temp\ccJ23Swe.s 			page 2


  24:.\Generated_Source\PSoC4/Opamp_1.c **** * Function Name: Opamp_1_Init
  25:.\Generated_Source\PSoC4/Opamp_1.c **** ********************************************************************************
  26:.\Generated_Source\PSoC4/Opamp_1.c **** *
  27:.\Generated_Source\PSoC4/Opamp_1.c **** * Summary:
  28:.\Generated_Source\PSoC4/Opamp_1.c **** *  Initializes or restores the component according to the customizer Configure 
  29:.\Generated_Source\PSoC4/Opamp_1.c **** *  dialog settings. It is not necessary to call Init() because the Start() API 
  30:.\Generated_Source\PSoC4/Opamp_1.c **** *  calls this function and is the preferred method to begin the component operation.
  31:.\Generated_Source\PSoC4/Opamp_1.c **** *
  32:.\Generated_Source\PSoC4/Opamp_1.c **** * Parameters:
  33:.\Generated_Source\PSoC4/Opamp_1.c **** *  None
  34:.\Generated_Source\PSoC4/Opamp_1.c **** *
  35:.\Generated_Source\PSoC4/Opamp_1.c **** * Return:
  36:.\Generated_Source\PSoC4/Opamp_1.c **** *  None
  37:.\Generated_Source\PSoC4/Opamp_1.c **** *
  38:.\Generated_Source\PSoC4/Opamp_1.c **** *******************************************************************************/
  39:.\Generated_Source\PSoC4/Opamp_1.c **** void Opamp_1_Init(void)
  40:.\Generated_Source\PSoC4/Opamp_1.c **** {
  35              		.loc 1 40 0
  36              		.cfi_startproc
  37 0000 80B5     		push	{r7, lr}
  38              		.cfi_def_cfa_offset 8
  39              		.cfi_offset 7, -8
  40              		.cfi_offset 14, -4
  41 0002 00AF     		add	r7, sp, #0
  42              		.cfi_def_cfa_register 7
  41:.\Generated_Source\PSoC4/Opamp_1.c ****     Opamp_1_internalPower = Opamp_1_POWER;
  43              		.loc 1 41 0
  44 0004 074B     		ldr	r3, .L2
  45 0006 0322     		mov	r2, #3
  46 0008 1A60     		str	r2, [r3]
  42:.\Generated_Source\PSoC4/Opamp_1.c ****     Opamp_1_CTB_CTRL_REG = Opamp_1_DEFAULT_CTB_CTRL;
  47              		.loc 1 42 0
  48 000a 074B     		ldr	r3, .L2+4
  49 000c 8022     		mov	r2, #128
  50 000e 1206     		lsl	r2, r2, #24
  51 0010 1A60     		str	r2, [r3]
  43:.\Generated_Source\PSoC4/Opamp_1.c ****     Opamp_1_OA_RES_CTRL_REG = Opamp_1_DEFAULT_OA_RES_CTRL;
  52              		.loc 1 43 0
  53 0012 064B     		ldr	r3, .L2+8
  54 0014 0422     		mov	r2, #4
  55 0016 1A60     		str	r2, [r3]
  44:.\Generated_Source\PSoC4/Opamp_1.c ****     Opamp_1_OA_COMP_TRIM_REG = Opamp_1_DEFAULT_OA_COMP_TRIM_REG;
  56              		.loc 1 44 0
  57 0018 054B     		ldr	r3, .L2+12
  58 001a 0322     		mov	r2, #3
  59 001c 1A60     		str	r2, [r3]
  45:.\Generated_Source\PSoC4/Opamp_1.c **** }
  60              		.loc 1 45 0
  61 001e BD46     		mov	sp, r7
  62              		@ sp needed
  63 0020 80BD     		pop	{r7, pc}
  64              	.L3:
  65 0022 C046     		.align	2
  66              	.L2:
  67 0024 04000000 		.word	Opamp_1_internalPower
  68 0028 00001040 		.word	1074790400
  69 002c 04001040 		.word	1074790404
ARM GAS  C:\Users\mitchell\AppData\Local\Temp\ccJ23Swe.s 			page 3


  70 0030 080F1040 		.word	1074794248
  71              		.cfi_endproc
  72              	.LFE0:
  73              		.size	Opamp_1_Init, .-Opamp_1_Init
  74              		.section	.text.Opamp_1_Enable,"ax",%progbits
  75              		.align	2
  76              		.global	Opamp_1_Enable
  77              		.code	16
  78              		.thumb_func
  79              		.type	Opamp_1_Enable, %function
  80              	Opamp_1_Enable:
  81              	.LFB1:
  46:.\Generated_Source\PSoC4/Opamp_1.c **** 
  47:.\Generated_Source\PSoC4/Opamp_1.c **** 
  48:.\Generated_Source\PSoC4/Opamp_1.c **** /*******************************************************************************
  49:.\Generated_Source\PSoC4/Opamp_1.c **** * Function Name: Opamp_1_Enable
  50:.\Generated_Source\PSoC4/Opamp_1.c **** ********************************************************************************
  51:.\Generated_Source\PSoC4/Opamp_1.c **** *
  52:.\Generated_Source\PSoC4/Opamp_1.c **** * Summary:
  53:.\Generated_Source\PSoC4/Opamp_1.c **** *  Activates the hardware and begins the component operation. It is not necessary to 
  54:.\Generated_Source\PSoC4/Opamp_1.c **** *  call Enable() because the Start() API calls this function, which is the 
  55:.\Generated_Source\PSoC4/Opamp_1.c **** *  preferred method to begin the component operation.
  56:.\Generated_Source\PSoC4/Opamp_1.c **** *
  57:.\Generated_Source\PSoC4/Opamp_1.c **** * Parameters:
  58:.\Generated_Source\PSoC4/Opamp_1.c **** *  None
  59:.\Generated_Source\PSoC4/Opamp_1.c **** *
  60:.\Generated_Source\PSoC4/Opamp_1.c **** * Return:
  61:.\Generated_Source\PSoC4/Opamp_1.c **** *  None
  62:.\Generated_Source\PSoC4/Opamp_1.c **** *
  63:.\Generated_Source\PSoC4/Opamp_1.c **** *******************************************************************************/
  64:.\Generated_Source\PSoC4/Opamp_1.c **** void Opamp_1_Enable(void)
  65:.\Generated_Source\PSoC4/Opamp_1.c **** {
  82              		.loc 1 65 0
  83              		.cfi_startproc
  84 0000 80B5     		push	{r7, lr}
  85              		.cfi_def_cfa_offset 8
  86              		.cfi_offset 7, -8
  87              		.cfi_offset 14, -4
  88 0002 00AF     		add	r7, sp, #0
  89              		.cfi_def_cfa_register 7
  66:.\Generated_Source\PSoC4/Opamp_1.c ****     Opamp_1_OA_RES_CTRL_REG |= Opamp_1_internalPower | \
  90              		.loc 1 66 0
  91 0004 054B     		ldr	r3, .L5
  92 0006 054A     		ldr	r2, .L5
  93 0008 1168     		ldr	r1, [r2]
  94 000a 054A     		ldr	r2, .L5+4
  95 000c 1268     		ldr	r2, [r2]
  96 000e 0A43     		orr	r2, r1
  97 0010 8021     		mov	r1, #128
  98 0012 0901     		lsl	r1, r1, #4
  99 0014 0A43     		orr	r2, r1
 100 0016 1A60     		str	r2, [r3]
  67:.\Generated_Source\PSoC4/Opamp_1.c ****                                         Opamp_1_OA_PUMP_EN;
  68:.\Generated_Source\PSoC4/Opamp_1.c **** }
 101              		.loc 1 68 0
 102 0018 BD46     		mov	sp, r7
 103              		@ sp needed
ARM GAS  C:\Users\mitchell\AppData\Local\Temp\ccJ23Swe.s 			page 4


 104 001a 80BD     		pop	{r7, pc}
 105              	.L6:
 106              		.align	2
 107              	.L5:
 108 001c 04001040 		.word	1074790404
 109 0020 04000000 		.word	Opamp_1_internalPower
 110              		.cfi_endproc
 111              	.LFE1:
 112              		.size	Opamp_1_Enable, .-Opamp_1_Enable
 113              		.section	.text.Opamp_1_Start,"ax",%progbits
 114              		.align	2
 115              		.global	Opamp_1_Start
 116              		.code	16
 117              		.thumb_func
 118              		.type	Opamp_1_Start, %function
 119              	Opamp_1_Start:
 120              	.LFB2:
  69:.\Generated_Source\PSoC4/Opamp_1.c **** 
  70:.\Generated_Source\PSoC4/Opamp_1.c **** 
  71:.\Generated_Source\PSoC4/Opamp_1.c **** /*******************************************************************************
  72:.\Generated_Source\PSoC4/Opamp_1.c **** * Function Name: Opamp_1_Start
  73:.\Generated_Source\PSoC4/Opamp_1.c **** ********************************************************************************
  74:.\Generated_Source\PSoC4/Opamp_1.c **** *
  75:.\Generated_Source\PSoC4/Opamp_1.c **** * Summary:
  76:.\Generated_Source\PSoC4/Opamp_1.c **** *  Performs all of the required initialization for the component and enables power 
  77:.\Generated_Source\PSoC4/Opamp_1.c **** *  to the block. The first time the routine is executed, the Power level, Mode, 
  78:.\Generated_Source\PSoC4/Opamp_1.c **** *  and Output mode are set. When called to restart the Opamp following a Stop() call, 
  79:.\Generated_Source\PSoC4/Opamp_1.c **** *  the current component parameter settings are retained.
  80:.\Generated_Source\PSoC4/Opamp_1.c **** *
  81:.\Generated_Source\PSoC4/Opamp_1.c **** * Parameters:
  82:.\Generated_Source\PSoC4/Opamp_1.c **** *  None
  83:.\Generated_Source\PSoC4/Opamp_1.c **** *
  84:.\Generated_Source\PSoC4/Opamp_1.c **** * Return:
  85:.\Generated_Source\PSoC4/Opamp_1.c **** *  None
  86:.\Generated_Source\PSoC4/Opamp_1.c **** *
  87:.\Generated_Source\PSoC4/Opamp_1.c **** * Global variables:
  88:.\Generated_Source\PSoC4/Opamp_1.c **** *  Opamp_1_initVar: Used to check the initial configuration, modified
  89:.\Generated_Source\PSoC4/Opamp_1.c **** *  when this function is called for the first time.
  90:.\Generated_Source\PSoC4/Opamp_1.c **** *
  91:.\Generated_Source\PSoC4/Opamp_1.c **** *******************************************************************************/
  92:.\Generated_Source\PSoC4/Opamp_1.c **** void Opamp_1_Start(void)
  93:.\Generated_Source\PSoC4/Opamp_1.c **** {
 121              		.loc 1 93 0
 122              		.cfi_startproc
 123 0000 80B5     		push	{r7, lr}
 124              		.cfi_def_cfa_offset 8
 125              		.cfi_offset 7, -8
 126              		.cfi_offset 14, -4
 127 0002 00AF     		add	r7, sp, #0
 128              		.cfi_def_cfa_register 7
  94:.\Generated_Source\PSoC4/Opamp_1.c ****     if( 0u == Opamp_1_initVar)
 129              		.loc 1 94 0
 130 0004 064B     		ldr	r3, .L9
 131 0006 1B78     		ldrb	r3, [r3]
 132 0008 002B     		cmp	r3, #0
 133 000a 04D1     		bne	.L8
  95:.\Generated_Source\PSoC4/Opamp_1.c ****     {
ARM GAS  C:\Users\mitchell\AppData\Local\Temp\ccJ23Swe.s 			page 5


  96:.\Generated_Source\PSoC4/Opamp_1.c ****         Opamp_1_Init();
 134              		.loc 1 96 0
 135 000c FFF7FEFF 		bl	Opamp_1_Init
  97:.\Generated_Source\PSoC4/Opamp_1.c ****         Opamp_1_initVar = 1u;
 136              		.loc 1 97 0
 137 0010 034B     		ldr	r3, .L9
 138 0012 0122     		mov	r2, #1
 139 0014 1A70     		strb	r2, [r3]
 140              	.L8:
  98:.\Generated_Source\PSoC4/Opamp_1.c ****     }
  99:.\Generated_Source\PSoC4/Opamp_1.c ****     Opamp_1_Enable();
 141              		.loc 1 99 0
 142 0016 FFF7FEFF 		bl	Opamp_1_Enable
 100:.\Generated_Source\PSoC4/Opamp_1.c **** }
 143              		.loc 1 100 0
 144 001a BD46     		mov	sp, r7
 145              		@ sp needed
 146 001c 80BD     		pop	{r7, pc}
 147              	.L10:
 148 001e C046     		.align	2
 149              	.L9:
 150 0020 00000000 		.word	Opamp_1_initVar
 151              		.cfi_endproc
 152              	.LFE2:
 153              		.size	Opamp_1_Start, .-Opamp_1_Start
 154              		.section	.text.Opamp_1_Stop,"ax",%progbits
 155              		.align	2
 156              		.global	Opamp_1_Stop
 157              		.code	16
 158              		.thumb_func
 159              		.type	Opamp_1_Stop, %function
 160              	Opamp_1_Stop:
 161              	.LFB3:
 101:.\Generated_Source\PSoC4/Opamp_1.c **** 
 102:.\Generated_Source\PSoC4/Opamp_1.c **** 
 103:.\Generated_Source\PSoC4/Opamp_1.c **** /*******************************************************************************
 104:.\Generated_Source\PSoC4/Opamp_1.c **** * Function Name: Opamp_1_Stop
 105:.\Generated_Source\PSoC4/Opamp_1.c **** ********************************************************************************
 106:.\Generated_Source\PSoC4/Opamp_1.c **** *
 107:.\Generated_Source\PSoC4/Opamp_1.c **** * Summary:
 108:.\Generated_Source\PSoC4/Opamp_1.c **** *  Turn off the Opamp block.
 109:.\Generated_Source\PSoC4/Opamp_1.c **** *
 110:.\Generated_Source\PSoC4/Opamp_1.c **** * Parameters:
 111:.\Generated_Source\PSoC4/Opamp_1.c **** *  None
 112:.\Generated_Source\PSoC4/Opamp_1.c **** *
 113:.\Generated_Source\PSoC4/Opamp_1.c **** * Return:
 114:.\Generated_Source\PSoC4/Opamp_1.c **** *  None
 115:.\Generated_Source\PSoC4/Opamp_1.c **** *
 116:.\Generated_Source\PSoC4/Opamp_1.c **** *******************************************************************************/
 117:.\Generated_Source\PSoC4/Opamp_1.c **** void Opamp_1_Stop(void)
 118:.\Generated_Source\PSoC4/Opamp_1.c **** {
 162              		.loc 1 118 0
 163              		.cfi_startproc
 164 0000 80B5     		push	{r7, lr}
 165              		.cfi_def_cfa_offset 8
 166              		.cfi_offset 7, -8
 167              		.cfi_offset 14, -4
ARM GAS  C:\Users\mitchell\AppData\Local\Temp\ccJ23Swe.s 			page 6


 168 0002 00AF     		add	r7, sp, #0
 169              		.cfi_def_cfa_register 7
 119:.\Generated_Source\PSoC4/Opamp_1.c ****     Opamp_1_OA_RES_CTRL_REG &= ((uint32)~(Opamp_1_OA_PWR_MODE_MASK | \
 170              		.loc 1 119 0
 171 0004 034B     		ldr	r3, .L12
 172 0006 034A     		ldr	r2, .L12
 173 0008 1168     		ldr	r1, [r2]
 174 000a 034A     		ldr	r2, .L12+4
 175 000c 0A40     		and	r2, r1
 176 000e 1A60     		str	r2, [r3]
 120:.\Generated_Source\PSoC4/Opamp_1.c ****                                                    Opamp_1_OA_PUMP_EN));
 121:.\Generated_Source\PSoC4/Opamp_1.c **** }
 177              		.loc 1 121 0
 178 0010 BD46     		mov	sp, r7
 179              		@ sp needed
 180 0012 80BD     		pop	{r7, pc}
 181              	.L13:
 182              		.align	2
 183              	.L12:
 184 0014 04001040 		.word	1074790404
 185 0018 FCF7FFFF 		.word	-2052
 186              		.cfi_endproc
 187              	.LFE3:
 188              		.size	Opamp_1_Stop, .-Opamp_1_Stop
 189              		.section	.text.Opamp_1_SetPower,"ax",%progbits
 190              		.align	2
 191              		.global	Opamp_1_SetPower
 192              		.code	16
 193              		.thumb_func
 194              		.type	Opamp_1_SetPower, %function
 195              	Opamp_1_SetPower:
 196              	.LFB4:
 122:.\Generated_Source\PSoC4/Opamp_1.c **** 
 123:.\Generated_Source\PSoC4/Opamp_1.c **** 
 124:.\Generated_Source\PSoC4/Opamp_1.c **** /*******************************************************************************
 125:.\Generated_Source\PSoC4/Opamp_1.c **** * Function Name: Opamp_1_SetPower
 126:.\Generated_Source\PSoC4/Opamp_1.c **** ********************************************************************************
 127:.\Generated_Source\PSoC4/Opamp_1.c **** *
 128:.\Generated_Source\PSoC4/Opamp_1.c **** * Summary:
 129:.\Generated_Source\PSoC4/Opamp_1.c **** *  Sets the Opamp to one of the three power levels.
 130:.\Generated_Source\PSoC4/Opamp_1.c **** *
 131:.\Generated_Source\PSoC4/Opamp_1.c **** * Parameters:
 132:.\Generated_Source\PSoC4/Opamp_1.c **** *  power: power levels.
 133:.\Generated_Source\PSoC4/Opamp_1.c **** *   Opamp_1_LOW_POWER - Lowest active power
 134:.\Generated_Source\PSoC4/Opamp_1.c **** *   Opamp_1_MED_POWER - Medium power
 135:.\Generated_Source\PSoC4/Opamp_1.c **** *   Opamp_1_HIGH_POWER - Highest active power
 136:.\Generated_Source\PSoC4/Opamp_1.c **** *
 137:.\Generated_Source\PSoC4/Opamp_1.c **** * Return:
 138:.\Generated_Source\PSoC4/Opamp_1.c **** *  None
 139:.\Generated_Source\PSoC4/Opamp_1.c **** *
 140:.\Generated_Source\PSoC4/Opamp_1.c **** **********************************************************************************/
 141:.\Generated_Source\PSoC4/Opamp_1.c **** void Opamp_1_SetPower(uint32 power)
 142:.\Generated_Source\PSoC4/Opamp_1.c **** {
 197              		.loc 1 142 0
 198              		.cfi_startproc
 199 0000 80B5     		push	{r7, lr}
 200              		.cfi_def_cfa_offset 8
ARM GAS  C:\Users\mitchell\AppData\Local\Temp\ccJ23Swe.s 			page 7


 201              		.cfi_offset 7, -8
 202              		.cfi_offset 14, -4
 203 0002 84B0     		sub	sp, sp, #16
 204              		.cfi_def_cfa_offset 24
 205 0004 00AF     		add	r7, sp, #0
 206              		.cfi_def_cfa_register 7
 207 0006 7860     		str	r0, [r7, #4]
 143:.\Generated_Source\PSoC4/Opamp_1.c ****     uint32 tmp;
 144:.\Generated_Source\PSoC4/Opamp_1.c ****     
 145:.\Generated_Source\PSoC4/Opamp_1.c ****     Opamp_1_internalPower = Opamp_1_GET_OA_PWR_MODE(power);
 208              		.loc 1 145 0
 209 0008 7A68     		ldr	r2, [r7, #4]
 210 000a 0323     		mov	r3, #3
 211 000c 1A40     		and	r2, r3
 212 000e 084B     		ldr	r3, .L15
 213 0010 1A60     		str	r2, [r3]
 146:.\Generated_Source\PSoC4/Opamp_1.c ****     tmp = Opamp_1_OA_RES_CTRL_REG & \
 214              		.loc 1 146 0
 215 0012 084B     		ldr	r3, .L15+4
 216 0014 1B68     		ldr	r3, [r3]
 217 0016 0322     		mov	r2, #3
 218 0018 9343     		bic	r3, r2
 219 001a FB60     		str	r3, [r7, #12]
 147:.\Generated_Source\PSoC4/Opamp_1.c ****            (uint32)~Opamp_1_OA_PWR_MODE_MASK;
 148:.\Generated_Source\PSoC4/Opamp_1.c ****     Opamp_1_OA_RES_CTRL_REG = tmp | Opamp_1_internalPower;
 220              		.loc 1 148 0
 221 001c 054B     		ldr	r3, .L15+4
 222 001e 044A     		ldr	r2, .L15
 223 0020 1168     		ldr	r1, [r2]
 224 0022 FA68     		ldr	r2, [r7, #12]
 225 0024 0A43     		orr	r2, r1
 226 0026 1A60     		str	r2, [r3]
 149:.\Generated_Source\PSoC4/Opamp_1.c **** }
 227              		.loc 1 149 0
 228 0028 BD46     		mov	sp, r7
 229 002a 04B0     		add	sp, sp, #16
 230              		@ sp needed
 231 002c 80BD     		pop	{r7, pc}
 232              	.L16:
 233 002e C046     		.align	2
 234              	.L15:
 235 0030 04000000 		.word	Opamp_1_internalPower
 236 0034 04001040 		.word	1074790404
 237              		.cfi_endproc
 238              	.LFE4:
 239              		.size	Opamp_1_SetPower, .-Opamp_1_SetPower
 240              		.section	.text.Opamp_1_PumpControl,"ax",%progbits
 241              		.align	2
 242              		.global	Opamp_1_PumpControl
 243              		.code	16
 244              		.thumb_func
 245              		.type	Opamp_1_PumpControl, %function
 246              	Opamp_1_PumpControl:
 247              	.LFB5:
 150:.\Generated_Source\PSoC4/Opamp_1.c **** 
 151:.\Generated_Source\PSoC4/Opamp_1.c **** 
 152:.\Generated_Source\PSoC4/Opamp_1.c **** /*******************************************************************************
ARM GAS  C:\Users\mitchell\AppData\Local\Temp\ccJ23Swe.s 			page 8


 153:.\Generated_Source\PSoC4/Opamp_1.c **** * Function Name: Opamp_1_PumpControl
 154:.\Generated_Source\PSoC4/Opamp_1.c **** ********************************************************************************
 155:.\Generated_Source\PSoC4/Opamp_1.c **** *
 156:.\Generated_Source\PSoC4/Opamp_1.c **** * Summary:
 157:.\Generated_Source\PSoC4/Opamp_1.c **** *  Allows the user to turn the Opamp's boost pump on or off. By Default the Start() 
 158:.\Generated_Source\PSoC4/Opamp_1.c **** *  function turns on the pump. Use this API to turn it off. The boost must be 
 159:.\Generated_Source\PSoC4/Opamp_1.c **** *  turned on when the supply is less than 2.7 volts and off if the supply is more 
 160:.\Generated_Source\PSoC4/Opamp_1.c **** *  than 4 volts.
 161:.\Generated_Source\PSoC4/Opamp_1.c **** *
 162:.\Generated_Source\PSoC4/Opamp_1.c **** * Parameters:
 163:.\Generated_Source\PSoC4/Opamp_1.c **** *  onOff: Control the pump.
 164:.\Generated_Source\PSoC4/Opamp_1.c **** *   Opamp_1_PUMP_OFF - Turn off the pump
 165:.\Generated_Source\PSoC4/Opamp_1.c **** *   Opamp_1_PUMP_ON - Turn on the pump
 166:.\Generated_Source\PSoC4/Opamp_1.c **** *
 167:.\Generated_Source\PSoC4/Opamp_1.c **** * Return:
 168:.\Generated_Source\PSoC4/Opamp_1.c **** *  None
 169:.\Generated_Source\PSoC4/Opamp_1.c **** *
 170:.\Generated_Source\PSoC4/Opamp_1.c **** **********************************************************************************/
 171:.\Generated_Source\PSoC4/Opamp_1.c **** void Opamp_1_PumpControl(uint32 onOff)
 172:.\Generated_Source\PSoC4/Opamp_1.c **** {
 248              		.loc 1 172 0
 249              		.cfi_startproc
 250 0000 80B5     		push	{r7, lr}
 251              		.cfi_def_cfa_offset 8
 252              		.cfi_offset 7, -8
 253              		.cfi_offset 14, -4
 254 0002 82B0     		sub	sp, sp, #8
 255              		.cfi_def_cfa_offset 16
 256 0004 00AF     		add	r7, sp, #0
 257              		.cfi_def_cfa_register 7
 258 0006 7860     		str	r0, [r7, #4]
 173:.\Generated_Source\PSoC4/Opamp_1.c ****     
 174:.\Generated_Source\PSoC4/Opamp_1.c ****     if(0u != onOff)
 259              		.loc 1 174 0
 260 0008 7B68     		ldr	r3, [r7, #4]
 261 000a 002B     		cmp	r3, #0
 262 000c 07D0     		beq	.L18
 175:.\Generated_Source\PSoC4/Opamp_1.c ****     {
 176:.\Generated_Source\PSoC4/Opamp_1.c ****         Opamp_1_OA_RES_CTRL |= Opamp_1_OA_PUMP_EN;    
 263              		.loc 1 176 0
 264 000e 084B     		ldr	r3, .L20
 265 0010 074A     		ldr	r2, .L20
 266 0012 1268     		ldr	r2, [r2]
 267 0014 8021     		mov	r1, #128
 268 0016 0901     		lsl	r1, r1, #4
 269 0018 0A43     		orr	r2, r1
 270 001a 1A60     		str	r2, [r3]
 271 001c 05E0     		b	.L17
 272              	.L18:
 177:.\Generated_Source\PSoC4/Opamp_1.c ****     }
 178:.\Generated_Source\PSoC4/Opamp_1.c ****     else
 179:.\Generated_Source\PSoC4/Opamp_1.c ****     {
 180:.\Generated_Source\PSoC4/Opamp_1.c ****         Opamp_1_OA_RES_CTRL &= (uint32)~Opamp_1_OA_PUMP_EN;
 273              		.loc 1 180 0
 274 001e 044B     		ldr	r3, .L20
 275 0020 034A     		ldr	r2, .L20
 276 0022 1168     		ldr	r1, [r2]
ARM GAS  C:\Users\mitchell\AppData\Local\Temp\ccJ23Swe.s 			page 9


 277 0024 034A     		ldr	r2, .L20+4
 278 0026 0A40     		and	r2, r1
 279 0028 1A60     		str	r2, [r3]
 280              	.L17:
 181:.\Generated_Source\PSoC4/Opamp_1.c ****     }
 182:.\Generated_Source\PSoC4/Opamp_1.c **** }
 281              		.loc 1 182 0
 282 002a BD46     		mov	sp, r7
 283 002c 02B0     		add	sp, sp, #8
 284              		@ sp needed
 285 002e 80BD     		pop	{r7, pc}
 286              	.L21:
 287              		.align	2
 288              	.L20:
 289 0030 04001040 		.word	1074790404
 290 0034 FFF7FFFF 		.word	-2049
 291              		.cfi_endproc
 292              	.LFE5:
 293              		.size	Opamp_1_PumpControl, .-Opamp_1_PumpControl
 294              		.text
 295              	.Letext0:
 296              		.file 2 ".\\Generated_Source\\PSoC4\\cytypes.h"
 297              		.section	.debug_info,"",%progbits
 298              	.Ldebug_info0:
 299 0000 60010000 		.4byte	0x160
 300 0004 0400     		.2byte	0x4
 301 0006 00000000 		.4byte	.Ldebug_abbrev0
 302 000a 04       		.byte	0x4
 303 000b 01       		.uleb128 0x1
 304 000c 27010000 		.4byte	.LASF24
 305 0010 01       		.byte	0x1
 306 0011 D9000000 		.4byte	.LASF25
 307 0015 06000000 		.4byte	.LASF26
 308 0019 00000000 		.4byte	.Ldebug_ranges0+0
 309 001d 00000000 		.4byte	0
 310 0021 00000000 		.4byte	.Ldebug_line0
 311 0025 02       		.uleb128 0x2
 312 0026 01       		.byte	0x1
 313 0027 06       		.byte	0x6
 314 0028 01020000 		.4byte	.LASF0
 315 002c 02       		.uleb128 0x2
 316 002d 01       		.byte	0x1
 317 002e 08       		.byte	0x8
 318 002f 8A000000 		.4byte	.LASF1
 319 0033 02       		.uleb128 0x2
 320 0034 02       		.byte	0x2
 321 0035 05       		.byte	0x5
 322 0036 E8010000 		.4byte	.LASF2
 323 003a 02       		.uleb128 0x2
 324 003b 02       		.byte	0x2
 325 003c 07       		.byte	0x7
 326 003d B0000000 		.4byte	.LASF3
 327 0041 02       		.uleb128 0x2
 328 0042 04       		.byte	0x4
 329 0043 05       		.byte	0x5
 330 0044 F8010000 		.4byte	.LASF4
 331 0048 02       		.uleb128 0x2
ARM GAS  C:\Users\mitchell\AppData\Local\Temp\ccJ23Swe.s 			page 10


 332 0049 04       		.byte	0x4
 333 004a 07       		.byte	0x7
 334 004b 9E000000 		.4byte	.LASF5
 335 004f 02       		.uleb128 0x2
 336 0050 08       		.byte	0x8
 337 0051 05       		.byte	0x5
 338 0052 C1010000 		.4byte	.LASF6
 339 0056 02       		.uleb128 0x2
 340 0057 08       		.byte	0x8
 341 0058 07       		.byte	0x7
 342 0059 73000000 		.4byte	.LASF7
 343 005d 03       		.uleb128 0x3
 344 005e 04       		.byte	0x4
 345 005f 05       		.byte	0x5
 346 0060 696E7400 		.ascii	"int\000"
 347 0064 02       		.uleb128 0x2
 348 0065 04       		.byte	0x4
 349 0066 07       		.byte	0x7
 350 0067 1A010000 		.4byte	.LASF8
 351 006b 04       		.uleb128 0x4
 352 006c F2010000 		.4byte	.LASF9
 353 0070 02       		.byte	0x2
 354 0071 C1       		.byte	0xc1
 355 0072 2C000000 		.4byte	0x2c
 356 0076 04       		.uleb128 0x4
 357 0077 13010000 		.4byte	.LASF10
 358 007b 02       		.byte	0x2
 359 007c C3       		.byte	0xc3
 360 007d 48000000 		.4byte	0x48
 361 0081 02       		.uleb128 0x2
 362 0082 04       		.byte	0x4
 363 0083 04       		.byte	0x4
 364 0084 6D000000 		.4byte	.LASF11
 365 0088 02       		.uleb128 0x2
 366 0089 08       		.byte	0x8
 367 008a 04       		.byte	0x4
 368 008b FC000000 		.4byte	.LASF12
 369 008f 02       		.uleb128 0x2
 370 0090 01       		.byte	0x1
 371 0091 08       		.byte	0x8
 372 0092 CF010000 		.4byte	.LASF13
 373 0096 05       		.uleb128 0x5
 374 0097 00000000 		.4byte	.LASF14
 375 009b 02       		.byte	0x2
 376 009c 6D01     		.2byte	0x16d
 377 009e A2000000 		.4byte	0xa2
 378 00a2 06       		.uleb128 0x6
 379 00a3 76000000 		.4byte	0x76
 380 00a7 07       		.uleb128 0x7
 381 00a8 60000000 		.4byte	.LASF15
 382 00ac 01       		.byte	0x1
 383 00ad 27       		.byte	0x27
 384 00ae 00000000 		.4byte	.LFB0
 385 00b2 34000000 		.4byte	.LFE0-.LFB0
 386 00b6 01       		.uleb128 0x1
 387 00b7 9C       		.byte	0x9c
 388 00b8 07       		.uleb128 0x7
ARM GAS  C:\Users\mitchell\AppData\Local\Temp\ccJ23Swe.s 			page 11


 389 00b9 0D020000 		.4byte	.LASF16
 390 00bd 01       		.byte	0x1
 391 00be 40       		.byte	0x40
 392 00bf 00000000 		.4byte	.LFB1
 393 00c3 24000000 		.4byte	.LFE1-.LFB1
 394 00c7 01       		.uleb128 0x1
 395 00c8 9C       		.byte	0x9c
 396 00c9 08       		.uleb128 0x8
 397 00ca 4C000000 		.4byte	.LASF17
 398 00ce 01       		.byte	0x1
 399 00cf 5C       		.byte	0x5c
 400 00d0 00000000 		.4byte	.LFB2
 401 00d4 24000000 		.4byte	.LFE2-.LFB2
 402 00d8 01       		.uleb128 0x1
 403 00d9 9C       		.byte	0x9c
 404 00da 07       		.uleb128 0x7
 405 00db B4010000 		.4byte	.LASF18
 406 00df 01       		.byte	0x1
 407 00e0 75       		.byte	0x75
 408 00e1 00000000 		.4byte	.LFB3
 409 00e5 1C000000 		.4byte	.LFE3-.LFB3
 410 00e9 01       		.uleb128 0x1
 411 00ea 9C       		.byte	0x9c
 412 00eb 09       		.uleb128 0x9
 413 00ec A3010000 		.4byte	.LASF19
 414 00f0 01       		.byte	0x1
 415 00f1 8D       		.byte	0x8d
 416 00f2 00000000 		.4byte	.LFB4
 417 00f6 38000000 		.4byte	.LFE4-.LFB4
 418 00fa 01       		.uleb128 0x1
 419 00fb 9C       		.byte	0x9c
 420 00fc 1D010000 		.4byte	0x11d
 421 0100 0A       		.uleb128 0xa
 422 0101 5A000000 		.4byte	.LASF21
 423 0105 01       		.byte	0x1
 424 0106 8D       		.byte	0x8d
 425 0107 76000000 		.4byte	0x76
 426 010b 02       		.uleb128 0x2
 427 010c 91       		.byte	0x91
 428 010d 6C       		.sleb128 -20
 429 010e 0B       		.uleb128 0xb
 430 010f 746D7000 		.ascii	"tmp\000"
 431 0113 01       		.byte	0x1
 432 0114 8F       		.byte	0x8f
 433 0115 76000000 		.4byte	0x76
 434 0119 02       		.uleb128 0x2
 435 011a 91       		.byte	0x91
 436 011b 74       		.sleb128 -12
 437 011c 00       		.byte	0
 438 011d 09       		.uleb128 0x9
 439 011e D4010000 		.4byte	.LASF20
 440 0122 01       		.byte	0x1
 441 0123 AB       		.byte	0xab
 442 0124 00000000 		.4byte	.LFB5
 443 0128 38000000 		.4byte	.LFE5-.LFB5
 444 012c 01       		.uleb128 0x1
 445 012d 9C       		.byte	0x9c
ARM GAS  C:\Users\mitchell\AppData\Local\Temp\ccJ23Swe.s 			page 12


 446 012e 41010000 		.4byte	0x141
 447 0132 0A       		.uleb128 0xa
 448 0133 98000000 		.4byte	.LASF22
 449 0137 01       		.byte	0x1
 450 0138 AB       		.byte	0xab
 451 0139 76000000 		.4byte	0x76
 452 013d 02       		.uleb128 0x2
 453 013e 91       		.byte	0x91
 454 013f 74       		.sleb128 -12
 455 0140 00       		.byte	0
 456 0141 0C       		.uleb128 0xc
 457 0142 C3000000 		.4byte	.LASF23
 458 0146 01       		.byte	0x1
 459 0147 14       		.byte	0x14
 460 0148 76000000 		.4byte	0x76
 461 014c 05       		.uleb128 0x5
 462 014d 03       		.byte	0x3
 463 014e 04000000 		.4byte	Opamp_1_internalPower
 464 0152 0D       		.uleb128 0xd
 465 0153 03010000 		.4byte	.LASF27
 466 0157 01       		.byte	0x1
 467 0158 13       		.byte	0x13
 468 0159 6B000000 		.4byte	0x6b
 469 015d 05       		.uleb128 0x5
 470 015e 03       		.byte	0x3
 471 015f 00000000 		.4byte	Opamp_1_initVar
 472 0163 00       		.byte	0
 473              		.section	.debug_abbrev,"",%progbits
 474              	.Ldebug_abbrev0:
 475 0000 01       		.uleb128 0x1
 476 0001 11       		.uleb128 0x11
 477 0002 01       		.byte	0x1
 478 0003 25       		.uleb128 0x25
 479 0004 0E       		.uleb128 0xe
 480 0005 13       		.uleb128 0x13
 481 0006 0B       		.uleb128 0xb
 482 0007 03       		.uleb128 0x3
 483 0008 0E       		.uleb128 0xe
 484 0009 1B       		.uleb128 0x1b
 485 000a 0E       		.uleb128 0xe
 486 000b 55       		.uleb128 0x55
 487 000c 17       		.uleb128 0x17
 488 000d 11       		.uleb128 0x11
 489 000e 01       		.uleb128 0x1
 490 000f 10       		.uleb128 0x10
 491 0010 17       		.uleb128 0x17
 492 0011 00       		.byte	0
 493 0012 00       		.byte	0
 494 0013 02       		.uleb128 0x2
 495 0014 24       		.uleb128 0x24
 496 0015 00       		.byte	0
 497 0016 0B       		.uleb128 0xb
 498 0017 0B       		.uleb128 0xb
 499 0018 3E       		.uleb128 0x3e
 500 0019 0B       		.uleb128 0xb
 501 001a 03       		.uleb128 0x3
 502 001b 0E       		.uleb128 0xe
ARM GAS  C:\Users\mitchell\AppData\Local\Temp\ccJ23Swe.s 			page 13


 503 001c 00       		.byte	0
 504 001d 00       		.byte	0
 505 001e 03       		.uleb128 0x3
 506 001f 24       		.uleb128 0x24
 507 0020 00       		.byte	0
 508 0021 0B       		.uleb128 0xb
 509 0022 0B       		.uleb128 0xb
 510 0023 3E       		.uleb128 0x3e
 511 0024 0B       		.uleb128 0xb
 512 0025 03       		.uleb128 0x3
 513 0026 08       		.uleb128 0x8
 514 0027 00       		.byte	0
 515 0028 00       		.byte	0
 516 0029 04       		.uleb128 0x4
 517 002a 16       		.uleb128 0x16
 518 002b 00       		.byte	0
 519 002c 03       		.uleb128 0x3
 520 002d 0E       		.uleb128 0xe
 521 002e 3A       		.uleb128 0x3a
 522 002f 0B       		.uleb128 0xb
 523 0030 3B       		.uleb128 0x3b
 524 0031 0B       		.uleb128 0xb
 525 0032 49       		.uleb128 0x49
 526 0033 13       		.uleb128 0x13
 527 0034 00       		.byte	0
 528 0035 00       		.byte	0
 529 0036 05       		.uleb128 0x5
 530 0037 16       		.uleb128 0x16
 531 0038 00       		.byte	0
 532 0039 03       		.uleb128 0x3
 533 003a 0E       		.uleb128 0xe
 534 003b 3A       		.uleb128 0x3a
 535 003c 0B       		.uleb128 0xb
 536 003d 3B       		.uleb128 0x3b
 537 003e 05       		.uleb128 0x5
 538 003f 49       		.uleb128 0x49
 539 0040 13       		.uleb128 0x13
 540 0041 00       		.byte	0
 541 0042 00       		.byte	0
 542 0043 06       		.uleb128 0x6
 543 0044 35       		.uleb128 0x35
 544 0045 00       		.byte	0
 545 0046 49       		.uleb128 0x49
 546 0047 13       		.uleb128 0x13
 547 0048 00       		.byte	0
 548 0049 00       		.byte	0
 549 004a 07       		.uleb128 0x7
 550 004b 2E       		.uleb128 0x2e
 551 004c 00       		.byte	0
 552 004d 3F       		.uleb128 0x3f
 553 004e 19       		.uleb128 0x19
 554 004f 03       		.uleb128 0x3
 555 0050 0E       		.uleb128 0xe
 556 0051 3A       		.uleb128 0x3a
 557 0052 0B       		.uleb128 0xb
 558 0053 3B       		.uleb128 0x3b
 559 0054 0B       		.uleb128 0xb
ARM GAS  C:\Users\mitchell\AppData\Local\Temp\ccJ23Swe.s 			page 14


 560 0055 27       		.uleb128 0x27
 561 0056 19       		.uleb128 0x19
 562 0057 11       		.uleb128 0x11
 563 0058 01       		.uleb128 0x1
 564 0059 12       		.uleb128 0x12
 565 005a 06       		.uleb128 0x6
 566 005b 40       		.uleb128 0x40
 567 005c 18       		.uleb128 0x18
 568 005d 9742     		.uleb128 0x2117
 569 005f 19       		.uleb128 0x19
 570 0060 00       		.byte	0
 571 0061 00       		.byte	0
 572 0062 08       		.uleb128 0x8
 573 0063 2E       		.uleb128 0x2e
 574 0064 00       		.byte	0
 575 0065 3F       		.uleb128 0x3f
 576 0066 19       		.uleb128 0x19
 577 0067 03       		.uleb128 0x3
 578 0068 0E       		.uleb128 0xe
 579 0069 3A       		.uleb128 0x3a
 580 006a 0B       		.uleb128 0xb
 581 006b 3B       		.uleb128 0x3b
 582 006c 0B       		.uleb128 0xb
 583 006d 27       		.uleb128 0x27
 584 006e 19       		.uleb128 0x19
 585 006f 11       		.uleb128 0x11
 586 0070 01       		.uleb128 0x1
 587 0071 12       		.uleb128 0x12
 588 0072 06       		.uleb128 0x6
 589 0073 40       		.uleb128 0x40
 590 0074 18       		.uleb128 0x18
 591 0075 9642     		.uleb128 0x2116
 592 0077 19       		.uleb128 0x19
 593 0078 00       		.byte	0
 594 0079 00       		.byte	0
 595 007a 09       		.uleb128 0x9
 596 007b 2E       		.uleb128 0x2e
 597 007c 01       		.byte	0x1
 598 007d 3F       		.uleb128 0x3f
 599 007e 19       		.uleb128 0x19
 600 007f 03       		.uleb128 0x3
 601 0080 0E       		.uleb128 0xe
 602 0081 3A       		.uleb128 0x3a
 603 0082 0B       		.uleb128 0xb
 604 0083 3B       		.uleb128 0x3b
 605 0084 0B       		.uleb128 0xb
 606 0085 27       		.uleb128 0x27
 607 0086 19       		.uleb128 0x19
 608 0087 11       		.uleb128 0x11
 609 0088 01       		.uleb128 0x1
 610 0089 12       		.uleb128 0x12
 611 008a 06       		.uleb128 0x6
 612 008b 40       		.uleb128 0x40
 613 008c 18       		.uleb128 0x18
 614 008d 9742     		.uleb128 0x2117
 615 008f 19       		.uleb128 0x19
 616 0090 01       		.uleb128 0x1
ARM GAS  C:\Users\mitchell\AppData\Local\Temp\ccJ23Swe.s 			page 15


 617 0091 13       		.uleb128 0x13
 618 0092 00       		.byte	0
 619 0093 00       		.byte	0
 620 0094 0A       		.uleb128 0xa
 621 0095 05       		.uleb128 0x5
 622 0096 00       		.byte	0
 623 0097 03       		.uleb128 0x3
 624 0098 0E       		.uleb128 0xe
 625 0099 3A       		.uleb128 0x3a
 626 009a 0B       		.uleb128 0xb
 627 009b 3B       		.uleb128 0x3b
 628 009c 0B       		.uleb128 0xb
 629 009d 49       		.uleb128 0x49
 630 009e 13       		.uleb128 0x13
 631 009f 02       		.uleb128 0x2
 632 00a0 18       		.uleb128 0x18
 633 00a1 00       		.byte	0
 634 00a2 00       		.byte	0
 635 00a3 0B       		.uleb128 0xb
 636 00a4 34       		.uleb128 0x34
 637 00a5 00       		.byte	0
 638 00a6 03       		.uleb128 0x3
 639 00a7 08       		.uleb128 0x8
 640 00a8 3A       		.uleb128 0x3a
 641 00a9 0B       		.uleb128 0xb
 642 00aa 3B       		.uleb128 0x3b
 643 00ab 0B       		.uleb128 0xb
 644 00ac 49       		.uleb128 0x49
 645 00ad 13       		.uleb128 0x13
 646 00ae 02       		.uleb128 0x2
 647 00af 18       		.uleb128 0x18
 648 00b0 00       		.byte	0
 649 00b1 00       		.byte	0
 650 00b2 0C       		.uleb128 0xc
 651 00b3 34       		.uleb128 0x34
 652 00b4 00       		.byte	0
 653 00b5 03       		.uleb128 0x3
 654 00b6 0E       		.uleb128 0xe
 655 00b7 3A       		.uleb128 0x3a
 656 00b8 0B       		.uleb128 0xb
 657 00b9 3B       		.uleb128 0x3b
 658 00ba 0B       		.uleb128 0xb
 659 00bb 49       		.uleb128 0x49
 660 00bc 13       		.uleb128 0x13
 661 00bd 02       		.uleb128 0x2
 662 00be 18       		.uleb128 0x18
 663 00bf 00       		.byte	0
 664 00c0 00       		.byte	0
 665 00c1 0D       		.uleb128 0xd
 666 00c2 34       		.uleb128 0x34
 667 00c3 00       		.byte	0
 668 00c4 03       		.uleb128 0x3
 669 00c5 0E       		.uleb128 0xe
 670 00c6 3A       		.uleb128 0x3a
 671 00c7 0B       		.uleb128 0xb
 672 00c8 3B       		.uleb128 0x3b
 673 00c9 0B       		.uleb128 0xb
ARM GAS  C:\Users\mitchell\AppData\Local\Temp\ccJ23Swe.s 			page 16


 674 00ca 49       		.uleb128 0x49
 675 00cb 13       		.uleb128 0x13
 676 00cc 3F       		.uleb128 0x3f
 677 00cd 19       		.uleb128 0x19
 678 00ce 02       		.uleb128 0x2
 679 00cf 18       		.uleb128 0x18
 680 00d0 00       		.byte	0
 681 00d1 00       		.byte	0
 682 00d2 00       		.byte	0
 683              		.section	.debug_aranges,"",%progbits
 684 0000 44000000 		.4byte	0x44
 685 0004 0200     		.2byte	0x2
 686 0006 00000000 		.4byte	.Ldebug_info0
 687 000a 04       		.byte	0x4
 688 000b 00       		.byte	0
 689 000c 0000     		.2byte	0
 690 000e 0000     		.2byte	0
 691 0010 00000000 		.4byte	.LFB0
 692 0014 34000000 		.4byte	.LFE0-.LFB0
 693 0018 00000000 		.4byte	.LFB1
 694 001c 24000000 		.4byte	.LFE1-.LFB1
 695 0020 00000000 		.4byte	.LFB2
 696 0024 24000000 		.4byte	.LFE2-.LFB2
 697 0028 00000000 		.4byte	.LFB3
 698 002c 1C000000 		.4byte	.LFE3-.LFB3
 699 0030 00000000 		.4byte	.LFB4
 700 0034 38000000 		.4byte	.LFE4-.LFB4
 701 0038 00000000 		.4byte	.LFB5
 702 003c 38000000 		.4byte	.LFE5-.LFB5
 703 0040 00000000 		.4byte	0
 704 0044 00000000 		.4byte	0
 705              		.section	.debug_ranges,"",%progbits
 706              	.Ldebug_ranges0:
 707 0000 00000000 		.4byte	.LFB0
 708 0004 34000000 		.4byte	.LFE0
 709 0008 00000000 		.4byte	.LFB1
 710 000c 24000000 		.4byte	.LFE1
 711 0010 00000000 		.4byte	.LFB2
 712 0014 24000000 		.4byte	.LFE2
 713 0018 00000000 		.4byte	.LFB3
 714 001c 1C000000 		.4byte	.LFE3
 715 0020 00000000 		.4byte	.LFB4
 716 0024 38000000 		.4byte	.LFE4
 717 0028 00000000 		.4byte	.LFB5
 718 002c 38000000 		.4byte	.LFE5
 719 0030 00000000 		.4byte	0
 720 0034 00000000 		.4byte	0
 721              		.section	.debug_line,"",%progbits
 722              	.Ldebug_line0:
 723 0000 C1000000 		.section	.debug_str,"MS",%progbits,1
 723      02004600 
 723      00000201 
 723      FB0E0D00 
 723      01010101 
 724              	.LASF14:
 725 0000 72656733 		.ascii	"reg32\000"
 725      3200
ARM GAS  C:\Users\mitchell\AppData\Local\Temp\ccJ23Swe.s 			page 17


 726              	.LASF26:
 727 0006 433A5C55 		.ascii	"C:\\Users\\mitchell\\Documents\\fsae\\E-Throttle\\E"
 727      73657273 
 727      5C6D6974 
 727      6368656C 
 727      6C5C446F 
 728 0033 2D546872 		.ascii	"-Throttle\\Design01.cydsn\000"
 728      6F74746C 
 728      655C4465 
 728      7369676E 
 728      30312E63 
 729              	.LASF17:
 730 004c 4F70616D 		.ascii	"Opamp_1_Start\000"
 730      705F315F 
 730      53746172 
 730      7400
 731              	.LASF21:
 732 005a 706F7765 		.ascii	"power\000"
 732      7200
 733              	.LASF15:
 734 0060 4F70616D 		.ascii	"Opamp_1_Init\000"
 734      705F315F 
 734      496E6974 
 734      00
 735              	.LASF11:
 736 006d 666C6F61 		.ascii	"float\000"
 736      7400
 737              	.LASF7:
 738 0073 6C6F6E67 		.ascii	"long long unsigned int\000"
 738      206C6F6E 
 738      6720756E 
 738      7369676E 
 738      65642069 
 739              	.LASF1:
 740 008a 756E7369 		.ascii	"unsigned char\000"
 740      676E6564 
 740      20636861 
 740      7200
 741              	.LASF22:
 742 0098 6F6E4F66 		.ascii	"onOff\000"
 742      6600
 743              	.LASF5:
 744 009e 6C6F6E67 		.ascii	"long unsigned int\000"
 744      20756E73 
 744      69676E65 
 744      6420696E 
 744      7400
 745              	.LASF3:
 746 00b0 73686F72 		.ascii	"short unsigned int\000"
 746      7420756E 
 746      7369676E 
 746      65642069 
 746      6E7400
 747              	.LASF23:
 748 00c3 4F70616D 		.ascii	"Opamp_1_internalPower\000"
 748      705F315F 
 748      696E7465 
ARM GAS  C:\Users\mitchell\AppData\Local\Temp\ccJ23Swe.s 			page 18


 748      726E616C 
 748      506F7765 
 749              	.LASF25:
 750 00d9 2E5C4765 		.ascii	".\\Generated_Source\\PSoC4\\Opamp_1.c\000"
 750      6E657261 
 750      7465645F 
 750      536F7572 
 750      63655C50 
 751              	.LASF12:
 752 00fc 646F7562 		.ascii	"double\000"
 752      6C6500
 753              	.LASF27:
 754 0103 4F70616D 		.ascii	"Opamp_1_initVar\000"
 754      705F315F 
 754      696E6974 
 754      56617200 
 755              	.LASF10:
 756 0113 75696E74 		.ascii	"uint32\000"
 756      333200
 757              	.LASF8:
 758 011a 756E7369 		.ascii	"unsigned int\000"
 758      676E6564 
 758      20696E74 
 758      00
 759              	.LASF24:
 760 0127 474E5520 		.ascii	"GNU C 4.8.4 20140526 (release) [ARM/embedded-4_8-br"
 760      4320342E 
 760      382E3420 
 760      32303134 
 760      30353236 
 761 015a 616E6368 		.ascii	"anch revision 211358] -mcpu=cortex-m0 -mthumb -g -O"
 761      20726576 
 761      6973696F 
 761      6E203231 
 761      31333538 
 762 018d 30202D66 		.ascii	"0 -ffunction-sections\000"
 762      66756E63 
 762      74696F6E 
 762      2D736563 
 762      74696F6E 
 763              	.LASF19:
 764 01a3 4F70616D 		.ascii	"Opamp_1_SetPower\000"
 764      705F315F 
 764      53657450 
 764      6F776572 
 764      00
 765              	.LASF18:
 766 01b4 4F70616D 		.ascii	"Opamp_1_Stop\000"
 766      705F315F 
 766      53746F70 
 766      00
 767              	.LASF6:
 768 01c1 6C6F6E67 		.ascii	"long long int\000"
 768      206C6F6E 
 768      6720696E 
 768      7400
 769              	.LASF13:
ARM GAS  C:\Users\mitchell\AppData\Local\Temp\ccJ23Swe.s 			page 19


 770 01cf 63686172 		.ascii	"char\000"
 770      00
 771              	.LASF20:
 772 01d4 4F70616D 		.ascii	"Opamp_1_PumpControl\000"
 772      705F315F 
 772      50756D70 
 772      436F6E74 
 772      726F6C00 
 773              	.LASF2:
 774 01e8 73686F72 		.ascii	"short int\000"
 774      7420696E 
 774      7400
 775              	.LASF9:
 776 01f2 75696E74 		.ascii	"uint8\000"
 776      3800
 777              	.LASF4:
 778 01f8 6C6F6E67 		.ascii	"long int\000"
 778      20696E74 
 778      00
 779              	.LASF0:
 780 0201 7369676E 		.ascii	"signed char\000"
 780      65642063 
 780      68617200 
 781              	.LASF16:
 782 020d 4F70616D 		.ascii	"Opamp_1_Enable\000"
 782      705F315F 
 782      456E6162 
 782      6C6500
 783              		.ident	"GCC: (GNU Tools for ARM Embedded Processors) 4.8.4 20140526 (release) [ARM/embedded-4_8-br
