--------------- Build Started: 02/01/2016 04:28:41 Project: E-Throttle, Configuration: ARM GCC 4.8.4 Debug ---------------
The code generation step is up to date.
arm-none-eabi-gcc.exe -mcpu=cortex-m3 -mthumb -Wno-main -I. -IGenerated_Source\PSoC5 -Wa,-alh=.\CortexM3\ARM_GCC_484\Debug/signal_processing.lst -g -D DEBUG -Wall -ffunction-sections -Og -c .\signal_processing.c -o .\CortexM3\ARM_GCC_484\Debug\signal_processing.o
.\signal_processing.c: In function 'globalImplausibility':
.\signal_processing.c:146:11: warning: unused variable 'newErr' [-Wunused-variable]
     float newErr = fabs(curr_tps - expected_tps);
           ^
arm-none-eabi-gcc.exe -mcpu=cortex-m3 -mthumb -Wno-main -I. -IGenerated_Source\PSoC5 -Wa,-alh=.\CortexM3\ARM_GCC_484\Debug/queue.lst -g -D DEBUG -Wall -ffunction-sections -Og -c .\queue.c -o .\CortexM3\ARM_GCC_484\Debug\queue.o
.\queue.c: In function 'createQueue':
.\queue.c:30:9: warning: unused variable 'i' [-Wunused-variable]
     int i;
         ^
arm-none-eabi-gcc.exe -mcpu=cortex-m3 -mthumb -Wno-main -I. -IGenerated_Source\PSoC5 -Wa,-alh=.\CortexM3\ARM_GCC_484\Debug/cyfitter_cfg.lst -g -D DEBUG -Wall -ffunction-sections -Og -c .\Generated_Source\PSoC5\cyfitter_cfg.c -o .\CortexM3\ARM_GCC_484\Debug\cyfitter_cfg.o
arm-none-eabi-gcc.exe -mcpu=cortex-m3 -mthumb -Wno-main -I. -IGenerated_Source\PSoC5 -Wa,-alh=.\CortexM3\ARM_GCC_484\Debug/cymetadata.lst -g -D DEBUG -Wall -ffunction-sections -Og -c .\Generated_Source\PSoC5\cymetadata.c -o .\CortexM3\ARM_GCC_484\Debug\cymetadata.o
arm-none-eabi-gcc.exe -mcpu=cortex-m3 -mthumb -Wno-main -I. -IGenerated_Source\PSoC5 -Wa,-alh=.\CortexM3\ARM_GCC_484\Debug/Cm3Start.lst -g -D DEBUG -Wall -ffunction-sections -Og -c .\Generated_Source\PSoC5\Cm3Start.c -o .\CortexM3\ARM_GCC_484\Debug\Cm3Start.o
arm-none-eabi-as.exe -mcpu=cortex-m3 -mthumb -I. -IGenerated_Source\PSoC5 -alh=.\CortexM3\ARM_GCC_484\Debug/CyBootAsmGnu.lst -g -W -o .\CortexM3\ARM_GCC_484\Debug\CyBootAsmGnu.o .\Generated_Source\PSoC5\CyBootAsmGnu.s
arm-none-eabi-gcc.exe -mcpu=cortex-m3 -mthumb -Wno-main -I. -IGenerated_Source\PSoC5 -Wa,-alh=.\CortexM3\ARM_GCC_484\Debug/CyDmac.lst -g -D DEBUG -Wall -ffunction-sections -Og -c .\Generated_Source\PSoC5\CyDmac.c -o .\CortexM3\ARM_GCC_484\Debug\CyDmac.o
arm-none-eabi-gcc.exe -mcpu=cortex-m3 -mthumb -Wno-main -I. -IGenerated_Source\PSoC5 -Wa,-alh=.\CortexM3\ARM_GCC_484\Debug/CyFlash.lst -g -D DEBUG -Wall -ffunction-sections -Og -c .\Generated_Source\PSoC5\CyFlash.c -o .\CortexM3\ARM_GCC_484\Debug\CyFlash.o
arm-none-eabi-gcc.exe -mcpu=cortex-m3 -mthumb -Wno-main -I. -IGenerated_Source\PSoC5 -Wa,-alh=.\CortexM3\ARM_GCC_484\Debug/CyLib.lst -g -D DEBUG -Wall -ffunction-sections -Og -c .\Generated_Source\PSoC5\CyLib.c -o .\CortexM3\ARM_GCC_484\Debug\CyLib.o
arm-none-eabi-gcc.exe -mcpu=cortex-m3 -mthumb -Wno-main -I. -IGenerated_Source\PSoC5 -Wa,-alh=.\CortexM3\ARM_GCC_484\Debug/cyPm.lst -g -D DEBUG -Wall -ffunction-sections -Og -c .\Generated_Source\PSoC5\cyPm.c -o .\CortexM3\ARM_GCC_484\Debug\cyPm.o
arm-none-eabi-gcc.exe -mcpu=cortex-m3 -mthumb -Wno-main -I. -IGenerated_Source\PSoC5 -Wa,-alh=.\CortexM3\ARM_GCC_484\Debug/CySpc.lst -g -D DEBUG -Wall -ffunction-sections -Og -c .\Generated_Source\PSoC5\CySpc.c -o .\CortexM3\ARM_GCC_484\Debug\CySpc.o
arm-none-eabi-gcc.exe -mcpu=cortex-m3 -mthumb -Wno-main -I. -IGenerated_Source\PSoC5 -Wa,-alh=.\CortexM3\ARM_GCC_484\Debug/cyutils.lst -g -D DEBUG -Wall -ffunction-sections -Og -c .\Generated_Source\PSoC5\cyutils.c -o .\CortexM3\ARM_GCC_484\Debug\cyutils.o
arm-none-eabi-gcc.exe -mcpu=cortex-m3 -mthumb -Wno-main -I. -IGenerated_Source\PSoC5 -Wa,-alh=.\CortexM3\ARM_GCC_484\Debug/TPS_ADC.lst -g -D DEBUG -Wall -ffunction-sections -Og -c .\Generated_Source\PSoC5\TPS_ADC.c -o .\CortexM3\ARM_GCC_484\Debug\TPS_ADC.o
arm-none-eabi-gcc.exe -mcpu=cortex-m3 -mthumb -Wno-main -I. -IGenerated_Source\PSoC5 -Wa,-alh=.\CortexM3\ARM_GCC_484\Debug/TPS_ADC_PM.lst -g -D DEBUG -Wall -ffunction-sections -Og -c .\Generated_Source\PSoC5\TPS_ADC_PM.c -o .\CortexM3\ARM_GCC_484\Debug\TPS_ADC_PM.o
arm-none-eabi-gcc.exe -mcpu=cortex-m3 -mthumb -Wno-main -I. -IGenerated_Source\PSoC5 -Wa,-alh=.\CortexM3\ARM_GCC_484\Debug/TPS_ADC_INT.lst -g -D DEBUG -Wall -ffunction-sections -Og -c .\Generated_Source\PSoC5\TPS_ADC_INT.c -o .\CortexM3\ARM_GCC_484\Debug\TPS_ADC_INT.o
arm-none-eabi-gcc.exe -mcpu=cortex-m3 -mthumb -Wno-main -I. -IGenerated_Source\PSoC5 -Wa,-alh=.\CortexM3\ARM_GCC_484\Debug/TPS_0.lst -g -D DEBUG -Wall -ffunction-sections -Og -c .\Generated_Source\PSoC5\TPS_0.c -o .\CortexM3\ARM_GCC_484\Debug\TPS_0.o
arm-none-eabi-gcc.exe -mcpu=cortex-m3 -mthumb -Wno-main -I. -IGenerated_Source\PSoC5 -Wa,-alh=.\CortexM3\ARM_GCC_484\Debug/TPS_1.lst -g -D DEBUG -Wall -ffunction-sections -Og -c .\Generated_Source\PSoC5\TPS_1.c -o .\CortexM3\ARM_GCC_484\Debug\TPS_1.o
arm-none-eabi-gcc.exe -mcpu=cortex-m3 -mthumb -Wno-main -I. -IGenerated_Source\PSoC5 -Wa,-alh=.\CortexM3\ARM_GCC_484\Debug/APPS_ADC.lst -g -D DEBUG -Wall -ffunction-sections -Og -c .\Generated_Source\PSoC5\APPS_ADC.c -o .\CortexM3\ARM_GCC_484\Debug\APPS_ADC.o
arm-none-eabi-gcc.exe -mcpu=cortex-m3 -mthumb -Wno-main -I. -IGenerated_Source\PSoC5 -Wa,-alh=.\CortexM3\ARM_GCC_484\Debug/APPS_ADC_PM.lst -g -D DEBUG -Wall -ffunction-sections -Og -c .\Generated_Source\PSoC5\APPS_ADC_PM.c -o .\CortexM3\ARM_GCC_484\Debug\APPS_ADC_PM.o
arm-none-eabi-gcc.exe -mcpu=cortex-m3 -mthumb -Wno-main -I. -IGenerated_Source\PSoC5 -Wa,-alh=.\CortexM3\ARM_GCC_484\Debug/APPS_ADC_INT.lst -g -D DEBUG -Wall -ffunction-sections -Og -c .\Generated_Source\PSoC5\APPS_ADC_INT.c -o .\CortexM3\ARM_GCC_484\Debug\APPS_ADC_INT.o
arm-none-eabi-gcc.exe -mcpu=cortex-m3 -mthumb -Wno-main -I. -IGenerated_Source\PSoC5 -Wa,-alh=.\CortexM3\ARM_GCC_484\Debug/APPS_0.lst -g -D DEBUG -Wall -ffunction-sections -Og -c .\Generated_Source\PSoC5\APPS_0.c -o .\CortexM3\ARM_GCC_484\Debug\APPS_0.o
arm-none-eabi-gcc.exe -mcpu=cortex-m3 -mthumb -Wno-main -I. -IGenerated_Source\PSoC5 -Wa,-alh=.\CortexM3\ARM_GCC_484\Debug/APPS_1.lst -g -D DEBUG -Wall -ffunction-sections -Og -c .\Generated_Source\PSoC5\APPS_1.c -o .\CortexM3\ARM_GCC_484\Debug\APPS_1.o
arm-none-eabi-gcc.exe -mcpu=cortex-m3 -mthumb -Wno-main -I. -IGenerated_Source\PSoC5 -Wa,-alh=.\CortexM3\ARM_GCC_484\Debug/SERVO_PWM.lst -g -D DEBUG -Wall -ffunction-sections -Og -c .\Generated_Source\PSoC5\SERVO_PWM.c -o .\CortexM3\ARM_GCC_484\Debug\SERVO_PWM.o
arm-none-eabi-gcc.exe -mcpu=cortex-m3 -mthumb -Wno-main -I. -IGenerated_Source\PSoC5 -Wa,-alh=.\CortexM3\ARM_GCC_484\Debug/SERVO_PWM_PM.lst -g -D DEBUG -Wall -ffunction-sections -Og -c .\Generated_Source\PSoC5\SERVO_PWM_PM.c -o .\CortexM3\ARM_GCC_484\Debug\SERVO_PWM_PM.o
arm-none-eabi-gcc.exe -mcpu=cortex-m3 -mthumb -Wno-main -I. -IGenerated_Source\PSoC5 -Wa,-alh=.\CortexM3\ARM_GCC_484\Debug/SERVO_OUT.lst -g -D DEBUG -Wall -ffunction-sections -Og -c .\Generated_Source\PSoC5\SERVO_OUT.c -o .\CortexM3\ARM_GCC_484\Debug\SERVO_OUT.o
arm-none-eabi-gcc.exe -mcpu=cortex-m3 -mthumb -Wno-main -I. -IGenerated_Source\PSoC5 -Wa,-alh=.\CortexM3\ARM_GCC_484\Debug/Clock_1.lst -g -D DEBUG -Wall -ffunction-sections -Og -c .\Generated_Source\PSoC5\Clock_1.c -o .\CortexM3\ARM_GCC_484\Debug\Clock_1.o
arm-none-eabi-gcc.exe -mcpu=cortex-m3 -mthumb -Wno-main -I. -IGenerated_Source\PSoC5 -Wa,-alh=.\CortexM3\ARM_GCC_484\Debug/TPS_ADC_SAR.lst -g -D DEBUG -Wall -ffunction-sections -Og -c .\Generated_Source\PSoC5\TPS_ADC_SAR.c -o .\CortexM3\ARM_GCC_484\Debug\TPS_ADC_SAR.o
arm-none-eabi-gcc.exe -mcpu=cortex-m3 -mthumb -Wno-main -I. -IGenerated_Source\PSoC5 -Wa,-alh=.\CortexM3\ARM_GCC_484\Debug/TPS_ADC_SAR_INT.lst -g -D DEBUG -Wall -ffunction-sections -Og -c .\Generated_Source\PSoC5\TPS_ADC_SAR_INT.c -o .\CortexM3\ARM_GCC_484\Debug\TPS_ADC_SAR_INT.o
arm-none-eabi-gcc.exe -mcpu=cortex-m3 -mthumb -Wno-main -I. -IGenerated_Source\PSoC5 -Wa,-alh=.\CortexM3\ARM_GCC_484\Debug/TPS_ADC_SAR_PM.lst -g -D DEBUG -Wall -ffunction-sections -Og -c .\Generated_Source\PSoC5\TPS_ADC_SAR_PM.c -o .\CortexM3\ARM_GCC_484\Debug\TPS_ADC_SAR_PM.o
arm-none-eabi-gcc.exe -mcpu=cortex-m3 -mthumb -Wno-main -I. -IGenerated_Source\PSoC5 -Wa,-alh=.\CortexM3\ARM_GCC_484\Debug/TPS_ADC_IntClock.lst -g -D DEBUG -Wall -ffunction-sections -Og -c .\Generated_Source\PSoC5\TPS_ADC_IntClock.c -o .\CortexM3\ARM_GCC_484\Debug\TPS_ADC_IntClock.o
arm-none-eabi-gcc.exe -mcpu=cortex-m3 -mthumb -Wno-main -I. -IGenerated_Source\PSoC5 -Wa,-alh=.\CortexM3\ARM_GCC_484\Debug/TPS_ADC_TempBuf_dma.lst -g -D DEBUG -Wall -ffunction-sections -Og -c .\Generated_Source\PSoC5\TPS_ADC_TempBuf_dma.c -o .\CortexM3\ARM_GCC_484\Debug\TPS_ADC_TempBuf_dma.o
arm-none-eabi-gcc.exe -mcpu=cortex-m3 -mthumb -Wno-main -I. -IGenerated_Source\PSoC5 -Wa,-alh=.\CortexM3\ARM_GCC_484\Debug/TPS_ADC_FinalBuf_dma.lst -g -D DEBUG -Wall -ffunction-sections -Og -c .\Generated_Source\PSoC5\TPS_ADC_FinalBuf_dma.c -o .\CortexM3\ARM_GCC_484\Debug\TPS_ADC_FinalBuf_dma.o
arm-none-eabi-gcc.exe -mcpu=cortex-m3 -mthumb -Wno-main -I. -IGenerated_Source\PSoC5 -Wa,-alh=.\CortexM3\ARM_GCC_484\Debug/TPS_ADC_IRQ.lst -g -D DEBUG -Wall -ffunction-sections -Og -c .\Generated_Source\PSoC5\TPS_ADC_IRQ.c -o .\CortexM3\ARM_GCC_484\Debug\TPS_ADC_IRQ.o
arm-none-eabi-gcc.exe -mcpu=cortex-m3 -mthumb -Wno-main -I. -IGenerated_Source\PSoC5 -Wa,-alh=.\CortexM3\ARM_GCC_484\Debug/APPS_ADC_SAR.lst -g -D DEBUG -Wall -ffunction-sections -Og -c .\Generated_Source\PSoC5\APPS_ADC_SAR.c -o .\CortexM3\ARM_GCC_484\Debug\APPS_ADC_SAR.o
arm-none-eabi-gcc.exe -mcpu=cortex-m3 -mthumb -Wno-main -I. -IGenerated_Source\PSoC5 -Wa,-alh=.\CortexM3\ARM_GCC_484\Debug/APPS_ADC_SAR_INT.lst -g -D DEBUG -Wall -ffunction-sections -Og -c .\Generated_Source\PSoC5\APPS_ADC_SAR_INT.c -o .\CortexM3\ARM_GCC_484\Debug\APPS_ADC_SAR_INT.o
arm-none-eabi-gcc.exe -mcpu=cortex-m3 -mthumb -Wno-main -I. -IGenerated_Source\PSoC5 -Wa,-alh=.\CortexM3\ARM_GCC_484\Debug/APPS_ADC_SAR_PM.lst -g -D DEBUG -Wall -ffunction-sections -Og -c .\Generated_Source\PSoC5\APPS_ADC_SAR_PM.c -o .\CortexM3\ARM_GCC_484\Debug\APPS_ADC_SAR_PM.o
arm-none-eabi-gcc.exe -mcpu=cortex-m3 -mthumb -Wno-main -I. -IGenerated_Source\PSoC5 -Wa,-alh=.\CortexM3\ARM_GCC_484\Debug/APPS_ADC_IntClock.lst -g -D DEBUG -Wall -ffunction-sections -Og -c .\Generated_Source\PSoC5\APPS_ADC_IntClock.c -o .\CortexM3\ARM_GCC_484\Debug\APPS_ADC_IntClock.o
arm-none-eabi-gcc.exe -mcpu=cortex-m3 -mthumb -Wno-main -I. -IGenerated_Source\PSoC5 -Wa,-alh=.\CortexM3\ARM_GCC_484\Debug/APPS_ADC_TempBuf_dma.lst -g -D DEBUG -Wall -ffunction-sections -Og -c .\Generated_Source\PSoC5\APPS_ADC_TempBuf_dma.c -o .\CortexM3\ARM_GCC_484\Debug\APPS_ADC_TempBuf_dma.o
arm-none-eabi-gcc.exe -mcpu=cortex-m3 -mthumb -Wno-main -I. -IGenerated_Source\PSoC5 -Wa,-alh=.\CortexM3\ARM_GCC_484\Debug/APPS_ADC_FinalBuf_dma.lst -g -D DEBUG -Wall -ffunction-sections -Og -c .\Generated_Source\PSoC5\APPS_ADC_FinalBuf_dma.c -o .\CortexM3\ARM_GCC_484\Debug\APPS_ADC_FinalBuf_dma.o
arm-none-eabi-gcc.exe -mcpu=cortex-m3 -mthumb -Wno-main -I. -IGenerated_Source\PSoC5 -Wa,-alh=.\CortexM3\ARM_GCC_484\Debug/APPS_ADC_IRQ.lst -g -D DEBUG -Wall -ffunction-sections -Og -c .\Generated_Source\PSoC5\APPS_ADC_IRQ.c -o .\CortexM3\ARM_GCC_484\Debug\APPS_ADC_IRQ.o
arm-none-eabi-gcc.exe -mcpu=cortex-m3 -mthumb -Wno-main -I. -IGenerated_Source\PSoC5 -Wa,-alh=.\CortexM3\ARM_GCC_484\Debug/Brake.lst -g -D DEBUG -Wall -ffunction-sections -Og -c .\Generated_Source\PSoC5\Brake.c -o .\CortexM3\ARM_GCC_484\Debug\Brake.o
arm-none-eabi-gcc.exe -mcpu=cortex-m3 -mthumb -Wno-main -I. -IGenerated_Source\PSoC5 -Wa,-alh=.\CortexM3\ARM_GCC_484\Debug/BRAKE_ADC.lst -g -D DEBUG -Wall -ffunction-sections -Og -c .\Generated_Source\PSoC5\BRAKE_ADC.c -o .\CortexM3\ARM_GCC_484\Debug\BRAKE_ADC.o
arm-none-eabi-gcc.exe -mcpu=cortex-m3 -mthumb -Wno-main -I. -IGenerated_Source\PSoC5 -Wa,-alh=.\CortexM3\ARM_GCC_484\Debug/BRAKE_ADC_PM.lst -g -D DEBUG -Wall -ffunction-sections -Og -c .\Generated_Source\PSoC5\BRAKE_ADC_PM.c -o .\CortexM3\ARM_GCC_484\Debug\BRAKE_ADC_PM.o
arm-none-eabi-gcc.exe -mcpu=cortex-m3 -mthumb -Wno-main -I. -IGenerated_Source\PSoC5 -Wa,-alh=.\CortexM3\ARM_GCC_484\Debug/BRAKE_ADC_INT.lst -g -D DEBUG -Wall -ffunction-sections -Og -c .\Generated_Source\PSoC5\BRAKE_ADC_INT.c -o .\CortexM3\ARM_GCC_484\Debug\BRAKE_ADC_INT.o
arm-none-eabi-gcc.exe -mcpu=cortex-m3 -mthumb -Wno-main -I. -IGenerated_Source\PSoC5 -Wa,-alh=.\CortexM3\ARM_GCC_484\Debug/BRAKE_ADC_AMux.lst -g -D DEBUG -Wall -ffunction-sections -Og -c .\Generated_Source\PSoC5\BRAKE_ADC_AMux.c -o .\CortexM3\ARM_GCC_484\Debug\BRAKE_ADC_AMux.o
arm-none-eabi-gcc.exe -mcpu=cortex-m3 -mthumb -Wno-main -I. -IGenerated_Source\PSoC5 -Wa,-alh=.\CortexM3\ARM_GCC_484\Debug/BRAKE_ADC_Ext_CP_Clk.lst -g -D DEBUG -Wall -ffunction-sections -Og -c .\Generated_Source\PSoC5\BRAKE_ADC_Ext_CP_Clk.c -o .\CortexM3\ARM_GCC_484\Debug\BRAKE_ADC_Ext_CP_Clk.o
arm-none-eabi-gcc.exe -mcpu=cortex-m3 -mthumb -Wno-main -I. -IGenerated_Source\PSoC5 -Wa,-alh=.\CortexM3\ARM_GCC_484\Debug/BRAKE_ADC_IRQ.lst -g -D DEBUG -Wall -ffunction-sections -Og -c .\Generated_Source\PSoC5\BRAKE_ADC_IRQ.c -o .\CortexM3\ARM_GCC_484\Debug\BRAKE_ADC_IRQ.o
arm-none-eabi-gcc.exe -mcpu=cortex-m3 -mthumb -Wno-main -I. -IGenerated_Source\PSoC5 -Wa,-alh=.\CortexM3\ARM_GCC_484\Debug/BRAKE_ADC_theACLK.lst -g -D DEBUG -Wall -ffunction-sections -Og -c .\Generated_Source\PSoC5\BRAKE_ADC_theACLK.c -o .\CortexM3\ARM_GCC_484\Debug\BRAKE_ADC_theACLK.o
arm-none-eabi-gcc.exe -mcpu=cortex-m3 -mthumb -Wno-main -I. -IGenerated_Source\PSoC5 -Wa,-alh=.\CortexM3\ARM_GCC_484\Debug/timer_clock.lst -g -D DEBUG -Wall -ffunction-sections -Og -c .\Generated_Source\PSoC5\timer_clock.c -o .\CortexM3\ARM_GCC_484\Debug\timer_clock.o
arm-none-eabi-gcc.exe -mcpu=cortex-m3 -mthumb -Wno-main -I. -IGenerated_Source\PSoC5 -Wa,-alh=.\CortexM3\ARM_GCC_484\Debug/Timer.lst -g -D DEBUG -Wall -ffunction-sections -Og -c .\Generated_Source\PSoC5\Timer.c -o .\CortexM3\ARM_GCC_484\Debug\Timer.o
arm-none-eabi-gcc.exe -mcpu=cortex-m3 -mthumb -Wno-main -I. -IGenerated_Source\PSoC5 -Wa,-alh=.\CortexM3\ARM_GCC_484\Debug/Timer_PM.lst -g -D DEBUG -Wall -ffunction-sections -Og -c .\Generated_Source\PSoC5\Timer_PM.c -o .\CortexM3\ARM_GCC_484\Debug\Timer_PM.o
arm-none-eabi-ar.exe -rs .\CortexM3\ARM_GCC_484\Debug\E-Throttle.a .\CortexM3\ARM_GCC_484\Debug\cyfitter_cfg.o .\CortexM3\ARM_GCC_484\Debug\CyBootAsmGnu.o .\CortexM3\ARM_GCC_484\Debug\CyDmac.o .\CortexM3\ARM_GCC_484\Debug\CyFlash.o .\CortexM3\ARM_GCC_484\Debug\CyLib.o .\CortexM3\ARM_GCC_484\Debug\cyPm.o .\CortexM3\ARM_GCC_484\Debug\CySpc.o .\CortexM3\ARM_GCC_484\Debug\cyutils.o .\CortexM3\ARM_GCC_484\Debug\TPS_ADC.o .\CortexM3\ARM_GCC_484\Debug\TPS_ADC_PM.o .\CortexM3\ARM_GCC_484\Debug\TPS_ADC_INT.o .\CortexM3\ARM_GCC_484\Debug\TPS_0.o .\CortexM3\ARM_GCC_484\Debug\TPS_1.o .\CortexM3\ARM_GCC_484\Debug\APPS_ADC.o .\CortexM3\ARM_GCC_484\Debug\APPS_ADC_PM.o .\CortexM3\ARM_GCC_484\Debug\APPS_ADC_INT.o .\CortexM3\ARM_GCC_484\Debug\APPS_0.o .\CortexM3\ARM_GCC_484\Debug\APPS_1.o .\CortexM3\ARM_GCC_484\Debug\SERVO_PWM.o .\CortexM3\ARM_GCC_484\Debug\SERVO_PWM_PM.o .\CortexM3\ARM_GCC_484\Debug\SERVO_OUT.o .\CortexM3\ARM_GCC_484\Debug\Clock_1.o .\CortexM3\ARM_GCC_484\Debug\TPS_ADC_SAR.o .\CortexM3\ARM_GCC_484\Debug\TPS_ADC_SAR_INT.o .\CortexM3\ARM_GCC_484\Debug\TPS_ADC_SAR_PM.o .\CortexM3\ARM_GCC_484\Debug\TPS_ADC_IntClock.o .\CortexM3\ARM_GCC_484\Debug\TPS_ADC_TempBuf_dma.o .\CortexM3\ARM_GCC_484\Debug\TPS_ADC_FinalBuf_dma.o .\CortexM3\ARM_GCC_484\Debug\TPS_ADC_IRQ.o .\CortexM3\ARM_GCC_484\Debug\APPS_ADC_SAR.o .\CortexM3\ARM_GCC_484\Debug\APPS_ADC_SAR_INT.o .\CortexM3\ARM_GCC_484\Debug\APPS_ADC_SAR_PM.o .\CortexM3\ARM_GCC_484\Debug\APPS_ADC_IntClock.o .\CortexM3\ARM_GCC_484\Debug\APPS_ADC_TempBuf_dma.o .\CortexM3\ARM_GCC_484\Debug\APPS_ADC_FinalBuf_dma.o .\CortexM3\ARM_GCC_484\Debug\APPS_ADC_IRQ.o .\CortexM3\ARM_GCC_484\Debug\Brake.o .\CortexM3\ARM_GCC_484\Debug\BRAKE_ADC.o .\CortexM3\ARM_GCC_484\Debug\BRAKE_ADC_PM.o .\CortexM3\ARM_GCC_484\Debug\BRAKE_ADC_INT.o .\CortexM3\ARM_GCC_484\Debug\BRAKE_ADC_AMux.o .\CortexM3\ARM_GCC_484\Debug\BRAKE_ADC_Ext_CP_Clk.o .\CortexM3\ARM_GCC_484\Debug\BRAKE_ADC_IRQ.o .\CortexM3\ARM_GCC_484\Debug\BRAKE_ADC_theACLK.o .\CortexM3\ARM_GCC_484\Debug\timer_clock.o .\CortexM3\ARM_GCC_484\Debug\Timer.o .\CortexM3\ARM_GCC_484\Debug\Timer_PM.o
arm-none-eabi-ar.exe: creating .\CortexM3\ARM_GCC_484\Debug\E-Throttle.a
arm-none-eabi-gcc.exe -Wl,--start-group -o .\CortexM3\ARM_GCC_484\Debug\E-Throttle.elf .\CortexM3\ARM_GCC_484\Debug\main.o .\CortexM3\ARM_GCC_484\Debug\signal_processing.o .\CortexM3\ARM_GCC_484\Debug\queue.o .\CortexM3\ARM_GCC_484\Debug\cymetadata.o .\CortexM3\ARM_GCC_484\Debug\Cm3Start.o .\CortexM3\ARM_GCC_484\Debug\E-Throttle.a "C:\Program Files (x86)\Cypress\PSoC Creator\3.2\PSoC Creator\psoc\content\cycomponentlibrary\CyComponentLibrary.cylib\CortexM3\ARM_GCC_484\Debug\CyComponentLibrary.a" -mcpu=cortex-m3 -mthumb -g -ffunction-sections -Og -Wl,-Map,.\CortexM3\ARM_GCC_484\Debug/E-Throttle.map -T Generated_Source\PSoC5\cm3gcc.ld -specs=nano.specs -Wl,--gc-sections -Wl,--end-group
cyelftool.exe -C C:\Users\mitchell\Documents\fsae\E-Throttle\E-Throttle\E-Throttle.cydsn\CortexM3\ARM_GCC_484\Debug\E-Throttle.elf --flash_row_size 256 --flash_size 262144
cyelftool.exe -S C:\Users\mitchell\Documents\fsae\E-Throttle\E-Throttle\E-Throttle.cydsn\CortexM3\ARM_GCC_484\Debug\E-Throttle.elf
Flash used: 7424 of 262144 bytes (2.8 %).
SRAM used: 2693 of 65536 bytes (4.1 %). Stack: 2048 bytes. Heap: 128 bytes.
--------------- Build Succeeded: 02/01/2016 04:28:50 ---------------
