--------------- Clean Started: 12/31/2015 01:32:08 Project: E-Throttle, Configuration: ARM GCC 4.8.4 Debug ---------------
Deleting file ".\CortexM3\ARM_GCC_484\Debug\main.o"
Deleting file ".\CortexM3\ARM_GCC_484\Debug\signal_processing.o"
Deleting file ".\CortexM3\ARM_GCC_484\Debug\queue.o"
Deleting file ".\CortexM3\ARM_GCC_484\Debug\cyfitter_cfg.o"
Deleting file ".\CortexM3\ARM_GCC_484\Debug\cymetadata.o"
Deleting file ".\CortexM3\ARM_GCC_484\Debug\Cm3Start.o"
Deleting file ".\CortexM3\ARM_GCC_484\Debug\CyBootAsmGnu.o"
Deleting file ".\CortexM3\ARM_GCC_484\Debug\CyDmac.o"
Deleting file ".\CortexM3\ARM_GCC_484\Debug\CyFlash.o"
Deleting file ".\CortexM3\ARM_GCC_484\Debug\CyLib.o"
Deleting file ".\CortexM3\ARM_GCC_484\Debug\cyPm.o"
Deleting file ".\CortexM3\ARM_GCC_484\Debug\CySpc.o"
Deleting file ".\CortexM3\ARM_GCC_484\Debug\cyutils.o"
Deleting file ".\CortexM3\ARM_GCC_484\Debug\TPS_ADC.o"
Deleting file ".\CortexM3\ARM_GCC_484\Debug\TPS_ADC_PM.o"
Deleting file ".\CortexM3\ARM_GCC_484\Debug\TPS_ADC_INT.o"
Deleting file ".\CortexM3\ARM_GCC_484\Debug\TPS_0.o"
Deleting file ".\CortexM3\ARM_GCC_484\Debug\TPS_1.o"
Deleting file ".\CortexM3\ARM_GCC_484\Debug\APPS_ADC.o"
Deleting file ".\CortexM3\ARM_GCC_484\Debug\APPS_ADC_PM.o"
Deleting file ".\CortexM3\ARM_GCC_484\Debug\APPS_ADC_INT.o"
Deleting file ".\CortexM3\ARM_GCC_484\Debug\APPS_0.o"
Deleting file ".\CortexM3\ARM_GCC_484\Debug\APPS_1.o"
Deleting file ".\CortexM3\ARM_GCC_484\Debug\SERVO_PWM.o"
Deleting file ".\CortexM3\ARM_GCC_484\Debug\SERVO_PWM_PM.o"
Deleting file ".\CortexM3\ARM_GCC_484\Debug\SERVO_OUT.o"
Deleting file ".\CortexM3\ARM_GCC_484\Debug\Clock_1.o"
Deleting file ".\CortexM3\ARM_GCC_484\Debug\TPS_ADC_SAR.o"
Deleting file ".\CortexM3\ARM_GCC_484\Debug\TPS_ADC_SAR_INT.o"
Deleting file ".\CortexM3\ARM_GCC_484\Debug\TPS_ADC_SAR_PM.o"
Deleting file ".\CortexM3\ARM_GCC_484\Debug\TPS_ADC_IntClock.o"
Deleting file ".\CortexM3\ARM_GCC_484\Debug\TPS_ADC_TempBuf_dma.o"
Deleting file ".\CortexM3\ARM_GCC_484\Debug\TPS_ADC_FinalBuf_dma.o"
Deleting file ".\CortexM3\ARM_GCC_484\Debug\TPS_ADC_IRQ.o"
Deleting file ".\CortexM3\ARM_GCC_484\Debug\APPS_ADC_SAR.o"
Deleting file ".\CortexM3\ARM_GCC_484\Debug\APPS_ADC_SAR_INT.o"
Deleting file ".\CortexM3\ARM_GCC_484\Debug\APPS_ADC_SAR_PM.o"
Deleting file ".\CortexM3\ARM_GCC_484\Debug\APPS_ADC_IntClock.o"
Deleting file ".\CortexM3\ARM_GCC_484\Debug\APPS_ADC_TempBuf_dma.o"
Deleting file ".\CortexM3\ARM_GCC_484\Debug\APPS_ADC_FinalBuf_dma.o"
Deleting file ".\CortexM3\ARM_GCC_484\Debug\APPS_ADC_IRQ.o"
Deleting file ".\CortexM3\ARM_GCC_484\Debug\E-Throttle.hex"
Deleting file ".\CortexM3\ARM_GCC_484\Debug\E-Throttle.elf"
Deleting file ".\CortexM3\ARM_GCC_484\Debug\E-Throttle.map"
Deleting file ".\E-Throttle.cycdx"
Deleting file ".\E-Throttle.svd"
Deleting file ".\E-Throttle.rpt"
Deleting file ".\E-Throttle_timing.html"
Deleting file ".\CortexM3\ARM_GCC_484\Debug\.deps\C_FILE.P"
Deleting file ".\CortexM3\ARM_GCC_484\Debug\.deps\ARM_C_FILE.P"
Deleting file ".\CortexM3\ARM_GCC_484\Debug\.deps\GNU_ARM_ASM_FILE.P"
--------------- Clean Succeeded: 12/31/2015 01:32:08 ---------------
