ARM GAS  C:\Users\mitchell\AppData\Local\Temp\ccfsx9cE.s 			page 1


   1              		.syntax unified
   2              		.cpu cortex-m3
   3              		.fpu softvfp
   4              		.eabi_attribute 20, 1
   5              		.eabi_attribute 21, 1
   6              		.eabi_attribute 23, 3
   7              		.eabi_attribute 24, 1
   8              		.eabi_attribute 25, 1
   9              		.eabi_attribute 26, 1
  10              		.eabi_attribute 30, 1
  11              		.eabi_attribute 34, 1
  12              		.eabi_attribute 18, 4
  13              		.thumb
  14              		.file	"cymetadata.c"
  15              		.text
  16              	.Ltext0:
  17              		.cfi_sections	.debug_frame
  18              		.global	cy_metadata
  19              		.global	cy_meta_flashprotect
  20              		.global	cy_meta_wonvl
  21              		.global	cy_meta_custnvl
  22              		.global	cy_meta_configecc
  23              		.section	.cyconfigecc,"a",%progbits
  24              		.align	2
  25              		.type	cy_meta_configecc, %object
  26              		.size	cy_meta_configecc, 2552
  27              	cy_meta_configecc:
  28 0000 05       		.byte	5
  29 0001 52       		.byte	82
  30 0002 00       		.byte	0
  31 0003 40       		.byte	64
  32 0004 02       		.byte	2
  33 0005 5B       		.byte	91
  34 0006 00       		.byte	0
  35 0007 40       		.byte	64
  36 0008 02       		.byte	2
  37 0009 64       		.byte	100
  38 000a 00       		.byte	0
  39 000b 40       		.byte	64
  40 000c 01       		.byte	1
  41 000d 65       		.byte	101
  42 000e 00       		.byte	0
  43 000f 40       		.byte	64
  44 0010 0E       		.byte	14
  45 0011 00       		.byte	0
  46 0012 01       		.byte	1
  47 0013 40       		.byte	64
  48 0014 24       		.byte	36
  49 0015 01       		.byte	1
  50 0016 01       		.byte	1
  51 0017 40       		.byte	64
  52 0018 29       		.byte	41
  53 0019 02       		.byte	2
  54 001a 01       		.byte	1
  55 001b 40       		.byte	64
  56 001c 3E       		.byte	62
  57 001d 03       		.byte	3
ARM GAS  C:\Users\mitchell\AppData\Local\Temp\ccfsx9cE.s 			page 2


  58 001e 01       		.byte	1
  59 001f 40       		.byte	64
  60 0020 24       		.byte	36
  61 0021 04       		.byte	4
  62 0022 01       		.byte	1
  63 0023 40       		.byte	64
  64 0024 46       		.byte	70
  65 0025 05       		.byte	5
  66 0026 01       		.byte	1
  67 0027 40       		.byte	64
  68 0028 12       		.byte	18
  69 0029 06       		.byte	6
  70 002a 01       		.byte	1
  71 002b 40       		.byte	64
  72 002c 37       		.byte	55
  73 002d 07       		.byte	7
  74 002e 01       		.byte	1
  75 002f 40       		.byte	64
  76 0030 1E       		.byte	30
  77 0031 08       		.byte	8
  78 0032 01       		.byte	1
  79 0033 40       		.byte	64
  80 0034 42       		.byte	66
  81 0035 09       		.byte	9
  82 0036 01       		.byte	1
  83 0037 40       		.byte	64
  84 0038 1A       		.byte	26
  85 0039 0A       		.byte	10
  86 003a 01       		.byte	1
  87 003b 40       		.byte	64
  88 003c 48       		.byte	72
  89 003d 0B       		.byte	11
  90 003e 01       		.byte	1
  91 003f 40       		.byte	64
  92 0040 0C       		.byte	12
  93 0041 0C       		.byte	12
  94 0042 01       		.byte	1
  95 0043 40       		.byte	64
  96 0044 33       		.byte	51
  97 0045 0D       		.byte	13
  98 0046 01       		.byte	1
  99 0047 40       		.byte	64
 100 0048 18       		.byte	24
 101 0049 0E       		.byte	14
 102 004a 01       		.byte	1
 103 004b 40       		.byte	64
 104 004c 22       		.byte	34
 105 004d 0F       		.byte	15
 106 004e 01       		.byte	1
 107 004f 40       		.byte	64
 108 0050 38       		.byte	56
 109 0051 14       		.byte	20
 110 0052 01       		.byte	1
 111 0053 40       		.byte	64
 112 0054 39       		.byte	57
 113 0055 15       		.byte	21
 114 0056 01       		.byte	1
ARM GAS  C:\Users\mitchell\AppData\Local\Temp\ccfsx9cE.s 			page 3


 115 0057 40       		.byte	64
 116 0058 18       		.byte	24
 117 0059 16       		.byte	22
 118 005a 01       		.byte	1
 119 005b 40       		.byte	64
 120 005c 3E       		.byte	62
 121 005d 17       		.byte	23
 122 005e 01       		.byte	1
 123 005f 40       		.byte	64
 124 0060 27       		.byte	39
 125 0061 18       		.byte	24
 126 0062 01       		.byte	1
 127 0063 40       		.byte	64
 128 0064 45       		.byte	69
 129 0065 19       		.byte	25
 130 0066 01       		.byte	1
 131 0067 40       		.byte	64
 132 0068 17       		.byte	23
 133 0069 1A       		.byte	26
 134 006a 01       		.byte	1
 135 006b 40       		.byte	64
 136 006c 3A       		.byte	58
 137 006d 1B       		.byte	27
 138 006e 01       		.byte	1
 139 006f 40       		.byte	64
 140 0070 0C       		.byte	12
 141 0071 40       		.byte	64
 142 0072 01       		.byte	1
 143 0073 40       		.byte	64
 144 0074 0B       		.byte	11
 145 0075 41       		.byte	65
 146 0076 01       		.byte	1
 147 0077 40       		.byte	64
 148 0078 09       		.byte	9
 149 0079 42       		.byte	66
 150 007a 01       		.byte	1
 151 007b 40       		.byte	64
 152 007c 03       		.byte	3
 153 007d 43       		.byte	67
 154 007e 01       		.byte	1
 155 007f 40       		.byte	64
 156 0080 02       		.byte	2
 157 0081 44       		.byte	68
 158 0082 01       		.byte	1
 159 0083 40       		.byte	64
 160 0084 0D       		.byte	13
 161 0085 45       		.byte	69
 162 0086 01       		.byte	1
 163 0087 40       		.byte	64
 164 0088 0D       		.byte	13
 165 0089 46       		.byte	70
 166 008a 01       		.byte	1
 167 008b 40       		.byte	64
 168 008c 09       		.byte	9
 169 008d 47       		.byte	71
 170 008e 01       		.byte	1
 171 008f 40       		.byte	64
ARM GAS  C:\Users\mitchell\AppData\Local\Temp\ccfsx9cE.s 			page 4


 172 0090 08       		.byte	8
 173 0091 48       		.byte	72
 174 0092 01       		.byte	1
 175 0093 40       		.byte	64
 176 0094 05       		.byte	5
 177 0095 49       		.byte	73
 178 0096 01       		.byte	1
 179 0097 40       		.byte	64
 180 0098 16       		.byte	22
 181 0099 4C       		.byte	76
 182 009a 01       		.byte	1
 183 009b 40       		.byte	64
 184 009c 04       		.byte	4
 185 009d 4D       		.byte	77
 186 009e 01       		.byte	1
 187 009f 40       		.byte	64
 188 00a0 05       		.byte	5
 189 00a1 50       		.byte	80
 190 00a2 01       		.byte	1
 191 00a3 40       		.byte	64
 192 00a4 02       		.byte	2
 193 00a5 51       		.byte	81
 194 00a6 01       		.byte	1
 195 00a7 40       		.byte	64
 196 00a8 00       		.byte	0
 197 00a9 01       		.byte	1
 198 00aa 10       		.byte	16
 199 00ab 01       		.byte	1
 200 00ac 11       		.byte	17
 201 00ad 03       		.byte	3
 202 00ae 78       		.byte	120
 203 00af 10       		.byte	16
 204 00b0 79       		.byte	121
 205 00b1 30       		.byte	48
 206 00b2 27       		.byte	39
 207 00b3 84       		.byte	-124
 208 00b4 2F       		.byte	47
 209 00b5 84       		.byte	-124
 210 00b6 84       		.byte	-124
 211 00b7 01       		.byte	1
 212 00b8 88       		.byte	-120
 213 00b9 01       		.byte	1
 214 00ba 84       		.byte	-124
 215 00bb 0F       		.byte	15
 216 00bc 06       		.byte	6
 217 00bd 02       		.byte	2
 218 00be 12       		.byte	18
 219 00bf 01       		.byte	1
 220 00c0 1F       		.byte	31
 221 00c1 01       		.byte	1
 222 00c2 30       		.byte	48
 223 00c3 01       		.byte	1
 224 00c4 32       		.byte	50
 225 00c5 02       		.byte	2
 226 00c6 33       		.byte	51
 227 00c7 01       		.byte	1
 228 00c8 58       		.byte	88
ARM GAS  C:\Users\mitchell\AppData\Local\Temp\ccfsx9cE.s 			page 5


 229 00c9 04       		.byte	4
 230 00ca 59       		.byte	89
 231 00cb 04       		.byte	4
 232 00cc 5C       		.byte	92
 233 00cd 33       		.byte	51
 234 00ce 5F       		.byte	95
 235 00cf 01       		.byte	1
 236 00d0 D8       		.byte	-40
 237 00d1 04       		.byte	4
 238 00d2 D9       		.byte	-39
 239 00d3 04       		.byte	4
 240 00d4 DC       		.byte	-36
 241 00d5 33       		.byte	51
 242 00d6 DF       		.byte	-33
 243 00d7 01       		.byte	1
 244 00d8 00       		.byte	0
 245 00d9 40       		.byte	64
 246 00da 03       		.byte	3
 247 00db 18       		.byte	24
 248 00dc 04       		.byte	4
 249 00dd 60       		.byte	96
 250 00de 05       		.byte	5
 251 00df 04       		.byte	4
 252 00e0 06       		.byte	6
 253 00e1 10       		.byte	16
 254 00e2 09       		.byte	9
 255 00e3 08       		.byte	8
 256 00e4 0A       		.byte	10
 257 00e5 80       		.byte	-128
 258 00e6 0B       		.byte	11
 259 00e7 01       		.byte	1
 260 00e8 0C       		.byte	12
 261 00e9 04       		.byte	4
 262 00ea 0F       		.byte	15
 263 00eb 21       		.byte	33
 264 00ec 10       		.byte	16
 265 00ed 04       		.byte	4
 266 00ee 12       		.byte	18
 267 00ef 50       		.byte	80
 268 00f0 15       		.byte	21
 269 00f1 88       		.byte	-120
 270 00f2 18       		.byte	24
 271 00f3 60       		.byte	96
 272 00f4 19       		.byte	25
 273 00f5 01       		.byte	1
 274 00f6 1B       		.byte	27
 275 00f7 08       		.byte	8
 276 00f8 21       		.byte	33
 277 00f9 0C       		.byte	12
 278 00fa 23       		.byte	35
 279 00fb 10       		.byte	16
 280 00fc 29       		.byte	41
 281 00fd 01       		.byte	1
 282 00fe 2B       		.byte	43
 283 00ff 08       		.byte	8
 284 0100 2F       		.byte	47
 285 0101 28       		.byte	40
ARM GAS  C:\Users\mitchell\AppData\Local\Temp\ccfsx9cE.s 			page 6


 286 0102 30       		.byte	48
 287 0103 80       		.byte	-128
 288 0104 31       		.byte	49
 289 0105 04       		.byte	4
 290 0106 33       		.byte	51
 291 0107 20       		.byte	32
 292 0108 35       		.byte	53
 293 0109 05       		.byte	5
 294 010a 39       		.byte	57
 295 010b 88       		.byte	-120
 296 010c 3B       		.byte	59
 297 010d 41       		.byte	65
 298 010e 3F       		.byte	63
 299 010f 51       		.byte	81
 300 0110 81       		.byte	-127
 301 0111 01       		.byte	1
 302 0112 C0       		.byte	-64
 303 0113 E7       		.byte	-25
 304 0114 C2       		.byte	-62
 305 0115 AD       		.byte	-83
 306 0116 C4       		.byte	-60
 307 0117 AE       		.byte	-82
 308 0118 CA       		.byte	-54
 309 0119 65       		.byte	101
 310 011a CC       		.byte	-52
 311 011b CE       		.byte	-50
 312 011c CE       		.byte	-50
 313 011d BB       		.byte	-69
 314 011e E0       		.byte	-32
 315 011f 04       		.byte	4
 316 0120 58       		.byte	88
 317 0121 04       		.byte	4
 318 0122 59       		.byte	89
 319 0123 04       		.byte	4
 320 0124 5C       		.byte	92
 321 0125 22       		.byte	34
 322 0126 5F       		.byte	95
 323 0127 01       		.byte	1
 324 0128 80       		.byte	-128
 325 0129 02       		.byte	2
 326 012a 83       		.byte	-125
 327 012b 01       		.byte	1
 328 012c 86       		.byte	-122
 329 012d 08       		.byte	8
 330 012e 87       		.byte	-121
 331 012f 04       		.byte	4
 332 0130 8B       		.byte	-117
 333 0131 08       		.byte	8
 334 0132 8E       		.byte	-114
 335 0133 10       		.byte	16
 336 0134 8F       		.byte	-113
 337 0135 02       		.byte	2
 338 0136 90       		.byte	-112
 339 0137 01       		.byte	1
 340 0138 91       		.byte	-111
 341 0139 04       		.byte	4
 342 013a 94       		.byte	-108
ARM GAS  C:\Users\mitchell\AppData\Local\Temp\ccfsx9cE.s 			page 7


 343 013b 08       		.byte	8
 344 013c 95       		.byte	-107
 345 013d 20       		.byte	32
 346 013e 97       		.byte	-105
 347 013f 10       		.byte	16
 348 0140 99       		.byte	-103
 349 0141 08       		.byte	8
 350 0142 9A       		.byte	-102
 351 0143 01       		.byte	1
 352 0144 9D       		.byte	-99
 353 0145 80       		.byte	-128
 354 0146 9F       		.byte	-97
 355 0147 40       		.byte	64
 356 0148 A1       		.byte	-95
 357 0149 40       		.byte	64
 358 014a A2       		.byte	-94
 359 014b 04       		.byte	4
 360 014c A3       		.byte	-93
 361 014d 80       		.byte	-128
 362 014e A5       		.byte	-91
 363 014f 10       		.byte	16
 364 0150 A7       		.byte	-89
 365 0151 20       		.byte	32
 366 0152 A8       		.byte	-88
 367 0153 04       		.byte	4
 368 0154 A9       		.byte	-87
 369 0155 01       		.byte	1
 370 0156 AD       		.byte	-83
 371 0157 02       		.byte	2
 372 0158 AE       		.byte	-82
 373 0159 02       		.byte	2
 374 015a B1       		.byte	-79
 375 015b FF       		.byte	-1
 376 015c B4       		.byte	-76
 377 015d 1F       		.byte	31
 378 015e B8       		.byte	-72
 379 015f 20       		.byte	32
 380 0160 BE       		.byte	-66
 381 0161 10       		.byte	16
 382 0162 BF       		.byte	-65
 383 0163 01       		.byte	1
 384 0164 D6       		.byte	-42
 385 0165 08       		.byte	8
 386 0166 D8       		.byte	-40
 387 0167 04       		.byte	4
 388 0168 D9       		.byte	-39
 389 0169 04       		.byte	4
 390 016a DB       		.byte	-37
 391 016b 04       		.byte	4
 392 016c DC       		.byte	-36
 393 016d 03       		.byte	3
 394 016e DD       		.byte	-35
 395 016f 90       		.byte	-112
 396 0170 DF       		.byte	-33
 397 0171 01       		.byte	1
 398 0172 00       		.byte	0
 399 0173 40       		.byte	64
ARM GAS  C:\Users\mitchell\AppData\Local\Temp\ccfsx9cE.s 			page 8


 400 0174 01       		.byte	1
 401 0175 20       		.byte	32
 402 0176 02       		.byte	2
 403 0177 40       		.byte	64
 404 0178 03       		.byte	3
 405 0179 10       		.byte	16
 406 017a 07       		.byte	7
 407 017b 01       		.byte	1
 408 017c 08       		.byte	8
 409 017d 80       		.byte	-128
 410 017e 09       		.byte	9
 411 017f 20       		.byte	32
 412 0180 0A       		.byte	10
 413 0181 40       		.byte	64
 414 0182 0B       		.byte	11
 415 0183 20       		.byte	32
 416 0184 0C       		.byte	12
 417 0185 40       		.byte	64
 418 0186 0F       		.byte	15
 419 0187 54       		.byte	84
 420 0188 10       		.byte	16
 421 0189 92       		.byte	-110
 422 018a 12       		.byte	18
 423 018b 04       		.byte	4
 424 018c 14       		.byte	20
 425 018d 05       		.byte	5
 426 018e 17       		.byte	23
 427 018f 40       		.byte	64
 428 0190 19       		.byte	25
 429 0191 20       		.byte	32
 430 0192 1B       		.byte	27
 431 0193 30       		.byte	48
 432 0194 20       		.byte	32
 433 0195 40       		.byte	64
 434 0196 28       		.byte	40
 435 0197 90       		.byte	-112
 436 0198 29       		.byte	41
 437 0199 55       		.byte	85
 438 019a 2B       		.byte	43
 439 019b 40       		.byte	64
 440 019c 2C       		.byte	44
 441 019d 40       		.byte	64
 442 019e 30       		.byte	48
 443 019f 08       		.byte	8
 444 01a0 32       		.byte	50
 445 01a1 41       		.byte	65
 446 01a2 33       		.byte	51
 447 01a3 10       		.byte	16
 448 01a4 34       		.byte	52
 449 01a5 04       		.byte	4
 450 01a6 37       		.byte	55
 451 01a7 41       		.byte	65
 452 01a8 38       		.byte	56
 453 01a9 20       		.byte	32
 454 01aa 39       		.byte	57
 455 01ab 8A       		.byte	-118
 456 01ac 3A       		.byte	58
ARM GAS  C:\Users\mitchell\AppData\Local\Temp\ccfsx9cE.s 			page 9


 457 01ad 54       		.byte	84
 458 01ae 3B       		.byte	59
 459 01af 21       		.byte	33
 460 01b0 3F       		.byte	63
 461 01b1 54       		.byte	84
 462 01b2 41       		.byte	65
 463 01b3 01       		.byte	1
 464 01b4 42       		.byte	66
 465 01b5 40       		.byte	64
 466 01b6 48       		.byte	72
 467 01b7 02       		.byte	2
 468 01b8 49       		.byte	73
 469 01b9 40       		.byte	64
 470 01ba 5B       		.byte	91
 471 01bb 80       		.byte	-128
 472 01bc 60       		.byte	96
 473 01bd 02       		.byte	2
 474 01be 87       		.byte	-121
 475 01bf 01       		.byte	1
 476 01c0 8B       		.byte	-117
 477 01c1 50       		.byte	80
 478 01c2 8D       		.byte	-115
 479 01c3 40       		.byte	64
 480 01c4 90       		.byte	-112
 481 01c5 20       		.byte	32
 482 01c6 91       		.byte	-111
 483 01c7 08       		.byte	8
 484 01c8 95       		.byte	-107
 485 01c9 80       		.byte	-128
 486 01ca 96       		.byte	-106
 487 01cb 80       		.byte	-128
 488 01cc 97       		.byte	-105
 489 01cd 01       		.byte	1
 490 01ce 99       		.byte	-103
 491 01cf 01       		.byte	1
 492 01d0 9D       		.byte	-99
 493 01d1 04       		.byte	4
 494 01d2 9E       		.byte	-98
 495 01d3 40       		.byte	64
 496 01d4 9F       		.byte	-97
 497 01d5 10       		.byte	16
 498 01d6 A4       		.byte	-92
 499 01d7 80       		.byte	-128
 500 01d8 A7       		.byte	-89
 501 01d9 34       		.byte	52
 502 01da AB       		.byte	-85
 503 01db 04       		.byte	4
 504 01dc C0       		.byte	-64
 505 01dd 8F       		.byte	-113
 506 01de C2       		.byte	-62
 507 01df FF       		.byte	-1
 508 01e0 C4       		.byte	-60
 509 01e1 CF       		.byte	-49
 510 01e2 CA       		.byte	-54
 511 01e3 8F       		.byte	-113
 512 01e4 CC       		.byte	-52
 513 01e5 DF       		.byte	-33
ARM GAS  C:\Users\mitchell\AppData\Local\Temp\ccfsx9cE.s 			page 10


 514 01e6 CE       		.byte	-50
 515 01e7 7F       		.byte	127
 516 01e8 D6       		.byte	-42
 517 01e9 08       		.byte	8
 518 01ea D8       		.byte	-40
 519 01eb 08       		.byte	8
 520 01ec E2       		.byte	-30
 521 01ed 06       		.byte	6
 522 01ee 00       		.byte	0
 523 01ef 04       		.byte	4
 524 01f0 02       		.byte	2
 525 01f1 01       		.byte	1
 526 01f2 04       		.byte	4
 527 01f3 07       		.byte	7
 528 01f4 06       		.byte	6
 529 01f5 08       		.byte	8
 530 01f6 07       		.byte	7
 531 01f7 01       		.byte	1
 532 01f8 09       		.byte	9
 533 01f9 04       		.byte	4
 534 01fa 0C       		.byte	12
 535 01fb 0A       		.byte	10
 536 01fc 0D       		.byte	13
 537 01fd 04       		.byte	4
 538 01fe 0E       		.byte	14
 539 01ff 05       		.byte	5
 540 0200 10       		.byte	16
 541 0201 20       		.byte	32
 542 0202 14       		.byte	20
 543 0203 0F       		.byte	15
 544 0204 1A       		.byte	26
 545 0205 02       		.byte	2
 546 0206 26       		.byte	38
 547 0207 30       		.byte	48
 548 0208 29       		.byte	41
 549 0209 01       		.byte	1
 550 020a 2C       		.byte	44
 551 020b 01       		.byte	1
 552 020c 2F       		.byte	47
 553 020d 02       		.byte	2
 554 020e 30       		.byte	48
 555 020f 10       		.byte	16
 556 0210 32       		.byte	50
 557 0211 20       		.byte	32
 558 0212 33       		.byte	51
 559 0213 04       		.byte	4
 560 0214 34       		.byte	52
 561 0215 03       		.byte	3
 562 0216 35       		.byte	53
 563 0217 03       		.byte	3
 564 0218 36       		.byte	54
 565 0219 0C       		.byte	12
 566 021a 39       		.byte	57
 567 021b 08       		.byte	8
 568 021c 3F       		.byte	63
 569 021d 04       		.byte	4
 570 021e 56       		.byte	86
ARM GAS  C:\Users\mitchell\AppData\Local\Temp\ccfsx9cE.s 			page 11


 571 021f 02       		.byte	2
 572 0220 57       		.byte	87
 573 0221 3A       		.byte	58
 574 0222 58       		.byte	88
 575 0223 0C       		.byte	12
 576 0224 59       		.byte	89
 577 0225 04       		.byte	4
 578 0226 5B       		.byte	91
 579 0227 0C       		.byte	12
 580 0228 5C       		.byte	92
 581 0229 93       		.byte	-109
 582 022a 5D       		.byte	93
 583 022b 30       		.byte	48
 584 022c 5F       		.byte	95
 585 022d 01       		.byte	1
 586 022e D8       		.byte	-40
 587 022f 04       		.byte	4
 588 0230 D9       		.byte	-39
 589 0231 04       		.byte	4
 590 0232 DC       		.byte	-36
 591 0233 33       		.byte	51
 592 0234 DF       		.byte	-33
 593 0235 01       		.byte	1
 594 0236 01       		.byte	1
 595 0237 81       		.byte	-127
 596 0238 03       		.byte	3
 597 0239 20       		.byte	32
 598 023a 05       		.byte	5
 599 023b 05       		.byte	5
 600 023c 08       		.byte	8
 601 023d 08       		.byte	8
 602 023e 0A       		.byte	10
 603 023f 44       		.byte	68
 604 0240 0D       		.byte	13
 605 0241 01       		.byte	1
 606 0242 0F       		.byte	15
 607 0243 20       		.byte	32
 608 0244 13       		.byte	19
 609 0245 84       		.byte	-124
 610 0246 15       		.byte	21
 611 0247 90       		.byte	-112
 612 0248 16       		.byte	22
 613 0249 14       		.byte	20
 614 024a 19       		.byte	25
 615 024b 88       		.byte	-120
 616 024c 1A       		.byte	26
 617 024d 40       		.byte	64
 618 024e 1B       		.byte	27
 619 024f 24       		.byte	36
 620 0250 21       		.byte	33
 621 0251 08       		.byte	8
 622 0252 23       		.byte	35
 623 0253 04       		.byte	4
 624 0254 28       		.byte	40
 625 0255 02       		.byte	2
 626 0256 2B       		.byte	43
 627 0257 04       		.byte	4
ARM GAS  C:\Users\mitchell\AppData\Local\Temp\ccfsx9cE.s 			page 12


 628 0258 2D       		.byte	45
 629 0259 10       		.byte	16
 630 025a 2F       		.byte	47
 631 025b 10       		.byte	16
 632 025c 35       		.byte	53
 633 025d 04       		.byte	4
 634 025e 36       		.byte	54
 635 025f 82       		.byte	-126
 636 0260 38       		.byte	56
 637 0261 80       		.byte	-128
 638 0262 39       		.byte	57
 639 0263 20       		.byte	32
 640 0264 3B       		.byte	59
 641 0265 04       		.byte	4
 642 0266 3F       		.byte	63
 643 0267 A0       		.byte	-96
 644 0268 40       		.byte	64
 645 0269 08       		.byte	8
 646 026a 41       		.byte	65
 647 026b 10       		.byte	16
 648 026c 58       		.byte	88
 649 026d 08       		.byte	8
 650 026e 61       		.byte	97
 651 026f 08       		.byte	8
 652 0270 68       		.byte	104
 653 0271 88       		.byte	-120
 654 0272 6A       		.byte	106
 655 0273 A2       		.byte	-94
 656 0274 6B       		.byte	107
 657 0275 10       		.byte	16
 658 0276 71       		.byte	113
 659 0277 70       		.byte	112
 660 0278 73       		.byte	115
 661 0279 80       		.byte	-128
 662 027a 79       		.byte	121
 663 027b 40       		.byte	64
 664 027c 83       		.byte	-125
 665 027d 20       		.byte	32
 666 027e 84       		.byte	-124
 667 027f 01       		.byte	1
 668 0280 90       		.byte	-112
 669 0281 80       		.byte	-128
 670 0282 91       		.byte	-111
 671 0283 01       		.byte	1
 672 0284 93       		.byte	-109
 673 0285 60       		.byte	96
 674 0286 95       		.byte	-107
 675 0287 82       		.byte	-126
 676 0288 96       		.byte	-106
 677 0289 82       		.byte	-126
 678 028a 98       		.byte	-104
 679 028b 02       		.byte	2
 680 028c 99       		.byte	-103
 681 028d 01       		.byte	1
 682 028e 9A       		.byte	-102
 683 028f 14       		.byte	20
 684 0290 9C       		.byte	-100
ARM GAS  C:\Users\mitchell\AppData\Local\Temp\ccfsx9cE.s 			page 13


 685 0291 45       		.byte	69
 686 0292 9D       		.byte	-99
 687 0293 54       		.byte	84
 688 0294 9F       		.byte	-97
 689 0295 10       		.byte	16
 690 0296 A3       		.byte	-93
 691 0297 50       		.byte	80
 692 0298 A4       		.byte	-92
 693 0299 88       		.byte	-120
 694 029a A5       		.byte	-91
 695 029b 20       		.byte	32
 696 029c A7       		.byte	-89
 697 029d 04       		.byte	4
 698 029e AB       		.byte	-85
 699 029f 80       		.byte	-128
 700 02a0 AD       		.byte	-83
 701 02a1 01       		.byte	1
 702 02a2 AF       		.byte	-81
 703 02a3 04       		.byte	4
 704 02a4 B1       		.byte	-79
 705 02a5 05       		.byte	5
 706 02a6 B4       		.byte	-76
 707 02a7 50       		.byte	80
 708 02a8 B7       		.byte	-73
 709 02a9 10       		.byte	16
 710 02aa C0       		.byte	-64
 711 02ab 3D       		.byte	61
 712 02ac C2       		.byte	-62
 713 02ad 3E       		.byte	62
 714 02ae C4       		.byte	-60
 715 02af E5       		.byte	-27
 716 02b0 CA       		.byte	-54
 717 02b1 6C       		.byte	108
 718 02b2 CC       		.byte	-52
 719 02b3 D0       		.byte	-48
 720 02b4 CE       		.byte	-50
 721 02b5 3E       		.byte	62
 722 02b6 D6       		.byte	-42
 723 02b7 02       		.byte	2
 724 02b8 D8       		.byte	-40
 725 02b9 02       		.byte	2
 726 02ba DE       		.byte	-34
 727 02bb 08       		.byte	8
 728 02bc E2       		.byte	-30
 729 02bd 0A       		.byte	10
 730 02be E4       		.byte	-28
 731 02bf 04       		.byte	4
 732 02c0 EA       		.byte	-22
 733 02c1 0A       		.byte	10
 734 02c2 58       		.byte	88
 735 02c3 04       		.byte	4
 736 02c4 59       		.byte	89
 737 02c5 04       		.byte	4
 738 02c6 5C       		.byte	92
 739 02c7 32       		.byte	50
 740 02c8 5F       		.byte	95
 741 02c9 01       		.byte	1
ARM GAS  C:\Users\mitchell\AppData\Local\Temp\ccfsx9cE.s 			page 14


 742 02ca 96       		.byte	-106
 743 02cb 01       		.byte	1
 744 02cc 9B       		.byte	-101
 745 02cd 02       		.byte	2
 746 02ce 9F       		.byte	-97
 747 02cf 01       		.byte	1
 748 02d0 B1       		.byte	-79
 749 02d1 02       		.byte	2
 750 02d2 B2       		.byte	-78
 751 02d3 01       		.byte	1
 752 02d4 B7       		.byte	-73
 753 02d5 01       		.byte	1
 754 02d6 D2       		.byte	-46
 755 02d7 07       		.byte	7
 756 02d8 D3       		.byte	-45
 757 02d9 06       		.byte	6
 758 02da D8       		.byte	-40
 759 02db 04       		.byte	4
 760 02dc D9       		.byte	-39
 761 02dd 04       		.byte	4
 762 02de DB       		.byte	-37
 763 02df 04       		.byte	4
 764 02e0 DC       		.byte	-36
 765 02e1 33       		.byte	51
 766 02e2 DD       		.byte	-35
 767 02e3 30       		.byte	48
 768 02e4 DF       		.byte	-33
 769 02e5 01       		.byte	1
 770 02e6 01       		.byte	1
 771 02e7 20       		.byte	32
 772 02e8 02       		.byte	2
 773 02e9 80       		.byte	-128
 774 02ea 06       		.byte	6
 775 02eb 02       		.byte	2
 776 02ec 07       		.byte	7
 777 02ed 08       		.byte	8
 778 02ee 09       		.byte	9
 779 02ef 02       		.byte	2
 780 02f0 0A       		.byte	10
 781 02f1 20       		.byte	32
 782 02f2 0B       		.byte	11
 783 02f3 04       		.byte	4
 784 02f4 0C       		.byte	12
 785 02f5 40       		.byte	64
 786 02f6 0F       		.byte	15
 787 02f7 40       		.byte	64
 788 02f8 11       		.byte	17
 789 02f9 80       		.byte	-128
 790 02fa 12       		.byte	18
 791 02fb 18       		.byte	24
 792 02fc 14       		.byte	20
 793 02fd 04       		.byte	4
 794 02fe 15       		.byte	21
 795 02ff 01       		.byte	1
 796 0300 17       		.byte	23
 797 0301 40       		.byte	64
 798 0302 19       		.byte	25
ARM GAS  C:\Users\mitchell\AppData\Local\Temp\ccfsx9cE.s 			page 15


 799 0303 04       		.byte	4
 800 0304 20       		.byte	32
 801 0305 80       		.byte	-128
 802 0306 21       		.byte	33
 803 0307 43       		.byte	67
 804 0308 22       		.byte	34
 805 0309 82       		.byte	-126
 806 030a 28       		.byte	40
 807 030b 10       		.byte	16
 808 030c 29       		.byte	41
 809 030d 24       		.byte	36
 810 030e 2B       		.byte	43
 811 030f C0       		.byte	-64
 812 0310 2D       		.byte	45
 813 0311 20       		.byte	32
 814 0312 2F       		.byte	47
 815 0313 80       		.byte	-128
 816 0314 31       		.byte	49
 817 0315 52       		.byte	82
 818 0316 35       		.byte	53
 819 0317 04       		.byte	4
 820 0318 36       		.byte	54
 821 0319 88       		.byte	-120
 822 031a 39       		.byte	57
 823 031b 80       		.byte	-128
 824 031c 3A       		.byte	58
 825 031d 34       		.byte	52
 826 031e 3B       		.byte	59
 827 031f 04       		.byte	4
 828 0320 3C       		.byte	60
 829 0321 80       		.byte	-128
 830 0322 3E       		.byte	62
 831 0323 20       		.byte	32
 832 0324 3F       		.byte	63
 833 0325 04       		.byte	4
 834 0326 69       		.byte	105
 835 0327 60       		.byte	96
 836 0328 6A       		.byte	106
 837 0329 04       		.byte	4
 838 032a 8D       		.byte	-115
 839 032b 04       		.byte	4
 840 032c 8F       		.byte	-113
 841 032d 80       		.byte	-128
 842 032e 92       		.byte	-110
 843 032f 20       		.byte	32
 844 0330 93       		.byte	-109
 845 0331 40       		.byte	64
 846 0332 95       		.byte	-107
 847 0333 E2       		.byte	-30
 848 0334 96       		.byte	-106
 849 0335 04       		.byte	4
 850 0336 98       		.byte	-104
 851 0337 04       		.byte	4
 852 0338 99       		.byte	-103
 853 0339 58       		.byte	88
 854 033a 9A       		.byte	-102
 855 033b 14       		.byte	20
ARM GAS  C:\Users\mitchell\AppData\Local\Temp\ccfsx9cE.s 			page 16


 856 033c 9C       		.byte	-100
 857 033d 40       		.byte	64
 858 033e 9D       		.byte	-99
 859 033f 04       		.byte	4
 860 0340 A3       		.byte	-93
 861 0341 50       		.byte	80
 862 0342 A6       		.byte	-90
 863 0343 82       		.byte	-126
 864 0344 B0       		.byte	-80
 865 0345 04       		.byte	4
 866 0346 C0       		.byte	-64
 867 0347 CA       		.byte	-54
 868 0348 C2       		.byte	-62
 869 0349 9E       		.byte	-98
 870 034a C4       		.byte	-60
 871 034b D7       		.byte	-41
 872 034c CA       		.byte	-54
 873 034d A7       		.byte	-89
 874 034e CC       		.byte	-52
 875 034f 5D       		.byte	93
 876 0350 CE       		.byte	-50
 877 0351 7E       		.byte	126
 878 0352 E6       		.byte	-26
 879 0353 10       		.byte	16
 880 0354 03       		.byte	3
 881 0355 08       		.byte	8
 882 0356 05       		.byte	5
 883 0357 08       		.byte	8
 884 0358 09       		.byte	9
 885 0359 20       		.byte	32
 886 035a 0B       		.byte	11
 887 035b 10       		.byte	16
 888 035c 0F       		.byte	15
 889 035d 04       		.byte	4
 890 035e 13       		.byte	19
 891 035f 01       		.byte	1
 892 0360 17       		.byte	23
 893 0361 02       		.byte	2
 894 0362 19       		.byte	25
 895 0363 01       		.byte	1
 896 0364 1D       		.byte	29
 897 0365 04       		.byte	4
 898 0366 21       		.byte	33
 899 0367 02       		.byte	2
 900 0368 25       		.byte	37
 901 0369 10       		.byte	16
 902 036a 27       		.byte	39
 903 036b 20       		.byte	32
 904 036c 29       		.byte	41
 905 036d 40       		.byte	64
 906 036e 2B       		.byte	43
 907 036f 80       		.byte	-128
 908 0370 2D       		.byte	45
 909 0371 80       		.byte	-128
 910 0372 2F       		.byte	47
 911 0373 40       		.byte	64
 912 0374 33       		.byte	51
ARM GAS  C:\Users\mitchell\AppData\Local\Temp\ccfsx9cE.s 			page 17


 913 0375 FF       		.byte	-1
 914 0376 3F       		.byte	63
 915 0377 04       		.byte	4
 916 0378 56       		.byte	86
 917 0379 02       		.byte	2
 918 037a 57       		.byte	87
 919 037b 31       		.byte	49
 920 037c 58       		.byte	88
 921 037d 04       		.byte	4
 922 037e 59       		.byte	89
 923 037f 04       		.byte	4
 924 0380 5B       		.byte	91
 925 0381 0C       		.byte	12
 926 0382 5C       		.byte	92
 927 0383 02       		.byte	2
 928 0384 5D       		.byte	93
 929 0385 20       		.byte	32
 930 0386 5F       		.byte	95
 931 0387 01       		.byte	1
 932 0388 D8       		.byte	-40
 933 0389 04       		.byte	4
 934 038a D9       		.byte	-39
 935 038b 04       		.byte	4
 936 038c DC       		.byte	-36
 937 038d 33       		.byte	51
 938 038e DF       		.byte	-33
 939 038f 01       		.byte	1
 940 0390 01       		.byte	1
 941 0391 20       		.byte	32
 942 0392 05       		.byte	5
 943 0393 40       		.byte	64
 944 0394 06       		.byte	6
 945 0395 80       		.byte	-128
 946 0396 07       		.byte	7
 947 0397 08       		.byte	8
 948 0398 08       		.byte	8
 949 0399 02       		.byte	2
 950 039a 09       		.byte	9
 951 039b A0       		.byte	-96
 952 039c 0B       		.byte	11
 953 039d 10       		.byte	16
 954 039e 0D       		.byte	13
 955 039f 02       		.byte	2
 956 03a0 10       		.byte	16
 957 03a1 02       		.byte	2
 958 03a2 13       		.byte	19
 959 03a3 01       		.byte	1
 960 03a4 15       		.byte	21
 961 03a5 14       		.byte	20
 962 03a6 17       		.byte	23
 963 03a7 01       		.byte	1
 964 03a8 27       		.byte	39
 965 03a9 20       		.byte	32
 966 03aa 28       		.byte	40
 967 03ab 02       		.byte	2
 968 03ac 29       		.byte	41
 969 03ad 20       		.byte	32
ARM GAS  C:\Users\mitchell\AppData\Local\Temp\ccfsx9cE.s 			page 18


 970 03ae 2D       		.byte	45
 971 03af 54       		.byte	84
 972 03b0 2E       		.byte	46
 973 03b1 0A       		.byte	10
 974 03b2 2F       		.byte	47
 975 03b3 14       		.byte	20
 976 03b4 30       		.byte	48
 977 03b5 02       		.byte	2
 978 03b6 31       		.byte	49
 979 03b7 A1       		.byte	-95
 980 03b8 34       		.byte	52
 981 03b9 84       		.byte	-124
 982 03ba 35       		.byte	53
 983 03bb 12       		.byte	18
 984 03bc 37       		.byte	55
 985 03bd 49       		.byte	73
 986 03be 38       		.byte	56
 987 03bf 80       		.byte	-128
 988 03c0 3B       		.byte	59
 989 03c1 10       		.byte	16
 990 03c2 3D       		.byte	61
 991 03c3 A2       		.byte	-94
 992 03c4 3E       		.byte	62
 993 03c5 84       		.byte	-124
 994 03c6 5E       		.byte	94
 995 03c7 20       		.byte	32
 996 03c8 65       		.byte	101
 997 03c9 80       		.byte	-128
 998 03ca 6C       		.byte	108
 999 03cb 14       		.byte	20
 1000 03cc 6D       		.byte	109
 1001 03cd 60       		.byte	96
 1002 03ce 6E       		.byte	110
 1003 03cf 04       		.byte	4
 1004 03d0 6F       		.byte	111
 1005 03d1 40       		.byte	64
 1006 03d2 74       		.byte	116
 1007 03d3 B0       		.byte	-80
 1008 03d4 75       		.byte	117
 1009 03d5 10       		.byte	16
 1010 03d6 76       		.byte	118
 1011 03d7 42       		.byte	66
 1012 03d8 7F       		.byte	127
 1013 03d9 02       		.byte	2
 1014 03da 82       		.byte	-126
 1015 03db 40       		.byte	64
 1016 03dc 8D       		.byte	-115
 1017 03dd 20       		.byte	32
 1018 03de 93       		.byte	-109
 1019 03df 18       		.byte	24
 1020 03e0 94       		.byte	-108
 1021 03e1 20       		.byte	32
 1022 03e2 95       		.byte	-107
 1023 03e3 40       		.byte	64
 1024 03e4 96       		.byte	-106
 1025 03e5 04       		.byte	4
 1026 03e6 97       		.byte	-105
ARM GAS  C:\Users\mitchell\AppData\Local\Temp\ccfsx9cE.s 			page 19


 1027 03e7 A0       		.byte	-96
 1028 03e8 98       		.byte	-104
 1029 03e9 02       		.byte	2
 1030 03ea 99       		.byte	-103
 1031 03eb 41       		.byte	65
 1032 03ec 9B       		.byte	-101
 1033 03ed 09       		.byte	9
 1034 03ee 9C       		.byte	-100
 1035 03ef 80       		.byte	-128
 1036 03f0 9D       		.byte	-99
 1037 03f1 20       		.byte	32
 1038 03f2 9E       		.byte	-98
 1039 03f3 08       		.byte	8
 1040 03f4 9F       		.byte	-97
 1041 03f5 20       		.byte	32
 1042 03f6 A1       		.byte	-95
 1043 03f7 43       		.byte	67
 1044 03f8 A4       		.byte	-92
 1045 03f9 B0       		.byte	-80
 1046 03fa A5       		.byte	-91
 1047 03fb 20       		.byte	32
 1048 03fc B2       		.byte	-78
 1049 03fd 01       		.byte	1
 1050 03fe C0       		.byte	-64
 1051 03ff D2       		.byte	-46
 1052 0400 C2       		.byte	-62
 1053 0401 1F       		.byte	31
 1054 0402 C4       		.byte	-60
 1055 0403 79       		.byte	121
 1056 0404 CA       		.byte	-54
 1057 0405 FC       		.byte	-4
 1058 0406 CC       		.byte	-52
 1059 0407 FD       		.byte	-3
 1060 0408 CE       		.byte	-50
 1061 0409 FC       		.byte	-4
 1062 040a D6       		.byte	-42
 1063 040b 20       		.byte	32
 1064 040c D8       		.byte	-40
 1065 040d 10       		.byte	16
 1066 040e DE       		.byte	-34
 1067 040f 10       		.byte	16
 1068 0410 E0       		.byte	-32
 1069 0411 14       		.byte	20
 1070 0412 EE       		.byte	-18
 1071 0413 80       		.byte	-128
 1072 0414 58       		.byte	88
 1073 0415 04       		.byte	4
 1074 0416 59       		.byte	89
 1075 0417 04       		.byte	4
 1076 0418 5C       		.byte	92
 1077 0419 33       		.byte	51
 1078 041a 5F       		.byte	95
 1079 041b 01       		.byte	1
 1080 041c 80       		.byte	-128
 1081 041d 01       		.byte	1
 1082 041e 86       		.byte	-122
 1083 041f 10       		.byte	16
ARM GAS  C:\Users\mitchell\AppData\Local\Temp\ccfsx9cE.s 			page 20


 1084 0420 8A       		.byte	-118
 1085 0421 08       		.byte	8
 1086 0422 8B       		.byte	-117
 1087 0423 04       		.byte	4
 1088 0424 90       		.byte	-112
 1089 0425 08       		.byte	8
 1090 0426 9A       		.byte	-102
 1091 0427 01       		.byte	1
 1092 0428 9E       		.byte	-98
 1093 0429 02       		.byte	2
 1094 042a A2       		.byte	-94
 1095 042b 04       		.byte	4
 1096 042c A3       		.byte	-93
 1097 042d 01       		.byte	1
 1098 042e A4       		.byte	-92
 1099 042f 02       		.byte	2
 1100 0430 A7       		.byte	-89
 1101 0431 02       		.byte	2
 1102 0432 AC       		.byte	-84
 1103 0433 04       		.byte	4
 1104 0434 B1       		.byte	-79
 1105 0435 02       		.byte	2
 1106 0436 B5       		.byte	-75
 1107 0437 01       		.byte	1
 1108 0438 B6       		.byte	-74
 1109 0439 1F       		.byte	31
 1110 043a B7       		.byte	-73
 1111 043b 04       		.byte	4
 1112 043c B8       		.byte	-72
 1113 043d 80       		.byte	-128
 1114 043e BE       		.byte	-66
 1115 043f 40       		.byte	64
 1116 0440 D8       		.byte	-40
 1117 0441 04       		.byte	4
 1118 0442 D9       		.byte	-39
 1119 0443 04       		.byte	4
 1120 0444 DC       		.byte	-36
 1121 0445 22       		.byte	34
 1122 0446 DF       		.byte	-33
 1123 0447 01       		.byte	1
 1124 0448 01       		.byte	1
 1125 0449 20       		.byte	32
 1126 044a 03       		.byte	3
 1127 044b 40       		.byte	64
 1128 044c 04       		.byte	4
 1129 044d 22       		.byte	34
 1130 044e 05       		.byte	5
 1131 044f 40       		.byte	64
 1132 0450 07       		.byte	7
 1133 0451 20       		.byte	32
 1134 0452 08       		.byte	8
 1135 0453 02       		.byte	2
 1136 0454 09       		.byte	9
 1137 0455 20       		.byte	32
 1138 0456 0B       		.byte	11
 1139 0457 10       		.byte	16
 1140 0458 0C       		.byte	12
ARM GAS  C:\Users\mitchell\AppData\Local\Temp\ccfsx9cE.s 			page 21


 1141 0459 A0       		.byte	-96
 1142 045a 0D       		.byte	13
 1143 045b 02       		.byte	2
 1144 045c 0E       		.byte	14
 1145 045d 20       		.byte	32
 1146 045e 10       		.byte	16
 1147 045f 06       		.byte	6
 1148 0460 11       		.byte	17
 1149 0461 20       		.byte	32
 1150 0462 14       		.byte	20
 1151 0463 80       		.byte	-128
 1152 0464 16       		.byte	22
 1153 0465 8A       		.byte	-118
 1154 0466 17       		.byte	23
 1155 0467 08       		.byte	8
 1156 0468 1D       		.byte	29
 1157 0469 40       		.byte	64
 1158 046a 1E       		.byte	30
 1159 046b 01       		.byte	1
 1160 046c 24       		.byte	36
 1161 046d 02       		.byte	2
 1162 046e 25       		.byte	37
 1163 046f 03       		.byte	3
 1164 0470 27       		.byte	39
 1165 0471 09       		.byte	9
 1166 0472 28       		.byte	40
 1167 0473 02       		.byte	2
 1168 0474 29       		.byte	41
 1169 0475 20       		.byte	32
 1170 0476 2C       		.byte	44
 1171 0477 80       		.byte	-128
 1172 0478 2E       		.byte	46
 1173 0479 04       		.byte	4
 1174 047a 30       		.byte	48
 1175 047b 06       		.byte	6
 1176 047c 31       		.byte	49
 1177 047d 21       		.byte	33
 1178 047e 33       		.byte	51
 1179 047f 40       		.byte	64
 1180 0480 35       		.byte	53
 1181 0481 40       		.byte	64
 1182 0482 36       		.byte	54
 1183 0483 10       		.byte	16
 1184 0484 37       		.byte	55
 1185 0485 09       		.byte	9
 1186 0486 3B       		.byte	59
 1187 0487 10       		.byte	16
 1188 0488 3C       		.byte	60
 1189 0489 20       		.byte	32
 1190 048a 3D       		.byte	61
 1191 048b 82       		.byte	-126
 1192 048c 3E       		.byte	62
 1193 048d 08       		.byte	8
 1194 048e 45       		.byte	69
 1195 048f 40       		.byte	64
 1196 0490 46       		.byte	70
 1197 0491 02       		.byte	2
ARM GAS  C:\Users\mitchell\AppData\Local\Temp\ccfsx9cE.s 			page 22


 1198 0492 84       		.byte	-124
 1199 0493 40       		.byte	64
 1200 0494 87       		.byte	-121
 1201 0495 41       		.byte	65
 1202 0496 93       		.byte	-109
 1203 0497 18       		.byte	24
 1204 0498 94       		.byte	-108
 1205 0499 02       		.byte	2
 1206 049a 95       		.byte	-107
 1207 049b 40       		.byte	64
 1208 049c 96       		.byte	-106
 1209 049d 01       		.byte	1
 1210 049e 97       		.byte	-105
 1211 049f 20       		.byte	32
 1212 04a0 98       		.byte	-104
 1213 04a1 02       		.byte	2
 1214 04a2 99       		.byte	-103
 1215 04a3 01       		.byte	1
 1216 04a4 9B       		.byte	-101
 1217 04a5 40       		.byte	64
 1218 04a6 9D       		.byte	-99
 1219 04a7 20       		.byte	32
 1220 04a8 9E       		.byte	-98
 1221 04a9 80       		.byte	-128
 1222 04aa 9F       		.byte	-97
 1223 04ab 08       		.byte	8
 1224 04ac A1       		.byte	-95
 1225 04ad 50       		.byte	80
 1226 04ae A2       		.byte	-94
 1227 04af 10       		.byte	16
 1228 04b0 A4       		.byte	-92
 1229 04b1 40       		.byte	64
 1230 04b2 A5       		.byte	-91
 1231 04b3 03       		.byte	3
 1232 04b4 AD       		.byte	-83
 1233 04b5 02       		.byte	2
 1234 04b6 AF       		.byte	-81
 1235 04b7 20       		.byte	32
 1236 04b8 B0       		.byte	-80
 1237 04b9 02       		.byte	2
 1238 04ba B3       		.byte	-77
 1239 04bb 10       		.byte	16
 1240 04bc B4       		.byte	-76
 1241 04bd 04       		.byte	4
 1242 04be B5       		.byte	-75
 1243 04bf 01       		.byte	1
 1244 04c0 B7       		.byte	-73
 1245 04c1 40       		.byte	64
 1246 04c2 C0       		.byte	-64
 1247 04c3 FA       		.byte	-6
 1248 04c4 C2       		.byte	-62
 1249 04c5 FE       		.byte	-2
 1250 04c6 C4       		.byte	-60
 1251 04c7 F3       		.byte	-13
 1252 04c8 CA       		.byte	-54
 1253 04c9 CC       		.byte	-52
 1254 04ca CC       		.byte	-52
ARM GAS  C:\Users\mitchell\AppData\Local\Temp\ccfsx9cE.s 			page 23


 1255 04cb FF       		.byte	-1
 1256 04cc CE       		.byte	-50
 1257 04cd F4       		.byte	-12
 1258 04ce E4       		.byte	-28
 1259 04cf 04       		.byte	4
 1260 04d0 E8       		.byte	-24
 1261 04d1 30       		.byte	48
 1262 04d2 EA       		.byte	-22
 1263 04d3 08       		.byte	8
 1264 04d4 EC       		.byte	-20
 1265 04d5 C0       		.byte	-64
 1266 04d6 EE       		.byte	-18
 1267 04d7 10       		.byte	16
 1268 04d8 2E       		.byte	46
 1269 04d9 01       		.byte	1
 1270 04da 2F       		.byte	47
 1271 04db 01       		.byte	1
 1272 04dc 32       		.byte	50
 1273 04dd 01       		.byte	1
 1274 04de 37       		.byte	55
 1275 04df 01       		.byte	1
 1276 04e0 58       		.byte	88
 1277 04e1 04       		.byte	4
 1278 04e2 59       		.byte	89
 1279 04e3 04       		.byte	4
 1280 04e4 5C       		.byte	92
 1281 04e5 22       		.byte	34
 1282 04e6 5F       		.byte	95
 1283 04e7 01       		.byte	1
 1284 04e8 D8       		.byte	-40
 1285 04e9 04       		.byte	4
 1286 04ea D9       		.byte	-39
 1287 04eb 04       		.byte	4
 1288 04ec DC       		.byte	-36
 1289 04ed 22       		.byte	34
 1290 04ee DF       		.byte	-33
 1291 04ef 01       		.byte	1
 1292 04f0 00       		.byte	0
 1293 04f1 90       		.byte	-112
 1294 04f2 04       		.byte	4
 1295 04f3 02       		.byte	2
 1296 04f4 07       		.byte	7
 1297 04f5 20       		.byte	32
 1298 04f6 09       		.byte	9
 1299 04f7 41       		.byte	65
 1300 04f8 0B       		.byte	11
 1301 04f9 20       		.byte	32
 1302 04fa 0C       		.byte	12
 1303 04fb 40       		.byte	64
 1304 04fc 0E       		.byte	14
 1305 04fd 27       		.byte	39
 1306 04fe 12       		.byte	18
 1307 04ff 01       		.byte	1
 1308 0500 13       		.byte	19
 1309 0501 08       		.byte	8
 1310 0502 15       		.byte	21
 1311 0503 40       		.byte	64
ARM GAS  C:\Users\mitchell\AppData\Local\Temp\ccfsx9cE.s 			page 24


 1312 0504 17       		.byte	23
 1313 0505 09       		.byte	9
 1314 0506 1C       		.byte	28
 1315 0507 10       		.byte	16
 1316 0508 1E       		.byte	30
 1317 0509 20       		.byte	32
 1318 050a 1F       		.byte	31
 1319 050b 04       		.byte	4
 1320 050c 25       		.byte	37
 1321 050d 40       		.byte	64
 1322 050e 27       		.byte	39
 1323 050f 01       		.byte	1
 1324 0510 28       		.byte	40
 1325 0511 40       		.byte	64
 1326 0512 2A       		.byte	42
 1327 0513 01       		.byte	1
 1328 0514 2E       		.byte	46
 1329 0515 84       		.byte	-124
 1330 0516 2F       		.byte	47
 1331 0517 14       		.byte	20
 1332 0518 30       		.byte	48
 1333 0519 20       		.byte	32
 1334 051a 31       		.byte	49
 1335 051b 02       		.byte	2
 1336 051c 36       		.byte	54
 1337 051d 01       		.byte	1
 1338 051e 37       		.byte	55
 1339 051f 08       		.byte	8
 1340 0520 38       		.byte	56
 1341 0521 02       		.byte	2
 1342 0522 3B       		.byte	59
 1343 0523 A8       		.byte	-88
 1344 0524 3C       		.byte	60
 1345 0525 80       		.byte	-128
 1346 0526 3D       		.byte	61
 1347 0527 02       		.byte	2
 1348 0528 3F       		.byte	63
 1349 0529 04       		.byte	4
 1350 052a 84       		.byte	-124
 1351 052b 20       		.byte	32
 1352 052c 85       		.byte	-123
 1353 052d 40       		.byte	64
 1354 052e 87       		.byte	-121
 1355 052f 04       		.byte	4
 1356 0530 8B       		.byte	-117
 1357 0531 58       		.byte	88
 1358 0532 8D       		.byte	-115
 1359 0533 10       		.byte	16
 1360 0534 94       		.byte	-108
 1361 0535 04       		.byte	4
 1362 0536 97       		.byte	-105
 1363 0537 10       		.byte	16
 1364 0538 9C       		.byte	-100
 1365 0539 02       		.byte	2
 1366 053a 9D       		.byte	-99
 1367 053b 20       		.byte	32
 1368 053c 9F       		.byte	-97
ARM GAS  C:\Users\mitchell\AppData\Local\Temp\ccfsx9cE.s 			page 25


 1369 053d 40       		.byte	64
 1370 053e A5       		.byte	-91
 1371 053f 10       		.byte	16
 1372 0540 B0       		.byte	-80
 1373 0541 01       		.byte	1
 1374 0542 B5       		.byte	-75
 1375 0543 01       		.byte	1
 1376 0544 C0       		.byte	-64
 1377 0545 33       		.byte	51
 1378 0546 C2       		.byte	-62
 1379 0547 ED       		.byte	-19
 1380 0548 C4       		.byte	-60
 1381 0549 B5       		.byte	-75
 1382 054a CA       		.byte	-54
 1383 054b 71       		.byte	113
 1384 054c CC       		.byte	-52
 1385 054d C5       		.byte	-59
 1386 054e CE       		.byte	-50
 1387 054f DF       		.byte	-33
 1388 0550 E2       		.byte	-30
 1389 0551 24       		.byte	36
 1390 0552 E4       		.byte	-28
 1391 0553 10       		.byte	16
 1392 0554 E6       		.byte	-26
 1393 0555 80       		.byte	-128
 1394 0556 05       		.byte	5
 1395 0557 01       		.byte	1
 1396 0558 0B       		.byte	11
 1397 0559 01       		.byte	1
 1398 055a 13       		.byte	19
 1399 055b 01       		.byte	1
 1400 055c 15       		.byte	21
 1401 055d 01       		.byte	1
 1402 055e 21       		.byte	33
 1403 055f 01       		.byte	1
 1404 0560 25       		.byte	37
 1405 0561 01       		.byte	1
 1406 0562 29       		.byte	41
 1407 0563 01       		.byte	1
 1408 0564 37       		.byte	55
 1409 0565 01       		.byte	1
 1410 0566 58       		.byte	88
 1411 0567 04       		.byte	4
 1412 0568 59       		.byte	89
 1413 0569 04       		.byte	4
 1414 056a 5C       		.byte	92
 1415 056b 33       		.byte	51
 1416 056c 5F       		.byte	95
 1417 056d 01       		.byte	1
 1418 056e 85       		.byte	-123
 1419 056f 01       		.byte	1
 1420 0570 89       		.byte	-119
 1421 0571 01       		.byte	1
 1422 0572 91       		.byte	-111
 1423 0573 01       		.byte	1
 1424 0574 95       		.byte	-107
 1425 0575 01       		.byte	1
ARM GAS  C:\Users\mitchell\AppData\Local\Temp\ccfsx9cE.s 			page 26


 1426 0576 99       		.byte	-103
 1427 0577 01       		.byte	1
 1428 0578 9F       		.byte	-97
 1429 0579 01       		.byte	1
 1430 057a A9       		.byte	-87
 1431 057b 01       		.byte	1
 1432 057c B1       		.byte	-79
 1433 057d 01       		.byte	1
 1434 057e D8       		.byte	-40
 1435 057f 04       		.byte	4
 1436 0580 D9       		.byte	-39
 1437 0581 04       		.byte	4
 1438 0582 DC       		.byte	-36
 1439 0583 33       		.byte	51
 1440 0584 DF       		.byte	-33
 1441 0585 01       		.byte	1
 1442 0586 00       		.byte	0
 1443 0587 04       		.byte	4
 1444 0588 01       		.byte	1
 1445 0589 20       		.byte	32
 1446 058a 04       		.byte	4
 1447 058b 04       		.byte	4
 1448 058c 05       		.byte	5
 1449 058d 21       		.byte	33
 1450 058e 08       		.byte	8
 1451 058f 12       		.byte	18
 1452 0590 09       		.byte	9
 1453 0591 10       		.byte	16
 1454 0592 0B       		.byte	11
 1455 0593 08       		.byte	8
 1456 0594 0C       		.byte	12
 1457 0595 10       		.byte	16
 1458 0596 0F       		.byte	15
 1459 0597 10       		.byte	16
 1460 0598 10       		.byte	16
 1461 0599 05       		.byte	5
 1462 059a 13       		.byte	19
 1463 059b 18       		.byte	24
 1464 059c 14       		.byte	20
 1465 059d 01       		.byte	1
 1466 059e 17       		.byte	23
 1467 059f 48       		.byte	72
 1468 05a0 20       		.byte	32
 1469 05a1 02       		.byte	2
 1470 05a2 25       		.byte	37
 1471 05a3 01       		.byte	1
 1472 05a4 28       		.byte	40
 1473 05a5 10       		.byte	16
 1474 05a6 29       		.byte	41
 1475 05a7 21       		.byte	33
 1476 05a8 2F       		.byte	47
 1477 05a9 04       		.byte	4
 1478 05aa 30       		.byte	48
 1479 05ab 05       		.byte	5
 1480 05ac 34       		.byte	52
 1481 05ad 06       		.byte	6
 1482 05ae 35       		.byte	53
ARM GAS  C:\Users\mitchell\AppData\Local\Temp\ccfsx9cE.s 			page 27


 1483 05af 21       		.byte	33
 1484 05b0 37       		.byte	55
 1485 05b1 40       		.byte	64
 1486 05b2 38       		.byte	56
 1487 05b3 24       		.byte	36
 1488 05b4 3C       		.byte	60
 1489 05b5 04       		.byte	4
 1490 05b6 3E       		.byte	62
 1491 05b7 20       		.byte	32
 1492 05b8 80       		.byte	-128
 1493 05b9 10       		.byte	16
 1494 05ba 82       		.byte	-126
 1495 05bb 20       		.byte	32
 1496 05bc 83       		.byte	-125
 1497 05bd 08       		.byte	8
 1498 05be C0       		.byte	-64
 1499 05bf 76       		.byte	118
 1500 05c0 C2       		.byte	-62
 1501 05c1 6A       		.byte	106
 1502 05c2 C4       		.byte	-60
 1503 05c3 A7       		.byte	-89
 1504 05c4 CA       		.byte	-54
 1505 05c5 27       		.byte	39
 1506 05c6 CC       		.byte	-52
 1507 05c7 F3       		.byte	-13
 1508 05c8 CE       		.byte	-50
 1509 05c9 66       		.byte	102
 1510 05ca 02       		.byte	2
 1511 05cb 05       		.byte	5
 1512 05cc 07       		.byte	7
 1513 05cd 07       		.byte	7
 1514 05ce 0B       		.byte	11
 1515 05cf 08       		.byte	8
 1516 05d0 0E       		.byte	14
 1517 05d1 04       		.byte	4
 1518 05d2 0F       		.byte	15
 1519 05d3 01       		.byte	1
 1520 05d4 12       		.byte	18
 1521 05d5 08       		.byte	8
 1522 05d6 15       		.byte	21
 1523 05d7 04       		.byte	4
 1524 05d8 1E       		.byte	30
 1525 05d9 02       		.byte	2
 1526 05da 24       		.byte	36
 1527 05db 03       		.byte	3
 1528 05dc 30       		.byte	48
 1529 05dd 08       		.byte	8
 1530 05de 31       		.byte	49
 1531 05df 01       		.byte	1
 1532 05e0 33       		.byte	51
 1533 05e1 02       		.byte	2
 1534 05e2 34       		.byte	52
 1535 05e3 04       		.byte	4
 1536 05e4 35       		.byte	53
 1537 05e5 08       		.byte	8
 1538 05e6 36       		.byte	54
 1539 05e7 03       		.byte	3
ARM GAS  C:\Users\mitchell\AppData\Local\Temp\ccfsx9cE.s 			page 28


 1540 05e8 37       		.byte	55
 1541 05e9 04       		.byte	4
 1542 05ea 3E       		.byte	62
 1543 05eb 10       		.byte	16
 1544 05ec 40       		.byte	64
 1545 05ed 40       		.byte	64
 1546 05ee 41       		.byte	65
 1547 05ef 03       		.byte	3
 1548 05f0 45       		.byte	69
 1549 05f1 24       		.byte	36
 1550 05f2 46       		.byte	70
 1551 05f3 5D       		.byte	93
 1552 05f4 47       		.byte	71
 1553 05f5 01       		.byte	1
 1554 05f6 48       		.byte	72
 1555 05f7 1F       		.byte	31
 1556 05f8 49       		.byte	73
 1557 05f9 FF       		.byte	-1
 1558 05fa 4A       		.byte	74
 1559 05fb FF       		.byte	-1
 1560 05fc 4B       		.byte	75
 1561 05fd FF       		.byte	-1
 1562 05fe 4D       		.byte	77
 1563 05ff A0       		.byte	-96
 1564 0600 4F       		.byte	79
 1565 0601 04       		.byte	4
 1566 0602 50       		.byte	80
 1567 0603 18       		.byte	24
 1568 0604 52       		.byte	82
 1569 0605 80       		.byte	-128
 1570 0606 54       		.byte	84
 1571 0607 07       		.byte	7
 1572 0608 58       		.byte	88
 1573 0609 04       		.byte	4
 1574 060a 59       		.byte	89
 1575 060b 04       		.byte	4
 1576 060c 5A       		.byte	90
 1577 060d 04       		.byte	4
 1578 060e 5B       		.byte	91
 1579 060f 04       		.byte	4
 1580 0610 5C       		.byte	92
 1581 0611 11       		.byte	17
 1582 0612 5D       		.byte	93
 1583 0613 11       		.byte	17
 1584 0614 5F       		.byte	95
 1585 0615 01       		.byte	1
 1586 0616 60       		.byte	96
 1587 0617 40       		.byte	64
 1588 0618 62       		.byte	98
 1589 0619 40       		.byte	64
 1590 061a 63       		.byte	99
 1591 061b A8       		.byte	-88
 1592 061c 64       		.byte	100
 1593 061d 40       		.byte	64
 1594 061e 65       		.byte	101
 1595 061f 40       		.byte	64
 1596 0620 66       		.byte	102
ARM GAS  C:\Users\mitchell\AppData\Local\Temp\ccfsx9cE.s 			page 29


 1597 0621 40       		.byte	64
 1598 0622 67       		.byte	103
 1599 0623 A8       		.byte	-88
 1600 0624 68       		.byte	104
 1601 0625 40       		.byte	64
 1602 0626 6A       		.byte	106
 1603 0627 40       		.byte	64
 1604 0628 6B       		.byte	107
 1605 0629 A8       		.byte	-88
 1606 062a 6C       		.byte	108
 1607 062b 40       		.byte	64
 1608 062c 6D       		.byte	109
 1609 062d 20       		.byte	32
 1610 062e 6E       		.byte	110
 1611 062f 40       		.byte	64
 1612 0630 6F       		.byte	111
 1613 0631 A8       		.byte	-88
 1614 0632 D8       		.byte	-40
 1615 0633 04       		.byte	4
 1616 0634 D9       		.byte	-39
 1617 0635 04       		.byte	4
 1618 0636 DC       		.byte	-36
 1619 0637 22       		.byte	34
 1620 0638 DF       		.byte	-33
 1621 0639 01       		.byte	1
 1622 063a 00       		.byte	0
 1623 063b 40       		.byte	64
 1624 063c 01       		.byte	1
 1625 063d 02       		.byte	2
 1626 063e 06       		.byte	6
 1627 063f 02       		.byte	2
 1628 0640 09       		.byte	9
 1629 0641 02       		.byte	2
 1630 0642 0A       		.byte	10
 1631 0643 01       		.byte	1
 1632 0644 0C       		.byte	12
 1633 0645 40       		.byte	64
 1634 0646 0F       		.byte	15
 1635 0647 40       		.byte	64
 1636 0648 12       		.byte	18
 1637 0649 20       		.byte	32
 1638 064a 14       		.byte	20
 1639 064b 04       		.byte	4
 1640 064c 15       		.byte	21
 1641 064d 41       		.byte	65
 1642 064e 17       		.byte	23
 1643 064f 48       		.byte	72
 1644 0650 18       		.byte	24
 1645 0651 40       		.byte	64
 1646 0652 1A       		.byte	26
 1647 0653 05       		.byte	5
 1648 0654 21       		.byte	33
 1649 0655 08       		.byte	8
 1650 0656 22       		.byte	34
 1651 0657 50       		.byte	80
 1652 0658 23       		.byte	35
 1653 0659 80       		.byte	-128
ARM GAS  C:\Users\mitchell\AppData\Local\Temp\ccfsx9cE.s 			page 30


 1654 065a 2C       		.byte	44
 1655 065b 04       		.byte	4
 1656 065c 2D       		.byte	45
 1657 065d 41       		.byte	65
 1658 065e 31       		.byte	49
 1659 065f 08       		.byte	8
 1660 0660 34       		.byte	52
 1661 0661 40       		.byte	64
 1662 0662 37       		.byte	55
 1663 0663 08       		.byte	8
 1664 0664 38       		.byte	56
 1665 0665 68       		.byte	104
 1666 0666 3E       		.byte	62
 1667 0667 02       		.byte	2
 1668 0668 3F       		.byte	63
 1669 0669 40       		.byte	64
 1670 066a 40       		.byte	64
 1671 066b 50       		.byte	80
 1672 066c 49       		.byte	73
 1673 066d 02       		.byte	2
 1674 066e 4A       		.byte	74
 1675 066f 20       		.byte	32
 1676 0670 50       		.byte	80
 1677 0671 14       		.byte	20
 1678 0672 52       		.byte	82
 1679 0673 40       		.byte	64
 1680 0674 58       		.byte	88
 1681 0675 01       		.byte	1
 1682 0676 5A       		.byte	90
 1683 0677 A4       		.byte	-92
 1684 0678 64       		.byte	100
 1685 0679 01       		.byte	1
 1686 067a 66       		.byte	102
 1687 067b 40       		.byte	64
 1688 067c 71       		.byte	113
 1689 067d 02       		.byte	2
 1690 067e 82       		.byte	-126
 1691 067f 02       		.byte	2
 1692 0680 87       		.byte	-121
 1693 0681 08       		.byte	8
 1694 0682 89       		.byte	-119
 1695 0683 01       		.byte	1
 1696 0684 90       		.byte	-112
 1697 0685 10       		.byte	16
 1698 0686 93       		.byte	-109
 1699 0687 40       		.byte	64
 1700 0688 95       		.byte	-107
 1701 0689 01       		.byte	1
 1702 068a 96       		.byte	-106
 1703 068b 01       		.byte	1
 1704 068c 98       		.byte	-104
 1705 068d 44       		.byte	68
 1706 068e 9B       		.byte	-101
 1707 068f 40       		.byte	64
 1708 0690 9D       		.byte	-99
 1709 0691 02       		.byte	2
 1710 0692 9E       		.byte	-98
ARM GAS  C:\Users\mitchell\AppData\Local\Temp\ccfsx9cE.s 			page 31


 1711 0693 02       		.byte	2
 1712 0694 9F       		.byte	-97
 1713 0695 88       		.byte	-120
 1714 0696 C0       		.byte	-64
 1715 0697 89       		.byte	-119
 1716 0698 C2       		.byte	-62
 1717 0699 99       		.byte	-103
 1718 069a C4       		.byte	-60
 1719 069b F4       		.byte	-12
 1720 069c CA       		.byte	-54
 1721 069d B0       		.byte	-80
 1722 069e CC       		.byte	-52
 1723 069f 52       		.byte	82
 1724 06a0 CE       		.byte	-50
 1725 06a1 9E       		.byte	-98
 1726 06a2 D0       		.byte	-48
 1727 06a3 03       		.byte	3
 1728 06a4 D6       		.byte	-42
 1729 06a5 0F       		.byte	15
 1730 06a6 E2       		.byte	-30
 1731 06a7 08       		.byte	8
 1732 06a8 E6       		.byte	-26
 1733 06a9 04       		.byte	4
 1734 06aa EC       		.byte	-20
 1735 06ab 08       		.byte	8
 1736 06ac 08       		.byte	8
 1737 06ad 01       		.byte	1
 1738 06ae 0C       		.byte	12
 1739 06af 01       		.byte	1
 1740 06b0 10       		.byte	16
 1741 06b1 01       		.byte	1
 1742 06b2 1C       		.byte	28
 1743 06b3 01       		.byte	1
 1744 06b4 20       		.byte	32
 1745 06b5 01       		.byte	1
 1746 06b6 2A       		.byte	42
 1747 06b7 01       		.byte	1
 1748 06b8 2C       		.byte	44
 1749 06b9 01       		.byte	1
 1750 06ba 30       		.byte	48
 1751 06bb 01       		.byte	1
 1752 06bc 58       		.byte	88
 1753 06bd 04       		.byte	4
 1754 06be 59       		.byte	89
 1755 06bf 04       		.byte	4
 1756 06c0 5C       		.byte	92
 1757 06c1 32       		.byte	50
 1758 06c2 5F       		.byte	95
 1759 06c3 01       		.byte	1
 1760 06c4 80       		.byte	-128
 1761 06c5 01       		.byte	1
 1762 06c6 9C       		.byte	-100
 1763 06c7 01       		.byte	1
 1764 06c8 B2       		.byte	-78
 1765 06c9 01       		.byte	1
 1766 06ca B8       		.byte	-72
 1767 06cb 08       		.byte	8
ARM GAS  C:\Users\mitchell\AppData\Local\Temp\ccfsx9cE.s 			page 32


 1768 06cc BE       		.byte	-66
 1769 06cd 04       		.byte	4
 1770 06ce D4       		.byte	-44
 1771 06cf 01       		.byte	1
 1772 06d0 D8       		.byte	-40
 1773 06d1 04       		.byte	4
 1774 06d2 D9       		.byte	-39
 1775 06d3 04       		.byte	4
 1776 06d4 DB       		.byte	-37
 1777 06d5 0C       		.byte	12
 1778 06d6 DC       		.byte	-36
 1779 06d7 33       		.byte	51
 1780 06d8 DD       		.byte	-35
 1781 06d9 30       		.byte	48
 1782 06da DF       		.byte	-33
 1783 06db 01       		.byte	1
 1784 06dc 01       		.byte	1
 1785 06dd 02       		.byte	2
 1786 06de 06       		.byte	6
 1787 06df 02       		.byte	2
 1788 06e0 07       		.byte	7
 1789 06e1 08       		.byte	8
 1790 06e2 08       		.byte	8
 1791 06e3 11       		.byte	17
 1792 06e4 09       		.byte	9
 1793 06e5 02       		.byte	2
 1794 06e6 0A       		.byte	10
 1795 06e7 11       		.byte	17
 1796 06e8 0C       		.byte	12
 1797 06e9 40       		.byte	64
 1798 06ea 0F       		.byte	15
 1799 06eb 40       		.byte	64
 1800 06ec 11       		.byte	17
 1801 06ed 80       		.byte	-128
 1802 06ee 12       		.byte	18
 1803 06ef 9C       		.byte	-100
 1804 06f0 14       		.byte	20
 1805 06f1 04       		.byte	4
 1806 06f2 15       		.byte	21
 1807 06f3 01       		.byte	1
 1808 06f4 17       		.byte	23
 1809 06f5 40       		.byte	64
 1810 06f6 18       		.byte	24
 1811 06f7 10       		.byte	16
 1812 06f8 1E       		.byte	30
 1813 06f9 80       		.byte	-128
 1814 06fa 28       		.byte	40
 1815 06fb 10       		.byte	16
 1816 06fc 2A       		.byte	42
 1817 06fd 10       		.byte	16
 1818 06fe 2B       		.byte	43
 1819 06ff 48       		.byte	72
 1820 0700 2C       		.byte	44
 1821 0701 01       		.byte	1
 1822 0702 2F       		.byte	47
 1823 0703 08       		.byte	8
 1824 0704 31       		.byte	49
ARM GAS  C:\Users\mitchell\AppData\Local\Temp\ccfsx9cE.s 			page 33


 1825 0705 02       		.byte	2
 1826 0706 34       		.byte	52
 1827 0707 10       		.byte	16
 1828 0708 36       		.byte	54
 1829 0709 88       		.byte	-120
 1830 070a 39       		.byte	57
 1831 070b 90       		.byte	-112
 1832 070c 3A       		.byte	58
 1833 070d 04       		.byte	4
 1834 070e 3D       		.byte	61
 1835 070f 90       		.byte	-112
 1836 0710 3E       		.byte	62
 1837 0711 10       		.byte	16
 1838 0712 3F       		.byte	63
 1839 0713 A0       		.byte	-96
 1840 0714 59       		.byte	89
 1841 0715 40       		.byte	64
 1842 0716 79       		.byte	121
 1843 0717 40       		.byte	64
 1844 0718 89       		.byte	-119
 1845 0719 48       		.byte	72
 1846 071a 8A       		.byte	-118
 1847 071b 40       		.byte	64
 1848 071c 91       		.byte	-111
 1849 071d C0       		.byte	-64
 1850 071e 93       		.byte	-109
 1851 071f 40       		.byte	64
 1852 0720 95       		.byte	-107
 1853 0721 01       		.byte	1
 1854 0722 98       		.byte	-104
 1855 0723 54       		.byte	84
 1856 0724 99       		.byte	-103
 1857 0725 08       		.byte	8
 1858 0726 9A       		.byte	-102
 1859 0727 14       		.byte	20
 1860 0728 9B       		.byte	-101
 1861 0729 40       		.byte	64
 1862 072a 9E       		.byte	-98
 1863 072b 02       		.byte	2
 1864 072c 9F       		.byte	-97
 1865 072d 88       		.byte	-120
 1866 072e A1       		.byte	-95
 1867 072f 02       		.byte	2
 1868 0730 A2       		.byte	-94
 1869 0731 80       		.byte	-128
 1870 0732 A3       		.byte	-93
 1871 0733 50       		.byte	80
 1872 0734 A5       		.byte	-91
 1873 0735 40       		.byte	64
 1874 0736 A9       		.byte	-87
 1875 0737 40       		.byte	64
 1876 0738 AB       		.byte	-85
 1877 0739 40       		.byte	64
 1878 073a AC       		.byte	-84
 1879 073b 40       		.byte	64
 1880 073c B5       		.byte	-75
 1881 073d 20       		.byte	32
ARM GAS  C:\Users\mitchell\AppData\Local\Temp\ccfsx9cE.s 			page 34


 1882 073e B7       		.byte	-73
 1883 073f 50       		.byte	80
 1884 0740 C0       		.byte	-64
 1885 0741 C8       		.byte	-56
 1886 0742 C2       		.byte	-62
 1887 0743 9F       		.byte	-97
 1888 0744 C4       		.byte	-60
 1889 0745 DF       		.byte	-33
 1890 0746 CA       		.byte	-54
 1891 0747 37       		.byte	55
 1892 0748 CC       		.byte	-52
 1893 0749 71       		.byte	113
 1894 074a CE       		.byte	-50
 1895 074b 3E       		.byte	62
 1896 074c D6       		.byte	-42
 1897 074d 08       		.byte	8
 1898 074e DE       		.byte	-34
 1899 074f 08       		.byte	8
 1900 0750 E0       		.byte	-32
 1901 0751 03       		.byte	3
 1902 0752 E4       		.byte	-28
 1903 0753 40       		.byte	64
 1904 0754 E8       		.byte	-24
 1905 0755 01       		.byte	1
 1906 0756 EE       		.byte	-18
 1907 0757 09       		.byte	9
 1908 0758 00       		.byte	0
 1909 0759 01       		.byte	1
 1910 075a 04       		.byte	4
 1911 075b 20       		.byte	32
 1912 075c 05       		.byte	5
 1913 075d 04       		.byte	4
 1914 075e 09       		.byte	9
 1915 075f 04       		.byte	4
 1916 0760 0A       		.byte	10
 1917 0761 30       		.byte	48
 1918 0762 10       		.byte	16
 1919 0763 07       		.byte	7
 1920 0764 12       		.byte	18
 1921 0765 08       		.byte	8
 1922 0766 14       		.byte	20
 1923 0767 0F       		.byte	15
 1924 0768 18       		.byte	24
 1925 0769 0A       		.byte	10
 1926 076a 1A       		.byte	26
 1927 076b 05       		.byte	5
 1928 076c 1B       		.byte	27
 1929 076d 01       		.byte	1
 1930 076e 1C       		.byte	28
 1931 076f 04       		.byte	4
 1932 0770 1E       		.byte	30
 1933 0771 01       		.byte	1
 1934 0772 1F       		.byte	31
 1935 0773 02       		.byte	2
 1936 0774 21       		.byte	33
 1937 0775 01       		.byte	1
 1938 0776 2A       		.byte	42
ARM GAS  C:\Users\mitchell\AppData\Local\Temp\ccfsx9cE.s 			page 35


 1939 0777 02       		.byte	2
 1940 0778 30       		.byte	48
 1941 0779 03       		.byte	3
 1942 077a 31       		.byte	49
 1943 077b 04       		.byte	4
 1944 077c 32       		.byte	50
 1945 077d 10       		.byte	16
 1946 077e 33       		.byte	51
 1947 077f 03       		.byte	3
 1948 0780 34       		.byte	52
 1949 0781 0C       		.byte	12
 1950 0782 36       		.byte	54
 1951 0783 20       		.byte	32
 1952 0784 39       		.byte	57
 1953 0785 02       		.byte	2
 1954 0786 3F       		.byte	63
 1955 0787 01       		.byte	1
 1956 0788 52       		.byte	82
 1957 0789 07       		.byte	7
 1958 078a 53       		.byte	83
 1959 078b 06       		.byte	6
 1960 078c 58       		.byte	88
 1961 078d 0C       		.byte	12
 1962 078e 59       		.byte	89
 1963 078f 04       		.byte	4
 1964 0790 5B       		.byte	91
 1965 0791 04       		.byte	4
 1966 0792 5C       		.byte	92
 1967 0793 92       		.byte	-110
 1968 0794 5D       		.byte	93
 1969 0795 20       		.byte	32
 1970 0796 5F       		.byte	95
 1971 0797 01       		.byte	1
 1972 0798 D6       		.byte	-42
 1973 0799 08       		.byte	8
 1974 079a D8       		.byte	-40
 1975 079b 04       		.byte	4
 1976 079c D9       		.byte	-39
 1977 079d 04       		.byte	4
 1978 079e DB       		.byte	-37
 1979 079f 04       		.byte	4
 1980 07a0 DC       		.byte	-36
 1981 07a1 22       		.byte	34
 1982 07a2 DD       		.byte	-35
 1983 07a3 90       		.byte	-112
 1984 07a4 DF       		.byte	-33
 1985 07a5 01       		.byte	1
 1986 07a6 03       		.byte	3
 1987 07a7 41       		.byte	65
 1988 07a8 04       		.byte	4
 1989 07a9 20       		.byte	32
 1990 07aa 05       		.byte	5
 1991 07ab 04       		.byte	4
 1992 07ac 06       		.byte	6
 1993 07ad 40       		.byte	64
 1994 07ae 09       		.byte	9
 1995 07af 02       		.byte	2
ARM GAS  C:\Users\mitchell\AppData\Local\Temp\ccfsx9cE.s 			page 36


 1996 07b0 0B       		.byte	11
 1997 07b1 28       		.byte	40
 1998 07b2 0C       		.byte	12
 1999 07b3 80       		.byte	-128
 2000 07b4 0E       		.byte	14
 2001 07b5 64       		.byte	100
 2002 07b6 10       		.byte	16
 2003 07b7 06       		.byte	6
 2004 07b8 11       		.byte	17
 2005 07b9 80       		.byte	-128
 2006 07ba 12       		.byte	18
 2007 07bb 01       		.byte	1
 2008 07bc 17       		.byte	23
 2009 07bd 10       		.byte	16
 2010 07be 1D       		.byte	29
 2011 07bf 04       		.byte	4
 2012 07c0 1E       		.byte	30
 2013 07c1 44       		.byte	68
 2014 07c2 1F       		.byte	31
 2015 07c3 40       		.byte	64
 2016 07c4 24       		.byte	36
 2017 07c5 20       		.byte	32
 2018 07c6 26       		.byte	38
 2019 07c7 01       		.byte	1
 2020 07c8 27       		.byte	39
 2021 07c9 20       		.byte	32
 2022 07ca 29       		.byte	41
 2023 07cb 02       		.byte	2
 2024 07cc 2F       		.byte	47
 2025 07cd 40       		.byte	64
 2026 07ce 30       		.byte	48
 2027 07cf 04       		.byte	4
 2028 07d0 31       		.byte	49
 2029 07d1 42       		.byte	66
 2030 07d2 33       		.byte	51
 2031 07d3 40       		.byte	64
 2032 07d4 36       		.byte	54
 2033 07d5 80       		.byte	-128
 2034 07d6 37       		.byte	55
 2035 07d7 20       		.byte	32
 2036 07d8 3A       		.byte	58
 2037 07d9 01       		.byte	1
 2038 07da 3B       		.byte	59
 2039 07db 28       		.byte	40
 2040 07dc 3D       		.byte	61
 2041 07dd 20       		.byte	32
 2042 07de 3F       		.byte	63
 2043 07df 04       		.byte	4
 2044 07e0 49       		.byte	73
 2045 07e1 80       		.byte	-128
 2046 07e2 4A       		.byte	74
 2047 07e3 01       		.byte	1
 2048 07e4 58       		.byte	88
 2049 07e5 40       		.byte	64
 2050 07e6 62       		.byte	98
 2051 07e7 80       		.byte	-128
 2052 07e8 67       		.byte	103
ARM GAS  C:\Users\mitchell\AppData\Local\Temp\ccfsx9cE.s 			page 37


 2053 07e9 C0       		.byte	-64
 2054 07ea 6D       		.byte	109
 2055 07eb 20       		.byte	32
 2056 07ec 6E       		.byte	110
 2057 07ed 20       		.byte	32
 2058 07ee 6F       		.byte	111
 2059 07ef 12       		.byte	18
 2060 07f0 7F       		.byte	127
 2061 07f1 02       		.byte	2
 2062 07f2 90       		.byte	-112
 2063 07f3 08       		.byte	8
 2064 07f4 93       		.byte	-109
 2065 07f5 08       		.byte	8
 2066 07f6 96       		.byte	-106
 2067 07f7 60       		.byte	96
 2068 07f8 97       		.byte	-105
 2069 07f9 A0       		.byte	-96
 2070 07fa 98       		.byte	-104
 2071 07fb 04       		.byte	4
 2072 07fc 99       		.byte	-103
 2073 07fd 42       		.byte	66
 2074 07fe 9A       		.byte	-102
 2075 07ff 40       		.byte	64
 2076 0800 9B       		.byte	-101
 2077 0801 01       		.byte	1
 2078 0802 9D       		.byte	-99
 2079 0803 80       		.byte	-128
 2080 0804 A1       		.byte	-95
 2081 0805 42       		.byte	66
 2082 0806 A6       		.byte	-90
 2083 0807 10       		.byte	16
 2084 0808 A7       		.byte	-89
 2085 0809 02       		.byte	2
 2086 080a A8       		.byte	-88
 2087 080b 40       		.byte	64
 2088 080c A9       		.byte	-87
 2089 080d 01       		.byte	1
 2090 080e AA       		.byte	-86
 2091 080f 10       		.byte	16
 2092 0810 AB       		.byte	-85
 2093 0811 01       		.byte	1
 2094 0812 AF       		.byte	-81
 2095 0813 04       		.byte	4
 2096 0814 B5       		.byte	-75
 2097 0815 A0       		.byte	-96
 2098 0816 C0       		.byte	-64
 2099 0817 79       		.byte	121
 2100 0818 C2       		.byte	-62
 2101 0819 FE       		.byte	-2
 2102 081a C4       		.byte	-60
 2103 081b 43       		.byte	67
 2104 081c CA       		.byte	-54
 2105 081d 81       		.byte	-127
 2106 081e CC       		.byte	-52
 2107 081f 3B       		.byte	59
 2108 0820 CE       		.byte	-50
 2109 0821 67       		.byte	103
ARM GAS  C:\Users\mitchell\AppData\Local\Temp\ccfsx9cE.s 			page 38


 2110 0822 D6       		.byte	-42
 2111 0823 08       		.byte	8
 2112 0824 D8       		.byte	-40
 2113 0825 08       		.byte	8
 2114 0826 DE       		.byte	-34
 2115 0827 10       		.byte	16
 2116 0828 E0       		.byte	-32
 2117 0829 23       		.byte	35
 2118 082a E4       		.byte	-28
 2119 082b 40       		.byte	64
 2120 082c E8       		.byte	-24
 2121 082d 10       		.byte	16
 2122 082e EC       		.byte	-20
 2123 082f 44       		.byte	68
 2124 0830 07       		.byte	7
 2125 0831 01       		.byte	1
 2126 0832 09       		.byte	9
 2127 0833 01       		.byte	1
 2128 0834 11       		.byte	17
 2129 0835 01       		.byte	1
 2130 0836 15       		.byte	21
 2131 0837 01       		.byte	1
 2132 0838 1F       		.byte	31
 2133 0839 01       		.byte	1
 2134 083a 21       		.byte	33
 2135 083b 01       		.byte	1
 2136 083c 29       		.byte	41
 2137 083d 01       		.byte	1
 2138 083e 31       		.byte	49
 2139 083f 01       		.byte	1
 2140 0840 38       		.byte	56
 2141 0841 08       		.byte	8
 2142 0842 3E       		.byte	62
 2143 0843 04       		.byte	4
 2144 0844 58       		.byte	88
 2145 0845 04       		.byte	4
 2146 0846 59       		.byte	89
 2147 0847 04       		.byte	4
 2148 0848 5C       		.byte	92
 2149 0849 22       		.byte	34
 2150 084a 5F       		.byte	95
 2151 084b 01       		.byte	1
 2152 084c 86       		.byte	-122
 2153 084d 01       		.byte	1
 2154 084e B4       		.byte	-76
 2155 084f 01       		.byte	1
 2156 0850 D4       		.byte	-44
 2157 0851 01       		.byte	1
 2158 0852 D8       		.byte	-40
 2159 0853 04       		.byte	4
 2160 0854 D9       		.byte	-39
 2161 0855 04       		.byte	4
 2162 0856 DB       		.byte	-37
 2163 0857 0C       		.byte	12
 2164 0858 DC       		.byte	-36
 2165 0859 22       		.byte	34
 2166 085a DD       		.byte	-35
ARM GAS  C:\Users\mitchell\AppData\Local\Temp\ccfsx9cE.s 			page 39


 2167 085b 20       		.byte	32
 2168 085c DF       		.byte	-33
 2169 085d 01       		.byte	1
 2170 085e 01       		.byte	1
 2171 085f 8A       		.byte	-118
 2172 0860 04       		.byte	4
 2173 0861 08       		.byte	8
 2174 0862 05       		.byte	5
 2175 0863 C2       		.byte	-62
 2176 0864 09       		.byte	9
 2177 0865 02       		.byte	2
 2178 0866 0B       		.byte	11
 2179 0867 A8       		.byte	-88
 2180 0868 0C       		.byte	12
 2181 0869 04       		.byte	4
 2182 086a 0D       		.byte	13
 2183 086b 02       		.byte	2
 2184 086c 0E       		.byte	14
 2185 086d 04       		.byte	4
 2186 086e 13       		.byte	19
 2187 086f 08       		.byte	8
 2188 0870 16       		.byte	22
 2189 0871 08       		.byte	8
 2190 0872 17       		.byte	23
 2191 0873 08       		.byte	8
 2192 0874 1A       		.byte	26
 2193 0875 20       		.byte	32
 2194 0876 1E       		.byte	30
 2195 0877 04       		.byte	4
 2196 0878 1F       		.byte	31
 2197 0879 10       		.byte	16
 2198 087a 22       		.byte	34
 2199 087b 02       		.byte	2
 2200 087c 29       		.byte	41
 2201 087d 02       		.byte	2
 2202 087e 2A       		.byte	42
 2203 087f 20       		.byte	32
 2204 0880 2B       		.byte	43
 2205 0881 40       		.byte	64
 2206 0882 2C       		.byte	44
 2207 0883 02       		.byte	2
 2208 0884 2F       		.byte	47
 2209 0885 54       		.byte	84
 2210 0886 30       		.byte	48
 2211 0887 04       		.byte	4
 2212 0888 31       		.byte	49
 2213 0889 42       		.byte	66
 2214 088a 34       		.byte	52
 2215 088b 04       		.byte	4
 2216 088c 35       		.byte	53
 2217 088d 48       		.byte	72
 2218 088e 3A       		.byte	58
 2219 088f 08       		.byte	8
 2220 0890 3B       		.byte	59
 2221 0891 28       		.byte	40
 2222 0892 3F       		.byte	63
 2223 0893 80       		.byte	-128
ARM GAS  C:\Users\mitchell\AppData\Local\Temp\ccfsx9cE.s 			page 40


 2224 0894 5F       		.byte	95
 2225 0895 40       		.byte	64
 2226 0896 7F       		.byte	127
 2227 0897 02       		.byte	2
 2228 0898 81       		.byte	-127
 2229 0899 02       		.byte	2
 2230 089a 82       		.byte	-126
 2231 089b 02       		.byte	2
 2232 089c 84       		.byte	-124
 2233 089d 04       		.byte	4
 2234 089e 88       		.byte	-120
 2235 089f 02       		.byte	2
 2236 08a0 8A       		.byte	-118
 2237 08a1 20       		.byte	32
 2238 08a2 8B       		.byte	-117
 2239 08a3 08       		.byte	8
 2240 08a4 90       		.byte	-112
 2241 08a5 08       		.byte	8
 2242 08a6 93       		.byte	-109
 2243 08a7 48       		.byte	72
 2244 08a8 96       		.byte	-106
 2245 08a9 20       		.byte	32
 2246 08aa 97       		.byte	-105
 2247 08ab 20       		.byte	32
 2248 08ac 98       		.byte	-104
 2249 08ad 04       		.byte	4
 2250 08ae 99       		.byte	-103
 2251 08af 42       		.byte	66
 2252 08b0 A0       		.byte	-96
 2253 08b1 02       		.byte	2
 2254 08b2 A1       		.byte	-95
 2255 08b3 02       		.byte	2
 2256 08b4 A3       		.byte	-93
 2257 08b5 02       		.byte	2
 2258 08b6 A8       		.byte	-88
 2259 08b7 80       		.byte	-128
 2260 08b8 AC       		.byte	-84
 2261 08b9 40       		.byte	64
 2262 08ba AF       		.byte	-81
 2263 08bb 04       		.byte	4
 2264 08bc C0       		.byte	-64
 2265 08bd BD       		.byte	-67
 2266 08be C2       		.byte	-62
 2267 08bf 7E       		.byte	126
 2268 08c0 C4       		.byte	-60
 2269 08c1 64       		.byte	100
 2270 08c2 CA       		.byte	-54
 2271 08c3 F5       		.byte	-11
 2272 08c4 CC       		.byte	-52
 2273 08c5 5B       		.byte	91
 2274 08c6 CE       		.byte	-50
 2275 08c7 16       		.byte	22
 2276 08c8 D6       		.byte	-42
 2277 08c9 10       		.byte	16
 2278 08ca DE       		.byte	-34
 2279 08cb 10       		.byte	16
 2280 08cc E0       		.byte	-32
ARM GAS  C:\Users\mitchell\AppData\Local\Temp\ccfsx9cE.s 			page 41


 2281 08cd 01       		.byte	1
 2282 08ce E6       		.byte	-26
 2283 08cf 80       		.byte	-128
 2284 08d0 EA       		.byte	-22
 2285 08d1 06       		.byte	6
 2286 08d2 11       		.byte	17
 2287 08d3 10       		.byte	16
 2288 08d4 13       		.byte	19
 2289 08d5 01       		.byte	1
 2290 08d6 16       		.byte	22
 2291 08d7 88       		.byte	-120
 2292 08d8 33       		.byte	51
 2293 08d9 20       		.byte	32
 2294 08da 35       		.byte	53
 2295 08db 80       		.byte	-128
 2296 08dc 39       		.byte	57
 2297 08dd 08       		.byte	8
 2298 08de 3E       		.byte	62
 2299 08df 88       		.byte	-120
 2300 08e0 43       		.byte	67
 2301 08e1 10       		.byte	16
 2302 08e2 C4       		.byte	-60
 2303 08e3 F0       		.byte	-16
 2304 08e4 CC       		.byte	-52
 2305 08e5 30       		.byte	48
 2306 08e6 CE       		.byte	-50
 2307 08e7 E0       		.byte	-32
 2308 08e8 D0       		.byte	-48
 2309 08e9 10       		.byte	16
 2310 08ea 55       		.byte	85
 2311 08eb 10       		.byte	16
 2312 08ec 83       		.byte	-125
 2313 08ed 10       		.byte	16
 2314 08ee 91       		.byte	-111
 2315 08ef 10       		.byte	16
 2316 08f0 93       		.byte	-109
 2317 08f1 01       		.byte	1
 2318 08f2 95       		.byte	-107
 2319 08f3 08       		.byte	8
 2320 08f4 9D       		.byte	-99
 2321 08f5 80       		.byte	-128
 2322 08f6 9F       		.byte	-97
 2323 08f7 10       		.byte	16
 2324 08f8 AB       		.byte	-85
 2325 08f9 20       		.byte	32
 2326 08fa D4       		.byte	-44
 2327 08fb 40       		.byte	64
 2328 08fc E2       		.byte	-30
 2329 08fd 20       		.byte	32
 2330 08fe EE       		.byte	-18
 2331 08ff 20       		.byte	32
 2332 0900 85       		.byte	-123
 2333 0901 80       		.byte	-128
 2334 0902 91       		.byte	-111
 2335 0903 10       		.byte	16
 2336 0904 9D       		.byte	-99
 2337 0905 80       		.byte	-128
ARM GAS  C:\Users\mitchell\AppData\Local\Temp\ccfsx9cE.s 			page 42


 2338 0906 A5       		.byte	-91
 2339 0907 10       		.byte	16
 2340 0908 AB       		.byte	-85
 2341 0909 01       		.byte	1
 2342 090a AD       		.byte	-83
 2343 090b 04       		.byte	4
 2344 090c E2       		.byte	-30
 2345 090d 10       		.byte	16
 2346 090e E8       		.byte	-24
 2347 090f 80       		.byte	-128
 2348 0910 EA       		.byte	-22
 2349 0911 10       		.byte	16
 2350 0912 8D       		.byte	-115
 2351 0913 10       		.byte	16
 2352 0914 91       		.byte	-111
 2353 0915 10       		.byte	16
 2354 0916 A5       		.byte	-91
 2355 0917 10       		.byte	16
 2356 0918 7C       		.byte	124
 2357 0919 08       		.byte	8
 2358 091a DE       		.byte	-34
 2359 091b 01       		.byte	1
 2360 091c 21       		.byte	33
 2361 091d 02       		.byte	2
 2362 091e 58       		.byte	88
 2363 091f 40       		.byte	64
 2364 0920 5C       		.byte	92
 2365 0921 10       		.byte	16
 2366 0922 80       		.byte	-128
 2367 0923 10       		.byte	16
 2368 0924 90       		.byte	-112
 2369 0925 10       		.byte	16
 2370 0926 98       		.byte	-104
 2371 0927 40       		.byte	64
 2372 0928 9C       		.byte	-100
 2373 0929 08       		.byte	8
 2374 092a B0       		.byte	-80
 2375 092b 40       		.byte	64
 2376 092c B4       		.byte	-76
 2377 092d 10       		.byte	16
 2378 092e C8       		.byte	-56
 2379 092f 02       		.byte	2
 2380 0930 D4       		.byte	-44
 2381 0931 01       		.byte	1
 2382 0932 D6       		.byte	-42
 2383 0933 04       		.byte	4
 2384 0934 E8       		.byte	-24
 2385 0935 09       		.byte	9
 2386 0936 18       		.byte	24
 2387 0937 20       		.byte	32
 2388 0938 25       		.byte	37
 2389 0939 02       		.byte	2
 2390 093a 47       		.byte	71
 2391 093b 04       		.byte	4
 2392 093c 80       		.byte	-128
 2393 093d 40       		.byte	64
 2394 093e 94       		.byte	-108
ARM GAS  C:\Users\mitchell\AppData\Local\Temp\ccfsx9cE.s 			page 43


 2395 093f 20       		.byte	32
 2396 0940 9C       		.byte	-100
 2397 0941 08       		.byte	8
 2398 0942 A5       		.byte	-91
 2399 0943 20       		.byte	32
 2400 0944 AD       		.byte	-83
 2401 0945 20       		.byte	32
 2402 0946 B5       		.byte	-75
 2403 0947 02       		.byte	2
 2404 0948 C6       		.byte	-58
 2405 0949 08       		.byte	8
 2406 094a C8       		.byte	-56
 2407 094b 01       		.byte	1
 2408 094c D0       		.byte	-48
 2409 094d 01       		.byte	1
 2410 094e EE       		.byte	-18
 2411 094f 08       		.byte	8
 2412 0950 42       		.byte	66
 2413 0951 20       		.byte	32
 2414 0952 46       		.byte	70
 2415 0953 01       		.byte	1
 2416 0954 82       		.byte	-126
 2417 0955 20       		.byte	32
 2418 0956 90       		.byte	-112
 2419 0957 60       		.byte	96
 2420 0958 9C       		.byte	-100
 2421 0959 08       		.byte	8
 2422 095a 9F       		.byte	-97
 2423 095b 04       		.byte	4
 2424 095c A1       		.byte	-95
 2425 095d 02       		.byte	2
 2426 095e A5       		.byte	-91
 2427 095f 20       		.byte	32
 2428 0960 D0       		.byte	-48
 2429 0961 06       		.byte	6
 2430 0962 25       		.byte	37
 2431 0963 10       		.byte	16
 2432 0964 27       		.byte	39
 2433 0965 10       		.byte	16
 2434 0966 81       		.byte	-127
 2435 0967 10       		.byte	16
 2436 0968 86       		.byte	-122
 2437 0969 04       		.byte	4
 2438 096a 8F       		.byte	-113
 2439 096b 10       		.byte	16
 2440 096c 91       		.byte	-111
 2441 096d 10       		.byte	16
 2442 096e C8       		.byte	-56
 2443 096f A0       		.byte	-96
 2444 0970 E0       		.byte	-32
 2445 0971 C0       		.byte	-64
 2446 0972 1A       		.byte	26
 2447 0973 04       		.byte	4
 2448 0974 96       		.byte	-106
 2449 0975 04       		.byte	4
 2450 0976 AD       		.byte	-83
 2451 0977 10       		.byte	16
ARM GAS  C:\Users\mitchell\AppData\Local\Temp\ccfsx9cE.s 			page 44


 2452 0978 C6       		.byte	-58
 2453 0979 40       		.byte	64
 2454 097a EC       		.byte	-20
 2455 097b 10       		.byte	16
 2456 097c 1D       		.byte	29
 2457 097d 20       		.byte	32
 2458 097e 36       		.byte	54
 2459 097f 02       		.byte	2
 2460 0980 38       		.byte	56
 2461 0981 40       		.byte	64
 2462 0982 72       		.byte	114
 2463 0983 80       		.byte	-128
 2464 0984 74       		.byte	116
 2465 0985 04       		.byte	4
 2466 0986 83       		.byte	-125
 2467 0987 04       		.byte	4
 2468 0988 86       		.byte	-122
 2469 0989 02       		.byte	2
 2470 098a 88       		.byte	-120
 2471 098b 04       		.byte	4
 2472 098c 8E       		.byte	-114
 2473 098d 01       		.byte	1
 2474 098e 90       		.byte	-112
 2475 098f 60       		.byte	96
 2476 0990 9E       		.byte	-98
 2477 0991 01       		.byte	1
 2478 0992 9F       		.byte	-97
 2479 0993 04       		.byte	4
 2480 0994 A1       		.byte	-95
 2481 0995 02       		.byte	2
 2482 0996 A5       		.byte	-91
 2483 0997 20       		.byte	32
 2484 0998 A8       		.byte	-88
 2485 0999 08       		.byte	8
 2486 099a C6       		.byte	-58
 2487 099b 01       		.byte	1
 2488 099c CC       		.byte	-52
 2489 099d 01       		.byte	1
 2490 099e CE       		.byte	-50
 2491 099f 08       		.byte	8
 2492 09a0 DC       		.byte	-36
 2493 09a1 01       		.byte	1
 2494 09a2 DE       		.byte	-34
 2495 09a3 04       		.byte	4
 2496 09a4 E0       		.byte	-32
 2497 09a5 04       		.byte	4
 2498 09a6 E4       		.byte	-28
 2499 09a7 02       		.byte	2
 2500 09a8 82       		.byte	-126
 2501 09a9 80       		.byte	-128
 2502 09aa 9E       		.byte	-98
 2503 09ab 80       		.byte	-128
 2504 09ac A8       		.byte	-88
 2505 09ad 10       		.byte	16
 2506 09ae AD       		.byte	-83
 2507 09af 02       		.byte	2
 2508 09b0 10       		.byte	16
ARM GAS  C:\Users\mitchell\AppData\Local\Temp\ccfsx9cE.s 			page 45


 2509 09b1 0E       		.byte	14
 2510 09b2 11       		.byte	17
 2511 09b3 01       		.byte	1
 2512 09b4 1A       		.byte	26
 2513 09b5 0E       		.byte	14
 2514 09b6 1C       		.byte	28
 2515 09b7 04       		.byte	4
 2516 09b8 1D       		.byte	29
 2517 09b9 01       		.byte	1
 2518 09ba 00       		.byte	0
 2519 09bb 0F       		.byte	15
 2520 09bc 10       		.byte	16
 2521 09bd AA       		.byte	-86
 2522 09be 00       		.byte	0
 2523 09bf 00       		.byte	0
 2524 09c0 0C       		.byte	12
 2525 09c1 01       		.byte	1
 2526 09c2 00       		.byte	0
 2527 09c3 00       		.byte	0
 2528 09c4 00       		.byte	0
 2529 09c5 00       		.byte	0
 2530 09c6 00       		.byte	0
 2531 09c7 00       		.byte	0
 2532 09c8 0C       		.byte	12
 2533 09c9 01       		.byte	1
 2534 09ca 0C       		.byte	12
 2535 09cb 01       		.byte	1
 2536 09cc 0C       		.byte	12
 2537 09cd 00       		.byte	0
 2538 09ce 0C       		.byte	12
 2539 09cf 00       		.byte	0
 2540 09d0 00       		.byte	0
 2541 09d1 01       		.byte	1
 2542 09d2 01       		.byte	1
 2543 09d3 00       		.byte	0
 2544 09d4 01       		.byte	1
 2545 09d5 00       		.byte	0
 2546 09d6 00       		.byte	0
 2547 09d7 00       		.byte	0
 2548 09d8 00       		.byte	0
 2549 09d9 00       		.byte	0
 2550 09da 00       		.byte	0
 2551 09db 00       		.byte	0
 2552 09dc 00       		.byte	0
 2553 09dd 30       		.byte	48
 2554 09de 30       		.byte	48
 2555 09df 00       		.byte	0
 2556 09e0 00       		.byte	0
 2557 09e1 00       		.byte	0
 2558 09e2 00       		.byte	0
 2559 09e3 00       		.byte	0
 2560 09e4 00       		.byte	0
 2561 09e5 03       		.byte	3
 2562 09e6 07       		.byte	7
 2563 09e7 00       		.byte	0
 2564 09e8 0A       		.byte	10
 2565 09e9 00       		.byte	0
ARM GAS  C:\Users\mitchell\AppData\Local\Temp\ccfsx9cE.s 			page 46


 2566 09ea 18       		.byte	24
 2567 09eb 01       		.byte	1
 2568 09ec 00       		.byte	0
 2569 09ed 01       		.byte	1
 2570 09ee 00       		.byte	0
 2571 09ef 00       		.byte	0
 2572 09f0 00       		.byte	0
 2573 09f1 02       		.byte	2
 2574 09f2 00       		.byte	0
 2575 09f3 00       		.byte	0
 2576 09f4 00       		.byte	0
 2577 09f5 03       		.byte	3
 2578 09f6 00       		.byte	0
 2579 09f7 00       		.byte	0
 2580              		.section	.cywolatch,"a",%progbits
 2581              		.align	2
 2582              		.type	cy_meta_wonvl, %object
 2583              		.size	cy_meta_wonvl, 4
 2584              	cy_meta_wonvl:
 2585 0000 BC       		.byte	-68
 2586 0001 90       		.byte	-112
 2587 0002 AC       		.byte	-84
 2588 0003 AF       		.byte	-81
 2589              		.section	.cycustnvl,"a",%progbits
 2590              		.align	2
 2591              		.type	cy_meta_custnvl, %object
 2592              		.size	cy_meta_custnvl, 4
 2593              	cy_meta_custnvl:
 2594 0000 00       		.byte	0
 2595 0001 00       		.byte	0
 2596 0002 40       		.byte	64
 2597 0003 05       		.byte	5
 2598              		.section	.cymeta,"a",%progbits
 2599              		.align	2
 2600              		.type	cy_metadata, %object
 2601              		.size	cy_metadata, 12
 2602              	cy_metadata:
 2603 0000 00       		.byte	0
 2604 0001 01       		.byte	1
 2605 0002 2E       		.byte	46
 2606 0003 16       		.byte	22
 2607 0004 10       		.byte	16
 2608 0005 69       		.byte	105
 2609 0006 00       		.byte	0
 2610 0007 01       		.byte	1
 2611 0008 00       		.byte	0
 2612 0009 00       		.byte	0
 2613 000a 00       		.byte	0
 2614 000b 00       		.byte	0
 2615              		.section	.cyflashprotect,"a",%progbits
 2616              		.align	2
 2617              		.type	cy_meta_flashprotect, %object
 2618              		.size	cy_meta_flashprotect, 256
 2619              	cy_meta_flashprotect:
 2620 0000 00000000 		.space	256
 2620      00000000 
 2620      00000000 
ARM GAS  C:\Users\mitchell\AppData\Local\Temp\ccfsx9cE.s 			page 47


 2620      00000000 
 2620      00000000 
 2621              		.text
 2622              	.Letext0:
 2623              		.file 1 ".\\Generated_Source\\PSoC5\\cymetadata.c"
 2624              		.file 2 ".\\Generated_Source\\PSoC5\\cytypes.h"
 2625              		.section	.debug_info,"",%progbits
 2626              	.Ldebug_info0:
 2627 0000 3A010000 		.4byte	0x13a
 2628 0004 0400     		.2byte	0x4
 2629 0006 00000000 		.4byte	.Ldebug_abbrev0
 2630 000a 04       		.byte	0x4
 2631 000b 01       		.uleb128 0x1
 2632 000c E5000000 		.4byte	.LASF18
 2633 0010 01       		.byte	0x1
 2634 0011 00000000 		.4byte	.LASF19
 2635 0015 7D010000 		.4byte	.LASF20
 2636 0019 00000000 		.4byte	.Ldebug_line0
 2637 001d 02       		.uleb128 0x2
 2638 001e 01       		.byte	0x1
 2639 001f 06       		.byte	0x6
 2640 0020 D4010000 		.4byte	.LASF0
 2641 0024 02       		.uleb128 0x2
 2642 0025 01       		.byte	0x1
 2643 0026 08       		.byte	0x8
 2644 0027 38000000 		.4byte	.LASF1
 2645 002b 02       		.uleb128 0x2
 2646 002c 02       		.byte	0x2
 2647 002d 05       		.byte	0x5
 2648 002e 72000000 		.4byte	.LASF2
 2649 0032 02       		.uleb128 0x2
 2650 0033 02       		.byte	0x2
 2651 0034 07       		.byte	0x7
 2652 0035 58000000 		.4byte	.LASF3
 2653 0039 02       		.uleb128 0x2
 2654 003a 04       		.byte	0x4
 2655 003b 05       		.byte	0x5
 2656 003c CB010000 		.4byte	.LASF4
 2657 0040 02       		.uleb128 0x2
 2658 0041 04       		.byte	0x4
 2659 0042 07       		.byte	0x7
 2660 0043 46000000 		.4byte	.LASF5
 2661 0047 02       		.uleb128 0x2
 2662 0048 08       		.byte	0x8
 2663 0049 05       		.byte	0x5
 2664 004a 6A010000 		.4byte	.LASF6
 2665 004e 02       		.uleb128 0x2
 2666 004f 08       		.byte	0x8
 2667 0050 07       		.byte	0x7
 2668 0051 AB000000 		.4byte	.LASF7
 2669 0055 03       		.uleb128 0x3
 2670 0056 04       		.byte	0x4
 2671 0057 05       		.byte	0x5
 2672 0058 696E7400 		.ascii	"int\000"
 2673 005c 02       		.uleb128 0x2
 2674 005d 04       		.byte	0x4
 2675 005e 07       		.byte	0x7
ARM GAS  C:\Users\mitchell\AppData\Local\Temp\ccfsx9cE.s 			page 48


 2676 005f 9E000000 		.4byte	.LASF8
 2677 0063 04       		.uleb128 0x4
 2678 0064 C5010000 		.4byte	.LASF21
 2679 0068 02       		.byte	0x2
 2680 0069 B4       		.byte	0xb4
 2681 006a 24000000 		.4byte	0x24
 2682 006e 02       		.uleb128 0x2
 2683 006f 04       		.byte	0x4
 2684 0070 04       		.byte	0x4
 2685 0071 32000000 		.4byte	.LASF9
 2686 0075 02       		.uleb128 0x2
 2687 0076 08       		.byte	0x8
 2688 0077 04       		.byte	0x4
 2689 0078 6B000000 		.4byte	.LASF10
 2690 007c 02       		.uleb128 0x2
 2691 007d 01       		.byte	0x1
 2692 007e 08       		.byte	0x8
 2693 007f 78010000 		.4byte	.LASF11
 2694 0083 05       		.uleb128 0x5
 2695 0084 63000000 		.4byte	0x63
 2696 0088 94000000 		.4byte	0x94
 2697 008c 06       		.uleb128 0x6
 2698 008d 94000000 		.4byte	0x94
 2699 0091 F709     		.2byte	0x9f7
 2700 0093 00       		.byte	0
 2701 0094 02       		.uleb128 0x2
 2702 0095 04       		.byte	0x4
 2703 0096 07       		.byte	0x7
 2704 0097 61010000 		.4byte	.LASF12
 2705 009b 07       		.uleb128 0x7
 2706 009c 8C000000 		.4byte	.LASF13
 2707 00a0 01       		.byte	0x1
 2708 00a1 1C       		.byte	0x1c
 2709 00a2 AC000000 		.4byte	0xac
 2710 00a6 05       		.uleb128 0x5
 2711 00a7 03       		.byte	0x3
 2712 00a8 00000000 		.4byte	cy_meta_configecc
 2713 00ac 08       		.uleb128 0x8
 2714 00ad 83000000 		.4byte	0x83
 2715 00b1 05       		.uleb128 0x5
 2716 00b2 63000000 		.4byte	0x63
 2717 00b6 C1000000 		.4byte	0xc1
 2718 00ba 09       		.uleb128 0x9
 2719 00bb 94000000 		.4byte	0x94
 2720 00bf 03       		.byte	0x3
 2721 00c0 00       		.byte	0
 2722 00c1 0A       		.uleb128 0xa
 2723 00c2 7C000000 		.4byte	.LASF14
 2724 00c6 01       		.byte	0x1
 2725 00c7 6501     		.2byte	0x165
 2726 00c9 D3000000 		.4byte	0xd3
 2727 00cd 05       		.uleb128 0x5
 2728 00ce 03       		.byte	0x3
 2729 00cf 00000000 		.4byte	cy_meta_custnvl
 2730 00d3 08       		.uleb128 0x8
 2731 00d4 B1000000 		.4byte	0xb1
 2732 00d8 0A       		.uleb128 0xa
ARM GAS  C:\Users\mitchell\AppData\Local\Temp\ccfsx9cE.s 			page 49


 2733 00d9 D7000000 		.4byte	.LASF15
 2734 00dd 01       		.byte	0x1
 2735 00de 7001     		.2byte	0x170
 2736 00e0 EA000000 		.4byte	0xea
 2737 00e4 05       		.uleb128 0x5
 2738 00e5 03       		.byte	0x3
 2739 00e6 00000000 		.4byte	cy_meta_wonvl
 2740 00ea 08       		.uleb128 0x8
 2741 00eb B1000000 		.4byte	0xb1
 2742 00ef 05       		.uleb128 0x5
 2743 00f0 63000000 		.4byte	0x63
 2744 00f4 FF000000 		.4byte	0xff
 2745 00f8 09       		.uleb128 0x9
 2746 00f9 94000000 		.4byte	0x94
 2747 00fd FF       		.byte	0xff
 2748 00fe 00       		.byte	0
 2749 00ff 0A       		.uleb128 0xa
 2750 0100 C2000000 		.4byte	.LASF16
 2751 0104 01       		.byte	0x1
 2752 0105 7B01     		.2byte	0x17b
 2753 0107 11010000 		.4byte	0x111
 2754 010b 05       		.uleb128 0x5
 2755 010c 03       		.byte	0x3
 2756 010d 00000000 		.4byte	cy_meta_flashprotect
 2757 0111 08       		.uleb128 0x8
 2758 0112 EF000000 		.4byte	0xef
 2759 0116 05       		.uleb128 0x5
 2760 0117 63000000 		.4byte	0x63
 2761 011b 26010000 		.4byte	0x126
 2762 011f 09       		.uleb128 0x9
 2763 0120 94000000 		.4byte	0x94
 2764 0124 0B       		.byte	0xb
 2765 0125 00       		.byte	0
 2766 0126 0A       		.uleb128 0xa
 2767 0127 26000000 		.4byte	.LASF17
 2768 012b 01       		.byte	0x1
 2769 012c A501     		.2byte	0x1a5
 2770 012e 38010000 		.4byte	0x138
 2771 0132 05       		.uleb128 0x5
 2772 0133 03       		.byte	0x3
 2773 0134 00000000 		.4byte	cy_metadata
 2774 0138 08       		.uleb128 0x8
 2775 0139 16010000 		.4byte	0x116
 2776 013d 00       		.byte	0
 2777              		.section	.debug_abbrev,"",%progbits
 2778              	.Ldebug_abbrev0:
 2779 0000 01       		.uleb128 0x1
 2780 0001 11       		.uleb128 0x11
 2781 0002 01       		.byte	0x1
 2782 0003 25       		.uleb128 0x25
 2783 0004 0E       		.uleb128 0xe
 2784 0005 13       		.uleb128 0x13
 2785 0006 0B       		.uleb128 0xb
 2786 0007 03       		.uleb128 0x3
 2787 0008 0E       		.uleb128 0xe
 2788 0009 1B       		.uleb128 0x1b
 2789 000a 0E       		.uleb128 0xe
ARM GAS  C:\Users\mitchell\AppData\Local\Temp\ccfsx9cE.s 			page 50


 2790 000b 10       		.uleb128 0x10
 2791 000c 17       		.uleb128 0x17
 2792 000d 00       		.byte	0
 2793 000e 00       		.byte	0
 2794 000f 02       		.uleb128 0x2
 2795 0010 24       		.uleb128 0x24
 2796 0011 00       		.byte	0
 2797 0012 0B       		.uleb128 0xb
 2798 0013 0B       		.uleb128 0xb
 2799 0014 3E       		.uleb128 0x3e
 2800 0015 0B       		.uleb128 0xb
 2801 0016 03       		.uleb128 0x3
 2802 0017 0E       		.uleb128 0xe
 2803 0018 00       		.byte	0
 2804 0019 00       		.byte	0
 2805 001a 03       		.uleb128 0x3
 2806 001b 24       		.uleb128 0x24
 2807 001c 00       		.byte	0
 2808 001d 0B       		.uleb128 0xb
 2809 001e 0B       		.uleb128 0xb
 2810 001f 3E       		.uleb128 0x3e
 2811 0020 0B       		.uleb128 0xb
 2812 0021 03       		.uleb128 0x3
 2813 0022 08       		.uleb128 0x8
 2814 0023 00       		.byte	0
 2815 0024 00       		.byte	0
 2816 0025 04       		.uleb128 0x4
 2817 0026 16       		.uleb128 0x16
 2818 0027 00       		.byte	0
 2819 0028 03       		.uleb128 0x3
 2820 0029 0E       		.uleb128 0xe
 2821 002a 3A       		.uleb128 0x3a
 2822 002b 0B       		.uleb128 0xb
 2823 002c 3B       		.uleb128 0x3b
 2824 002d 0B       		.uleb128 0xb
 2825 002e 49       		.uleb128 0x49
 2826 002f 13       		.uleb128 0x13
 2827 0030 00       		.byte	0
 2828 0031 00       		.byte	0
 2829 0032 05       		.uleb128 0x5
 2830 0033 01       		.uleb128 0x1
 2831 0034 01       		.byte	0x1
 2832 0035 49       		.uleb128 0x49
 2833 0036 13       		.uleb128 0x13
 2834 0037 01       		.uleb128 0x1
 2835 0038 13       		.uleb128 0x13
 2836 0039 00       		.byte	0
 2837 003a 00       		.byte	0
 2838 003b 06       		.uleb128 0x6
 2839 003c 21       		.uleb128 0x21
 2840 003d 00       		.byte	0
 2841 003e 49       		.uleb128 0x49
 2842 003f 13       		.uleb128 0x13
 2843 0040 2F       		.uleb128 0x2f
 2844 0041 05       		.uleb128 0x5
 2845 0042 00       		.byte	0
 2846 0043 00       		.byte	0
ARM GAS  C:\Users\mitchell\AppData\Local\Temp\ccfsx9cE.s 			page 51


 2847 0044 07       		.uleb128 0x7
 2848 0045 34       		.uleb128 0x34
 2849 0046 00       		.byte	0
 2850 0047 03       		.uleb128 0x3
 2851 0048 0E       		.uleb128 0xe
 2852 0049 3A       		.uleb128 0x3a
 2853 004a 0B       		.uleb128 0xb
 2854 004b 3B       		.uleb128 0x3b
 2855 004c 0B       		.uleb128 0xb
 2856 004d 49       		.uleb128 0x49
 2857 004e 13       		.uleb128 0x13
 2858 004f 3F       		.uleb128 0x3f
 2859 0050 19       		.uleb128 0x19
 2860 0051 02       		.uleb128 0x2
 2861 0052 18       		.uleb128 0x18
 2862 0053 00       		.byte	0
 2863 0054 00       		.byte	0
 2864 0055 08       		.uleb128 0x8
 2865 0056 26       		.uleb128 0x26
 2866 0057 00       		.byte	0
 2867 0058 49       		.uleb128 0x49
 2868 0059 13       		.uleb128 0x13
 2869 005a 00       		.byte	0
 2870 005b 00       		.byte	0
 2871 005c 09       		.uleb128 0x9
 2872 005d 21       		.uleb128 0x21
 2873 005e 00       		.byte	0
 2874 005f 49       		.uleb128 0x49
 2875 0060 13       		.uleb128 0x13
 2876 0061 2F       		.uleb128 0x2f
 2877 0062 0B       		.uleb128 0xb
 2878 0063 00       		.byte	0
 2879 0064 00       		.byte	0
 2880 0065 0A       		.uleb128 0xa
 2881 0066 34       		.uleb128 0x34
 2882 0067 00       		.byte	0
 2883 0068 03       		.uleb128 0x3
 2884 0069 0E       		.uleb128 0xe
 2885 006a 3A       		.uleb128 0x3a
 2886 006b 0B       		.uleb128 0xb
 2887 006c 3B       		.uleb128 0x3b
 2888 006d 05       		.uleb128 0x5
 2889 006e 49       		.uleb128 0x49
 2890 006f 13       		.uleb128 0x13
 2891 0070 3F       		.uleb128 0x3f
 2892 0071 19       		.uleb128 0x19
 2893 0072 02       		.uleb128 0x2
 2894 0073 18       		.uleb128 0x18
 2895 0074 00       		.byte	0
 2896 0075 00       		.byte	0
 2897 0076 00       		.byte	0
 2898              		.section	.debug_aranges,"",%progbits
 2899 0000 14000000 		.4byte	0x14
 2900 0004 0200     		.2byte	0x2
 2901 0006 00000000 		.4byte	.Ldebug_info0
 2902 000a 04       		.byte	0x4
 2903 000b 00       		.byte	0
ARM GAS  C:\Users\mitchell\AppData\Local\Temp\ccfsx9cE.s 			page 52


 2904 000c 0000     		.2byte	0
 2905 000e 0000     		.2byte	0
 2906 0010 00000000 		.4byte	0
 2907 0014 00000000 		.4byte	0
 2908              		.section	.debug_line,"",%progbits
 2909              	.Ldebug_line0:
 2910 0000 4F000000 		.section	.debug_str,"MS",%progbits,1
 2910      02004900 
 2910      00000201 
 2910      FB0E0D00 
 2910      01010101 
 2911              	.LASF19:
 2912 0000 2E5C4765 		.ascii	".\\Generated_Source\\PSoC5\\cymetadata.c\000"
 2912      6E657261 
 2912      7465645F 
 2912      536F7572 
 2912      63655C50 
 2913              	.LASF17:
 2914 0026 63795F6D 		.ascii	"cy_metadata\000"
 2914      65746164 
 2914      61746100 
 2915              	.LASF9:
 2916 0032 666C6F61 		.ascii	"float\000"
 2916      7400
 2917              	.LASF1:
 2918 0038 756E7369 		.ascii	"unsigned char\000"
 2918      676E6564 
 2918      20636861 
 2918      7200
 2919              	.LASF5:
 2920 0046 6C6F6E67 		.ascii	"long unsigned int\000"
 2920      20756E73 
 2920      69676E65 
 2920      6420696E 
 2920      7400
 2921              	.LASF3:
 2922 0058 73686F72 		.ascii	"short unsigned int\000"
 2922      7420756E 
 2922      7369676E 
 2922      65642069 
 2922      6E7400
 2923              	.LASF10:
 2924 006b 646F7562 		.ascii	"double\000"
 2924      6C6500
 2925              	.LASF2:
 2926 0072 73686F72 		.ascii	"short int\000"
 2926      7420696E 
 2926      7400
 2927              	.LASF14:
 2928 007c 63795F6D 		.ascii	"cy_meta_custnvl\000"
 2928      6574615F 
 2928      63757374 
 2928      6E766C00 
 2929              	.LASF13:
 2930 008c 63795F6D 		.ascii	"cy_meta_configecc\000"
 2930      6574615F 
 2930      636F6E66 
ARM GAS  C:\Users\mitchell\AppData\Local\Temp\ccfsx9cE.s 			page 53


 2930      69676563 
 2930      6300
 2931              	.LASF8:
 2932 009e 756E7369 		.ascii	"unsigned int\000"
 2932      676E6564 
 2932      20696E74 
 2932      00
 2933              	.LASF7:
 2934 00ab 6C6F6E67 		.ascii	"long long unsigned int\000"
 2934      206C6F6E 
 2934      6720756E 
 2934      7369676E 
 2934      65642069 
 2935              	.LASF16:
 2936 00c2 63795F6D 		.ascii	"cy_meta_flashprotect\000"
 2936      6574615F 
 2936      666C6173 
 2936      6870726F 
 2936      74656374 
 2937              	.LASF15:
 2938 00d7 63795F6D 		.ascii	"cy_meta_wonvl\000"
 2938      6574615F 
 2938      776F6E76 
 2938      6C00
 2939              	.LASF18:
 2940 00e5 474E5520 		.ascii	"GNU C 4.8.4 20140526 (release) [ARM/embedded-4_8-br"
 2940      4320342E 
 2940      382E3420 
 2940      32303134 
 2940      30353236 
 2941 0118 616E6368 		.ascii	"anch revision 211358] -mcpu=cortex-m3 -mthumb -g -O"
 2941      20726576 
 2941      6973696F 
 2941      6E203231 
 2941      31333538 
 2942 014b 67202D66 		.ascii	"g -ffunction-sections\000"
 2942      66756E63 
 2942      74696F6E 
 2942      2D736563 
 2942      74696F6E 
 2943              	.LASF12:
 2944 0161 73697A65 		.ascii	"sizetype\000"
 2944      74797065 
 2944      00
 2945              	.LASF6:
 2946 016a 6C6F6E67 		.ascii	"long long int\000"
 2946      206C6F6E 
 2946      6720696E 
 2946      7400
 2947              	.LASF11:
 2948 0178 63686172 		.ascii	"char\000"
 2948      00
 2949              	.LASF20:
 2950 017d 433A5C55 		.ascii	"C:\\Users\\mitchell\\Documents\\fsae\\E-Throttle\\E"
 2950      73657273 
 2950      5C6D6974 
 2950      6368656C 
ARM GAS  C:\Users\mitchell\AppData\Local\Temp\ccfsx9cE.s 			page 54


 2950      6C5C446F 
 2951 01aa 2D546872 		.ascii	"-Throttle\\E-Throttle.cydsn\000"
 2951      6F74746C 
 2951      655C452D 
 2951      5468726F 
 2951      74746C65 
 2952              	.LASF21:
 2953 01c5 75696E74 		.ascii	"uint8\000"
 2953      3800
 2954              	.LASF4:
 2955 01cb 6C6F6E67 		.ascii	"long int\000"
 2955      20696E74 
 2955      00
 2956              	.LASF0:
 2957 01d4 7369676E 		.ascii	"signed char\000"
 2957      65642063 
 2957      68617200 
 2958              		.ident	"GCC: (GNU Tools for ARM Embedded Processors) 4.8.4 20140526 (release) [ARM/embedded-4_8-br
