ARM GAS  C:\Users\mitchell\AppData\Local\Temp\ccl3UDff.s 			page 1


   1              		.syntax unified
   2              		.cpu cortex-m3
   3              		.fpu softvfp
   4              		.eabi_attribute 20, 1
   5              		.eabi_attribute 21, 1
   6              		.eabi_attribute 23, 3
   7              		.eabi_attribute 24, 1
   8              		.eabi_attribute 25, 1
   9              		.eabi_attribute 26, 1
  10              		.eabi_attribute 30, 1
  11              		.eabi_attribute 34, 1
  12              		.eabi_attribute 18, 4
  13              		.thumb
  14              		.file	"queue.c"
  15              		.text
  16              	.Ltext0:
  17              		.cfi_sections	.debug_frame
  18              		.section	.text.createQueue,"ax",%progbits
  19              		.align	2
  20              		.global	createQueue
  21              		.thumb
  22              		.thumb_func
  23              		.type	createQueue, %function
  24              	createQueue:
  25              	.LFB63:
  26              		.file 1 ".\\queue.c"
   1:.\queue.c     **** /* ========================================
   2:.\queue.c     ****     A simple Queue implemented with a linked
   3:.\queue.c     ****     list.
   4:.\queue.c     **** 
   5:.\queue.c     ****     Author: Mitchell Mellone (mellom3@rpi.edu)
   6:.\queue.c     ****     Date Created: 12/30/15
   7:.\queue.c     ****     Most Recent Modification: 12/30/15
   8:.\queue.c     **** 
   9:.\queue.c     ****     Copyright (c) 2015 Rensselaer Motorsport
  10:.\queue.c     ****     Distributed under the MIT License.
  11:.\queue.c     ****     See "LICENSE" for more information.
  12:.\queue.c     ****  * ========================================
  13:.\queue.c     **** */
  14:.\queue.c     **** 
  15:.\queue.c     **** #include "queue.h"
  16:.\queue.c     **** 
  17:.\queue.c     **** 
  18:.\queue.c     **** /* Note that nodes are inserted at the back/tail and
  19:.\queue.c     ****    removed at the front/head */
  20:.\queue.c     **** 
  21:.\queue.c     **** /*
  22:.\queue.c     **** parameter:  size - The initial size of the queue
  23:.\queue.c     **** effect:     Creates an empty linked list based
  24:.\queue.c     ****             queue
  25:.\queue.c     **** */
  26:.\queue.c     **** Queue * createQueue() {
  27              		.loc 1 26 0
  28              		.cfi_startproc
  29              		@ args = 0, pretend = 0, frame = 0
  30              		@ frame_needed = 0, uses_anonymous_args = 0
  31 0000 08B5     		push	{r3, lr}
ARM GAS  C:\Users\mitchell\AppData\Local\Temp\ccl3UDff.s 			page 2


  32              		.cfi_def_cfa_offset 8
  33              		.cfi_offset 3, -8
  34              		.cfi_offset 14, -4
  27:.\queue.c     ****     // Initialize Queue
  28:.\queue.c     ****     Queue * q = (Queue*)malloc(sizeof(Queue));
  35              		.loc 1 28 0
  36 0002 0820     		movs	r0, #8
  37 0004 FFF7FEFF 		bl	malloc
  38              	.LVL0:
  29:.\queue.c     ****     q->head = q->tail = NULL;
  39              		.loc 1 29 0
  40 0008 0022     		movs	r2, #0
  41 000a 4260     		str	r2, [r0, #4]
  42 000c 0260     		str	r2, [r0]
  30:.\queue.c     ****     int i;
  31:.\queue.c     ****     return q;
  32:.\queue.c     **** }
  43              		.loc 1 32 0
  44 000e 08BD     		pop	{r3, pc}
  45              		.cfi_endproc
  46              	.LFE63:
  47              		.size	createQueue, .-createQueue
  48              		.section	.text.enqueue,"ax",%progbits
  49              		.align	2
  50              		.global	enqueue
  51              		.thumb
  52              		.thumb_func
  53              		.type	enqueue, %function
  54              	enqueue:
  55              	.LFB64:
  33:.\queue.c     **** 
  34:.\queue.c     **** /*
  35:.\queue.c     **** parameter:  val - The value to add to the queue
  36:.\queue.c     **** effect:     Creates and adds a tail to the back of Queue q
  37:.\queue.c     **** modifies:   back & (front if (back == NULL))
  38:.\queue.c     **** */
  39:.\queue.c     **** void enqueue(Queue * q, unsigned char brake_stat, float TPS_APPS_err, int time) {
  56              		.loc 1 39 0
  57              		.cfi_startproc
  58              		@ args = 0, pretend = 0, frame = 0
  59              		@ frame_needed = 0, uses_anonymous_args = 0
  60              	.LVL1:
  61 0000 2DE9E841 		push	{r3, r5, r6, r7, r8, lr}
  62              		.cfi_def_cfa_offset 24
  63              		.cfi_offset 3, -24
  64              		.cfi_offset 5, -20
  65              		.cfi_offset 6, -16
  66              		.cfi_offset 7, -12
  67              		.cfi_offset 8, -8
  68              		.cfi_offset 14, -4
  69 0004 0546     		mov	r5, r0
  70 0006 8846     		mov	r8, r1
  71 0008 1746     		mov	r7, r2
  72 000a 1E46     		mov	r6, r3
  40:.\queue.c     ****     if (q->tail == NULL) {
  73              		.loc 1 40 0
  74 000c 4068     		ldr	r0, [r0, #4]
ARM GAS  C:\Users\mitchell\AppData\Local\Temp\ccl3UDff.s 			page 3


  75              	.LVL2:
  76 000e 60B9     		cbnz	r0, .L3
  41:.\queue.c     ****         /* Queue is empty */
  42:.\queue.c     ****         q->tail = (Node *)malloc(sizeof(Node));
  77              		.loc 1 42 0
  78 0010 1020     		movs	r0, #16
  79 0012 FFF7FEFF 		bl	malloc
  80              	.LVL3:
  81 0016 6860     		str	r0, [r5, #4]
  43:.\queue.c     ****         q->tail->next = NULL;
  82              		.loc 1 43 0
  83 0018 0023     		movs	r3, #0
  84 001a C360     		str	r3, [r0, #12]
  44:.\queue.c     ****         q->tail->brake_error = brake_stat;
  85              		.loc 1 44 0
  86 001c 80F80080 		strb	r8, [r0]
  45:.\queue.c     ****         q->tail->TPS_APPS_error = TPS_APPS_err;
  87              		.loc 1 45 0
  88 0020 4760     		str	r7, [r0, #4]	@ float
  46:.\queue.c     ****         q->tail->time_count = time;
  89              		.loc 1 46 0
  90 0022 8660     		str	r6, [r0, #8]
  47:.\queue.c     ****         q->head = q->tail;
  91              		.loc 1 47 0
  92 0024 2860     		str	r0, [r5]
  93 0026 BDE8E881 		pop	{r3, r5, r6, r7, r8, pc}
  94              	.LVL4:
  95              	.L3:
  96              	.LBB2:
  48:.\queue.c     ****     } else {
  49:.\queue.c     ****         /* Queue is not empty */
  50:.\queue.c     ****         Node *temp = (Node *)malloc(sizeof(Node));
  97              		.loc 1 50 0
  98 002a 1020     		movs	r0, #16
  99 002c FFF7FEFF 		bl	malloc
 100              	.LVL5:
  51:.\queue.c     ****         temp->next = NULL;
 101              		.loc 1 51 0
 102 0030 0023     		movs	r3, #0
 103 0032 C360     		str	r3, [r0, #12]
  52:.\queue.c     ****         temp->brake_error = brake_stat;
 104              		.loc 1 52 0
 105 0034 80F80080 		strb	r8, [r0]
  53:.\queue.c     ****         temp->TPS_APPS_error = TPS_APPS_err;
 106              		.loc 1 53 0
 107 0038 4760     		str	r7, [r0, #4]	@ float
  54:.\queue.c     ****         temp->time_count = time;
 108              		.loc 1 54 0
 109 003a 8660     		str	r6, [r0, #8]
  55:.\queue.c     ****         q->tail->next = temp;
 110              		.loc 1 55 0
 111 003c 6B68     		ldr	r3, [r5, #4]
 112 003e D860     		str	r0, [r3, #12]
  56:.\queue.c     ****         q->tail = temp;
 113              		.loc 1 56 0
 114 0040 6860     		str	r0, [r5, #4]
 115 0042 BDE8E881 		pop	{r3, r5, r6, r7, r8, pc}
ARM GAS  C:\Users\mitchell\AppData\Local\Temp\ccl3UDff.s 			page 4


 116              	.LBE2:
 117              		.cfi_endproc
 118              	.LFE64:
 119              		.size	enqueue, .-enqueue
 120 0046 00BF     		.section	.text.dequeue,"ax",%progbits
 121              		.align	2
 122              		.global	dequeue
 123              		.thumb
 124              		.thumb_func
 125              		.type	dequeue, %function
 126              	dequeue:
 127              	.LFB65:
  57:.\queue.c     ****     }
  58:.\queue.c     **** }
  59:.\queue.c     **** 
  60:.\queue.c     **** /*
  61:.\queue.c     **** effect: Removes the head element in the queue
  62:.\queue.c     **** return: The least recent node (head)
  63:.\queue.c     **** */
  64:.\queue.c     **** Node * dequeue(Queue * q) {
 128              		.loc 1 64 0
 129              		.cfi_startproc
 130              		@ args = 0, pretend = 0, frame = 0
 131              		@ frame_needed = 0, uses_anonymous_args = 0
 132              	.LVL6:
 133 0000 38B5     		push	{r3, r4, r5, lr}
 134              		.cfi_def_cfa_offset 16
 135              		.cfi_offset 3, -16
 136              		.cfi_offset 4, -12
 137              		.cfi_offset 5, -8
 138              		.cfi_offset 14, -4
 139 0002 0546     		mov	r5, r0
  65:.\queue.c     ****     Node * toReturn;
  66:.\queue.c     ****     if (q->head == NULL) {
 140              		.loc 1 66 0
 141 0004 0468     		ldr	r4, [r0]
 142 0006 3CB1     		cbz	r4, .L6
 143              	.LVL7:
 144              	.LBB3:
  67:.\queue.c     ****         /* Queue is empty */
  68:.\queue.c     ****         toReturn = NULL;
  69:.\queue.c     ****     } else {
  70:.\queue.c     ****         /* Queue is not empty */
  71:.\queue.c     ****         toReturn = q->head;
  72:.\queue.c     ****         Node * oldHead = q->head;
  73:.\queue.c     ****         q->head = q->head->next;
 145              		.loc 1 73 0
 146 0008 E368     		ldr	r3, [r4, #12]
 147 000a 0360     		str	r3, [r0]
  74:.\queue.c     ****         free(oldHead);
 148              		.loc 1 74 0
 149 000c 2046     		mov	r0, r4
 150              	.LVL8:
 151 000e FFF7FEFF 		bl	free
 152              	.LVL9:
  75:.\queue.c     ****         if (q->head == NULL) {
 153              		.loc 1 75 0
ARM GAS  C:\Users\mitchell\AppData\Local\Temp\ccl3UDff.s 			page 5


 154 0012 2B68     		ldr	r3, [r5]
 155 0014 03B9     		cbnz	r3, .L6
  76:.\queue.c     ****             /* If dequeueing last element */
  77:.\queue.c     ****             q->tail = NULL;
 156              		.loc 1 77 0
 157 0016 6B60     		str	r3, [r5, #4]
 158              	.LVL10:
 159              	.L6:
 160              	.LBE3:
  78:.\queue.c     ****         }
  79:.\queue.c     ****     }
  80:.\queue.c     ****     return toReturn;
  81:.\queue.c     **** }
 161              		.loc 1 81 0
 162 0018 2046     		mov	r0, r4
 163 001a 38BD     		pop	{r3, r4, r5, pc}
 164              		.cfi_endproc
 165              	.LFE65:
 166              		.size	dequeue, .-dequeue
 167              		.section	.text.headTime,"ax",%progbits
 168              		.align	2
 169              		.global	headTime
 170              		.thumb
 171              		.thumb_func
 172              		.type	headTime, %function
 173              	headTime:
 174              	.LFB66:
  82:.\queue.c     **** 
  83:.\queue.c     **** /*
  84:.\queue.c     **** return: The time_count value from the queue's head node
  85:.\queue.c     ****         This will be the least recent time in the queue
  86:.\queue.c     **** */
  87:.\queue.c     **** uint32 headTime(Queue * q) {
 175              		.loc 1 87 0
 176              		.cfi_startproc
 177              		@ args = 0, pretend = 0, frame = 0
 178              		@ frame_needed = 0, uses_anonymous_args = 0
 179              		@ link register save eliminated.
 180              	.LVL11:
  88:.\queue.c     ****     if (q->head == NULL) {
 181              		.loc 1 88 0
 182 0000 0368     		ldr	r3, [r0]
 183 0002 0BB1     		cbz	r3, .L9
  89:.\queue.c     ****         /* queue is empty */
  90:.\queue.c     ****         return -1;
  91:.\queue.c     ****     } else {
  92:.\queue.c     ****         return q->head->time_count;
 184              		.loc 1 92 0
 185 0004 9868     		ldr	r0, [r3, #8]
 186              	.LVL12:
 187 0006 7047     		bx	lr
 188              	.LVL13:
 189              	.L9:
  90:.\queue.c     ****         return -1;
 190              		.loc 1 90 0
 191 0008 4FF0FF30 		mov	r0, #-1
 192              	.LVL14:
ARM GAS  C:\Users\mitchell\AppData\Local\Temp\ccl3UDff.s 			page 6


  93:.\queue.c     ****     }
  94:.\queue.c     **** }
 193              		.loc 1 94 0
 194 000c 7047     		bx	lr
 195              		.cfi_endproc
 196              	.LFE66:
 197              		.size	headTime, .-headTime
 198 000e 00BF     		.text
 199              	.Letext0:
 200              		.file 2 "c:\\program files (x86)\\cypress\\psoc creator\\3.2\\psoc creator\\import\\gnu\\arm\\4.8.
 201              		.file 3 "c:\\program files (x86)\\cypress\\psoc creator\\3.2\\psoc creator\\import\\gnu\\arm\\4.8.
 202              		.file 4 "c:\\program files (x86)\\cypress\\psoc creator\\3.2\\psoc creator\\import\\gnu\\arm\\4.8.
 203              		.file 5 "Generated_Source\\PSoC5/cytypes.h"
 204              		.file 6 ".\\queue.h"
 205              		.file 7 "Generated_Source\\PSoC5/core_cm3.h"
 206              		.file 8 "c:\\program files (x86)\\cypress\\psoc creator\\3.2\\psoc creator\\import\\gnu\\arm\\4.8.
 207              		.section	.debug_info,"",%progbits
 208              	.Ldebug_info0:
 209 0000 B9020000 		.4byte	0x2b9
 210 0004 0400     		.2byte	0x4
 211 0006 00000000 		.4byte	.Ldebug_abbrev0
 212 000a 04       		.byte	0x4
 213 000b 01       		.uleb128 0x1
 214 000c 08010000 		.4byte	.LASF35
 215 0010 01       		.byte	0x1
 216 0011 9D000000 		.4byte	.LASF36
 217 0015 EF010000 		.4byte	.LASF37
 218 0019 00000000 		.4byte	.Ldebug_ranges0+0
 219 001d 00000000 		.4byte	0
 220 0021 00000000 		.4byte	.Ldebug_line0
 221 0025 02       		.uleb128 0x2
 222 0026 96000000 		.4byte	.LASF5
 223 002a 02       		.byte	0x2
 224 002b D4       		.byte	0xd4
 225 002c 30000000 		.4byte	0x30
 226 0030 03       		.uleb128 0x3
 227 0031 04       		.byte	0x4
 228 0032 07       		.byte	0x7
 229 0033 C7000000 		.4byte	.LASF0
 230 0037 04       		.uleb128 0x4
 231 0038 04       		.byte	0x4
 232 0039 05       		.byte	0x5
 233 003a 696E7400 		.ascii	"int\000"
 234 003e 03       		.uleb128 0x3
 235 003f 01       		.byte	0x1
 236 0040 06       		.byte	0x6
 237 0041 3D000000 		.4byte	.LASF1
 238 0045 03       		.uleb128 0x3
 239 0046 01       		.byte	0x1
 240 0047 08       		.byte	0x8
 241 0048 49000000 		.4byte	.LASF2
 242 004c 03       		.uleb128 0x3
 243 004d 02       		.byte	0x2
 244 004e 05       		.byte	0x5
 245 004f C4010000 		.4byte	.LASF3
 246 0053 03       		.uleb128 0x3
 247 0054 02       		.byte	0x2
ARM GAS  C:\Users\mitchell\AppData\Local\Temp\ccl3UDff.s 			page 7


 248 0055 07       		.byte	0x7
 249 0056 83000000 		.4byte	.LASF4
 250 005a 02       		.uleb128 0x2
 251 005b 1C000000 		.4byte	.LASF6
 252 005f 03       		.byte	0x3
 253 0060 37       		.byte	0x37
 254 0061 65000000 		.4byte	0x65
 255 0065 03       		.uleb128 0x3
 256 0066 04       		.byte	0x4
 257 0067 05       		.byte	0x5
 258 0068 E6010000 		.4byte	.LASF7
 259 006c 03       		.uleb128 0x3
 260 006d 04       		.byte	0x4
 261 006e 07       		.byte	0x7
 262 006f 6C000000 		.4byte	.LASF8
 263 0073 03       		.uleb128 0x3
 264 0074 08       		.byte	0x8
 265 0075 05       		.byte	0x5
 266 0076 9A010000 		.4byte	.LASF9
 267 007a 03       		.uleb128 0x3
 268 007b 08       		.byte	0x8
 269 007c 07       		.byte	0x7
 270 007d D4000000 		.4byte	.LASF10
 271 0081 03       		.uleb128 0x3
 272 0082 04       		.byte	0x4
 273 0083 07       		.byte	0x7
 274 0084 84010000 		.4byte	.LASF11
 275 0088 05       		.uleb128 0x5
 276 0089 04       		.byte	0x4
 277 008a 03       		.uleb128 0x3
 278 008b 01       		.byte	0x1
 279 008c 08       		.byte	0x8
 280 008d B7010000 		.4byte	.LASF12
 281 0091 02       		.uleb128 0x2
 282 0092 2F000000 		.4byte	.LASF13
 283 0096 04       		.byte	0x4
 284 0097 41       		.byte	0x41
 285 0098 5A000000 		.4byte	0x5a
 286 009c 02       		.uleb128 0x2
 287 009d C0000000 		.4byte	.LASF14
 288 00a1 05       		.byte	0x5
 289 00a2 B6       		.byte	0xb6
 290 00a3 6C000000 		.4byte	0x6c
 291 00a7 03       		.uleb128 0x3
 292 00a8 04       		.byte	0x4
 293 00a9 04       		.byte	0x4
 294 00aa 37000000 		.4byte	.LASF15
 295 00ae 03       		.uleb128 0x3
 296 00af 08       		.byte	0x8
 297 00b0 04       		.byte	0x4
 298 00b1 B4000000 		.4byte	.LASF16
 299 00b5 06       		.uleb128 0x6
 300 00b6 06000000 		.4byte	.LASF21
 301 00ba 10       		.byte	0x10
 302 00bb 06       		.byte	0x6
 303 00bc 1B       		.byte	0x1b
 304 00bd F2000000 		.4byte	0xf2
ARM GAS  C:\Users\mitchell\AppData\Local\Temp\ccl3UDff.s 			page 8


 305 00c1 07       		.uleb128 0x7
 306 00c2 57000000 		.4byte	.LASF17
 307 00c6 06       		.byte	0x6
 308 00c7 1C       		.byte	0x1c
 309 00c8 45000000 		.4byte	0x45
 310 00cc 00       		.byte	0
 311 00cd 07       		.uleb128 0x7
 312 00ce A8010000 		.4byte	.LASF18
 313 00d2 06       		.byte	0x6
 314 00d3 1D       		.byte	0x1d
 315 00d4 A7000000 		.4byte	0xa7
 316 00d8 04       		.byte	0x4
 317 00d9 07       		.uleb128 0x7
 318 00da EB000000 		.4byte	.LASF19
 319 00de 06       		.byte	0x6
 320 00df 1E       		.byte	0x1e
 321 00e0 9C000000 		.4byte	0x9c
 322 00e4 08       		.byte	0x8
 323 00e5 07       		.uleb128 0x7
 324 00e6 0B000000 		.4byte	.LASF20
 325 00ea 06       		.byte	0x6
 326 00eb 1F       		.byte	0x1f
 327 00ec F2000000 		.4byte	0xf2
 328 00f0 0C       		.byte	0xc
 329 00f1 00       		.byte	0
 330 00f2 08       		.uleb128 0x8
 331 00f3 04       		.byte	0x4
 332 00f4 B5000000 		.4byte	0xb5
 333 00f8 02       		.uleb128 0x2
 334 00f9 06000000 		.4byte	.LASF21
 335 00fd 06       		.byte	0x6
 336 00fe 20       		.byte	0x20
 337 00ff B5000000 		.4byte	0xb5
 338 0103 06       		.uleb128 0x6
 339 0104 00000000 		.4byte	.LASF22
 340 0108 08       		.byte	0x8
 341 0109 06       		.byte	0x6
 342 010a 23       		.byte	0x23
 343 010b 28010000 		.4byte	0x128
 344 010f 07       		.uleb128 0x7
 345 0110 BB000000 		.4byte	.LASF23
 346 0114 06       		.byte	0x6
 347 0115 24       		.byte	0x24
 348 0116 28010000 		.4byte	0x128
 349 011a 00       		.byte	0
 350 011b 07       		.uleb128 0x7
 351 011c CE010000 		.4byte	.LASF24
 352 0120 06       		.byte	0x6
 353 0121 24       		.byte	0x24
 354 0122 28010000 		.4byte	0x128
 355 0126 04       		.byte	0x4
 356 0127 00       		.byte	0
 357 0128 08       		.uleb128 0x8
 358 0129 04       		.byte	0x4
 359 012a F8000000 		.4byte	0xf8
 360 012e 02       		.uleb128 0x2
 361 012f 00000000 		.4byte	.LASF22
ARM GAS  C:\Users\mitchell\AppData\Local\Temp\ccl3UDff.s 			page 9


 362 0133 06       		.byte	0x6
 363 0134 25       		.byte	0x25
 364 0135 03010000 		.4byte	0x103
 365 0139 09       		.uleb128 0x9
 366 013a 10000000 		.4byte	.LASF25
 367 013e 01       		.byte	0x1
 368 013f 1A       		.byte	0x1a
 369 0140 76010000 		.4byte	0x176
 370 0144 00000000 		.4byte	.LFB63
 371 0148 10000000 		.4byte	.LFE63-.LFB63
 372 014c 01       		.uleb128 0x1
 373 014d 9C       		.byte	0x9c
 374 014e 76010000 		.4byte	0x176
 375 0152 0A       		.uleb128 0xa
 376 0153 7100     		.ascii	"q\000"
 377 0155 01       		.byte	0x1
 378 0156 1C       		.byte	0x1c
 379 0157 76010000 		.4byte	0x176
 380 015b 01       		.uleb128 0x1
 381 015c 50       		.byte	0x50
 382 015d 0B       		.uleb128 0xb
 383 015e 6900     		.ascii	"i\000"
 384 0160 01       		.byte	0x1
 385 0161 1E       		.byte	0x1e
 386 0162 37000000 		.4byte	0x37
 387 0166 0C       		.uleb128 0xc
 388 0167 08000000 		.4byte	.LVL0
 389 016b 9A020000 		.4byte	0x29a
 390 016f 0D       		.uleb128 0xd
 391 0170 01       		.uleb128 0x1
 392 0171 50       		.byte	0x50
 393 0172 01       		.uleb128 0x1
 394 0173 38       		.byte	0x38
 395 0174 00       		.byte	0
 396 0175 00       		.byte	0
 397 0176 08       		.uleb128 0x8
 398 0177 04       		.byte	0x4
 399 0178 2E010000 		.4byte	0x12e
 400 017c 0E       		.uleb128 0xe
 401 017d BC010000 		.4byte	.LASF26
 402 0181 01       		.byte	0x1
 403 0182 27       		.byte	0x27
 404 0183 00000000 		.4byte	.LFB64
 405 0187 46000000 		.4byte	.LFE64-.LFB64
 406 018b 01       		.uleb128 0x1
 407 018c 9C       		.byte	0x9c
 408 018d 05020000 		.4byte	0x205
 409 0191 0F       		.uleb128 0xf
 410 0192 7100     		.ascii	"q\000"
 411 0194 01       		.byte	0x1
 412 0195 27       		.byte	0x27
 413 0196 76010000 		.4byte	0x176
 414 019a 00000000 		.4byte	.LLST0
 415 019e 10       		.uleb128 0x10
 416 019f DB010000 		.4byte	.LASF27
 417 01a3 01       		.byte	0x1
 418 01a4 27       		.byte	0x27
ARM GAS  C:\Users\mitchell\AppData\Local\Temp\ccl3UDff.s 			page 10


 419 01a5 45000000 		.4byte	0x45
 420 01a9 1E000000 		.4byte	.LLST1
 421 01ad 10       		.uleb128 0x10
 422 01ae F6000000 		.4byte	.LASF28
 423 01b2 01       		.byte	0x1
 424 01b3 27       		.byte	0x27
 425 01b4 A7000000 		.4byte	0xa7
 426 01b8 58000000 		.4byte	.LLST2
 427 01bc 10       		.uleb128 0x10
 428 01bd 03010000 		.4byte	.LASF29
 429 01c1 01       		.byte	0x1
 430 01c2 27       		.byte	0x27
 431 01c3 37000000 		.4byte	0x37
 432 01c7 8C000000 		.4byte	.LLST3
 433 01cb 11       		.uleb128 0x11
 434 01cc 2A000000 		.4byte	.LBB2
 435 01d0 1C000000 		.4byte	.LBE2-.LBB2
 436 01d4 F5010000 		.4byte	0x1f5
 437 01d8 12       		.uleb128 0x12
 438 01d9 7E000000 		.4byte	.LASF30
 439 01dd 01       		.byte	0x1
 440 01de 32       		.byte	0x32
 441 01df 28010000 		.4byte	0x128
 442 01e3 01       		.uleb128 0x1
 443 01e4 50       		.byte	0x50
 444 01e5 0C       		.uleb128 0xc
 445 01e6 30000000 		.4byte	.LVL5
 446 01ea 9A020000 		.4byte	0x29a
 447 01ee 0D       		.uleb128 0xd
 448 01ef 01       		.uleb128 0x1
 449 01f0 50       		.byte	0x50
 450 01f1 01       		.uleb128 0x1
 451 01f2 40       		.byte	0x40
 452 01f3 00       		.byte	0
 453 01f4 00       		.byte	0
 454 01f5 0C       		.uleb128 0xc
 455 01f6 16000000 		.4byte	.LVL3
 456 01fa 9A020000 		.4byte	0x29a
 457 01fe 0D       		.uleb128 0xd
 458 01ff 01       		.uleb128 0x1
 459 0200 50       		.byte	0x50
 460 0201 01       		.uleb128 0x1
 461 0202 40       		.byte	0x40
 462 0203 00       		.byte	0
 463 0204 00       		.byte	0
 464 0205 13       		.uleb128 0x13
 465 0206 D3010000 		.4byte	.LASF33
 466 020a 01       		.byte	0x1
 467 020b 40       		.byte	0x40
 468 020c 28010000 		.4byte	0x128
 469 0210 00000000 		.4byte	.LFB65
 470 0214 1C000000 		.4byte	.LFE65-.LFB65
 471 0218 01       		.uleb128 0x1
 472 0219 9C       		.byte	0x9c
 473 021a 62020000 		.4byte	0x262
 474 021e 0F       		.uleb128 0xf
 475 021f 7100     		.ascii	"q\000"
ARM GAS  C:\Users\mitchell\AppData\Local\Temp\ccl3UDff.s 			page 11


 476 0221 01       		.byte	0x1
 477 0222 40       		.byte	0x40
 478 0223 76010000 		.4byte	0x176
 479 0227 C0000000 		.4byte	.LLST4
 480 022b 12       		.uleb128 0x12
 481 022c 26000000 		.4byte	.LASF31
 482 0230 01       		.byte	0x1
 483 0231 41       		.byte	0x41
 484 0232 28010000 		.4byte	0x128
 485 0236 01       		.uleb128 0x1
 486 0237 54       		.byte	0x54
 487 0238 14       		.uleb128 0x14
 488 0239 08000000 		.4byte	.LBB3
 489 023d 10000000 		.4byte	.LBE3-.LBB3
 490 0241 15       		.uleb128 0x15
 491 0242 8D010000 		.4byte	.LASF32
 492 0246 01       		.byte	0x1
 493 0247 48       		.byte	0x48
 494 0248 28010000 		.4byte	0x128
 495 024c DE000000 		.4byte	.LLST5
 496 0250 0C       		.uleb128 0xc
 497 0251 12000000 		.4byte	.LVL9
 498 0255 AF020000 		.4byte	0x2af
 499 0259 0D       		.uleb128 0xd
 500 025a 01       		.uleb128 0x1
 501 025b 50       		.byte	0x50
 502 025c 02       		.uleb128 0x2
 503 025d 74       		.byte	0x74
 504 025e 00       		.sleb128 0
 505 025f 00       		.byte	0
 506 0260 00       		.byte	0
 507 0261 00       		.byte	0
 508 0262 13       		.uleb128 0x13
 509 0263 63000000 		.4byte	.LASF34
 510 0267 01       		.byte	0x1
 511 0268 57       		.byte	0x57
 512 0269 9C000000 		.4byte	0x9c
 513 026d 00000000 		.4byte	.LFB66
 514 0271 0E000000 		.4byte	.LFE66-.LFB66
 515 0275 01       		.uleb128 0x1
 516 0276 9C       		.byte	0x9c
 517 0277 89020000 		.4byte	0x289
 518 027b 0F       		.uleb128 0xf
 519 027c 7100     		.ascii	"q\000"
 520 027e 01       		.byte	0x1
 521 027f 57       		.byte	0x57
 522 0280 76010000 		.4byte	0x176
 523 0284 F1000000 		.4byte	.LLST6
 524 0288 00       		.byte	0
 525 0289 16       		.uleb128 0x16
 526 028a A7000000 		.4byte	.LASF38
 527 028e 07       		.byte	0x7
 528 028f 2A06     		.2byte	0x62a
 529 0291 95020000 		.4byte	0x295
 530 0295 17       		.uleb128 0x17
 531 0296 91000000 		.4byte	0x91
 532 029a 18       		.uleb128 0x18
ARM GAS  C:\Users\mitchell\AppData\Local\Temp\ccl3UDff.s 			page 12


 533 029b 37020000 		.4byte	.LASF39
 534 029f 08       		.byte	0x8
 535 02a0 60       		.byte	0x60
 536 02a1 88000000 		.4byte	0x88
 537 02a5 AF020000 		.4byte	0x2af
 538 02a9 19       		.uleb128 0x19
 539 02aa 25000000 		.4byte	0x25
 540 02ae 00       		.byte	0
 541 02af 1A       		.uleb128 0x1a
 542 02b0 95010000 		.4byte	.LASF40
 543 02b4 08       		.byte	0x8
 544 02b5 55       		.byte	0x55
 545 02b6 19       		.uleb128 0x19
 546 02b7 88000000 		.4byte	0x88
 547 02bb 00       		.byte	0
 548 02bc 00       		.byte	0
 549              		.section	.debug_abbrev,"",%progbits
 550              	.Ldebug_abbrev0:
 551 0000 01       		.uleb128 0x1
 552 0001 11       		.uleb128 0x11
 553 0002 01       		.byte	0x1
 554 0003 25       		.uleb128 0x25
 555 0004 0E       		.uleb128 0xe
 556 0005 13       		.uleb128 0x13
 557 0006 0B       		.uleb128 0xb
 558 0007 03       		.uleb128 0x3
 559 0008 0E       		.uleb128 0xe
 560 0009 1B       		.uleb128 0x1b
 561 000a 0E       		.uleb128 0xe
 562 000b 55       		.uleb128 0x55
 563 000c 17       		.uleb128 0x17
 564 000d 11       		.uleb128 0x11
 565 000e 01       		.uleb128 0x1
 566 000f 10       		.uleb128 0x10
 567 0010 17       		.uleb128 0x17
 568 0011 00       		.byte	0
 569 0012 00       		.byte	0
 570 0013 02       		.uleb128 0x2
 571 0014 16       		.uleb128 0x16
 572 0015 00       		.byte	0
 573 0016 03       		.uleb128 0x3
 574 0017 0E       		.uleb128 0xe
 575 0018 3A       		.uleb128 0x3a
 576 0019 0B       		.uleb128 0xb
 577 001a 3B       		.uleb128 0x3b
 578 001b 0B       		.uleb128 0xb
 579 001c 49       		.uleb128 0x49
 580 001d 13       		.uleb128 0x13
 581 001e 00       		.byte	0
 582 001f 00       		.byte	0
 583 0020 03       		.uleb128 0x3
 584 0021 24       		.uleb128 0x24
 585 0022 00       		.byte	0
 586 0023 0B       		.uleb128 0xb
 587 0024 0B       		.uleb128 0xb
 588 0025 3E       		.uleb128 0x3e
 589 0026 0B       		.uleb128 0xb
ARM GAS  C:\Users\mitchell\AppData\Local\Temp\ccl3UDff.s 			page 13


 590 0027 03       		.uleb128 0x3
 591 0028 0E       		.uleb128 0xe
 592 0029 00       		.byte	0
 593 002a 00       		.byte	0
 594 002b 04       		.uleb128 0x4
 595 002c 24       		.uleb128 0x24
 596 002d 00       		.byte	0
 597 002e 0B       		.uleb128 0xb
 598 002f 0B       		.uleb128 0xb
 599 0030 3E       		.uleb128 0x3e
 600 0031 0B       		.uleb128 0xb
 601 0032 03       		.uleb128 0x3
 602 0033 08       		.uleb128 0x8
 603 0034 00       		.byte	0
 604 0035 00       		.byte	0
 605 0036 05       		.uleb128 0x5
 606 0037 0F       		.uleb128 0xf
 607 0038 00       		.byte	0
 608 0039 0B       		.uleb128 0xb
 609 003a 0B       		.uleb128 0xb
 610 003b 00       		.byte	0
 611 003c 00       		.byte	0
 612 003d 06       		.uleb128 0x6
 613 003e 13       		.uleb128 0x13
 614 003f 01       		.byte	0x1
 615 0040 03       		.uleb128 0x3
 616 0041 0E       		.uleb128 0xe
 617 0042 0B       		.uleb128 0xb
 618 0043 0B       		.uleb128 0xb
 619 0044 3A       		.uleb128 0x3a
 620 0045 0B       		.uleb128 0xb
 621 0046 3B       		.uleb128 0x3b
 622 0047 0B       		.uleb128 0xb
 623 0048 01       		.uleb128 0x1
 624 0049 13       		.uleb128 0x13
 625 004a 00       		.byte	0
 626 004b 00       		.byte	0
 627 004c 07       		.uleb128 0x7
 628 004d 0D       		.uleb128 0xd
 629 004e 00       		.byte	0
 630 004f 03       		.uleb128 0x3
 631 0050 0E       		.uleb128 0xe
 632 0051 3A       		.uleb128 0x3a
 633 0052 0B       		.uleb128 0xb
 634 0053 3B       		.uleb128 0x3b
 635 0054 0B       		.uleb128 0xb
 636 0055 49       		.uleb128 0x49
 637 0056 13       		.uleb128 0x13
 638 0057 38       		.uleb128 0x38
 639 0058 0B       		.uleb128 0xb
 640 0059 00       		.byte	0
 641 005a 00       		.byte	0
 642 005b 08       		.uleb128 0x8
 643 005c 0F       		.uleb128 0xf
 644 005d 00       		.byte	0
 645 005e 0B       		.uleb128 0xb
 646 005f 0B       		.uleb128 0xb
ARM GAS  C:\Users\mitchell\AppData\Local\Temp\ccl3UDff.s 			page 14


 647 0060 49       		.uleb128 0x49
 648 0061 13       		.uleb128 0x13
 649 0062 00       		.byte	0
 650 0063 00       		.byte	0
 651 0064 09       		.uleb128 0x9
 652 0065 2E       		.uleb128 0x2e
 653 0066 01       		.byte	0x1
 654 0067 3F       		.uleb128 0x3f
 655 0068 19       		.uleb128 0x19
 656 0069 03       		.uleb128 0x3
 657 006a 0E       		.uleb128 0xe
 658 006b 3A       		.uleb128 0x3a
 659 006c 0B       		.uleb128 0xb
 660 006d 3B       		.uleb128 0x3b
 661 006e 0B       		.uleb128 0xb
 662 006f 49       		.uleb128 0x49
 663 0070 13       		.uleb128 0x13
 664 0071 11       		.uleb128 0x11
 665 0072 01       		.uleb128 0x1
 666 0073 12       		.uleb128 0x12
 667 0074 06       		.uleb128 0x6
 668 0075 40       		.uleb128 0x40
 669 0076 18       		.uleb128 0x18
 670 0077 9742     		.uleb128 0x2117
 671 0079 19       		.uleb128 0x19
 672 007a 01       		.uleb128 0x1
 673 007b 13       		.uleb128 0x13
 674 007c 00       		.byte	0
 675 007d 00       		.byte	0
 676 007e 0A       		.uleb128 0xa
 677 007f 34       		.uleb128 0x34
 678 0080 00       		.byte	0
 679 0081 03       		.uleb128 0x3
 680 0082 08       		.uleb128 0x8
 681 0083 3A       		.uleb128 0x3a
 682 0084 0B       		.uleb128 0xb
 683 0085 3B       		.uleb128 0x3b
 684 0086 0B       		.uleb128 0xb
 685 0087 49       		.uleb128 0x49
 686 0088 13       		.uleb128 0x13
 687 0089 02       		.uleb128 0x2
 688 008a 18       		.uleb128 0x18
 689 008b 00       		.byte	0
 690 008c 00       		.byte	0
 691 008d 0B       		.uleb128 0xb
 692 008e 34       		.uleb128 0x34
 693 008f 00       		.byte	0
 694 0090 03       		.uleb128 0x3
 695 0091 08       		.uleb128 0x8
 696 0092 3A       		.uleb128 0x3a
 697 0093 0B       		.uleb128 0xb
 698 0094 3B       		.uleb128 0x3b
 699 0095 0B       		.uleb128 0xb
 700 0096 49       		.uleb128 0x49
 701 0097 13       		.uleb128 0x13
 702 0098 00       		.byte	0
 703 0099 00       		.byte	0
ARM GAS  C:\Users\mitchell\AppData\Local\Temp\ccl3UDff.s 			page 15


 704 009a 0C       		.uleb128 0xc
 705 009b 898201   		.uleb128 0x4109
 706 009e 01       		.byte	0x1
 707 009f 11       		.uleb128 0x11
 708 00a0 01       		.uleb128 0x1
 709 00a1 31       		.uleb128 0x31
 710 00a2 13       		.uleb128 0x13
 711 00a3 00       		.byte	0
 712 00a4 00       		.byte	0
 713 00a5 0D       		.uleb128 0xd
 714 00a6 8A8201   		.uleb128 0x410a
 715 00a9 00       		.byte	0
 716 00aa 02       		.uleb128 0x2
 717 00ab 18       		.uleb128 0x18
 718 00ac 9142     		.uleb128 0x2111
 719 00ae 18       		.uleb128 0x18
 720 00af 00       		.byte	0
 721 00b0 00       		.byte	0
 722 00b1 0E       		.uleb128 0xe
 723 00b2 2E       		.uleb128 0x2e
 724 00b3 01       		.byte	0x1
 725 00b4 3F       		.uleb128 0x3f
 726 00b5 19       		.uleb128 0x19
 727 00b6 03       		.uleb128 0x3
 728 00b7 0E       		.uleb128 0xe
 729 00b8 3A       		.uleb128 0x3a
 730 00b9 0B       		.uleb128 0xb
 731 00ba 3B       		.uleb128 0x3b
 732 00bb 0B       		.uleb128 0xb
 733 00bc 27       		.uleb128 0x27
 734 00bd 19       		.uleb128 0x19
 735 00be 11       		.uleb128 0x11
 736 00bf 01       		.uleb128 0x1
 737 00c0 12       		.uleb128 0x12
 738 00c1 06       		.uleb128 0x6
 739 00c2 40       		.uleb128 0x40
 740 00c3 18       		.uleb128 0x18
 741 00c4 9742     		.uleb128 0x2117
 742 00c6 19       		.uleb128 0x19
 743 00c7 01       		.uleb128 0x1
 744 00c8 13       		.uleb128 0x13
 745 00c9 00       		.byte	0
 746 00ca 00       		.byte	0
 747 00cb 0F       		.uleb128 0xf
 748 00cc 05       		.uleb128 0x5
 749 00cd 00       		.byte	0
 750 00ce 03       		.uleb128 0x3
 751 00cf 08       		.uleb128 0x8
 752 00d0 3A       		.uleb128 0x3a
 753 00d1 0B       		.uleb128 0xb
 754 00d2 3B       		.uleb128 0x3b
 755 00d3 0B       		.uleb128 0xb
 756 00d4 49       		.uleb128 0x49
 757 00d5 13       		.uleb128 0x13
 758 00d6 02       		.uleb128 0x2
 759 00d7 17       		.uleb128 0x17
 760 00d8 00       		.byte	0
ARM GAS  C:\Users\mitchell\AppData\Local\Temp\ccl3UDff.s 			page 16


 761 00d9 00       		.byte	0
 762 00da 10       		.uleb128 0x10
 763 00db 05       		.uleb128 0x5
 764 00dc 00       		.byte	0
 765 00dd 03       		.uleb128 0x3
 766 00de 0E       		.uleb128 0xe
 767 00df 3A       		.uleb128 0x3a
 768 00e0 0B       		.uleb128 0xb
 769 00e1 3B       		.uleb128 0x3b
 770 00e2 0B       		.uleb128 0xb
 771 00e3 49       		.uleb128 0x49
 772 00e4 13       		.uleb128 0x13
 773 00e5 02       		.uleb128 0x2
 774 00e6 17       		.uleb128 0x17
 775 00e7 00       		.byte	0
 776 00e8 00       		.byte	0
 777 00e9 11       		.uleb128 0x11
 778 00ea 0B       		.uleb128 0xb
 779 00eb 01       		.byte	0x1
 780 00ec 11       		.uleb128 0x11
 781 00ed 01       		.uleb128 0x1
 782 00ee 12       		.uleb128 0x12
 783 00ef 06       		.uleb128 0x6
 784 00f0 01       		.uleb128 0x1
 785 00f1 13       		.uleb128 0x13
 786 00f2 00       		.byte	0
 787 00f3 00       		.byte	0
 788 00f4 12       		.uleb128 0x12
 789 00f5 34       		.uleb128 0x34
 790 00f6 00       		.byte	0
 791 00f7 03       		.uleb128 0x3
 792 00f8 0E       		.uleb128 0xe
 793 00f9 3A       		.uleb128 0x3a
 794 00fa 0B       		.uleb128 0xb
 795 00fb 3B       		.uleb128 0x3b
 796 00fc 0B       		.uleb128 0xb
 797 00fd 49       		.uleb128 0x49
 798 00fe 13       		.uleb128 0x13
 799 00ff 02       		.uleb128 0x2
 800 0100 18       		.uleb128 0x18
 801 0101 00       		.byte	0
 802 0102 00       		.byte	0
 803 0103 13       		.uleb128 0x13
 804 0104 2E       		.uleb128 0x2e
 805 0105 01       		.byte	0x1
 806 0106 3F       		.uleb128 0x3f
 807 0107 19       		.uleb128 0x19
 808 0108 03       		.uleb128 0x3
 809 0109 0E       		.uleb128 0xe
 810 010a 3A       		.uleb128 0x3a
 811 010b 0B       		.uleb128 0xb
 812 010c 3B       		.uleb128 0x3b
 813 010d 0B       		.uleb128 0xb
 814 010e 27       		.uleb128 0x27
 815 010f 19       		.uleb128 0x19
 816 0110 49       		.uleb128 0x49
 817 0111 13       		.uleb128 0x13
ARM GAS  C:\Users\mitchell\AppData\Local\Temp\ccl3UDff.s 			page 17


 818 0112 11       		.uleb128 0x11
 819 0113 01       		.uleb128 0x1
 820 0114 12       		.uleb128 0x12
 821 0115 06       		.uleb128 0x6
 822 0116 40       		.uleb128 0x40
 823 0117 18       		.uleb128 0x18
 824 0118 9742     		.uleb128 0x2117
 825 011a 19       		.uleb128 0x19
 826 011b 01       		.uleb128 0x1
 827 011c 13       		.uleb128 0x13
 828 011d 00       		.byte	0
 829 011e 00       		.byte	0
 830 011f 14       		.uleb128 0x14
 831 0120 0B       		.uleb128 0xb
 832 0121 01       		.byte	0x1
 833 0122 11       		.uleb128 0x11
 834 0123 01       		.uleb128 0x1
 835 0124 12       		.uleb128 0x12
 836 0125 06       		.uleb128 0x6
 837 0126 00       		.byte	0
 838 0127 00       		.byte	0
 839 0128 15       		.uleb128 0x15
 840 0129 34       		.uleb128 0x34
 841 012a 00       		.byte	0
 842 012b 03       		.uleb128 0x3
 843 012c 0E       		.uleb128 0xe
 844 012d 3A       		.uleb128 0x3a
 845 012e 0B       		.uleb128 0xb
 846 012f 3B       		.uleb128 0x3b
 847 0130 0B       		.uleb128 0xb
 848 0131 49       		.uleb128 0x49
 849 0132 13       		.uleb128 0x13
 850 0133 02       		.uleb128 0x2
 851 0134 17       		.uleb128 0x17
 852 0135 00       		.byte	0
 853 0136 00       		.byte	0
 854 0137 16       		.uleb128 0x16
 855 0138 34       		.uleb128 0x34
 856 0139 00       		.byte	0
 857 013a 03       		.uleb128 0x3
 858 013b 0E       		.uleb128 0xe
 859 013c 3A       		.uleb128 0x3a
 860 013d 0B       		.uleb128 0xb
 861 013e 3B       		.uleb128 0x3b
 862 013f 05       		.uleb128 0x5
 863 0140 49       		.uleb128 0x49
 864 0141 13       		.uleb128 0x13
 865 0142 3F       		.uleb128 0x3f
 866 0143 19       		.uleb128 0x19
 867 0144 3C       		.uleb128 0x3c
 868 0145 19       		.uleb128 0x19
 869 0146 00       		.byte	0
 870 0147 00       		.byte	0
 871 0148 17       		.uleb128 0x17
 872 0149 35       		.uleb128 0x35
 873 014a 00       		.byte	0
 874 014b 49       		.uleb128 0x49
ARM GAS  C:\Users\mitchell\AppData\Local\Temp\ccl3UDff.s 			page 18


 875 014c 13       		.uleb128 0x13
 876 014d 00       		.byte	0
 877 014e 00       		.byte	0
 878 014f 18       		.uleb128 0x18
 879 0150 2E       		.uleb128 0x2e
 880 0151 01       		.byte	0x1
 881 0152 3F       		.uleb128 0x3f
 882 0153 19       		.uleb128 0x19
 883 0154 03       		.uleb128 0x3
 884 0155 0E       		.uleb128 0xe
 885 0156 3A       		.uleb128 0x3a
 886 0157 0B       		.uleb128 0xb
 887 0158 3B       		.uleb128 0x3b
 888 0159 0B       		.uleb128 0xb
 889 015a 27       		.uleb128 0x27
 890 015b 19       		.uleb128 0x19
 891 015c 49       		.uleb128 0x49
 892 015d 13       		.uleb128 0x13
 893 015e 3C       		.uleb128 0x3c
 894 015f 19       		.uleb128 0x19
 895 0160 01       		.uleb128 0x1
 896 0161 13       		.uleb128 0x13
 897 0162 00       		.byte	0
 898 0163 00       		.byte	0
 899 0164 19       		.uleb128 0x19
 900 0165 05       		.uleb128 0x5
 901 0166 00       		.byte	0
 902 0167 49       		.uleb128 0x49
 903 0168 13       		.uleb128 0x13
 904 0169 00       		.byte	0
 905 016a 00       		.byte	0
 906 016b 1A       		.uleb128 0x1a
 907 016c 2E       		.uleb128 0x2e
 908 016d 01       		.byte	0x1
 909 016e 3F       		.uleb128 0x3f
 910 016f 19       		.uleb128 0x19
 911 0170 03       		.uleb128 0x3
 912 0171 0E       		.uleb128 0xe
 913 0172 3A       		.uleb128 0x3a
 914 0173 0B       		.uleb128 0xb
 915 0174 3B       		.uleb128 0x3b
 916 0175 0B       		.uleb128 0xb
 917 0176 27       		.uleb128 0x27
 918 0177 19       		.uleb128 0x19
 919 0178 3C       		.uleb128 0x3c
 920 0179 19       		.uleb128 0x19
 921 017a 00       		.byte	0
 922 017b 00       		.byte	0
 923 017c 00       		.byte	0
 924              		.section	.debug_loc,"",%progbits
 925              	.Ldebug_loc0:
 926              	.LLST0:
 927 0000 00000000 		.4byte	.LVL1
 928 0004 0E000000 		.4byte	.LVL2
 929 0008 0100     		.2byte	0x1
 930 000a 50       		.byte	0x50
 931 000b 0E000000 		.4byte	.LVL2
ARM GAS  C:\Users\mitchell\AppData\Local\Temp\ccl3UDff.s 			page 19


 932 000f 46000000 		.4byte	.LFE64
 933 0013 0100     		.2byte	0x1
 934 0015 55       		.byte	0x55
 935 0016 00000000 		.4byte	0
 936 001a 00000000 		.4byte	0
 937              	.LLST1:
 938 001e 00000000 		.4byte	.LVL1
 939 0022 15000000 		.4byte	.LVL3-1
 940 0026 0100     		.2byte	0x1
 941 0028 51       		.byte	0x51
 942 0029 15000000 		.4byte	.LVL3-1
 943 002d 2A000000 		.4byte	.LVL4
 944 0031 0400     		.2byte	0x4
 945 0033 F3       		.byte	0xf3
 946 0034 01       		.uleb128 0x1
 947 0035 51       		.byte	0x51
 948 0036 9F       		.byte	0x9f
 949 0037 2A000000 		.4byte	.LVL4
 950 003b 2F000000 		.4byte	.LVL5-1
 951 003f 0100     		.2byte	0x1
 952 0041 51       		.byte	0x51
 953 0042 2F000000 		.4byte	.LVL5-1
 954 0046 46000000 		.4byte	.LFE64
 955 004a 0400     		.2byte	0x4
 956 004c F3       		.byte	0xf3
 957 004d 01       		.uleb128 0x1
 958 004e 51       		.byte	0x51
 959 004f 9F       		.byte	0x9f
 960 0050 00000000 		.4byte	0
 961 0054 00000000 		.4byte	0
 962              	.LLST2:
 963 0058 00000000 		.4byte	.LVL1
 964 005c 15000000 		.4byte	.LVL3-1
 965 0060 0100     		.2byte	0x1
 966 0062 52       		.byte	0x52
 967 0063 15000000 		.4byte	.LVL3-1
 968 0067 2A000000 		.4byte	.LVL4
 969 006b 0100     		.2byte	0x1
 970 006d 57       		.byte	0x57
 971 006e 2A000000 		.4byte	.LVL4
 972 0072 2F000000 		.4byte	.LVL5-1
 973 0076 0100     		.2byte	0x1
 974 0078 52       		.byte	0x52
 975 0079 2F000000 		.4byte	.LVL5-1
 976 007d 46000000 		.4byte	.LFE64
 977 0081 0100     		.2byte	0x1
 978 0083 57       		.byte	0x57
 979 0084 00000000 		.4byte	0
 980 0088 00000000 		.4byte	0
 981              	.LLST3:
 982 008c 00000000 		.4byte	.LVL1
 983 0090 15000000 		.4byte	.LVL3-1
 984 0094 0100     		.2byte	0x1
 985 0096 53       		.byte	0x53
 986 0097 15000000 		.4byte	.LVL3-1
 987 009b 2A000000 		.4byte	.LVL4
 988 009f 0100     		.2byte	0x1
ARM GAS  C:\Users\mitchell\AppData\Local\Temp\ccl3UDff.s 			page 20


 989 00a1 56       		.byte	0x56
 990 00a2 2A000000 		.4byte	.LVL4
 991 00a6 2F000000 		.4byte	.LVL5-1
 992 00aa 0100     		.2byte	0x1
 993 00ac 53       		.byte	0x53
 994 00ad 2F000000 		.4byte	.LVL5-1
 995 00b1 46000000 		.4byte	.LFE64
 996 00b5 0100     		.2byte	0x1
 997 00b7 56       		.byte	0x56
 998 00b8 00000000 		.4byte	0
 999 00bc 00000000 		.4byte	0
 1000              	.LLST4:
 1001 00c0 00000000 		.4byte	.LVL6
 1002 00c4 0E000000 		.4byte	.LVL8
 1003 00c8 0100     		.2byte	0x1
 1004 00ca 50       		.byte	0x50
 1005 00cb 0E000000 		.4byte	.LVL8
 1006 00cf 1C000000 		.4byte	.LFE65
 1007 00d3 0100     		.2byte	0x1
 1008 00d5 55       		.byte	0x55
 1009 00d6 00000000 		.4byte	0
 1010 00da 00000000 		.4byte	0
 1011              	.LLST5:
 1012 00de 08000000 		.4byte	.LVL7
 1013 00e2 18000000 		.4byte	.LVL10
 1014 00e6 0100     		.2byte	0x1
 1015 00e8 54       		.byte	0x54
 1016 00e9 00000000 		.4byte	0
 1017 00ed 00000000 		.4byte	0
 1018              	.LLST6:
 1019 00f1 00000000 		.4byte	.LVL11
 1020 00f5 06000000 		.4byte	.LVL12
 1021 00f9 0100     		.2byte	0x1
 1022 00fb 50       		.byte	0x50
 1023 00fc 06000000 		.4byte	.LVL12
 1024 0100 08000000 		.4byte	.LVL13
 1025 0104 0400     		.2byte	0x4
 1026 0106 F3       		.byte	0xf3
 1027 0107 01       		.uleb128 0x1
 1028 0108 50       		.byte	0x50
 1029 0109 9F       		.byte	0x9f
 1030 010a 08000000 		.4byte	.LVL13
 1031 010e 0C000000 		.4byte	.LVL14
 1032 0112 0100     		.2byte	0x1
 1033 0114 50       		.byte	0x50
 1034 0115 0C000000 		.4byte	.LVL14
 1035 0119 0E000000 		.4byte	.LFE66
 1036 011d 0400     		.2byte	0x4
 1037 011f F3       		.byte	0xf3
 1038 0120 01       		.uleb128 0x1
 1039 0121 50       		.byte	0x50
 1040 0122 9F       		.byte	0x9f
 1041 0123 00000000 		.4byte	0
 1042 0127 00000000 		.4byte	0
 1043              		.section	.debug_aranges,"",%progbits
 1044 0000 34000000 		.4byte	0x34
 1045 0004 0200     		.2byte	0x2
ARM GAS  C:\Users\mitchell\AppData\Local\Temp\ccl3UDff.s 			page 21


 1046 0006 00000000 		.4byte	.Ldebug_info0
 1047 000a 04       		.byte	0x4
 1048 000b 00       		.byte	0
 1049 000c 0000     		.2byte	0
 1050 000e 0000     		.2byte	0
 1051 0010 00000000 		.4byte	.LFB63
 1052 0014 10000000 		.4byte	.LFE63-.LFB63
 1053 0018 00000000 		.4byte	.LFB64
 1054 001c 46000000 		.4byte	.LFE64-.LFB64
 1055 0020 00000000 		.4byte	.LFB65
 1056 0024 1C000000 		.4byte	.LFE65-.LFB65
 1057 0028 00000000 		.4byte	.LFB66
 1058 002c 0E000000 		.4byte	.LFE66-.LFB66
 1059 0030 00000000 		.4byte	0
 1060 0034 00000000 		.4byte	0
 1061              		.section	.debug_ranges,"",%progbits
 1062              	.Ldebug_ranges0:
 1063 0000 00000000 		.4byte	.LFB63
 1064 0004 10000000 		.4byte	.LFE63
 1065 0008 00000000 		.4byte	.LFB64
 1066 000c 46000000 		.4byte	.LFE64
 1067 0010 00000000 		.4byte	.LFB65
 1068 0014 1C000000 		.4byte	.LFE65
 1069 0018 00000000 		.4byte	.LFB66
 1070 001c 0E000000 		.4byte	.LFE66
 1071 0020 00000000 		.4byte	0
 1072 0024 00000000 		.4byte	0
 1073              		.section	.debug_line,"",%progbits
 1074              	.Ldebug_line0:
 1075 0000 43020000 		.section	.debug_str,"MS",%progbits,1
 1075      0200E501 
 1075      00000201 
 1075      FB0E0D00 
 1075      01010101 
 1076              	.LASF22:
 1077 0000 51756575 		.ascii	"Queue\000"
 1077      6500
 1078              	.LASF21:
 1079 0006 4E6F6465 		.ascii	"Node\000"
 1079      00
 1080              	.LASF20:
 1081 000b 6E657874 		.ascii	"next\000"
 1081      00
 1082              	.LASF25:
 1083 0010 63726561 		.ascii	"createQueue\000"
 1083      74655175 
 1083      65756500 
 1084              	.LASF6:
 1085 001c 5F5F696E 		.ascii	"__int32_t\000"
 1085      7433325F 
 1085      7400
 1086              	.LASF31:
 1087 0026 746F5265 		.ascii	"toReturn\000"
 1087      7475726E 
 1087      00
 1088              	.LASF13:
 1089 002f 696E7433 		.ascii	"int32_t\000"
ARM GAS  C:\Users\mitchell\AppData\Local\Temp\ccl3UDff.s 			page 22


 1089      325F7400 
 1090              	.LASF15:
 1091 0037 666C6F61 		.ascii	"float\000"
 1091      7400
 1092              	.LASF1:
 1093 003d 7369676E 		.ascii	"signed char\000"
 1093      65642063 
 1093      68617200 
 1094              	.LASF2:
 1095 0049 756E7369 		.ascii	"unsigned char\000"
 1095      676E6564 
 1095      20636861 
 1095      7200
 1096              	.LASF17:
 1097 0057 6272616B 		.ascii	"brake_error\000"
 1097      655F6572 
 1097      726F7200 
 1098              	.LASF34:
 1099 0063 68656164 		.ascii	"headTime\000"
 1099      54696D65 
 1099      00
 1100              	.LASF8:
 1101 006c 6C6F6E67 		.ascii	"long unsigned int\000"
 1101      20756E73 
 1101      69676E65 
 1101      6420696E 
 1101      7400
 1102              	.LASF30:
 1103 007e 74656D70 		.ascii	"temp\000"
 1103      00
 1104              	.LASF4:
 1105 0083 73686F72 		.ascii	"short unsigned int\000"
 1105      7420756E 
 1105      7369676E 
 1105      65642069 
 1105      6E7400
 1106              	.LASF5:
 1107 0096 73697A65 		.ascii	"size_t\000"
 1107      5F7400
 1108              	.LASF36:
 1109 009d 2E5C7175 		.ascii	".\\queue.c\000"
 1109      6575652E 
 1109      6300
 1110              	.LASF38:
 1111 00a7 49544D5F 		.ascii	"ITM_RxBuffer\000"
 1111      52784275 
 1111      66666572 
 1111      00
 1112              	.LASF16:
 1113 00b4 646F7562 		.ascii	"double\000"
 1113      6C6500
 1114              	.LASF23:
 1115 00bb 68656164 		.ascii	"head\000"
 1115      00
 1116              	.LASF14:
 1117 00c0 75696E74 		.ascii	"uint32\000"
 1117      333200
ARM GAS  C:\Users\mitchell\AppData\Local\Temp\ccl3UDff.s 			page 23


 1118              	.LASF0:
 1119 00c7 756E7369 		.ascii	"unsigned int\000"
 1119      676E6564 
 1119      20696E74 
 1119      00
 1120              	.LASF10:
 1121 00d4 6C6F6E67 		.ascii	"long long unsigned int\000"
 1121      206C6F6E 
 1121      6720756E 
 1121      7369676E 
 1121      65642069 
 1122              	.LASF19:
 1123 00eb 74696D65 		.ascii	"time_count\000"
 1123      5F636F75 
 1123      6E7400
 1124              	.LASF28:
 1125 00f6 5450535F 		.ascii	"TPS_APPS_err\000"
 1125      41505053 
 1125      5F657272 
 1125      00
 1126              	.LASF29:
 1127 0103 74696D65 		.ascii	"time\000"
 1127      00
 1128              	.LASF35:
 1129 0108 474E5520 		.ascii	"GNU C 4.8.4 20140526 (release) [ARM/embedded-4_8-br"
 1129      4320342E 
 1129      382E3420 
 1129      32303134 
 1129      30353236 
 1130 013b 616E6368 		.ascii	"anch revision 211358] -mcpu=cortex-m3 -mthumb -g -O"
 1130      20726576 
 1130      6973696F 
 1130      6E203231 
 1130      31333538 
 1131 016e 67202D66 		.ascii	"g -ffunction-sections\000"
 1131      66756E63 
 1131      74696F6E 
 1131      2D736563 
 1131      74696F6E 
 1132              	.LASF11:
 1133 0184 73697A65 		.ascii	"sizetype\000"
 1133      74797065 
 1133      00
 1134              	.LASF32:
 1135 018d 6F6C6448 		.ascii	"oldHead\000"
 1135      65616400 
 1136              	.LASF40:
 1137 0195 66726565 		.ascii	"free\000"
 1137      00
 1138              	.LASF9:
 1139 019a 6C6F6E67 		.ascii	"long long int\000"
 1139      206C6F6E 
 1139      6720696E 
 1139      7400
 1140              	.LASF18:
 1141 01a8 5450535F 		.ascii	"TPS_APPS_error\000"
 1141      41505053 
ARM GAS  C:\Users\mitchell\AppData\Local\Temp\ccl3UDff.s 			page 24


 1141      5F657272 
 1141      6F7200
 1142              	.LASF12:
 1143 01b7 63686172 		.ascii	"char\000"
 1143      00
 1144              	.LASF26:
 1145 01bc 656E7175 		.ascii	"enqueue\000"
 1145      65756500 
 1146              	.LASF3:
 1147 01c4 73686F72 		.ascii	"short int\000"
 1147      7420696E 
 1147      7400
 1148              	.LASF24:
 1149 01ce 7461696C 		.ascii	"tail\000"
 1149      00
 1150              	.LASF33:
 1151 01d3 64657175 		.ascii	"dequeue\000"
 1151      65756500 
 1152              	.LASF27:
 1153 01db 6272616B 		.ascii	"brake_stat\000"
 1153      655F7374 
 1153      617400
 1154              	.LASF7:
 1155 01e6 6C6F6E67 		.ascii	"long int\000"
 1155      20696E74 
 1155      00
 1156              	.LASF37:
 1157 01ef 433A5C55 		.ascii	"C:\\Users\\mitchell\\Documents\\fsae\\E-Throttle\\E"
 1157      73657273 
 1157      5C6D6974 
 1157      6368656C 
 1157      6C5C446F 
 1158 021c 2D546872 		.ascii	"-Throttle\\E-Throttle.cydsn\000"
 1158      6F74746C 
 1158      655C452D 
 1158      5468726F 
 1158      74746C65 
 1159              	.LASF39:
 1160 0237 6D616C6C 		.ascii	"malloc\000"
 1160      6F6300
 1161              		.ident	"GCC: (GNU Tools for ARM Embedded Processors) 4.8.4 20140526 (release) [ARM/embedded-4_8-br
