--------------- Rebuild Started: 02/04/2016 02:21:29 Project: E-Throttle, Configuration: ARM GCC 4.8.4 Debug ---------------
Deleting file ".\CortexM3\ARM_GCC_484\Debug\main.o"
Deleting file ".\CortexM3\ARM_GCC_484\Debug\signal_processing.o"
Deleting file ".\CortexM3\ARM_GCC_484\Debug\queue.o"
Deleting file ".\CortexM3\ARM_GCC_484\Debug\cyfitter_cfg.o"
Deleting file ".\CortexM3\ARM_GCC_484\Debug\cymetadata.o"
Deleting file ".\CortexM3\ARM_GCC_484\Debug\Cm3Start.o"
Deleting file ".\CortexM3\ARM_GCC_484\Debug\CyBootAsmGnu.o"
Deleting file ".\CortexM3\ARM_GCC_484\Debug\CyDmac.o"
Deleting file ".\CortexM3\ARM_GCC_484\Debug\CyFlash.o"
Deleting file ".\CortexM3\ARM_GCC_484\Debug\CyLib.o"
Deleting file ".\CortexM3\ARM_GCC_484\Debug\cyPm.o"
Deleting file ".\CortexM3\ARM_GCC_484\Debug\CySpc.o"
Deleting file ".\CortexM3\ARM_GCC_484\Debug\cyutils.o"
Deleting file ".\CortexM3\ARM_GCC_484\Debug\TPS_ADC.o"
Deleting file ".\CortexM3\ARM_GCC_484\Debug\TPS_ADC_PM.o"
Deleting file ".\CortexM3\ARM_GCC_484\Debug\TPS_ADC_INT.o"
Deleting file ".\CortexM3\ARM_GCC_484\Debug\TPS_0.o"
Deleting file ".\CortexM3\ARM_GCC_484\Debug\TPS_1.o"
Deleting file ".\CortexM3\ARM_GCC_484\Debug\APPS_ADC.o"
Deleting file ".\CortexM3\ARM_GCC_484\Debug\APPS_ADC_PM.o"
Deleting file ".\CortexM3\ARM_GCC_484\Debug\APPS_ADC_INT.o"
Deleting file ".\CortexM3\ARM_GCC_484\Debug\APPS_0.o"
Deleting file ".\CortexM3\ARM_GCC_484\Debug\APPS_1.o"
Deleting file ".\CortexM3\ARM_GCC_484\Debug\SERVO_PWM.o"
Deleting file ".\CortexM3\ARM_GCC_484\Debug\SERVO_PWM_PM.o"
Deleting file ".\CortexM3\ARM_GCC_484\Debug\SERVO_OUT.o"
Deleting file ".\CortexM3\ARM_GCC_484\Debug\Clock_1.o"
Deleting file ".\CortexM3\ARM_GCC_484\Debug\TPS_ADC_SAR.o"
Deleting file ".\CortexM3\ARM_GCC_484\Debug\TPS_ADC_SAR_INT.o"
Deleting file ".\CortexM3\ARM_GCC_484\Debug\TPS_ADC_SAR_PM.o"
Deleting file ".\CortexM3\ARM_GCC_484\Debug\TPS_ADC_IntClock.o"
Deleting file ".\CortexM3\ARM_GCC_484\Debug\TPS_ADC_TempBuf_dma.o"
Deleting file ".\CortexM3\ARM_GCC_484\Debug\TPS_ADC_FinalBuf_dma.o"
Deleting file ".\CortexM3\ARM_GCC_484\Debug\TPS_ADC_IRQ.o"
Deleting file ".\CortexM3\ARM_GCC_484\Debug\APPS_ADC_SAR.o"
Deleting file ".\CortexM3\ARM_GCC_484\Debug\APPS_ADC_SAR_INT.o"
Deleting file ".\CortexM3\ARM_GCC_484\Debug\APPS_ADC_SAR_PM.o"
Deleting file ".\CortexM3\ARM_GCC_484\Debug\APPS_ADC_IntClock.o"
Deleting file ".\CortexM3\ARM_GCC_484\Debug\APPS_ADC_TempBuf_dma.o"
Deleting file ".\CortexM3\ARM_GCC_484\Debug\APPS_ADC_FinalBuf_dma.o"
Deleting file ".\CortexM3\ARM_GCC_484\Debug\APPS_ADC_IRQ.o"
Deleting file ".\CortexM3\ARM_GCC_484\Debug\Brake.o"
Deleting file ".\CortexM3\ARM_GCC_484\Debug\BRAKE_ADC.o"
Deleting file ".\CortexM3\ARM_GCC_484\Debug\BRAKE_ADC_PM.o"
Deleting file ".\CortexM3\ARM_GCC_484\Debug\BRAKE_ADC_INT.o"
Deleting file ".\CortexM3\ARM_GCC_484\Debug\BRAKE_ADC_AMux.o"
Deleting file ".\CortexM3\ARM_GCC_484\Debug\BRAKE_ADC_Ext_CP_Clk.o"
Deleting file ".\CortexM3\ARM_GCC_484\Debug\BRAKE_ADC_IRQ.o"
Deleting file ".\CortexM3\ARM_GCC_484\Debug\BRAKE_ADC_theACLK.o"
Deleting file ".\CortexM3\ARM_GCC_484\Debug\timer_clock.o"
Deleting file ".\CortexM3\ARM_GCC_484\Debug\Timer.o"
Deleting file ".\CortexM3\ARM_GCC_484\Debug\Timer_PM.o"
Deleting file ".\CortexM3\ARM_GCC_484\Debug\E-Throttle.hex"
Deleting file ".\CortexM3\ARM_GCC_484\Debug\E-Throttle.elf"
Deleting file ".\CortexM3\ARM_GCC_484\Debug\E-Throttle.map"
Deleting file ".\E-Throttle.cycdx"
Deleting file ".\E-Throttle.svd"
Deleting file ".\E-Throttle.rpt"
Deleting file ".\E-Throttle_timing.html"
Deleting file ".\CortexM3\ARM_GCC_484\Debug\.deps\C_FILE.P"
Deleting file ".\CortexM3\ARM_GCC_484\Debug\.deps\ARM_C_FILE.P"
Deleting file ".\CortexM3\ARM_GCC_484\Debug\.deps\GNU_ARM_ASM_FILE.P"
cydsfit.exe -.appdatapath "C:\Users\mitchell\AppData\Local\Cypress Semiconductor\PSoC Creator\3.2" -.fdsnotice -.fdswarpdepfile=warp_dependencies.txt -.fdselabdepfile=elab_dependencies.txt -.fdsbldfile=generated_files.txt -p C:\Users\mitchell\Documents\fsae\E-Throttle\E-Throttle\E-Throttle.cydsn\E-Throttle.cyprj -d CY8C5888LTI-LP097 -s C:\Users\mitchell\Documents\fsae\E-Throttle\E-Throttle\E-Throttle.cydsn\Generated_Source\PSoC5 -- -yv2 -q10 -ygs -o2 -v3 -.fftcfgtype=LE
Elaborating Design...
ADD: sdb.M0065: information: Analog terminal "vdac_ref" on ADC_SAR_SEQ_v2_0 is unconnected.
 * C:\Program Files (x86)\Cypress\PSoC Creator\3.2\PSoC Creator\psoc\content\cycomponentlibrary\CyComponentLibrary.cylib\ADC_SAR_SEQ_v2_0\PSoC5\ADC_SAR_SEQ_v2_0.cysch (Signal: vdac_ref)
 * C:\Program Files (x86)\Cypress\PSoC Creator\3.2\PSoC Creator\psoc\content\cycomponentlibrary\CyComponentLibrary.cylib\ADC_SAR_SEQ_v2_0\PSoC5\ADC_SAR_SEQ_v2_0.cysch (Shape_798)
 * C:\Program Files (x86)\Cypress\PSoC Creator\3.2\PSoC Creator\psoc\content\cycomponentlibrary\CyComponentLibrary.cylib\ADC_SAR_SEQ_v2_0\PSoC5\ADC_SAR_SEQ_v2_0.cysch (Shape_885)
ADD: pft.M0028: warning: Clock Warning: (timer_clock's accuracy range '75.000 kHz +/- 1.000%, (74.250 kHz - 75.750 kHz)' is not within the specified tolerance range '75.000 kHz +/- 1.000%, (74.250 kHz - 75.750 kHz)'.).
 * C:\Users\mitchell\Documents\fsae\E-Throttle\E-Throttle\E-Throttle.cydsn\E-Throttle.cydwr (timer_clock)
 * C:\Users\mitchell\Documents\fsae\E-Throttle\E-Throttle\E-Throttle.cydsn\TopDesign\TopDesign.cysch (Instance:timer_clock)
HDL Generation ...
Synthesis ...
Place and Route ...
Tech mapping ...
ADD: pft.M0040: information: The following 1 pin(s) will be assigned a location by the fitter: SERVO_OUT(0)
Analog Placement ...
Info: apr.M0002: Analog signal "Net_106" is connected to one terminal only. (App=cydsfit)
Info: apr.M0002: Analog signal "Net_107" is connected to one terminal only. (App=cydsfit)
Info: apr.M0002: Analog signal "Net_109" is connected to one terminal only. (App=cydsfit)
Info: apr.M0002: Analog signal "Net_111" is connected to one terminal only. (App=cydsfit)
Info: apr.M0002: Analog signal "Net_112" is connected to one terminal only. (App=cydsfit)
Info: apr.M0002: Analog signal "Net_114" is connected to one terminal only. (App=cydsfit)
Info: apr.M0002: Analog signal "Net_116" is connected to one terminal only. (App=cydsfit)
Info: apr.M0002: Analog signal "Net_117" is connected to one terminal only. (App=cydsfit)
Info: apr.M0002: Analog signal "Net_119" is connected to one terminal only. (App=cydsfit)
Info: apr.M0002: Analog signal "Net_121" is connected to one terminal only. (App=cydsfit)
Info: apr.M0002: Analog signal "Net_122" is connected to one terminal only. (App=cydsfit)
Info: apr.M0002: Analog signal "Net_124" is connected to one terminal only. (App=cydsfit)
Info: apr.M0002: Analog signal "Net_126" is connected to one terminal only. (App=cydsfit)
Info: apr.M0002: Analog signal "Net_127" is connected to one terminal only. (App=cydsfit)
Info: apr.M0002: Analog signal "Net_129" is connected to one terminal only. (App=cydsfit)
Info: apr.M0002: Analog signal "Net_131" is connected to one terminal only. (App=cydsfit)
Info: apr.M0002: Analog signal "Net_132" is connected to one terminal only. (App=cydsfit)
Info: apr.M0002: Analog signal "Net_134" is connected to one terminal only. (App=cydsfit)
Info: apr.M0002: Analog signal "Net_136" is connected to one terminal only. (App=cydsfit)
Info: apr.M0002: Analog signal "Net_137" is connected to one terminal only. (App=cydsfit)
Info: apr.M0002: Analog signal "Net_139" is connected to one terminal only. (App=cydsfit)
Info: apr.M0002: Analog signal "Net_141" is connected to one terminal only. (App=cydsfit)
Info: apr.M0002: Analog signal "Net_142" is connected to one terminal only. (App=cydsfit)
Info: apr.M0002: Analog signal "Net_144" is connected to one terminal only. (App=cydsfit)
Info: apr.M0002: Analog signal "Net_146" is connected to one terminal only. (App=cydsfit)
Info: apr.M0002: Analog signal "Net_147" is connected to one terminal only. (App=cydsfit)
Info: apr.M0002: Analog signal "Net_149" is connected to one terminal only. (App=cydsfit)
Info: apr.M0002: Analog signal "Net_151" is connected to one terminal only. (App=cydsfit)
Info: apr.M0002: Analog signal "Net_152" is connected to one terminal only. (App=cydsfit)
Info: apr.M0002: Analog signal "Net_154" is connected to one terminal only. (App=cydsfit)
Info: apr.M0002: Analog signal "Net_156" is connected to one terminal only. (App=cydsfit)
Info: apr.M0002: Analog signal "Net_157" is connected to one terminal only. (App=cydsfit)
Info: apr.M0002: Analog signal "Net_159" is connected to one terminal only. (App=cydsfit)
Info: apr.M0002: Analog signal "Net_161" is connected to one terminal only. (App=cydsfit)
Info: apr.M0002: Analog signal "Net_162" is connected to one terminal only. (App=cydsfit)
Info: apr.M0002: Analog signal "Net_164" is connected to one terminal only. (App=cydsfit)
Info: apr.M0002: Analog signal "Net_166" is connected to one terminal only. (App=cydsfit)
Info: apr.M0002: Analog signal "Net_167" is connected to one terminal only. (App=cydsfit)
Info: apr.M0002: Analog signal "Net_169" is connected to one terminal only. (App=cydsfit)
Info: apr.M0002: Analog signal "Net_171" is connected to one terminal only. (App=cydsfit)
Info: apr.M0002: Analog signal "Net_172" is connected to one terminal only. (App=cydsfit)
Info: apr.M0002: Analog signal "Net_174" is connected to one terminal only. (App=cydsfit)
Info: apr.M0002: Analog signal "Net_176" is connected to one terminal only. (App=cydsfit)
Info: apr.M0002: Analog signal "Net_177" is connected to one terminal only. (App=cydsfit)
Info: apr.M0002: Analog signal "Net_179" is connected to one terminal only. (App=cydsfit)
Info: apr.M0002: Analog signal "Net_181" is connected to one terminal only. (App=cydsfit)
Info: apr.M0002: Analog signal "Net_182" is connected to one terminal only. (App=cydsfit)
Info: apr.M0002: Analog signal "Net_183" is connected to one terminal only. (App=cydsfit)
Info: apr.M0002: Analog signal "Net_184" is connected to one terminal only. (App=cydsfit)
Info: apr.M0002: Analog signal "Net_185" is connected to one terminal only. (App=cydsfit)
Info: apr.M0002: Analog signal "Net_186" is connected to one terminal only. (App=cydsfit)
Info: apr.M0002: Analog signal "Net_187" is connected to one terminal only. (App=cydsfit)
Info: apr.M0002: Analog signal "Net_188" is connected to one terminal only. (App=cydsfit)
Info: apr.M0002: Analog signal "Net_189" is connected to one terminal only. (App=cydsfit)
Info: apr.M0002: Analog signal "Net_190" is connected to one terminal only. (App=cydsfit)
Info: apr.M0002: Analog signal "Net_191" is connected to one terminal only. (App=cydsfit)
Info: apr.M0002: Analog signal "Net_192" is connected to one terminal only. (App=cydsfit)
Info: apr.M0002: Analog signal "Net_193" is connected to one terminal only. (App=cydsfit)
Info: apr.M0002: Analog signal "Net_194" is connected to one terminal only. (App=cydsfit)
Info: apr.M0002: Analog signal "Net_195" is connected to one terminal only. (App=cydsfit)
Info: apr.M0002: Analog signal "Net_196" is connected to one terminal only. (App=cydsfit)
Info: apr.M0002: Analog signal "Net_197" is connected to one terminal only. (App=cydsfit)
Info: apr.M0002: Analog signal "\BRAKE_ADC:Net_690\" is connected to one terminal only. (App=cydsfit)
Info: apr.M0002: Analog signal "Net_6" is connected to one terminal only. (App=cydsfit)
Info: apr.M0002: Analog signal "Net_7" is connected to one terminal only. (App=cydsfit)
Info: apr.M0002: Analog signal "Net_9" is connected to one terminal only. (App=cydsfit)
Info: apr.M0002: Analog signal "Net_11" is connected to one terminal only. (App=cydsfit)
Info: apr.M0002: Analog signal "Net_12" is connected to one terminal only. (App=cydsfit)
Info: apr.M0002: Analog signal "Net_14" is connected to one terminal only. (App=cydsfit)
Info: apr.M0002: Analog signal "Net_16" is connected to one terminal only. (App=cydsfit)
Info: apr.M0002: Analog signal "Net_17" is connected to one terminal only. (App=cydsfit)
Info: apr.M0002: Analog signal "Net_19" is connected to one terminal only. (App=cydsfit)
Info: apr.M0002: Analog signal "Net_21" is connected to one terminal only. (App=cydsfit)
Info: apr.M0002: Analog signal "Net_22" is connected to one terminal only. (App=cydsfit)
Info: apr.M0002: Analog signal "Net_24" is connected to one terminal only. (App=cydsfit)
Info: apr.M0002: Analog signal "Net_26" is connected to one terminal only. (App=cydsfit)
Info: apr.M0002: Analog signal "Net_27" is connected to one terminal only. (App=cydsfit)
Info: apr.M0002: Analog signal "Net_29" is connected to one terminal only. (App=cydsfit)
Info: apr.M0002: Analog signal "Net_31" is connected to one terminal only. (App=cydsfit)
Info: apr.M0002: Analog signal "Net_32" is connected to one terminal only. (App=cydsfit)
Info: apr.M0002: Analog signal "Net_34" is connected to one terminal only. (App=cydsfit)
Info: apr.M0002: Analog signal "Net_36" is connected to one terminal only. (App=cydsfit)
Info: apr.M0002: Analog signal "Net_37" is connected to one terminal only. (App=cydsfit)
Info: apr.M0002: Analog signal "Net_39" is connected to one terminal only. (App=cydsfit)
Info: apr.M0002: Analog signal "Net_41" is connected to one terminal only. (App=cydsfit)
Info: apr.M0002: Analog signal "Net_42" is connected to one terminal only. (App=cydsfit)
Info: apr.M0002: Analog signal "Net_44" is connected to one terminal only. (App=cydsfit)
Info: apr.M0002: Analog signal "Net_46" is connected to one terminal only. (App=cydsfit)
Info: apr.M0002: Analog signal "Net_47" is connected to one terminal only. (App=cydsfit)
Info: apr.M0002: Analog signal "Net_49" is connected to one terminal only. (App=cydsfit)
Info: apr.M0002: Analog signal "Net_51" is connected to one terminal only. (App=cydsfit)
Info: apr.M0002: Analog signal "Net_52" is connected to one terminal only. (App=cydsfit)
Info: apr.M0002: Analog signal "Net_54" is connected to one terminal only. (App=cydsfit)
Info: apr.M0002: Analog signal "Net_56" is connected to one terminal only. (App=cydsfit)
Info: apr.M0002: Analog signal "Net_57" is connected to one terminal only. (App=cydsfit)
Info: apr.M0002: Analog signal "Net_59" is connected to one terminal only. (App=cydsfit)
Info: apr.M0002: Analog signal "Net_61" is connected to one terminal only. (App=cydsfit)
Info: apr.M0002: Analog signal "Net_62" is connected to one terminal only. (App=cydsfit)
Info: apr.M0002: Analog signal "Net_64" is connected to one terminal only. (App=cydsfit)
Info: apr.M0002: Analog signal "Net_66" is connected to one terminal only. (App=cydsfit)
Info: apr.M0002: Analog signal "Net_67" is connected to one terminal only. (App=cydsfit)
Info: apr.M0002: Analog signal "Net_69" is connected to one terminal only. (App=cydsfit)
Info: apr.M0002: Analog signal "Net_71" is connected to one terminal only. (App=cydsfit)
Info: apr.M0002: Analog signal "Net_72" is connected to one terminal only. (App=cydsfit)
Info: apr.M0002: Analog signal "Net_74" is connected to one terminal only. (App=cydsfit)
Info: apr.M0002: Analog signal "Net_76" is connected to one terminal only. (App=cydsfit)
Info: apr.M0002: Analog signal "Net_77" is connected to one terminal only. (App=cydsfit)
Info: apr.M0002: Analog signal "Net_79" is connected to one terminal only. (App=cydsfit)
Info: apr.M0002: Analog signal "Net_81" is connected to one terminal only. (App=cydsfit)
Info: apr.M0002: Analog signal "Net_82" is connected to one terminal only. (App=cydsfit)
Info: apr.M0002: Analog signal "Net_83" is connected to one terminal only. (App=cydsfit)
Info: apr.M0002: Analog signal "Net_84" is connected to one terminal only. (App=cydsfit)
Info: apr.M0002: Analog signal "Net_85" is connected to one terminal only. (App=cydsfit)
Info: apr.M0002: Analog signal "Net_86" is connected to one terminal only. (App=cydsfit)
Info: apr.M0002: Analog signal "Net_87" is connected to one terminal only. (App=cydsfit)
Info: apr.M0002: Analog signal "Net_88" is connected to one terminal only. (App=cydsfit)
Info: apr.M0002: Analog signal "Net_89" is connected to one terminal only. (App=cydsfit)
Info: apr.M0002: Analog signal "Net_90" is connected to one terminal only. (App=cydsfit)
Info: apr.M0002: Analog signal "Net_91" is connected to one terminal only. (App=cydsfit)
Info: apr.M0002: Analog signal "Net_92" is connected to one terminal only. (App=cydsfit)
Info: apr.M0002: Analog signal "Net_93" is connected to one terminal only. (App=cydsfit)
Info: apr.M0002: Analog signal "Net_94" is connected to one terminal only. (App=cydsfit)
Info: apr.M0002: Analog signal "Net_95" is connected to one terminal only. (App=cydsfit)
Info: apr.M0002: Analog signal "Net_96" is connected to one terminal only. (App=cydsfit)
Info: apr.M0002: Analog signal "Net_97" is connected to one terminal only. (App=cydsfit)
Log: apr.M0058: The analog placement iterative improvement is 25% done. (App=cydsfit)
Log: apr.M0058: The analog placement iterative improvement is 48% done. (App=cydsfit)
Log: apr.M0058: The analog placement iterative improvement is 69% done. (App=cydsfit)
Log: apr.M0058: The analog placement iterative improvement is 91% done. (App=cydsfit)
Analog Routing ...
Analog Code Generation ...
Digital Placement ...
Digital Routing ...
Bitstream Generation ...
Static timing analysis ...
API Generation ...
Dependency Generation ...
Clean Temporary Files ...
arm-none-eabi-gcc.exe -mcpu=cortex-m3 -mthumb -Wno-main -I. -IGenerated_Source\PSoC5 -Wa,-alh=.\CortexM3\ARM_GCC_484\Debug/main.lst -g -D DEBUG -Wall -ffunction-sections -Og -c .\main.c -o .\CortexM3\ARM_GCC_484\Debug\main.o
.\main.c: In function 'main':
.\main.c:27:20: warning: unused variable 'err_buff' [-Wunused-variable]
     Error_Buffer * err_buff = createErrorBuffer();
                    ^
.\main.c:23:69: warning: variable 'brake_percent' set but not used [-Wunused-but-set-variable]
     float apps0_percent, apps1_percent, tps0_percent, tps1_percent, brake_percent;
                                                                     ^
arm-none-eabi-gcc.exe -mcpu=cortex-m3 -mthumb -Wno-main -I. -IGenerated_Source\PSoC5 -Wa,-alh=.\CortexM3\ARM_GCC_484\Debug/signal_processing.lst -g -D DEBUG -Wall -ffunction-sections -Og -c .\signal_processing.c -o .\CortexM3\ARM_GCC_484\Debug\signal_processing.o
arm-none-eabi-gcc.exe -mcpu=cortex-m3 -mthumb -Wno-main -I. -IGenerated_Source\PSoC5 -Wa,-alh=.\CortexM3\ARM_GCC_484\Debug/queue.lst -g -D DEBUG -Wall -ffunction-sections -Og -c .\queue.c -o .\CortexM3\ARM_GCC_484\Debug\queue.o
.\queue.c: In function 'createQueue':
.\queue.c:30:9: warning: unused variable 'i' [-Wunused-variable]
     int i;
         ^
arm-none-eabi-gcc.exe -mcpu=cortex-m3 -mthumb -Wno-main -I. -IGenerated_Source\PSoC5 -Wa,-alh=.\CortexM3\ARM_GCC_484\Debug/cyfitter_cfg.lst -g -D DEBUG -Wall -ffunction-sections -Og -c .\Generated_Source\PSoC5\cyfitter_cfg.c -o .\CortexM3\ARM_GCC_484\Debug\cyfitter_cfg.o
arm-none-eabi-gcc.exe -mcpu=cortex-m3 -mthumb -Wno-main -I. -IGenerated_Source\PSoC5 -Wa,-alh=.\CortexM3\ARM_GCC_484\Debug/cymetadata.lst -g -D DEBUG -Wall -ffunction-sections -Og -c .\Generated_Source\PSoC5\cymetadata.c -o .\CortexM3\ARM_GCC_484\Debug\cymetadata.o
arm-none-eabi-gcc.exe -mcpu=cortex-m3 -mthumb -Wno-main -I. -IGenerated_Source\PSoC5 -Wa,-alh=.\CortexM3\ARM_GCC_484\Debug/Cm3Start.lst -g -D DEBUG -Wall -ffunction-sections -Og -c .\Generated_Source\PSoC5\Cm3Start.c -o .\CortexM3\ARM_GCC_484\Debug\Cm3Start.o
arm-none-eabi-as.exe -mcpu=cortex-m3 -mthumb -I. -IGenerated_Source\PSoC5 -alh=.\CortexM3\ARM_GCC_484\Debug/CyBootAsmGnu.lst -g -W -o .\CortexM3\ARM_GCC_484\Debug\CyBootAsmGnu.o .\Generated_Source\PSoC5\CyBootAsmGnu.s
arm-none-eabi-gcc.exe -mcpu=cortex-m3 -mthumb -Wno-main -I. -IGenerated_Source\PSoC5 -Wa,-alh=.\CortexM3\ARM_GCC_484\Debug/CyDmac.lst -g -D DEBUG -Wall -ffunction-sections -Og -c .\Generated_Source\PSoC5\CyDmac.c -o .\CortexM3\ARM_GCC_484\Debug\CyDmac.o
arm-none-eabi-gcc.exe -mcpu=cortex-m3 -mthumb -Wno-main -I. -IGenerated_Source\PSoC5 -Wa,-alh=.\CortexM3\ARM_GCC_484\Debug/CyFlash.lst -g -D DEBUG -Wall -ffunction-sections -Og -c .\Generated_Source\PSoC5\CyFlash.c -o .\CortexM3\ARM_GCC_484\Debug\CyFlash.o
arm-none-eabi-gcc.exe -mcpu=cortex-m3 -mthumb -Wno-main -I. -IGenerated_Source\PSoC5 -Wa,-alh=.\CortexM3\ARM_GCC_484\Debug/CyLib.lst -g -D DEBUG -Wall -ffunction-sections -Og -c .\Generated_Source\PSoC5\CyLib.c -o .\CortexM3\ARM_GCC_484\Debug\CyLib.o
arm-none-eabi-gcc.exe -mcpu=cortex-m3 -mthumb -Wno-main -I. -IGenerated_Source\PSoC5 -Wa,-alh=.\CortexM3\ARM_GCC_484\Debug/cyPm.lst -g -D DEBUG -Wall -ffunction-sections -Og -c .\Generated_Source\PSoC5\cyPm.c -o .\CortexM3\ARM_GCC_484\Debug\cyPm.o
arm-none-eabi-gcc.exe -mcpu=cortex-m3 -mthumb -Wno-main -I. -IGenerated_Source\PSoC5 -Wa,-alh=.\CortexM3\ARM_GCC_484\Debug/CySpc.lst -g -D DEBUG -Wall -ffunction-sections -Og -c .\Generated_Source\PSoC5\CySpc.c -o .\CortexM3\ARM_GCC_484\Debug\CySpc.o
arm-none-eabi-gcc.exe -mcpu=cortex-m3 -mthumb -Wno-main -I. -IGenerated_Source\PSoC5 -Wa,-alh=.\CortexM3\ARM_GCC_484\Debug/cyutils.lst -g -D DEBUG -Wall -ffunction-sections -Og -c .\Generated_Source\PSoC5\cyutils.c -o .\CortexM3\ARM_GCC_484\Debug\cyutils.o
arm-none-eabi-gcc.exe -mcpu=cortex-m3 -mthumb -Wno-main -I. -IGenerated_Source\PSoC5 -Wa,-alh=.\CortexM3\ARM_GCC_484\Debug/TPS_ADC.lst -g -D DEBUG -Wall -ffunction-sections -Og -c .\Generated_Source\PSoC5\TPS_ADC.c -o .\CortexM3\ARM_GCC_484\Debug\TPS_ADC.o
arm-none-eabi-gcc.exe -mcpu=cortex-m3 -mthumb -Wno-main -I. -IGenerated_Source\PSoC5 -Wa,-alh=.\CortexM3\ARM_GCC_484\Debug/TPS_ADC_PM.lst -g -D DEBUG -Wall -ffunction-sections -Og -c .\Generated_Source\PSoC5\TPS_ADC_PM.c -o .\CortexM3\ARM_GCC_484\Debug\TPS_ADC_PM.o
arm-none-eabi-gcc.exe -mcpu=cortex-m3 -mthumb -Wno-main -I. -IGenerated_Source\PSoC5 -Wa,-alh=.\CortexM3\ARM_GCC_484\Debug/TPS_ADC_INT.lst -g -D DEBUG -Wall -ffunction-sections -Og -c .\Generated_Source\PSoC5\TPS_ADC_INT.c -o .\CortexM3\ARM_GCC_484\Debug\TPS_ADC_INT.o
arm-none-eabi-gcc.exe -mcpu=cortex-m3 -mthumb -Wno-main -I. -IGenerated_Source\PSoC5 -Wa,-alh=.\CortexM3\ARM_GCC_484\Debug/TPS_0.lst -g -D DEBUG -Wall -ffunction-sections -Og -c .\Generated_Source\PSoC5\TPS_0.c -o .\CortexM3\ARM_GCC_484\Debug\TPS_0.o
arm-none-eabi-gcc.exe -mcpu=cortex-m3 -mthumb -Wno-main -I. -IGenerated_Source\PSoC5 -Wa,-alh=.\CortexM3\ARM_GCC_484\Debug/TPS_1.lst -g -D DEBUG -Wall -ffunction-sections -Og -c .\Generated_Source\PSoC5\TPS_1.c -o .\CortexM3\ARM_GCC_484\Debug\TPS_1.o
arm-none-eabi-gcc.exe -mcpu=cortex-m3 -mthumb -Wno-main -I. -IGenerated_Source\PSoC5 -Wa,-alh=.\CortexM3\ARM_GCC_484\Debug/APPS_ADC.lst -g -D DEBUG -Wall -ffunction-sections -Og -c .\Generated_Source\PSoC5\APPS_ADC.c -o .\CortexM3\ARM_GCC_484\Debug\APPS_ADC.o
arm-none-eabi-gcc.exe -mcpu=cortex-m3 -mthumb -Wno-main -I. -IGenerated_Source\PSoC5 -Wa,-alh=.\CortexM3\ARM_GCC_484\Debug/APPS_ADC_PM.lst -g -D DEBUG -Wall -ffunction-sections -Og -c .\Generated_Source\PSoC5\APPS_ADC_PM.c -o .\CortexM3\ARM_GCC_484\Debug\APPS_ADC_PM.o
arm-none-eabi-gcc.exe -mcpu=cortex-m3 -mthumb -Wno-main -I. -IGenerated_Source\PSoC5 -Wa,-alh=.\CortexM3\ARM_GCC_484\Debug/APPS_ADC_INT.lst -g -D DEBUG -Wall -ffunction-sections -Og -c .\Generated_Source\PSoC5\APPS_ADC_INT.c -o .\CortexM3\ARM_GCC_484\Debug\APPS_ADC_INT.o
arm-none-eabi-gcc.exe -mcpu=cortex-m3 -mthumb -Wno-main -I. -IGenerated_Source\PSoC5 -Wa,-alh=.\CortexM3\ARM_GCC_484\Debug/APPS_0.lst -g -D DEBUG -Wall -ffunction-sections -Og -c .\Generated_Source\PSoC5\APPS_0.c -o .\CortexM3\ARM_GCC_484\Debug\APPS_0.o
arm-none-eabi-gcc.exe -mcpu=cortex-m3 -mthumb -Wno-main -I. -IGenerated_Source\PSoC5 -Wa,-alh=.\CortexM3\ARM_GCC_484\Debug/APPS_1.lst -g -D DEBUG -Wall -ffunction-sections -Og -c .\Generated_Source\PSoC5\APPS_1.c -o .\CortexM3\ARM_GCC_484\Debug\APPS_1.o
arm-none-eabi-gcc.exe -mcpu=cortex-m3 -mthumb -Wno-main -I. -IGenerated_Source\PSoC5 -Wa,-alh=.\CortexM3\ARM_GCC_484\Debug/SERVO_PWM.lst -g -D DEBUG -Wall -ffunction-sections -Og -c .\Generated_Source\PSoC5\SERVO_PWM.c -o .\CortexM3\ARM_GCC_484\Debug\SERVO_PWM.o
arm-none-eabi-gcc.exe -mcpu=cortex-m3 -mthumb -Wno-main -I. -IGenerated_Source\PSoC5 -Wa,-alh=.\CortexM3\ARM_GCC_484\Debug/SERVO_PWM_PM.lst -g -D DEBUG -Wall -ffunction-sections -Og -c .\Generated_Source\PSoC5\SERVO_PWM_PM.c -o .\CortexM3\ARM_GCC_484\Debug\SERVO_PWM_PM.o
arm-none-eabi-gcc.exe -mcpu=cortex-m3 -mthumb -Wno-main -I. -IGenerated_Source\PSoC5 -Wa,-alh=.\CortexM3\ARM_GCC_484\Debug/SERVO_OUT.lst -g -D DEBUG -Wall -ffunction-sections -Og -c .\Generated_Source\PSoC5\SERVO_OUT.c -o .\CortexM3\ARM_GCC_484\Debug\SERVO_OUT.o
arm-none-eabi-gcc.exe -mcpu=cortex-m3 -mthumb -Wno-main -I. -IGenerated_Source\PSoC5 -Wa,-alh=.\CortexM3\ARM_GCC_484\Debug/Clock_1.lst -g -D DEBUG -Wall -ffunction-sections -Og -c .\Generated_Source\PSoC5\Clock_1.c -o .\CortexM3\ARM_GCC_484\Debug\Clock_1.o
arm-none-eabi-gcc.exe -mcpu=cortex-m3 -mthumb -Wno-main -I. -IGenerated_Source\PSoC5 -Wa,-alh=.\CortexM3\ARM_GCC_484\Debug/TPS_ADC_SAR.lst -g -D DEBUG -Wall -ffunction-sections -Og -c .\Generated_Source\PSoC5\TPS_ADC_SAR.c -o .\CortexM3\ARM_GCC_484\Debug\TPS_ADC_SAR.o
arm-none-eabi-gcc.exe -mcpu=cortex-m3 -mthumb -Wno-main -I. -IGenerated_Source\PSoC5 -Wa,-alh=.\CortexM3\ARM_GCC_484\Debug/TPS_ADC_SAR_INT.lst -g -D DEBUG -Wall -ffunction-sections -Og -c .\Generated_Source\PSoC5\TPS_ADC_SAR_INT.c -o .\CortexM3\ARM_GCC_484\Debug\TPS_ADC_SAR_INT.o
arm-none-eabi-gcc.exe -mcpu=cortex-m3 -mthumb -Wno-main -I. -IGenerated_Source\PSoC5 -Wa,-alh=.\CortexM3\ARM_GCC_484\Debug/TPS_ADC_SAR_PM.lst -g -D DEBUG -Wall -ffunction-sections -Og -c .\Generated_Source\PSoC5\TPS_ADC_SAR_PM.c -o .\CortexM3\ARM_GCC_484\Debug\TPS_ADC_SAR_PM.o
arm-none-eabi-gcc.exe -mcpu=cortex-m3 -mthumb -Wno-main -I. -IGenerated_Source\PSoC5 -Wa,-alh=.\CortexM3\ARM_GCC_484\Debug/TPS_ADC_IntClock.lst -g -D DEBUG -Wall -ffunction-sections -Og -c .\Generated_Source\PSoC5\TPS_ADC_IntClock.c -o .\CortexM3\ARM_GCC_484\Debug\TPS_ADC_IntClock.o
arm-none-eabi-gcc.exe -mcpu=cortex-m3 -mthumb -Wno-main -I. -IGenerated_Source\PSoC5 -Wa,-alh=.\CortexM3\ARM_GCC_484\Debug/TPS_ADC_TempBuf_dma.lst -g -D DEBUG -Wall -ffunction-sections -Og -c .\Generated_Source\PSoC5\TPS_ADC_TempBuf_dma.c -o .\CortexM3\ARM_GCC_484\Debug\TPS_ADC_TempBuf_dma.o
arm-none-eabi-gcc.exe -mcpu=cortex-m3 -mthumb -Wno-main -I. -IGenerated_Source\PSoC5 -Wa,-alh=.\CortexM3\ARM_GCC_484\Debug/TPS_ADC_FinalBuf_dma.lst -g -D DEBUG -Wall -ffunction-sections -Og -c .\Generated_Source\PSoC5\TPS_ADC_FinalBuf_dma.c -o .\CortexM3\ARM_GCC_484\Debug\TPS_ADC_FinalBuf_dma.o
arm-none-eabi-gcc.exe -mcpu=cortex-m3 -mthumb -Wno-main -I. -IGenerated_Source\PSoC5 -Wa,-alh=.\CortexM3\ARM_GCC_484\Debug/TPS_ADC_IRQ.lst -g -D DEBUG -Wall -ffunction-sections -Og -c .\Generated_Source\PSoC5\TPS_ADC_IRQ.c -o .\CortexM3\ARM_GCC_484\Debug\TPS_ADC_IRQ.o
arm-none-eabi-gcc.exe -mcpu=cortex-m3 -mthumb -Wno-main -I. -IGenerated_Source\PSoC5 -Wa,-alh=.\CortexM3\ARM_GCC_484\Debug/APPS_ADC_SAR.lst -g -D DEBUG -Wall -ffunction-sections -Og -c .\Generated_Source\PSoC5\APPS_ADC_SAR.c -o .\CortexM3\ARM_GCC_484\Debug\APPS_ADC_SAR.o
arm-none-eabi-gcc.exe -mcpu=cortex-m3 -mthumb -Wno-main -I. -IGenerated_Source\PSoC5 -Wa,-alh=.\CortexM3\ARM_GCC_484\Debug/APPS_ADC_SAR_INT.lst -g -D DEBUG -Wall -ffunction-sections -Og -c .\Generated_Source\PSoC5\APPS_ADC_SAR_INT.c -o .\CortexM3\ARM_GCC_484\Debug\APPS_ADC_SAR_INT.o
arm-none-eabi-gcc.exe -mcpu=cortex-m3 -mthumb -Wno-main -I. -IGenerated_Source\PSoC5 -Wa,-alh=.\CortexM3\ARM_GCC_484\Debug/APPS_ADC_SAR_PM.lst -g -D DEBUG -Wall -ffunction-sections -Og -c .\Generated_Source\PSoC5\APPS_ADC_SAR_PM.c -o .\CortexM3\ARM_GCC_484\Debug\APPS_ADC_SAR_PM.o
arm-none-eabi-gcc.exe -mcpu=cortex-m3 -mthumb -Wno-main -I. -IGenerated_Source\PSoC5 -Wa,-alh=.\CortexM3\ARM_GCC_484\Debug/APPS_ADC_IntClock.lst -g -D DEBUG -Wall -ffunction-sections -Og -c .\Generated_Source\PSoC5\APPS_ADC_IntClock.c -o .\CortexM3\ARM_GCC_484\Debug\APPS_ADC_IntClock.o
arm-none-eabi-gcc.exe -mcpu=cortex-m3 -mthumb -Wno-main -I. -IGenerated_Source\PSoC5 -Wa,-alh=.\CortexM3\ARM_GCC_484\Debug/APPS_ADC_TempBuf_dma.lst -g -D DEBUG -Wall -ffunction-sections -Og -c .\Generated_Source\PSoC5\APPS_ADC_TempBuf_dma.c -o .\CortexM3\ARM_GCC_484\Debug\APPS_ADC_TempBuf_dma.o
arm-none-eabi-gcc.exe -mcpu=cortex-m3 -mthumb -Wno-main -I. -IGenerated_Source\PSoC5 -Wa,-alh=.\CortexM3\ARM_GCC_484\Debug/APPS_ADC_FinalBuf_dma.lst -g -D DEBUG -Wall -ffunction-sections -Og -c .\Generated_Source\PSoC5\APPS_ADC_FinalBuf_dma.c -o .\CortexM3\ARM_GCC_484\Debug\APPS_ADC_FinalBuf_dma.o
arm-none-eabi-gcc.exe -mcpu=cortex-m3 -mthumb -Wno-main -I. -IGenerated_Source\PSoC5 -Wa,-alh=.\CortexM3\ARM_GCC_484\Debug/APPS_ADC_IRQ.lst -g -D DEBUG -Wall -ffunction-sections -Og -c .\Generated_Source\PSoC5\APPS_ADC_IRQ.c -o .\CortexM3\ARM_GCC_484\Debug\APPS_ADC_IRQ.o
arm-none-eabi-gcc.exe -mcpu=cortex-m3 -mthumb -Wno-main -I. -IGenerated_Source\PSoC5 -Wa,-alh=.\CortexM3\ARM_GCC_484\Debug/Brake.lst -g -D DEBUG -Wall -ffunction-sections -Og -c .\Generated_Source\PSoC5\Brake.c -o .\CortexM3\ARM_GCC_484\Debug\Brake.o
arm-none-eabi-gcc.exe -mcpu=cortex-m3 -mthumb -Wno-main -I. -IGenerated_Source\PSoC5 -Wa,-alh=.\CortexM3\ARM_GCC_484\Debug/BRAKE_ADC.lst -g -D DEBUG -Wall -ffunction-sections -Og -c .\Generated_Source\PSoC5\BRAKE_ADC.c -o .\CortexM3\ARM_GCC_484\Debug\BRAKE_ADC.o
arm-none-eabi-gcc.exe -mcpu=cortex-m3 -mthumb -Wno-main -I. -IGenerated_Source\PSoC5 -Wa,-alh=.\CortexM3\ARM_GCC_484\Debug/BRAKE_ADC_PM.lst -g -D DEBUG -Wall -ffunction-sections -Og -c .\Generated_Source\PSoC5\BRAKE_ADC_PM.c -o .\CortexM3\ARM_GCC_484\Debug\BRAKE_ADC_PM.o
arm-none-eabi-gcc.exe -mcpu=cortex-m3 -mthumb -Wno-main -I. -IGenerated_Source\PSoC5 -Wa,-alh=.\CortexM3\ARM_GCC_484\Debug/BRAKE_ADC_INT.lst -g -D DEBUG -Wall -ffunction-sections -Og -c .\Generated_Source\PSoC5\BRAKE_ADC_INT.c -o .\CortexM3\ARM_GCC_484\Debug\BRAKE_ADC_INT.o
arm-none-eabi-gcc.exe -mcpu=cortex-m3 -mthumb -Wno-main -I. -IGenerated_Source\PSoC5 -Wa,-alh=.\CortexM3\ARM_GCC_484\Debug/BRAKE_ADC_AMux.lst -g -D DEBUG -Wall -ffunction-sections -Og -c .\Generated_Source\PSoC5\BRAKE_ADC_AMux.c -o .\CortexM3\ARM_GCC_484\Debug\BRAKE_ADC_AMux.o
arm-none-eabi-gcc.exe -mcpu=cortex-m3 -mthumb -Wno-main -I. -IGenerated_Source\PSoC5 -Wa,-alh=.\CortexM3\ARM_GCC_484\Debug/BRAKE_ADC_Ext_CP_Clk.lst -g -D DEBUG -Wall -ffunction-sections -Og -c .\Generated_Source\PSoC5\BRAKE_ADC_Ext_CP_Clk.c -o .\CortexM3\ARM_GCC_484\Debug\BRAKE_ADC_Ext_CP_Clk.o
arm-none-eabi-gcc.exe -mcpu=cortex-m3 -mthumb -Wno-main -I. -IGenerated_Source\PSoC5 -Wa,-alh=.\CortexM3\ARM_GCC_484\Debug/BRAKE_ADC_IRQ.lst -g -D DEBUG -Wall -ffunction-sections -Og -c .\Generated_Source\PSoC5\BRAKE_ADC_IRQ.c -o .\CortexM3\ARM_GCC_484\Debug\BRAKE_ADC_IRQ.o
arm-none-eabi-gcc.exe -mcpu=cortex-m3 -mthumb -Wno-main -I. -IGenerated_Source\PSoC5 -Wa,-alh=.\CortexM3\ARM_GCC_484\Debug/BRAKE_ADC_theACLK.lst -g -D DEBUG -Wall -ffunction-sections -Og -c .\Generated_Source\PSoC5\BRAKE_ADC_theACLK.c -o .\CortexM3\ARM_GCC_484\Debug\BRAKE_ADC_theACLK.o
arm-none-eabi-gcc.exe -mcpu=cortex-m3 -mthumb -Wno-main -I. -IGenerated_Source\PSoC5 -Wa,-alh=.\CortexM3\ARM_GCC_484\Debug/timer_clock.lst -g -D DEBUG -Wall -ffunction-sections -Og -c .\Generated_Source\PSoC5\timer_clock.c -o .\CortexM3\ARM_GCC_484\Debug\timer_clock.o
arm-none-eabi-gcc.exe -mcpu=cortex-m3 -mthumb -Wno-main -I. -IGenerated_Source\PSoC5 -Wa,-alh=.\CortexM3\ARM_GCC_484\Debug/Timer.lst -g -D DEBUG -Wall -ffunction-sections -Og -c .\Generated_Source\PSoC5\Timer.c -o .\CortexM3\ARM_GCC_484\Debug\Timer.o
arm-none-eabi-gcc.exe -mcpu=cortex-m3 -mthumb -Wno-main -I. -IGenerated_Source\PSoC5 -Wa,-alh=.\CortexM3\ARM_GCC_484\Debug/Timer_PM.lst -g -D DEBUG -Wall -ffunction-sections -Og -c .\Generated_Source\PSoC5\Timer_PM.c -o .\CortexM3\ARM_GCC_484\Debug\Timer_PM.o
arm-none-eabi-ar.exe -rs .\CortexM3\ARM_GCC_484\Debug\E-Throttle.a .\CortexM3\ARM_GCC_484\Debug\cyfitter_cfg.o .\CortexM3\ARM_GCC_484\Debug\CyBootAsmGnu.o .\CortexM3\ARM_GCC_484\Debug\CyDmac.o .\CortexM3\ARM_GCC_484\Debug\CyFlash.o .\CortexM3\ARM_GCC_484\Debug\CyLib.o .\CortexM3\ARM_GCC_484\Debug\cyPm.o .\CortexM3\ARM_GCC_484\Debug\CySpc.o .\CortexM3\ARM_GCC_484\Debug\cyutils.o .\CortexM3\ARM_GCC_484\Debug\TPS_ADC.o .\CortexM3\ARM_GCC_484\Debug\TPS_ADC_PM.o .\CortexM3\ARM_GCC_484\Debug\TPS_ADC_INT.o .\CortexM3\ARM_GCC_484\Debug\TPS_0.o .\CortexM3\ARM_GCC_484\Debug\TPS_1.o .\CortexM3\ARM_GCC_484\Debug\APPS_ADC.o .\CortexM3\ARM_GCC_484\Debug\APPS_ADC_PM.o .\CortexM3\ARM_GCC_484\Debug\APPS_ADC_INT.o .\CortexM3\ARM_GCC_484\Debug\APPS_0.o .\CortexM3\ARM_GCC_484\Debug\APPS_1.o .\CortexM3\ARM_GCC_484\Debug\SERVO_PWM.o .\CortexM3\ARM_GCC_484\Debug\SERVO_PWM_PM.o .\CortexM3\ARM_GCC_484\Debug\SERVO_OUT.o .\CortexM3\ARM_GCC_484\Debug\Clock_1.o .\CortexM3\ARM_GCC_484\Debug\TPS_ADC_SAR.o .\CortexM3\ARM_GCC_484\Debug\TPS_ADC_SAR_INT.o .\CortexM3\ARM_GCC_484\Debug\TPS_ADC_SAR_PM.o .\CortexM3\ARM_GCC_484\Debug\TPS_ADC_IntClock.o .\CortexM3\ARM_GCC_484\Debug\TPS_ADC_TempBuf_dma.o .\CortexM3\ARM_GCC_484\Debug\TPS_ADC_FinalBuf_dma.o .\CortexM3\ARM_GCC_484\Debug\TPS_ADC_IRQ.o .\CortexM3\ARM_GCC_484\Debug\APPS_ADC_SAR.o .\CortexM3\ARM_GCC_484\Debug\APPS_ADC_SAR_INT.o .\CortexM3\ARM_GCC_484\Debug\APPS_ADC_SAR_PM.o .\CortexM3\ARM_GCC_484\Debug\APPS_ADC_IntClock.o .\CortexM3\ARM_GCC_484\Debug\APPS_ADC_TempBuf_dma.o .\CortexM3\ARM_GCC_484\Debug\APPS_ADC_FinalBuf_dma.o .\CortexM3\ARM_GCC_484\Debug\APPS_ADC_IRQ.o .\CortexM3\ARM_GCC_484\Debug\Brake.o .\CortexM3\ARM_GCC_484\Debug\BRAKE_ADC.o .\CortexM3\ARM_GCC_484\Debug\BRAKE_ADC_PM.o .\CortexM3\ARM_GCC_484\Debug\BRAKE_ADC_INT.o .\CortexM3\ARM_GCC_484\Debug\BRAKE_ADC_AMux.o .\CortexM3\ARM_GCC_484\Debug\BRAKE_ADC_Ext_CP_Clk.o .\CortexM3\ARM_GCC_484\Debug\BRAKE_ADC_IRQ.o .\CortexM3\ARM_GCC_484\Debug\BRAKE_ADC_theACLK.o .\CortexM3\ARM_GCC_484\Debug\timer_clock.o .\CortexM3\ARM_GCC_484\Debug\Timer.o .\CortexM3\ARM_GCC_484\Debug\Timer_PM.o
arm-none-eabi-ar.exe: creating .\CortexM3\ARM_GCC_484\Debug\E-Throttle.a
arm-none-eabi-gcc.exe -Wl,--start-group -o .\CortexM3\ARM_GCC_484\Debug\E-Throttle.elf .\CortexM3\ARM_GCC_484\Debug\main.o .\CortexM3\ARM_GCC_484\Debug\signal_processing.o .\CortexM3\ARM_GCC_484\Debug\queue.o .\CortexM3\ARM_GCC_484\Debug\cymetadata.o .\CortexM3\ARM_GCC_484\Debug\Cm3Start.o .\CortexM3\ARM_GCC_484\Debug\E-Throttle.a "C:\Program Files (x86)\Cypress\PSoC Creator\3.2\PSoC Creator\psoc\content\cycomponentlibrary\CyComponentLibrary.cylib\CortexM3\ARM_GCC_484\Debug\CyComponentLibrary.a" -mcpu=cortex-m3 -mthumb -g -ffunction-sections -Og -Wl,-Map,.\CortexM3\ARM_GCC_484\Debug/E-Throttle.map -T Generated_Source\PSoC5\cm3gcc.ld -specs=nano.specs -Wl,--gc-sections -Wl,--end-group
cyelftool.exe -C C:\Users\mitchell\Documents\fsae\E-Throttle\E-Throttle\E-Throttle.cydsn\CortexM3\ARM_GCC_484\Debug\E-Throttle.elf --flash_row_size 256 --flash_size 262144
cyelftool.exe -S C:\Users\mitchell\Documents\fsae\E-Throttle\E-Throttle\E-Throttle.cydsn\CortexM3\ARM_GCC_484\Debug\E-Throttle.elf
Flash used: 7424 of 262144 bytes (2.8 %).
SRAM used: 2693 of 65536 bytes (4.1 %). Stack: 2048 bytes. Heap: 128 bytes.
--------------- Rebuild Succeeded: 02/04/2016 02:22:20 ---------------
