ARM GAS  C:\Users\mitchell\AppData\Local\Temp\ccdG7W7N.s 			page 1


   1              		.cpu cortex-m0
   2              		.fpu softvfp
   3              		.eabi_attribute 20, 1
   4              		.eabi_attribute 21, 1
   5              		.eabi_attribute 23, 3
   6              		.eabi_attribute 24, 1
   7              		.eabi_attribute 25, 1
   8              		.eabi_attribute 26, 1
   9              		.eabi_attribute 30, 6
  10              		.eabi_attribute 34, 0
  11              		.eabi_attribute 18, 4
  12              		.code	16
  13              		.file	"CapSense_1_PM.c"
  14              		.text
  15              	.Ltext0:
  16              		.cfi_sections	.debug_frame
  17              		.bss
  18              		.align	2
  19              	CapSense_1_backup:
  20 0000 00       		.space	1
  21 0001 000000   		.section	.text.CapSense_1_SaveConfig,"ax",%progbits
  22              		.align	2
  23              		.global	CapSense_1_SaveConfig
  24              		.code	16
  25              		.thumb_func
  26              		.type	CapSense_1_SaveConfig, %function
  27              	CapSense_1_SaveConfig:
  28              	.LFB33:
  29              		.file 1 ".\\Generated_Source\\PSoC4\\CapSense_1_PM.c"
   1:.\Generated_Source\PSoC4/CapSense_1_PM.c **** /*******************************************************************************
   2:.\Generated_Source\PSoC4/CapSense_1_PM.c **** * File Name: CapSense_1_PM.c
   3:.\Generated_Source\PSoC4/CapSense_1_PM.c **** * Version 2.20
   4:.\Generated_Source\PSoC4/CapSense_1_PM.c **** *
   5:.\Generated_Source\PSoC4/CapSense_1_PM.c **** * Description:
   6:.\Generated_Source\PSoC4/CapSense_1_PM.c **** *  This file provides Sleep APIs for CapSense CSD Component.
   7:.\Generated_Source\PSoC4/CapSense_1_PM.c **** *
   8:.\Generated_Source\PSoC4/CapSense_1_PM.c **** * Note:
   9:.\Generated_Source\PSoC4/CapSense_1_PM.c **** *
  10:.\Generated_Source\PSoC4/CapSense_1_PM.c **** ********************************************************************************
  11:.\Generated_Source\PSoC4/CapSense_1_PM.c **** * Copyright 2014, Cypress Semiconductor Corporation.  All rights reserved.
  12:.\Generated_Source\PSoC4/CapSense_1_PM.c **** * You may use this file only in accordance with the license, terms, conditions, 
  13:.\Generated_Source\PSoC4/CapSense_1_PM.c **** * disclaimers, and limitations in the end user license agreement accompanying 
  14:.\Generated_Source\PSoC4/CapSense_1_PM.c **** * the software package with which this file was provided.
  15:.\Generated_Source\PSoC4/CapSense_1_PM.c **** *******************************************************************************/
  16:.\Generated_Source\PSoC4/CapSense_1_PM.c **** 
  17:.\Generated_Source\PSoC4/CapSense_1_PM.c **** #include "CapSense_1.h"
  18:.\Generated_Source\PSoC4/CapSense_1_PM.c **** 
  19:.\Generated_Source\PSoC4/CapSense_1_PM.c **** static CapSense_1_BACKUP_STRUCT CapSense_1_backup =
  20:.\Generated_Source\PSoC4/CapSense_1_PM.c **** {   
  21:.\Generated_Source\PSoC4/CapSense_1_PM.c ****     0x00u, /* enableState; */
  22:.\Generated_Source\PSoC4/CapSense_1_PM.c **** };
  23:.\Generated_Source\PSoC4/CapSense_1_PM.c **** 
  24:.\Generated_Source\PSoC4/CapSense_1_PM.c **** 
  25:.\Generated_Source\PSoC4/CapSense_1_PM.c **** /*******************************************************************************
  26:.\Generated_Source\PSoC4/CapSense_1_PM.c **** * Function Name: CapSense_1_SaveConfig
  27:.\Generated_Source\PSoC4/CapSense_1_PM.c **** ********************************************************************************
  28:.\Generated_Source\PSoC4/CapSense_1_PM.c **** *
ARM GAS  C:\Users\mitchell\AppData\Local\Temp\ccdG7W7N.s 			page 2


  29:.\Generated_Source\PSoC4/CapSense_1_PM.c **** * Summary:
  30:.\Generated_Source\PSoC4/CapSense_1_PM.c **** *  Saves the customer configuration of CapSense.
  31:.\Generated_Source\PSoC4/CapSense_1_PM.c **** *
  32:.\Generated_Source\PSoC4/CapSense_1_PM.c **** * Parameters:
  33:.\Generated_Source\PSoC4/CapSense_1_PM.c **** *  None
  34:.\Generated_Source\PSoC4/CapSense_1_PM.c **** *
  35:.\Generated_Source\PSoC4/CapSense_1_PM.c **** * Return:
  36:.\Generated_Source\PSoC4/CapSense_1_PM.c **** *  None
  37:.\Generated_Source\PSoC4/CapSense_1_PM.c **** *
  38:.\Generated_Source\PSoC4/CapSense_1_PM.c **** * Global Variables:
  39:.\Generated_Source\PSoC4/CapSense_1_PM.c **** *  CapSense_1_backup - used to save the component state before entering the  sleep 
  40:.\Generated_Source\PSoC4/CapSense_1_PM.c **** *  mode and none-retention registers.
  41:.\Generated_Source\PSoC4/CapSense_1_PM.c **** *
  42:.\Generated_Source\PSoC4/CapSense_1_PM.c **** * Side Effects:
  43:.\Generated_Source\PSoC4/CapSense_1_PM.c **** *  None
  44:.\Generated_Source\PSoC4/CapSense_1_PM.c **** *
  45:.\Generated_Source\PSoC4/CapSense_1_PM.c **** *******************************************************************************/
  46:.\Generated_Source\PSoC4/CapSense_1_PM.c **** void CapSense_1_SaveConfig(void)
  47:.\Generated_Source\PSoC4/CapSense_1_PM.c **** {
  30              		.loc 1 47 0
  31              		.cfi_startproc
  32 0000 80B5     		push	{r7, lr}
  33              		.cfi_def_cfa_offset 8
  34              		.cfi_offset 7, -8
  35              		.cfi_offset 14, -4
  36 0002 00AF     		add	r7, sp, #0
  37              		.cfi_def_cfa_register 7
  48:.\Generated_Source\PSoC4/CapSense_1_PM.c **** 	if ((CapSense_1_CSD_CFG_REG & CapSense_1_CSD_CFG_ENABLE) != 0u)
  38              		.loc 1 48 0
  39 0004 044B     		ldr	r3, .L3
  40 0006 1B68     		ldr	r3, [r3]
  41 0008 002B     		cmp	r3, #0
  42 000a 02DA     		bge	.L1
  49:.\Generated_Source\PSoC4/CapSense_1_PM.c **** 	{
  50:.\Generated_Source\PSoC4/CapSense_1_PM.c **** 		CapSense_1_backup.enableState = 1u;
  43              		.loc 1 50 0
  44 000c 034B     		ldr	r3, .L3+4
  45 000e 0122     		mov	r2, #1
  46 0010 1A70     		strb	r2, [r3]
  47              	.L1:
  51:.\Generated_Source\PSoC4/CapSense_1_PM.c **** 	}
  52:.\Generated_Source\PSoC4/CapSense_1_PM.c **** }
  48              		.loc 1 52 0
  49 0012 BD46     		mov	sp, r7
  50              		@ sp needed
  51 0014 80BD     		pop	{r7, pc}
  52              	.L4:
  53 0016 C046     		.align	2
  54              	.L3:
  55 0018 04000840 		.word	1074266116
  56 001c 00000000 		.word	CapSense_1_backup
  57              		.cfi_endproc
  58              	.LFE33:
  59              		.size	CapSense_1_SaveConfig, .-CapSense_1_SaveConfig
  60              		.section	.text.CapSense_1_Sleep,"ax",%progbits
  61              		.align	2
  62              		.global	CapSense_1_Sleep
ARM GAS  C:\Users\mitchell\AppData\Local\Temp\ccdG7W7N.s 			page 3


  63              		.code	16
  64              		.thumb_func
  65              		.type	CapSense_1_Sleep, %function
  66              	CapSense_1_Sleep:
  67              	.LFB34:
  53:.\Generated_Source\PSoC4/CapSense_1_PM.c **** 
  54:.\Generated_Source\PSoC4/CapSense_1_PM.c **** 
  55:.\Generated_Source\PSoC4/CapSense_1_PM.c **** /*******************************************************************************
  56:.\Generated_Source\PSoC4/CapSense_1_PM.c **** * Function Name: CapSense_1_Sleep
  57:.\Generated_Source\PSoC4/CapSense_1_PM.c **** ********************************************************************************
  58:.\Generated_Source\PSoC4/CapSense_1_PM.c **** *
  59:.\Generated_Source\PSoC4/CapSense_1_PM.c **** * Summary:
  60:.\Generated_Source\PSoC4/CapSense_1_PM.c **** *  Disables the Active mode power.
  61:.\Generated_Source\PSoC4/CapSense_1_PM.c **** *
  62:.\Generated_Source\PSoC4/CapSense_1_PM.c **** * Parameters:
  63:.\Generated_Source\PSoC4/CapSense_1_PM.c **** *  None
  64:.\Generated_Source\PSoC4/CapSense_1_PM.c **** *
  65:.\Generated_Source\PSoC4/CapSense_1_PM.c **** * Return:
  66:.\Generated_Source\PSoC4/CapSense_1_PM.c **** *  None
  67:.\Generated_Source\PSoC4/CapSense_1_PM.c **** *
  68:.\Generated_Source\PSoC4/CapSense_1_PM.c **** * Global Variables:
  69:.\Generated_Source\PSoC4/CapSense_1_PM.c **** *  CapSense_1_backup - used to save the component state before entering the sleep 
  70:.\Generated_Source\PSoC4/CapSense_1_PM.c **** *  mode.
  71:.\Generated_Source\PSoC4/CapSense_1_PM.c **** *
  72:.\Generated_Source\PSoC4/CapSense_1_PM.c **** *******************************************************************************/
  73:.\Generated_Source\PSoC4/CapSense_1_PM.c **** void CapSense_1_Sleep(void)
  74:.\Generated_Source\PSoC4/CapSense_1_PM.c **** {
  68              		.loc 1 74 0
  69              		.cfi_startproc
  70 0000 80B5     		push	{r7, lr}
  71              		.cfi_def_cfa_offset 8
  72              		.cfi_offset 7, -8
  73              		.cfi_offset 14, -4
  74 0002 00AF     		add	r7, sp, #0
  75              		.cfi_def_cfa_register 7
  75:.\Generated_Source\PSoC4/CapSense_1_PM.c **** 	CapSense_1_SaveConfig();
  76              		.loc 1 75 0
  77 0004 FFF7FEFF 		bl	CapSense_1_SaveConfig
  76:.\Generated_Source\PSoC4/CapSense_1_PM.c **** 		
  77:.\Generated_Source\PSoC4/CapSense_1_PM.c **** 	/* Disable interrupt */
  78:.\Generated_Source\PSoC4/CapSense_1_PM.c **** 	CyIntDisable(CapSense_1_ISR_NUMBER);
  78              		.loc 1 78 0
  79 0008 0F20     		mov	r0, #15
  80 000a FFF7FEFF 		bl	CyIntDisable
  79:.\Generated_Source\PSoC4/CapSense_1_PM.c **** 	
  80:.\Generated_Source\PSoC4/CapSense_1_PM.c **** 	CapSense_1_CSD_CFG_REG &= ~(CapSense_1_CSD_CFG_SENSE_COMP_EN | CapSense_1_CSD_CFG_SENSE_EN);
  81              		.loc 1 80 0
  82 000e 064B     		ldr	r3, .L6
  83 0010 054A     		ldr	r2, .L6
  84 0012 1168     		ldr	r1, [r2]
  85 0014 054A     		ldr	r2, .L6+4
  86 0016 0A40     		and	r2, r1
  87 0018 1A60     		str	r2, [r3]
  81:.\Generated_Source\PSoC4/CapSense_1_PM.c **** 	
  82:.\Generated_Source\PSoC4/CapSense_1_PM.c **** 	#if(CapSense_1_IDAC_CNT == 2u)
  83:.\Generated_Source\PSoC4/CapSense_1_PM.c **** 		CapSense_1_CSD_CFG_REG &= ~(CapSense_1_CSD_CFG_ENABLE);
  84:.\Generated_Source\PSoC4/CapSense_1_PM.c **** 	#endif /* (CapSense_1_IDAC_CNT == 2u) */
ARM GAS  C:\Users\mitchell\AppData\Local\Temp\ccdG7W7N.s 			page 4


  85:.\Generated_Source\PSoC4/CapSense_1_PM.c **** 	
  86:.\Generated_Source\PSoC4/CapSense_1_PM.c **** 	/* Disable Clocks */
  87:.\Generated_Source\PSoC4/CapSense_1_PM.c ****     CapSense_1_SenseClk_Stop();
  88              		.loc 1 87 0
  89 001a FFF7FEFF 		bl	CapSense_1_SenseClk_Stop
  88:.\Generated_Source\PSoC4/CapSense_1_PM.c ****     CapSense_1_SampleClk_Stop();
  90              		.loc 1 88 0
  91 001e FFF7FEFF 		bl	CapSense_1_SampleClk_Stop
  89:.\Generated_Source\PSoC4/CapSense_1_PM.c **** }
  92              		.loc 1 89 0
  93 0022 BD46     		mov	sp, r7
  94              		@ sp needed
  95 0024 80BD     		pop	{r7, pc}
  96              	.L7:
  97 0026 C046     		.align	2
  98              	.L6:
  99 0028 04000840 		.word	1074266116
 100 002c FFEFF7FF 		.word	-528385
 101              		.cfi_endproc
 102              	.LFE34:
 103              		.size	CapSense_1_Sleep, .-CapSense_1_Sleep
 104              		.section	.text.CapSense_1_RestoreConfig,"ax",%progbits
 105              		.align	2
 106              		.global	CapSense_1_RestoreConfig
 107              		.code	16
 108              		.thumb_func
 109              		.type	CapSense_1_RestoreConfig, %function
 110              	CapSense_1_RestoreConfig:
 111              	.LFB35:
  90:.\Generated_Source\PSoC4/CapSense_1_PM.c **** 
  91:.\Generated_Source\PSoC4/CapSense_1_PM.c **** 
  92:.\Generated_Source\PSoC4/CapSense_1_PM.c **** /*******************************************************************************
  93:.\Generated_Source\PSoC4/CapSense_1_PM.c **** * Function Name: CapSense_1_RestoreConfig
  94:.\Generated_Source\PSoC4/CapSense_1_PM.c **** ********************************************************************************
  95:.\Generated_Source\PSoC4/CapSense_1_PM.c **** *
  96:.\Generated_Source\PSoC4/CapSense_1_PM.c **** * Summary:
  97:.\Generated_Source\PSoC4/CapSense_1_PM.c **** *  Restores the CapSense configuration.
  98:.\Generated_Source\PSoC4/CapSense_1_PM.c **** *
  99:.\Generated_Source\PSoC4/CapSense_1_PM.c **** * Parameters:
 100:.\Generated_Source\PSoC4/CapSense_1_PM.c **** *  None
 101:.\Generated_Source\PSoC4/CapSense_1_PM.c **** *
 102:.\Generated_Source\PSoC4/CapSense_1_PM.c **** * Return:
 103:.\Generated_Source\PSoC4/CapSense_1_PM.c **** *  None
 104:.\Generated_Source\PSoC4/CapSense_1_PM.c **** *
 105:.\Generated_Source\PSoC4/CapSense_1_PM.c **** * Side Effects:
 106:.\Generated_Source\PSoC4/CapSense_1_PM.c **** *  Must be called only after CapSense_1_SaveConfig() routine. Otherwise 
 107:.\Generated_Source\PSoC4/CapSense_1_PM.c **** *  the component configuration will be overwritten with its initial setting.  
 108:.\Generated_Source\PSoC4/CapSense_1_PM.c **** *
 109:.\Generated_Source\PSoC4/CapSense_1_PM.c **** * Global Variables:
 110:.\Generated_Source\PSoC4/CapSense_1_PM.c **** *  CapSense_1_backup - used to save the component state before entering the sleep 
 111:.\Generated_Source\PSoC4/CapSense_1_PM.c **** *  mode and none-retention registers.
 112:.\Generated_Source\PSoC4/CapSense_1_PM.c **** *
 113:.\Generated_Source\PSoC4/CapSense_1_PM.c **** *******************************************************************************/
 114:.\Generated_Source\PSoC4/CapSense_1_PM.c **** void CapSense_1_RestoreConfig(void)
 115:.\Generated_Source\PSoC4/CapSense_1_PM.c **** {
 112              		.loc 1 115 0
 113              		.cfi_startproc
ARM GAS  C:\Users\mitchell\AppData\Local\Temp\ccdG7W7N.s 			page 5


 114 0000 80B5     		push	{r7, lr}
 115              		.cfi_def_cfa_offset 8
 116              		.cfi_offset 7, -8
 117              		.cfi_offset 14, -4
 118 0002 00AF     		add	r7, sp, #0
 119              		.cfi_def_cfa_register 7
 116:.\Generated_Source\PSoC4/CapSense_1_PM.c **** 
 117:.\Generated_Source\PSoC4/CapSense_1_PM.c **** }
 120              		.loc 1 117 0
 121 0004 BD46     		mov	sp, r7
 122              		@ sp needed
 123 0006 80BD     		pop	{r7, pc}
 124              		.cfi_endproc
 125              	.LFE35:
 126              		.size	CapSense_1_RestoreConfig, .-CapSense_1_RestoreConfig
 127              		.section	.text.CapSense_1_Wakeup,"ax",%progbits
 128              		.align	2
 129              		.global	CapSense_1_Wakeup
 130              		.code	16
 131              		.thumb_func
 132              		.type	CapSense_1_Wakeup, %function
 133              	CapSense_1_Wakeup:
 134              	.LFB36:
 118:.\Generated_Source\PSoC4/CapSense_1_PM.c ****  
 119:.\Generated_Source\PSoC4/CapSense_1_PM.c ****  
 120:.\Generated_Source\PSoC4/CapSense_1_PM.c **** /*******************************************************************************
 121:.\Generated_Source\PSoC4/CapSense_1_PM.c **** * Function Name: CapSense_1_Wakeup
 122:.\Generated_Source\PSoC4/CapSense_1_PM.c **** ********************************************************************************
 123:.\Generated_Source\PSoC4/CapSense_1_PM.c **** *
 124:.\Generated_Source\PSoC4/CapSense_1_PM.c **** * Summary:
 125:.\Generated_Source\PSoC4/CapSense_1_PM.c **** *  Restores the CapSense configuration and non-retention register values. 
 126:.\Generated_Source\PSoC4/CapSense_1_PM.c **** *  Restores the enabled state of the component by setting the Active mode power template 
 127:.\Generated_Source\PSoC4/CapSense_1_PM.c **** *  bits for a number of components used within CapSense.
 128:.\Generated_Source\PSoC4/CapSense_1_PM.c **** *
 129:.\Generated_Source\PSoC4/CapSense_1_PM.c **** * Parameters:
 130:.\Generated_Source\PSoC4/CapSense_1_PM.c **** *  None
 131:.\Generated_Source\PSoC4/CapSense_1_PM.c **** *
 132:.\Generated_Source\PSoC4/CapSense_1_PM.c **** * Return:
 133:.\Generated_Source\PSoC4/CapSense_1_PM.c **** *  None
 134:.\Generated_Source\PSoC4/CapSense_1_PM.c **** *
 135:.\Generated_Source\PSoC4/CapSense_1_PM.c **** * Global Variables:
 136:.\Generated_Source\PSoC4/CapSense_1_PM.c **** *  CapSense_1_backup - used to save the component state before entering the sleep 
 137:.\Generated_Source\PSoC4/CapSense_1_PM.c **** *  mode and none-retention registers.
 138:.\Generated_Source\PSoC4/CapSense_1_PM.c **** *
 139:.\Generated_Source\PSoC4/CapSense_1_PM.c **** *******************************************************************************/
 140:.\Generated_Source\PSoC4/CapSense_1_PM.c **** void CapSense_1_Wakeup(void)
 141:.\Generated_Source\PSoC4/CapSense_1_PM.c **** {
 135              		.loc 1 141 0
 136              		.cfi_startproc
 137 0000 80B5     		push	{r7, lr}
 138              		.cfi_def_cfa_offset 8
 139              		.cfi_offset 7, -8
 140              		.cfi_offset 14, -4
 141 0002 00AF     		add	r7, sp, #0
 142              		.cfi_def_cfa_register 7
 142:.\Generated_Source\PSoC4/CapSense_1_PM.c **** 	/* Enable the Clocks */
 143:.\Generated_Source\PSoC4/CapSense_1_PM.c ****     CapSense_1_SenseClk_Start();
ARM GAS  C:\Users\mitchell\AppData\Local\Temp\ccdG7W7N.s 			page 6


 143              		.loc 1 143 0
 144 0004 FFF7FEFF 		bl	CapSense_1_SenseClk_Start
 144:.\Generated_Source\PSoC4/CapSense_1_PM.c ****     CapSense_1_SampleClk_Start();
 145              		.loc 1 144 0
 146 0008 FFF7FEFF 		bl	CapSense_1_SampleClk_Start
 145:.\Generated_Source\PSoC4/CapSense_1_PM.c ****     
 146:.\Generated_Source\PSoC4/CapSense_1_PM.c **** 	/* Restore CapSense Enable state */
 147:.\Generated_Source\PSoC4/CapSense_1_PM.c ****     if (CapSense_1_backup.enableState != 0u)
 147              		.loc 1 147 0
 148 000c 034B     		ldr	r3, .L11
 149 000e 1B78     		ldrb	r3, [r3]
 150 0010 002B     		cmp	r3, #0
 151 0012 01D0     		beq	.L9
 148:.\Generated_Source\PSoC4/CapSense_1_PM.c ****     {
 149:.\Generated_Source\PSoC4/CapSense_1_PM.c ****         CapSense_1_Enable();
 152              		.loc 1 149 0
 153 0014 FFF7FEFF 		bl	CapSense_1_Enable
 154              	.L9:
 150:.\Generated_Source\PSoC4/CapSense_1_PM.c ****     }
 151:.\Generated_Source\PSoC4/CapSense_1_PM.c **** }
 155              		.loc 1 151 0
 156 0018 BD46     		mov	sp, r7
 157              		@ sp needed
 158 001a 80BD     		pop	{r7, pc}
 159              	.L12:
 160              		.align	2
 161              	.L11:
 162 001c 00000000 		.word	CapSense_1_backup
 163              		.cfi_endproc
 164              	.LFE36:
 165              		.size	CapSense_1_Wakeup, .-CapSense_1_Wakeup
 166              		.text
 167              	.Letext0:
 168              		.file 2 ".\\Generated_Source\\PSoC4\\cytypes.h"
 169              		.file 3 ".\\Generated_Source\\PSoC4\\CapSense_1.h"
 170              		.section	.debug_info,"",%progbits
 171              	.Ldebug_info0:
 172 0000 20010000 		.4byte	0x120
 173 0004 0400     		.2byte	0x4
 174 0006 00000000 		.4byte	.Ldebug_abbrev0
 175 000a 04       		.byte	0x4
 176 000b 01       		.uleb128 0x1
 177 000c D4000000 		.4byte	.LASF21
 178 0010 01       		.byte	0x1
 179 0011 A5000000 		.4byte	.LASF22
 180 0015 62010000 		.4byte	.LASF23
 181 0019 00000000 		.4byte	.Ldebug_ranges0+0
 182 001d 00000000 		.4byte	0
 183 0021 00000000 		.4byte	.Ldebug_line0
 184 0025 02       		.uleb128 0x2
 185 0026 01       		.byte	0x1
 186 0027 06       		.byte	0x6
 187 0028 43020000 		.4byte	.LASF0
 188 002c 02       		.uleb128 0x2
 189 002d 01       		.byte	0x1
 190 002e 08       		.byte	0x8
 191 002f D1010000 		.4byte	.LASF1
ARM GAS  C:\Users\mitchell\AppData\Local\Temp\ccdG7W7N.s 			page 7


 192 0033 02       		.uleb128 0x2
 193 0034 02       		.byte	0x2
 194 0035 05       		.byte	0x5
 195 0036 39020000 		.4byte	.LASF2
 196 003a 02       		.uleb128 0x2
 197 003b 02       		.byte	0x2
 198 003c 07       		.byte	0x7
 199 003d 0B020000 		.4byte	.LASF3
 200 0041 02       		.uleb128 0x2
 201 0042 04       		.byte	0x4
 202 0043 05       		.byte	0x5
 203 0044 E4010000 		.4byte	.LASF4
 204 0048 02       		.uleb128 0x2
 205 0049 04       		.byte	0x4
 206 004a 07       		.byte	0x7
 207 004b 7C000000 		.4byte	.LASF5
 208 004f 02       		.uleb128 0x2
 209 0050 08       		.byte	0x8
 210 0051 05       		.byte	0x5
 211 0052 00000000 		.4byte	.LASF6
 212 0056 02       		.uleb128 0x2
 213 0057 08       		.byte	0x8
 214 0058 07       		.byte	0x7
 215 0059 8E000000 		.4byte	.LASF7
 216 005d 03       		.uleb128 0x3
 217 005e 04       		.byte	0x4
 218 005f 05       		.byte	0x5
 219 0060 696E7400 		.ascii	"int\000"
 220 0064 02       		.uleb128 0x2
 221 0065 04       		.byte	0x4
 222 0066 07       		.byte	0x7
 223 0067 21000000 		.4byte	.LASF8
 224 006b 04       		.uleb128 0x4
 225 006c 76000000 		.4byte	.LASF9
 226 0070 02       		.byte	0x2
 227 0071 C1       		.byte	0xc1
 228 0072 2C000000 		.4byte	0x2c
 229 0076 04       		.uleb128 0x4
 230 0077 0E000000 		.4byte	.LASF10
 231 007b 02       		.byte	0x2
 232 007c C3       		.byte	0xc3
 233 007d 48000000 		.4byte	0x48
 234 0081 02       		.uleb128 0x2
 235 0082 04       		.byte	0x4
 236 0083 04       		.byte	0x4
 237 0084 CE000000 		.4byte	.LASF11
 238 0088 02       		.uleb128 0x2
 239 0089 08       		.byte	0x8
 240 008a 04       		.byte	0x4
 241 008b ED010000 		.4byte	.LASF12
 242 008f 02       		.uleb128 0x2
 243 0090 01       		.byte	0x1
 244 0091 08       		.byte	0x8
 245 0092 DF010000 		.4byte	.LASF13
 246 0096 05       		.uleb128 0x5
 247 0097 05020000 		.4byte	.LASF14
 248 009b 02       		.byte	0x2
ARM GAS  C:\Users\mitchell\AppData\Local\Temp\ccdG7W7N.s 			page 8


 249 009c 6D01     		.2byte	0x16d
 250 009e A2000000 		.4byte	0xa2
 251 00a2 06       		.uleb128 0x6
 252 00a3 76000000 		.4byte	0x76
 253 00a7 02       		.uleb128 0x2
 254 00a8 04       		.byte	0x4
 255 00a9 07       		.byte	0x7
 256 00aa 30020000 		.4byte	.LASF15
 257 00ae 07       		.uleb128 0x7
 258 00af 01       		.byte	0x1
 259 00b0 03       		.byte	0x3
 260 00b1 8D       		.byte	0x8d
 261 00b2 C3000000 		.4byte	0xc3
 262 00b6 08       		.uleb128 0x8
 263 00b7 15000000 		.4byte	.LASF24
 264 00bb 03       		.byte	0x3
 265 00bc 8F       		.byte	0x8f
 266 00bd 6B000000 		.4byte	0x6b
 267 00c1 00       		.byte	0
 268 00c2 00       		.byte	0
 269 00c3 04       		.uleb128 0x4
 270 00c4 5D000000 		.4byte	.LASF16
 271 00c8 03       		.byte	0x3
 272 00c9 90       		.byte	0x90
 273 00ca AE000000 		.4byte	0xae
 274 00ce 09       		.uleb128 0x9
 275 00cf 47000000 		.4byte	.LASF17
 276 00d3 01       		.byte	0x1
 277 00d4 2E       		.byte	0x2e
 278 00d5 00000000 		.4byte	.LFB33
 279 00d9 20000000 		.4byte	.LFE33-.LFB33
 280 00dd 01       		.uleb128 0x1
 281 00de 9C       		.byte	0x9c
 282 00df 0A       		.uleb128 0xa
 283 00e0 F4010000 		.4byte	.LASF18
 284 00e4 01       		.byte	0x1
 285 00e5 49       		.byte	0x49
 286 00e6 00000000 		.4byte	.LFB34
 287 00ea 30000000 		.4byte	.LFE34-.LFB34
 288 00ee 01       		.uleb128 0x1
 289 00ef 9C       		.byte	0x9c
 290 00f0 09       		.uleb128 0x9
 291 00f1 2E000000 		.4byte	.LASF19
 292 00f5 01       		.byte	0x1
 293 00f6 72       		.byte	0x72
 294 00f7 00000000 		.4byte	.LFB35
 295 00fb 08000000 		.4byte	.LFE35-.LFB35
 296 00ff 01       		.uleb128 0x1
 297 0100 9C       		.byte	0x9c
 298 0101 0A       		.uleb128 0xa
 299 0102 1E020000 		.4byte	.LASF20
 300 0106 01       		.byte	0x1
 301 0107 8C       		.byte	0x8c
 302 0108 00000000 		.4byte	.LFB36
 303 010c 20000000 		.4byte	.LFE36-.LFB36
 304 0110 01       		.uleb128 0x1
 305 0111 9C       		.byte	0x9c
ARM GAS  C:\Users\mitchell\AppData\Local\Temp\ccdG7W7N.s 			page 9


 306 0112 0B       		.uleb128 0xb
 307 0113 50010000 		.4byte	.LASF25
 308 0117 01       		.byte	0x1
 309 0118 13       		.byte	0x13
 310 0119 C3000000 		.4byte	0xc3
 311 011d 05       		.uleb128 0x5
 312 011e 03       		.byte	0x3
 313 011f 00000000 		.4byte	CapSense_1_backup
 314 0123 00       		.byte	0
 315              		.section	.debug_abbrev,"",%progbits
 316              	.Ldebug_abbrev0:
 317 0000 01       		.uleb128 0x1
 318 0001 11       		.uleb128 0x11
 319 0002 01       		.byte	0x1
 320 0003 25       		.uleb128 0x25
 321 0004 0E       		.uleb128 0xe
 322 0005 13       		.uleb128 0x13
 323 0006 0B       		.uleb128 0xb
 324 0007 03       		.uleb128 0x3
 325 0008 0E       		.uleb128 0xe
 326 0009 1B       		.uleb128 0x1b
 327 000a 0E       		.uleb128 0xe
 328 000b 55       		.uleb128 0x55
 329 000c 17       		.uleb128 0x17
 330 000d 11       		.uleb128 0x11
 331 000e 01       		.uleb128 0x1
 332 000f 10       		.uleb128 0x10
 333 0010 17       		.uleb128 0x17
 334 0011 00       		.byte	0
 335 0012 00       		.byte	0
 336 0013 02       		.uleb128 0x2
 337 0014 24       		.uleb128 0x24
 338 0015 00       		.byte	0
 339 0016 0B       		.uleb128 0xb
 340 0017 0B       		.uleb128 0xb
 341 0018 3E       		.uleb128 0x3e
 342 0019 0B       		.uleb128 0xb
 343 001a 03       		.uleb128 0x3
 344 001b 0E       		.uleb128 0xe
 345 001c 00       		.byte	0
 346 001d 00       		.byte	0
 347 001e 03       		.uleb128 0x3
 348 001f 24       		.uleb128 0x24
 349 0020 00       		.byte	0
 350 0021 0B       		.uleb128 0xb
 351 0022 0B       		.uleb128 0xb
 352 0023 3E       		.uleb128 0x3e
 353 0024 0B       		.uleb128 0xb
 354 0025 03       		.uleb128 0x3
 355 0026 08       		.uleb128 0x8
 356 0027 00       		.byte	0
 357 0028 00       		.byte	0
 358 0029 04       		.uleb128 0x4
 359 002a 16       		.uleb128 0x16
 360 002b 00       		.byte	0
 361 002c 03       		.uleb128 0x3
 362 002d 0E       		.uleb128 0xe
ARM GAS  C:\Users\mitchell\AppData\Local\Temp\ccdG7W7N.s 			page 10


 363 002e 3A       		.uleb128 0x3a
 364 002f 0B       		.uleb128 0xb
 365 0030 3B       		.uleb128 0x3b
 366 0031 0B       		.uleb128 0xb
 367 0032 49       		.uleb128 0x49
 368 0033 13       		.uleb128 0x13
 369 0034 00       		.byte	0
 370 0035 00       		.byte	0
 371 0036 05       		.uleb128 0x5
 372 0037 16       		.uleb128 0x16
 373 0038 00       		.byte	0
 374 0039 03       		.uleb128 0x3
 375 003a 0E       		.uleb128 0xe
 376 003b 3A       		.uleb128 0x3a
 377 003c 0B       		.uleb128 0xb
 378 003d 3B       		.uleb128 0x3b
 379 003e 05       		.uleb128 0x5
 380 003f 49       		.uleb128 0x49
 381 0040 13       		.uleb128 0x13
 382 0041 00       		.byte	0
 383 0042 00       		.byte	0
 384 0043 06       		.uleb128 0x6
 385 0044 35       		.uleb128 0x35
 386 0045 00       		.byte	0
 387 0046 49       		.uleb128 0x49
 388 0047 13       		.uleb128 0x13
 389 0048 00       		.byte	0
 390 0049 00       		.byte	0
 391 004a 07       		.uleb128 0x7
 392 004b 13       		.uleb128 0x13
 393 004c 01       		.byte	0x1
 394 004d 0B       		.uleb128 0xb
 395 004e 0B       		.uleb128 0xb
 396 004f 3A       		.uleb128 0x3a
 397 0050 0B       		.uleb128 0xb
 398 0051 3B       		.uleb128 0x3b
 399 0052 0B       		.uleb128 0xb
 400 0053 01       		.uleb128 0x1
 401 0054 13       		.uleb128 0x13
 402 0055 00       		.byte	0
 403 0056 00       		.byte	0
 404 0057 08       		.uleb128 0x8
 405 0058 0D       		.uleb128 0xd
 406 0059 00       		.byte	0
 407 005a 03       		.uleb128 0x3
 408 005b 0E       		.uleb128 0xe
 409 005c 3A       		.uleb128 0x3a
 410 005d 0B       		.uleb128 0xb
 411 005e 3B       		.uleb128 0x3b
 412 005f 0B       		.uleb128 0xb
 413 0060 49       		.uleb128 0x49
 414 0061 13       		.uleb128 0x13
 415 0062 38       		.uleb128 0x38
 416 0063 0B       		.uleb128 0xb
 417 0064 00       		.byte	0
 418 0065 00       		.byte	0
 419 0066 09       		.uleb128 0x9
ARM GAS  C:\Users\mitchell\AppData\Local\Temp\ccdG7W7N.s 			page 11


 420 0067 2E       		.uleb128 0x2e
 421 0068 00       		.byte	0
 422 0069 3F       		.uleb128 0x3f
 423 006a 19       		.uleb128 0x19
 424 006b 03       		.uleb128 0x3
 425 006c 0E       		.uleb128 0xe
 426 006d 3A       		.uleb128 0x3a
 427 006e 0B       		.uleb128 0xb
 428 006f 3B       		.uleb128 0x3b
 429 0070 0B       		.uleb128 0xb
 430 0071 27       		.uleb128 0x27
 431 0072 19       		.uleb128 0x19
 432 0073 11       		.uleb128 0x11
 433 0074 01       		.uleb128 0x1
 434 0075 12       		.uleb128 0x12
 435 0076 06       		.uleb128 0x6
 436 0077 40       		.uleb128 0x40
 437 0078 18       		.uleb128 0x18
 438 0079 9742     		.uleb128 0x2117
 439 007b 19       		.uleb128 0x19
 440 007c 00       		.byte	0
 441 007d 00       		.byte	0
 442 007e 0A       		.uleb128 0xa
 443 007f 2E       		.uleb128 0x2e
 444 0080 00       		.byte	0
 445 0081 3F       		.uleb128 0x3f
 446 0082 19       		.uleb128 0x19
 447 0083 03       		.uleb128 0x3
 448 0084 0E       		.uleb128 0xe
 449 0085 3A       		.uleb128 0x3a
 450 0086 0B       		.uleb128 0xb
 451 0087 3B       		.uleb128 0x3b
 452 0088 0B       		.uleb128 0xb
 453 0089 27       		.uleb128 0x27
 454 008a 19       		.uleb128 0x19
 455 008b 11       		.uleb128 0x11
 456 008c 01       		.uleb128 0x1
 457 008d 12       		.uleb128 0x12
 458 008e 06       		.uleb128 0x6
 459 008f 40       		.uleb128 0x40
 460 0090 18       		.uleb128 0x18
 461 0091 9642     		.uleb128 0x2116
 462 0093 19       		.uleb128 0x19
 463 0094 00       		.byte	0
 464 0095 00       		.byte	0
 465 0096 0B       		.uleb128 0xb
 466 0097 34       		.uleb128 0x34
 467 0098 00       		.byte	0
 468 0099 03       		.uleb128 0x3
 469 009a 0E       		.uleb128 0xe
 470 009b 3A       		.uleb128 0x3a
 471 009c 0B       		.uleb128 0xb
 472 009d 3B       		.uleb128 0x3b
 473 009e 0B       		.uleb128 0xb
 474 009f 49       		.uleb128 0x49
 475 00a0 13       		.uleb128 0x13
 476 00a1 02       		.uleb128 0x2
ARM GAS  C:\Users\mitchell\AppData\Local\Temp\ccdG7W7N.s 			page 12


 477 00a2 18       		.uleb128 0x18
 478 00a3 00       		.byte	0
 479 00a4 00       		.byte	0
 480 00a5 00       		.byte	0
 481              		.section	.debug_aranges,"",%progbits
 482 0000 34000000 		.4byte	0x34
 483 0004 0200     		.2byte	0x2
 484 0006 00000000 		.4byte	.Ldebug_info0
 485 000a 04       		.byte	0x4
 486 000b 00       		.byte	0
 487 000c 0000     		.2byte	0
 488 000e 0000     		.2byte	0
 489 0010 00000000 		.4byte	.LFB33
 490 0014 20000000 		.4byte	.LFE33-.LFB33
 491 0018 00000000 		.4byte	.LFB34
 492 001c 30000000 		.4byte	.LFE34-.LFB34
 493 0020 00000000 		.4byte	.LFB35
 494 0024 08000000 		.4byte	.LFE35-.LFB35
 495 0028 00000000 		.4byte	.LFB36
 496 002c 20000000 		.4byte	.LFE36-.LFB36
 497 0030 00000000 		.4byte	0
 498 0034 00000000 		.4byte	0
 499              		.section	.debug_ranges,"",%progbits
 500              	.Ldebug_ranges0:
 501 0000 00000000 		.4byte	.LFB33
 502 0004 20000000 		.4byte	.LFE33
 503 0008 00000000 		.4byte	.LFB34
 504 000c 30000000 		.4byte	.LFE34
 505 0010 00000000 		.4byte	.LFB35
 506 0014 08000000 		.4byte	.LFE35
 507 0018 00000000 		.4byte	.LFB36
 508 001c 20000000 		.4byte	.LFE36
 509 0020 00000000 		.4byte	0
 510 0024 00000000 		.4byte	0
 511              		.section	.debug_line,"",%progbits
 512              	.Ldebug_line0:
 513 0000 B0000000 		.section	.debug_str,"MS",%progbits,1
 513      02005C00 
 513      00000201 
 513      FB0E0D00 
 513      01010101 
 514              	.LASF6:
 515 0000 6C6F6E67 		.ascii	"long long int\000"
 515      206C6F6E 
 515      6720696E 
 515      7400
 516              	.LASF10:
 517 000e 75696E74 		.ascii	"uint32\000"
 517      333200
 518              	.LASF24:
 519 0015 656E6162 		.ascii	"enableState\000"
 519      6C655374 
 519      61746500 
 520              	.LASF8:
 521 0021 756E7369 		.ascii	"unsigned int\000"
 521      676E6564 
 521      20696E74 
ARM GAS  C:\Users\mitchell\AppData\Local\Temp\ccdG7W7N.s 			page 13


 521      00
 522              	.LASF19:
 523 002e 43617053 		.ascii	"CapSense_1_RestoreConfig\000"
 523      656E7365 
 523      5F315F52 
 523      6573746F 
 523      7265436F 
 524              	.LASF17:
 525 0047 43617053 		.ascii	"CapSense_1_SaveConfig\000"
 525      656E7365 
 525      5F315F53 
 525      61766543 
 525      6F6E6669 
 526              	.LASF16:
 527 005d 43617053 		.ascii	"CapSense_1_BACKUP_STRUCT\000"
 527      656E7365 
 527      5F315F42 
 527      41434B55 
 527      505F5354 
 528              	.LASF9:
 529 0076 75696E74 		.ascii	"uint8\000"
 529      3800
 530              	.LASF5:
 531 007c 6C6F6E67 		.ascii	"long unsigned int\000"
 531      20756E73 
 531      69676E65 
 531      6420696E 
 531      7400
 532              	.LASF7:
 533 008e 6C6F6E67 		.ascii	"long long unsigned int\000"
 533      206C6F6E 
 533      6720756E 
 533      7369676E 
 533      65642069 
 534              	.LASF22:
 535 00a5 2E5C4765 		.ascii	".\\Generated_Source\\PSoC4\\CapSense_1_PM.c\000"
 535      6E657261 
 535      7465645F 
 535      536F7572 
 535      63655C50 
 536              	.LASF11:
 537 00ce 666C6F61 		.ascii	"float\000"
 537      7400
 538              	.LASF21:
 539 00d4 474E5520 		.ascii	"GNU C 4.8.4 20140526 (release) [ARM/embedded-4_8-br"
 539      4320342E 
 539      382E3420 
 539      32303134 
 539      30353236 
 540 0107 616E6368 		.ascii	"anch revision 211358] -mcpu=cortex-m0 -mthumb -g -O"
 540      20726576 
 540      6973696F 
 540      6E203231 
 540      31333538 
 541 013a 30202D66 		.ascii	"0 -ffunction-sections\000"
 541      66756E63 
 541      74696F6E 
ARM GAS  C:\Users\mitchell\AppData\Local\Temp\ccdG7W7N.s 			page 14


 541      2D736563 
 541      74696F6E 
 542              	.LASF25:
 543 0150 43617053 		.ascii	"CapSense_1_backup\000"
 543      656E7365 
 543      5F315F62 
 543      61636B75 
 543      7000
 544              	.LASF23:
 545 0162 433A5C55 		.ascii	"C:\\Users\\mitchell\\Documents\\fsae\\E-Throttle\\E"
 545      73657273 
 545      5C6D6974 
 545      6368656C 
 545      6C5C446F 
 546 018f 2D546872 		.ascii	"-Throttle\\ExampleProject1\\Lab Solutions\\Lab 3 Ca"
 546      6F74746C 
 546      655C4578 
 546      616D706C 
 546      6550726F 
 547 01bf 7053656E 		.ascii	"pSense UART.cydsn\000"
 547      73652055 
 547      4152542E 
 547      63796473 
 547      6E00
 548              	.LASF1:
 549 01d1 756E7369 		.ascii	"unsigned char\000"
 549      676E6564 
 549      20636861 
 549      7200
 550              	.LASF13:
 551 01df 63686172 		.ascii	"char\000"
 551      00
 552              	.LASF4:
 553 01e4 6C6F6E67 		.ascii	"long int\000"
 553      20696E74 
 553      00
 554              	.LASF12:
 555 01ed 646F7562 		.ascii	"double\000"
 555      6C6500
 556              	.LASF18:
 557 01f4 43617053 		.ascii	"CapSense_1_Sleep\000"
 557      656E7365 
 557      5F315F53 
 557      6C656570 
 557      00
 558              	.LASF14:
 559 0205 72656733 		.ascii	"reg32\000"
 559      3200
 560              	.LASF3:
 561 020b 73686F72 		.ascii	"short unsigned int\000"
 561      7420756E 
 561      7369676E 
 561      65642069 
 561      6E7400
 562              	.LASF20:
 563 021e 43617053 		.ascii	"CapSense_1_Wakeup\000"
 563      656E7365 
ARM GAS  C:\Users\mitchell\AppData\Local\Temp\ccdG7W7N.s 			page 15


 563      5F315F57 
 563      616B6575 
 563      7000
 564              	.LASF15:
 565 0230 73697A65 		.ascii	"sizetype\000"
 565      74797065 
 565      00
 566              	.LASF2:
 567 0239 73686F72 		.ascii	"short int\000"
 567      7420696E 
 567      7400
 568              	.LASF0:
 569 0243 7369676E 		.ascii	"signed char\000"
 569      65642063 
 569      68617200 
 570              		.ident	"GCC: (GNU Tools for ARM Embedded Processors) 4.8.4 20140526 (release) [ARM/embedded-4_8-br
