ARM GAS  C:\Users\mitchell\AppData\Local\Temp\ccz8HlWd.s 			page 1


   1              		.cpu cortex-m0
   2              		.fpu softvfp
   3              		.eabi_attribute 20, 1
   4              		.eabi_attribute 21, 1
   5              		.eabi_attribute 23, 3
   6              		.eabi_attribute 24, 1
   7              		.eabi_attribute 25, 1
   8              		.eabi_attribute 26, 1
   9              		.eabi_attribute 30, 6
  10              		.eabi_attribute 34, 0
  11              		.eabi_attribute 18, 4
  12              		.code	16
  13              		.file	"cyfitter_cfg.c"
  14              		.text
  15              	.Ltext0:
  16              		.cfi_sections	.debug_frame
  17              		.section	.text.CYMEMZERO,"ax",%progbits
  18              		.align	2
  19              		.code	16
  20              		.thumb_func
  21              		.type	CYMEMZERO, %function
  22              	CYMEMZERO:
  23              	.LFB0:
  24              		.file 1 ".\\Generated_Source\\PSoC4\\cyfitter_cfg.c"
   1:.\Generated_Source\PSoC4/cyfitter_cfg.c **** /*******************************************************************************
   2:.\Generated_Source\PSoC4/cyfitter_cfg.c **** * FILENAME: cyfitter_cfg.c
   3:.\Generated_Source\PSoC4/cyfitter_cfg.c **** * 
   4:.\Generated_Source\PSoC4/cyfitter_cfg.c **** * PSoC Creator  3.2 SP1
   5:.\Generated_Source\PSoC4/cyfitter_cfg.c **** *
   6:.\Generated_Source\PSoC4/cyfitter_cfg.c **** * DESCRIPTION:
   7:.\Generated_Source\PSoC4/cyfitter_cfg.c **** * This file contains device initialization code.
   8:.\Generated_Source\PSoC4/cyfitter_cfg.c **** * Except for the user defined sections in CyClockStartupError(), this file should not be modified.
   9:.\Generated_Source\PSoC4/cyfitter_cfg.c **** * This file is automatically generated by PSoC Creator.
  10:.\Generated_Source\PSoC4/cyfitter_cfg.c **** *
  11:.\Generated_Source\PSoC4/cyfitter_cfg.c **** ********************************************************************************
  12:.\Generated_Source\PSoC4/cyfitter_cfg.c **** * Copyright (c) 2007-2015 Cypress Semiconductor.  All rights reserved.
  13:.\Generated_Source\PSoC4/cyfitter_cfg.c **** * You may use this file only in accordance with the license, terms, conditions, 
  14:.\Generated_Source\PSoC4/cyfitter_cfg.c **** * disclaimers, and limitations in the end user license agreement accompanying 
  15:.\Generated_Source\PSoC4/cyfitter_cfg.c **** * the software package with which this file was provided.
  16:.\Generated_Source\PSoC4/cyfitter_cfg.c **** ********************************************************************************/
  17:.\Generated_Source\PSoC4/cyfitter_cfg.c **** 
  18:.\Generated_Source\PSoC4/cyfitter_cfg.c **** #include <string.h>
  19:.\Generated_Source\PSoC4/cyfitter_cfg.c **** #include "cytypes.h"
  20:.\Generated_Source\PSoC4/cyfitter_cfg.c **** #include "cydevice_trm.h"
  21:.\Generated_Source\PSoC4/cyfitter_cfg.c **** #include "cyfitter.h"
  22:.\Generated_Source\PSoC4/cyfitter_cfg.c **** #include "CyLib.h"
  23:.\Generated_Source\PSoC4/cyfitter_cfg.c **** #include "cyfitter_cfg.h"
  24:.\Generated_Source\PSoC4/cyfitter_cfg.c **** 
  25:.\Generated_Source\PSoC4/cyfitter_cfg.c **** 
  26:.\Generated_Source\PSoC4/cyfitter_cfg.c **** #if defined(__GNUC__) || defined(__ARMCC_VERSION)
  27:.\Generated_Source\PSoC4/cyfitter_cfg.c ****     #define CYPACKED 
  28:.\Generated_Source\PSoC4/cyfitter_cfg.c ****     #define CYPACKED_ATTR __attribute__ ((packed))
  29:.\Generated_Source\PSoC4/cyfitter_cfg.c ****     #define CYALIGNED __attribute__ ((aligned))
  30:.\Generated_Source\PSoC4/cyfitter_cfg.c ****     #define CY_CFG_UNUSED __attribute__ ((unused))
  31:.\Generated_Source\PSoC4/cyfitter_cfg.c ****     #define CY_CFG_SECTION __attribute__ ((section(".psocinit")))
  32:.\Generated_Source\PSoC4/cyfitter_cfg.c ****     
  33:.\Generated_Source\PSoC4/cyfitter_cfg.c ****     #if defined(__ARMCC_VERSION)
ARM GAS  C:\Users\mitchell\AppData\Local\Temp\ccz8HlWd.s 			page 2


  34:.\Generated_Source\PSoC4/cyfitter_cfg.c ****         #define CY_CFG_MEMORY_BARRIER() __memory_changed()
  35:.\Generated_Source\PSoC4/cyfitter_cfg.c ****     #else
  36:.\Generated_Source\PSoC4/cyfitter_cfg.c ****         #define CY_CFG_MEMORY_BARRIER() __sync_synchronize()
  37:.\Generated_Source\PSoC4/cyfitter_cfg.c ****     #endif
  38:.\Generated_Source\PSoC4/cyfitter_cfg.c ****     
  39:.\Generated_Source\PSoC4/cyfitter_cfg.c **** #elif defined(__ICCARM__)
  40:.\Generated_Source\PSoC4/cyfitter_cfg.c ****     #include <intrinsics.h>
  41:.\Generated_Source\PSoC4/cyfitter_cfg.c **** 
  42:.\Generated_Source\PSoC4/cyfitter_cfg.c ****     #define CYPACKED __packed
  43:.\Generated_Source\PSoC4/cyfitter_cfg.c ****     #define CYPACKED_ATTR 
  44:.\Generated_Source\PSoC4/cyfitter_cfg.c ****     #define CYALIGNED _Pragma("data_alignment=4")
  45:.\Generated_Source\PSoC4/cyfitter_cfg.c ****     #define CY_CFG_UNUSED _Pragma("diag_suppress=Pe177")
  46:.\Generated_Source\PSoC4/cyfitter_cfg.c ****     #define CY_CFG_SECTION _Pragma("location=\".psocinit\"")
  47:.\Generated_Source\PSoC4/cyfitter_cfg.c ****     
  48:.\Generated_Source\PSoC4/cyfitter_cfg.c ****     #define CY_CFG_MEMORY_BARRIER() __DMB()
  49:.\Generated_Source\PSoC4/cyfitter_cfg.c ****     
  50:.\Generated_Source\PSoC4/cyfitter_cfg.c **** #else
  51:.\Generated_Source\PSoC4/cyfitter_cfg.c ****     #error Unsupported toolchain
  52:.\Generated_Source\PSoC4/cyfitter_cfg.c **** #endif
  53:.\Generated_Source\PSoC4/cyfitter_cfg.c **** 
  54:.\Generated_Source\PSoC4/cyfitter_cfg.c **** 
  55:.\Generated_Source\PSoC4/cyfitter_cfg.c **** CY_CFG_UNUSED
  56:.\Generated_Source\PSoC4/cyfitter_cfg.c **** static void CYMEMZERO(void *s, size_t n);
  57:.\Generated_Source\PSoC4/cyfitter_cfg.c **** CY_CFG_UNUSED
  58:.\Generated_Source\PSoC4/cyfitter_cfg.c **** static void CYMEMZERO(void *s, size_t n)
  59:.\Generated_Source\PSoC4/cyfitter_cfg.c **** {
  25              		.loc 1 59 0
  26              		.cfi_startproc
  27 0000 80B5     		push	{r7, lr}
  28              		.cfi_def_cfa_offset 8
  29              		.cfi_offset 7, -8
  30              		.cfi_offset 14, -4
  31 0002 82B0     		sub	sp, sp, #8
  32              		.cfi_def_cfa_offset 16
  33 0004 00AF     		add	r7, sp, #0
  34              		.cfi_def_cfa_register 7
  35 0006 7860     		str	r0, [r7, #4]
  36 0008 3960     		str	r1, [r7]
  60:.\Generated_Source\PSoC4/cyfitter_cfg.c **** 	(void)memset(s, 0, n);
  37              		.loc 1 60 0
  38 000a 7A68     		ldr	r2, [r7, #4]
  39 000c 3B68     		ldr	r3, [r7]
  40 000e 101C     		mov	r0, r2
  41 0010 0021     		mov	r1, #0
  42 0012 1A1C     		mov	r2, r3
  43 0014 FFF7FEFF 		bl	memset
  61:.\Generated_Source\PSoC4/cyfitter_cfg.c **** }
  44              		.loc 1 61 0
  45 0018 BD46     		mov	sp, r7
  46 001a 02B0     		add	sp, sp, #8
  47              		@ sp needed
  48 001c 80BD     		pop	{r7, pc}
  49              		.cfi_endproc
  50              	.LFE0:
  51              		.size	CYMEMZERO, .-CYMEMZERO
  52 001e C046     		.section	.text.CYCONFIGCPY,"ax",%progbits
  53              		.align	2
ARM GAS  C:\Users\mitchell\AppData\Local\Temp\ccz8HlWd.s 			page 3


  54              		.code	16
  55              		.thumb_func
  56              		.type	CYCONFIGCPY, %function
  57              	CYCONFIGCPY:
  58              	.LFB1:
  62:.\Generated_Source\PSoC4/cyfitter_cfg.c **** CY_CFG_UNUSED
  63:.\Generated_Source\PSoC4/cyfitter_cfg.c **** static void CYCONFIGCPY(void *dest, const void *src, size_t n);
  64:.\Generated_Source\PSoC4/cyfitter_cfg.c **** CY_CFG_UNUSED
  65:.\Generated_Source\PSoC4/cyfitter_cfg.c **** static void CYCONFIGCPY(void *dest, const void *src, size_t n)
  66:.\Generated_Source\PSoC4/cyfitter_cfg.c **** {
  59              		.loc 1 66 0
  60              		.cfi_startproc
  61 0000 80B5     		push	{r7, lr}
  62              		.cfi_def_cfa_offset 8
  63              		.cfi_offset 7, -8
  64              		.cfi_offset 14, -4
  65 0002 84B0     		sub	sp, sp, #16
  66              		.cfi_def_cfa_offset 24
  67 0004 00AF     		add	r7, sp, #0
  68              		.cfi_def_cfa_register 7
  69 0006 F860     		str	r0, [r7, #12]
  70 0008 B960     		str	r1, [r7, #8]
  71 000a 7A60     		str	r2, [r7, #4]
  67:.\Generated_Source\PSoC4/cyfitter_cfg.c **** 	(void)memcpy(dest, src, n);
  72              		.loc 1 67 0
  73 000c F968     		ldr	r1, [r7, #12]
  74 000e BA68     		ldr	r2, [r7, #8]
  75 0010 7B68     		ldr	r3, [r7, #4]
  76 0012 081C     		mov	r0, r1
  77 0014 111C     		mov	r1, r2
  78 0016 1A1C     		mov	r2, r3
  79 0018 FFF7FEFF 		bl	memcpy
  68:.\Generated_Source\PSoC4/cyfitter_cfg.c **** }
  80              		.loc 1 68 0
  81 001c BD46     		mov	sp, r7
  82 001e 04B0     		add	sp, sp, #16
  83              		@ sp needed
  84 0020 80BD     		pop	{r7, pc}
  85              		.cfi_endproc
  86              	.LFE1:
  87              		.size	CYCONFIGCPY, .-CYCONFIGCPY
  88 0022 C046     		.section	.text.CYCONFIGCPYCODE,"ax",%progbits
  89              		.align	2
  90              		.code	16
  91              		.thumb_func
  92              		.type	CYCONFIGCPYCODE, %function
  93              	CYCONFIGCPYCODE:
  94              	.LFB2:
  69:.\Generated_Source\PSoC4/cyfitter_cfg.c **** CY_CFG_UNUSED
  70:.\Generated_Source\PSoC4/cyfitter_cfg.c **** static void CYCONFIGCPYCODE(void *dest, const void *src, size_t n);
  71:.\Generated_Source\PSoC4/cyfitter_cfg.c **** CY_CFG_UNUSED
  72:.\Generated_Source\PSoC4/cyfitter_cfg.c **** static void CYCONFIGCPYCODE(void *dest, const void *src, size_t n)
  73:.\Generated_Source\PSoC4/cyfitter_cfg.c **** {
  95              		.loc 1 73 0
  96              		.cfi_startproc
  97 0000 80B5     		push	{r7, lr}
  98              		.cfi_def_cfa_offset 8
ARM GAS  C:\Users\mitchell\AppData\Local\Temp\ccz8HlWd.s 			page 4


  99              		.cfi_offset 7, -8
 100              		.cfi_offset 14, -4
 101 0002 84B0     		sub	sp, sp, #16
 102              		.cfi_def_cfa_offset 24
 103 0004 00AF     		add	r7, sp, #0
 104              		.cfi_def_cfa_register 7
 105 0006 F860     		str	r0, [r7, #12]
 106 0008 B960     		str	r1, [r7, #8]
 107 000a 7A60     		str	r2, [r7, #4]
  74:.\Generated_Source\PSoC4/cyfitter_cfg.c **** 	(void)memcpy(dest, src, n);
 108              		.loc 1 74 0
 109 000c F968     		ldr	r1, [r7, #12]
 110 000e BA68     		ldr	r2, [r7, #8]
 111 0010 7B68     		ldr	r3, [r7, #4]
 112 0012 081C     		mov	r0, r1
 113 0014 111C     		mov	r1, r2
 114 0016 1A1C     		mov	r2, r3
 115 0018 FFF7FEFF 		bl	memcpy
  75:.\Generated_Source\PSoC4/cyfitter_cfg.c **** }
 116              		.loc 1 75 0
 117 001c BD46     		mov	sp, r7
 118 001e 04B0     		add	sp, sp, #16
 119              		@ sp needed
 120 0020 80BD     		pop	{r7, pc}
 121              		.cfi_endproc
 122              	.LFE2:
 123              		.size	CYCONFIGCPYCODE, .-CYCONFIGCPYCODE
 124 0022 C046     		.section	.text.cfg_write_bytes32,"ax",%progbits
 125              		.align	2
 126              		.code	16
 127              		.thumb_func
 128              		.type	cfg_write_bytes32, %function
 129              	cfg_write_bytes32:
 130              	.LFB3:
  76:.\Generated_Source\PSoC4/cyfitter_cfg.c **** 
  77:.\Generated_Source\PSoC4/cyfitter_cfg.c **** 
  78:.\Generated_Source\PSoC4/cyfitter_cfg.c **** 
  79:.\Generated_Source\PSoC4/cyfitter_cfg.c **** /* Clock startup error codes                                                   */
  80:.\Generated_Source\PSoC4/cyfitter_cfg.c **** #define CYCLOCKSTART_NO_ERROR    0u
  81:.\Generated_Source\PSoC4/cyfitter_cfg.c **** #define CYCLOCKSTART_XTAL_ERROR  1u
  82:.\Generated_Source\PSoC4/cyfitter_cfg.c **** #define CYCLOCKSTART_32KHZ_ERROR 2u
  83:.\Generated_Source\PSoC4/cyfitter_cfg.c **** #define CYCLOCKSTART_PLL_ERROR   3u
  84:.\Generated_Source\PSoC4/cyfitter_cfg.c **** 
  85:.\Generated_Source\PSoC4/cyfitter_cfg.c **** #ifdef CY_NEED_CYCLOCKSTARTUPERROR
  86:.\Generated_Source\PSoC4/cyfitter_cfg.c **** /*******************************************************************************
  87:.\Generated_Source\PSoC4/cyfitter_cfg.c **** * Function Name: CyClockStartupError
  88:.\Generated_Source\PSoC4/cyfitter_cfg.c **** ********************************************************************************
  89:.\Generated_Source\PSoC4/cyfitter_cfg.c **** * Summary:
  90:.\Generated_Source\PSoC4/cyfitter_cfg.c **** *  If an error is encountered during clock configuration (crystal startup error,
  91:.\Generated_Source\PSoC4/cyfitter_cfg.c **** *  PLL lock error, etc.), the system will end up here.  Unless reimplemented by
  92:.\Generated_Source\PSoC4/cyfitter_cfg.c **** *  the customer, this function will stop in an infinite loop.
  93:.\Generated_Source\PSoC4/cyfitter_cfg.c **** *
  94:.\Generated_Source\PSoC4/cyfitter_cfg.c **** * Parameters:
  95:.\Generated_Source\PSoC4/cyfitter_cfg.c **** *   void
  96:.\Generated_Source\PSoC4/cyfitter_cfg.c **** *
  97:.\Generated_Source\PSoC4/cyfitter_cfg.c **** * Return:
  98:.\Generated_Source\PSoC4/cyfitter_cfg.c **** *   void
ARM GAS  C:\Users\mitchell\AppData\Local\Temp\ccz8HlWd.s 			page 5


  99:.\Generated_Source\PSoC4/cyfitter_cfg.c **** *
 100:.\Generated_Source\PSoC4/cyfitter_cfg.c **** *******************************************************************************/
 101:.\Generated_Source\PSoC4/cyfitter_cfg.c **** CY_CFG_UNUSED
 102:.\Generated_Source\PSoC4/cyfitter_cfg.c **** static void CyClockStartupError(uint8 errorCode);
 103:.\Generated_Source\PSoC4/cyfitter_cfg.c **** CY_CFG_UNUSED
 104:.\Generated_Source\PSoC4/cyfitter_cfg.c **** static void CyClockStartupError(uint8 errorCode)
 105:.\Generated_Source\PSoC4/cyfitter_cfg.c **** {
 106:.\Generated_Source\PSoC4/cyfitter_cfg.c ****     /* To remove the compiler warning if errorCode not used.                */
 107:.\Generated_Source\PSoC4/cyfitter_cfg.c ****     errorCode = errorCode;
 108:.\Generated_Source\PSoC4/cyfitter_cfg.c **** 
 109:.\Generated_Source\PSoC4/cyfitter_cfg.c ****     /* `#START CyClockStartupError` */
 110:.\Generated_Source\PSoC4/cyfitter_cfg.c **** 
 111:.\Generated_Source\PSoC4/cyfitter_cfg.c ****     /* If we have a clock startup error (bad MHz crystal, PLL lock, etc.),  */
 112:.\Generated_Source\PSoC4/cyfitter_cfg.c ****     /* we will end up here to allow the customer to implement something to  */
 113:.\Generated_Source\PSoC4/cyfitter_cfg.c ****     /* deal with the clock condition.                                       */
 114:.\Generated_Source\PSoC4/cyfitter_cfg.c **** 
 115:.\Generated_Source\PSoC4/cyfitter_cfg.c ****     /* `#END` */
 116:.\Generated_Source\PSoC4/cyfitter_cfg.c **** 
 117:.\Generated_Source\PSoC4/cyfitter_cfg.c ****     /* If nothing else, stop here since the clocks have not started         */
 118:.\Generated_Source\PSoC4/cyfitter_cfg.c ****     /* correctly.                                                           */
 119:.\Generated_Source\PSoC4/cyfitter_cfg.c ****     while(1) {}
 120:.\Generated_Source\PSoC4/cyfitter_cfg.c **** }
 121:.\Generated_Source\PSoC4/cyfitter_cfg.c **** #endif
 122:.\Generated_Source\PSoC4/cyfitter_cfg.c **** 
 123:.\Generated_Source\PSoC4/cyfitter_cfg.c **** #define CY_CFG_BASE_ADDR_COUNT 7u
 124:.\Generated_Source\PSoC4/cyfitter_cfg.c **** CYPACKED typedef struct
 125:.\Generated_Source\PSoC4/cyfitter_cfg.c **** {
 126:.\Generated_Source\PSoC4/cyfitter_cfg.c **** 	uint8 offset;
 127:.\Generated_Source\PSoC4/cyfitter_cfg.c **** 	uint8 value;
 128:.\Generated_Source\PSoC4/cyfitter_cfg.c **** } CYPACKED_ATTR cy_cfg_addrvalue_t;
 129:.\Generated_Source\PSoC4/cyfitter_cfg.c **** 
 130:.\Generated_Source\PSoC4/cyfitter_cfg.c **** 
 131:.\Generated_Source\PSoC4/cyfitter_cfg.c **** 
 132:.\Generated_Source\PSoC4/cyfitter_cfg.c **** /*******************************************************************************
 133:.\Generated_Source\PSoC4/cyfitter_cfg.c **** * Function Name: cfg_write_bytes32
 134:.\Generated_Source\PSoC4/cyfitter_cfg.c **** ********************************************************************************
 135:.\Generated_Source\PSoC4/cyfitter_cfg.c **** * Summary:
 136:.\Generated_Source\PSoC4/cyfitter_cfg.c **** *  This function is used for setting up the chip configuration areas that
 137:.\Generated_Source\PSoC4/cyfitter_cfg.c **** *  contain relatively sparse data.
 138:.\Generated_Source\PSoC4/cyfitter_cfg.c **** *
 139:.\Generated_Source\PSoC4/cyfitter_cfg.c **** * Parameters:
 140:.\Generated_Source\PSoC4/cyfitter_cfg.c **** *   void
 141:.\Generated_Source\PSoC4/cyfitter_cfg.c **** *
 142:.\Generated_Source\PSoC4/cyfitter_cfg.c **** * Return:
 143:.\Generated_Source\PSoC4/cyfitter_cfg.c **** *   void
 144:.\Generated_Source\PSoC4/cyfitter_cfg.c **** *
 145:.\Generated_Source\PSoC4/cyfitter_cfg.c **** *******************************************************************************/
 146:.\Generated_Source\PSoC4/cyfitter_cfg.c **** static void cfg_write_bytes32(const uint32 addr_table[], const cy_cfg_addrvalue_t data_table[]);
 147:.\Generated_Source\PSoC4/cyfitter_cfg.c **** static void cfg_write_bytes32(const uint32 addr_table[], const cy_cfg_addrvalue_t data_table[])
 148:.\Generated_Source\PSoC4/cyfitter_cfg.c **** {
 131              		.loc 1 148 0
 132              		.cfi_startproc
 133 0000 80B5     		push	{r7, lr}
 134              		.cfi_def_cfa_offset 8
 135              		.cfi_offset 7, -8
 136              		.cfi_offset 14, -4
 137 0002 86B0     		sub	sp, sp, #24
ARM GAS  C:\Users\mitchell\AppData\Local\Temp\ccz8HlWd.s 			page 6


 138              		.cfi_def_cfa_offset 32
 139 0004 00AF     		add	r7, sp, #0
 140              		.cfi_def_cfa_register 7
 141 0006 7860     		str	r0, [r7, #4]
 142 0008 3960     		str	r1, [r7]
 149:.\Generated_Source\PSoC4/cyfitter_cfg.c **** 	/* For 32-bit little-endian architectures */
 150:.\Generated_Source\PSoC4/cyfitter_cfg.c **** 	uint32 i, j = 0u;
 143              		.loc 1 150 0
 144 000a 0023     		mov	r3, #0
 145 000c 3B61     		str	r3, [r7, #16]
 151:.\Generated_Source\PSoC4/cyfitter_cfg.c **** 	for (i = 0u; i < CY_CFG_BASE_ADDR_COUNT; i++)
 146              		.loc 1 151 0
 147 000e 0023     		mov	r3, #0
 148 0010 7B61     		str	r3, [r7, #20]
 149 0012 2EE0     		b	.L5
 150              	.L8:
 151              	.LBB2:
 152:.\Generated_Source\PSoC4/cyfitter_cfg.c **** 	{
 153:.\Generated_Source\PSoC4/cyfitter_cfg.c **** 		uint32 baseAddr = addr_table[i];
 152              		.loc 1 153 0
 153 0014 7B69     		ldr	r3, [r7, #20]
 154 0016 9B00     		lsl	r3, r3, #2
 155 0018 7A68     		ldr	r2, [r7, #4]
 156 001a D318     		add	r3, r2, r3
 157 001c 1B68     		ldr	r3, [r3]
 158 001e BB60     		str	r3, [r7, #8]
 154:.\Generated_Source\PSoC4/cyfitter_cfg.c **** 		uint8 count = (uint8)baseAddr;
 159              		.loc 1 154 0
 160 0020 3B1C     		mov	r3, r7
 161 0022 0F33     		add	r3, r3, #15
 162 0024 BA68     		ldr	r2, [r7, #8]
 163 0026 1A70     		strb	r2, [r3]
 155:.\Generated_Source\PSoC4/cyfitter_cfg.c **** 		baseAddr &= 0xFFFFFF00u;
 164              		.loc 1 155 0
 165 0028 BB68     		ldr	r3, [r7, #8]
 166 002a FF22     		mov	r2, #255
 167 002c 9343     		bic	r3, r2
 168 002e BB60     		str	r3, [r7, #8]
 156:.\Generated_Source\PSoC4/cyfitter_cfg.c **** 		while (count != 0u)
 169              		.loc 1 156 0
 170 0030 17E0     		b	.L6
 171              	.L7:
 157:.\Generated_Source\PSoC4/cyfitter_cfg.c **** 		{
 158:.\Generated_Source\PSoC4/cyfitter_cfg.c **** 			CY_SET_XTND_REG8((void CYFAR *)(baseAddr + data_table[j].offset), data_table[j].value);
 172              		.loc 1 158 0
 173 0032 3B69     		ldr	r3, [r7, #16]
 174 0034 5B00     		lsl	r3, r3, #1
 175 0036 3A68     		ldr	r2, [r7]
 176 0038 D318     		add	r3, r2, r3
 177 003a 1B78     		ldrb	r3, [r3]
 178 003c 1A1C     		mov	r2, r3
 179 003e BB68     		ldr	r3, [r7, #8]
 180 0040 D318     		add	r3, r2, r3
 181 0042 3A69     		ldr	r2, [r7, #16]
 182 0044 5200     		lsl	r2, r2, #1
 183 0046 3968     		ldr	r1, [r7]
 184 0048 8A18     		add	r2, r1, r2
ARM GAS  C:\Users\mitchell\AppData\Local\Temp\ccz8HlWd.s 			page 7


 185 004a 5278     		ldrb	r2, [r2, #1]
 186 004c 1A70     		strb	r2, [r3]
 159:.\Generated_Source\PSoC4/cyfitter_cfg.c **** 			j++;
 187              		.loc 1 159 0
 188 004e 3B69     		ldr	r3, [r7, #16]
 189 0050 0133     		add	r3, r3, #1
 190 0052 3B61     		str	r3, [r7, #16]
 160:.\Generated_Source\PSoC4/cyfitter_cfg.c **** 			count--;
 191              		.loc 1 160 0
 192 0054 3B1C     		mov	r3, r7
 193 0056 0F33     		add	r3, r3, #15
 194 0058 1A78     		ldrb	r2, [r3]
 195 005a 3B1C     		mov	r3, r7
 196 005c 0F33     		add	r3, r3, #15
 197 005e 013A     		sub	r2, r2, #1
 198 0060 1A70     		strb	r2, [r3]
 199              	.L6:
 156:.\Generated_Source\PSoC4/cyfitter_cfg.c **** 		while (count != 0u)
 200              		.loc 1 156 0 discriminator 1
 201 0062 3B1C     		mov	r3, r7
 202 0064 0F33     		add	r3, r3, #15
 203 0066 1B78     		ldrb	r3, [r3]
 204 0068 002B     		cmp	r3, #0
 205 006a E2D1     		bne	.L7
 206              	.LBE2:
 151:.\Generated_Source\PSoC4/cyfitter_cfg.c **** 	for (i = 0u; i < CY_CFG_BASE_ADDR_COUNT; i++)
 207              		.loc 1 151 0
 208 006c 7B69     		ldr	r3, [r7, #20]
 209 006e 0133     		add	r3, r3, #1
 210 0070 7B61     		str	r3, [r7, #20]
 211              	.L5:
 151:.\Generated_Source\PSoC4/cyfitter_cfg.c **** 	for (i = 0u; i < CY_CFG_BASE_ADDR_COUNT; i++)
 212              		.loc 1 151 0 is_stmt 0 discriminator 1
 213 0072 7B69     		ldr	r3, [r7, #20]
 214 0074 062B     		cmp	r3, #6
 215 0076 CDD9     		bls	.L8
 161:.\Generated_Source\PSoC4/cyfitter_cfg.c **** 		}
 162:.\Generated_Source\PSoC4/cyfitter_cfg.c **** 	}
 163:.\Generated_Source\PSoC4/cyfitter_cfg.c **** }
 216              		.loc 1 163 0 is_stmt 1
 217 0078 BD46     		mov	sp, r7
 218 007a 06B0     		add	sp, sp, #24
 219              		@ sp needed
 220 007c 80BD     		pop	{r7, pc}
 221              		.cfi_endproc
 222              	.LFE3:
 223              		.size	cfg_write_bytes32, .-cfg_write_bytes32
 224 007e C046     		.section	.psocinit,"ax",%progbits
 225              		.align	2
 226              		.code	16
 227              		.thumb_func
 228              		.type	ClockSetup, %function
 229              	ClockSetup:
 230              	.LFB4:
 164:.\Generated_Source\PSoC4/cyfitter_cfg.c **** 
 165:.\Generated_Source\PSoC4/cyfitter_cfg.c **** 
 166:.\Generated_Source\PSoC4/cyfitter_cfg.c **** /*******************************************************************************
ARM GAS  C:\Users\mitchell\AppData\Local\Temp\ccz8HlWd.s 			page 8


 167:.\Generated_Source\PSoC4/cyfitter_cfg.c **** * Function Name: ClockSetup
 168:.\Generated_Source\PSoC4/cyfitter_cfg.c **** ********************************************************************************
 169:.\Generated_Source\PSoC4/cyfitter_cfg.c **** *
 170:.\Generated_Source\PSoC4/cyfitter_cfg.c **** * Summary:
 171:.\Generated_Source\PSoC4/cyfitter_cfg.c **** *   Performs the initialization of all of the clocks in the device based on the
 172:.\Generated_Source\PSoC4/cyfitter_cfg.c **** *   settings in the Clock tab of the DWR.  This includes enabling the requested
 173:.\Generated_Source\PSoC4/cyfitter_cfg.c **** *   clocks and setting the necessary dividers to produce the desired frequency. 
 174:.\Generated_Source\PSoC4/cyfitter_cfg.c **** *
 175:.\Generated_Source\PSoC4/cyfitter_cfg.c **** * Parameters:
 176:.\Generated_Source\PSoC4/cyfitter_cfg.c **** *   void
 177:.\Generated_Source\PSoC4/cyfitter_cfg.c **** *
 178:.\Generated_Source\PSoC4/cyfitter_cfg.c **** * Return:
 179:.\Generated_Source\PSoC4/cyfitter_cfg.c **** *   void
 180:.\Generated_Source\PSoC4/cyfitter_cfg.c **** *
 181:.\Generated_Source\PSoC4/cyfitter_cfg.c **** *******************************************************************************/
 182:.\Generated_Source\PSoC4/cyfitter_cfg.c **** static void ClockSetup(void);
 183:.\Generated_Source\PSoC4/cyfitter_cfg.c **** CY_CFG_SECTION
 184:.\Generated_Source\PSoC4/cyfitter_cfg.c **** static void ClockSetup(void)
 185:.\Generated_Source\PSoC4/cyfitter_cfg.c **** {
 231              		.loc 1 185 0
 232              		.cfi_startproc
 233 0000 80B5     		push	{r7, lr}
 234              		.cfi_def_cfa_offset 8
 235              		.cfi_offset 7, -8
 236              		.cfi_offset 14, -4
 237 0002 00AF     		add	r7, sp, #0
 238              		.cfi_def_cfa_register 7
 186:.\Generated_Source\PSoC4/cyfitter_cfg.c **** 	/* Enable HALF_EN before trimming for the flash accelerator. */
 187:.\Generated_Source\PSoC4/cyfitter_cfg.c **** 	CY_SET_REG32((void CYXDATA *)(CYREG_CLK_SELECT), (CY_GET_REG32((void *)CYREG_CLK_SELECT) | 0x00040
 239              		.loc 1 187 0
 240 0004 1D4B     		ldr	r3, .L10
 241 0006 1D4A     		ldr	r2, .L10
 242 0008 1268     		ldr	r2, [r2]
 243 000a 8021     		mov	r1, #128
 244 000c C902     		lsl	r1, r1, #11
 245 000e 0A43     		orr	r2, r1
 246 0010 1A60     		str	r2, [r3]
 188:.\Generated_Source\PSoC4/cyfitter_cfg.c **** 
 189:.\Generated_Source\PSoC4/cyfitter_cfg.c **** 	/* Setup and trim IMO based on desired frequency. */
 190:.\Generated_Source\PSoC4/cyfitter_cfg.c **** 	CySysClkWriteImoFreq(24u);
 247              		.loc 1 190 0
 248 0012 1820     		mov	r0, #24
 249 0014 FFF7FEFF 		bl	CySysClkWriteImoFreq
 191:.\Generated_Source\PSoC4/cyfitter_cfg.c **** 
 192:.\Generated_Source\PSoC4/cyfitter_cfg.c **** 	/* Disable HALF_EN since it is not required at this IMO frequency. */
 193:.\Generated_Source\PSoC4/cyfitter_cfg.c **** 	CY_SET_REG32((void CYXDATA *)(CYREG_CLK_SELECT), (CY_GET_REG32((void *)CYREG_CLK_SELECT) & 0xFFFBF
 250              		.loc 1 193 0
 251 0018 184B     		ldr	r3, .L10
 252 001a 184A     		ldr	r2, .L10
 253 001c 1168     		ldr	r1, [r2]
 254 001e 184A     		ldr	r2, .L10+4
 255 0020 0A40     		and	r2, r1
 256 0022 1A60     		str	r2, [r3]
 194:.\Generated_Source\PSoC4/cyfitter_cfg.c **** 	/* CYDEV_CLK_ILO_CONFIG Starting address: CYDEV_CLK_ILO_CONFIG */
 195:.\Generated_Source\PSoC4/cyfitter_cfg.c **** 	CY_SET_XTND_REG32((void CYFAR *)(CYREG_CLK_ILO_CONFIG), 0x80000006u);
 257              		.loc 1 195 0
 258 0024 174B     		ldr	r3, .L10+8
ARM GAS  C:\Users\mitchell\AppData\Local\Temp\ccz8HlWd.s 			page 9


 259 0026 184A     		ldr	r2, .L10+12
 260 0028 1A60     		str	r2, [r3]
 196:.\Generated_Source\PSoC4/cyfitter_cfg.c **** 
 197:.\Generated_Source\PSoC4/cyfitter_cfg.c **** 
 198:.\Generated_Source\PSoC4/cyfitter_cfg.c **** 	/* CYDEV_CLK_SELECT00 Starting address: CYDEV_CLK_SELECT00 */
 199:.\Generated_Source\PSoC4/cyfitter_cfg.c **** 	CY_SET_XTND_REG32((void CYFAR *)(CYREG_CLK_SELECT02), 0x00000011u);
 261              		.loc 1 199 0
 262 002a 184B     		ldr	r3, .L10+16
 263 002c 1122     		mov	r2, #17
 264 002e 1A60     		str	r2, [r3]
 200:.\Generated_Source\PSoC4/cyfitter_cfg.c **** 	CY_SET_XTND_REG32((void CYFAR *)(CYREG_CLK_SELECT05), 0x00000020u);
 265              		.loc 1 200 0
 266 0030 174B     		ldr	r3, .L10+20
 267 0032 2022     		mov	r2, #32
 268 0034 1A60     		str	r2, [r3]
 201:.\Generated_Source\PSoC4/cyfitter_cfg.c **** 	CY_SET_XTND_REG32((void CYFAR *)(CYREG_CLK_SELECT06), 0x00000010u);
 269              		.loc 1 201 0
 270 0036 174B     		ldr	r3, .L10+24
 271 0038 1022     		mov	r2, #16
 272 003a 1A60     		str	r2, [r3]
 202:.\Generated_Source\PSoC4/cyfitter_cfg.c **** 	CY_SET_XTND_REG32((void CYFAR *)(CYREG_CLK_SELECT08), 0x00000030u);
 273              		.loc 1 202 0
 274 003c 164B     		ldr	r3, .L10+28
 275 003e 3022     		mov	r2, #48
 276 0040 1A60     		str	r2, [r3]
 203:.\Generated_Source\PSoC4/cyfitter_cfg.c **** 	CY_SET_XTND_REG32((void CYFAR *)(CYREG_CLK_SELECT09), 0x00000030u);
 277              		.loc 1 203 0
 278 0042 164B     		ldr	r3, .L10+32
 279 0044 3022     		mov	r2, #48
 280 0046 1A60     		str	r2, [r3]
 204:.\Generated_Source\PSoC4/cyfitter_cfg.c **** 	CY_SET_XTND_REG32((void CYFAR *)(CYREG_CLK_SELECT10), 0x00000030u);
 281              		.loc 1 204 0
 282 0048 154B     		ldr	r3, .L10+36
 283 004a 3022     		mov	r2, #48
 284 004c 1A60     		str	r2, [r3]
 205:.\Generated_Source\PSoC4/cyfitter_cfg.c **** 
 206:.\Generated_Source\PSoC4/cyfitter_cfg.c **** 	/* CYDEV_CLK_IMO_CONFIG Starting address: CYDEV_CLK_IMO_CONFIG */
 207:.\Generated_Source\PSoC4/cyfitter_cfg.c **** 	CY_SET_XTND_REG32((void CYFAR *)(CYREG_CLK_IMO_CONFIG), 0x80000000u);
 285              		.loc 1 207 0
 286 004e 154B     		ldr	r3, .L10+40
 287 0050 8022     		mov	r2, #128
 288 0052 1206     		lsl	r2, r2, #24
 289 0054 1A60     		str	r2, [r3]
 208:.\Generated_Source\PSoC4/cyfitter_cfg.c **** 
 209:.\Generated_Source\PSoC4/cyfitter_cfg.c **** 	/* CYDEV_CLK_DIVIDER_A00 Starting address: CYDEV_CLK_DIVIDER_A00 */
 210:.\Generated_Source\PSoC4/cyfitter_cfg.c **** 	CY_SET_XTND_REG32((void CYFAR *)(CYREG_CLK_DIVIDER_A00), 0x800000FEu);
 290              		.loc 1 210 0
 291 0056 144B     		ldr	r3, .L10+44
 292 0058 144A     		ldr	r2, .L10+48
 293 005a 1A60     		str	r2, [r3]
 211:.\Generated_Source\PSoC4/cyfitter_cfg.c **** 
 212:.\Generated_Source\PSoC4/cyfitter_cfg.c **** 	/* CYDEV_CLK_DIVIDER_B00 Starting address: CYDEV_CLK_DIVIDER_B00 */
 213:.\Generated_Source\PSoC4/cyfitter_cfg.c **** 	CY_SET_XTND_REG32((void CYFAR *)(CYREG_CLK_DIVIDER_B00), 0xC00000FEu);
 294              		.loc 1 213 0
 295 005c 144B     		ldr	r3, .L10+52
 296 005e 154A     		ldr	r2, .L10+56
 297 0060 1A60     		str	r2, [r3]
ARM GAS  C:\Users\mitchell\AppData\Local\Temp\ccz8HlWd.s 			page 10


 214:.\Generated_Source\PSoC4/cyfitter_cfg.c **** 
 215:.\Generated_Source\PSoC4/cyfitter_cfg.c **** 	/* CYDEV_CLK_DIVIDER_C00 Starting address: CYDEV_CLK_DIVIDER_C00 */
 216:.\Generated_Source\PSoC4/cyfitter_cfg.c **** 	CY_SET_XTND_REG32((void CYFAR *)(CYREG_CLK_DIVIDER_C00), 0x80000000u);
 298              		.loc 1 216 0
 299 0062 154B     		ldr	r3, .L10+60
 300 0064 8022     		mov	r2, #128
 301 0066 1206     		lsl	r2, r2, #24
 302 0068 1A60     		str	r2, [r3]
 217:.\Generated_Source\PSoC4/cyfitter_cfg.c **** 
 218:.\Generated_Source\PSoC4/cyfitter_cfg.c **** 	/* CYDEV_CLK_DIVIDER_A01 Starting address: CYDEV_CLK_DIVIDER_A01 */
 219:.\Generated_Source\PSoC4/cyfitter_cfg.c **** 	CY_SET_XTND_REG32((void CYFAR *)(CYREG_CLK_DIVIDER_A01), 0x80000010u);
 303              		.loc 1 219 0
 304 006a 144B     		ldr	r3, .L10+64
 305 006c 144A     		ldr	r2, .L10+68
 306 006e 1A60     		str	r2, [r3]
 220:.\Generated_Source\PSoC4/cyfitter_cfg.c **** 
 221:.\Generated_Source\PSoC4/cyfitter_cfg.c **** 	CY_SET_XTND_REG32((void CYFAR *)(CYREG_WDT_CONFIG), 0x00000000u);
 307              		.loc 1 221 0
 308 0070 144B     		ldr	r3, .L10+72
 309 0072 0022     		mov	r2, #0
 310 0074 1A60     		str	r2, [r3]
 222:.\Generated_Source\PSoC4/cyfitter_cfg.c **** }
 311              		.loc 1 222 0
 312 0076 BD46     		mov	sp, r7
 313              		@ sp needed
 314 0078 80BD     		pop	{r7, pc}
 315              	.L11:
 316 007a C046     		.align	2
 317              	.L10:
 318 007c 00010B40 		.word	1074462976
 319 0080 FFFFFBFF 		.word	-262145
 320 0084 04010B40 		.word	1074462980
 321 0088 06000080 		.word	-2147483642
 322 008c 08020240 		.word	1073873416
 323 0090 14020240 		.word	1073873428
 324 0094 18020240 		.word	1073873432
 325 0098 20020240 		.word	1073873440
 326 009c 24020240 		.word	1073873444
 327 00a0 28020240 		.word	1073873448
 328 00a4 08010B40 		.word	1074462984
 329 00a8 00000240 		.word	1073872896
 330 00ac FE000080 		.word	-2147483394
 331 00b0 40000240 		.word	1073872960
 332 00b4 FE0000C0 		.word	-1073741570
 333 00b8 80000240 		.word	1073873024
 334 00bc 04000240 		.word	1073872900
 335 00c0 10000080 		.word	-2147483632
 336 00c4 0C020B40 		.word	1074463244
 337              		.cfi_endproc
 338              	.LFE4:
 339              		.size	ClockSetup, .-ClockSetup
 340              		.section	.text.AnalogSetDefault,"ax",%progbits
 341              		.align	2
 342              		.code	16
 343              		.thumb_func
 344              		.type	AnalogSetDefault, %function
 345              	AnalogSetDefault:
ARM GAS  C:\Users\mitchell\AppData\Local\Temp\ccz8HlWd.s 			page 11


 346              	.LFB5:
 223:.\Generated_Source\PSoC4/cyfitter_cfg.c **** 
 224:.\Generated_Source\PSoC4/cyfitter_cfg.c **** 
 225:.\Generated_Source\PSoC4/cyfitter_cfg.c **** /* Analog API Functions */
 226:.\Generated_Source\PSoC4/cyfitter_cfg.c **** 
 227:.\Generated_Source\PSoC4/cyfitter_cfg.c **** 
 228:.\Generated_Source\PSoC4/cyfitter_cfg.c **** /*******************************************************************************
 229:.\Generated_Source\PSoC4/cyfitter_cfg.c **** * Function Name: AnalogSetDefault
 230:.\Generated_Source\PSoC4/cyfitter_cfg.c **** ********************************************************************************
 231:.\Generated_Source\PSoC4/cyfitter_cfg.c **** *
 232:.\Generated_Source\PSoC4/cyfitter_cfg.c **** * Summary:
 233:.\Generated_Source\PSoC4/cyfitter_cfg.c **** *  Sets up the analog portions of the chip to default values based on chip
 234:.\Generated_Source\PSoC4/cyfitter_cfg.c **** *  configuration options from the project.
 235:.\Generated_Source\PSoC4/cyfitter_cfg.c **** *
 236:.\Generated_Source\PSoC4/cyfitter_cfg.c **** * Parameters:
 237:.\Generated_Source\PSoC4/cyfitter_cfg.c **** *  void
 238:.\Generated_Source\PSoC4/cyfitter_cfg.c **** *
 239:.\Generated_Source\PSoC4/cyfitter_cfg.c **** * Return:
 240:.\Generated_Source\PSoC4/cyfitter_cfg.c **** *  void
 241:.\Generated_Source\PSoC4/cyfitter_cfg.c **** *
 242:.\Generated_Source\PSoC4/cyfitter_cfg.c **** *******************************************************************************/
 243:.\Generated_Source\PSoC4/cyfitter_cfg.c **** static void AnalogSetDefault(void);
 244:.\Generated_Source\PSoC4/cyfitter_cfg.c **** static void AnalogSetDefault(void)
 245:.\Generated_Source\PSoC4/cyfitter_cfg.c **** {
 347              		.loc 1 245 0
 348              		.cfi_startproc
 349 0000 80B5     		push	{r7, lr}
 350              		.cfi_def_cfa_offset 8
 351              		.cfi_offset 7, -8
 352              		.cfi_offset 14, -4
 353 0002 00AF     		add	r7, sp, #0
 354              		.cfi_def_cfa_register 7
 246:.\Generated_Source\PSoC4/cyfitter_cfg.c **** }
 355              		.loc 1 246 0
 356 0004 BD46     		mov	sp, r7
 357              		@ sp needed
 358 0006 80BD     		pop	{r7, pc}
 359              		.cfi_endproc
 360              	.LFE5:
 361              		.size	AnalogSetDefault, .-AnalogSetDefault
 362              		.section	.psocinit
 363              		.align	2
 364              		.global	cyfitter_cfg
 365              		.code	16
 366              		.thumb_func
 367              		.type	cyfitter_cfg, %function
 368              	cyfitter_cfg:
 369              	.LFB6:
 247:.\Generated_Source\PSoC4/cyfitter_cfg.c **** 
 248:.\Generated_Source\PSoC4/cyfitter_cfg.c **** #define CY_AMUX_UNUSED CYREG_CM0_ROM_DWT
 249:.\Generated_Source\PSoC4/cyfitter_cfg.c **** 
 250:.\Generated_Source\PSoC4/cyfitter_cfg.c **** 
 251:.\Generated_Source\PSoC4/cyfitter_cfg.c **** /*******************************************************************************
 252:.\Generated_Source\PSoC4/cyfitter_cfg.c **** * Function Name: cyfitter_cfg
 253:.\Generated_Source\PSoC4/cyfitter_cfg.c **** ********************************************************************************
 254:.\Generated_Source\PSoC4/cyfitter_cfg.c **** * Summary:
 255:.\Generated_Source\PSoC4/cyfitter_cfg.c **** *  This function is called by the start-up code for the selected device. It
ARM GAS  C:\Users\mitchell\AppData\Local\Temp\ccz8HlWd.s 			page 12


 256:.\Generated_Source\PSoC4/cyfitter_cfg.c **** *  performs all of the necessary device configuration based on the design
 257:.\Generated_Source\PSoC4/cyfitter_cfg.c **** *  settings.  This includes settings from the Design Wide Resources (DWR) such
 258:.\Generated_Source\PSoC4/cyfitter_cfg.c **** *  as Clocks and Pins as well as any component configuration that is necessary.
 259:.\Generated_Source\PSoC4/cyfitter_cfg.c **** *
 260:.\Generated_Source\PSoC4/cyfitter_cfg.c **** * Parameters:  
 261:.\Generated_Source\PSoC4/cyfitter_cfg.c **** *   void
 262:.\Generated_Source\PSoC4/cyfitter_cfg.c **** *
 263:.\Generated_Source\PSoC4/cyfitter_cfg.c **** * Return:
 264:.\Generated_Source\PSoC4/cyfitter_cfg.c **** *   void
 265:.\Generated_Source\PSoC4/cyfitter_cfg.c **** *
 266:.\Generated_Source\PSoC4/cyfitter_cfg.c **** *******************************************************************************/
 267:.\Generated_Source\PSoC4/cyfitter_cfg.c **** CY_CFG_SECTION
 268:.\Generated_Source\PSoC4/cyfitter_cfg.c **** void cyfitter_cfg(void)
 269:.\Generated_Source\PSoC4/cyfitter_cfg.c **** {
 370              		.loc 1 269 0
 371              		.cfi_startproc
 372 00c8 80B5     		push	{r7, lr}
 373              		.cfi_def_cfa_offset 8
 374              		.cfi_offset 7, -8
 375              		.cfi_offset 14, -4
 376 00ca 82B0     		sub	sp, sp, #8
 377              		.cfi_def_cfa_offset 16
 378 00cc 00AF     		add	r7, sp, #0
 379              		.cfi_def_cfa_register 7
 270:.\Generated_Source\PSoC4/cyfitter_cfg.c **** 	/* Disable interrupts by default. Let user enable if/when they want. */
 271:.\Generated_Source\PSoC4/cyfitter_cfg.c **** 	CyGlobalIntDisable;
 380              		.loc 1 271 0
 381              	@ 271 ".\Generated_Source\PSoC4\cyfitter_cfg.c" 1
 382 00ce 72B6     		CPSID   i
 383              	@ 0 "" 2
 384              		.code	16
 385              	.LBB3:
 272:.\Generated_Source\PSoC4/cyfitter_cfg.c **** 
 273:.\Generated_Source\PSoC4/cyfitter_cfg.c **** 	{
 274:.\Generated_Source\PSoC4/cyfitter_cfg.c **** 		static const uint32 CYCODE cy_cfg_addr_table[] = {
 275:.\Generated_Source\PSoC4/cyfitter_cfg.c **** 			0x400F3004u, /* Base address: 0x400F3000 Count: 4 */
 276:.\Generated_Source\PSoC4/cyfitter_cfg.c **** 			0x400F3101u, /* Base address: 0x400F3100 Count: 1 */
 277:.\Generated_Source\PSoC4/cyfitter_cfg.c **** 			0x400F3302u, /* Base address: 0x400F3300 Count: 2 */
 278:.\Generated_Source\PSoC4/cyfitter_cfg.c **** 			0x400F4004u, /* Base address: 0x400F4000 Count: 4 */
 279:.\Generated_Source\PSoC4/cyfitter_cfg.c **** 			0x400F4108u, /* Base address: 0x400F4100 Count: 8 */
 280:.\Generated_Source\PSoC4/cyfitter_cfg.c **** 			0x400F4202u, /* Base address: 0x400F4200 Count: 2 */
 281:.\Generated_Source\PSoC4/cyfitter_cfg.c **** 			0x400F430Eu, /* Base address: 0x400F4300 Count: 14 */
 282:.\Generated_Source\PSoC4/cyfitter_cfg.c **** 		};
 283:.\Generated_Source\PSoC4/cyfitter_cfg.c **** 
 284:.\Generated_Source\PSoC4/cyfitter_cfg.c **** 		static const cy_cfg_addrvalue_t CYCODE cy_cfg_data_table[] = {
 285:.\Generated_Source\PSoC4/cyfitter_cfg.c **** 			{0x38u, 0x80u},
 286:.\Generated_Source\PSoC4/cyfitter_cfg.c **** 			{0x3Eu, 0x40u},
 287:.\Generated_Source\PSoC4/cyfitter_cfg.c **** 			{0x58u, 0x04u},
 288:.\Generated_Source\PSoC4/cyfitter_cfg.c **** 			{0x5Fu, 0x01u},
 289:.\Generated_Source\PSoC4/cyfitter_cfg.c **** 			{0x18u, 0x01u},
 290:.\Generated_Source\PSoC4/cyfitter_cfg.c **** 			{0xB4u, 0x01u},
 291:.\Generated_Source\PSoC4/cyfitter_cfg.c **** 			{0xE6u, 0x29u},
 292:.\Generated_Source\PSoC4/cyfitter_cfg.c **** 			{0x56u, 0x80u},
 293:.\Generated_Source\PSoC4/cyfitter_cfg.c **** 			{0x5Cu, 0x10u},
 294:.\Generated_Source\PSoC4/cyfitter_cfg.c **** 			{0xD4u, 0x40u},
 295:.\Generated_Source\PSoC4/cyfitter_cfg.c **** 			{0xD6u, 0x20u},
 296:.\Generated_Source\PSoC4/cyfitter_cfg.c **** 			{0x63u, 0x02u},
ARM GAS  C:\Users\mitchell\AppData\Local\Temp\ccz8HlWd.s 			page 13


 297:.\Generated_Source\PSoC4/cyfitter_cfg.c **** 			{0x80u, 0x10u},
 298:.\Generated_Source\PSoC4/cyfitter_cfg.c **** 			{0x87u, 0x01u},
 299:.\Generated_Source\PSoC4/cyfitter_cfg.c **** 			{0x8Au, 0x80u},
 300:.\Generated_Source\PSoC4/cyfitter_cfg.c **** 			{0x94u, 0x10u},
 301:.\Generated_Source\PSoC4/cyfitter_cfg.c **** 			{0x9Eu, 0x80u},
 302:.\Generated_Source\PSoC4/cyfitter_cfg.c **** 			{0xD6u, 0x40u},
 303:.\Generated_Source\PSoC4/cyfitter_cfg.c **** 			{0xE6u, 0x90u},
 304:.\Generated_Source\PSoC4/cyfitter_cfg.c **** 			{0x6Cu, 0x40u},
 305:.\Generated_Source\PSoC4/cyfitter_cfg.c **** 			{0xDCu, 0x02u},
 306:.\Generated_Source\PSoC4/cyfitter_cfg.c **** 			{0x19u, 0x04u},
 307:.\Generated_Source\PSoC4/cyfitter_cfg.c **** 			{0x1Au, 0x08u},
 308:.\Generated_Source\PSoC4/cyfitter_cfg.c **** 			{0x1Cu, 0x80u},
 309:.\Generated_Source\PSoC4/cyfitter_cfg.c **** 			{0x61u, 0x02u},
 310:.\Generated_Source\PSoC4/cyfitter_cfg.c **** 			{0x81u, 0x04u},
 311:.\Generated_Source\PSoC4/cyfitter_cfg.c **** 			{0x86u, 0x04u},
 312:.\Generated_Source\PSoC4/cyfitter_cfg.c **** 			{0x88u, 0x40u},
 313:.\Generated_Source\PSoC4/cyfitter_cfg.c **** 			{0xA1u, 0x02u},
 314:.\Generated_Source\PSoC4/cyfitter_cfg.c **** 			{0xB4u, 0x40u},
 315:.\Generated_Source\PSoC4/cyfitter_cfg.c **** 			{0xB5u, 0x02u},
 316:.\Generated_Source\PSoC4/cyfitter_cfg.c **** 			{0xC6u, 0x0Eu},
 317:.\Generated_Source\PSoC4/cyfitter_cfg.c **** 			{0xD8u, 0x02u},
 318:.\Generated_Source\PSoC4/cyfitter_cfg.c **** 			{0xE6u, 0x04u},
 319:.\Generated_Source\PSoC4/cyfitter_cfg.c **** 			{0xECu, 0x08u},
 320:.\Generated_Source\PSoC4/cyfitter_cfg.c **** 		};
 321:.\Generated_Source\PSoC4/cyfitter_cfg.c **** 
 322:.\Generated_Source\PSoC4/cyfitter_cfg.c **** 
 323:.\Generated_Source\PSoC4/cyfitter_cfg.c **** 
 324:.\Generated_Source\PSoC4/cyfitter_cfg.c **** 		CYPACKED typedef struct {
 325:.\Generated_Source\PSoC4/cyfitter_cfg.c **** 			void CYFAR *address;
 326:.\Generated_Source\PSoC4/cyfitter_cfg.c **** 			uint16 size;
 327:.\Generated_Source\PSoC4/cyfitter_cfg.c **** 		} CYPACKED_ATTR cfg_memset_t;
 328:.\Generated_Source\PSoC4/cyfitter_cfg.c **** 
 329:.\Generated_Source\PSoC4/cyfitter_cfg.c **** 		static const cfg_memset_t CYCODE cfg_memset_list [] = {
 330:.\Generated_Source\PSoC4/cyfitter_cfg.c **** 			/* address, size */
 331:.\Generated_Source\PSoC4/cyfitter_cfg.c **** 			{(void CYFAR *)(CYDEV_UDB_P0_U0_BASE), 1024u},
 332:.\Generated_Source\PSoC4/cyfitter_cfg.c **** 			{(void CYFAR *)(CYDEV_UDB_DSI0_BASE), 1024u},
 333:.\Generated_Source\PSoC4/cyfitter_cfg.c **** 		};
 334:.\Generated_Source\PSoC4/cyfitter_cfg.c **** 
 335:.\Generated_Source\PSoC4/cyfitter_cfg.c **** 		uint8 CYDATA i;
 336:.\Generated_Source\PSoC4/cyfitter_cfg.c **** 
 337:.\Generated_Source\PSoC4/cyfitter_cfg.c **** 		/* Zero out critical memory blocks before beginning configuration */
 338:.\Generated_Source\PSoC4/cyfitter_cfg.c **** 		for (i = 0u; i < (sizeof(cfg_memset_list)/sizeof(cfg_memset_list[0])); i++)
 386              		.loc 1 338 0
 387 00d0 FB1D     		add	r3, r7, #7
 388 00d2 0022     		mov	r2, #0
 389 00d4 1A70     		strb	r2, [r3]
 390 00d6 23E0     		b	.L14
 391              	.L15:
 392              	.LBB4:
 339:.\Generated_Source\PSoC4/cyfitter_cfg.c **** 		{
 340:.\Generated_Source\PSoC4/cyfitter_cfg.c **** 			const cfg_memset_t CYCODE * CYDATA ms = &cfg_memset_list[i];
 393              		.loc 1 340 0 discriminator 2
 394 00d8 FB1D     		add	r3, r7, #7
 395 00da 1A78     		ldrb	r2, [r3]
 396 00dc 131C     		mov	r3, r2
 397 00de 5B00     		lsl	r3, r3, #1
 398 00e0 9B18     		add	r3, r3, r2
ARM GAS  C:\Users\mitchell\AppData\Local\Temp\ccz8HlWd.s 			page 14


 399 00e2 5B00     		lsl	r3, r3, #1
 400 00e4 454A     		ldr	r2, .L16
 401 00e6 9B18     		add	r3, r3, r2
 402 00e8 3B60     		str	r3, [r7]
 341:.\Generated_Source\PSoC4/cyfitter_cfg.c **** 			CYMEMZERO(ms->address, (size_t)(uint32)(ms->size));
 403              		.loc 1 341 0 discriminator 2
 404 00ea 3B68     		ldr	r3, [r7]
 405 00ec 1A78     		ldrb	r2, [r3]
 406 00ee 5978     		ldrb	r1, [r3, #1]
 407 00f0 0902     		lsl	r1, r1, #8
 408 00f2 0A43     		orr	r2, r1
 409 00f4 9978     		ldrb	r1, [r3, #2]
 410 00f6 0904     		lsl	r1, r1, #16
 411 00f8 0A43     		orr	r2, r1
 412 00fa DB78     		ldrb	r3, [r3, #3]
 413 00fc 1B06     		lsl	r3, r3, #24
 414 00fe 1343     		orr	r3, r2
 415 0100 1A1C     		mov	r2, r3
 416 0102 3B68     		ldr	r3, [r7]
 417 0104 1979     		ldrb	r1, [r3, #4]
 418 0106 5B79     		ldrb	r3, [r3, #5]
 419 0108 1B02     		lsl	r3, r3, #8
 420 010a 0B43     		orr	r3, r1
 421 010c 9BB2     		uxth	r3, r3
 422 010e 101C     		mov	r0, r2
 423 0110 191C     		mov	r1, r3
 424 0112 FFF7FEFF 		bl	CYMEMZERO
 425              	.LBE4:
 338:.\Generated_Source\PSoC4/cyfitter_cfg.c **** 		for (i = 0u; i < (sizeof(cfg_memset_list)/sizeof(cfg_memset_list[0])); i++)
 426              		.loc 1 338 0 discriminator 2
 427 0116 FB1D     		add	r3, r7, #7
 428 0118 1A78     		ldrb	r2, [r3]
 429 011a FB1D     		add	r3, r7, #7
 430 011c 0132     		add	r2, r2, #1
 431 011e 1A70     		strb	r2, [r3]
 432              	.L14:
 338:.\Generated_Source\PSoC4/cyfitter_cfg.c **** 		for (i = 0u; i < (sizeof(cfg_memset_list)/sizeof(cfg_memset_list[0])); i++)
 433              		.loc 1 338 0 is_stmt 0 discriminator 1
 434 0120 FB1D     		add	r3, r7, #7
 435 0122 1B78     		ldrb	r3, [r3]
 436 0124 012B     		cmp	r3, #1
 437 0126 D7D9     		bls	.L15
 342:.\Generated_Source\PSoC4/cyfitter_cfg.c **** 		}
 343:.\Generated_Source\PSoC4/cyfitter_cfg.c **** 
 344:.\Generated_Source\PSoC4/cyfitter_cfg.c **** 		cfg_write_bytes32(cy_cfg_addr_table, cy_cfg_data_table);
 438              		.loc 1 344 0 is_stmt 1
 439 0128 354A     		ldr	r2, .L16+4
 440 012a 364B     		ldr	r3, .L16+8
 441 012c 101C     		mov	r0, r2
 442 012e 191C     		mov	r1, r3
 443 0130 FFF7FEFF 		bl	cfg_write_bytes32
 345:.\Generated_Source\PSoC4/cyfitter_cfg.c **** 
 346:.\Generated_Source\PSoC4/cyfitter_cfg.c **** 		/* HSIOM Starting address: CYDEV_HSIOM_BASE */
 347:.\Generated_Source\PSoC4/cyfitter_cfg.c **** 		CY_SET_XTND_REG32((void CYFAR *)(CYDEV_HSIOM_BASE), 0x00003300u);
 444              		.loc 1 347 0
 445 0134 344B     		ldr	r3, .L16+12
 446 0136 CC22     		mov	r2, #204
ARM GAS  C:\Users\mitchell\AppData\Local\Temp\ccz8HlWd.s 			page 15


 447 0138 9201     		lsl	r2, r2, #6
 448 013a 1A60     		str	r2, [r3]
 348:.\Generated_Source\PSoC4/cyfitter_cfg.c **** 		CY_SET_XTND_REG32((void CYFAR *)(CYREG_HSIOM_PORT_SEL1), 0x03000000u);
 449              		.loc 1 348 0
 450 013c 334B     		ldr	r3, .L16+16
 451 013e C022     		mov	r2, #192
 452 0140 9204     		lsl	r2, r2, #18
 453 0142 1A60     		str	r2, [r3]
 349:.\Generated_Source\PSoC4/cyfitter_cfg.c **** 		CY_SET_XTND_REG32((void CYFAR *)(CYREG_HSIOM_PORT_SEL3), 0x0000EE00u);
 454              		.loc 1 349 0
 455 0144 324B     		ldr	r3, .L16+20
 456 0146 EE22     		mov	r2, #238
 457 0148 1202     		lsl	r2, r2, #8
 458 014a 1A60     		str	r2, [r3]
 350:.\Generated_Source\PSoC4/cyfitter_cfg.c **** 		CY_SET_XTND_REG32((void CYFAR *)(CYREG_HSIOM_PORT_SEL4), 0x00000090u);
 459              		.loc 1 350 0
 460 014c 314B     		ldr	r3, .L16+24
 461 014e 9022     		mov	r2, #144
 462 0150 1A60     		str	r2, [r3]
 351:.\Generated_Source\PSoC4/cyfitter_cfg.c **** 
 352:.\Generated_Source\PSoC4/cyfitter_cfg.c **** 		/* UDB_PA_0 Starting address: CYDEV_UDB_PA0_BASE */
 353:.\Generated_Source\PSoC4/cyfitter_cfg.c **** 		CY_SET_XTND_REG32((void CYFAR *)(CYDEV_UDB_PA0_BASE), 0x00990000u);
 463              		.loc 1 353 0
 464 0152 314B     		ldr	r3, .L16+28
 465 0154 9922     		mov	r2, #153
 466 0156 1204     		lsl	r2, r2, #16
 467 0158 1A60     		str	r2, [r3]
 354:.\Generated_Source\PSoC4/cyfitter_cfg.c **** 		CY_SET_XTND_REG32((void CYFAR *)(CYREG_UDB_PA0_CFG8), 0x00D00000u);
 468              		.loc 1 354 0
 469 015a 304B     		ldr	r3, .L16+32
 470 015c D022     		mov	r2, #208
 471 015e 1204     		lsl	r2, r2, #16
 472 0160 1A60     		str	r2, [r3]
 355:.\Generated_Source\PSoC4/cyfitter_cfg.c **** 
 356:.\Generated_Source\PSoC4/cyfitter_cfg.c **** 		/* UDB_PA_1 Starting address: CYDEV_UDB_PA1_BASE */
 357:.\Generated_Source\PSoC4/cyfitter_cfg.c **** 		CY_SET_XTND_REG32((void CYFAR *)(CYDEV_UDB_PA1_BASE), 0x00990000u);
 473              		.loc 1 357 0
 474 0162 2F4B     		ldr	r3, .L16+36
 475 0164 9922     		mov	r2, #153
 476 0166 1204     		lsl	r2, r2, #16
 477 0168 1A60     		str	r2, [r3]
 358:.\Generated_Source\PSoC4/cyfitter_cfg.c **** 
 359:.\Generated_Source\PSoC4/cyfitter_cfg.c **** 		/* UDB_PA_3 Starting address: CYDEV_UDB_PA3_BASE */
 360:.\Generated_Source\PSoC4/cyfitter_cfg.c **** 		CY_SET_XTND_REG32((void CYFAR *)(CYDEV_UDB_PA3_BASE), 0x00990000u);
 478              		.loc 1 360 0
 479 016a 2E4B     		ldr	r3, .L16+40
 480 016c 9922     		mov	r2, #153
 481 016e 1204     		lsl	r2, r2, #16
 482 0170 1A60     		str	r2, [r3]
 361:.\Generated_Source\PSoC4/cyfitter_cfg.c **** 		CY_SET_XTND_REG32((void CYFAR *)(CYREG_UDB_PA3_CFG8), 0x20000000u);
 483              		.loc 1 361 0
 484 0172 2D4B     		ldr	r3, .L16+44
 485 0174 8022     		mov	r2, #128
 486 0176 9205     		lsl	r2, r2, #22
 487 0178 1A60     		str	r2, [r3]
 362:.\Generated_Source\PSoC4/cyfitter_cfg.c **** 
 363:.\Generated_Source\PSoC4/cyfitter_cfg.c **** 		/* Enable digital routing */
ARM GAS  C:\Users\mitchell\AppData\Local\Temp\ccz8HlWd.s 			page 16


 364:.\Generated_Source\PSoC4/cyfitter_cfg.c **** 		CY_SET_XTND_REG8((void *)CYREG_UDB_UDBIF_BANK_CTL, CY_GET_XTND_REG8((void *)CYREG_UDB_UDBIF_BANK_
 488              		.loc 1 364 0
 489 017a 2C4B     		ldr	r3, .L16+48
 490 017c 2B4A     		ldr	r2, .L16+48
 491 017e 1278     		ldrb	r2, [r2]
 492 0180 D2B2     		uxtb	r2, r2
 493 0182 0221     		mov	r1, #2
 494 0184 0A43     		orr	r2, r1
 495 0186 D2B2     		uxtb	r2, r2
 496 0188 1A70     		strb	r2, [r3]
 365:.\Generated_Source\PSoC4/cyfitter_cfg.c **** 
 366:.\Generated_Source\PSoC4/cyfitter_cfg.c **** 		/* Enable UDB array */
 367:.\Generated_Source\PSoC4/cyfitter_cfg.c **** 		CY_SET_XTND_REG8((void *)CYREG_UDB_UDBIF_WAIT_CFG, (uint8)((CY_GET_XTND_REG8((void *)CYREG_UDB_UD
 497              		.loc 1 367 0
 498 018a 294B     		ldr	r3, .L16+52
 499 018c 284A     		ldr	r2, .L16+52
 500 018e 1278     		ldrb	r2, [r2]
 501 0190 D2B2     		uxtb	r2, r2
 502 0192 3C21     		mov	r1, #60
 503 0194 8A43     		bic	r2, r1
 504 0196 D2B2     		uxtb	r2, r2
 505 0198 1421     		mov	r1, #20
 506 019a 0A43     		orr	r2, r1
 507 019c D2B2     		uxtb	r2, r2
 508 019e 1A70     		strb	r2, [r3]
 368:.\Generated_Source\PSoC4/cyfitter_cfg.c **** 		CY_SET_XTND_REG8((void *)CYREG_UDB_UDBIF_BANK_CTL, (uint8)(CY_GET_XTND_REG8((void *)CYREG_UDB_UDB
 509              		.loc 1 368 0
 510 01a0 224B     		ldr	r3, .L16+48
 511 01a2 224A     		ldr	r2, .L16+48
 512 01a4 1278     		ldrb	r2, [r2]
 513 01a6 D2B2     		uxtb	r2, r2
 514 01a8 1621     		mov	r1, #22
 515 01aa 0A43     		orr	r2, r1
 516 01ac D2B2     		uxtb	r2, r2
 517 01ae 1A70     		strb	r2, [r3]
 518              	.LBE3:
 369:.\Generated_Source\PSoC4/cyfitter_cfg.c **** 	}
 370:.\Generated_Source\PSoC4/cyfitter_cfg.c **** 
 371:.\Generated_Source\PSoC4/cyfitter_cfg.c **** 	/* Perform second pass device configuration. These items must be configured in specific order afte
 372:.\Generated_Source\PSoC4/cyfitter_cfg.c **** 	/* IOPINS0_0 Starting address: CYDEV_PRT0_DR */
 373:.\Generated_Source\PSoC4/cyfitter_cfg.c **** 	CY_SET_XTND_REG32((void CYFAR *)(CYREG_PRT0_DR), 0x0000000Cu);
 519              		.loc 1 373 0
 520 01b0 204B     		ldr	r3, .L16+56
 521 01b2 0C22     		mov	r2, #12
 522 01b4 1A60     		str	r2, [r3]
 374:.\Generated_Source\PSoC4/cyfitter_cfg.c **** 	CY_SET_XTND_REG32((void CYFAR *)(CYREG_PRT0_PC), 0x00000D80u);
 523              		.loc 1 374 0
 524 01b6 204B     		ldr	r3, .L16+60
 525 01b8 D822     		mov	r2, #216
 526 01ba 1201     		lsl	r2, r2, #4
 527 01bc 1A60     		str	r2, [r3]
 375:.\Generated_Source\PSoC4/cyfitter_cfg.c **** 
 376:.\Generated_Source\PSoC4/cyfitter_cfg.c **** 	/* IOPINS0_1 Starting address: CYDEV_PRT1_DR */
 377:.\Generated_Source\PSoC4/cyfitter_cfg.c **** 	CY_SET_XTND_REG32((void CYFAR *)(CYREG_PRT1_DR), 0x0000007Eu);
 528              		.loc 1 377 0
 529 01be 1F4B     		ldr	r3, .L16+64
 530 01c0 7E22     		mov	r2, #126
ARM GAS  C:\Users\mitchell\AppData\Local\Temp\ccz8HlWd.s 			page 17


 531 01c2 1A60     		str	r2, [r3]
 378:.\Generated_Source\PSoC4/cyfitter_cfg.c **** 	CY_SET_XTND_REG32((void CYFAR *)(CYREG_PRT1_PC), 0x00180000u);
 532              		.loc 1 378 0
 533 01c4 1E4B     		ldr	r3, .L16+68
 534 01c6 C022     		mov	r2, #192
 535 01c8 5203     		lsl	r2, r2, #13
 536 01ca 1A60     		str	r2, [r3]
 379:.\Generated_Source\PSoC4/cyfitter_cfg.c **** 	CY_SET_XTND_REG32((void CYFAR *)(CYREG_PRT1_PC2), 0x0000003Eu);
 537              		.loc 1 379 0
 538 01cc 1D4B     		ldr	r3, .L16+72
 539 01ce 3E22     		mov	r2, #62
 540 01d0 1A60     		str	r2, [r3]
 380:.\Generated_Source\PSoC4/cyfitter_cfg.c **** 
 381:.\Generated_Source\PSoC4/cyfitter_cfg.c **** 	/* IOPINS0_3 Starting address: CYDEV_PRT3_DR */
 382:.\Generated_Source\PSoC4/cyfitter_cfg.c **** 	CY_SET_XTND_REG32((void CYFAR *)(CYREG_PRT3_PC), 0x00000D80u);
 541              		.loc 1 382 0
 542 01d2 1D4B     		ldr	r3, .L16+76
 543 01d4 D822     		mov	r2, #216
 544 01d6 1201     		lsl	r2, r2, #4
 545 01d8 1A60     		str	r2, [r3]
 383:.\Generated_Source\PSoC4/cyfitter_cfg.c **** 
 384:.\Generated_Source\PSoC4/cyfitter_cfg.c **** 	/* IOPINS0_4 Starting address: CYDEV_PRT4_DR */
 385:.\Generated_Source\PSoC4/cyfitter_cfg.c **** 	CY_SET_XTND_REG32((void CYFAR *)(CYREG_PRT4_DR), 0x00000006u);
 546              		.loc 1 385 0
 547 01da 1C4B     		ldr	r3, .L16+80
 548 01dc 0622     		mov	r2, #6
 549 01de 1A60     		str	r2, [r3]
 386:.\Generated_Source\PSoC4/cyfitter_cfg.c **** 	CY_SET_XTND_REG32((void CYFAR *)(CYREG_PRT4_PC), 0x00000030u);
 550              		.loc 1 386 0
 551 01e0 1B4B     		ldr	r3, .L16+84
 552 01e2 3022     		mov	r2, #48
 553 01e4 1A60     		str	r2, [r3]
 387:.\Generated_Source\PSoC4/cyfitter_cfg.c **** 	CY_SET_XTND_REG32((void CYFAR *)(CYREG_PRT4_PC2), 0x00000006u);
 554              		.loc 1 387 0
 555 01e6 1B4B     		ldr	r3, .L16+88
 556 01e8 0622     		mov	r2, #6
 557 01ea 1A60     		str	r2, [r3]
 388:.\Generated_Source\PSoC4/cyfitter_cfg.c **** 
 389:.\Generated_Source\PSoC4/cyfitter_cfg.c **** 	/* Setup clocks based on selections from Clock DWR */
 390:.\Generated_Source\PSoC4/cyfitter_cfg.c **** 	ClockSetup();
 558              		.loc 1 390 0
 559 01ec FFF708FF 		bl	ClockSetup
 391:.\Generated_Source\PSoC4/cyfitter_cfg.c **** 
 392:.\Generated_Source\PSoC4/cyfitter_cfg.c **** 	/* Perform basic analog initialization to defaults */
 393:.\Generated_Source\PSoC4/cyfitter_cfg.c **** 	AnalogSetDefault();
 560              		.loc 1 393 0
 561 01f0 FFF7FEFF 		bl	AnalogSetDefault
 394:.\Generated_Source\PSoC4/cyfitter_cfg.c **** 
 395:.\Generated_Source\PSoC4/cyfitter_cfg.c **** }
 562              		.loc 1 395 0
 563 01f4 BD46     		mov	sp, r7
 564 01f6 02B0     		add	sp, sp, #8
 565              		@ sp needed
 566 01f8 80BD     		pop	{r7, pc}
 567              	.L17:
 568 01fa C046     		.align	2
 569              	.L16:
ARM GAS  C:\Users\mitchell\AppData\Local\Temp\ccz8HlWd.s 			page 18


 570 01fc 00000000 		.word	cfg_memset_list.4740
 571 0200 0C000000 		.word	cy_cfg_addr_table.4734
 572 0204 28000000 		.word	cy_cfg_data_table.4735
 573 0208 00000140 		.word	1073807360
 574 020c 04000140 		.word	1073807364
 575 0210 0C000140 		.word	1073807372
 576 0214 10000140 		.word	1073807376
 577 0218 00500F40 		.word	1074745344
 578 021c 08500F40 		.word	1074745352
 579 0220 10500F40 		.word	1074745360
 580 0224 30500F40 		.word	1074745392
 581 0228 38500F40 		.word	1074745400
 582 022c 00700F40 		.word	1074753536
 583 0230 01700F40 		.word	1074753537
 584 0234 00000440 		.word	1074003968
 585 0238 08000440 		.word	1074003976
 586 023c 00010440 		.word	1074004224
 587 0240 08010440 		.word	1074004232
 588 0244 18010440 		.word	1074004248
 589 0248 08030440 		.word	1074004744
 590 024c 00040440 		.word	1074004992
 591 0250 08040440 		.word	1074005000
 592 0254 18040440 		.word	1074005016
 593              		.cfi_endproc
 594              	.LFE6:
 595              		.size	cyfitter_cfg, .-cyfitter_cfg
 596              		.section	.rodata
 597              		.align	2
 598              		.type	cfg_memset_list.4740, %object
 599              		.size	cfg_memset_list.4740, 12
 600              	cfg_memset_list.4740:
 601 0000 00300F40 		.word	1074737152
 602 0004 0004     		.short	1024
 603 0006 00400F40 		.4byte	1074741248
 604 000a 0004     		.short	1024
 605              		.align	2
 606              		.type	cy_cfg_addr_table.4734, %object
 607              		.size	cy_cfg_addr_table.4734, 28
 608              	cy_cfg_addr_table.4734:
 609 000c 04300F40 		.word	1074737156
 610 0010 01310F40 		.word	1074737409
 611 0014 02330F40 		.word	1074737922
 612 0018 04400F40 		.word	1074741252
 613 001c 08410F40 		.word	1074741512
 614 0020 02420F40 		.word	1074741762
 615 0024 0E430F40 		.word	1074742030
 616              		.align	2
 617              		.type	cy_cfg_data_table.4735, %object
 618              		.size	cy_cfg_data_table.4735, 70
 619              	cy_cfg_data_table.4735:
 620 0028 38       		.byte	56
 621 0029 80       		.byte	-128
 622 002a 3E       		.byte	62
 623 002b 40       		.byte	64
 624 002c 58       		.byte	88
 625 002d 04       		.byte	4
 626 002e 5F       		.byte	95
ARM GAS  C:\Users\mitchell\AppData\Local\Temp\ccz8HlWd.s 			page 19


 627 002f 01       		.byte	1
 628 0030 18       		.byte	24
 629 0031 01       		.byte	1
 630 0032 B4       		.byte	-76
 631 0033 01       		.byte	1
 632 0034 E6       		.byte	-26
 633 0035 29       		.byte	41
 634 0036 56       		.byte	86
 635 0037 80       		.byte	-128
 636 0038 5C       		.byte	92
 637 0039 10       		.byte	16
 638 003a D4       		.byte	-44
 639 003b 40       		.byte	64
 640 003c D6       		.byte	-42
 641 003d 20       		.byte	32
 642 003e 63       		.byte	99
 643 003f 02       		.byte	2
 644 0040 80       		.byte	-128
 645 0041 10       		.byte	16
 646 0042 87       		.byte	-121
 647 0043 01       		.byte	1
 648 0044 8A       		.byte	-118
 649 0045 80       		.byte	-128
 650 0046 94       		.byte	-108
 651 0047 10       		.byte	16
 652 0048 9E       		.byte	-98
 653 0049 80       		.byte	-128
 654 004a D6       		.byte	-42
 655 004b 40       		.byte	64
 656 004c E6       		.byte	-26
 657 004d 90       		.byte	-112
 658 004e 6C       		.byte	108
 659 004f 40       		.byte	64
 660 0050 DC       		.byte	-36
 661 0051 02       		.byte	2
 662 0052 19       		.byte	25
 663 0053 04       		.byte	4
 664 0054 1A       		.byte	26
 665 0055 08       		.byte	8
 666 0056 1C       		.byte	28
 667 0057 80       		.byte	-128
 668 0058 61       		.byte	97
 669 0059 02       		.byte	2
 670 005a 81       		.byte	-127
 671 005b 04       		.byte	4
 672 005c 86       		.byte	-122
 673 005d 04       		.byte	4
 674 005e 88       		.byte	-120
 675 005f 40       		.byte	64
 676 0060 A1       		.byte	-95
 677 0061 02       		.byte	2
 678 0062 B4       		.byte	-76
 679 0063 40       		.byte	64
 680 0064 B5       		.byte	-75
 681 0065 02       		.byte	2
 682 0066 C6       		.byte	-58
 683 0067 0E       		.byte	14
ARM GAS  C:\Users\mitchell\AppData\Local\Temp\ccz8HlWd.s 			page 20


 684 0068 D8       		.byte	-40
 685 0069 02       		.byte	2
 686 006a E6       		.byte	-26
 687 006b 04       		.byte	4
 688 006c EC       		.byte	-20
 689 006d 08       		.byte	8
 690 006e 0000     		.text
 691              	.Letext0:
 692              		.file 2 "c:\\program files (x86)\\cypress\\psoc creator\\3.2\\psoc creator\\import\\gnu\\arm\\4.8.
 693              		.file 3 ".\\Generated_Source\\PSoC4\\cytypes.h"
 694              		.section	.debug_info,"",%progbits
 695              	.Ldebug_info0:
 696 0000 4F030000 		.4byte	0x34f
 697 0004 0400     		.2byte	0x4
 698 0006 00000000 		.4byte	.Ldebug_abbrev0
 699 000a 04       		.byte	0x4
 700 000b 01       		.uleb128 0x1
 701 000c 5F000000 		.4byte	.LASF39
 702 0010 01       		.byte	0x1
 703 0011 2E020000 		.4byte	.LASF40
 704 0015 50010000 		.4byte	.LASF41
 705 0019 00000000 		.4byte	.Ldebug_ranges0+0
 706 001d 00000000 		.4byte	0
 707 0021 00000000 		.4byte	.Ldebug_line0
 708 0025 02       		.uleb128 0x2
 709 0026 04       		.byte	0x4
 710 0027 05       		.byte	0x5
 711 0028 696E7400 		.ascii	"int\000"
 712 002c 03       		.uleb128 0x3
 713 002d 06000000 		.4byte	.LASF11
 714 0031 02       		.byte	0x2
 715 0032 D4       		.byte	0xd4
 716 0033 37000000 		.4byte	0x37
 717 0037 04       		.uleb128 0x4
 718 0038 04       		.byte	0x4
 719 0039 07       		.byte	0x7
 720 003a E3010000 		.4byte	.LASF0
 721 003e 04       		.uleb128 0x4
 722 003f 01       		.byte	0x1
 723 0040 06       		.byte	0x6
 724 0041 96020000 		.4byte	.LASF1
 725 0045 04       		.uleb128 0x4
 726 0046 01       		.byte	0x1
 727 0047 08       		.byte	0x8
 728 0048 1C010000 		.4byte	.LASF2
 729 004c 04       		.uleb128 0x4
 730 004d 02       		.byte	0x2
 731 004e 05       		.byte	0x5
 732 004f 83020000 		.4byte	.LASF3
 733 0053 04       		.uleb128 0x4
 734 0054 02       		.byte	0x2
 735 0055 07       		.byte	0x7
 736 0056 A2020000 		.4byte	.LASF4
 737 005a 04       		.uleb128 0x4
 738 005b 04       		.byte	0x4
 739 005c 05       		.byte	0x5
 740 005d 8D020000 		.4byte	.LASF5
ARM GAS  C:\Users\mitchell\AppData\Local\Temp\ccz8HlWd.s 			page 21


 741 0061 04       		.uleb128 0x4
 742 0062 04       		.byte	0x4
 743 0063 07       		.byte	0x7
 744 0064 FA000000 		.4byte	.LASF6
 745 0068 04       		.uleb128 0x4
 746 0069 08       		.byte	0x8
 747 006a 05       		.byte	0x5
 748 006b 56020000 		.4byte	.LASF7
 749 006f 04       		.uleb128 0x4
 750 0070 08       		.byte	0x8
 751 0071 07       		.byte	0x7
 752 0072 F8010000 		.4byte	.LASF8
 753 0076 04       		.uleb128 0x4
 754 0077 04       		.byte	0x4
 755 0078 07       		.byte	0x7
 756 0079 25020000 		.4byte	.LASF9
 757 007d 05       		.uleb128 0x5
 758 007e 04       		.byte	0x4
 759 007f 04       		.uleb128 0x4
 760 0080 01       		.byte	0x1
 761 0081 08       		.byte	0x8
 762 0082 64020000 		.4byte	.LASF10
 763 0086 03       		.uleb128 0x3
 764 0087 0C010000 		.4byte	.LASF12
 765 008b 03       		.byte	0x3
 766 008c C1       		.byte	0xc1
 767 008d 45000000 		.4byte	0x45
 768 0091 03       		.uleb128 0x3
 769 0092 CA010000 		.4byte	.LASF13
 770 0096 03       		.byte	0x3
 771 0097 C2       		.byte	0xc2
 772 0098 53000000 		.4byte	0x53
 773 009c 03       		.uleb128 0x3
 774 009d DC010000 		.4byte	.LASF14
 775 00a1 03       		.byte	0x3
 776 00a2 C3       		.byte	0xc3
 777 00a3 61000000 		.4byte	0x61
 778 00a7 04       		.uleb128 0x4
 779 00a8 04       		.byte	0x4
 780 00a9 04       		.byte	0x4
 781 00aa 59000000 		.4byte	.LASF15
 782 00ae 04       		.uleb128 0x4
 783 00af 08       		.byte	0x8
 784 00b0 04       		.byte	0x4
 785 00b1 2A010000 		.4byte	.LASF16
 786 00b5 06       		.uleb128 0x6
 787 00b6 F5000000 		.4byte	.LASF17
 788 00ba 03       		.byte	0x3
 789 00bb 6B01     		.2byte	0x16b
 790 00bd C1000000 		.4byte	0xc1
 791 00c1 07       		.uleb128 0x7
 792 00c2 86000000 		.4byte	0x86
 793 00c6 06       		.uleb128 0x6
 794 00c7 00000000 		.4byte	.LASF18
 795 00cb 03       		.byte	0x3
 796 00cc 6D01     		.2byte	0x16d
 797 00ce D2000000 		.4byte	0xd2
ARM GAS  C:\Users\mitchell\AppData\Local\Temp\ccz8HlWd.s 			page 22


 798 00d2 07       		.uleb128 0x7
 799 00d3 9C000000 		.4byte	0x9c
 800 00d7 08       		.uleb128 0x8
 801 00d8 02       		.byte	0x2
 802 00d9 01       		.byte	0x1
 803 00da 7C       		.byte	0x7c
 804 00db F8000000 		.4byte	0xf8
 805 00df 09       		.uleb128 0x9
 806 00e0 7C020000 		.4byte	.LASF19
 807 00e4 01       		.byte	0x1
 808 00e5 7E       		.byte	0x7e
 809 00e6 86000000 		.4byte	0x86
 810 00ea 00       		.byte	0
 811 00eb 09       		.uleb128 0x9
 812 00ec 1E000000 		.4byte	.LASF20
 813 00f0 01       		.byte	0x1
 814 00f1 7F       		.byte	0x7f
 815 00f2 86000000 		.4byte	0x86
 816 00f6 01       		.byte	0x1
 817 00f7 00       		.byte	0
 818 00f8 03       		.uleb128 0x3
 819 00f9 69020000 		.4byte	.LASF21
 820 00fd 01       		.byte	0x1
 821 00fe 80       		.byte	0x80
 822 00ff D7000000 		.4byte	0xd7
 823 0103 0A       		.uleb128 0xa
 824 0104 12010000 		.4byte	.LASF22
 825 0108 01       		.byte	0x1
 826 0109 3A       		.byte	0x3a
 827 010a 00000000 		.4byte	.LFB0
 828 010e 1E000000 		.4byte	.LFE0-.LFB0
 829 0112 01       		.uleb128 0x1
 830 0113 9C       		.byte	0x9c
 831 0114 31010000 		.4byte	0x131
 832 0118 0B       		.uleb128 0xb
 833 0119 7300     		.ascii	"s\000"
 834 011b 01       		.byte	0x1
 835 011c 3A       		.byte	0x3a
 836 011d 7D000000 		.4byte	0x7d
 837 0121 02       		.uleb128 0x2
 838 0122 91       		.byte	0x91
 839 0123 74       		.sleb128 -12
 840 0124 0B       		.uleb128 0xb
 841 0125 6E00     		.ascii	"n\000"
 842 0127 01       		.byte	0x1
 843 0128 3A       		.byte	0x3a
 844 0129 2C000000 		.4byte	0x2c
 845 012d 02       		.uleb128 0x2
 846 012e 91       		.byte	0x91
 847 012f 70       		.sleb128 -16
 848 0130 00       		.byte	0
 849 0131 0A       		.uleb128 0xa
 850 0132 C5020000 		.4byte	.LASF23
 851 0136 01       		.byte	0x1
 852 0137 41       		.byte	0x41
 853 0138 00000000 		.4byte	.LFB1
 854 013c 22000000 		.4byte	.LFE1-.LFB1
ARM GAS  C:\Users\mitchell\AppData\Local\Temp\ccz8HlWd.s 			page 23


 855 0140 01       		.uleb128 0x1
 856 0141 9C       		.byte	0x9c
 857 0142 6F010000 		.4byte	0x16f
 858 0146 0C       		.uleb128 0xc
 859 0147 DB000000 		.4byte	.LASF24
 860 014b 01       		.byte	0x1
 861 014c 41       		.byte	0x41
 862 014d 7D000000 		.4byte	0x7d
 863 0151 02       		.uleb128 0x2
 864 0152 91       		.byte	0x91
 865 0153 74       		.sleb128 -12
 866 0154 0B       		.uleb128 0xb
 867 0155 73726300 		.ascii	"src\000"
 868 0159 01       		.byte	0x1
 869 015a 41       		.byte	0x41
 870 015b 6F010000 		.4byte	0x16f
 871 015f 02       		.uleb128 0x2
 872 0160 91       		.byte	0x91
 873 0161 70       		.sleb128 -16
 874 0162 0B       		.uleb128 0xb
 875 0163 6E00     		.ascii	"n\000"
 876 0165 01       		.byte	0x1
 877 0166 41       		.byte	0x41
 878 0167 2C000000 		.4byte	0x2c
 879 016b 02       		.uleb128 0x2
 880 016c 91       		.byte	0x91
 881 016d 6C       		.sleb128 -20
 882 016e 00       		.byte	0
 883 016f 0D       		.uleb128 0xd
 884 0170 04       		.byte	0x4
 885 0171 75010000 		.4byte	0x175
 886 0175 0E       		.uleb128 0xe
 887 0176 0A       		.uleb128 0xa
 888 0177 B5020000 		.4byte	.LASF25
 889 017b 01       		.byte	0x1
 890 017c 48       		.byte	0x48
 891 017d 00000000 		.4byte	.LFB2
 892 0181 22000000 		.4byte	.LFE2-.LFB2
 893 0185 01       		.uleb128 0x1
 894 0186 9C       		.byte	0x9c
 895 0187 B4010000 		.4byte	0x1b4
 896 018b 0C       		.uleb128 0xc
 897 018c DB000000 		.4byte	.LASF24
 898 0190 01       		.byte	0x1
 899 0191 48       		.byte	0x48
 900 0192 7D000000 		.4byte	0x7d
 901 0196 02       		.uleb128 0x2
 902 0197 91       		.byte	0x91
 903 0198 74       		.sleb128 -12
 904 0199 0B       		.uleb128 0xb
 905 019a 73726300 		.ascii	"src\000"
 906 019e 01       		.byte	0x1
 907 019f 48       		.byte	0x48
 908 01a0 6F010000 		.4byte	0x16f
 909 01a4 02       		.uleb128 0x2
 910 01a5 91       		.byte	0x91
 911 01a6 70       		.sleb128 -16
ARM GAS  C:\Users\mitchell\AppData\Local\Temp\ccz8HlWd.s 			page 24


 912 01a7 0B       		.uleb128 0xb
 913 01a8 6E00     		.ascii	"n\000"
 914 01aa 01       		.byte	0x1
 915 01ab 48       		.byte	0x48
 916 01ac 2C000000 		.4byte	0x2c
 917 01b0 02       		.uleb128 0x2
 918 01b1 91       		.byte	0x91
 919 01b2 6C       		.sleb128 -20
 920 01b3 00       		.byte	0
 921 01b4 0F       		.uleb128 0xf
 922 01b5 31010000 		.4byte	.LASF26
 923 01b9 01       		.byte	0x1
 924 01ba 93       		.byte	0x93
 925 01bb 00000000 		.4byte	.LFB3
 926 01bf 7E000000 		.4byte	.LFE3-.LFB3
 927 01c3 01       		.uleb128 0x1
 928 01c4 9C       		.byte	0x9c
 929 01c5 24020000 		.4byte	0x224
 930 01c9 0C       		.uleb128 0xc
 931 01ca BF010000 		.4byte	.LASF27
 932 01ce 01       		.byte	0x1
 933 01cf 93       		.byte	0x93
 934 01d0 24020000 		.4byte	0x224
 935 01d4 02       		.uleb128 0x2
 936 01d5 91       		.byte	0x91
 937 01d6 64       		.sleb128 -28
 938 01d7 0C       		.uleb128 0xc
 939 01d8 D1010000 		.4byte	.LASF28
 940 01dc 01       		.byte	0x1
 941 01dd 93       		.byte	0x93
 942 01de 2F020000 		.4byte	0x22f
 943 01e2 02       		.uleb128 0x2
 944 01e3 91       		.byte	0x91
 945 01e4 60       		.sleb128 -32
 946 01e5 10       		.uleb128 0x10
 947 01e6 6900     		.ascii	"i\000"
 948 01e8 01       		.byte	0x1
 949 01e9 96       		.byte	0x96
 950 01ea 9C000000 		.4byte	0x9c
 951 01ee 02       		.uleb128 0x2
 952 01ef 91       		.byte	0x91
 953 01f0 74       		.sleb128 -12
 954 01f1 10       		.uleb128 0x10
 955 01f2 6A00     		.ascii	"j\000"
 956 01f4 01       		.byte	0x1
 957 01f5 96       		.byte	0x96
 958 01f6 9C000000 		.4byte	0x9c
 959 01fa 02       		.uleb128 0x2
 960 01fb 91       		.byte	0x91
 961 01fc 70       		.sleb128 -16
 962 01fd 11       		.uleb128 0x11
 963 01fe 14000000 		.4byte	.LBB2
 964 0202 58000000 		.4byte	.LBE2-.LBB2
 965 0206 12       		.uleb128 0x12
 966 0207 1C020000 		.4byte	.LASF29
 967 020b 01       		.byte	0x1
 968 020c 99       		.byte	0x99
ARM GAS  C:\Users\mitchell\AppData\Local\Temp\ccz8HlWd.s 			page 25


 969 020d 9C000000 		.4byte	0x9c
 970 0211 02       		.uleb128 0x2
 971 0212 91       		.byte	0x91
 972 0213 68       		.sleb128 -24
 973 0214 12       		.uleb128 0x12
 974 0215 24000000 		.4byte	.LASF30
 975 0219 01       		.byte	0x1
 976 021a 9A       		.byte	0x9a
 977 021b 86000000 		.4byte	0x86
 978 021f 02       		.uleb128 0x2
 979 0220 91       		.byte	0x91
 980 0221 6F       		.sleb128 -17
 981 0222 00       		.byte	0
 982 0223 00       		.byte	0
 983 0224 0D       		.uleb128 0xd
 984 0225 04       		.byte	0x4
 985 0226 2A020000 		.4byte	0x22a
 986 022a 13       		.uleb128 0x13
 987 022b 9C000000 		.4byte	0x9c
 988 022f 0D       		.uleb128 0xd
 989 0230 04       		.byte	0x4
 990 0231 35020000 		.4byte	0x235
 991 0235 13       		.uleb128 0x13
 992 0236 F8000000 		.4byte	0xf8
 993 023a 14       		.uleb128 0x14
 994 023b 2A000000 		.4byte	.LASF31
 995 023f 01       		.byte	0x1
 996 0240 B8       		.byte	0xb8
 997 0241 00000000 		.4byte	.LFB4
 998 0245 C8000000 		.4byte	.LFE4-.LFB4
 999 0249 01       		.uleb128 0x1
 1000 024a 9C       		.byte	0x9c
 1001 024b 15       		.uleb128 0x15
 1002 024c 0D000000 		.4byte	.LASF32
 1003 0250 01       		.byte	0x1
 1004 0251 F4       		.byte	0xf4
 1005 0252 00000000 		.4byte	.LFB5
 1006 0256 08000000 		.4byte	.LFE5-.LFB5
 1007 025a 01       		.uleb128 0x1
 1008 025b 9C       		.byte	0x9c
 1009 025c 16       		.uleb128 0x16
 1010 025d 43010000 		.4byte	.LASF42
 1011 0261 01       		.byte	0x1
 1012 0262 0C01     		.2byte	0x10c
 1013 0264 C8000000 		.4byte	.LFB6
 1014 0268 90010000 		.4byte	.LFE6-.LFB6
 1015 026c 01       		.uleb128 0x1
 1016 026d 9C       		.byte	0x9c
 1017 026e 28030000 		.4byte	0x328
 1018 0272 11       		.uleb128 0x11
 1019 0273 D0000000 		.4byte	.LBB3
 1020 0277 E0000000 		.4byte	.LBE3-.LBB3
 1021 027b 17       		.uleb128 0x17
 1022 027c 35000000 		.4byte	.LASF33
 1023 0280 01       		.byte	0x1
 1024 0281 1201     		.2byte	0x112
 1025 0283 38030000 		.4byte	0x338
ARM GAS  C:\Users\mitchell\AppData\Local\Temp\ccz8HlWd.s 			page 26


 1026 0287 05       		.uleb128 0x5
 1027 0288 03       		.byte	0x3
 1028 0289 0C000000 		.4byte	cy_cfg_addr_table.4734
 1029 028d 17       		.uleb128 0x17
 1030 028e 47000000 		.4byte	.LASF34
 1031 0292 01       		.byte	0x1
 1032 0293 1C01     		.2byte	0x11c
 1033 0295 4D030000 		.4byte	0x34d
 1034 0299 05       		.uleb128 0x5
 1035 029a 03       		.byte	0x3
 1036 029b 28000000 		.4byte	cy_cfg_data_table.4735
 1037 029f 18       		.uleb128 0x18
 1038 02a0 06       		.byte	0x6
 1039 02a1 01       		.byte	0x1
 1040 02a2 4401     		.2byte	0x144
 1041 02a4 C3020000 		.4byte	0x2c3
 1042 02a8 19       		.uleb128 0x19
 1043 02a9 F0010000 		.4byte	.LASF35
 1044 02ad 01       		.byte	0x1
 1045 02ae 4501     		.2byte	0x145
 1046 02b0 7D000000 		.4byte	0x7d
 1047 02b4 00       		.byte	0
 1048 02b5 19       		.uleb128 0x19
 1049 02b6 F0000000 		.4byte	.LASF36
 1050 02ba 01       		.byte	0x1
 1051 02bb 4601     		.2byte	0x146
 1052 02bd 91000000 		.4byte	0x91
 1053 02c1 04       		.byte	0x4
 1054 02c2 00       		.byte	0
 1055 02c3 06       		.uleb128 0x6
 1056 02c4 0F020000 		.4byte	.LASF37
 1057 02c8 01       		.byte	0x1
 1058 02c9 4701     		.2byte	0x147
 1059 02cb 9F020000 		.4byte	0x29f
 1060 02cf 1A       		.uleb128 0x1a
 1061 02d0 C3020000 		.4byte	0x2c3
 1062 02d4 DF020000 		.4byte	0x2df
 1063 02d8 1B       		.uleb128 0x1b
 1064 02d9 76000000 		.4byte	0x76
 1065 02dd 01       		.byte	0x1
 1066 02de 00       		.byte	0
 1067 02df 17       		.uleb128 0x17
 1068 02e0 E0000000 		.4byte	.LASF38
 1069 02e4 01       		.byte	0x1
 1070 02e5 4901     		.2byte	0x149
 1071 02e7 F1020000 		.4byte	0x2f1
 1072 02eb 05       		.uleb128 0x5
 1073 02ec 03       		.byte	0x3
 1074 02ed 00000000 		.4byte	cfg_memset_list.4740
 1075 02f1 13       		.uleb128 0x13
 1076 02f2 CF020000 		.4byte	0x2cf
 1077 02f6 1C       		.uleb128 0x1c
 1078 02f7 6900     		.ascii	"i\000"
 1079 02f9 01       		.byte	0x1
 1080 02fa 4F01     		.2byte	0x14f
 1081 02fc 86000000 		.4byte	0x86
 1082 0300 02       		.uleb128 0x2
ARM GAS  C:\Users\mitchell\AppData\Local\Temp\ccz8HlWd.s 			page 27


 1083 0301 91       		.byte	0x91
 1084 0302 77       		.sleb128 -9
 1085 0303 11       		.uleb128 0x11
 1086 0304 D8000000 		.4byte	.LBB4
 1087 0308 3E000000 		.4byte	.LBE4-.LBB4
 1088 030c 1C       		.uleb128 0x1c
 1089 030d 6D7300   		.ascii	"ms\000"
 1090 0310 01       		.byte	0x1
 1091 0311 5401     		.2byte	0x154
 1092 0313 1A030000 		.4byte	0x31a
 1093 0317 02       		.uleb128 0x2
 1094 0318 91       		.byte	0x91
 1095 0319 70       		.sleb128 -16
 1096 031a 0D       		.uleb128 0xd
 1097 031b 04       		.byte	0x4
 1098 031c 20030000 		.4byte	0x320
 1099 0320 13       		.uleb128 0x13
 1100 0321 C3020000 		.4byte	0x2c3
 1101 0325 00       		.byte	0
 1102 0326 00       		.byte	0
 1103 0327 00       		.byte	0
 1104 0328 1A       		.uleb128 0x1a
 1105 0329 9C000000 		.4byte	0x9c
 1106 032d 38030000 		.4byte	0x338
 1107 0331 1B       		.uleb128 0x1b
 1108 0332 76000000 		.4byte	0x76
 1109 0336 06       		.byte	0x6
 1110 0337 00       		.byte	0
 1111 0338 13       		.uleb128 0x13
 1112 0339 28030000 		.4byte	0x328
 1113 033d 1A       		.uleb128 0x1a
 1114 033e F8000000 		.4byte	0xf8
 1115 0342 4D030000 		.4byte	0x34d
 1116 0346 1B       		.uleb128 0x1b
 1117 0347 76000000 		.4byte	0x76
 1118 034b 22       		.byte	0x22
 1119 034c 00       		.byte	0
 1120 034d 13       		.uleb128 0x13
 1121 034e 3D030000 		.4byte	0x33d
 1122 0352 00       		.byte	0
 1123              		.section	.debug_abbrev,"",%progbits
 1124              	.Ldebug_abbrev0:
 1125 0000 01       		.uleb128 0x1
 1126 0001 11       		.uleb128 0x11
 1127 0002 01       		.byte	0x1
 1128 0003 25       		.uleb128 0x25
 1129 0004 0E       		.uleb128 0xe
 1130 0005 13       		.uleb128 0x13
 1131 0006 0B       		.uleb128 0xb
 1132 0007 03       		.uleb128 0x3
 1133 0008 0E       		.uleb128 0xe
 1134 0009 1B       		.uleb128 0x1b
 1135 000a 0E       		.uleb128 0xe
 1136 000b 55       		.uleb128 0x55
 1137 000c 17       		.uleb128 0x17
 1138 000d 11       		.uleb128 0x11
 1139 000e 01       		.uleb128 0x1
ARM GAS  C:\Users\mitchell\AppData\Local\Temp\ccz8HlWd.s 			page 28


 1140 000f 10       		.uleb128 0x10
 1141 0010 17       		.uleb128 0x17
 1142 0011 00       		.byte	0
 1143 0012 00       		.byte	0
 1144 0013 02       		.uleb128 0x2
 1145 0014 24       		.uleb128 0x24
 1146 0015 00       		.byte	0
 1147 0016 0B       		.uleb128 0xb
 1148 0017 0B       		.uleb128 0xb
 1149 0018 3E       		.uleb128 0x3e
 1150 0019 0B       		.uleb128 0xb
 1151 001a 03       		.uleb128 0x3
 1152 001b 08       		.uleb128 0x8
 1153 001c 00       		.byte	0
 1154 001d 00       		.byte	0
 1155 001e 03       		.uleb128 0x3
 1156 001f 16       		.uleb128 0x16
 1157 0020 00       		.byte	0
 1158 0021 03       		.uleb128 0x3
 1159 0022 0E       		.uleb128 0xe
 1160 0023 3A       		.uleb128 0x3a
 1161 0024 0B       		.uleb128 0xb
 1162 0025 3B       		.uleb128 0x3b
 1163 0026 0B       		.uleb128 0xb
 1164 0027 49       		.uleb128 0x49
 1165 0028 13       		.uleb128 0x13
 1166 0029 00       		.byte	0
 1167 002a 00       		.byte	0
 1168 002b 04       		.uleb128 0x4
 1169 002c 24       		.uleb128 0x24
 1170 002d 00       		.byte	0
 1171 002e 0B       		.uleb128 0xb
 1172 002f 0B       		.uleb128 0xb
 1173 0030 3E       		.uleb128 0x3e
 1174 0031 0B       		.uleb128 0xb
 1175 0032 03       		.uleb128 0x3
 1176 0033 0E       		.uleb128 0xe
 1177 0034 00       		.byte	0
 1178 0035 00       		.byte	0
 1179 0036 05       		.uleb128 0x5
 1180 0037 0F       		.uleb128 0xf
 1181 0038 00       		.byte	0
 1182 0039 0B       		.uleb128 0xb
 1183 003a 0B       		.uleb128 0xb
 1184 003b 00       		.byte	0
 1185 003c 00       		.byte	0
 1186 003d 06       		.uleb128 0x6
 1187 003e 16       		.uleb128 0x16
 1188 003f 00       		.byte	0
 1189 0040 03       		.uleb128 0x3
 1190 0041 0E       		.uleb128 0xe
 1191 0042 3A       		.uleb128 0x3a
 1192 0043 0B       		.uleb128 0xb
 1193 0044 3B       		.uleb128 0x3b
 1194 0045 05       		.uleb128 0x5
 1195 0046 49       		.uleb128 0x49
 1196 0047 13       		.uleb128 0x13
ARM GAS  C:\Users\mitchell\AppData\Local\Temp\ccz8HlWd.s 			page 29


 1197 0048 00       		.byte	0
 1198 0049 00       		.byte	0
 1199 004a 07       		.uleb128 0x7
 1200 004b 35       		.uleb128 0x35
 1201 004c 00       		.byte	0
 1202 004d 49       		.uleb128 0x49
 1203 004e 13       		.uleb128 0x13
 1204 004f 00       		.byte	0
 1205 0050 00       		.byte	0
 1206 0051 08       		.uleb128 0x8
 1207 0052 13       		.uleb128 0x13
 1208 0053 01       		.byte	0x1
 1209 0054 0B       		.uleb128 0xb
 1210 0055 0B       		.uleb128 0xb
 1211 0056 3A       		.uleb128 0x3a
 1212 0057 0B       		.uleb128 0xb
 1213 0058 3B       		.uleb128 0x3b
 1214 0059 0B       		.uleb128 0xb
 1215 005a 01       		.uleb128 0x1
 1216 005b 13       		.uleb128 0x13
 1217 005c 00       		.byte	0
 1218 005d 00       		.byte	0
 1219 005e 09       		.uleb128 0x9
 1220 005f 0D       		.uleb128 0xd
 1221 0060 00       		.byte	0
 1222 0061 03       		.uleb128 0x3
 1223 0062 0E       		.uleb128 0xe
 1224 0063 3A       		.uleb128 0x3a
 1225 0064 0B       		.uleb128 0xb
 1226 0065 3B       		.uleb128 0x3b
 1227 0066 0B       		.uleb128 0xb
 1228 0067 49       		.uleb128 0x49
 1229 0068 13       		.uleb128 0x13
 1230 0069 38       		.uleb128 0x38
 1231 006a 0B       		.uleb128 0xb
 1232 006b 00       		.byte	0
 1233 006c 00       		.byte	0
 1234 006d 0A       		.uleb128 0xa
 1235 006e 2E       		.uleb128 0x2e
 1236 006f 01       		.byte	0x1
 1237 0070 03       		.uleb128 0x3
 1238 0071 0E       		.uleb128 0xe
 1239 0072 3A       		.uleb128 0x3a
 1240 0073 0B       		.uleb128 0xb
 1241 0074 3B       		.uleb128 0x3b
 1242 0075 0B       		.uleb128 0xb
 1243 0076 27       		.uleb128 0x27
 1244 0077 19       		.uleb128 0x19
 1245 0078 11       		.uleb128 0x11
 1246 0079 01       		.uleb128 0x1
 1247 007a 12       		.uleb128 0x12
 1248 007b 06       		.uleb128 0x6
 1249 007c 40       		.uleb128 0x40
 1250 007d 18       		.uleb128 0x18
 1251 007e 9642     		.uleb128 0x2116
 1252 0080 19       		.uleb128 0x19
 1253 0081 01       		.uleb128 0x1
ARM GAS  C:\Users\mitchell\AppData\Local\Temp\ccz8HlWd.s 			page 30


 1254 0082 13       		.uleb128 0x13
 1255 0083 00       		.byte	0
 1256 0084 00       		.byte	0
 1257 0085 0B       		.uleb128 0xb
 1258 0086 05       		.uleb128 0x5
 1259 0087 00       		.byte	0
 1260 0088 03       		.uleb128 0x3
 1261 0089 08       		.uleb128 0x8
 1262 008a 3A       		.uleb128 0x3a
 1263 008b 0B       		.uleb128 0xb
 1264 008c 3B       		.uleb128 0x3b
 1265 008d 0B       		.uleb128 0xb
 1266 008e 49       		.uleb128 0x49
 1267 008f 13       		.uleb128 0x13
 1268 0090 02       		.uleb128 0x2
 1269 0091 18       		.uleb128 0x18
 1270 0092 00       		.byte	0
 1271 0093 00       		.byte	0
 1272 0094 0C       		.uleb128 0xc
 1273 0095 05       		.uleb128 0x5
 1274 0096 00       		.byte	0
 1275 0097 03       		.uleb128 0x3
 1276 0098 0E       		.uleb128 0xe
 1277 0099 3A       		.uleb128 0x3a
 1278 009a 0B       		.uleb128 0xb
 1279 009b 3B       		.uleb128 0x3b
 1280 009c 0B       		.uleb128 0xb
 1281 009d 49       		.uleb128 0x49
 1282 009e 13       		.uleb128 0x13
 1283 009f 02       		.uleb128 0x2
 1284 00a0 18       		.uleb128 0x18
 1285 00a1 00       		.byte	0
 1286 00a2 00       		.byte	0
 1287 00a3 0D       		.uleb128 0xd
 1288 00a4 0F       		.uleb128 0xf
 1289 00a5 00       		.byte	0
 1290 00a6 0B       		.uleb128 0xb
 1291 00a7 0B       		.uleb128 0xb
 1292 00a8 49       		.uleb128 0x49
 1293 00a9 13       		.uleb128 0x13
 1294 00aa 00       		.byte	0
 1295 00ab 00       		.byte	0
 1296 00ac 0E       		.uleb128 0xe
 1297 00ad 26       		.uleb128 0x26
 1298 00ae 00       		.byte	0
 1299 00af 00       		.byte	0
 1300 00b0 00       		.byte	0
 1301 00b1 0F       		.uleb128 0xf
 1302 00b2 2E       		.uleb128 0x2e
 1303 00b3 01       		.byte	0x1
 1304 00b4 03       		.uleb128 0x3
 1305 00b5 0E       		.uleb128 0xe
 1306 00b6 3A       		.uleb128 0x3a
 1307 00b7 0B       		.uleb128 0xb
 1308 00b8 3B       		.uleb128 0x3b
 1309 00b9 0B       		.uleb128 0xb
 1310 00ba 27       		.uleb128 0x27
ARM GAS  C:\Users\mitchell\AppData\Local\Temp\ccz8HlWd.s 			page 31


 1311 00bb 19       		.uleb128 0x19
 1312 00bc 11       		.uleb128 0x11
 1313 00bd 01       		.uleb128 0x1
 1314 00be 12       		.uleb128 0x12
 1315 00bf 06       		.uleb128 0x6
 1316 00c0 40       		.uleb128 0x40
 1317 00c1 18       		.uleb128 0x18
 1318 00c2 9742     		.uleb128 0x2117
 1319 00c4 19       		.uleb128 0x19
 1320 00c5 01       		.uleb128 0x1
 1321 00c6 13       		.uleb128 0x13
 1322 00c7 00       		.byte	0
 1323 00c8 00       		.byte	0
 1324 00c9 10       		.uleb128 0x10
 1325 00ca 34       		.uleb128 0x34
 1326 00cb 00       		.byte	0
 1327 00cc 03       		.uleb128 0x3
 1328 00cd 08       		.uleb128 0x8
 1329 00ce 3A       		.uleb128 0x3a
 1330 00cf 0B       		.uleb128 0xb
 1331 00d0 3B       		.uleb128 0x3b
 1332 00d1 0B       		.uleb128 0xb
 1333 00d2 49       		.uleb128 0x49
 1334 00d3 13       		.uleb128 0x13
 1335 00d4 02       		.uleb128 0x2
 1336 00d5 18       		.uleb128 0x18
 1337 00d6 00       		.byte	0
 1338 00d7 00       		.byte	0
 1339 00d8 11       		.uleb128 0x11
 1340 00d9 0B       		.uleb128 0xb
 1341 00da 01       		.byte	0x1
 1342 00db 11       		.uleb128 0x11
 1343 00dc 01       		.uleb128 0x1
 1344 00dd 12       		.uleb128 0x12
 1345 00de 06       		.uleb128 0x6
 1346 00df 00       		.byte	0
 1347 00e0 00       		.byte	0
 1348 00e1 12       		.uleb128 0x12
 1349 00e2 34       		.uleb128 0x34
 1350 00e3 00       		.byte	0
 1351 00e4 03       		.uleb128 0x3
 1352 00e5 0E       		.uleb128 0xe
 1353 00e6 3A       		.uleb128 0x3a
 1354 00e7 0B       		.uleb128 0xb
 1355 00e8 3B       		.uleb128 0x3b
 1356 00e9 0B       		.uleb128 0xb
 1357 00ea 49       		.uleb128 0x49
 1358 00eb 13       		.uleb128 0x13
 1359 00ec 02       		.uleb128 0x2
 1360 00ed 18       		.uleb128 0x18
 1361 00ee 00       		.byte	0
 1362 00ef 00       		.byte	0
 1363 00f0 13       		.uleb128 0x13
 1364 00f1 26       		.uleb128 0x26
 1365 00f2 00       		.byte	0
 1366 00f3 49       		.uleb128 0x49
 1367 00f4 13       		.uleb128 0x13
ARM GAS  C:\Users\mitchell\AppData\Local\Temp\ccz8HlWd.s 			page 32


 1368 00f5 00       		.byte	0
 1369 00f6 00       		.byte	0
 1370 00f7 14       		.uleb128 0x14
 1371 00f8 2E       		.uleb128 0x2e
 1372 00f9 00       		.byte	0
 1373 00fa 03       		.uleb128 0x3
 1374 00fb 0E       		.uleb128 0xe
 1375 00fc 3A       		.uleb128 0x3a
 1376 00fd 0B       		.uleb128 0xb
 1377 00fe 3B       		.uleb128 0x3b
 1378 00ff 0B       		.uleb128 0xb
 1379 0100 27       		.uleb128 0x27
 1380 0101 19       		.uleb128 0x19
 1381 0102 11       		.uleb128 0x11
 1382 0103 01       		.uleb128 0x1
 1383 0104 12       		.uleb128 0x12
 1384 0105 06       		.uleb128 0x6
 1385 0106 40       		.uleb128 0x40
 1386 0107 18       		.uleb128 0x18
 1387 0108 9642     		.uleb128 0x2116
 1388 010a 19       		.uleb128 0x19
 1389 010b 00       		.byte	0
 1390 010c 00       		.byte	0
 1391 010d 15       		.uleb128 0x15
 1392 010e 2E       		.uleb128 0x2e
 1393 010f 00       		.byte	0
 1394 0110 03       		.uleb128 0x3
 1395 0111 0E       		.uleb128 0xe
 1396 0112 3A       		.uleb128 0x3a
 1397 0113 0B       		.uleb128 0xb
 1398 0114 3B       		.uleb128 0x3b
 1399 0115 0B       		.uleb128 0xb
 1400 0116 27       		.uleb128 0x27
 1401 0117 19       		.uleb128 0x19
 1402 0118 11       		.uleb128 0x11
 1403 0119 01       		.uleb128 0x1
 1404 011a 12       		.uleb128 0x12
 1405 011b 06       		.uleb128 0x6
 1406 011c 40       		.uleb128 0x40
 1407 011d 18       		.uleb128 0x18
 1408 011e 9742     		.uleb128 0x2117
 1409 0120 19       		.uleb128 0x19
 1410 0121 00       		.byte	0
 1411 0122 00       		.byte	0
 1412 0123 16       		.uleb128 0x16
 1413 0124 2E       		.uleb128 0x2e
 1414 0125 01       		.byte	0x1
 1415 0126 3F       		.uleb128 0x3f
 1416 0127 19       		.uleb128 0x19
 1417 0128 03       		.uleb128 0x3
 1418 0129 0E       		.uleb128 0xe
 1419 012a 3A       		.uleb128 0x3a
 1420 012b 0B       		.uleb128 0xb
 1421 012c 3B       		.uleb128 0x3b
 1422 012d 05       		.uleb128 0x5
 1423 012e 27       		.uleb128 0x27
 1424 012f 19       		.uleb128 0x19
ARM GAS  C:\Users\mitchell\AppData\Local\Temp\ccz8HlWd.s 			page 33


 1425 0130 11       		.uleb128 0x11
 1426 0131 01       		.uleb128 0x1
 1427 0132 12       		.uleb128 0x12
 1428 0133 06       		.uleb128 0x6
 1429 0134 40       		.uleb128 0x40
 1430 0135 18       		.uleb128 0x18
 1431 0136 9642     		.uleb128 0x2116
 1432 0138 19       		.uleb128 0x19
 1433 0139 01       		.uleb128 0x1
 1434 013a 13       		.uleb128 0x13
 1435 013b 00       		.byte	0
 1436 013c 00       		.byte	0
 1437 013d 17       		.uleb128 0x17
 1438 013e 34       		.uleb128 0x34
 1439 013f 00       		.byte	0
 1440 0140 03       		.uleb128 0x3
 1441 0141 0E       		.uleb128 0xe
 1442 0142 3A       		.uleb128 0x3a
 1443 0143 0B       		.uleb128 0xb
 1444 0144 3B       		.uleb128 0x3b
 1445 0145 05       		.uleb128 0x5
 1446 0146 49       		.uleb128 0x49
 1447 0147 13       		.uleb128 0x13
 1448 0148 02       		.uleb128 0x2
 1449 0149 18       		.uleb128 0x18
 1450 014a 00       		.byte	0
 1451 014b 00       		.byte	0
 1452 014c 18       		.uleb128 0x18
 1453 014d 13       		.uleb128 0x13
 1454 014e 01       		.byte	0x1
 1455 014f 0B       		.uleb128 0xb
 1456 0150 0B       		.uleb128 0xb
 1457 0151 3A       		.uleb128 0x3a
 1458 0152 0B       		.uleb128 0xb
 1459 0153 3B       		.uleb128 0x3b
 1460 0154 05       		.uleb128 0x5
 1461 0155 01       		.uleb128 0x1
 1462 0156 13       		.uleb128 0x13
 1463 0157 00       		.byte	0
 1464 0158 00       		.byte	0
 1465 0159 19       		.uleb128 0x19
 1466 015a 0D       		.uleb128 0xd
 1467 015b 00       		.byte	0
 1468 015c 03       		.uleb128 0x3
 1469 015d 0E       		.uleb128 0xe
 1470 015e 3A       		.uleb128 0x3a
 1471 015f 0B       		.uleb128 0xb
 1472 0160 3B       		.uleb128 0x3b
 1473 0161 05       		.uleb128 0x5
 1474 0162 49       		.uleb128 0x49
 1475 0163 13       		.uleb128 0x13
 1476 0164 38       		.uleb128 0x38
 1477 0165 0B       		.uleb128 0xb
 1478 0166 00       		.byte	0
 1479 0167 00       		.byte	0
 1480 0168 1A       		.uleb128 0x1a
 1481 0169 01       		.uleb128 0x1
ARM GAS  C:\Users\mitchell\AppData\Local\Temp\ccz8HlWd.s 			page 34


 1482 016a 01       		.byte	0x1
 1483 016b 49       		.uleb128 0x49
 1484 016c 13       		.uleb128 0x13
 1485 016d 01       		.uleb128 0x1
 1486 016e 13       		.uleb128 0x13
 1487 016f 00       		.byte	0
 1488 0170 00       		.byte	0
 1489 0171 1B       		.uleb128 0x1b
 1490 0172 21       		.uleb128 0x21
 1491 0173 00       		.byte	0
 1492 0174 49       		.uleb128 0x49
 1493 0175 13       		.uleb128 0x13
 1494 0176 2F       		.uleb128 0x2f
 1495 0177 0B       		.uleb128 0xb
 1496 0178 00       		.byte	0
 1497 0179 00       		.byte	0
 1498 017a 1C       		.uleb128 0x1c
 1499 017b 34       		.uleb128 0x34
 1500 017c 00       		.byte	0
 1501 017d 03       		.uleb128 0x3
 1502 017e 08       		.uleb128 0x8
 1503 017f 3A       		.uleb128 0x3a
 1504 0180 0B       		.uleb128 0xb
 1505 0181 3B       		.uleb128 0x3b
 1506 0182 05       		.uleb128 0x5
 1507 0183 49       		.uleb128 0x49
 1508 0184 13       		.uleb128 0x13
 1509 0185 02       		.uleb128 0x2
 1510 0186 18       		.uleb128 0x18
 1511 0187 00       		.byte	0
 1512 0188 00       		.byte	0
 1513 0189 00       		.byte	0
 1514              		.section	.debug_aranges,"",%progbits
 1515 0000 4C000000 		.4byte	0x4c
 1516 0004 0200     		.2byte	0x2
 1517 0006 00000000 		.4byte	.Ldebug_info0
 1518 000a 04       		.byte	0x4
 1519 000b 00       		.byte	0
 1520 000c 0000     		.2byte	0
 1521 000e 0000     		.2byte	0
 1522 0010 00000000 		.4byte	.LFB0
 1523 0014 1E000000 		.4byte	.LFE0-.LFB0
 1524 0018 00000000 		.4byte	.LFB1
 1525 001c 22000000 		.4byte	.LFE1-.LFB1
 1526 0020 00000000 		.4byte	.LFB2
 1527 0024 22000000 		.4byte	.LFE2-.LFB2
 1528 0028 00000000 		.4byte	.LFB3
 1529 002c 7E000000 		.4byte	.LFE3-.LFB3
 1530 0030 00000000 		.4byte	.LFB4
 1531 0034 C8000000 		.4byte	.LFE4-.LFB4
 1532 0038 00000000 		.4byte	.LFB5
 1533 003c 08000000 		.4byte	.LFE5-.LFB5
 1534 0040 C8000000 		.4byte	.LFB6
 1535 0044 90010000 		.4byte	.LFE6-.LFB6
 1536 0048 00000000 		.4byte	0
 1537 004c 00000000 		.4byte	0
 1538              		.section	.debug_ranges,"",%progbits
ARM GAS  C:\Users\mitchell\AppData\Local\Temp\ccz8HlWd.s 			page 35


 1539              	.Ldebug_ranges0:
 1540 0000 00000000 		.4byte	.LFB0
 1541 0004 1E000000 		.4byte	.LFE0
 1542 0008 00000000 		.4byte	.LFB1
 1543 000c 22000000 		.4byte	.LFE1
 1544 0010 00000000 		.4byte	.LFB2
 1545 0014 22000000 		.4byte	.LFE2
 1546 0018 00000000 		.4byte	.LFB3
 1547 001c 7E000000 		.4byte	.LFE3
 1548 0020 00000000 		.4byte	.LFB4
 1549 0024 C8000000 		.4byte	.LFE4
 1550 0028 00000000 		.4byte	.LFB5
 1551 002c 08000000 		.4byte	.LFE5
 1552 0030 C8000000 		.4byte	.LFB6
 1553 0034 58020000 		.4byte	.LFE6
 1554 0038 00000000 		.4byte	0
 1555 003c 00000000 		.4byte	0
 1556              		.section	.debug_line,"",%progbits
 1557              	.Ldebug_line0:
 1558 0000 9D010000 		.section	.debug_str,"MS",%progbits,1
 1558      0200CD00 
 1558      00000201 
 1558      FB0E0D00 
 1558      01010101 
 1559              	.LASF18:
 1560 0000 72656733 		.ascii	"reg32\000"
 1560      3200
 1561              	.LASF11:
 1562 0006 73697A65 		.ascii	"size_t\000"
 1562      5F7400
 1563              	.LASF32:
 1564 000d 416E616C 		.ascii	"AnalogSetDefault\000"
 1564      6F675365 
 1564      74446566 
 1564      61756C74 
 1564      00
 1565              	.LASF20:
 1566 001e 76616C75 		.ascii	"value\000"
 1566      6500
 1567              	.LASF30:
 1568 0024 636F756E 		.ascii	"count\000"
 1568      7400
 1569              	.LASF31:
 1570 002a 436C6F63 		.ascii	"ClockSetup\000"
 1570      6B536574 
 1570      757000
 1571              	.LASF33:
 1572 0035 63795F63 		.ascii	"cy_cfg_addr_table\000"
 1572      66675F61 
 1572      6464725F 
 1572      7461626C 
 1572      6500
 1573              	.LASF34:
 1574 0047 63795F63 		.ascii	"cy_cfg_data_table\000"
 1574      66675F64 
 1574      6174615F 
 1574      7461626C 
ARM GAS  C:\Users\mitchell\AppData\Local\Temp\ccz8HlWd.s 			page 36


 1574      6500
 1575              	.LASF15:
 1576 0059 666C6F61 		.ascii	"float\000"
 1576      7400
 1577              	.LASF39:
 1578 005f 474E5520 		.ascii	"GNU C 4.8.4 20140526 (release) [ARM/embedded-4_8-br"
 1578      4320342E 
 1578      382E3420 
 1578      32303134 
 1578      30353236 
 1579 0092 616E6368 		.ascii	"anch revision 211358] -mcpu=cortex-m0 -mthumb -g -O"
 1579      20726576 
 1579      6973696F 
 1579      6E203231 
 1579      31333538 
 1580 00c5 30202D66 		.ascii	"0 -ffunction-sections\000"
 1580      66756E63 
 1580      74696F6E 
 1580      2D736563 
 1580      74696F6E 
 1581              	.LASF24:
 1582 00db 64657374 		.ascii	"dest\000"
 1582      00
 1583              	.LASF38:
 1584 00e0 6366675F 		.ascii	"cfg_memset_list\000"
 1584      6D656D73 
 1584      65745F6C 
 1584      69737400 
 1585              	.LASF36:
 1586 00f0 73697A65 		.ascii	"size\000"
 1586      00
 1587              	.LASF17:
 1588 00f5 72656738 		.ascii	"reg8\000"
 1588      00
 1589              	.LASF6:
 1590 00fa 6C6F6E67 		.ascii	"long unsigned int\000"
 1590      20756E73 
 1590      69676E65 
 1590      6420696E 
 1590      7400
 1591              	.LASF12:
 1592 010c 75696E74 		.ascii	"uint8\000"
 1592      3800
 1593              	.LASF22:
 1594 0112 43594D45 		.ascii	"CYMEMZERO\000"
 1594      4D5A4552 
 1594      4F00
 1595              	.LASF2:
 1596 011c 756E7369 		.ascii	"unsigned char\000"
 1596      676E6564 
 1596      20636861 
 1596      7200
 1597              	.LASF16:
 1598 012a 646F7562 		.ascii	"double\000"
 1598      6C6500
 1599              	.LASF26:
 1600 0131 6366675F 		.ascii	"cfg_write_bytes32\000"
ARM GAS  C:\Users\mitchell\AppData\Local\Temp\ccz8HlWd.s 			page 37


 1600      77726974 
 1600      655F6279 
 1600      74657333 
 1600      3200
 1601              	.LASF42:
 1602 0143 63796669 		.ascii	"cyfitter_cfg\000"
 1602      74746572 
 1602      5F636667 
 1602      00
 1603              	.LASF41:
 1604 0150 433A5C55 		.ascii	"C:\\Users\\mitchell\\Documents\\fsae\\E-Throttle\\E"
 1604      73657273 
 1604      5C6D6974 
 1604      6368656C 
 1604      6C5C446F 
 1605 017d 2D546872 		.ascii	"-Throttle\\ExampleProject1\\Lab Solutions\\Lab 3 Ca"
 1605      6F74746C 
 1605      655C4578 
 1605      616D706C 
 1605      6550726F 
 1606 01ad 7053656E 		.ascii	"pSense UART.cydsn\000"
 1606      73652055 
 1606      4152542E 
 1606      63796473 
 1606      6E00
 1607              	.LASF27:
 1608 01bf 61646472 		.ascii	"addr_table\000"
 1608      5F746162 
 1608      6C6500
 1609              	.LASF13:
 1610 01ca 75696E74 		.ascii	"uint16\000"
 1610      313600
 1611              	.LASF28:
 1612 01d1 64617461 		.ascii	"data_table\000"
 1612      5F746162 
 1612      6C6500
 1613              	.LASF14:
 1614 01dc 75696E74 		.ascii	"uint32\000"
 1614      333200
 1615              	.LASF0:
 1616 01e3 756E7369 		.ascii	"unsigned int\000"
 1616      676E6564 
 1616      20696E74 
 1616      00
 1617              	.LASF35:
 1618 01f0 61646472 		.ascii	"address\000"
 1618      65737300 
 1619              	.LASF8:
 1620 01f8 6C6F6E67 		.ascii	"long long unsigned int\000"
 1620      206C6F6E 
 1620      6720756E 
 1620      7369676E 
 1620      65642069 
 1621              	.LASF37:
 1622 020f 6366675F 		.ascii	"cfg_memset_t\000"
 1622      6D656D73 
 1622      65745F74 
ARM GAS  C:\Users\mitchell\AppData\Local\Temp\ccz8HlWd.s 			page 38


 1622      00
 1623              	.LASF29:
 1624 021c 62617365 		.ascii	"baseAddr\000"
 1624      41646472 
 1624      00
 1625              	.LASF9:
 1626 0225 73697A65 		.ascii	"sizetype\000"
 1626      74797065 
 1626      00
 1627              	.LASF40:
 1628 022e 2E5C4765 		.ascii	".\\Generated_Source\\PSoC4\\cyfitter_cfg.c\000"
 1628      6E657261 
 1628      7465645F 
 1628      536F7572 
 1628      63655C50 
 1629              	.LASF7:
 1630 0256 6C6F6E67 		.ascii	"long long int\000"
 1630      206C6F6E 
 1630      6720696E 
 1630      7400
 1631              	.LASF10:
 1632 0264 63686172 		.ascii	"char\000"
 1632      00
 1633              	.LASF21:
 1634 0269 63795F63 		.ascii	"cy_cfg_addrvalue_t\000"
 1634      66675F61 
 1634      64647276 
 1634      616C7565 
 1634      5F7400
 1635              	.LASF19:
 1636 027c 6F666673 		.ascii	"offset\000"
 1636      657400
 1637              	.LASF3:
 1638 0283 73686F72 		.ascii	"short int\000"
 1638      7420696E 
 1638      7400
 1639              	.LASF5:
 1640 028d 6C6F6E67 		.ascii	"long int\000"
 1640      20696E74 
 1640      00
 1641              	.LASF1:
 1642 0296 7369676E 		.ascii	"signed char\000"
 1642      65642063 
 1642      68617200 
 1643              	.LASF4:
 1644 02a2 73686F72 		.ascii	"short unsigned int\000"
 1644      7420756E 
 1644      7369676E 
 1644      65642069 
 1644      6E7400
 1645              	.LASF25:
 1646 02b5 4359434F 		.ascii	"CYCONFIGCPYCODE\000"
 1646      4E464947 
 1646      43505943 
 1646      4F444500 
 1647              	.LASF23:
 1648 02c5 4359434F 		.ascii	"CYCONFIGCPY\000"
ARM GAS  C:\Users\mitchell\AppData\Local\Temp\ccz8HlWd.s 			page 39


 1648      4E464947 
 1648      43505900 
 1649              		.ident	"GCC: (GNU Tools for ARM Embedded Processors) 4.8.4 20140526 (release) [ARM/embedded-4_8-br
