ARM GAS  C:\Users\mitchell\AppData\Local\Temp\cc3FDomg.s 			page 1


   1              		.cpu cortex-m0
   2              		.fpu softvfp
   3              		.eabi_attribute 20, 1
   4              		.eabi_attribute 21, 1
   5              		.eabi_attribute 23, 3
   6              		.eabi_attribute 24, 1
   7              		.eabi_attribute 25, 1
   8              		.eabi_attribute 26, 1
   9              		.eabi_attribute 30, 6
  10              		.eabi_attribute 34, 0
  11              		.eabi_attribute 18, 4
  12              		.code	16
  13              		.file	"UART_1_SPI_UART_INT.c"
  14              		.text
  15              	.Ltext0:
  16              		.cfi_sections	.debug_frame
  17              	.Letext0:
  18              		.section	.debug_info,"",%progbits
  19              	.Ldebug_info0:
  20 0000 7C000000 		.4byte	0x7c
  21 0004 0400     		.2byte	0x4
  22 0006 00000000 		.4byte	.Ldebug_abbrev0
  23 000a 04       		.byte	0x4
  24 000b 01       		.uleb128 0x1
  25 000c 44000000 		.4byte	.LASF13
  26 0010 01       		.byte	0x1
  27 0011 71010000 		.4byte	.LASF14
  28 0015 C0000000 		.4byte	.LASF15
  29 0019 00000000 		.4byte	.Ldebug_line0
  30 001d 02       		.uleb128 0x2
  31 001e 01       		.byte	0x1
  32 001f 06       		.byte	0x6
  33 0020 65010000 		.4byte	.LASF0
  34 0024 02       		.uleb128 0x2
  35 0025 01       		.byte	0x1
  36 0026 08       		.byte	0x8
  37 0027 2F010000 		.4byte	.LASF1
  38 002b 02       		.uleb128 0x2
  39 002c 02       		.byte	0x2
  40 002d 05       		.byte	0x5
  41 002e A6010000 		.4byte	.LASF2
  42 0032 02       		.uleb128 0x2
  43 0033 02       		.byte	0x2
  44 0034 07       		.byte	0x7
  45 0035 52010000 		.4byte	.LASF3
  46 0039 02       		.uleb128 0x2
  47 003a 04       		.byte	0x4
  48 003b 05       		.byte	0x5
  49 003c 42010000 		.4byte	.LASF4
  50 0040 02       		.uleb128 0x2
  51 0041 04       		.byte	0x4
  52 0042 07       		.byte	0x7
  53 0043 1B000000 		.4byte	.LASF5
  54 0047 02       		.uleb128 0x2
  55 0048 08       		.byte	0x8
  56 0049 05       		.byte	0x5
  57 004a 00000000 		.4byte	.LASF6
ARM GAS  C:\Users\mitchell\AppData\Local\Temp\cc3FDomg.s 			page 2


  58 004e 02       		.uleb128 0x2
  59 004f 08       		.byte	0x8
  60 0050 07       		.byte	0x7
  61 0051 2D000000 		.4byte	.LASF7
  62 0055 03       		.uleb128 0x3
  63 0056 04       		.byte	0x4
  64 0057 05       		.byte	0x5
  65 0058 696E7400 		.ascii	"int\000"
  66 005c 02       		.uleb128 0x2
  67 005d 04       		.byte	0x4
  68 005e 07       		.byte	0x7
  69 005f 0E000000 		.4byte	.LASF8
  70 0063 02       		.uleb128 0x2
  71 0064 04       		.byte	0x4
  72 0065 04       		.byte	0x4
  73 0066 A0010000 		.4byte	.LASF9
  74 006a 02       		.uleb128 0x2
  75 006b 08       		.byte	0x8
  76 006c 04       		.byte	0x4
  77 006d 4B010000 		.4byte	.LASF10
  78 0071 02       		.uleb128 0x2
  79 0072 01       		.byte	0x1
  80 0073 08       		.byte	0x8
  81 0074 3D010000 		.4byte	.LASF11
  82 0078 02       		.uleb128 0x2
  83 0079 04       		.byte	0x4
  84 007a 07       		.byte	0x7
  85 007b B0010000 		.4byte	.LASF12
  86 007f 00       		.byte	0
  87              		.section	.debug_abbrev,"",%progbits
  88              	.Ldebug_abbrev0:
  89 0000 01       		.uleb128 0x1
  90 0001 11       		.uleb128 0x11
  91 0002 01       		.byte	0x1
  92 0003 25       		.uleb128 0x25
  93 0004 0E       		.uleb128 0xe
  94 0005 13       		.uleb128 0x13
  95 0006 0B       		.uleb128 0xb
  96 0007 03       		.uleb128 0x3
  97 0008 0E       		.uleb128 0xe
  98 0009 1B       		.uleb128 0x1b
  99 000a 0E       		.uleb128 0xe
 100 000b 10       		.uleb128 0x10
 101 000c 17       		.uleb128 0x17
 102 000d 00       		.byte	0
 103 000e 00       		.byte	0
 104 000f 02       		.uleb128 0x2
 105 0010 24       		.uleb128 0x24
 106 0011 00       		.byte	0
 107 0012 0B       		.uleb128 0xb
 108 0013 0B       		.uleb128 0xb
 109 0014 3E       		.uleb128 0x3e
 110 0015 0B       		.uleb128 0xb
 111 0016 03       		.uleb128 0x3
 112 0017 0E       		.uleb128 0xe
 113 0018 00       		.byte	0
 114 0019 00       		.byte	0
ARM GAS  C:\Users\mitchell\AppData\Local\Temp\cc3FDomg.s 			page 3


 115 001a 03       		.uleb128 0x3
 116 001b 24       		.uleb128 0x24
 117 001c 00       		.byte	0
 118 001d 0B       		.uleb128 0xb
 119 001e 0B       		.uleb128 0xb
 120 001f 3E       		.uleb128 0x3e
 121 0020 0B       		.uleb128 0xb
 122 0021 03       		.uleb128 0x3
 123 0022 08       		.uleb128 0x8
 124 0023 00       		.byte	0
 125 0024 00       		.byte	0
 126 0025 00       		.byte	0
 127              		.section	.debug_aranges,"",%progbits
 128 0000 14000000 		.4byte	0x14
 129 0004 0200     		.2byte	0x2
 130 0006 00000000 		.4byte	.Ldebug_info0
 131 000a 04       		.byte	0x4
 132 000b 00       		.byte	0
 133 000c 0000     		.2byte	0
 134 000e 0000     		.2byte	0
 135 0010 00000000 		.4byte	0
 136 0014 00000000 		.4byte	0
 137              		.section	.debug_line,"",%progbits
 138              	.Ldebug_line0:
 139 0000 19000000 		.section	.debug_str,"MS",%progbits,1
 139      02001300 
 139      00000201 
 139      FB0E0D00 
 139      01010101 
 140              	.LASF6:
 141 0000 6C6F6E67 		.ascii	"long long int\000"
 141      206C6F6E 
 141      6720696E 
 141      7400
 142              	.LASF8:
 143 000e 756E7369 		.ascii	"unsigned int\000"
 143      676E6564 
 143      20696E74 
 143      00
 144              	.LASF5:
 145 001b 6C6F6E67 		.ascii	"long unsigned int\000"
 145      20756E73 
 145      69676E65 
 145      6420696E 
 145      7400
 146              	.LASF7:
 147 002d 6C6F6E67 		.ascii	"long long unsigned int\000"
 147      206C6F6E 
 147      6720756E 
 147      7369676E 
 147      65642069 
 148              	.LASF13:
 149 0044 474E5520 		.ascii	"GNU C 4.8.4 20140526 (release) [ARM/embedded-4_8-br"
 149      4320342E 
 149      382E3420 
 149      32303134 
 149      30353236 
ARM GAS  C:\Users\mitchell\AppData\Local\Temp\cc3FDomg.s 			page 4


 150 0077 616E6368 		.ascii	"anch revision 211358] -mcpu=cortex-m0 -mthumb -g -O"
 150      20726576 
 150      6973696F 
 150      6E203231 
 150      31333538 
 151 00aa 30202D66 		.ascii	"0 -ffunction-sections\000"
 151      66756E63 
 151      74696F6E 
 151      2D736563 
 151      74696F6E 
 152              	.LASF15:
 153 00c0 433A5C55 		.ascii	"C:\\Users\\mitchell\\Documents\\fsae\\E-Throttle\\E"
 153      73657273 
 153      5C6D6974 
 153      6368656C 
 153      6C5C446F 
 154 00ed 2D546872 		.ascii	"-Throttle\\ExampleProject1\\Lab Solutions\\Lab 3 Ca"
 154      6F74746C 
 154      655C4578 
 154      616D706C 
 154      6550726F 
 155 011d 7053656E 		.ascii	"pSense UART.cydsn\000"
 155      73652055 
 155      4152542E 
 155      63796473 
 155      6E00
 156              	.LASF1:
 157 012f 756E7369 		.ascii	"unsigned char\000"
 157      676E6564 
 157      20636861 
 157      7200
 158              	.LASF11:
 159 013d 63686172 		.ascii	"char\000"
 159      00
 160              	.LASF4:
 161 0142 6C6F6E67 		.ascii	"long int\000"
 161      20696E74 
 161      00
 162              	.LASF10:
 163 014b 646F7562 		.ascii	"double\000"
 163      6C6500
 164              	.LASF3:
 165 0152 73686F72 		.ascii	"short unsigned int\000"
 165      7420756E 
 165      7369676E 
 165      65642069 
 165      6E7400
 166              	.LASF0:
 167 0165 7369676E 		.ascii	"signed char\000"
 167      65642063 
 167      68617200 
 168              	.LASF14:
 169 0171 2E5C4765 		.ascii	".\\Generated_Source\\PSoC4\\UART_1_SPI_UART_INT.c\000"
 169      6E657261 
 169      7465645F 
 169      536F7572 
 169      63655C50 
ARM GAS  C:\Users\mitchell\AppData\Local\Temp\cc3FDomg.s 			page 5


 170              	.LASF9:
 171 01a0 666C6F61 		.ascii	"float\000"
 171      7400
 172              	.LASF2:
 173 01a6 73686F72 		.ascii	"short int\000"
 173      7420696E 
 173      7400
 174              	.LASF12:
 175 01b0 73697A65 		.ascii	"sizetype\000"
 175      74797065 
 175      00
 176              		.ident	"GCC: (GNU Tools for ARM Embedded Processors) 4.8.4 20140526 (release) [ARM/embedded-4_8-br
