#***************************************************************************

#sjplacer

#Version:            1.1

#Build Date:         Mar 26 2013 11:48:29

#File Generated:     Jul 4 2013 11:46:21

#Purpose:            

#Copyright (C) 2010-2011 by Softjin Technologies Pvt Ltd. All rights reserved.

#***************************************************************************

Executing : C:\Program Files (x86)\Cypress\PSoC Creator\2.2\PSoC Creator\bin/sjplacer.exe --proj-name PSoC_Eye --netlist-vh2 PSoC_Eye_p.vh2 --arch-file C:\Program Files (x86)\Cypress\PSoC Creator\2.2\PSoC Creator\dev/psoc4/psoc4a/psoc4a_placer.ark --rrg-file C:\Program Files (x86)\Cypress\PSoC Creator\2.2\PSoC Creator\dev/psoc4/psoc4a/route_arch-rrg.cydata --irq-file C:\Program Files (x86)\Cypress\PSoC Creator\2.2\PSoC Creator\dev/psoc4/psoc4a/psoc4a_irqconn.cydata --dsi-conn-file C:\Program Files (x86)\Cypress\PSoC Creator\2.2\PSoC Creator\dev/psoc4/psoc4a/psoc4a_dsiconn.cydata --pins-file PSoC4_PSoC4A_44-TQFP.xml --lib-file PSoC_Eye_p.lib --sdc-file PSoC_Eye.sdc --io-pcf PSoC_Eye.pci --outdir .

		Softjin Techologies Placer, Version 1.1

Build Date : Mar 26 2013	11:50:26

D2004: Option and Settings Summary
=============================================================
Netlist vh2 file          - PSoC_Eye_p.vh2
Architecture file         - C:\Program Files (x86)\Cypress\PSoC Creator\2.2\PSoC Creator\dev/psoc4/psoc4a/psoc4a_placer.ark
Package                   - 
Defparam file             - 
SDC file                  - PSoC_Eye.sdc
Output directory          - .
Timing library            - PSoC_Eye_p.lib
IO Placement file         - PSoC_Eye.pci

D2050: Starting reading inputs for placer
=============================================================
D2065: Reading netlist file : "PSoC_Eye_p.vh2"
D2065: Reading arch file : "C:\Program Files (x86)\Cypress\PSoC Creator\2.2\PSoC Creator\dev/psoc4/psoc4a/psoc4a_placer.ark"
D2051: Reading of inputs for placer completed successfully

D2053: Starting placement of the design
=============================================================

Phase 2
Phase 3
I2659: No Constrained paths were found. The placer will run in non-timing driven mode.

Design Statistics after Packing
    Number of Combinational MCs 	:	0
    Number of Sequential MCs    	:	1
    Number of DPs               	:	0
    Number of Controls          	:	0
    Number of Status            	:	0
    Number of SyncCells         	:	0
    Number of count7cells       	:	0

Device Utilization Summary after Packing
    Macrocells                  :	1/32
    UDBS                        :	1/4
    IOs                         :	6/36


D2088: Phase 3, elapsed time : 0.0 (sec)

Phase 4
D2088: Phase 4, elapsed time : 0.0 (sec)

Phase 6
D2088: Phase 6, elapsed time : 0.0 (sec)

Phase 7
D2088: Phase 7, elapsed time : 0.0 (sec)

Final Design Statistics
    Number of Combinational MCs 	:	0
    Number of Sequential MCs    	:	1
    Number of DPs               	:	0
    Number of Controls          	:	0
    Number of Status            	:	0
    Number of SyncCells         	:	0
    Number of count7cells       	:	0
    Number of IOs       	:	6

Device Utilization Summary
    Macrocells                  :	1/32
    IOs                         :	6/36


Phase 8
D2088: Phase 8, elapsed time : 0.0 (sec)

D2054: Placement of the design completed successfully

I2076: Total run-time: 0.3 sec.

