--------------- Build Started: 12/27/2015 20:08:00 Project: E-Throttle-Mainboard, Configuration: ARM GCC 4.8.4 Debug ---------------
cydsfit.exe -.appdatapath "C:\Users\mitchell\AppData\Local\Cypress Semiconductor\PSoC Creator\3.2" -.fdsnotice -.fdswarpdepfile=warp_dependencies.txt -.fdselabdepfile=elab_dependencies.txt -.fdsbldfile=generated_files.txt -p C:\Users\mitchell\Documents\fsae\E-Throttle\E-Throttle\E-Throttle-Mainboard.cydsn\E-Throttle-Mainboard.cyprj -d CY8C5868AXI-LP035 -s C:\Users\mitchell\Documents\fsae\E-Throttle\E-Throttle\E-Throttle-Mainboard.cydsn\Generated_Source\PSoC5 -- -yv2 -q10 -ygs -o2 -v3 -.fftcfgtype=LE
Elaborating Design...
ADD: sdb.M0065: information: Analog terminal "vdac_ref" on ADC_SAR_SEQ_v2_0 is unconnected.
 * C:\Program Files (x86)\Cypress\PSoC Creator\3.2\PSoC Creator\psoc\content\cycomponentlibrary\CyComponentLibrary.cylib\ADC_SAR_SEQ_v2_0\PSoC5\ADC_SAR_SEQ_v2_0.cysch (Signal: vdac_ref)
 * C:\Program Files (x86)\Cypress\PSoC Creator\3.2\PSoC Creator\psoc\content\cycomponentlibrary\CyComponentLibrary.cylib\ADC_SAR_SEQ_v2_0\PSoC5\ADC_SAR_SEQ_v2_0.cysch (Shape_798)
 * C:\Program Files (x86)\Cypress\PSoC Creator\3.2\PSoC Creator\psoc\content\cycomponentlibrary\CyComponentLibrary.cylib\ADC_SAR_SEQ_v2_0\PSoC5\ADC_SAR_SEQ_v2_0.cysch (Shape_885)
HDL Generation ...
Synthesis ...
Place and Route ...
Tech mapping ...
ADD: pft.M0040: information: The following 5 pin(s) will be assigned a location by the fitter: APPS_0(0), APPS_1(0), SERVO_OUT(0), TPS_0(0), TPS_1(0)
Analog Placement ...
Info: apr.M0002: Analog signal "Net_2309" is connected to one terminal only. (App=cydsfit)
Info: apr.M0002: Analog signal "Net_1306" is connected to one terminal only. (App=cydsfit)
Info: apr.M0002: Analog signal "Net_1308" is connected to one terminal only. (App=cydsfit)
Info: apr.M0002: Analog signal "Net_1310" is connected to one terminal only. (App=cydsfit)
Info: apr.M0002: Analog signal "Net_1311" is connected to one terminal only. (App=cydsfit)
Info: apr.M0002: Analog signal "Net_1313" is connected to one terminal only. (App=cydsfit)
Info: apr.M0002: Analog signal "Net_1315" is connected to one terminal only. (App=cydsfit)
Info: apr.M0002: Analog signal "Net_1316" is connected to one terminal only. (App=cydsfit)
Info: apr.M0002: Analog signal "Net_1318" is connected to one terminal only. (App=cydsfit)
Info: apr.M0002: Analog signal "Net_1320" is connected to one terminal only. (App=cydsfit)
Info: apr.M0002: Analog signal "Net_1321" is connected to one terminal only. (App=cydsfit)
Info: apr.M0002: Analog signal "Net_1323" is connected to one terminal only. (App=cydsfit)
Info: apr.M0002: Analog signal "Net_1325" is connected to one terminal only. (App=cydsfit)
Info: apr.M0002: Analog signal "Net_1326" is connected to one terminal only. (App=cydsfit)
Info: apr.M0002: Analog signal "Net_1328" is connected to one terminal only. (App=cydsfit)
Info: apr.M0002: Analog signal "Net_1330" is connected to one terminal only. (App=cydsfit)
Info: apr.M0002: Analog signal "Net_1331" is connected to one terminal only. (App=cydsfit)
Info: apr.M0002: Analog signal "Net_1333" is connected to one terminal only. (App=cydsfit)
Info: apr.M0002: Analog signal "Net_1335" is connected to one terminal only. (App=cydsfit)
Info: apr.M0002: Analog signal "Net_1336" is connected to one terminal only. (App=cydsfit)
Info: apr.M0002: Analog signal "Net_1338" is connected to one terminal only. (App=cydsfit)
Info: apr.M0002: Analog signal "Net_1340" is connected to one terminal only. (App=cydsfit)
Info: apr.M0002: Analog signal "Net_1341" is connected to one terminal only. (App=cydsfit)
Info: apr.M0002: Analog signal "Net_1343" is connected to one terminal only. (App=cydsfit)
Info: apr.M0002: Analog signal "Net_1345" is connected to one terminal only. (App=cydsfit)
Info: apr.M0002: Analog signal "Net_1346" is connected to one terminal only. (App=cydsfit)
Info: apr.M0002: Analog signal "Net_1348" is connected to one terminal only. (App=cydsfit)
Info: apr.M0002: Analog signal "Net_1350" is connected to one terminal only. (App=cydsfit)
Info: apr.M0002: Analog signal "Net_1351" is connected to one terminal only. (App=cydsfit)
Info: apr.M0002: Analog signal "Net_1353" is connected to one terminal only. (App=cydsfit)
Info: apr.M0002: Analog signal "Net_1355" is connected to one terminal only. (App=cydsfit)
Info: apr.M0002: Analog signal "Net_1356" is connected to one terminal only. (App=cydsfit)
Info: apr.M0002: Analog signal "Net_1358" is connected to one terminal only. (App=cydsfit)
Info: apr.M0002: Analog signal "Net_1360" is connected to one terminal only. (App=cydsfit)
Info: apr.M0002: Analog signal "Net_1361" is connected to one terminal only. (App=cydsfit)
Info: apr.M0002: Analog signal "Net_1363" is connected to one terminal only. (App=cydsfit)
Info: apr.M0002: Analog signal "Net_1365" is connected to one terminal only. (App=cydsfit)
Info: apr.M0002: Analog signal "Net_1366" is connected to one terminal only. (App=cydsfit)
Info: apr.M0002: Analog signal "Net_1368" is connected to one terminal only. (App=cydsfit)
Info: apr.M0002: Analog signal "Net_1370" is connected to one terminal only. (App=cydsfit)
Info: apr.M0002: Analog signal "Net_1371" is connected to one terminal only. (App=cydsfit)
Info: apr.M0002: Analog signal "Net_1373" is connected to one terminal only. (App=cydsfit)
Info: apr.M0002: Analog signal "Net_1375" is connected to one terminal only. (App=cydsfit)
Info: apr.M0002: Analog signal "Net_1376" is connected to one terminal only. (App=cydsfit)
Info: apr.M0002: Analog signal "Net_1378" is connected to one terminal only. (App=cydsfit)
Info: apr.M0002: Analog signal "Net_1380" is connected to one terminal only. (App=cydsfit)
Info: apr.M0002: Analog signal "Net_1381" is connected to one terminal only. (App=cydsfit)
Info: apr.M0002: Analog signal "Net_1382" is connected to one terminal only. (App=cydsfit)
Info: apr.M0002: Analog signal "Net_1383" is connected to one terminal only. (App=cydsfit)
Info: apr.M0002: Analog signal "Net_1384" is connected to one terminal only. (App=cydsfit)
Info: apr.M0002: Analog signal "Net_1385" is connected to one terminal only. (App=cydsfit)
Info: apr.M0002: Analog signal "Net_1386" is connected to one terminal only. (App=cydsfit)
Info: apr.M0002: Analog signal "Net_1387" is connected to one terminal only. (App=cydsfit)
Info: apr.M0002: Analog signal "Net_1388" is connected to one terminal only. (App=cydsfit)
Info: apr.M0002: Analog signal "Net_1389" is connected to one terminal only. (App=cydsfit)
Info: apr.M0002: Analog signal "Net_1390" is connected to one terminal only. (App=cydsfit)
Info: apr.M0002: Analog signal "Net_1391" is connected to one terminal only. (App=cydsfit)
Info: apr.M0002: Analog signal "Net_1392" is connected to one terminal only. (App=cydsfit)
Info: apr.M0002: Analog signal "Net_1393" is connected to one terminal only. (App=cydsfit)
Info: apr.M0002: Analog signal "Net_1394" is connected to one terminal only. (App=cydsfit)
Info: apr.M0002: Analog signal "Net_1395" is connected to one terminal only. (App=cydsfit)
Info: apr.M0002: Analog signal "Net_1396" is connected to one terminal only. (App=cydsfit)
Info: apr.M0002: Analog signal "Net_2308" is connected to one terminal only. (App=cydsfit)
Info: apr.M0002: Analog signal "Net_911" is connected to one terminal only. (App=cydsfit)
Info: apr.M0002: Analog signal "Net_913" is connected to one terminal only. (App=cydsfit)
Info: apr.M0002: Analog signal "Net_915" is connected to one terminal only. (App=cydsfit)
Info: apr.M0002: Analog signal "Net_916" is connected to one terminal only. (App=cydsfit)
Info: apr.M0002: Analog signal "Net_918" is connected to one terminal only. (App=cydsfit)
Info: apr.M0002: Analog signal "Net_920" is connected to one terminal only. (App=cydsfit)
Info: apr.M0002: Analog signal "Net_921" is connected to one terminal only. (App=cydsfit)
Info: apr.M0002: Analog signal "Net_923" is connected to one terminal only. (App=cydsfit)
Info: apr.M0002: Analog signal "Net_925" is connected to one terminal only. (App=cydsfit)
Info: apr.M0002: Analog signal "Net_926" is connected to one terminal only. (App=cydsfit)
Info: apr.M0002: Analog signal "Net_928" is connected to one terminal only. (App=cydsfit)
Info: apr.M0002: Analog signal "Net_930" is connected to one terminal only. (App=cydsfit)
Info: apr.M0002: Analog signal "Net_931" is connected to one terminal only. (App=cydsfit)
Info: apr.M0002: Analog signal "Net_933" is connected to one terminal only. (App=cydsfit)
Info: apr.M0002: Analog signal "Net_935" is connected to one terminal only. (App=cydsfit)
Info: apr.M0002: Analog signal "Net_936" is connected to one terminal only. (App=cydsfit)
Info: apr.M0002: Analog signal "Net_938" is connected to one terminal only. (App=cydsfit)
Info: apr.M0002: Analog signal "Net_940" is connected to one terminal only. (App=cydsfit)
Info: apr.M0002: Analog signal "Net_941" is connected to one terminal only. (App=cydsfit)
Info: apr.M0002: Analog signal "Net_943" is connected to one terminal only. (App=cydsfit)
Info: apr.M0002: Analog signal "Net_945" is connected to one terminal only. (App=cydsfit)
Info: apr.M0002: Analog signal "Net_946" is connected to one terminal only. (App=cydsfit)
Info: apr.M0002: Analog signal "Net_948" is connected to one terminal only. (App=cydsfit)
Info: apr.M0002: Analog signal "Net_950" is connected to one terminal only. (App=cydsfit)
Info: apr.M0002: Analog signal "Net_951" is connected to one terminal only. (App=cydsfit)
Info: apr.M0002: Analog signal "Net_953" is connected to one terminal only. (App=cydsfit)
Info: apr.M0002: Analog signal "Net_955" is connected to one terminal only. (App=cydsfit)
Info: apr.M0002: Analog signal "Net_956" is connected to one terminal only. (App=cydsfit)
Info: apr.M0002: Analog signal "Net_958" is connected to one terminal only. (App=cydsfit)
Info: apr.M0002: Analog signal "Net_960" is connected to one terminal only. (App=cydsfit)
Info: apr.M0002: Analog signal "Net_961" is connected to one terminal only. (App=cydsfit)
Info: apr.M0002: Analog signal "Net_963" is connected to one terminal only. (App=cydsfit)
Info: apr.M0002: Analog signal "Net_965" is connected to one terminal only. (App=cydsfit)
Info: apr.M0002: Analog signal "Net_966" is connected to one terminal only. (App=cydsfit)
Info: apr.M0002: Analog signal "Net_968" is connected to one terminal only. (App=cydsfit)
Info: apr.M0002: Analog signal "Net_970" is connected to one terminal only. (App=cydsfit)
Info: apr.M0002: Analog signal "Net_971" is connected to one terminal only. (App=cydsfit)
Info: apr.M0002: Analog signal "Net_973" is connected to one terminal only. (App=cydsfit)
Info: apr.M0002: Analog signal "Net_975" is connected to one terminal only. (App=cydsfit)
Info: apr.M0002: Analog signal "Net_976" is connected to one terminal only. (App=cydsfit)
Info: apr.M0002: Analog signal "Net_978" is connected to one terminal only. (App=cydsfit)
Info: apr.M0002: Analog signal "Net_980" is connected to one terminal only. (App=cydsfit)
Info: apr.M0002: Analog signal "Net_981" is connected to one terminal only. (App=cydsfit)
Info: apr.M0002: Analog signal "Net_983" is connected to one terminal only. (App=cydsfit)
Info: apr.M0002: Analog signal "Net_985" is connected to one terminal only. (App=cydsfit)
Info: apr.M0002: Analog signal "Net_986" is connected to one terminal only. (App=cydsfit)
Info: apr.M0002: Analog signal "Net_987" is connected to one terminal only. (App=cydsfit)
Info: apr.M0002: Analog signal "Net_988" is connected to one terminal only. (App=cydsfit)
Info: apr.M0002: Analog signal "Net_989" is connected to one terminal only. (App=cydsfit)
Info: apr.M0002: Analog signal "Net_990" is connected to one terminal only. (App=cydsfit)
Info: apr.M0002: Analog signal "Net_991" is connected to one terminal only. (App=cydsfit)
Info: apr.M0002: Analog signal "Net_992" is connected to one terminal only. (App=cydsfit)
Info: apr.M0002: Analog signal "Net_993" is connected to one terminal only. (App=cydsfit)
Info: apr.M0002: Analog signal "Net_994" is connected to one terminal only. (App=cydsfit)
Info: apr.M0002: Analog signal "Net_995" is connected to one terminal only. (App=cydsfit)
Info: apr.M0002: Analog signal "Net_996" is connected to one terminal only. (App=cydsfit)
Info: apr.M0002: Analog signal "Net_997" is connected to one terminal only. (App=cydsfit)
Info: apr.M0002: Analog signal "Net_998" is connected to one terminal only. (App=cydsfit)
Info: apr.M0002: Analog signal "Net_999" is connected to one terminal only. (App=cydsfit)
Info: apr.M0002: Analog signal "Net_1000" is connected to one terminal only. (App=cydsfit)
Info: apr.M0002: Analog signal "Net_1001" is connected to one terminal only. (App=cydsfit)
Log: apr.M0058: The analog placement iterative improvement is 40% done. (App=cydsfit)
Log: apr.M0058: The analog placement iterative improvement is 84% done. (App=cydsfit)
Analog Routing ...
Analog Code Generation ...
Digital Placement ...
Digital Routing ...
Bitstream Generation ...
Static timing analysis ...
API Generation ...
Dependency Generation ...
Clean Temporary Files ...
arm-none-eabi-gcc.exe -mcpu=cortex-m3 -mthumb -Wno-main -I. -IGenerated_Source\PSoC5 -Wa,-alh=.\CortexM3\ARM_GCC_484\Debug/main.lst -g -D DEBUG -Wall -ffunction-sections -Og -c .\main.c -o .\CortexM3\ARM_GCC_484\Debug\main.o
.\main.c: In function 'main':
.\main.c:20:1: warning: control reaches end of non-void function [-Wreturn-type]
 }
 ^
arm-none-eabi-gcc.exe -mcpu=cortex-m3 -mthumb -Wno-main -I. -IGenerated_Source\PSoC5 -Wa,-alh=.\CortexM3\ARM_GCC_484\Debug/cyfitter_cfg.lst -g -D DEBUG -Wall -ffunction-sections -Og -c .\Generated_Source\PSoC5\cyfitter_cfg.c -o .\CortexM3\ARM_GCC_484\Debug\cyfitter_cfg.o
arm-none-eabi-gcc.exe -mcpu=cortex-m3 -mthumb -Wno-main -I. -IGenerated_Source\PSoC5 -Wa,-alh=.\CortexM3\ARM_GCC_484\Debug/cymetadata.lst -g -D DEBUG -Wall -ffunction-sections -Og -c .\Generated_Source\PSoC5\cymetadata.c -o .\CortexM3\ARM_GCC_484\Debug\cymetadata.o
arm-none-eabi-gcc.exe -mcpu=cortex-m3 -mthumb -Wno-main -I. -IGenerated_Source\PSoC5 -Wa,-alh=.\CortexM3\ARM_GCC_484\Debug/TPS_ADC.lst -g -D DEBUG -Wall -ffunction-sections -Og -c .\Generated_Source\PSoC5\TPS_ADC.c -o .\CortexM3\ARM_GCC_484\Debug\TPS_ADC.o
arm-none-eabi-gcc.exe -mcpu=cortex-m3 -mthumb -Wno-main -I. -IGenerated_Source\PSoC5 -Wa,-alh=.\CortexM3\ARM_GCC_484\Debug/TPS_ADC_PM.lst -g -D DEBUG -Wall -ffunction-sections -Og -c .\Generated_Source\PSoC5\TPS_ADC_PM.c -o .\CortexM3\ARM_GCC_484\Debug\TPS_ADC_PM.o
arm-none-eabi-gcc.exe -mcpu=cortex-m3 -mthumb -Wno-main -I. -IGenerated_Source\PSoC5 -Wa,-alh=.\CortexM3\ARM_GCC_484\Debug/TPS_ADC_INT.lst -g -D DEBUG -Wall -ffunction-sections -Og -c .\Generated_Source\PSoC5\TPS_ADC_INT.c -o .\CortexM3\ARM_GCC_484\Debug\TPS_ADC_INT.o
arm-none-eabi-gcc.exe -mcpu=cortex-m3 -mthumb -Wno-main -I. -IGenerated_Source\PSoC5 -Wa,-alh=.\CortexM3\ARM_GCC_484\Debug/TPS_ADC_SAR.lst -g -D DEBUG -Wall -ffunction-sections -Og -c .\Generated_Source\PSoC5\TPS_ADC_SAR.c -o .\CortexM3\ARM_GCC_484\Debug\TPS_ADC_SAR.o
arm-none-eabi-gcc.exe -mcpu=cortex-m3 -mthumb -Wno-main -I. -IGenerated_Source\PSoC5 -Wa,-alh=.\CortexM3\ARM_GCC_484\Debug/TPS_ADC_SAR_INT.lst -g -D DEBUG -Wall -ffunction-sections -Og -c .\Generated_Source\PSoC5\TPS_ADC_SAR_INT.c -o .\CortexM3\ARM_GCC_484\Debug\TPS_ADC_SAR_INT.o
arm-none-eabi-gcc.exe -mcpu=cortex-m3 -mthumb -Wno-main -I. -IGenerated_Source\PSoC5 -Wa,-alh=.\CortexM3\ARM_GCC_484\Debug/TPS_ADC_SAR_PM.lst -g -D DEBUG -Wall -ffunction-sections -Og -c .\Generated_Source\PSoC5\TPS_ADC_SAR_PM.c -o .\CortexM3\ARM_GCC_484\Debug\TPS_ADC_SAR_PM.o
arm-none-eabi-gcc.exe -mcpu=cortex-m3 -mthumb -Wno-main -I. -IGenerated_Source\PSoC5 -Wa,-alh=.\CortexM3\ARM_GCC_484\Debug/TPS_ADC_IntClock.lst -g -D DEBUG -Wall -ffunction-sections -Og -c .\Generated_Source\PSoC5\TPS_ADC_IntClock.c -o .\CortexM3\ARM_GCC_484\Debug\TPS_ADC_IntClock.o
arm-none-eabi-gcc.exe -mcpu=cortex-m3 -mthumb -Wno-main -I. -IGenerated_Source\PSoC5 -Wa,-alh=.\CortexM3\ARM_GCC_484\Debug/TPS_ADC_TempBuf_dma.lst -g -D DEBUG -Wall -ffunction-sections -Og -c .\Generated_Source\PSoC5\TPS_ADC_TempBuf_dma.c -o .\CortexM3\ARM_GCC_484\Debug\TPS_ADC_TempBuf_dma.o
arm-none-eabi-gcc.exe -mcpu=cortex-m3 -mthumb -Wno-main -I. -IGenerated_Source\PSoC5 -Wa,-alh=.\CortexM3\ARM_GCC_484\Debug/TPS_ADC_FinalBuf_dma.lst -g -D DEBUG -Wall -ffunction-sections -Og -c .\Generated_Source\PSoC5\TPS_ADC_FinalBuf_dma.c -o .\CortexM3\ARM_GCC_484\Debug\TPS_ADC_FinalBuf_dma.o
arm-none-eabi-gcc.exe -mcpu=cortex-m3 -mthumb -Wno-main -I. -IGenerated_Source\PSoC5 -Wa,-alh=.\CortexM3\ARM_GCC_484\Debug/TPS_ADC_IRQ.lst -g -D DEBUG -Wall -ffunction-sections -Og -c .\Generated_Source\PSoC5\TPS_ADC_IRQ.c -o .\CortexM3\ARM_GCC_484\Debug\TPS_ADC_IRQ.o
arm-none-eabi-gcc.exe -mcpu=cortex-m3 -mthumb -Wno-main -I. -IGenerated_Source\PSoC5 -Wa,-alh=.\CortexM3\ARM_GCC_484\Debug/Cm3Start.lst -g -D DEBUG -Wall -ffunction-sections -Og -c .\Generated_Source\PSoC5\Cm3Start.c -o .\CortexM3\ARM_GCC_484\Debug\Cm3Start.o
arm-none-eabi-as.exe -mcpu=cortex-m3 -mthumb -I. -IGenerated_Source\PSoC5 -alh=.\CortexM3\ARM_GCC_484\Debug/CyBootAsmGnu.lst -g -W -o .\CortexM3\ARM_GCC_484\Debug\CyBootAsmGnu.o .\Generated_Source\PSoC5\CyBootAsmGnu.s
arm-none-eabi-gcc.exe -mcpu=cortex-m3 -mthumb -Wno-main -I. -IGenerated_Source\PSoC5 -Wa,-alh=.\CortexM3\ARM_GCC_484\Debug/CyDmac.lst -g -D DEBUG -Wall -ffunction-sections -Og -c .\Generated_Source\PSoC5\CyDmac.c -o .\CortexM3\ARM_GCC_484\Debug\CyDmac.o
arm-none-eabi-gcc.exe -mcpu=cortex-m3 -mthumb -Wno-main -I. -IGenerated_Source\PSoC5 -Wa,-alh=.\CortexM3\ARM_GCC_484\Debug/CyFlash.lst -g -D DEBUG -Wall -ffunction-sections -Og -c .\Generated_Source\PSoC5\CyFlash.c -o .\CortexM3\ARM_GCC_484\Debug\CyFlash.o
arm-none-eabi-gcc.exe -mcpu=cortex-m3 -mthumb -Wno-main -I. -IGenerated_Source\PSoC5 -Wa,-alh=.\CortexM3\ARM_GCC_484\Debug/CyLib.lst -g -D DEBUG -Wall -ffunction-sections -Og -c .\Generated_Source\PSoC5\CyLib.c -o .\CortexM3\ARM_GCC_484\Debug\CyLib.o
arm-none-eabi-gcc.exe -mcpu=cortex-m3 -mthumb -Wno-main -I. -IGenerated_Source\PSoC5 -Wa,-alh=.\CortexM3\ARM_GCC_484\Debug/cyPm.lst -g -D DEBUG -Wall -ffunction-sections -Og -c .\Generated_Source\PSoC5\cyPm.c -o .\CortexM3\ARM_GCC_484\Debug\cyPm.o
arm-none-eabi-gcc.exe -mcpu=cortex-m3 -mthumb -Wno-main -I. -IGenerated_Source\PSoC5 -Wa,-alh=.\CortexM3\ARM_GCC_484\Debug/CySpc.lst -g -D DEBUG -Wall -ffunction-sections -Og -c .\Generated_Source\PSoC5\CySpc.c -o .\CortexM3\ARM_GCC_484\Debug\CySpc.o
arm-none-eabi-gcc.exe -mcpu=cortex-m3 -mthumb -Wno-main -I. -IGenerated_Source\PSoC5 -Wa,-alh=.\CortexM3\ARM_GCC_484\Debug/cyutils.lst -g -D DEBUG -Wall -ffunction-sections -Og -c .\Generated_Source\PSoC5\cyutils.c -o .\CortexM3\ARM_GCC_484\Debug\cyutils.o
arm-none-eabi-gcc.exe -mcpu=cortex-m3 -mthumb -Wno-main -I. -IGenerated_Source\PSoC5 -Wa,-alh=.\CortexM3\ARM_GCC_484\Debug/TPS_0.lst -g -D DEBUG -Wall -ffunction-sections -Og -c .\Generated_Source\PSoC5\TPS_0.c -o .\CortexM3\ARM_GCC_484\Debug\TPS_0.o
arm-none-eabi-gcc.exe -mcpu=cortex-m3 -mthumb -Wno-main -I. -IGenerated_Source\PSoC5 -Wa,-alh=.\CortexM3\ARM_GCC_484\Debug/TPS_1.lst -g -D DEBUG -Wall -ffunction-sections -Og -c .\Generated_Source\PSoC5\TPS_1.c -o .\CortexM3\ARM_GCC_484\Debug\TPS_1.o
arm-none-eabi-gcc.exe -mcpu=cortex-m3 -mthumb -Wno-main -I. -IGenerated_Source\PSoC5 -Wa,-alh=.\CortexM3\ARM_GCC_484\Debug/APPS_ADC.lst -g -D DEBUG -Wall -ffunction-sections -Og -c .\Generated_Source\PSoC5\APPS_ADC.c -o .\CortexM3\ARM_GCC_484\Debug\APPS_ADC.o
arm-none-eabi-gcc.exe -mcpu=cortex-m3 -mthumb -Wno-main -I. -IGenerated_Source\PSoC5 -Wa,-alh=.\CortexM3\ARM_GCC_484\Debug/APPS_ADC_PM.lst -g -D DEBUG -Wall -ffunction-sections -Og -c .\Generated_Source\PSoC5\APPS_ADC_PM.c -o .\CortexM3\ARM_GCC_484\Debug\APPS_ADC_PM.o
arm-none-eabi-gcc.exe -mcpu=cortex-m3 -mthumb -Wno-main -I. -IGenerated_Source\PSoC5 -Wa,-alh=.\CortexM3\ARM_GCC_484\Debug/APPS_ADC_INT.lst -g -D DEBUG -Wall -ffunction-sections -Og -c .\Generated_Source\PSoC5\APPS_ADC_INT.c -o .\CortexM3\ARM_GCC_484\Debug\APPS_ADC_INT.o
arm-none-eabi-gcc.exe -mcpu=cortex-m3 -mthumb -Wno-main -I. -IGenerated_Source\PSoC5 -Wa,-alh=.\CortexM3\ARM_GCC_484\Debug/APPS_1.lst -g -D DEBUG -Wall -ffunction-sections -Og -c .\Generated_Source\PSoC5\APPS_1.c -o .\CortexM3\ARM_GCC_484\Debug\APPS_1.o
arm-none-eabi-gcc.exe -mcpu=cortex-m3 -mthumb -Wno-main -I. -IGenerated_Source\PSoC5 -Wa,-alh=.\CortexM3\ARM_GCC_484\Debug/APPS_ADC_SAR.lst -g -D DEBUG -Wall -ffunction-sections -Og -c .\Generated_Source\PSoC5\APPS_ADC_SAR.c -o .\CortexM3\ARM_GCC_484\Debug\APPS_ADC_SAR.o
arm-none-eabi-gcc.exe -mcpu=cortex-m3 -mthumb -Wno-main -I. -IGenerated_Source\PSoC5 -Wa,-alh=.\CortexM3\ARM_GCC_484\Debug/APPS_ADC_SAR_INT.lst -g -D DEBUG -Wall -ffunction-sections -Og -c .\Generated_Source\PSoC5\APPS_ADC_SAR_INT.c -o .\CortexM3\ARM_GCC_484\Debug\APPS_ADC_SAR_INT.o
arm-none-eabi-gcc.exe -mcpu=cortex-m3 -mthumb -Wno-main -I. -IGenerated_Source\PSoC5 -Wa,-alh=.\CortexM3\ARM_GCC_484\Debug/APPS_ADC_SAR_PM.lst -g -D DEBUG -Wall -ffunction-sections -Og -c .\Generated_Source\PSoC5\APPS_ADC_SAR_PM.c -o .\CortexM3\ARM_GCC_484\Debug\APPS_ADC_SAR_PM.o
arm-none-eabi-gcc.exe -mcpu=cortex-m3 -mthumb -Wno-main -I. -IGenerated_Source\PSoC5 -Wa,-alh=.\CortexM3\ARM_GCC_484\Debug/APPS_ADC_IntClock.lst -g -D DEBUG -Wall -ffunction-sections -Og -c .\Generated_Source\PSoC5\APPS_ADC_IntClock.c -o .\CortexM3\ARM_GCC_484\Debug\APPS_ADC_IntClock.o
arm-none-eabi-gcc.exe -mcpu=cortex-m3 -mthumb -Wno-main -I. -IGenerated_Source\PSoC5 -Wa,-alh=.\CortexM3\ARM_GCC_484\Debug/APPS_ADC_TempBuf_dma.lst -g -D DEBUG -Wall -ffunction-sections -Og -c .\Generated_Source\PSoC5\APPS_ADC_TempBuf_dma.c -o .\CortexM3\ARM_GCC_484\Debug\APPS_ADC_TempBuf_dma.o
arm-none-eabi-gcc.exe -mcpu=cortex-m3 -mthumb -Wno-main -I. -IGenerated_Source\PSoC5 -Wa,-alh=.\CortexM3\ARM_GCC_484\Debug/APPS_ADC_FinalBuf_dma.lst -g -D DEBUG -Wall -ffunction-sections -Og -c .\Generated_Source\PSoC5\APPS_ADC_FinalBuf_dma.c -o .\CortexM3\ARM_GCC_484\Debug\APPS_ADC_FinalBuf_dma.o
arm-none-eabi-gcc.exe -mcpu=cortex-m3 -mthumb -Wno-main -I. -IGenerated_Source\PSoC5 -Wa,-alh=.\CortexM3\ARM_GCC_484\Debug/APPS_ADC_IRQ.lst -g -D DEBUG -Wall -ffunction-sections -Og -c .\Generated_Source\PSoC5\APPS_ADC_IRQ.c -o .\CortexM3\ARM_GCC_484\Debug\APPS_ADC_IRQ.o
arm-none-eabi-gcc.exe -mcpu=cortex-m3 -mthumb -Wno-main -I. -IGenerated_Source\PSoC5 -Wa,-alh=.\CortexM3\ARM_GCC_484\Debug/APPS_0.lst -g -D DEBUG -Wall -ffunction-sections -Og -c .\Generated_Source\PSoC5\APPS_0.c -o .\CortexM3\ARM_GCC_484\Debug\APPS_0.o
arm-none-eabi-gcc.exe -mcpu=cortex-m3 -mthumb -Wno-main -I. -IGenerated_Source\PSoC5 -Wa,-alh=.\CortexM3\ARM_GCC_484\Debug/SERVO_PWM.lst -g -D DEBUG -Wall -ffunction-sections -Og -c .\Generated_Source\PSoC5\SERVO_PWM.c -o .\CortexM3\ARM_GCC_484\Debug\SERVO_PWM.o
arm-none-eabi-gcc.exe -mcpu=cortex-m3 -mthumb -Wno-main -I. -IGenerated_Source\PSoC5 -Wa,-alh=.\CortexM3\ARM_GCC_484\Debug/SERVO_PWM_PM.lst -g -D DEBUG -Wall -ffunction-sections -Og -c .\Generated_Source\PSoC5\SERVO_PWM_PM.c -o .\CortexM3\ARM_GCC_484\Debug\SERVO_PWM_PM.o
arm-none-eabi-gcc.exe -mcpu=cortex-m3 -mthumb -Wno-main -I. -IGenerated_Source\PSoC5 -Wa,-alh=.\CortexM3\ARM_GCC_484\Debug/SERVO_OUT.lst -g -D DEBUG -Wall -ffunction-sections -Og -c .\Generated_Source\PSoC5\SERVO_OUT.c -o .\CortexM3\ARM_GCC_484\Debug\SERVO_OUT.o
arm-none-eabi-gcc.exe -mcpu=cortex-m3 -mthumb -Wno-main -I. -IGenerated_Source\PSoC5 -Wa,-alh=.\CortexM3\ARM_GCC_484\Debug/Clock_1.lst -g -D DEBUG -Wall -ffunction-sections -Og -c .\Generated_Source\PSoC5\Clock_1.c -o .\CortexM3\ARM_GCC_484\Debug\Clock_1.o
arm-none-eabi-ar.exe -rs .\CortexM3\ARM_GCC_484\Debug\E-Throttle-Mainboard.a .\CortexM3\ARM_GCC_484\Debug\cyfitter_cfg.o .\CortexM3\ARM_GCC_484\Debug\TPS_ADC.o .\CortexM3\ARM_GCC_484\Debug\TPS_ADC_PM.o .\CortexM3\ARM_GCC_484\Debug\TPS_ADC_INT.o .\CortexM3\ARM_GCC_484\Debug\TPS_ADC_SAR.o .\CortexM3\ARM_GCC_484\Debug\TPS_ADC_SAR_INT.o .\CortexM3\ARM_GCC_484\Debug\TPS_ADC_SAR_PM.o .\CortexM3\ARM_GCC_484\Debug\TPS_ADC_IntClock.o .\CortexM3\ARM_GCC_484\Debug\TPS_ADC_TempBuf_dma.o .\CortexM3\ARM_GCC_484\Debug\TPS_ADC_FinalBuf_dma.o .\CortexM3\ARM_GCC_484\Debug\TPS_ADC_IRQ.o .\CortexM3\ARM_GCC_484\Debug\CyBootAsmGnu.o .\CortexM3\ARM_GCC_484\Debug\CyDmac.o .\CortexM3\ARM_GCC_484\Debug\CyFlash.o .\CortexM3\ARM_GCC_484\Debug\CyLib.o .\CortexM3\ARM_GCC_484\Debug\cyPm.o .\CortexM3\ARM_GCC_484\Debug\CySpc.o .\CortexM3\ARM_GCC_484\Debug\cyutils.o .\CortexM3\ARM_GCC_484\Debug\TPS_0.o .\CortexM3\ARM_GCC_484\Debug\TPS_1.o .\CortexM3\ARM_GCC_484\Debug\APPS_ADC.o .\CortexM3\ARM_GCC_484\Debug\APPS_ADC_PM.o .\CortexM3\ARM_GCC_484\Debug\APPS_ADC_INT.o .\CortexM3\ARM_GCC_484\Debug\APPS_1.o .\CortexM3\ARM_GCC_484\Debug\APPS_ADC_SAR.o .\CortexM3\ARM_GCC_484\Debug\APPS_ADC_SAR_INT.o .\CortexM3\ARM_GCC_484\Debug\APPS_ADC_SAR_PM.o .\CortexM3\ARM_GCC_484\Debug\APPS_ADC_IntClock.o .\CortexM3\ARM_GCC_484\Debug\APPS_ADC_TempBuf_dma.o .\CortexM3\ARM_GCC_484\Debug\APPS_ADC_FinalBuf_dma.o .\CortexM3\ARM_GCC_484\Debug\APPS_ADC_IRQ.o .\CortexM3\ARM_GCC_484\Debug\APPS_0.o .\CortexM3\ARM_GCC_484\Debug\SERVO_PWM.o .\CortexM3\ARM_GCC_484\Debug\SERVO_PWM_PM.o .\CortexM3\ARM_GCC_484\Debug\SERVO_OUT.o .\CortexM3\ARM_GCC_484\Debug\Clock_1.o
arm-none-eabi-ar.exe: creating .\CortexM3\ARM_GCC_484\Debug\E-Throttle-Mainboard.a
arm-none-eabi-gcc.exe -Wl,--start-group -o .\CortexM3\ARM_GCC_484\Debug\E-Throttle-Mainboard.elf .\CortexM3\ARM_GCC_484\Debug\main.o .\CortexM3\ARM_GCC_484\Debug\cymetadata.o .\CortexM3\ARM_GCC_484\Debug\Cm3Start.o .\CortexM3\ARM_GCC_484\Debug\E-Throttle-Mainboard.a "C:\Program Files (x86)\Cypress\PSoC Creator\3.2\PSoC Creator\psoc\content\cycomponentlibrary\CyComponentLibrary.cylib\CortexM3\ARM_GCC_484\Debug\CyComponentLibrary.a" -mcpu=cortex-m3 -mthumb -g -ffunction-sections -Og -l m -Wl,-Map,.\CortexM3\ARM_GCC_484\Debug/E-Throttle-Mainboard.map -T Generated_Source\PSoC5\cm3gcc.ld -specs=nano.specs -Wl,--gc-sections -Wl,--end-group
cyelftool.exe -C C:\Users\mitchell\Documents\fsae\E-Throttle\E-Throttle\E-Throttle-Mainboard.cydsn\CortexM3\ARM_GCC_484\Debug\E-Throttle-Mainboard.elf --flash_row_size 256 --flash_size 262144
cyelftool.exe -S C:\Users\mitchell\Documents\fsae\E-Throttle\E-Throttle\E-Throttle-Mainboard.cydsn\CortexM3\ARM_GCC_484\Debug\E-Throttle-Mainboard.elf
Flash used: 1536 of 262144 bytes (0.6 %).
SRAM used: 2485 of 65536 bytes (3.8 %). Stack: 2048 bytes. Heap: 128 bytes.
--------------- Build Succeeded: 12/27/2015 20:10:54 ---------------
