ARM GAS  C:\Users\mitchell\AppData\Local\Temp\ccBZp4kH.s 			page 1


   1              		.syntax unified
   2              		.cpu cortex-m3
   3              		.fpu softvfp
   4              		.eabi_attribute 20, 1
   5              		.eabi_attribute 21, 1
   6              		.eabi_attribute 23, 3
   7              		.eabi_attribute 24, 1
   8              		.eabi_attribute 25, 1
   9              		.eabi_attribute 26, 1
  10              		.eabi_attribute 30, 1
  11              		.eabi_attribute 34, 1
  12              		.eabi_attribute 18, 4
  13              		.thumb
  14              		.file	"cymetadata.c"
  15              		.text
  16              	.Ltext0:
  17              		.cfi_sections	.debug_frame
  18              		.global	cy_metadata
  19              		.global	cy_meta_flashprotect
  20              		.global	cy_meta_wonvl
  21              		.global	cy_meta_custnvl
  22              		.global	cy_meta_configecc
  23              		.section	.cyconfigecc,"a",%progbits
  24              		.align	2
  25              		.type	cy_meta_configecc, %object
  26              		.size	cy_meta_configecc, 2168
  27              	cy_meta_configecc:
  28 0000 04       		.byte	4
  29 0001 52       		.byte	82
  30 0002 00       		.byte	0
  31 0003 40       		.byte	64
  32 0004 02       		.byte	2
  33 0005 5B       		.byte	91
  34 0006 00       		.byte	0
  35 0007 40       		.byte	64
  36 0008 01       		.byte	1
  37 0009 64       		.byte	100
  38 000a 00       		.byte	0
  39 000b 40       		.byte	64
  40 000c 01       		.byte	1
  41 000d 65       		.byte	101
  42 000e 00       		.byte	0
  43 000f 40       		.byte	64
  44 0010 18       		.byte	24
  45 0011 00       		.byte	0
  46 0012 01       		.byte	1
  47 0013 40       		.byte	64
  48 0014 27       		.byte	39
  49 0015 01       		.byte	1
  50 0016 01       		.byte	1
  51 0017 40       		.byte	64
  52 0018 1F       		.byte	31
  53 0019 02       		.byte	2
  54 001a 01       		.byte	1
  55 001b 40       		.byte	64
  56 001c 46       		.byte	70
  57 001d 03       		.byte	3
ARM GAS  C:\Users\mitchell\AppData\Local\Temp\ccBZp4kH.s 			page 2


  58 001e 01       		.byte	1
  59 001f 40       		.byte	64
  60 0020 14       		.byte	20
  61 0021 04       		.byte	4
  62 0022 01       		.byte	1
  63 0023 40       		.byte	64
  64 0024 37       		.byte	55
  65 0025 05       		.byte	5
  66 0026 01       		.byte	1
  67 0027 40       		.byte	64
  68 0028 25       		.byte	37
  69 0029 06       		.byte	6
  70 002a 01       		.byte	1
  71 002b 40       		.byte	64
  72 002c 38       		.byte	56
  73 002d 07       		.byte	7
  74 002e 01       		.byte	1
  75 002f 40       		.byte	64
  76 0030 0B       		.byte	11
  77 0031 08       		.byte	8
  78 0032 01       		.byte	1
  79 0033 40       		.byte	64
  80 0034 31       		.byte	49
  81 0035 09       		.byte	9
  82 0036 01       		.byte	1
  83 0037 40       		.byte	64
  84 0038 17       		.byte	23
  85 0039 0A       		.byte	10
  86 003a 01       		.byte	1
  87 003b 40       		.byte	64
  88 003c 31       		.byte	49
  89 003d 0B       		.byte	11
  90 003e 01       		.byte	1
  91 003f 40       		.byte	64
  92 0040 16       		.byte	22
  93 0041 0C       		.byte	12
  94 0042 01       		.byte	1
  95 0043 40       		.byte	64
  96 0044 29       		.byte	41
  97 0045 0D       		.byte	13
  98 0046 01       		.byte	1
  99 0047 40       		.byte	64
 100 0048 0C       		.byte	12
 101 0049 14       		.byte	20
 102 004a 01       		.byte	1
 103 004b 40       		.byte	64
 104 004c 35       		.byte	53
 105 004d 15       		.byte	21
 106 004e 01       		.byte	1
 107 004f 40       		.byte	64
 108 0050 12       		.byte	18
 109 0051 16       		.byte	22
 110 0052 01       		.byte	1
 111 0053 40       		.byte	64
 112 0054 3E       		.byte	62
 113 0055 17       		.byte	23
 114 0056 01       		.byte	1
ARM GAS  C:\Users\mitchell\AppData\Local\Temp\ccBZp4kH.s 			page 3


 115 0057 40       		.byte	64
 116 0058 24       		.byte	36
 117 0059 18       		.byte	24
 118 005a 01       		.byte	1
 119 005b 40       		.byte	64
 120 005c 44       		.byte	68
 121 005d 19       		.byte	25
 122 005e 01       		.byte	1
 123 005f 40       		.byte	64
 124 0060 1A       		.byte	26
 125 0061 1A       		.byte	26
 126 0062 01       		.byte	1
 127 0063 40       		.byte	64
 128 0064 38       		.byte	56
 129 0065 1B       		.byte	27
 130 0066 01       		.byte	1
 131 0067 40       		.byte	64
 132 0068 10       		.byte	16
 133 0069 40       		.byte	64
 134 006a 01       		.byte	1
 135 006b 40       		.byte	64
 136 006c 0A       		.byte	10
 137 006d 41       		.byte	65
 138 006e 01       		.byte	1
 139 006f 40       		.byte	64
 140 0070 0D       		.byte	13
 141 0071 42       		.byte	66
 142 0072 01       		.byte	1
 143 0073 40       		.byte	64
 144 0074 0D       		.byte	13
 145 0075 43       		.byte	67
 146 0076 01       		.byte	1
 147 0077 40       		.byte	64
 148 0078 02       		.byte	2
 149 0079 45       		.byte	69
 150 007a 01       		.byte	1
 151 007b 40       		.byte	64
 152 007c 06       		.byte	6
 153 007d 46       		.byte	70
 154 007e 01       		.byte	1
 155 007f 40       		.byte	64
 156 0080 06       		.byte	6
 157 0081 47       		.byte	71
 158 0082 01       		.byte	1
 159 0083 40       		.byte	64
 160 0084 10       		.byte	16
 161 0085 48       		.byte	72
 162 0086 01       		.byte	1
 163 0087 40       		.byte	64
 164 0088 0B       		.byte	11
 165 0089 49       		.byte	73
 166 008a 01       		.byte	1
 167 008b 40       		.byte	64
 168 008c 08       		.byte	8
 169 008d 4C       		.byte	76
 170 008e 01       		.byte	1
 171 008f 40       		.byte	64
ARM GAS  C:\Users\mitchell\AppData\Local\Temp\ccBZp4kH.s 			page 4


 172 0090 04       		.byte	4
 173 0091 4D       		.byte	77
 174 0092 01       		.byte	1
 175 0093 40       		.byte	64
 176 0094 0A       		.byte	10
 177 0095 50       		.byte	80
 178 0096 01       		.byte	1
 179 0097 40       		.byte	64
 180 0098 02       		.byte	2
 181 0099 51       		.byte	81
 182 009a 01       		.byte	1
 183 009b 40       		.byte	64
 184 009c 00       		.byte	0
 185 009d 10       		.byte	16
 186 009e 19       		.byte	25
 187 009f 20       		.byte	32
 188 00a0 20       		.byte	32
 189 00a1 10       		.byte	16
 190 00a2 79       		.byte	121
 191 00a3 02       		.byte	2
 192 00a4 27       		.byte	39
 193 00a5 84       		.byte	-124
 194 00a6 2F       		.byte	47
 195 00a7 84       		.byte	-124
 196 00a8 83       		.byte	-125
 197 00a9 02       		.byte	2
 198 00aa 87       		.byte	-121
 199 00ab 02       		.byte	2
 200 00ac 02       		.byte	2
 201 00ad 04       		.byte	4
 202 00ae 0A       		.byte	10
 203 00af 08       		.byte	8
 204 00b0 0B       		.byte	11
 205 00b1 04       		.byte	4
 206 00b2 0C       		.byte	12
 207 00b3 01       		.byte	1
 208 00b4 10       		.byte	16
 209 00b5 04       		.byte	4
 210 00b6 14       		.byte	20
 211 00b7 08       		.byte	8
 212 00b8 1A       		.byte	26
 213 00b9 01       		.byte	1
 214 00ba 1B       		.byte	27
 215 00bb 01       		.byte	1
 216 00bc 1E       		.byte	30
 217 00bd 10       		.byte	16
 218 00be 1F       		.byte	31
 219 00bf 02       		.byte	2
 220 00c0 22       		.byte	34
 221 00c1 02       		.byte	2
 222 00c2 28       		.byte	40
 223 00c3 02       		.byte	2
 224 00c4 31       		.byte	49
 225 00c5 01       		.byte	1
 226 00c6 32       		.byte	50
 227 00c7 1F       		.byte	31
 228 00c8 33       		.byte	51
ARM GAS  C:\Users\mitchell\AppData\Local\Temp\ccBZp4kH.s 			page 5


 229 00c9 02       		.byte	2
 230 00ca 35       		.byte	53
 231 00cb 04       		.byte	4
 232 00cc 38       		.byte	56
 233 00cd 08       		.byte	8
 234 00ce 3E       		.byte	62
 235 00cf 04       		.byte	4
 236 00d0 58       		.byte	88
 237 00d1 04       		.byte	4
 238 00d2 59       		.byte	89
 239 00d3 04       		.byte	4
 240 00d4 5F       		.byte	95
 241 00d5 01       		.byte	1
 242 00d6 D8       		.byte	-40
 243 00d7 04       		.byte	4
 244 00d8 D9       		.byte	-39
 245 00d9 04       		.byte	4
 246 00da DF       		.byte	-33
 247 00db 01       		.byte	1
 248 00dc 00       		.byte	0
 249 00dd 60       		.byte	96
 250 00de 01       		.byte	1
 251 00df 11       		.byte	17
 252 00e0 03       		.byte	3
 253 00e1 20       		.byte	32
 254 00e2 05       		.byte	5
 255 00e3 10       		.byte	16
 256 00e4 08       		.byte	8
 257 00e5 02       		.byte	2
 258 00e6 09       		.byte	9
 259 00e7 22       		.byte	34
 260 00e8 0A       		.byte	10
 261 00e9 22       		.byte	34
 262 00ea 0B       		.byte	11
 263 00eb 80       		.byte	-128
 264 00ec 0D       		.byte	13
 265 00ed 02       		.byte	2
 266 00ee 0F       		.byte	15
 267 00ef 18       		.byte	24
 268 00f0 10       		.byte	16
 269 00f1 91       		.byte	-111
 270 00f2 12       		.byte	18
 271 00f3 08       		.byte	8
 272 00f4 14       		.byte	20
 273 00f5 01       		.byte	1
 274 00f6 15       		.byte	21
 275 00f7 02       		.byte	2
 276 00f8 17       		.byte	23
 277 00f9 08       		.byte	8
 278 00fa 18       		.byte	24
 279 00fb 10       		.byte	16
 280 00fc 1B       		.byte	27
 281 00fd 04       		.byte	4
 282 00fe 20       		.byte	32
 283 00ff 44       		.byte	68
 284 0100 21       		.byte	33
 285 0101 0D       		.byte	13
ARM GAS  C:\Users\mitchell\AppData\Local\Temp\ccBZp4kH.s 			page 6


 286 0102 22       		.byte	34
 287 0103 18       		.byte	24
 288 0104 23       		.byte	35
 289 0105 18       		.byte	24
 290 0106 28       		.byte	40
 291 0107 12       		.byte	18
 292 0108 29       		.byte	41
 293 0109 11       		.byte	17
 294 010a 2F       		.byte	47
 295 010b 60       		.byte	96
 296 010c 30       		.byte	48
 297 010d 84       		.byte	-124
 298 010e 31       		.byte	49
 299 010f 20       		.byte	32
 300 0110 34       		.byte	52
 301 0111 05       		.byte	5
 302 0112 35       		.byte	53
 303 0113 01       		.byte	1
 304 0114 37       		.byte	55
 305 0115 08       		.byte	8
 306 0116 38       		.byte	56
 307 0117 40       		.byte	64
 308 0118 39       		.byte	57
 309 0119 18       		.byte	24
 310 011a 3C       		.byte	60
 311 011b 40       		.byte	64
 312 011c 3F       		.byte	63
 313 011d 18       		.byte	24
 314 011e C0       		.byte	-64
 315 011f 4F       		.byte	79
 316 0120 C2       		.byte	-62
 317 0121 7F       		.byte	127
 318 0122 C4       		.byte	-60
 319 0123 BF       		.byte	-65
 320 0124 CA       		.byte	-54
 321 0125 CF       		.byte	-49
 322 0126 CC       		.byte	-52
 323 0127 CE       		.byte	-50
 324 0128 CE       		.byte	-50
 325 0129 7E       		.byte	126
 326 012a 58       		.byte	88
 327 012b 04       		.byte	4
 328 012c 59       		.byte	89
 329 012d 04       		.byte	4
 330 012e 5F       		.byte	95
 331 012f 01       		.byte	1
 332 0130 83       		.byte	-125
 333 0131 01       		.byte	1
 334 0132 87       		.byte	-121
 335 0133 08       		.byte	8
 336 0134 89       		.byte	-119
 337 0135 20       		.byte	32
 338 0136 8B       		.byte	-117
 339 0137 10       		.byte	16
 340 0138 8D       		.byte	-115
 341 0139 80       		.byte	-128
 342 013a 8F       		.byte	-113
ARM GAS  C:\Users\mitchell\AppData\Local\Temp\ccBZp4kH.s 			page 7


 343 013b 40       		.byte	64
 344 013c 93       		.byte	-109
 345 013d 04       		.byte	4
 346 013e 97       		.byte	-105
 347 013f 02       		.byte	2
 348 0140 99       		.byte	-103
 349 0141 08       		.byte	8
 350 0142 9D       		.byte	-99
 351 0143 02       		.byte	2
 352 0144 A1       		.byte	-95
 353 0145 40       		.byte	64
 354 0146 A2       		.byte	-94
 355 0147 01       		.byte	1
 356 0148 A3       		.byte	-93
 357 0149 80       		.byte	-128
 358 014a A5       		.byte	-91
 359 014b 01       		.byte	1
 360 014c A9       		.byte	-87
 361 014d 10       		.byte	16
 362 014e AA       		.byte	-86
 363 014f 02       		.byte	2
 364 0150 AB       		.byte	-85
 365 0151 20       		.byte	32
 366 0152 AD       		.byte	-83
 367 0153 04       		.byte	4
 368 0154 B0       		.byte	-80
 369 0155 01       		.byte	1
 370 0156 B1       		.byte	-79
 371 0157 FF       		.byte	-1
 372 0158 B4       		.byte	-76
 373 0159 02       		.byte	2
 374 015a BF       		.byte	-65
 375 015b 01       		.byte	1
 376 015c D6       		.byte	-42
 377 015d 02       		.byte	2
 378 015e D7       		.byte	-41
 379 015f 31       		.byte	49
 380 0160 D8       		.byte	-40
 381 0161 04       		.byte	4
 382 0162 D9       		.byte	-39
 383 0163 04       		.byte	4
 384 0164 DB       		.byte	-37
 385 0165 0C       		.byte	12
 386 0166 DF       		.byte	-33
 387 0167 01       		.byte	1
 388 0168 00       		.byte	0
 389 0169 40       		.byte	64
 390 016a 03       		.byte	3
 391 016b 20       		.byte	32
 392 016c 04       		.byte	4
 393 016d 04       		.byte	4
 394 016e 05       		.byte	5
 395 016f 11       		.byte	17
 396 0170 0A       		.byte	10
 397 0171 68       		.byte	104
 398 0172 0C       		.byte	12
 399 0173 10       		.byte	16
ARM GAS  C:\Users\mitchell\AppData\Local\Temp\ccBZp4kH.s 			page 8


 400 0174 0D       		.byte	13
 401 0175 0A       		.byte	10
 402 0176 0F       		.byte	15
 403 0177 08       		.byte	8
 404 0178 10       		.byte	16
 405 0179 11       		.byte	17
 406 017a 11       		.byte	17
 407 017b 10       		.byte	16
 408 017c 13       		.byte	19
 409 017d 02       		.byte	2
 410 017e 15       		.byte	21
 411 017f 02       		.byte	2
 412 0180 19       		.byte	25
 413 0181 11       		.byte	17
 414 0182 1A       		.byte	26
 415 0183 40       		.byte	64
 416 0184 1B       		.byte	27
 417 0185 20       		.byte	32
 418 0186 22       		.byte	34
 419 0187 01       		.byte	1
 420 0188 28       		.byte	40
 421 0189 02       		.byte	2
 422 018a 29       		.byte	41
 423 018b 11       		.byte	17
 424 018c 2A       		.byte	42
 425 018d 08       		.byte	8
 426 018e 2C       		.byte	44
 427 018f 01       		.byte	1
 428 0190 2F       		.byte	47
 429 0191 24       		.byte	36
 430 0192 30       		.byte	48
 431 0193 81       		.byte	-127
 432 0194 31       		.byte	49
 433 0195 0A       		.byte	10
 434 0196 32       		.byte	50
 435 0197 04       		.byte	4
 436 0198 33       		.byte	51
 437 0199 10       		.byte	16
 438 019a 35       		.byte	53
 439 019b 01       		.byte	1
 440 019c 36       		.byte	54
 441 019d 08       		.byte	8
 442 019e 38       		.byte	56
 443 019f 04       		.byte	4
 444 01a0 39       		.byte	57
 445 01a1 52       		.byte	82
 446 01a2 3B       		.byte	59
 447 01a3 08       		.byte	8
 448 01a4 3C       		.byte	60
 449 01a5 40       		.byte	64
 450 01a6 3F       		.byte	63
 451 01a7 08       		.byte	8
 452 01a8 5A       		.byte	90
 453 01a9 10       		.byte	16
 454 01aa 5C       		.byte	92
 455 01ab 02       		.byte	2
 456 01ac 5D       		.byte	93
ARM GAS  C:\Users\mitchell\AppData\Local\Temp\ccBZp4kH.s 			page 9


 457 01ad 01       		.byte	1
 458 01ae 63       		.byte	99
 459 01af 02       		.byte	2
 460 01b0 68       		.byte	104
 461 01b1 10       		.byte	16
 462 01b2 69       		.byte	105
 463 01b3 51       		.byte	81
 464 01b4 6B       		.byte	107
 465 01b5 12       		.byte	18
 466 01b6 70       		.byte	112
 467 01b7 80       		.byte	-128
 468 01b8 71       		.byte	113
 469 01b9 20       		.byte	32
 470 01ba 72       		.byte	114
 471 01bb 08       		.byte	8
 472 01bc 79       		.byte	121
 473 01bd 80       		.byte	-128
 474 01be 85       		.byte	-123
 475 01bf 01       		.byte	1
 476 01c0 8D       		.byte	-115
 477 01c1 19       		.byte	25
 478 01c2 90       		.byte	-112
 479 01c3 44       		.byte	68
 480 01c4 91       		.byte	-111
 481 01c5 02       		.byte	2
 482 01c6 92       		.byte	-110
 483 01c7 20       		.byte	32
 484 01c8 95       		.byte	-107
 485 01c9 01       		.byte	1
 486 01ca 96       		.byte	-106
 487 01cb 02       		.byte	2
 488 01cc 9C       		.byte	-100
 489 01cd 10       		.byte	16
 490 01ce 9D       		.byte	-99
 491 01cf 11       		.byte	17
 492 01d0 A1       		.byte	-95
 493 01d1 08       		.byte	8
 494 01d2 A2       		.byte	-94
 495 01d3 08       		.byte	8
 496 01d4 A3       		.byte	-93
 497 01d5 04       		.byte	4
 498 01d6 A4       		.byte	-92
 499 01d7 90       		.byte	-112
 500 01d8 A5       		.byte	-91
 501 01d9 22       		.byte	34
 502 01da A7       		.byte	-89
 503 01db 20       		.byte	32
 504 01dc B4       		.byte	-76
 505 01dd 10       		.byte	16
 506 01de C0       		.byte	-64
 507 01df 75       		.byte	117
 508 01e0 C2       		.byte	-62
 509 01e1 7E       		.byte	126
 510 01e2 C4       		.byte	-60
 511 01e3 1F       		.byte	31
 512 01e4 CA       		.byte	-54
 513 01e5 7F       		.byte	127
ARM GAS  C:\Users\mitchell\AppData\Local\Temp\ccBZp4kH.s 			page 10


 514 01e6 CC       		.byte	-52
 515 01e7 CF       		.byte	-49
 516 01e8 CE       		.byte	-50
 517 01e9 5F       		.byte	95
 518 01ea D6       		.byte	-42
 519 01eb 04       		.byte	4
 520 01ec D8       		.byte	-40
 521 01ed 08       		.byte	8
 522 01ee DE       		.byte	-34
 523 01ef 08       		.byte	8
 524 01f0 E4       		.byte	-28
 525 01f1 02       		.byte	2
 526 01f2 E8       		.byte	-24
 527 01f3 08       		.byte	8
 528 01f4 0E       		.byte	14
 529 01f5 01       		.byte	1
 530 01f6 28       		.byte	40
 531 01f7 02       		.byte	2
 532 01f8 2C       		.byte	44
 533 01f9 02       		.byte	2
 534 01fa 2F       		.byte	47
 535 01fb 01       		.byte	1
 536 01fc 30       		.byte	48
 537 01fd 02       		.byte	2
 538 01fe 31       		.byte	49
 539 01ff 01       		.byte	1
 540 0200 32       		.byte	50
 541 0201 01       		.byte	1
 542 0202 38       		.byte	56
 543 0203 02       		.byte	2
 544 0204 3E       		.byte	62
 545 0205 01       		.byte	1
 546 0206 52       		.byte	82
 547 0207 03       		.byte	3
 548 0208 53       		.byte	83
 549 0209 02       		.byte	2
 550 020a 58       		.byte	88
 551 020b 04       		.byte	4
 552 020c 59       		.byte	89
 553 020d 04       		.byte	4
 554 020e 5B       		.byte	91
 555 020f 04       		.byte	4
 556 0210 5C       		.byte	92
 557 0211 01       		.byte	1
 558 0212 5F       		.byte	95
 559 0213 01       		.byte	1
 560 0214 D8       		.byte	-40
 561 0215 04       		.byte	4
 562 0216 D9       		.byte	-39
 563 0217 04       		.byte	4
 564 0218 DC       		.byte	-36
 565 0219 11       		.byte	17
 566 021a DF       		.byte	-33
 567 021b 01       		.byte	1
 568 021c 00       		.byte	0
 569 021d 10       		.byte	16
 570 021e 01       		.byte	1
ARM GAS  C:\Users\mitchell\AppData\Local\Temp\ccBZp4kH.s 			page 11


 571 021f 48       		.byte	72
 572 0220 04       		.byte	4
 573 0221 10       		.byte	16
 574 0222 05       		.byte	5
 575 0223 08       		.byte	8
 576 0224 08       		.byte	8
 577 0225 80       		.byte	-128
 578 0226 0A       		.byte	10
 579 0227 40       		.byte	64
 580 0228 0B       		.byte	11
 581 0229 10       		.byte	16
 582 022a 0E       		.byte	14
 583 022b 40       		.byte	64
 584 022c 0F       		.byte	15
 585 022d 10       		.byte	16
 586 022e 10       		.byte	16
 587 022f 08       		.byte	8
 588 0230 13       		.byte	19
 589 0231 4A       		.byte	74
 590 0232 14       		.byte	20
 591 0233 81       		.byte	-127
 592 0234 17       		.byte	23
 593 0235 08       		.byte	8
 594 0236 18       		.byte	24
 595 0237 10       		.byte	16
 596 0238 1B       		.byte	27
 597 0239 09       		.byte	9
 598 023a 21       		.byte	33
 599 023b 02       		.byte	2
 600 023c 28       		.byte	40
 601 023d 02       		.byte	2
 602 023e 29       		.byte	41
 603 023f 01       		.byte	1
 604 0240 2B       		.byte	43
 605 0241 04       		.byte	4
 606 0242 2F       		.byte	47
 607 0243 48       		.byte	72
 608 0244 31       		.byte	49
 609 0245 1A       		.byte	26
 610 0246 34       		.byte	52
 611 0247 80       		.byte	-128
 612 0248 35       		.byte	53
 613 0249 08       		.byte	8
 614 024a 37       		.byte	55
 615 024b 02       		.byte	2
 616 024c 38       		.byte	56
 617 024d 44       		.byte	68
 618 024e 3E       		.byte	62
 619 024f 40       		.byte	64
 620 0250 3F       		.byte	63
 621 0251 10       		.byte	16
 622 0252 68       		.byte	104
 623 0253 08       		.byte	8
 624 0254 69       		.byte	105
 625 0255 80       		.byte	-128
 626 0256 6A       		.byte	106
 627 0257 10       		.byte	16
ARM GAS  C:\Users\mitchell\AppData\Local\Temp\ccBZp4kH.s 			page 12


 628 0258 81       		.byte	-127
 629 0259 40       		.byte	64
 630 025a 87       		.byte	-121
 631 025b 40       		.byte	64
 632 025c 90       		.byte	-112
 633 025d 44       		.byte	68
 634 025e 91       		.byte	-111
 635 025f 02       		.byte	2
 636 0260 95       		.byte	-107
 637 0261 80       		.byte	-128
 638 0262 96       		.byte	-106
 639 0263 10       		.byte	16
 640 0264 98       		.byte	-104
 641 0265 02       		.byte	2
 642 0266 99       		.byte	-103
 643 0267 11       		.byte	17
 644 0268 A1       		.byte	-95
 645 0269 08       		.byte	8
 646 026a A3       		.byte	-93
 647 026b 04       		.byte	4
 648 026c A5       		.byte	-91
 649 026d 02       		.byte	2
 650 026e A7       		.byte	-89
 651 026f 01       		.byte	1
 652 0270 A8       		.byte	-88
 653 0271 04       		.byte	4
 654 0272 B1       		.byte	-79
 655 0273 02       		.byte	2
 656 0274 C0       		.byte	-64
 657 0275 67       		.byte	103
 658 0276 C2       		.byte	-62
 659 0277 3D       		.byte	61
 660 0278 C4       		.byte	-60
 661 0279 BF       		.byte	-65
 662 027a CA       		.byte	-54
 663 027b AD       		.byte	-83
 664 027c CC       		.byte	-52
 665 027d D7       		.byte	-41
 666 027e CE       		.byte	-50
 667 027f 3A       		.byte	58
 668 0280 E0       		.byte	-32
 669 0281 01       		.byte	1
 670 0282 E2       		.byte	-30
 671 0283 18       		.byte	24
 672 0284 E6       		.byte	-26
 673 0285 02       		.byte	2
 674 0286 E8       		.byte	-24
 675 0287 04       		.byte	4
 676 0288 EE       		.byte	-18
 677 0289 01       		.byte	1
 678 028a 58       		.byte	88
 679 028b 04       		.byte	4
 680 028c 59       		.byte	89
 681 028d 04       		.byte	4
 682 028e 5F       		.byte	95
 683 028f 01       		.byte	1
 684 0290 81       		.byte	-127
ARM GAS  C:\Users\mitchell\AppData\Local\Temp\ccBZp4kH.s 			page 13


 685 0291 01       		.byte	1
 686 0292 82       		.byte	-126
 687 0293 02       		.byte	2
 688 0294 84       		.byte	-124
 689 0295 20       		.byte	32
 690 0296 86       		.byte	-122
 691 0297 10       		.byte	16
 692 0298 87       		.byte	-121
 693 0299 10       		.byte	16
 694 029a 88       		.byte	-120
 695 029b 40       		.byte	64
 696 029c 8A       		.byte	-118
 697 029d 80       		.byte	-128
 698 029e 8C       		.byte	-116
 699 029f 80       		.byte	-128
 700 02a0 8E       		.byte	-114
 701 02a1 40       		.byte	64
 702 02a2 91       		.byte	-111
 703 02a3 02       		.byte	2
 704 02a4 92       		.byte	-110
 705 02a5 04       		.byte	4
 706 02a6 94       		.byte	-108
 707 02a7 10       		.byte	16
 708 02a8 95       		.byte	-107
 709 02a9 08       		.byte	8
 710 02aa 96       		.byte	-106
 711 02ab 20       		.byte	32
 712 02ac 98       		.byte	-104
 713 02ad 01       		.byte	1
 714 02ae 9B       		.byte	-101
 715 02af 08       		.byte	8
 716 02b0 9D       		.byte	-99
 717 02b1 04       		.byte	4
 718 02b2 9E       		.byte	-98
 719 02b3 01       		.byte	1
 720 02b4 A0       		.byte	-96
 721 02b5 02       		.byte	2
 722 02b6 A3       		.byte	-93
 723 02b7 04       		.byte	4
 724 02b8 A4       		.byte	-92
 725 02b9 08       		.byte	8
 726 02ba AA       		.byte	-86
 727 02bb 08       		.byte	8
 728 02bc AB       		.byte	-85
 729 02bd 01       		.byte	1
 730 02be AC       		.byte	-84
 731 02bf 04       		.byte	4
 732 02c0 AF       		.byte	-81
 733 02c1 02       		.byte	2
 734 02c2 B3       		.byte	-77
 735 02c3 1F       		.byte	31
 736 02c4 B4       		.byte	-76
 737 02c5 FF       		.byte	-1
 738 02c6 B9       		.byte	-71
 739 02c7 08       		.byte	8
 740 02c8 BE       		.byte	-66
 741 02c9 10       		.byte	16
ARM GAS  C:\Users\mitchell\AppData\Local\Temp\ccBZp4kH.s 			page 14


 742 02ca BF       		.byte	-65
 743 02cb 04       		.byte	4
 744 02cc D8       		.byte	-40
 745 02cd 04       		.byte	4
 746 02ce D9       		.byte	-39
 747 02cf 04       		.byte	4
 748 02d0 DC       		.byte	-36
 749 02d1 10       		.byte	16
 750 02d2 DF       		.byte	-33
 751 02d3 01       		.byte	1
 752 02d4 00       		.byte	0
 753 02d5 18       		.byte	24
 754 02d6 01       		.byte	1
 755 02d7 62       		.byte	98
 756 02d8 04       		.byte	4
 757 02d9 04       		.byte	4
 758 02da 05       		.byte	5
 759 02db 11       		.byte	17
 760 02dc 06       		.byte	6
 761 02dd 20       		.byte	32
 762 02de 08       		.byte	8
 763 02df 80       		.byte	-128
 764 02e0 0A       		.byte	10
 765 02e1 D6       		.byte	-42
 766 02e2 0B       		.byte	11
 767 02e3 02       		.byte	2
 768 02e4 0D       		.byte	13
 769 02e5 0A       		.byte	10
 770 02e6 0E       		.byte	14
 771 02e7 80       		.byte	-128
 772 02e8 0F       		.byte	15
 773 02e9 28       		.byte	40
 774 02ea 10       		.byte	16
 775 02eb 90       		.byte	-112
 776 02ec 11       		.byte	17
 777 02ed 04       		.byte	4
 778 02ee 12       		.byte	18
 779 02ef 49       		.byte	73
 780 02f0 13       		.byte	19
 781 02f1 90       		.byte	-112
 782 02f2 15       		.byte	21
 783 02f3 03       		.byte	3
 784 02f4 18       		.byte	24
 785 02f5 08       		.byte	8
 786 02f6 20       		.byte	32
 787 02f7 20       		.byte	32
 788 02f8 22       		.byte	34
 789 02f9 04       		.byte	4
 790 02fa 28       		.byte	40
 791 02fb 08       		.byte	8
 792 02fc 29       		.byte	41
 793 02fd 08       		.byte	8
 794 02fe 2A       		.byte	42
 795 02ff 41       		.byte	65
 796 0300 2D       		.byte	45
 797 0301 01       		.byte	1
 798 0302 2E       		.byte	46
ARM GAS  C:\Users\mitchell\AppData\Local\Temp\ccBZp4kH.s 			page 15


 799 0303 20       		.byte	32
 800 0304 30       		.byte	48
 801 0305 11       		.byte	17
 802 0306 32       		.byte	50
 803 0307 48       		.byte	72
 804 0308 35       		.byte	53
 805 0309 11       		.byte	17
 806 030a 36       		.byte	54
 807 030b 40       		.byte	64
 808 030c 38       		.byte	56
 809 030d 18       		.byte	24
 810 030e 3B       		.byte	59
 811 030f 82       		.byte	-126
 812 0310 3F       		.byte	63
 813 0311 28       		.byte	40
 814 0312 40       		.byte	64
 815 0313 08       		.byte	8
 816 0314 42       		.byte	66
 817 0315 04       		.byte	4
 818 0316 58       		.byte	88
 819 0317 01       		.byte	1
 820 0318 59       		.byte	89
 821 0319 02       		.byte	2
 822 031a 5B       		.byte	91
 823 031b 02       		.byte	2
 824 031c 8E       		.byte	-114
 825 031d 10       		.byte	16
 826 031e 90       		.byte	-112
 827 031f 14       		.byte	20
 828 0320 91       		.byte	-111
 829 0321 02       		.byte	2
 830 0322 95       		.byte	-107
 831 0323 40       		.byte	64
 832 0324 96       		.byte	-106
 833 0325 40       		.byte	64
 834 0326 97       		.byte	-105
 835 0327 90       		.byte	-112
 836 0328 99       		.byte	-103
 837 0329 11       		.byte	17
 838 032a 9C       		.byte	-100
 839 032b 81       		.byte	-127
 840 032c 9D       		.byte	-99
 841 032d 08       		.byte	8
 842 032e 9F       		.byte	-97
 843 032f 0A       		.byte	10
 844 0330 A1       		.byte	-95
 845 0331 0A       		.byte	10
 846 0332 A3       		.byte	-93
 847 0333 04       		.byte	4
 848 0334 C0       		.byte	-64
 849 0335 7F       		.byte	127
 850 0336 C2       		.byte	-62
 851 0337 7F       		.byte	127
 852 0338 C4       		.byte	-60
 853 0339 1F       		.byte	31
 854 033a CA       		.byte	-54
 855 033b AF       		.byte	-81
ARM GAS  C:\Users\mitchell\AppData\Local\Temp\ccBZp4kH.s 			page 16


 856 033c CC       		.byte	-52
 857 033d BF       		.byte	-65
 858 033e CE       		.byte	-50
 859 033f 6F       		.byte	111
 860 0340 E6       		.byte	-26
 861 0341 09       		.byte	9
 862 0342 EE       		.byte	-18
 863 0343 06       		.byte	6
 864 0344 58       		.byte	88
 865 0345 04       		.byte	4
 866 0346 59       		.byte	89
 867 0347 04       		.byte	4
 868 0348 5C       		.byte	92
 869 0349 01       		.byte	1
 870 034a 5F       		.byte	95
 871 034b 01       		.byte	1
 872 034c D4       		.byte	-44
 873 034d 01       		.byte	1
 874 034e D8       		.byte	-40
 875 034f 04       		.byte	4
 876 0350 D9       		.byte	-39
 877 0351 04       		.byte	4
 878 0352 DB       		.byte	-37
 879 0353 0C       		.byte	12
 880 0354 DC       		.byte	-36
 881 0355 01       		.byte	1
 882 0356 DD       		.byte	-35
 883 0357 10       		.byte	16
 884 0358 DF       		.byte	-33
 885 0359 01       		.byte	1
 886 035a 00       		.byte	0
 887 035b 24       		.byte	36
 888 035c 04       		.byte	4
 889 035d 04       		.byte	4
 890 035e 08       		.byte	8
 891 035f 26       		.byte	38
 892 0360 09       		.byte	9
 893 0361 80       		.byte	-128
 894 0362 0D       		.byte	13
 895 0363 A4       		.byte	-92
 896 0364 10       		.byte	16
 897 0365 08       		.byte	8
 898 0366 11       		.byte	17
 899 0367 10       		.byte	16
 900 0368 14       		.byte	20
 901 0369 22       		.byte	34
 902 036a 15       		.byte	21
 903 036b 10       		.byte	16
 904 036c 28       		.byte	40
 905 036d 81       		.byte	-127
 906 036e 2A       		.byte	42
 907 036f 08       		.byte	8
 908 0370 2C       		.byte	44
 909 0371 02       		.byte	2
 910 0372 2E       		.byte	46
 911 0373 02       		.byte	2
 912 0374 30       		.byte	48
ARM GAS  C:\Users\mitchell\AppData\Local\Temp\ccBZp4kH.s 			page 17


 913 0375 02       		.byte	2
 914 0376 34       		.byte	52
 915 0377 81       		.byte	-127
 916 0378 38       		.byte	56
 917 0379 A2       		.byte	-94
 918 037a 3A       		.byte	58
 919 037b 22       		.byte	34
 920 037c 3B       		.byte	59
 921 037d 40       		.byte	64
 922 037e 3D       		.byte	61
 923 037f 04       		.byte	4
 924 0380 3E       		.byte	62
 925 0381 28       		.byte	40
 926 0382 3F       		.byte	63
 927 0383 40       		.byte	64
 928 0384 5A       		.byte	90
 929 0385 80       		.byte	-128
 930 0386 79       		.byte	121
 931 0387 40       		.byte	64
 932 0388 82       		.byte	-126
 933 0389 20       		.byte	32
 934 038a 86       		.byte	-122
 935 038b 80       		.byte	-128
 936 038c 8C       		.byte	-116
 937 038d 08       		.byte	8
 938 038e 8E       		.byte	-114
 939 038f 80       		.byte	-128
 940 0390 90       		.byte	-112
 941 0391 A2       		.byte	-94
 942 0392 91       		.byte	-111
 943 0393 04       		.byte	4
 944 0394 93       		.byte	-109
 945 0395 10       		.byte	16
 946 0396 94       		.byte	-108
 947 0397 04       		.byte	4
 948 0398 97       		.byte	-105
 949 0399 80       		.byte	-128
 950 039a 98       		.byte	-104
 951 039b 81       		.byte	-127
 952 039c 9C       		.byte	-100
 953 039d 26       		.byte	38
 954 039e 9D       		.byte	-99
 955 039f 04       		.byte	4
 956 03a0 9E       		.byte	-98
 957 03a1 80       		.byte	-128
 958 03a2 A0       		.byte	-96
 959 03a3 02       		.byte	2
 960 03a4 A1       		.byte	-95
 961 03a5 10       		.byte	16
 962 03a6 A2       		.byte	-94
 963 03a7 80       		.byte	-128
 964 03a8 C0       		.byte	-64
 965 03a9 26       		.byte	38
 966 03aa C2       		.byte	-62
 967 03ab EF       		.byte	-17
 968 03ac C4       		.byte	-60
 969 03ad E2       		.byte	-30
ARM GAS  C:\Users\mitchell\AppData\Local\Temp\ccBZp4kH.s 			page 18


 970 03ae CA       		.byte	-54
 971 03af 9B       		.byte	-101
 972 03b0 CC       		.byte	-52
 973 03b1 91       		.byte	-111
 974 03b2 CE       		.byte	-50
 975 03b3 7D       		.byte	125
 976 03b4 D6       		.byte	-42
 977 03b5 08       		.byte	8
 978 03b6 DE       		.byte	-34
 979 03b7 08       		.byte	8
 980 03b8 E4       		.byte	-28
 981 03b9 10       		.byte	16
 982 03ba EE       		.byte	-18
 983 03bb 06       		.byte	6
 984 03bc 58       		.byte	88
 985 03bd 04       		.byte	4
 986 03be 59       		.byte	89
 987 03bf 04       		.byte	4
 988 03c0 5F       		.byte	95
 989 03c1 01       		.byte	1
 990 03c2 80       		.byte	-128
 991 03c3 01       		.byte	1
 992 03c4 85       		.byte	-123
 993 03c5 01       		.byte	1
 994 03c6 88       		.byte	-120
 995 03c7 01       		.byte	1
 996 03c8 8D       		.byte	-115
 997 03c9 01       		.byte	1
 998 03ca 8E       		.byte	-114
 999 03cb 01       		.byte	1
 1000 03cc 90       		.byte	-112
 1001 03cd 01       		.byte	1
 1002 03ce 93       		.byte	-109
 1003 03cf 01       		.byte	1
 1004 03d0 95       		.byte	-107
 1005 03d1 01       		.byte	1
 1006 03d2 99       		.byte	-103
 1007 03d3 01       		.byte	1
 1008 03d4 A1       		.byte	-95
 1009 03d5 01       		.byte	1
 1010 03d6 A2       		.byte	-94
 1011 03d7 01       		.byte	1
 1012 03d8 A4       		.byte	-92
 1013 03d9 01       		.byte	1
 1014 03da AB       		.byte	-85
 1015 03db 01       		.byte	1
 1016 03dc AC       		.byte	-84
 1017 03dd 01       		.byte	1
 1018 03de B2       		.byte	-78
 1019 03df 01       		.byte	1
 1020 03e0 B5       		.byte	-75
 1021 03e1 01       		.byte	1
 1022 03e2 D8       		.byte	-40
 1023 03e3 04       		.byte	4
 1024 03e4 D9       		.byte	-39
 1025 03e5 04       		.byte	4
 1026 03e6 DC       		.byte	-36
ARM GAS  C:\Users\mitchell\AppData\Local\Temp\ccBZp4kH.s 			page 19


 1027 03e7 10       		.byte	16
 1028 03e8 DF       		.byte	-33
 1029 03e9 01       		.byte	1
 1030 03ea 00       		.byte	0
 1031 03eb 10       		.byte	16
 1032 03ec 02       		.byte	2
 1033 03ed 40       		.byte	64
 1034 03ee 04       		.byte	4
 1035 03ef 30       		.byte	48
 1036 03f0 06       		.byte	6
 1037 03f1 42       		.byte	66
 1038 03f2 08       		.byte	8
 1039 03f3 01       		.byte	1
 1040 03f4 0A       		.byte	10
 1041 03f5 20       		.byte	32
 1042 03f6 0C       		.byte	12
 1043 03f7 02       		.byte	2
 1044 03f8 10       		.byte	16
 1045 03f9 02       		.byte	2
 1046 03fa 11       		.byte	17
 1047 03fb 04       		.byte	4
 1048 03fc 13       		.byte	19
 1049 03fd 02       		.byte	2
 1050 03fe 14       		.byte	20
 1051 03ff 91       		.byte	-111
 1052 0400 15       		.byte	21
 1053 0401 04       		.byte	4
 1054 0402 17       		.byte	23
 1055 0403 02       		.byte	2
 1056 0404 1F       		.byte	31
 1057 0405 08       		.byte	8
 1058 0406 27       		.byte	39
 1059 0407 08       		.byte	8
 1060 0408 28       		.byte	40
 1061 0409 91       		.byte	-111
 1062 040a 2C       		.byte	44
 1063 040b 04       		.byte	4
 1064 040c 2F       		.byte	47
 1065 040d 40       		.byte	64
 1066 040e 30       		.byte	48
 1067 040f 02       		.byte	2
 1068 0410 34       		.byte	52
 1069 0411 22       		.byte	34
 1070 0412 35       		.byte	53
 1071 0413 04       		.byte	4
 1072 0414 38       		.byte	56
 1073 0415 A2       		.byte	-94
 1074 0416 3A       		.byte	58
 1075 0417 42       		.byte	66
 1076 0418 3C       		.byte	60
 1077 0419 04       		.byte	4
 1078 041a 3E       		.byte	62
 1079 041b 80       		.byte	-128
 1080 041c 81       		.byte	-127
 1081 041d 10       		.byte	16
 1082 041e 87       		.byte	-121
 1083 041f 08       		.byte	8
ARM GAS  C:\Users\mitchell\AppData\Local\Temp\ccBZp4kH.s 			page 20


 1084 0420 8F       		.byte	-113
 1085 0421 08       		.byte	8
 1086 0422 90       		.byte	-112
 1087 0423 A2       		.byte	-94
 1088 0424 91       		.byte	-111
 1089 0425 04       		.byte	4
 1090 0426 92       		.byte	-110
 1091 0427 20       		.byte	32
 1092 0428 93       		.byte	-109
 1093 0429 10       		.byte	16
 1094 042a 98       		.byte	-104
 1095 042b 01       		.byte	1
 1096 042c 9B       		.byte	-101
 1097 042d 02       		.byte	2
 1098 042e A0       		.byte	-96
 1099 042f 02       		.byte	2
 1100 0430 A2       		.byte	-94
 1101 0431 80       		.byte	-128
 1102 0432 A8       		.byte	-88
 1103 0433 10       		.byte	16
 1104 0434 A9       		.byte	-87
 1105 0435 80       		.byte	-128
 1106 0436 AA       		.byte	-86
 1107 0437 60       		.byte	96
 1108 0438 B0       		.byte	-80
 1109 0439 01       		.byte	1
 1110 043a C0       		.byte	-64
 1111 043b DA       		.byte	-38
 1112 043c C2       		.byte	-62
 1113 043d 1C       		.byte	28
 1114 043e C4       		.byte	-60
 1115 043f BD       		.byte	-67
 1116 0440 CA       		.byte	-54
 1117 0441 AB       		.byte	-85
 1118 0442 CC       		.byte	-52
 1119 0443 E1       		.byte	-31
 1120 0444 CE       		.byte	-50
 1121 0445 5D       		.byte	93
 1122 0446 E2       		.byte	-30
 1123 0447 10       		.byte	16
 1124 0448 E6       		.byte	-26
 1125 0449 02       		.byte	2
 1126 044a EC       		.byte	-20
 1127 044b 20       		.byte	32
 1128 044c 58       		.byte	88
 1129 044d 04       		.byte	4
 1130 044e 59       		.byte	89
 1131 044f 04       		.byte	4
 1132 0450 5F       		.byte	95
 1133 0451 01       		.byte	1
 1134 0452 81       		.byte	-127
 1135 0453 01       		.byte	1
 1136 0454 89       		.byte	-119
 1137 0455 01       		.byte	1
 1138 0456 8C       		.byte	-116
 1139 0457 01       		.byte	1
 1140 0458 8D       		.byte	-115
ARM GAS  C:\Users\mitchell\AppData\Local\Temp\ccBZp4kH.s 			page 21


 1141 0459 01       		.byte	1
 1142 045a 90       		.byte	-112
 1143 045b 01       		.byte	1
 1144 045c 93       		.byte	-109
 1145 045d 01       		.byte	1
 1146 045e 94       		.byte	-108
 1147 045f 01       		.byte	1
 1148 0460 98       		.byte	-104
 1149 0461 01       		.byte	1
 1150 0462 99       		.byte	-103
 1151 0463 01       		.byte	1
 1152 0464 A2       		.byte	-94
 1153 0465 01       		.byte	1
 1154 0466 A3       		.byte	-93
 1155 0467 01       		.byte	1
 1156 0468 A4       		.byte	-92
 1157 0469 01       		.byte	1
 1158 046a AC       		.byte	-84
 1159 046b 01       		.byte	1
 1160 046c AD       		.byte	-83
 1161 046d 01       		.byte	1
 1162 046e B0       		.byte	-80
 1163 046f 01       		.byte	1
 1164 0470 B7       		.byte	-73
 1165 0471 01       		.byte	1
 1166 0472 D8       		.byte	-40
 1167 0473 04       		.byte	4
 1168 0474 D9       		.byte	-39
 1169 0475 04       		.byte	4
 1170 0476 DF       		.byte	-33
 1171 0477 01       		.byte	1
 1172 0478 01       		.byte	1
 1173 0479 80       		.byte	-128
 1174 047a 06       		.byte	6
 1175 047b A0       		.byte	-96
 1176 047c 08       		.byte	8
 1177 047d 01       		.byte	1
 1178 047e 09       		.byte	9
 1179 047f 14       		.byte	20
 1180 0480 0C       		.byte	12
 1181 0481 01       		.byte	1
 1182 0482 0F       		.byte	15
 1183 0483 08       		.byte	8
 1184 0484 11       		.byte	17
 1185 0485 44       		.byte	68
 1186 0486 13       		.byte	19
 1187 0487 02       		.byte	2
 1188 0488 14       		.byte	20
 1189 0489 02       		.byte	2
 1190 048a 17       		.byte	23
 1191 048b 0A       		.byte	10
 1192 048c 1A       		.byte	26
 1193 048d 80       		.byte	-128
 1194 048e 22       		.byte	34
 1195 048f 80       		.byte	-128
 1196 0490 28       		.byte	40
 1197 0491 01       		.byte	1
ARM GAS  C:\Users\mitchell\AppData\Local\Temp\ccBZp4kH.s 			page 22


 1198 0492 29       		.byte	41
 1199 0493 01       		.byte	1
 1200 0494 2C       		.byte	44
 1201 0495 01       		.byte	1
 1202 0496 2F       		.byte	47
 1203 0497 80       		.byte	-128
 1204 0498 30       		.byte	48
 1205 0499 12       		.byte	18
 1206 049a 35       		.byte	53
 1207 049b 01       		.byte	1
 1208 049c 37       		.byte	55
 1209 049d 0A       		.byte	10
 1210 049e 38       		.byte	56
 1211 049f A2       		.byte	-94
 1212 04a0 3D       		.byte	61
 1213 04a1 04       		.byte	4
 1214 04a2 3E       		.byte	62
 1215 04a3 A0       		.byte	-96
 1216 04a4 84       		.byte	-124
 1217 04a5 12       		.byte	18
 1218 04a6 85       		.byte	-123
 1219 04a7 04       		.byte	4
 1220 04a8 8C       		.byte	-116
 1221 04a9 43       		.byte	67
 1222 04aa 8D       		.byte	-115
 1223 04ab 54       		.byte	84
 1224 04ac 8E       		.byte	-114
 1225 04ad 90       		.byte	-112
 1226 04ae 8F       		.byte	-113
 1227 04af 8C       		.byte	-116
 1228 04b0 93       		.byte	-109
 1229 04b1 10       		.byte	16
 1230 04b2 9B       		.byte	-101
 1231 04b3 02       		.byte	2
 1232 04b4 AF       		.byte	-81
 1233 04b5 10       		.byte	16
 1234 04b6 B7       		.byte	-73
 1235 04b7 02       		.byte	2
 1236 04b8 C0       		.byte	-64
 1237 04b9 31       		.byte	49
 1238 04ba C2       		.byte	-62
 1239 04bb 5E       		.byte	94
 1240 04bc C4       		.byte	-60
 1241 04bd BD       		.byte	-67
 1242 04be CA       		.byte	-54
 1243 04bf 99       		.byte	-103
 1244 04c0 CC       		.byte	-52
 1245 04c1 C5       		.byte	-59
 1246 04c2 CE       		.byte	-50
 1247 04c3 7D       		.byte	125
 1248 04c4 E0       		.byte	-32
 1249 04c5 40       		.byte	64
 1250 04c6 E4       		.byte	-28
 1251 04c7 50       		.byte	80
 1252 04c8 E8       		.byte	-24
 1253 04c9 10       		.byte	16
 1254 04ca 1A       		.byte	26
ARM GAS  C:\Users\mitchell\AppData\Local\Temp\ccBZp4kH.s 			page 23


 1255 04cb 02       		.byte	2
 1256 04cc 22       		.byte	34
 1257 04cd 01       		.byte	1
 1258 04ce 30       		.byte	48
 1259 04cf 01       		.byte	1
 1260 04d0 36       		.byte	54
 1261 04d1 02       		.byte	2
 1262 04d2 58       		.byte	88
 1263 04d3 04       		.byte	4
 1264 04d4 59       		.byte	89
 1265 04d5 04       		.byte	4
 1266 04d6 5C       		.byte	92
 1267 04d7 11       		.byte	17
 1268 04d8 5F       		.byte	95
 1269 04d9 01       		.byte	1
 1270 04da D8       		.byte	-40
 1271 04db 04       		.byte	4
 1272 04dc D9       		.byte	-39
 1273 04dd 04       		.byte	4
 1274 04de DC       		.byte	-36
 1275 04df 11       		.byte	17
 1276 04e0 DF       		.byte	-33
 1277 04e1 01       		.byte	1
 1278 04e2 00       		.byte	0
 1279 04e3 40       		.byte	64
 1280 04e4 01       		.byte	1
 1281 04e5 31       		.byte	49
 1282 04e6 02       		.byte	2
 1283 04e7 04       		.byte	4
 1284 04e8 04       		.byte	4
 1285 04e9 02       		.byte	2
 1286 04ea 05       		.byte	5
 1287 04eb 20       		.byte	32
 1288 04ec 08       		.byte	8
 1289 04ed 02       		.byte	2
 1290 04ee 0A       		.byte	10
 1291 04ef 96       		.byte	-106
 1292 04f0 0E       		.byte	14
 1293 04f1 50       		.byte	80
 1294 04f2 10       		.byte	16
 1295 04f3 80       		.byte	-128
 1296 04f4 12       		.byte	18
 1297 04f5 08       		.byte	8
 1298 04f6 13       		.byte	19
 1299 04f7 20       		.byte	32
 1300 04f8 14       		.byte	20
 1301 04f9 02       		.byte	2
 1302 04fa 15       		.byte	21
 1303 04fb 01       		.byte	1
 1304 04fc 17       		.byte	23
 1305 04fd 20       		.byte	32
 1306 04fe 18       		.byte	24
 1307 04ff 42       		.byte	66
 1308 0500 19       		.byte	25
 1309 0501 42       		.byte	66
 1310 0502 1A       		.byte	26
 1311 0503 42       		.byte	66
ARM GAS  C:\Users\mitchell\AppData\Local\Temp\ccBZp4kH.s 			page 24


 1312 0504 29       		.byte	41
 1313 0505 02       		.byte	2
 1314 0506 2A       		.byte	42
 1315 0507 04       		.byte	4
 1316 0508 2D       		.byte	45
 1317 0509 01       		.byte	1
 1318 050a 2E       		.byte	46
 1319 050b 10       		.byte	16
 1320 050c 2F       		.byte	47
 1321 050d 40       		.byte	64
 1322 050e 32       		.byte	50
 1323 050f 59       		.byte	89
 1324 0510 34       		.byte	52
 1325 0511 02       		.byte	2
 1326 0512 35       		.byte	53
 1327 0513 40       		.byte	64
 1328 0514 36       		.byte	54
 1329 0515 08       		.byte	8
 1330 0516 3B       		.byte	59
 1331 0517 80       		.byte	-128
 1332 0518 3D       		.byte	61
 1333 0519 10       		.byte	16
 1334 051a 3E       		.byte	62
 1335 051b 40       		.byte	64
 1336 051c 89       		.byte	-119
 1337 051d 02       		.byte	2
 1338 051e 8A       		.byte	-118
 1339 051f 01       		.byte	1
 1340 0520 92       		.byte	-110
 1341 0521 B4       		.byte	-76
 1342 0522 93       		.byte	-109
 1343 0523 80       		.byte	-128
 1344 0524 96       		.byte	-106
 1345 0525 02       		.byte	2
 1346 0526 99       		.byte	-103
 1347 0527 20       		.byte	32
 1348 0528 9D       		.byte	-99
 1349 0529 02       		.byte	2
 1350 052a A0       		.byte	-96
 1351 052b 80       		.byte	-128
 1352 052c A2       		.byte	-94
 1353 052d 08       		.byte	8
 1354 052e AB       		.byte	-85
 1355 052f 20       		.byte	32
 1356 0530 AD       		.byte	-83
 1357 0531 40       		.byte	64
 1358 0532 B0       		.byte	-80
 1359 0533 04       		.byte	4
 1360 0534 B2       		.byte	-78
 1361 0535 08       		.byte	8
 1362 0536 C0       		.byte	-64
 1363 0537 5B       		.byte	91
 1364 0538 C2       		.byte	-62
 1365 0539 3F       		.byte	63
 1366 053a C4       		.byte	-60
 1367 053b DA       		.byte	-38
 1368 053c CA       		.byte	-54
ARM GAS  C:\Users\mitchell\AppData\Local\Temp\ccBZp4kH.s 			page 25


 1369 053d A3       		.byte	-93
 1370 053e CC       		.byte	-52
 1371 053f DF       		.byte	-33
 1372 0540 CE       		.byte	-50
 1373 0541 38       		.byte	56
 1374 0542 E6       		.byte	-26
 1375 0543 02       		.byte	2
 1376 0544 E8       		.byte	-24
 1377 0545 10       		.byte	16
 1378 0546 EA       		.byte	-22
 1379 0547 01       		.byte	1
 1380 0548 EC       		.byte	-20
 1381 0549 20       		.byte	32
 1382 054a EE       		.byte	-18
 1383 054b 08       		.byte	8
 1384 054c 58       		.byte	88
 1385 054d 04       		.byte	4
 1386 054e 59       		.byte	89
 1387 054f 04       		.byte	4
 1388 0550 5C       		.byte	92
 1389 0551 11       		.byte	17
 1390 0552 5F       		.byte	95
 1391 0553 01       		.byte	1
 1392 0554 87       		.byte	-121
 1393 0555 02       		.byte	2
 1394 0556 9F       		.byte	-97
 1395 0557 01       		.byte	1
 1396 0558 AA       		.byte	-86
 1397 0559 01       		.byte	1
 1398 055a B2       		.byte	-78
 1399 055b 01       		.byte	1
 1400 055c B3       		.byte	-77
 1401 055d 02       		.byte	2
 1402 055e B7       		.byte	-73
 1403 055f 01       		.byte	1
 1404 0560 D6       		.byte	-42
 1405 0561 02       		.byte	2
 1406 0562 D7       		.byte	-41
 1407 0563 31       		.byte	49
 1408 0564 D8       		.byte	-40
 1409 0565 04       		.byte	4
 1410 0566 D9       		.byte	-39
 1411 0567 04       		.byte	4
 1412 0568 DB       		.byte	-37
 1413 0569 0F       		.byte	15
 1414 056a DC       		.byte	-36
 1415 056b 11       		.byte	17
 1416 056c DD       		.byte	-35
 1417 056d 10       		.byte	16
 1418 056e DF       		.byte	-33
 1419 056f 01       		.byte	1
 1420 0570 01       		.byte	1
 1421 0571 3A       		.byte	58
 1422 0572 05       		.byte	5
 1423 0573 22       		.byte	34
 1424 0574 08       		.byte	8
 1425 0575 04       		.byte	4
ARM GAS  C:\Users\mitchell\AppData\Local\Temp\ccBZp4kH.s 			page 26


 1426 0576 0A       		.byte	10
 1427 0577 8A       		.byte	-118
 1428 0578 0B       		.byte	11
 1429 0579 04       		.byte	4
 1430 057a 0E       		.byte	14
 1431 057b 10       		.byte	16
 1432 057c 0F       		.byte	15
 1433 057d 04       		.byte	4
 1434 057e 10       		.byte	16
 1435 057f 08       		.byte	8
 1436 0580 14       		.byte	20
 1437 0581 84       		.byte	-124
 1438 0582 15       		.byte	21
 1439 0583 80       		.byte	-128
 1440 0584 19       		.byte	25
 1441 0585 08       		.byte	8
 1442 0586 1A       		.byte	26
 1443 0587 30       		.byte	48
 1444 0588 21       		.byte	33
 1445 0589 40       		.byte	64
 1446 058a 22       		.byte	34
 1447 058b 48       		.byte	72
 1448 058c 28       		.byte	40
 1449 058d 04       		.byte	4
 1450 058e 29       		.byte	41
 1451 058f 0A       		.byte	10
 1452 0590 2D       		.byte	45
 1453 0591 08       		.byte	8
 1454 0592 2F       		.byte	47
 1455 0593 40       		.byte	64
 1456 0594 32       		.byte	50
 1457 0595 05       		.byte	5
 1458 0596 33       		.byte	51
 1459 0597 40       		.byte	64
 1460 0598 34       		.byte	52
 1461 0599 80       		.byte	-128
 1462 059a 35       		.byte	53
 1463 059b 22       		.byte	34
 1464 059c 36       		.byte	54
 1465 059d 08       		.byte	8
 1466 059e 39       		.byte	57
 1467 059f 94       		.byte	-108
 1468 05a0 3E       		.byte	62
 1469 05a1 08       		.byte	8
 1470 05a2 5B       		.byte	91
 1471 05a3 20       		.byte	32
 1472 05a4 61       		.byte	97
 1473 05a5 40       		.byte	64
 1474 05a6 68       		.byte	104
 1475 05a7 0C       		.byte	12
 1476 05a8 69       		.byte	105
 1477 05a9 44       		.byte	68
 1478 05aa 6B       		.byte	107
 1479 05ab C0       		.byte	-64
 1480 05ac 70       		.byte	112
 1481 05ad 80       		.byte	-128
 1482 05ae 72       		.byte	114
ARM GAS  C:\Users\mitchell\AppData\Local\Temp\ccBZp4kH.s 			page 27


 1483 05af 04       		.byte	4
 1484 05b0 78       		.byte	120
 1485 05b1 01       		.byte	1
 1486 05b2 84       		.byte	-124
 1487 05b3 01       		.byte	1
 1488 05b4 8D       		.byte	-115
 1489 05b5 08       		.byte	8
 1490 05b6 8E       		.byte	-114
 1491 05b7 48       		.byte	72
 1492 05b8 92       		.byte	-110
 1493 05b9 08       		.byte	8
 1494 05ba 93       		.byte	-109
 1495 05bb 80       		.byte	-128
 1496 05bc 95       		.byte	-107
 1497 05bd 44       		.byte	68
 1498 05be 96       		.byte	-106
 1499 05bf 96       		.byte	-106
 1500 05c0 98       		.byte	-104
 1501 05c1 80       		.byte	-128
 1502 05c2 99       		.byte	-103
 1503 05c3 20       		.byte	32
 1504 05c4 9D       		.byte	-99
 1505 05c5 0A       		.byte	10
 1506 05c6 9F       		.byte	-97
 1507 05c7 80       		.byte	-128
 1508 05c8 A4       		.byte	-92
 1509 05c9 84       		.byte	-124
 1510 05ca A6       		.byte	-90
 1511 05cb 08       		.byte	8
 1512 05cc B0       		.byte	-80
 1513 05cd 10       		.byte	16
 1514 05ce B1       		.byte	-79
 1515 05cf 20       		.byte	32
 1516 05d0 B3       		.byte	-77
 1517 05d1 48       		.byte	72
 1518 05d2 C0       		.byte	-64
 1519 05d3 5E       		.byte	94
 1520 05d4 C2       		.byte	-62
 1521 05d5 6F       		.byte	111
 1522 05d6 C4       		.byte	-60
 1523 05d7 D2       		.byte	-46
 1524 05d8 CA       		.byte	-54
 1525 05d9 C7       		.byte	-57
 1526 05da CC       		.byte	-52
 1527 05db FB       		.byte	-5
 1528 05dc CE       		.byte	-50
 1529 05dd 4E       		.byte	78
 1530 05de D6       		.byte	-42
 1531 05df 04       		.byte	4
 1532 05e0 D8       		.byte	-40
 1533 05e1 08       		.byte	8
 1534 05e2 DE       		.byte	-34
 1535 05e3 01       		.byte	1
 1536 05e4 E2       		.byte	-30
 1537 05e5 02       		.byte	2
 1538 05e6 E4       		.byte	-28
 1539 05e7 01       		.byte	1
ARM GAS  C:\Users\mitchell\AppData\Local\Temp\ccBZp4kH.s 			page 28


 1540 05e8 E6       		.byte	-26
 1541 05e9 40       		.byte	64
 1542 05ea EE       		.byte	-18
 1543 05eb 01       		.byte	1
 1544 05ec 02       		.byte	2
 1545 05ed 02       		.byte	2
 1546 05ee 04       		.byte	4
 1547 05ef 10       		.byte	16
 1548 05f0 08       		.byte	8
 1549 05f1 10       		.byte	16
 1550 05f2 0C       		.byte	12
 1551 05f3 04       		.byte	4
 1552 05f4 12       		.byte	18
 1553 05f5 01       		.byte	1
 1554 05f6 16       		.byte	22
 1555 05f7 04       		.byte	4
 1556 05f8 1A       		.byte	26
 1557 05f9 08       		.byte	8
 1558 05fa 1D       		.byte	29
 1559 05fb 01       		.byte	1
 1560 05fc 28       		.byte	40
 1561 05fd 01       		.byte	1
 1562 05fe 2F       		.byte	47
 1563 05ff 03       		.byte	3
 1564 0600 30       		.byte	48
 1565 0601 03       		.byte	3
 1566 0602 32       		.byte	50
 1567 0603 0C       		.byte	12
 1568 0604 33       		.byte	51
 1569 0605 01       		.byte	1
 1570 0606 34       		.byte	52
 1571 0607 10       		.byte	16
 1572 0608 37       		.byte	55
 1573 0609 02       		.byte	2
 1574 060a 38       		.byte	56
 1575 060b 20       		.byte	32
 1576 060c 3E       		.byte	62
 1577 060d 10       		.byte	16
 1578 060e 56       		.byte	86
 1579 060f 08       		.byte	8
 1580 0610 58       		.byte	88
 1581 0611 04       		.byte	4
 1582 0612 59       		.byte	89
 1583 0613 0D       		.byte	13
 1584 0614 5B       		.byte	91
 1585 0615 04       		.byte	4
 1586 0616 5C       		.byte	92
 1587 0617 09       		.byte	9
 1588 0618 5D       		.byte	93
 1589 0619 90       		.byte	-112
 1590 061a 5F       		.byte	95
 1591 061b 01       		.byte	1
 1592 061c 88       		.byte	-120
 1593 061d 01       		.byte	1
 1594 061e 96       		.byte	-106
 1595 061f 03       		.byte	3
 1596 0620 B0       		.byte	-80
ARM GAS  C:\Users\mitchell\AppData\Local\Temp\ccBZp4kH.s 			page 29


 1597 0621 01       		.byte	1
 1598 0622 B2       		.byte	-78
 1599 0623 02       		.byte	2
 1600 0624 D2       		.byte	-46
 1601 0625 03       		.byte	3
 1602 0626 D3       		.byte	-45
 1603 0627 02       		.byte	2
 1604 0628 D8       		.byte	-40
 1605 0629 0C       		.byte	12
 1606 062a D9       		.byte	-39
 1607 062b 04       		.byte	4
 1608 062c DB       		.byte	-37
 1609 062d 04       		.byte	4
 1610 062e DC       		.byte	-36
 1611 062f 11       		.byte	17
 1612 0630 DD       		.byte	-35
 1613 0631 10       		.byte	16
 1614 0632 DF       		.byte	-33
 1615 0633 01       		.byte	1
 1616 0634 00       		.byte	0
 1617 0635 10       		.byte	16
 1618 0636 04       		.byte	4
 1619 0637 80       		.byte	-128
 1620 0638 05       		.byte	5
 1621 0639 08       		.byte	8
 1622 063a 06       		.byte	6
 1623 063b 40       		.byte	64
 1624 063c 07       		.byte	7
 1625 063d 04       		.byte	4
 1626 063e 09       		.byte	9
 1627 063f 08       		.byte	8
 1628 0640 0D       		.byte	13
 1629 0641 08       		.byte	8
 1630 0642 0E       		.byte	14
 1631 0643 80       		.byte	-128
 1632 0644 0F       		.byte	15
 1633 0645 04       		.byte	4
 1634 0646 17       		.byte	23
 1635 0647 10       		.byte	16
 1636 0648 18       		.byte	24
 1637 0649 90       		.byte	-112
 1638 064a 1A       		.byte	26
 1639 064b 80       		.byte	-128
 1640 064c 1D       		.byte	29
 1641 064d 08       		.byte	8
 1642 064e 1E       		.byte	30
 1643 064f 80       		.byte	-128
 1644 0650 1F       		.byte	31
 1645 0651 21       		.byte	33
 1646 0652 26       		.byte	38
 1647 0653 80       		.byte	-128
 1648 0654 27       		.byte	39
 1649 0655 10       		.byte	16
 1650 0656 28       		.byte	40
 1651 0657 20       		.byte	32
 1652 0658 29       		.byte	41
 1653 0659 02       		.byte	2
ARM GAS  C:\Users\mitchell\AppData\Local\Temp\ccBZp4kH.s 			page 30


 1654 065a 2A       		.byte	42
 1655 065b 20       		.byte	32
 1656 065c 2F       		.byte	47
 1657 065d 01       		.byte	1
 1658 065e 31       		.byte	49
 1659 065f 24       		.byte	36
 1660 0660 32       		.byte	50
 1661 0661 03       		.byte	3
 1662 0662 36       		.byte	54
 1663 0663 80       		.byte	-128
 1664 0664 38       		.byte	56
 1665 0665 04       		.byte	4
 1666 0666 5C       		.byte	92
 1667 0667 80       		.byte	-128
 1668 0668 5F       		.byte	95
 1669 0669 10       		.byte	16
 1670 066a 66       		.byte	102
 1671 066b 40       		.byte	64
 1672 066c 67       		.byte	103
 1673 066d 04       		.byte	4
 1674 066e 69       		.byte	105
 1675 066f 40       		.byte	64
 1676 0670 6B       		.byte	107
 1677 0671 05       		.byte	5
 1678 0672 79       		.byte	121
 1679 0673 40       		.byte	64
 1680 0674 7D       		.byte	125
 1681 0675 20       		.byte	32
 1682 0676 80       		.byte	-128
 1683 0677 80       		.byte	-128
 1684 0678 81       		.byte	-127
 1685 0679 08       		.byte	8
 1686 067a 87       		.byte	-121
 1687 067b 01       		.byte	1
 1688 067c 8D       		.byte	-115
 1689 067d 86       		.byte	-122
 1690 067e 8E       		.byte	-114
 1691 067f 45       		.byte	69
 1692 0680 8F       		.byte	-113
 1693 0681 10       		.byte	16
 1694 0682 92       		.byte	-110
 1695 0683 02       		.byte	2
 1696 0684 93       		.byte	-109
 1697 0685 10       		.byte	16
 1698 0686 94       		.byte	-108
 1699 0687 04       		.byte	4
 1700 0688 95       		.byte	-107
 1701 0689 48       		.byte	72
 1702 068a 96       		.byte	-106
 1703 068b 80       		.byte	-128
 1704 068c 97       		.byte	-105
 1705 068d 80       		.byte	-128
 1706 068e 9C       		.byte	-100
 1707 068f 20       		.byte	32
 1708 0690 9D       		.byte	-99
 1709 0691 04       		.byte	4
 1710 0692 A1       		.byte	-95
ARM GAS  C:\Users\mitchell\AppData\Local\Temp\ccBZp4kH.s 			page 31


 1711 0693 30       		.byte	48
 1712 0694 A4       		.byte	-92
 1713 0695 10       		.byte	16
 1714 0696 A5       		.byte	-91
 1715 0697 80       		.byte	-128
 1716 0698 A6       		.byte	-90
 1717 0699 20       		.byte	32
 1718 069a AA       		.byte	-86
 1719 069b 40       		.byte	64
 1720 069c B0       		.byte	-80
 1721 069d 06       		.byte	6
 1722 069e B1       		.byte	-79
 1723 069f 20       		.byte	32
 1724 06a0 B2       		.byte	-78
 1725 06a1 01       		.byte	1
 1726 06a2 C0       		.byte	-64
 1727 06a3 F2       		.byte	-14
 1728 06a4 C2       		.byte	-62
 1729 06a5 74       		.byte	116
 1730 06a6 C4       		.byte	-60
 1731 06a7 40       		.byte	64
 1732 06a8 CA       		.byte	-54
 1733 06a9 17       		.byte	23
 1734 06aa CC       		.byte	-52
 1735 06ab 17       		.byte	23
 1736 06ac CE       		.byte	-50
 1737 06ad 02       		.byte	2
 1738 06ae D6       		.byte	-42
 1739 06af 30       		.byte	48
 1740 06b0 D8       		.byte	-40
 1741 06b1 30       		.byte	48
 1742 06b2 DE       		.byte	-34
 1743 06b3 28       		.byte	40
 1744 06b4 E0       		.byte	-32
 1745 06b5 50       		.byte	80
 1746 06b6 E6       		.byte	-26
 1747 06b7 44       		.byte	68
 1748 06b8 E8       		.byte	-24
 1749 06b9 20       		.byte	32
 1750 06ba EC       		.byte	-20
 1751 06bb 80       		.byte	-128
 1752 06bc 04       		.byte	4
 1753 06bd 01       		.byte	1
 1754 06be 0A       		.byte	10
 1755 06bf 01       		.byte	1
 1756 06c0 10       		.byte	16
 1757 06c1 01       		.byte	1
 1758 06c2 14       		.byte	20
 1759 06c3 01       		.byte	1
 1760 06c4 18       		.byte	24
 1761 06c5 01       		.byte	1
 1762 06c6 20       		.byte	32
 1763 06c7 01       		.byte	1
 1764 06c8 26       		.byte	38
 1765 06c9 01       		.byte	1
 1766 06ca 36       		.byte	54
 1767 06cb 01       		.byte	1
ARM GAS  C:\Users\mitchell\AppData\Local\Temp\ccBZp4kH.s 			page 32


 1768 06cc 58       		.byte	88
 1769 06cd 04       		.byte	4
 1770 06ce 59       		.byte	89
 1771 06cf 04       		.byte	4
 1772 06d0 5C       		.byte	92
 1773 06d1 11       		.byte	17
 1774 06d2 5F       		.byte	95
 1775 06d3 01       		.byte	1
 1776 06d4 87       		.byte	-121
 1777 06d5 01       		.byte	1
 1778 06d6 91       		.byte	-111
 1779 06d7 01       		.byte	1
 1780 06d8 95       		.byte	-107
 1781 06d9 01       		.byte	1
 1782 06da 99       		.byte	-103
 1783 06db 01       		.byte	1
 1784 06dc A1       		.byte	-95
 1785 06dd 01       		.byte	1
 1786 06de A5       		.byte	-91
 1787 06df 01       		.byte	1
 1788 06e0 A9       		.byte	-87
 1789 06e1 01       		.byte	1
 1790 06e2 B5       		.byte	-75
 1791 06e3 01       		.byte	1
 1792 06e4 D4       		.byte	-44
 1793 06e5 01       		.byte	1
 1794 06e6 D8       		.byte	-40
 1795 06e7 04       		.byte	4
 1796 06e8 D9       		.byte	-39
 1797 06e9 04       		.byte	4
 1798 06ea DB       		.byte	-37
 1799 06eb 0D       		.byte	13
 1800 06ec DC       		.byte	-36
 1801 06ed 11       		.byte	17
 1802 06ee DF       		.byte	-33
 1803 06ef 01       		.byte	1
 1804 06f0 00       		.byte	0
 1805 06f1 0C       		.byte	12
 1806 06f2 02       		.byte	2
 1807 06f3 08       		.byte	8
 1808 06f4 04       		.byte	4
 1809 06f5 04       		.byte	4
 1810 06f6 07       		.byte	7
 1811 06f7 04       		.byte	4
 1812 06f8 08       		.byte	8
 1813 06f9 25       		.byte	37
 1814 06fa 0C       		.byte	12
 1815 06fb 60       		.byte	96
 1816 06fc 0D       		.byte	13
 1817 06fd 20       		.byte	32
 1818 06fe 0E       		.byte	14
 1819 06ff 22       		.byte	34
 1820 0700 0F       		.byte	15
 1821 0701 08       		.byte	8
 1822 0702 10       		.byte	16
 1823 0703 60       		.byte	96
 1824 0704 15       		.byte	21
ARM GAS  C:\Users\mitchell\AppData\Local\Temp\ccBZp4kH.s 			page 33


 1825 0705 08       		.byte	8
 1826 0706 17       		.byte	23
 1827 0707 01       		.byte	1
 1828 0708 1A       		.byte	26
 1829 0709 02       		.byte	2
 1830 070a 26       		.byte	38
 1831 070b 20       		.byte	32
 1832 070c 28       		.byte	40
 1833 070d 60       		.byte	96
 1834 070e 2C       		.byte	44
 1835 070f 44       		.byte	68
 1836 0710 2F       		.byte	47
 1837 0711 14       		.byte	20
 1838 0712 30       		.byte	48
 1839 0713 01       		.byte	1
 1840 0714 31       		.byte	49
 1841 0715 20       		.byte	32
 1842 0716 32       		.byte	50
 1843 0717 0A       		.byte	10
 1844 0718 33       		.byte	51
 1845 0719 01       		.byte	1
 1846 071a 36       		.byte	54
 1847 071b 1E       		.byte	30
 1848 071c 37       		.byte	55
 1849 071d 04       		.byte	4
 1850 071e 39       		.byte	57
 1851 071f 08       		.byte	8
 1852 0720 3B       		.byte	59
 1853 0721 28       		.byte	40
 1854 0722 3F       		.byte	63
 1855 0723 08       		.byte	8
 1856 0724 5E       		.byte	94
 1857 0725 40       		.byte	64
 1858 0726 7D       		.byte	125
 1859 0727 20       		.byte	32
 1860 0728 86       		.byte	-122
 1861 0729 01       		.byte	1
 1862 072a 88       		.byte	-120
 1863 072b 24       		.byte	36
 1864 072c 8A       		.byte	-118
 1865 072d 10       		.byte	16
 1866 072e 8B       		.byte	-117
 1867 072f 10       		.byte	16
 1868 0730 91       		.byte	-111
 1869 0731 08       		.byte	8
 1870 0732 92       		.byte	-110
 1871 0733 40       		.byte	64
 1872 0734 94       		.byte	-108
 1873 0735 04       		.byte	4
 1874 0736 9C       		.byte	-100
 1875 0737 20       		.byte	32
 1876 0738 A1       		.byte	-95
 1877 0739 30       		.byte	48
 1878 073a A2       		.byte	-94
 1879 073b 07       		.byte	7
 1880 073c A6       		.byte	-90
 1881 073d 20       		.byte	32
ARM GAS  C:\Users\mitchell\AppData\Local\Temp\ccBZp4kH.s 			page 34


 1882 073e AB       		.byte	-85
 1883 073f 04       		.byte	4
 1884 0740 AF       		.byte	-81
 1885 0741 20       		.byte	32
 1886 0742 B0       		.byte	-80
 1887 0743 10       		.byte	16
 1888 0744 B1       		.byte	-79
 1889 0745 04       		.byte	4
 1890 0746 B2       		.byte	-78
 1891 0747 20       		.byte	32
 1892 0748 B3       		.byte	-77
 1893 0749 40       		.byte	64
 1894 074a C0       		.byte	-64
 1895 074b 66       		.byte	102
 1896 074c C2       		.byte	-62
 1897 074d EE       		.byte	-18
 1898 074e C4       		.byte	-60
 1899 074f 3C       		.byte	60
 1900 0750 CA       		.byte	-54
 1901 0751 E3       		.byte	-29
 1902 0752 CC       		.byte	-52
 1903 0753 E7       		.byte	-25
 1904 0754 CE       		.byte	-50
 1905 0755 46       		.byte	70
 1906 0756 D6       		.byte	-42
 1907 0757 10       		.byte	16
 1908 0758 DE       		.byte	-34
 1909 0759 20       		.byte	32
 1910 075a E0       		.byte	-32
 1911 075b A0       		.byte	-96
 1912 075c E8       		.byte	-24
 1913 075d 10       		.byte	16
 1914 075e EC       		.byte	-20
 1915 075f A0       		.byte	-96
 1916 0760 11       		.byte	17
 1917 0761 02       		.byte	2
 1918 0762 13       		.byte	19
 1919 0763 10       		.byte	16
 1920 0764 16       		.byte	22
 1921 0765 88       		.byte	-120
 1922 0766 31       		.byte	49
 1923 0767 20       		.byte	32
 1924 0768 34       		.byte	52
 1925 0769 80       		.byte	-128
 1926 076a 39       		.byte	57
 1927 076b 04       		.byte	4
 1928 076c 3E       		.byte	62
 1929 076d 88       		.byte	-120
 1930 076e 43       		.byte	67
 1931 076f 20       		.byte	32
 1932 0770 53       		.byte	83
 1933 0771 08       		.byte	8
 1934 0772 5E       		.byte	94
 1935 0773 01       		.byte	1
 1936 0774 C4       		.byte	-60
 1937 0775 F0       		.byte	-16
 1938 0776 CC       		.byte	-52
ARM GAS  C:\Users\mitchell\AppData\Local\Temp\ccBZp4kH.s 			page 35


 1939 0777 30       		.byte	48
 1940 0778 CE       		.byte	-50
 1941 0779 E0       		.byte	-32
 1942 077a D0       		.byte	-48
 1943 077b 10       		.byte	16
 1944 077c D4       		.byte	-44
 1945 077d 20       		.byte	32
 1946 077e D6       		.byte	-42
 1947 077f 80       		.byte	-128
 1948 0780 5E       		.byte	94
 1949 0781 02       		.byte	2
 1950 0782 95       		.byte	-107
 1951 0783 04       		.byte	4
 1952 0784 96       		.byte	-106
 1953 0785 01       		.byte	1
 1954 0786 9C       		.byte	-100
 1955 0787 80       		.byte	-128
 1956 0788 A1       		.byte	-95
 1957 0789 01       		.byte	1
 1958 078a A5       		.byte	-91
 1959 078b 20       		.byte	32
 1960 078c A7       		.byte	-89
 1961 078d 28       		.byte	40
 1962 078e AF       		.byte	-81
 1963 078f 10       		.byte	16
 1964 0790 D6       		.byte	-42
 1965 0791 80       		.byte	-128
 1966 0792 E8       		.byte	-24
 1967 0793 10       		.byte	16
 1968 0794 86       		.byte	-122
 1969 0795 01       		.byte	1
 1970 0796 8F       		.byte	-113
 1971 0797 40       		.byte	64
 1972 0798 95       		.byte	-107
 1973 0799 04       		.byte	4
 1974 079a 96       		.byte	-106
 1975 079b 01       		.byte	1
 1976 079c 9C       		.byte	-100
 1977 079d 80       		.byte	-128
 1978 079e A1       		.byte	-95
 1979 079f 01       		.byte	1
 1980 07a0 A3       		.byte	-93
 1981 07a1 10       		.byte	16
 1982 07a2 A5       		.byte	-91
 1983 07a3 20       		.byte	32
 1984 07a4 A6       		.byte	-90
 1985 07a5 01       		.byte	1
 1986 07a6 A7       		.byte	-89
 1987 07a7 28       		.byte	40
 1988 07a8 AB       		.byte	-85
 1989 07a9 10       		.byte	16
 1990 07aa E2       		.byte	-30
 1991 07ab 10       		.byte	16
 1992 07ac EE       		.byte	-18
 1993 07ad 80       		.byte	-128
 1994 07ae 82       		.byte	-126
 1995 07af 01       		.byte	1
ARM GAS  C:\Users\mitchell\AppData\Local\Temp\ccBZp4kH.s 			page 36


 1996 07b0 86       		.byte	-122
 1997 07b1 80       		.byte	-128
 1998 07b2 9B       		.byte	-101
 1999 07b3 40       		.byte	64
 2000 07b4 9C       		.byte	-100
 2001 07b5 80       		.byte	-128
 2002 07b6 A1       		.byte	-95
 2003 07b7 01       		.byte	1
 2004 07b8 A3       		.byte	-93
 2005 07b9 10       		.byte	16
 2006 07ba A5       		.byte	-91
 2007 07bb 20       		.byte	32
 2008 07bc A6       		.byte	-90
 2009 07bd 01       		.byte	1
 2010 07be A7       		.byte	-89
 2011 07bf 08       		.byte	8
 2012 07c0 AB       		.byte	-85
 2013 07c1 20       		.byte	32
 2014 07c2 AD       		.byte	-83
 2015 07c3 04       		.byte	4
 2016 07c4 E6       		.byte	-26
 2017 07c5 90       		.byte	-112
 2018 07c6 EE       		.byte	-18
 2019 07c7 60       		.byte	96
 2020 07c8 22       		.byte	34
 2021 07c9 01       		.byte	1
 2022 07ca C8       		.byte	-56
 2023 07cb 02       		.byte	2
 2024 07cc 1B       		.byte	27
 2025 07cd 04       		.byte	4
 2026 07ce 26       		.byte	38
 2027 07cf 04       		.byte	4
 2028 07d0 86       		.byte	-122
 2029 07d1 01       		.byte	1
 2030 07d2 92       		.byte	-110
 2031 07d3 02       		.byte	2
 2032 07d4 C6       		.byte	-58
 2033 07d5 08       		.byte	8
 2034 07d6 C8       		.byte	-56
 2035 07d7 01       		.byte	1
 2036 07d8 44       		.byte	68
 2037 07d9 01       		.byte	1
 2038 07da 97       		.byte	-105
 2039 07db 20       		.byte	32
 2040 07dc A2       		.byte	-94
 2041 07dd 04       		.byte	4
 2042 07de AB       		.byte	-85
 2043 07df 04       		.byte	4
 2044 07e0 AF       		.byte	-81
 2045 07e1 10       		.byte	16
 2046 07e2 D0       		.byte	-48
 2047 07e3 04       		.byte	4
 2048 07e4 20       		.byte	32
 2049 07e5 80       		.byte	-128
 2050 07e6 24       		.byte	36
 2051 07e7 08       		.byte	8
 2052 07e8 5B       		.byte	91
ARM GAS  C:\Users\mitchell\AppData\Local\Temp\ccBZp4kH.s 			page 37


 2053 07e9 40       		.byte	64
 2054 07ea 81       		.byte	-127
 2055 07eb 01       		.byte	1
 2056 07ec 8D       		.byte	-115
 2057 07ed 20       		.byte	32
 2058 07ee 9B       		.byte	-101
 2059 07ef 40       		.byte	64
 2060 07f0 A1       		.byte	-95
 2061 07f1 01       		.byte	1
 2062 07f2 A2       		.byte	-94
 2063 07f3 80       		.byte	-128
 2064 07f4 A3       		.byte	-93
 2065 07f5 10       		.byte	16
 2066 07f6 A5       		.byte	-91
 2067 07f7 20       		.byte	32
 2068 07f8 A7       		.byte	-89
 2069 07f9 08       		.byte	8
 2070 07fa A8       		.byte	-88
 2071 07fb 80       		.byte	-128
 2072 07fc C8       		.byte	-56
 2073 07fd 60       		.byte	96
 2074 07fe D4       		.byte	-44
 2075 07ff 80       		.byte	-128
 2076 0800 E4       		.byte	-28
 2077 0801 80       		.byte	-128
 2078 0802 EE       		.byte	-18
 2079 0803 80       		.byte	-128
 2080 0804 52       		.byte	82
 2081 0805 80       		.byte	-128
 2082 0806 63       		.byte	99
 2083 0807 20       		.byte	32
 2084 0808 87       		.byte	-121
 2085 0809 08       		.byte	8
 2086 080a A2       		.byte	-94
 2087 080b 80       		.byte	-128
 2088 080c A3       		.byte	-93
 2089 080d 10       		.byte	16
 2090 080e A7       		.byte	-89
 2091 080f 08       		.byte	8
 2092 0810 B0       		.byte	-80
 2093 0811 40       		.byte	64
 2094 0812 B4       		.byte	-76
 2095 0813 04       		.byte	4
 2096 0814 D4       		.byte	-44
 2097 0815 20       		.byte	32
 2098 0816 D8       		.byte	-40
 2099 0817 40       		.byte	64
 2100 0818 E6       		.byte	-26
 2101 0819 40       		.byte	64
 2102 081a 1F       		.byte	31
 2103 081b 10       		.byte	16
 2104 081c 34       		.byte	52
 2105 081d 02       		.byte	2
 2106 081e 82       		.byte	-126
 2107 081f 04       		.byte	4
 2108 0820 97       		.byte	-105
 2109 0821 20       		.byte	32
ARM GAS  C:\Users\mitchell\AppData\Local\Temp\ccBZp4kH.s 			page 38


 2110 0822 9C       		.byte	-100
 2111 0823 01       		.byte	1
 2112 0824 A2       		.byte	-94
 2113 0825 04       		.byte	4
 2114 0826 C6       		.byte	-58
 2115 0827 01       		.byte	1
 2116 0828 CC       		.byte	-52
 2117 0829 01       		.byte	1
 2118 082a B0       		.byte	-80
 2119 082b 01       		.byte	1
 2120 082c B4       		.byte	-76
 2121 082d 02       		.byte	2
 2122 082e E8       		.byte	-24
 2123 082f 08       		.byte	8
 2124 0830 EC       		.byte	-20
 2125 0831 04       		.byte	4
 2126 0832 00       		.byte	0
 2127 0833 03       		.byte	3
 2128 0834 08       		.byte	8
 2129 0835 01       		.byte	1
 2130 0836 0A       		.byte	10
 2131 0837 03       		.byte	3
 2132 0838 0C       		.byte	12
 2133 0839 03       		.byte	3
 2134 083a 0E       		.byte	14
 2135 083b 01       		.byte	1
 2136 083c 10       		.byte	16
 2137 083d 03       		.byte	3
 2138 083e 11       		.byte	17
 2139 083f 01       		.byte	1
 2140 0840 1A       		.byte	26
 2141 0841 02       		.byte	2
 2142 0842 1C       		.byte	28
 2143 0843 03       		.byte	3
 2144 0844 1D       		.byte	29
 2145 0845 01       		.byte	1
 2146 0846 00       		.byte	0
 2147 0847 0F       		.byte	15
 2148 0848 10       		.byte	16
 2149 0849 AA       		.byte	-86
 2150 084a 00       		.byte	0
 2151 084b 00       		.byte	0
 2152 084c 00       		.byte	0
 2153 084d 00       		.byte	0
 2154 084e 00       		.byte	0
 2155 084f 00       		.byte	0
 2156 0850 00       		.byte	0
 2157 0851 10       		.byte	16
 2158 0852 10       		.byte	16
 2159 0853 00       		.byte	0
 2160 0854 00       		.byte	0
 2161 0855 00       		.byte	0
 2162 0856 00       		.byte	0
 2163 0857 00       		.byte	0
 2164 0858 00       		.byte	0
 2165 0859 02       		.byte	2
 2166 085a 02       		.byte	2
ARM GAS  C:\Users\mitchell\AppData\Local\Temp\ccBZp4kH.s 			page 39


 2167 085b 00       		.byte	0
 2168 085c 00       		.byte	0
 2169 085d 00       		.byte	0
 2170 085e 00       		.byte	0
 2171 085f 00       		.byte	0
 2172 0860 00       		.byte	0
 2173 0861 22       		.byte	34
 2174 0862 22       		.byte	34
 2175 0863 00       		.byte	0
 2176 0864 00       		.byte	0
 2177 0865 00       		.byte	0
 2178 0866 00       		.byte	0
 2179 0867 00       		.byte	0
 2180 0868 00       		.byte	0
 2181 0869 11       		.byte	17
 2182 086a 11       		.byte	17
 2183 086b 00       		.byte	0
 2184 086c 00       		.byte	0
 2185 086d 01       		.byte	1
 2186 086e 00       		.byte	0
 2187 086f 00       		.byte	0
 2188 0870 00       		.byte	0
 2189 0871 02       		.byte	2
 2190 0872 00       		.byte	0
 2191 0873 00       		.byte	0
 2192 0874 00       		.byte	0
 2193 0875 03       		.byte	3
 2194 0876 00       		.byte	0
 2195 0877 00       		.byte	0
 2196              		.section	.cywolatch,"a",%progbits
 2197              		.align	2
 2198              		.type	cy_meta_wonvl, %object
 2199              		.size	cy_meta_wonvl, 4
 2200              	cy_meta_wonvl:
 2201 0000 BC       		.byte	-68
 2202 0001 90       		.byte	-112
 2203 0002 AC       		.byte	-84
 2204 0003 AF       		.byte	-81
 2205              		.section	.cycustnvl,"a",%progbits
 2206              		.align	2
 2207              		.type	cy_meta_custnvl, %object
 2208              		.size	cy_meta_custnvl, 4
 2209              	cy_meta_custnvl:
 2210 0000 00       		.byte	0
 2211 0001 00       		.byte	0
 2212 0002 40       		.byte	64
 2213 0003 05       		.byte	5
 2214              		.section	.cymeta,"a",%progbits
 2215              		.align	2
 2216              		.type	cy_metadata, %object
 2217              		.size	cy_metadata, 12
 2218              	cy_metadata:
 2219 0000 00       		.byte	0
 2220 0001 01       		.byte	1
 2221 0002 2E       		.byte	46
 2222 0003 12       		.byte	18
 2223 0004 30       		.byte	48
ARM GAS  C:\Users\mitchell\AppData\Local\Temp\ccBZp4kH.s 			page 40


 2224 0005 69       		.byte	105
 2225 0006 00       		.byte	0
 2226 0007 01       		.byte	1
 2227 0008 00       		.byte	0
 2228 0009 00       		.byte	0
 2229 000a 00       		.byte	0
 2230 000b 00       		.byte	0
 2231              		.section	.cyflashprotect,"a",%progbits
 2232              		.align	2
 2233              		.type	cy_meta_flashprotect, %object
 2234              		.size	cy_meta_flashprotect, 256
 2235              	cy_meta_flashprotect:
 2236 0000 00000000 		.space	256
 2236      00000000 
 2236      00000000 
 2236      00000000 
 2236      00000000 
 2237              		.text
 2238              	.Letext0:
 2239              		.file 1 ".\\Generated_Source\\PSoC5\\cymetadata.c"
 2240              		.file 2 ".\\Generated_Source\\PSoC5\\cytypes.h"
 2241              		.section	.debug_info,"",%progbits
 2242              	.Ldebug_info0:
 2243 0000 3A010000 		.4byte	0x13a
 2244 0004 0400     		.2byte	0x4
 2245 0006 00000000 		.4byte	.Ldebug_abbrev0
 2246 000a 04       		.byte	0x4
 2247 000b 01       		.uleb128 0x1
 2248 000c 2D010000 		.4byte	.LASF18
 2249 0010 01       		.byte	0x1
 2250 0011 00000000 		.4byte	.LASF19
 2251 0015 94000000 		.4byte	.LASF20
 2252 0019 00000000 		.4byte	.Ldebug_line0
 2253 001d 02       		.uleb128 0x2
 2254 001e 01       		.byte	0x1
 2255 001f 06       		.byte	0x6
 2256 0020 DE010000 		.4byte	.LASF0
 2257 0024 02       		.uleb128 0x2
 2258 0025 01       		.byte	0x1
 2259 0026 08       		.byte	0x8
 2260 0027 38000000 		.4byte	.LASF1
 2261 002b 02       		.uleb128 0x2
 2262 002c 02       		.byte	0x2
 2263 002d 05       		.byte	0x5
 2264 002e C5010000 		.4byte	.LASF2
 2265 0032 02       		.uleb128 0x2
 2266 0033 02       		.byte	0x2
 2267 0034 07       		.byte	0x7
 2268 0035 58000000 		.4byte	.LASF3
 2269 0039 02       		.uleb128 0x2
 2270 003a 04       		.byte	0x4
 2271 003b 05       		.byte	0x5
 2272 003c D5010000 		.4byte	.LASF4
 2273 0040 02       		.uleb128 0x2
 2274 0041 04       		.byte	0x4
 2275 0042 07       		.byte	0x7
 2276 0043 46000000 		.4byte	.LASF5
ARM GAS  C:\Users\mitchell\AppData\Local\Temp\ccBZp4kH.s 			page 41


 2277 0047 02       		.uleb128 0x2
 2278 0048 08       		.byte	0x8
 2279 0049 05       		.byte	0x5
 2280 004a B2010000 		.4byte	.LASF6
 2281 004e 02       		.uleb128 0x2
 2282 004f 08       		.byte	0x8
 2283 0050 07       		.byte	0x7
 2284 0051 F3000000 		.4byte	.LASF7
 2285 0055 03       		.uleb128 0x3
 2286 0056 04       		.byte	0x4
 2287 0057 05       		.byte	0x5
 2288 0058 696E7400 		.ascii	"int\000"
 2289 005c 02       		.uleb128 0x2
 2290 005d 04       		.byte	0x4
 2291 005e 07       		.byte	0x7
 2292 005f E6000000 		.4byte	.LASF8
 2293 0063 04       		.uleb128 0x4
 2294 0064 CF010000 		.4byte	.LASF21
 2295 0068 02       		.byte	0x2
 2296 0069 B4       		.byte	0xb4
 2297 006a 24000000 		.4byte	0x24
 2298 006e 02       		.uleb128 0x2
 2299 006f 04       		.byte	0x4
 2300 0070 04       		.byte	0x4
 2301 0071 32000000 		.4byte	.LASF9
 2302 0075 02       		.uleb128 0x2
 2303 0076 08       		.byte	0x8
 2304 0077 04       		.byte	0x4
 2305 0078 6B000000 		.4byte	.LASF10
 2306 007c 02       		.uleb128 0x2
 2307 007d 01       		.byte	0x1
 2308 007e 08       		.byte	0x8
 2309 007f C0010000 		.4byte	.LASF11
 2310 0083 05       		.uleb128 0x5
 2311 0084 63000000 		.4byte	0x63
 2312 0088 94000000 		.4byte	0x94
 2313 008c 06       		.uleb128 0x6
 2314 008d 94000000 		.4byte	0x94
 2315 0091 7708     		.2byte	0x877
 2316 0093 00       		.byte	0
 2317 0094 02       		.uleb128 0x2
 2318 0095 04       		.byte	0x4
 2319 0096 07       		.byte	0x7
 2320 0097 A9010000 		.4byte	.LASF12
 2321 009b 07       		.uleb128 0x7
 2322 009c 82000000 		.4byte	.LASF13
 2323 00a0 01       		.byte	0x1
 2324 00a1 1C       		.byte	0x1c
 2325 00a2 AC000000 		.4byte	0xac
 2326 00a6 05       		.uleb128 0x5
 2327 00a7 03       		.byte	0x3
 2328 00a8 00000000 		.4byte	cy_meta_configecc
 2329 00ac 08       		.uleb128 0x8
 2330 00ad 83000000 		.4byte	0x83
 2331 00b1 05       		.uleb128 0x5
 2332 00b2 63000000 		.4byte	0x63
 2333 00b6 C1000000 		.4byte	0xc1
ARM GAS  C:\Users\mitchell\AppData\Local\Temp\ccBZp4kH.s 			page 42


 2334 00ba 09       		.uleb128 0x9
 2335 00bb 94000000 		.4byte	0x94
 2336 00bf 03       		.byte	0x3
 2337 00c0 00       		.byte	0
 2338 00c1 0A       		.uleb128 0xa
 2339 00c2 72000000 		.4byte	.LASF14
 2340 00c6 01       		.byte	0x1
 2341 00c7 3501     		.2byte	0x135
 2342 00c9 D3000000 		.4byte	0xd3
 2343 00cd 05       		.uleb128 0x5
 2344 00ce 03       		.byte	0x3
 2345 00cf 00000000 		.4byte	cy_meta_custnvl
 2346 00d3 08       		.uleb128 0x8
 2347 00d4 B1000000 		.4byte	0xb1
 2348 00d8 0A       		.uleb128 0xa
 2349 00d9 1F010000 		.4byte	.LASF15
 2350 00dd 01       		.byte	0x1
 2351 00de 4001     		.2byte	0x140
 2352 00e0 EA000000 		.4byte	0xea
 2353 00e4 05       		.uleb128 0x5
 2354 00e5 03       		.byte	0x3
 2355 00e6 00000000 		.4byte	cy_meta_wonvl
 2356 00ea 08       		.uleb128 0x8
 2357 00eb B1000000 		.4byte	0xb1
 2358 00ef 05       		.uleb128 0x5
 2359 00f0 63000000 		.4byte	0x63
 2360 00f4 FF000000 		.4byte	0xff
 2361 00f8 09       		.uleb128 0x9
 2362 00f9 94000000 		.4byte	0x94
 2363 00fd FF       		.byte	0xff
 2364 00fe 00       		.byte	0
 2365 00ff 0A       		.uleb128 0xa
 2366 0100 0A010000 		.4byte	.LASF16
 2367 0104 01       		.byte	0x1
 2368 0105 4B01     		.2byte	0x14b
 2369 0107 11010000 		.4byte	0x111
 2370 010b 05       		.uleb128 0x5
 2371 010c 03       		.byte	0x3
 2372 010d 00000000 		.4byte	cy_meta_flashprotect
 2373 0111 08       		.uleb128 0x8
 2374 0112 EF000000 		.4byte	0xef
 2375 0116 05       		.uleb128 0x5
 2376 0117 63000000 		.4byte	0x63
 2377 011b 26010000 		.4byte	0x126
 2378 011f 09       		.uleb128 0x9
 2379 0120 94000000 		.4byte	0x94
 2380 0124 0B       		.byte	0xb
 2381 0125 00       		.byte	0
 2382 0126 0A       		.uleb128 0xa
 2383 0127 26000000 		.4byte	.LASF17
 2384 012b 01       		.byte	0x1
 2385 012c 7501     		.2byte	0x175
 2386 012e 38010000 		.4byte	0x138
 2387 0132 05       		.uleb128 0x5
 2388 0133 03       		.byte	0x3
 2389 0134 00000000 		.4byte	cy_metadata
 2390 0138 08       		.uleb128 0x8
ARM GAS  C:\Users\mitchell\AppData\Local\Temp\ccBZp4kH.s 			page 43


 2391 0139 16010000 		.4byte	0x116
 2392 013d 00       		.byte	0
 2393              		.section	.debug_abbrev,"",%progbits
 2394              	.Ldebug_abbrev0:
 2395 0000 01       		.uleb128 0x1
 2396 0001 11       		.uleb128 0x11
 2397 0002 01       		.byte	0x1
 2398 0003 25       		.uleb128 0x25
 2399 0004 0E       		.uleb128 0xe
 2400 0005 13       		.uleb128 0x13
 2401 0006 0B       		.uleb128 0xb
 2402 0007 03       		.uleb128 0x3
 2403 0008 0E       		.uleb128 0xe
 2404 0009 1B       		.uleb128 0x1b
 2405 000a 0E       		.uleb128 0xe
 2406 000b 10       		.uleb128 0x10
 2407 000c 17       		.uleb128 0x17
 2408 000d 00       		.byte	0
 2409 000e 00       		.byte	0
 2410 000f 02       		.uleb128 0x2
 2411 0010 24       		.uleb128 0x24
 2412 0011 00       		.byte	0
 2413 0012 0B       		.uleb128 0xb
 2414 0013 0B       		.uleb128 0xb
 2415 0014 3E       		.uleb128 0x3e
 2416 0015 0B       		.uleb128 0xb
 2417 0016 03       		.uleb128 0x3
 2418 0017 0E       		.uleb128 0xe
 2419 0018 00       		.byte	0
 2420 0019 00       		.byte	0
 2421 001a 03       		.uleb128 0x3
 2422 001b 24       		.uleb128 0x24
 2423 001c 00       		.byte	0
 2424 001d 0B       		.uleb128 0xb
 2425 001e 0B       		.uleb128 0xb
 2426 001f 3E       		.uleb128 0x3e
 2427 0020 0B       		.uleb128 0xb
 2428 0021 03       		.uleb128 0x3
 2429 0022 08       		.uleb128 0x8
 2430 0023 00       		.byte	0
 2431 0024 00       		.byte	0
 2432 0025 04       		.uleb128 0x4
 2433 0026 16       		.uleb128 0x16
 2434 0027 00       		.byte	0
 2435 0028 03       		.uleb128 0x3
 2436 0029 0E       		.uleb128 0xe
 2437 002a 3A       		.uleb128 0x3a
 2438 002b 0B       		.uleb128 0xb
 2439 002c 3B       		.uleb128 0x3b
 2440 002d 0B       		.uleb128 0xb
 2441 002e 49       		.uleb128 0x49
 2442 002f 13       		.uleb128 0x13
 2443 0030 00       		.byte	0
 2444 0031 00       		.byte	0
 2445 0032 05       		.uleb128 0x5
 2446 0033 01       		.uleb128 0x1
 2447 0034 01       		.byte	0x1
ARM GAS  C:\Users\mitchell\AppData\Local\Temp\ccBZp4kH.s 			page 44


 2448 0035 49       		.uleb128 0x49
 2449 0036 13       		.uleb128 0x13
 2450 0037 01       		.uleb128 0x1
 2451 0038 13       		.uleb128 0x13
 2452 0039 00       		.byte	0
 2453 003a 00       		.byte	0
 2454 003b 06       		.uleb128 0x6
 2455 003c 21       		.uleb128 0x21
 2456 003d 00       		.byte	0
 2457 003e 49       		.uleb128 0x49
 2458 003f 13       		.uleb128 0x13
 2459 0040 2F       		.uleb128 0x2f
 2460 0041 05       		.uleb128 0x5
 2461 0042 00       		.byte	0
 2462 0043 00       		.byte	0
 2463 0044 07       		.uleb128 0x7
 2464 0045 34       		.uleb128 0x34
 2465 0046 00       		.byte	0
 2466 0047 03       		.uleb128 0x3
 2467 0048 0E       		.uleb128 0xe
 2468 0049 3A       		.uleb128 0x3a
 2469 004a 0B       		.uleb128 0xb
 2470 004b 3B       		.uleb128 0x3b
 2471 004c 0B       		.uleb128 0xb
 2472 004d 49       		.uleb128 0x49
 2473 004e 13       		.uleb128 0x13
 2474 004f 3F       		.uleb128 0x3f
 2475 0050 19       		.uleb128 0x19
 2476 0051 02       		.uleb128 0x2
 2477 0052 18       		.uleb128 0x18
 2478 0053 00       		.byte	0
 2479 0054 00       		.byte	0
 2480 0055 08       		.uleb128 0x8
 2481 0056 26       		.uleb128 0x26
 2482 0057 00       		.byte	0
 2483 0058 49       		.uleb128 0x49
 2484 0059 13       		.uleb128 0x13
 2485 005a 00       		.byte	0
 2486 005b 00       		.byte	0
 2487 005c 09       		.uleb128 0x9
 2488 005d 21       		.uleb128 0x21
 2489 005e 00       		.byte	0
 2490 005f 49       		.uleb128 0x49
 2491 0060 13       		.uleb128 0x13
 2492 0061 2F       		.uleb128 0x2f
 2493 0062 0B       		.uleb128 0xb
 2494 0063 00       		.byte	0
 2495 0064 00       		.byte	0
 2496 0065 0A       		.uleb128 0xa
 2497 0066 34       		.uleb128 0x34
 2498 0067 00       		.byte	0
 2499 0068 03       		.uleb128 0x3
 2500 0069 0E       		.uleb128 0xe
 2501 006a 3A       		.uleb128 0x3a
 2502 006b 0B       		.uleb128 0xb
 2503 006c 3B       		.uleb128 0x3b
 2504 006d 05       		.uleb128 0x5
ARM GAS  C:\Users\mitchell\AppData\Local\Temp\ccBZp4kH.s 			page 45


 2505 006e 49       		.uleb128 0x49
 2506 006f 13       		.uleb128 0x13
 2507 0070 3F       		.uleb128 0x3f
 2508 0071 19       		.uleb128 0x19
 2509 0072 02       		.uleb128 0x2
 2510 0073 18       		.uleb128 0x18
 2511 0074 00       		.byte	0
 2512 0075 00       		.byte	0
 2513 0076 00       		.byte	0
 2514              		.section	.debug_aranges,"",%progbits
 2515 0000 14000000 		.4byte	0x14
 2516 0004 0200     		.2byte	0x2
 2517 0006 00000000 		.4byte	.Ldebug_info0
 2518 000a 04       		.byte	0x4
 2519 000b 00       		.byte	0
 2520 000c 0000     		.2byte	0
 2521 000e 0000     		.2byte	0
 2522 0010 00000000 		.4byte	0
 2523 0014 00000000 		.4byte	0
 2524              		.section	.debug_line,"",%progbits
 2525              	.Ldebug_line0:
 2526 0000 4F000000 		.section	.debug_str,"MS",%progbits,1
 2526      02004900 
 2526      00000201 
 2526      FB0E0D00 
 2526      01010101 
 2527              	.LASF19:
 2528 0000 2E5C4765 		.ascii	".\\Generated_Source\\PSoC5\\cymetadata.c\000"
 2528      6E657261 
 2528      7465645F 
 2528      536F7572 
 2528      63655C50 
 2529              	.LASF17:
 2530 0026 63795F6D 		.ascii	"cy_metadata\000"
 2530      65746164 
 2530      61746100 
 2531              	.LASF9:
 2532 0032 666C6F61 		.ascii	"float\000"
 2532      7400
 2533              	.LASF1:
 2534 0038 756E7369 		.ascii	"unsigned char\000"
 2534      676E6564 
 2534      20636861 
 2534      7200
 2535              	.LASF5:
 2536 0046 6C6F6E67 		.ascii	"long unsigned int\000"
 2536      20756E73 
 2536      69676E65 
 2536      6420696E 
 2536      7400
 2537              	.LASF3:
 2538 0058 73686F72 		.ascii	"short unsigned int\000"
 2538      7420756E 
 2538      7369676E 
 2538      65642069 
 2538      6E7400
 2539              	.LASF10:
ARM GAS  C:\Users\mitchell\AppData\Local\Temp\ccBZp4kH.s 			page 46


 2540 006b 646F7562 		.ascii	"double\000"
 2540      6C6500
 2541              	.LASF14:
 2542 0072 63795F6D 		.ascii	"cy_meta_custnvl\000"
 2542      6574615F 
 2542      63757374 
 2542      6E766C00 
 2543              	.LASF13:
 2544 0082 63795F6D 		.ascii	"cy_meta_configecc\000"
 2544      6574615F 
 2544      636F6E66 
 2544      69676563 
 2544      6300
 2545              	.LASF20:
 2546 0094 433A5C55 		.ascii	"C:\\Users\\mitchell\\Documents\\fsae\\E-Throttle\\E"
 2546      73657273 
 2546      5C6D6974 
 2546      6368656C 
 2546      6C5C446F 
 2547 00c1 2D546872 		.ascii	"-Throttle\\E-Throttle-Mainboard.cydsn\000"
 2547      6F74746C 
 2547      655C452D 
 2547      5468726F 
 2547      74746C65 
 2548              	.LASF8:
 2549 00e6 756E7369 		.ascii	"unsigned int\000"
 2549      676E6564 
 2549      20696E74 
 2549      00
 2550              	.LASF7:
 2551 00f3 6C6F6E67 		.ascii	"long long unsigned int\000"
 2551      206C6F6E 
 2551      6720756E 
 2551      7369676E 
 2551      65642069 
 2552              	.LASF16:
 2553 010a 63795F6D 		.ascii	"cy_meta_flashprotect\000"
 2553      6574615F 
 2553      666C6173 
 2553      6870726F 
 2553      74656374 
 2554              	.LASF15:
 2555 011f 63795F6D 		.ascii	"cy_meta_wonvl\000"
 2555      6574615F 
 2555      776F6E76 
 2555      6C00
 2556              	.LASF18:
 2557 012d 474E5520 		.ascii	"GNU C 4.8.4 20140526 (release) [ARM/embedded-4_8-br"
 2557      4320342E 
 2557      382E3420 
 2557      32303134 
 2557      30353236 
 2558 0160 616E6368 		.ascii	"anch revision 211358] -mcpu=cortex-m3 -mthumb -g -O"
 2558      20726576 
 2558      6973696F 
 2558      6E203231 
 2558      31333538 
ARM GAS  C:\Users\mitchell\AppData\Local\Temp\ccBZp4kH.s 			page 47


 2559 0193 67202D66 		.ascii	"g -ffunction-sections\000"
 2559      66756E63 
 2559      74696F6E 
 2559      2D736563 
 2559      74696F6E 
 2560              	.LASF12:
 2561 01a9 73697A65 		.ascii	"sizetype\000"
 2561      74797065 
 2561      00
 2562              	.LASF6:
 2563 01b2 6C6F6E67 		.ascii	"long long int\000"
 2563      206C6F6E 
 2563      6720696E 
 2563      7400
 2564              	.LASF11:
 2565 01c0 63686172 		.ascii	"char\000"
 2565      00
 2566              	.LASF2:
 2567 01c5 73686F72 		.ascii	"short int\000"
 2567      7420696E 
 2567      7400
 2568              	.LASF21:
 2569 01cf 75696E74 		.ascii	"uint8\000"
 2569      3800
 2570              	.LASF4:
 2571 01d5 6C6F6E67 		.ascii	"long int\000"
 2571      20696E74 
 2571      00
 2572              	.LASF0:
 2573 01de 7369676E 		.ascii	"signed char\000"
 2573      65642063 
 2573      68617200 
 2574              		.ident	"GCC: (GNU Tools for ARM Embedded Processors) 4.8.4 20140526 (release) [ARM/embedded-4_8-br
