ARM GAS  C:\Users\mitchell\AppData\Local\Temp\ccUFwiF1.s 			page 1


   1              		.syntax unified
   2              		.cpu cortex-m3
   3              		.fpu softvfp
   4              		.eabi_attribute 20, 1
   5              		.eabi_attribute 21, 1
   6              		.eabi_attribute 23, 3
   7              		.eabi_attribute 24, 1
   8              		.eabi_attribute 25, 1
   9              		.eabi_attribute 26, 1
  10              		.eabi_attribute 30, 1
  11              		.eabi_attribute 34, 1
  12              		.eabi_attribute 18, 4
  13              		.thumb
  14              		.file	"local_handling.c"
  15              		.text
  16              	.Ltext0:
  17              		.cfi_sections	.debug_frame
  18              		.global	__aeabi_i2f
  19              		.section	.text.normalize_tps_value,"ax",%progbits
  20              		.align	2
  21              		.global	normalize_tps_value
  22              		.thumb
  23              		.thumb_func
  24              		.type	normalize_tps_value, %function
  25              	normalize_tps_value:
  26              	.LFB64:
  27              		.file 1 ".\\local_handling.c"
   1:.\local_handling.c **** /* 
   2:.\local_handling.c **** The following functions (and their declarations in "local_hadling.h"
   3:.\local_handling.c **** are used in the E-Throttle system to check the redundant input from
   4:.\local_handling.c **** the 3 TPS/APPSs for any local implausibilities (no 2 sensors agree within
   5:.\local_handling.c **** 10% of each other) and averages the sensor values to get a single value
   6:.\local_handling.c **** to use in the rest of the system.
   7:.\local_handling.c **** 
   8:.\local_handling.c **** Author: Mitchell Mellone (mellom3@rpi.edu)
   9:.\local_handling.c **** Date Created: 11/15/15
  10:.\local_handling.c **** Most Recent Modification: 11/24/15
  11:.\local_handling.c **** 
  12:.\local_handling.c **** Copyright (c) 2015 Rensselaer Motorsport
  13:.\local_handling.c **** Distributed under the MIT License.
  14:.\local_handling.c **** See "LICENSE" for more information.
  15:.\local_handling.c **** */
  16:.\local_handling.c **** 
  17:.\local_handling.c **** #include "local_handling.h"
  18:.\local_handling.c **** 
  19:.\local_handling.c **** float normalize(uint16 raw_value, value_type v) {
  20:.\local_handling.c ****     if (v == TPS_TYPE) {
  21:.\local_handling.c ****         return normalize_tps_value(raw_value);
  22:.\local_handling.c ****     } else {
  23:.\local_handling.c ****         return normalize_apps_value(raw_value);
  24:.\local_handling.c ****     }
  25:.\local_handling.c **** }
  26:.\local_handling.c **** 
  27:.\local_handling.c **** float normalize_tps_value(uint16 raw_value) {
  28              		.loc 1 27 0
  29              		.cfi_startproc
  30              		@ args = 0, pretend = 0, frame = 0
ARM GAS  C:\Users\mitchell\AppData\Local\Temp\ccUFwiF1.s 			page 2


  31              		@ frame_needed = 0, uses_anonymous_args = 0
  32              	.LVL0:
  33 0000 08B5     		push	{r3, lr}
  34              		.cfi_def_cfa_offset 8
  35              		.cfi_offset 3, -8
  36              		.cfi_offset 14, -4
  28:.\local_handling.c ****     return raw_value / TPS_MAX;
  37              		.loc 1 28 0
  38 0002 034B     		ldr	r3, .L2
  39 0004 A3FB0020 		umull	r2, r0, r3, r0
  40              	.LVL1:
  41 0008 4009     		lsrs	r0, r0, #5
  42 000a FFF7FEFF 		bl	__aeabi_i2f
  43              	.LVL2:
  29:.\local_handling.c **** }
  44              		.loc 1 29 0
  45 000e 08BD     		pop	{r3, pc}
  46              	.L3:
  47              		.align	2
  48              	.L2:
  49 0010 D34D6210 		.word	274877907
  50              		.cfi_endproc
  51              	.LFE64:
  52              		.size	normalize_tps_value, .-normalize_tps_value
  53              		.section	.text.normalize_apps_value,"ax",%progbits
  54              		.align	2
  55              		.global	normalize_apps_value
  56              		.thumb
  57              		.thumb_func
  58              		.type	normalize_apps_value, %function
  59              	normalize_apps_value:
  60              	.LFB65:
  30:.\local_handling.c **** 
  31:.\local_handling.c **** float normalize_apps_value(uint16 raw_value) {
  61              		.loc 1 31 0
  62              		.cfi_startproc
  63              		@ args = 0, pretend = 0, frame = 0
  64              		@ frame_needed = 0, uses_anonymous_args = 0
  65              	.LVL3:
  66 0000 08B5     		push	{r3, lr}
  67              		.cfi_def_cfa_offset 8
  68              		.cfi_offset 3, -8
  69              		.cfi_offset 14, -4
  32:.\local_handling.c ****     return raw_value / APPS_MAX;
  70              		.loc 1 32 0
  71 0002 034B     		ldr	r3, .L5
  72 0004 A3FB0020 		umull	r2, r0, r3, r0
  73              	.LVL4:
  74 0008 4009     		lsrs	r0, r0, #5
  75 000a FFF7FEFF 		bl	__aeabi_i2f
  76              	.LVL5:
  33:.\local_handling.c **** }
  77              		.loc 1 33 0
  78 000e 08BD     		pop	{r3, pc}
  79              	.L6:
  80              		.align	2
  81              	.L5:
ARM GAS  C:\Users\mitchell\AppData\Local\Temp\ccUFwiF1.s 			page 3


  82 0010 D34D6210 		.word	274877907
  83              		.cfi_endproc
  84              	.LFE65:
  85              		.size	normalize_apps_value, .-normalize_apps_value
  86              		.section	.text.normalize,"ax",%progbits
  87              		.align	2
  88              		.global	normalize
  89              		.thumb
  90              		.thumb_func
  91              		.type	normalize, %function
  92              	normalize:
  93              	.LFB63:
  19:.\local_handling.c **** float normalize(uint16 raw_value, value_type v) {
  94              		.loc 1 19 0
  95              		.cfi_startproc
  96              		@ args = 0, pretend = 0, frame = 0
  97              		@ frame_needed = 0, uses_anonymous_args = 0
  98              	.LVL6:
  99 0000 08B5     		push	{r3, lr}
 100              		.cfi_def_cfa_offset 8
 101              		.cfi_offset 3, -8
 102              		.cfi_offset 14, -4
  20:.\local_handling.c ****     if (v == TPS_TYPE) {
 103              		.loc 1 20 0
 104 0002 11B9     		cbnz	r1, .L8
  21:.\local_handling.c ****         return normalize_tps_value(raw_value);
 105              		.loc 1 21 0
 106 0004 FFF7FEFF 		bl	normalize_tps_value
 107              	.LVL7:
 108 0008 08BD     		pop	{r3, pc}
 109              	.LVL8:
 110              	.L8:
  23:.\local_handling.c ****         return normalize_apps_value(raw_value);
 111              		.loc 1 23 0
 112 000a FFF7FEFF 		bl	normalize_apps_value
 113              	.LVL9:
  25:.\local_handling.c **** }
 114              		.loc 1 25 0
 115 000e 08BD     		pop	{r3, pc}
 116              		.cfi_endproc
 117              	.LFE63:
 118              		.size	normalize, .-normalize
 119              		.section	.text.get_max_delta,"ax",%progbits
 120              		.align	2
 121              		.global	get_max_delta
 122              		.thumb
 123              		.thumb_func
 124              		.type	get_max_delta, %function
 125              	get_max_delta:
 126              	.LFB67:
  34:.\local_handling.c **** 
  35:.\local_handling.c **** sensor_status get_sensor_status(sensor_values * s) {
  36:.\local_handling.c ****     uint16 max_delta = get_max_delta(s);
  37:.\local_handling.c ****     int status;
  38:.\local_handling.c ****     uint16 sens0_1_delta = abs(s->sens_0_value - s->sens_1_value);
  39:.\local_handling.c ****     uint16 sens0_2_delta = abs(s->sens_0_value - s->sens_2_value);
  40:.\local_handling.c ****     uint16 sens1_2_delta = abs(s->sens_1_value - s->sens_2_value);
ARM GAS  C:\Users\mitchell\AppData\Local\Temp\ccUFwiF1.s 			page 4


  41:.\local_handling.c ****     
  42:.\local_handling.c ****     if (sens0_1_delta < max_delta && sens0_2_delta < max_delta && sens1_2_delta < max_delta) {
  43:.\local_handling.c ****         /*  no fails */
  44:.\local_handling.c ****         status = NONE_FAIL;
  45:.\local_handling.c ****     } else if (sens1_2_delta < max_delta) {
  46:.\local_handling.c ****         /* bad sensor 0 */
  47:.\local_handling.c ****         status = SENSOR_0_FAIL;
  48:.\local_handling.c ****     } else if (sens0_2_delta < max_delta) {
  49:.\local_handling.c ****         /* bad sensor 1 */
  50:.\local_handling.c ****         status = SENSOR_1_FAIL;
  51:.\local_handling.c ****     } else if (sens0_1_delta < max_delta) {
  52:.\local_handling.c ****         /* bad sensor 2 */
  53:.\local_handling.c ****         status = SENSOR_2_FAIL;
  54:.\local_handling.c ****     } else {
  55:.\local_handling.c ****         /* all bad sensors */
  56:.\local_handling.c ****         status = TOTAL_FAIL;
  57:.\local_handling.c ****     }
  58:.\local_handling.c ****     return status;
  59:.\local_handling.c **** }
  60:.\local_handling.c **** 
  61:.\local_handling.c **** uint16 get_max_delta(sensor_values * s) {
 127              		.loc 1 61 0
 128              		.cfi_startproc
 129              		@ args = 0, pretend = 0, frame = 0
 130              		@ frame_needed = 0, uses_anonymous_args = 0
 131              		@ link register save eliminated.
 132              	.LVL10:
  62:.\local_handling.c ****     /* find the min value */
  63:.\local_handling.c ****     uint16 max = s->sens_0_value;
 133              		.loc 1 63 0
 134 0000 0288     		ldrh	r2, [r0]
 135              	.LVL11:
  64:.\local_handling.c ****     if (s->sens_1_value > max) {
 136              		.loc 1 64 0
 137 0002 4388     		ldrh	r3, [r0, #2]
 138 0004 9342     		cmp	r3, r2
 139 0006 00D8     		bhi	.L11
  63:.\local_handling.c ****     uint16 max = s->sens_0_value;
 140              		.loc 1 63 0
 141 0008 1346     		mov	r3, r2
 142              	.L11:
 143              	.LVL12:
  65:.\local_handling.c ****         max = s->sens_1_value;
  66:.\local_handling.c ****     }
  67:.\local_handling.c ****     if (s->sens_2_value > max) {
 144              		.loc 1 67 0
 145 000a 8288     		ldrh	r2, [r0, #4]
 146 000c 9A42     		cmp	r2, r3
 147 000e 00D8     		bhi	.L12
 148 0010 1A46     		mov	r2, r3
 149              	.L12:
 150              	.LVL13:
  68:.\local_handling.c ****         max = s->sens_2_value;
  69:.\local_handling.c ****     }
  70:.\local_handling.c ****     /* return 10% of max value */
  71:.\local_handling.c ****     return max / 10;
 151              		.loc 1 71 0
ARM GAS  C:\Users\mitchell\AppData\Local\Temp\ccUFwiF1.s 			page 5


 152 0012 034B     		ldr	r3, .L13
 153 0014 A3FB0210 		umull	r1, r0, r3, r2
 154              	.LVL14:
  72:.\local_handling.c **** }
 155              		.loc 1 72 0
 156 0018 C0F3CF00 		ubfx	r0, r0, #3, #16
 157 001c 7047     		bx	lr
 158              	.L14:
 159 001e 00BF     		.align	2
 160              	.L13:
 161 0020 CDCCCCCC 		.word	-858993459
 162              		.cfi_endproc
 163              	.LFE67:
 164              		.size	get_max_delta, .-get_max_delta
 165              		.section	.text.get_sensor_status,"ax",%progbits
 166              		.align	2
 167              		.global	get_sensor_status
 168              		.thumb
 169              		.thumb_func
 170              		.type	get_sensor_status, %function
 171              	get_sensor_status:
 172              	.LFB66:
  35:.\local_handling.c **** sensor_status get_sensor_status(sensor_values * s) {
 173              		.loc 1 35 0
 174              		.cfi_startproc
 175              		@ args = 0, pretend = 0, frame = 0
 176              		@ frame_needed = 0, uses_anonymous_args = 0
 177              	.LVL15:
 178 0000 38B5     		push	{r3, r4, r5, lr}
 179              		.cfi_def_cfa_offset 16
 180              		.cfi_offset 3, -16
 181              		.cfi_offset 4, -12
 182              		.cfi_offset 5, -8
 183              		.cfi_offset 14, -4
 184 0002 0446     		mov	r4, r0
  36:.\local_handling.c ****     uint16 max_delta = get_max_delta(s);
 185              		.loc 1 36 0
 186 0004 FFF7FEFF 		bl	get_max_delta
 187              	.LVL16:
  38:.\local_handling.c ****     uint16 sens0_1_delta = abs(s->sens_0_value - s->sens_1_value);
 188              		.loc 1 38 0
 189 0008 2188     		ldrh	r1, [r4]
 190 000a 6288     		ldrh	r2, [r4, #2]
 191 000c 8D1A     		subs	r5, r1, r2
 192 000e 002D     		cmp	r5, #0
 193 0010 B8BF     		it	lt
 194 0012 6D42     		rsblt	r5, r5, #0
 195 0014 ADB2     		uxth	r5, r5
 196              	.LVL17:
  39:.\local_handling.c ****     uint16 sens0_2_delta = abs(s->sens_0_value - s->sens_2_value);
 197              		.loc 1 39 0
 198 0016 A388     		ldrh	r3, [r4, #4]
 199 0018 C91A     		subs	r1, r1, r3
 200 001a 0029     		cmp	r1, #0
 201 001c B8BF     		it	lt
 202 001e 4942     		rsblt	r1, r1, #0
 203 0020 89B2     		uxth	r1, r1
ARM GAS  C:\Users\mitchell\AppData\Local\Temp\ccUFwiF1.s 			page 6


 204              	.LVL18:
  40:.\local_handling.c ****     uint16 sens1_2_delta = abs(s->sens_1_value - s->sens_2_value);
 205              		.loc 1 40 0
 206 0022 D31A     		subs	r3, r2, r3
 207 0024 002B     		cmp	r3, #0
 208 0026 B8BF     		it	lt
 209 0028 5B42     		rsblt	r3, r3, #0
 210 002a 9BB2     		uxth	r3, r3
 211              	.LVL19:
  42:.\local_handling.c ****     if (sens0_1_delta < max_delta && sens0_2_delta < max_delta && sens1_2_delta < max_delta) {
 212              		.loc 1 42 0
 213 002c 8542     		cmp	r5, r0
 214 002e 03D2     		bcs	.L16
  42:.\local_handling.c ****     if (sens0_1_delta < max_delta && sens0_2_delta < max_delta && sens1_2_delta < max_delta) {
 215              		.loc 1 42 0 is_stmt 0 discriminator 1
 216 0030 8142     		cmp	r1, r0
 217 0032 01D2     		bcs	.L16
 218 0034 8342     		cmp	r3, r0
 219 0036 07D3     		bcc	.L18
 220              	.L16:
  45:.\local_handling.c ****     } else if (sens1_2_delta < max_delta) {
 221              		.loc 1 45 0 is_stmt 1
 222 0038 8342     		cmp	r3, r0
 223 003a 07D3     		bcc	.L19
  48:.\local_handling.c ****     } else if (sens0_2_delta < max_delta) {
 224              		.loc 1 48 0
 225 003c 8142     		cmp	r1, r0
 226 003e 07D3     		bcc	.L20
  51:.\local_handling.c ****     } else if (sens0_1_delta < max_delta) {
 227              		.loc 1 51 0
 228 0040 8542     		cmp	r5, r0
 229 0042 07D2     		bcs	.L21
  53:.\local_handling.c ****         status = SENSOR_2_FAIL;
 230              		.loc 1 53 0
 231 0044 0320     		movs	r0, #3
 232              	.LVL20:
 233 0046 38BD     		pop	{r3, r4, r5, pc}
 234              	.LVL21:
 235              	.L18:
  44:.\local_handling.c ****         status = NONE_FAIL;
 236              		.loc 1 44 0
 237 0048 0020     		movs	r0, #0
 238              	.LVL22:
 239 004a 38BD     		pop	{r3, r4, r5, pc}
 240              	.LVL23:
 241              	.L19:
  47:.\local_handling.c ****         status = SENSOR_0_FAIL;
 242              		.loc 1 47 0
 243 004c 0120     		movs	r0, #1
 244              	.LVL24:
 245 004e 38BD     		pop	{r3, r4, r5, pc}
 246              	.LVL25:
 247              	.L20:
  50:.\local_handling.c ****         status = SENSOR_1_FAIL;
 248              		.loc 1 50 0
 249 0050 0220     		movs	r0, #2
 250              	.LVL26:
ARM GAS  C:\Users\mitchell\AppData\Local\Temp\ccUFwiF1.s 			page 7


 251 0052 38BD     		pop	{r3, r4, r5, pc}
 252              	.LVL27:
 253              	.L21:
  56:.\local_handling.c ****         status = TOTAL_FAIL;
 254              		.loc 1 56 0
 255 0054 0420     		movs	r0, #4
 256              	.LVL28:
  59:.\local_handling.c **** }
 257              		.loc 1 59 0
 258 0056 38BD     		pop	{r3, r4, r5, pc}
 259              		.cfi_endproc
 260              	.LFE66:
 261              		.size	get_sensor_status, .-get_sensor_status
 262              		.section	.text.average,"ax",%progbits
 263              		.align	2
 264              		.global	average
 265              		.thumb
 266              		.thumb_func
 267              		.type	average, %function
 268              	average:
 269              	.LFB70:
  73:.\local_handling.c **** 
  74:.\local_handling.c **** float tps_avg(void) {
  75:.\local_handling.c ****     sensor_values s = {TPS_ADC_GetResult16(0), TPS_ADC_GetResult16(1), TPS_ADC_GetResult16(2)};
  76:.\local_handling.c ****     return average(&s, get_sensor_status(&s), TPS_TYPE);
  77:.\local_handling.c **** }
  78:.\local_handling.c **** 
  79:.\local_handling.c **** float apps_avg(void) {
  80:.\local_handling.c ****     sensor_values s = {APPS_ADC_GetResult16(0), APPS_ADC_GetResult16(1), APPS_ADC_GetResult16(2)};
  81:.\local_handling.c ****     return average(&s, get_sensor_status(&s), APPS_TYPE);
  82:.\local_handling.c **** }
  83:.\local_handling.c **** 
  84:.\local_handling.c **** float average(sensor_values * s, sensor_status status, value_type v) {
 270              		.loc 1 84 0
 271              		.cfi_startproc
 272              		@ args = 0, pretend = 0, frame = 0
 273              		@ frame_needed = 0, uses_anonymous_args = 0
 274              	.LVL29:
 275 0000 08B5     		push	{r3, lr}
 276              		.cfi_def_cfa_offset 8
 277              		.cfi_offset 3, -8
 278              		.cfi_offset 14, -4
  85:.\local_handling.c ****     float avg;
  86:.\local_handling.c ****     uint16 temp;
  87:.\local_handling.c ****     switch (status) {
 279              		.loc 1 87 0
 280 0002 0329     		cmp	r1, #3
 281 0004 28D8     		bhi	.L29
 282 0006 DFE801F0 		tbb	[pc, r1]
 283              	.L25:
 284 000a 02       		.byte	(.L24-.L25)/2
 285 000b 0F       		.byte	(.L26-.L25)/2
 286 000c 17       		.byte	(.L27-.L25)/2
 287 000d 1F       		.byte	(.L28-.L25)/2
 288              		.p2align 1
 289              	.L24:
  88:.\local_handling.c ****         case NONE_FAIL:
ARM GAS  C:\Users\mitchell\AppData\Local\Temp\ccUFwiF1.s 			page 8


  89:.\local_handling.c ****             temp = (s->sens_0_value + s->sens_1_value + s->sens_2_value) / NUM_ALL_CHANNELS;
 290              		.loc 1 89 0
 291 000e 0188     		ldrh	r1, [r0]
 292              	.LVL30:
 293 0010 4388     		ldrh	r3, [r0, #2]
 294 0012 1944     		add	r1, r1, r3
 295 0014 8388     		ldrh	r3, [r0, #4]
 296 0016 C818     		adds	r0, r1, r3
 297              	.LVL31:
 298 0018 104B     		ldr	r3, .L30
 299 001a 83FB0010 		smull	r1, r0, r3, r0
 300              	.LVL32:
  90:.\local_handling.c ****             avg = normalize(temp, v);
 301              		.loc 1 90 0
 302 001e 80B2     		uxth	r0, r0
 303              	.LVL33:
 304 0020 1146     		mov	r1, r2
 305 0022 FFF7FEFF 		bl	normalize
 306              	.LVL34:
  91:.\local_handling.c ****             break;
 307              		.loc 1 91 0
 308 0026 08BD     		pop	{r3, pc}
 309              	.LVL35:
 310              	.L26:
  92:.\local_handling.c ****         case SENSOR_0_FAIL:
  93:.\local_handling.c ****             temp = (s->sens_1_value + s->sens_2_value) / MIN_NUM_CHANNELS;
 311              		.loc 1 93 0
 312 0028 4188     		ldrh	r1, [r0, #2]
 313              	.LVL36:
 314 002a 8388     		ldrh	r3, [r0, #4]
 315 002c C818     		adds	r0, r1, r3
 316              	.LVL37:
  94:.\local_handling.c ****             avg = normalize(temp, v);
 317              		.loc 1 94 0
 318 002e 4008     		lsrs	r0, r0, #1
 319              	.LVL38:
 320 0030 1146     		mov	r1, r2
 321              	.LVL39:
 322 0032 FFF7FEFF 		bl	normalize
 323              	.LVL40:
  95:.\local_handling.c ****             break;
 324              		.loc 1 95 0
 325 0036 08BD     		pop	{r3, pc}
 326              	.LVL41:
 327              	.L27:
  96:.\local_handling.c ****         case SENSOR_1_FAIL:
  97:.\local_handling.c ****             temp = (s->sens_0_value + s->sens_2_value) / MIN_NUM_CHANNELS;
 328              		.loc 1 97 0
 329 0038 0188     		ldrh	r1, [r0]
 330              	.LVL42:
 331 003a 8388     		ldrh	r3, [r0, #4]
 332 003c C818     		adds	r0, r1, r3
 333              	.LVL43:
  98:.\local_handling.c ****             avg = normalize(temp, v);
 334              		.loc 1 98 0
 335 003e 4008     		lsrs	r0, r0, #1
 336              	.LVL44:
ARM GAS  C:\Users\mitchell\AppData\Local\Temp\ccUFwiF1.s 			page 9


 337 0040 1146     		mov	r1, r2
 338              	.LVL45:
 339 0042 FFF7FEFF 		bl	normalize
 340              	.LVL46:
  99:.\local_handling.c ****             break;
 341              		.loc 1 99 0
 342 0046 08BD     		pop	{r3, pc}
 343              	.LVL47:
 344              	.L28:
 100:.\local_handling.c ****         case SENSOR_2_FAIL:
 101:.\local_handling.c ****             temp = (s->sens_0_value + s->sens_1_value) / MIN_NUM_CHANNELS;
 345              		.loc 1 101 0
 346 0048 0188     		ldrh	r1, [r0]
 347              	.LVL48:
 348 004a 4388     		ldrh	r3, [r0, #2]
 349 004c C818     		adds	r0, r1, r3
 350              	.LVL49:
 102:.\local_handling.c ****             avg = normalize(temp, v);
 351              		.loc 1 102 0
 352 004e 4008     		lsrs	r0, r0, #1
 353              	.LVL50:
 354 0050 1146     		mov	r1, r2
 355              	.LVL51:
 356 0052 FFF7FEFF 		bl	normalize
 357              	.LVL52:
 103:.\local_handling.c ****             break;
 358              		.loc 1 103 0
 359 0056 08BD     		pop	{r3, pc}
 360              	.LVL53:
 361              	.L29:
 104:.\local_handling.c ****         default:
 105:.\local_handling.c ****             avg = FAIL;
 362              		.loc 1 105 0
 363 0058 0148     		ldr	r0, .L30+4
 364              	.LVL54:
 106:.\local_handling.c ****     }
 107:.\local_handling.c ****     return avg;
 108:.\local_handling.c **** }
 365              		.loc 1 108 0
 366 005a 08BD     		pop	{r3, pc}
 367              	.L31:
 368              		.align	2
 369              	.L30:
 370 005c 56555555 		.word	1431655766
 371 0060 000080BF 		.word	-1082130432
 372              		.cfi_endproc
 373              	.LFE70:
 374              		.size	average, .-average
 375              		.section	.text.tps_avg,"ax",%progbits
 376              		.align	2
 377              		.global	tps_avg
 378              		.thumb
 379              		.thumb_func
 380              		.type	tps_avg, %function
 381              	tps_avg:
 382              	.LFB68:
  74:.\local_handling.c **** float tps_avg(void) {
ARM GAS  C:\Users\mitchell\AppData\Local\Temp\ccUFwiF1.s 			page 10


 383              		.loc 1 74 0
 384              		.cfi_startproc
 385              		@ args = 0, pretend = 0, frame = 8
 386              		@ frame_needed = 0, uses_anonymous_args = 0
 387 0000 00B5     		push	{lr}
 388              		.cfi_def_cfa_offset 4
 389              		.cfi_offset 14, -4
 390 0002 83B0     		sub	sp, sp, #12
 391              		.cfi_def_cfa_offset 16
  75:.\local_handling.c ****     sensor_values s = {TPS_ADC_GetResult16(0), TPS_ADC_GetResult16(1), TPS_ADC_GetResult16(2)};
 392              		.loc 1 75 0
 393 0004 0020     		movs	r0, #0
 394 0006 FFF7FEFF 		bl	TPS_ADC_GetResult16
 395              	.LVL55:
 396 000a ADF80000 		strh	r0, [sp]	@ movhi
 397 000e 0120     		movs	r0, #1
 398 0010 FFF7FEFF 		bl	TPS_ADC_GetResult16
 399              	.LVL56:
 400 0014 ADF80200 		strh	r0, [sp, #2]	@ movhi
 401 0018 0220     		movs	r0, #2
 402 001a FFF7FEFF 		bl	TPS_ADC_GetResult16
 403              	.LVL57:
 404 001e ADF80400 		strh	r0, [sp, #4]	@ movhi
  76:.\local_handling.c ****     return average(&s, get_sensor_status(&s), TPS_TYPE);
 405              		.loc 1 76 0
 406 0022 6846     		mov	r0, sp
 407 0024 FFF7FEFF 		bl	get_sensor_status
 408              	.LVL58:
 409 0028 0146     		mov	r1, r0
 410 002a 6846     		mov	r0, sp
 411 002c 0022     		movs	r2, #0
 412 002e FFF7FEFF 		bl	average
 413              	.LVL59:
  77:.\local_handling.c **** }
 414              		.loc 1 77 0
 415 0032 03B0     		add	sp, sp, #12
 416              		@ sp needed
 417 0034 5DF804FB 		ldr	pc, [sp], #4
 418              		.cfi_endproc
 419              	.LFE68:
 420              		.size	tps_avg, .-tps_avg
 421              		.section	.text.apps_avg,"ax",%progbits
 422              		.align	2
 423              		.global	apps_avg
 424              		.thumb
 425              		.thumb_func
 426              		.type	apps_avg, %function
 427              	apps_avg:
 428              	.LFB69:
  79:.\local_handling.c **** float apps_avg(void) {
 429              		.loc 1 79 0
 430              		.cfi_startproc
 431              		@ args = 0, pretend = 0, frame = 8
 432              		@ frame_needed = 0, uses_anonymous_args = 0
 433 0000 00B5     		push	{lr}
 434              		.cfi_def_cfa_offset 4
 435              		.cfi_offset 14, -4
ARM GAS  C:\Users\mitchell\AppData\Local\Temp\ccUFwiF1.s 			page 11


 436 0002 83B0     		sub	sp, sp, #12
 437              		.cfi_def_cfa_offset 16
  80:.\local_handling.c ****     sensor_values s = {APPS_ADC_GetResult16(0), APPS_ADC_GetResult16(1), APPS_ADC_GetResult16(2)};
 438              		.loc 1 80 0
 439 0004 0020     		movs	r0, #0
 440 0006 FFF7FEFF 		bl	APPS_ADC_GetResult16
 441              	.LVL60:
 442 000a ADF80000 		strh	r0, [sp]	@ movhi
 443 000e 0120     		movs	r0, #1
 444 0010 FFF7FEFF 		bl	APPS_ADC_GetResult16
 445              	.LVL61:
 446 0014 ADF80200 		strh	r0, [sp, #2]	@ movhi
 447 0018 0220     		movs	r0, #2
 448 001a FFF7FEFF 		bl	APPS_ADC_GetResult16
 449              	.LVL62:
 450 001e ADF80400 		strh	r0, [sp, #4]	@ movhi
  81:.\local_handling.c ****     return average(&s, get_sensor_status(&s), APPS_TYPE);
 451              		.loc 1 81 0
 452 0022 6846     		mov	r0, sp
 453 0024 FFF7FEFF 		bl	get_sensor_status
 454              	.LVL63:
 455 0028 0146     		mov	r1, r0
 456 002a 6846     		mov	r0, sp
 457 002c 0122     		movs	r2, #1
 458 002e FFF7FEFF 		bl	average
 459              	.LVL64:
  82:.\local_handling.c **** }
 460              		.loc 1 82 0
 461 0032 03B0     		add	sp, sp, #12
 462              		@ sp needed
 463 0034 5DF804FB 		ldr	pc, [sp], #4
 464              		.cfi_endproc
 465              	.LFE69:
 466              		.size	apps_avg, .-apps_avg
 467              		.text
 468              	.Letext0:
 469              		.file 2 "c:\\program files (x86)\\cypress\\psoc creator\\3.2\\psoc creator\\import\\gnu\\arm\\4.8.
 470              		.file 3 "c:\\program files (x86)\\cypress\\psoc creator\\3.2\\psoc creator\\import\\gnu\\arm\\4.8.
 471              		.file 4 "Generated_Source\\PSoC5/cytypes.h"
 472              		.file 5 ".\\local_handling.h"
 473              		.file 6 "Generated_Source\\PSoC5/core_cm3.h"
 474              		.file 7 "Generated_Source\\PSoC5/TPS_ADC.h"
 475              		.file 8 "Generated_Source\\PSoC5/APPS_ADC.h"
 476              		.section	.debug_info,"",%progbits
 477              	.Ldebug_info0:
 478 0000 6D040000 		.4byte	0x46d
 479 0004 0400     		.2byte	0x4
 480 0006 00000000 		.4byte	.Ldebug_abbrev0
 481 000a 04       		.byte	0x4
 482 000b 01       		.uleb128 0x1
 483 000c DF010000 		.4byte	.LASF43
 484 0010 01       		.byte	0x1
 485 0011 60000000 		.4byte	.LASF44
 486 0015 2B010000 		.4byte	.LASF45
 487 0019 00000000 		.4byte	.Ldebug_ranges0+0
 488 001d 00000000 		.4byte	0
 489 0021 00000000 		.4byte	.Ldebug_line0
ARM GAS  C:\Users\mitchell\AppData\Local\Temp\ccUFwiF1.s 			page 12


 490 0025 02       		.uleb128 0x2
 491 0026 08       		.byte	0x8
 492 0027 07       		.byte	0x7
 493 0028 B4010000 		.4byte	.LASF0
 494 002c 03       		.uleb128 0x3
 495 002d 04       		.byte	0x4
 496 002e 05       		.byte	0x5
 497 002f 696E7400 		.ascii	"int\000"
 498 0033 02       		.uleb128 0x2
 499 0034 02       		.byte	0x2
 500 0035 07       		.byte	0x7
 501 0036 CF000000 		.4byte	.LASF1
 502 003a 02       		.uleb128 0x2
 503 003b 01       		.byte	0x1
 504 003c 06       		.byte	0x6
 505 003d D3010000 		.4byte	.LASF2
 506 0041 02       		.uleb128 0x2
 507 0042 01       		.byte	0x1
 508 0043 08       		.byte	0x8
 509 0044 A4000000 		.4byte	.LASF3
 510 0048 02       		.uleb128 0x2
 511 0049 02       		.byte	0x2
 512 004a 05       		.byte	0x5
 513 004b 10010000 		.4byte	.LASF4
 514 004f 04       		.uleb128 0x4
 515 0050 33000000 		.4byte	.LASF9
 516 0054 02       		.byte	0x2
 517 0055 37       		.byte	0x37
 518 0056 5A000000 		.4byte	0x5a
 519 005a 02       		.uleb128 0x2
 520 005b 04       		.byte	0x4
 521 005c 05       		.byte	0x5
 522 005d D8020000 		.4byte	.LASF5
 523 0061 02       		.uleb128 0x2
 524 0062 04       		.byte	0x4
 525 0063 07       		.byte	0x7
 526 0064 7D010000 		.4byte	.LASF6
 527 0068 02       		.uleb128 0x2
 528 0069 08       		.byte	0x8
 529 006a 05       		.byte	0x5
 530 006b 64020000 		.4byte	.LASF7
 531 006f 02       		.uleb128 0x2
 532 0070 04       		.byte	0x4
 533 0071 07       		.byte	0x7
 534 0072 8F010000 		.4byte	.LASF8
 535 0076 04       		.uleb128 0x4
 536 0077 58000000 		.4byte	.LASF10
 537 007b 03       		.byte	0x3
 538 007c 41       		.byte	0x41
 539 007d 4F000000 		.4byte	0x4f
 540 0081 04       		.uleb128 0x4
 541 0082 1A010000 		.4byte	.LASF11
 542 0086 04       		.byte	0x4
 543 0087 B5       		.byte	0xb5
 544 0088 33000000 		.4byte	0x33
 545 008c 04       		.uleb128 0x4
 546 008d C4000000 		.4byte	.LASF12
ARM GAS  C:\Users\mitchell\AppData\Local\Temp\ccUFwiF1.s 			page 13


 547 0091 04       		.byte	0x4
 548 0092 B8       		.byte	0xb8
 549 0093 48000000 		.4byte	0x48
 550 0097 02       		.uleb128 0x2
 551 0098 04       		.byte	0x4
 552 0099 04       		.byte	0x4
 553 009a 22000000 		.4byte	.LASF13
 554 009e 02       		.uleb128 0x2
 555 009f 08       		.byte	0x8
 556 00a0 04       		.byte	0x4
 557 00a1 4A000000 		.4byte	.LASF14
 558 00a5 02       		.uleb128 0x2
 559 00a6 01       		.byte	0x1
 560 00a7 08       		.byte	0x8
 561 00a8 7A020000 		.4byte	.LASF15
 562 00ac 02       		.uleb128 0x2
 563 00ad 04       		.byte	0x4
 564 00ae 07       		.byte	0x7
 565 00af 5B020000 		.4byte	.LASF16
 566 00b3 05       		.uleb128 0x5
 567 00b4 01       		.byte	0x1
 568 00b5 05       		.byte	0x5
 569 00b6 19       		.byte	0x19
 570 00b7 DA000000 		.4byte	0xda
 571 00bb 06       		.uleb128 0x6
 572 00bc 9C010000 		.4byte	.LASF17
 573 00c0 00       		.sleb128 0
 574 00c1 06       		.uleb128 0x6
 575 00c2 73000000 		.4byte	.LASF18
 576 00c6 01       		.sleb128 1
 577 00c7 06       		.uleb128 0x6
 578 00c8 EB000000 		.4byte	.LASF19
 579 00cc 02       		.sleb128 2
 580 00cd 06       		.uleb128 0x6
 581 00ce CA020000 		.4byte	.LASF20
 582 00d2 03       		.sleb128 3
 583 00d3 06       		.uleb128 0x6
 584 00d4 0A000000 		.4byte	.LASF21
 585 00d8 04       		.sleb128 4
 586 00d9 00       		.byte	0
 587 00da 04       		.uleb128 0x4
 588 00db A6010000 		.4byte	.LASF22
 589 00df 05       		.byte	0x5
 590 00e0 1F       		.byte	0x1f
 591 00e1 B3000000 		.4byte	0xb3
 592 00e5 07       		.uleb128 0x7
 593 00e6 06       		.byte	0x6
 594 00e7 05       		.byte	0x5
 595 00e8 21       		.byte	0x21
 596 00e9 12010000 		.4byte	0x112
 597 00ed 08       		.uleb128 0x8
 598 00ee 0B030000 		.4byte	.LASF23
 599 00f2 05       		.byte	0x5
 600 00f3 22       		.byte	0x22
 601 00f4 81000000 		.4byte	0x81
 602 00f8 00       		.byte	0
 603 00f9 08       		.uleb128 0x8
ARM GAS  C:\Users\mitchell\AppData\Local\Temp\ccUFwiF1.s 			page 14


 604 00fa 15000000 		.4byte	.LASF24
 605 00fe 05       		.byte	0x5
 606 00ff 23       		.byte	0x23
 607 0100 81000000 		.4byte	0x81
 608 0104 02       		.byte	0x2
 609 0105 08       		.uleb128 0x8
 610 0106 3D000000 		.4byte	.LASF25
 611 010a 05       		.byte	0x5
 612 010b 24       		.byte	0x24
 613 010c 81000000 		.4byte	0x81
 614 0110 04       		.byte	0x4
 615 0111 00       		.byte	0
 616 0112 04       		.uleb128 0x4
 617 0113 FD020000 		.4byte	.LASF26
 618 0117 05       		.byte	0x5
 619 0118 25       		.byte	0x25
 620 0119 E5000000 		.4byte	0xe5
 621 011d 04       		.uleb128 0x4
 622 011e 28000000 		.4byte	.LASF27
 623 0122 05       		.byte	0x5
 624 0123 27       		.byte	0x27
 625 0124 2C000000 		.4byte	0x2c
 626 0128 09       		.uleb128 0x9
 627 0129 A8020000 		.4byte	.LASF28
 628 012d 01       		.byte	0x1
 629 012e 1B       		.byte	0x1b
 630 012f 97000000 		.4byte	0x97
 631 0133 00000000 		.4byte	.LFB64
 632 0137 14000000 		.4byte	.LFE64-.LFB64
 633 013b 01       		.uleb128 0x1
 634 013c 9C       		.byte	0x9c
 635 013d 51010000 		.4byte	0x151
 636 0141 0A       		.uleb128 0xa
 637 0142 06010000 		.4byte	.LASF30
 638 0146 01       		.byte	0x1
 639 0147 1B       		.byte	0x1b
 640 0148 81000000 		.4byte	0x81
 641 014c 00000000 		.4byte	.LLST0
 642 0150 00       		.byte	0
 643 0151 09       		.uleb128 0x9
 644 0152 7F020000 		.4byte	.LASF29
 645 0156 01       		.byte	0x1
 646 0157 1F       		.byte	0x1f
 647 0158 97000000 		.4byte	0x97
 648 015c 00000000 		.4byte	.LFB65
 649 0160 14000000 		.4byte	.LFE65-.LFB65
 650 0164 01       		.uleb128 0x1
 651 0165 9C       		.byte	0x9c
 652 0166 7A010000 		.4byte	0x17a
 653 016a 0A       		.uleb128 0xa
 654 016b 06010000 		.4byte	.LASF30
 655 016f 01       		.byte	0x1
 656 0170 1F       		.byte	0x1f
 657 0171 81000000 		.4byte	0x81
 658 0175 21000000 		.4byte	.LLST1
 659 0179 00       		.byte	0
 660 017a 0B       		.uleb128 0xb
ARM GAS  C:\Users\mitchell\AppData\Local\Temp\ccUFwiF1.s 			page 15


 661 017b 00000000 		.4byte	.LASF31
 662 017f 01       		.byte	0x1
 663 0180 13       		.byte	0x13
 664 0181 97000000 		.4byte	0x97
 665 0185 00000000 		.4byte	.LFB63
 666 0189 10000000 		.4byte	.LFE63-.LFB63
 667 018d 01       		.uleb128 0x1
 668 018e 9C       		.byte	0x9c
 669 018f C2010000 		.4byte	0x1c2
 670 0193 0A       		.uleb128 0xa
 671 0194 06010000 		.4byte	.LASF30
 672 0198 01       		.byte	0x1
 673 0199 13       		.byte	0x13
 674 019a 81000000 		.4byte	0x81
 675 019e 42000000 		.4byte	.LLST2
 676 01a2 0C       		.uleb128 0xc
 677 01a3 7600     		.ascii	"v\000"
 678 01a5 01       		.byte	0x1
 679 01a6 13       		.byte	0x13
 680 01a7 1D010000 		.4byte	0x11d
 681 01ab 7C000000 		.4byte	.LLST3
 682 01af 0D       		.uleb128 0xd
 683 01b0 08000000 		.4byte	.LVL7
 684 01b4 28010000 		.4byte	0x128
 685 01b8 0D       		.uleb128 0xd
 686 01b9 0E000000 		.4byte	.LVL9
 687 01bd 51010000 		.4byte	0x151
 688 01c1 00       		.byte	0
 689 01c2 0B       		.uleb128 0xb
 690 01c3 E1020000 		.4byte	.LASF32
 691 01c7 01       		.byte	0x1
 692 01c8 3D       		.byte	0x3d
 693 01c9 81000000 		.4byte	0x81
 694 01cd 00000000 		.4byte	.LFB67
 695 01d1 24000000 		.4byte	.LFE67-.LFB67
 696 01d5 01       		.uleb128 0x1
 697 01d6 9C       		.byte	0x9c
 698 01d7 F8010000 		.4byte	0x1f8
 699 01db 0C       		.uleb128 0xc
 700 01dc 7300     		.ascii	"s\000"
 701 01de 01       		.byte	0x1
 702 01df 3D       		.byte	0x3d
 703 01e0 F8010000 		.4byte	0x1f8
 704 01e4 B6000000 		.4byte	.LLST4
 705 01e8 0E       		.uleb128 0xe
 706 01e9 6D617800 		.ascii	"max\000"
 707 01ed 01       		.byte	0x1
 708 01ee 3F       		.byte	0x3f
 709 01ef 81000000 		.4byte	0x81
 710 01f3 D7000000 		.4byte	.LLST5
 711 01f7 00       		.byte	0
 712 01f8 0F       		.uleb128 0xf
 713 01f9 04       		.byte	0x4
 714 01fa 12010000 		.4byte	0x112
 715 01fe 0B       		.uleb128 0xb
 716 01ff B2000000 		.4byte	.LASF33
 717 0203 01       		.byte	0x1
ARM GAS  C:\Users\mitchell\AppData\Local\Temp\ccUFwiF1.s 			page 16


 718 0204 23       		.byte	0x23
 719 0205 DA000000 		.4byte	0xda
 720 0209 00000000 		.4byte	.LFB66
 721 020d 58000000 		.4byte	.LFE66-.LFB66
 722 0211 01       		.uleb128 0x1
 723 0212 9C       		.byte	0x9c
 724 0213 78020000 		.4byte	0x278
 725 0217 0C       		.uleb128 0xc
 726 0218 7300     		.ascii	"s\000"
 727 021a 01       		.byte	0x1
 728 021b 23       		.byte	0x23
 729 021c F8010000 		.4byte	0x1f8
 730 0220 01010000 		.4byte	.LLST6
 731 0224 10       		.uleb128 0x10
 732 0225 21010000 		.4byte	.LASF34
 733 0229 01       		.byte	0x1
 734 022a 24       		.byte	0x24
 735 022b 81000000 		.4byte	0x81
 736 022f 1F010000 		.4byte	.LLST7
 737 0233 11       		.uleb128 0x11
 738 0234 51000000 		.4byte	.LASF35
 739 0238 01       		.byte	0x1
 740 0239 25       		.byte	0x25
 741 023a 2C000000 		.4byte	0x2c
 742 023e 01       		.uleb128 0x1
 743 023f 50       		.byte	0x50
 744 0240 11       		.uleb128 0x11
 745 0241 BC020000 		.4byte	.LASF36
 746 0245 01       		.byte	0x1
 747 0246 26       		.byte	0x26
 748 0247 81000000 		.4byte	0x81
 749 024b 01       		.uleb128 0x1
 750 024c 55       		.byte	0x55
 751 024d 11       		.uleb128 0x11
 752 024e EF020000 		.4byte	.LASF37
 753 0252 01       		.byte	0x1
 754 0253 27       		.byte	0x27
 755 0254 81000000 		.4byte	0x81
 756 0258 01       		.uleb128 0x1
 757 0259 51       		.byte	0x51
 758 025a 11       		.uleb128 0x11
 759 025b 96000000 		.4byte	.LASF38
 760 025f 01       		.byte	0x1
 761 0260 28       		.byte	0x28
 762 0261 81000000 		.4byte	0x81
 763 0265 01       		.uleb128 0x1
 764 0266 53       		.byte	0x53
 765 0267 12       		.uleb128 0x12
 766 0268 08000000 		.4byte	.LVL16
 767 026c C2010000 		.4byte	0x1c2
 768 0270 13       		.uleb128 0x13
 769 0271 01       		.uleb128 0x1
 770 0272 50       		.byte	0x50
 771 0273 02       		.uleb128 0x2
 772 0274 74       		.byte	0x74
 773 0275 00       		.sleb128 0
 774 0276 00       		.byte	0
ARM GAS  C:\Users\mitchell\AppData\Local\Temp\ccUFwiF1.s 			page 17


 775 0277 00       		.byte	0
 776 0278 0B       		.uleb128 0xb
 777 0279 CB010000 		.4byte	.LASF39
 778 027d 01       		.byte	0x1
 779 027e 54       		.byte	0x54
 780 027f 97000000 		.4byte	0x97
 781 0283 00000000 		.4byte	.LFB70
 782 0287 64000000 		.4byte	.LFE70-.LFB70
 783 028b 01       		.uleb128 0x1
 784 028c 9C       		.byte	0x9c
 785 028d 29030000 		.4byte	0x329
 786 0291 0C       		.uleb128 0xc
 787 0292 7300     		.ascii	"s\000"
 788 0294 01       		.byte	0x1
 789 0295 54       		.byte	0x54
 790 0296 F8010000 		.4byte	0x1f8
 791 029a 5E010000 		.4byte	.LLST8
 792 029e 0A       		.uleb128 0xa
 793 029f 51000000 		.4byte	.LASF35
 794 02a3 01       		.byte	0x1
 795 02a4 54       		.byte	0x54
 796 02a5 DA000000 		.4byte	0xda
 797 02a9 E3010000 		.4byte	.LLST9
 798 02ad 0C       		.uleb128 0xc
 799 02ae 7600     		.ascii	"v\000"
 800 02b0 01       		.byte	0x1
 801 02b1 54       		.byte	0x54
 802 02b2 1D010000 		.4byte	0x11d
 803 02b6 5A020000 		.4byte	.LLST10
 804 02ba 0E       		.uleb128 0xe
 805 02bb 61766700 		.ascii	"avg\000"
 806 02bf 01       		.byte	0x1
 807 02c0 55       		.byte	0x55
 808 02c1 97000000 		.4byte	0x97
 809 02c5 D1020000 		.4byte	.LLST11
 810 02c9 10       		.uleb128 0x10
 811 02ca CA000000 		.4byte	.LASF40
 812 02ce 01       		.byte	0x1
 813 02cf 56       		.byte	0x56
 814 02d0 81000000 		.4byte	0x81
 815 02d4 10030000 		.4byte	.LLST12
 816 02d8 14       		.uleb128 0x14
 817 02d9 26000000 		.4byte	.LVL34
 818 02dd 7A010000 		.4byte	0x17a
 819 02e1 ED020000 		.4byte	0x2ed
 820 02e5 13       		.uleb128 0x13
 821 02e6 01       		.uleb128 0x1
 822 02e7 51       		.byte	0x51
 823 02e8 03       		.uleb128 0x3
 824 02e9 F3       		.byte	0xf3
 825 02ea 01       		.uleb128 0x1
 826 02eb 52       		.byte	0x52
 827 02ec 00       		.byte	0
 828 02ed 14       		.uleb128 0x14
 829 02ee 36000000 		.4byte	.LVL40
 830 02f2 7A010000 		.4byte	0x17a
 831 02f6 02030000 		.4byte	0x302
ARM GAS  C:\Users\mitchell\AppData\Local\Temp\ccUFwiF1.s 			page 18


 832 02fa 13       		.uleb128 0x13
 833 02fb 01       		.uleb128 0x1
 834 02fc 51       		.byte	0x51
 835 02fd 03       		.uleb128 0x3
 836 02fe F3       		.byte	0xf3
 837 02ff 01       		.uleb128 0x1
 838 0300 52       		.byte	0x52
 839 0301 00       		.byte	0
 840 0302 14       		.uleb128 0x14
 841 0303 46000000 		.4byte	.LVL46
 842 0307 7A010000 		.4byte	0x17a
 843 030b 17030000 		.4byte	0x317
 844 030f 13       		.uleb128 0x13
 845 0310 01       		.uleb128 0x1
 846 0311 51       		.byte	0x51
 847 0312 03       		.uleb128 0x3
 848 0313 F3       		.byte	0xf3
 849 0314 01       		.uleb128 0x1
 850 0315 52       		.byte	0x52
 851 0316 00       		.byte	0
 852 0317 12       		.uleb128 0x12
 853 0318 56000000 		.4byte	.LVL52
 854 031c 7A010000 		.4byte	0x17a
 855 0320 13       		.uleb128 0x13
 856 0321 01       		.uleb128 0x1
 857 0322 51       		.byte	0x51
 858 0323 03       		.uleb128 0x3
 859 0324 F3       		.byte	0xf3
 860 0325 01       		.uleb128 0x1
 861 0326 52       		.byte	0x52
 862 0327 00       		.byte	0
 863 0328 00       		.byte	0
 864 0329 0B       		.uleb128 0xb
 865 032a 72020000 		.4byte	.LASF41
 866 032e 01       		.byte	0x1
 867 032f 4A       		.byte	0x4a
 868 0330 97000000 		.4byte	0x97
 869 0334 00000000 		.4byte	.LFB68
 870 0338 38000000 		.4byte	.LFE68-.LFB68
 871 033c 01       		.uleb128 0x1
 872 033d 9C       		.byte	0x9c
 873 033e B1030000 		.4byte	0x3b1
 874 0342 15       		.uleb128 0x15
 875 0343 7300     		.ascii	"s\000"
 876 0345 01       		.byte	0x1
 877 0346 4B       		.byte	0x4b
 878 0347 12010000 		.4byte	0x112
 879 034b 02       		.uleb128 0x2
 880 034c 91       		.byte	0x91
 881 034d 70       		.sleb128 -16
 882 034e 14       		.uleb128 0x14
 883 034f 0A000000 		.4byte	.LVL55
 884 0353 4A040000 		.4byte	0x44a
 885 0357 61030000 		.4byte	0x361
 886 035b 13       		.uleb128 0x13
 887 035c 01       		.uleb128 0x1
 888 035d 50       		.byte	0x50
ARM GAS  C:\Users\mitchell\AppData\Local\Temp\ccUFwiF1.s 			page 19


 889 035e 01       		.uleb128 0x1
 890 035f 30       		.byte	0x30
 891 0360 00       		.byte	0
 892 0361 14       		.uleb128 0x14
 893 0362 14000000 		.4byte	.LVL56
 894 0366 4A040000 		.4byte	0x44a
 895 036a 74030000 		.4byte	0x374
 896 036e 13       		.uleb128 0x13
 897 036f 01       		.uleb128 0x1
 898 0370 50       		.byte	0x50
 899 0371 01       		.uleb128 0x1
 900 0372 31       		.byte	0x31
 901 0373 00       		.byte	0
 902 0374 14       		.uleb128 0x14
 903 0375 1E000000 		.4byte	.LVL57
 904 0379 4A040000 		.4byte	0x44a
 905 037d 87030000 		.4byte	0x387
 906 0381 13       		.uleb128 0x13
 907 0382 01       		.uleb128 0x1
 908 0383 50       		.byte	0x50
 909 0384 01       		.uleb128 0x1
 910 0385 32       		.byte	0x32
 911 0386 00       		.byte	0
 912 0387 14       		.uleb128 0x14
 913 0388 28000000 		.4byte	.LVL58
 914 038c FE010000 		.4byte	0x1fe
 915 0390 9B030000 		.4byte	0x39b
 916 0394 13       		.uleb128 0x13
 917 0395 01       		.uleb128 0x1
 918 0396 50       		.byte	0x50
 919 0397 02       		.uleb128 0x2
 920 0398 7D       		.byte	0x7d
 921 0399 00       		.sleb128 0
 922 039a 00       		.byte	0
 923 039b 12       		.uleb128 0x12
 924 039c 32000000 		.4byte	.LVL59
 925 03a0 78020000 		.4byte	0x278
 926 03a4 13       		.uleb128 0x13
 927 03a5 01       		.uleb128 0x1
 928 03a6 52       		.byte	0x52
 929 03a7 01       		.uleb128 0x1
 930 03a8 30       		.byte	0x30
 931 03a9 13       		.uleb128 0x13
 932 03aa 01       		.uleb128 0x1
 933 03ab 50       		.byte	0x50
 934 03ac 02       		.uleb128 0x2
 935 03ad 7D       		.byte	0x7d
 936 03ae 00       		.sleb128 0
 937 03af 00       		.byte	0
 938 03b0 00       		.byte	0
 939 03b1 0B       		.uleb128 0xb
 940 03b2 E2000000 		.4byte	.LASF42
 941 03b6 01       		.byte	0x1
 942 03b7 4F       		.byte	0x4f
 943 03b8 97000000 		.4byte	0x97
 944 03bc 00000000 		.4byte	.LFB69
 945 03c0 38000000 		.4byte	.LFE69-.LFB69
ARM GAS  C:\Users\mitchell\AppData\Local\Temp\ccUFwiF1.s 			page 20


 946 03c4 01       		.uleb128 0x1
 947 03c5 9C       		.byte	0x9c
 948 03c6 39040000 		.4byte	0x439
 949 03ca 15       		.uleb128 0x15
 950 03cb 7300     		.ascii	"s\000"
 951 03cd 01       		.byte	0x1
 952 03ce 50       		.byte	0x50
 953 03cf 12010000 		.4byte	0x112
 954 03d3 02       		.uleb128 0x2
 955 03d4 91       		.byte	0x91
 956 03d5 70       		.sleb128 -16
 957 03d6 14       		.uleb128 0x14
 958 03d7 0A000000 		.4byte	.LVL60
 959 03db 5F040000 		.4byte	0x45f
 960 03df E9030000 		.4byte	0x3e9
 961 03e3 13       		.uleb128 0x13
 962 03e4 01       		.uleb128 0x1
 963 03e5 50       		.byte	0x50
 964 03e6 01       		.uleb128 0x1
 965 03e7 30       		.byte	0x30
 966 03e8 00       		.byte	0
 967 03e9 14       		.uleb128 0x14
 968 03ea 14000000 		.4byte	.LVL61
 969 03ee 5F040000 		.4byte	0x45f
 970 03f2 FC030000 		.4byte	0x3fc
 971 03f6 13       		.uleb128 0x13
 972 03f7 01       		.uleb128 0x1
 973 03f8 50       		.byte	0x50
 974 03f9 01       		.uleb128 0x1
 975 03fa 31       		.byte	0x31
 976 03fb 00       		.byte	0
 977 03fc 14       		.uleb128 0x14
 978 03fd 1E000000 		.4byte	.LVL62
 979 0401 5F040000 		.4byte	0x45f
 980 0405 0F040000 		.4byte	0x40f
 981 0409 13       		.uleb128 0x13
 982 040a 01       		.uleb128 0x1
 983 040b 50       		.byte	0x50
 984 040c 01       		.uleb128 0x1
 985 040d 32       		.byte	0x32
 986 040e 00       		.byte	0
 987 040f 14       		.uleb128 0x14
 988 0410 28000000 		.4byte	.LVL63
 989 0414 FE010000 		.4byte	0x1fe
 990 0418 23040000 		.4byte	0x423
 991 041c 13       		.uleb128 0x13
 992 041d 01       		.uleb128 0x1
 993 041e 50       		.byte	0x50
 994 041f 02       		.uleb128 0x2
 995 0420 7D       		.byte	0x7d
 996 0421 00       		.sleb128 0
 997 0422 00       		.byte	0
 998 0423 12       		.uleb128 0x12
 999 0424 32000000 		.4byte	.LVL64
 1000 0428 78020000 		.4byte	0x278
 1001 042c 13       		.uleb128 0x13
 1002 042d 01       		.uleb128 0x1
ARM GAS  C:\Users\mitchell\AppData\Local\Temp\ccUFwiF1.s 			page 21


 1003 042e 52       		.byte	0x52
 1004 042f 01       		.uleb128 0x1
 1005 0430 31       		.byte	0x31
 1006 0431 13       		.uleb128 0x13
 1007 0432 01       		.uleb128 0x1
 1008 0433 50       		.byte	0x50
 1009 0434 02       		.uleb128 0x2
 1010 0435 7D       		.byte	0x7d
 1011 0436 00       		.sleb128 0
 1012 0437 00       		.byte	0
 1013 0438 00       		.byte	0
 1014 0439 16       		.uleb128 0x16
 1015 043a F9000000 		.4byte	.LASF46
 1016 043e 06       		.byte	0x6
 1017 043f 2A06     		.2byte	0x62a
 1018 0441 45040000 		.4byte	0x445
 1019 0445 17       		.uleb128 0x17
 1020 0446 76000000 		.4byte	0x76
 1021 044a 18       		.uleb128 0x18
 1022 044b 94020000 		.4byte	.LASF47
 1023 044f 07       		.byte	0x7
 1024 0450 35       		.byte	0x35
 1025 0451 8C000000 		.4byte	0x8c
 1026 0455 5F040000 		.4byte	0x45f
 1027 0459 19       		.uleb128 0x19
 1028 045a 81000000 		.4byte	0x81
 1029 045e 00       		.byte	0
 1030 045f 1A       		.uleb128 0x1a
 1031 0460 81000000 		.4byte	.LASF48
 1032 0464 08       		.byte	0x8
 1033 0465 35       		.byte	0x35
 1034 0466 8C000000 		.4byte	0x8c
 1035 046a 19       		.uleb128 0x19
 1036 046b 81000000 		.4byte	0x81
 1037 046f 00       		.byte	0
 1038 0470 00       		.byte	0
 1039              		.section	.debug_abbrev,"",%progbits
 1040              	.Ldebug_abbrev0:
 1041 0000 01       		.uleb128 0x1
 1042 0001 11       		.uleb128 0x11
 1043 0002 01       		.byte	0x1
 1044 0003 25       		.uleb128 0x25
 1045 0004 0E       		.uleb128 0xe
 1046 0005 13       		.uleb128 0x13
 1047 0006 0B       		.uleb128 0xb
 1048 0007 03       		.uleb128 0x3
 1049 0008 0E       		.uleb128 0xe
 1050 0009 1B       		.uleb128 0x1b
 1051 000a 0E       		.uleb128 0xe
 1052 000b 55       		.uleb128 0x55
 1053 000c 17       		.uleb128 0x17
 1054 000d 11       		.uleb128 0x11
 1055 000e 01       		.uleb128 0x1
 1056 000f 10       		.uleb128 0x10
 1057 0010 17       		.uleb128 0x17
 1058 0011 00       		.byte	0
 1059 0012 00       		.byte	0
ARM GAS  C:\Users\mitchell\AppData\Local\Temp\ccUFwiF1.s 			page 22


 1060 0013 02       		.uleb128 0x2
 1061 0014 24       		.uleb128 0x24
 1062 0015 00       		.byte	0
 1063 0016 0B       		.uleb128 0xb
 1064 0017 0B       		.uleb128 0xb
 1065 0018 3E       		.uleb128 0x3e
 1066 0019 0B       		.uleb128 0xb
 1067 001a 03       		.uleb128 0x3
 1068 001b 0E       		.uleb128 0xe
 1069 001c 00       		.byte	0
 1070 001d 00       		.byte	0
 1071 001e 03       		.uleb128 0x3
 1072 001f 24       		.uleb128 0x24
 1073 0020 00       		.byte	0
 1074 0021 0B       		.uleb128 0xb
 1075 0022 0B       		.uleb128 0xb
 1076 0023 3E       		.uleb128 0x3e
 1077 0024 0B       		.uleb128 0xb
 1078 0025 03       		.uleb128 0x3
 1079 0026 08       		.uleb128 0x8
 1080 0027 00       		.byte	0
 1081 0028 00       		.byte	0
 1082 0029 04       		.uleb128 0x4
 1083 002a 16       		.uleb128 0x16
 1084 002b 00       		.byte	0
 1085 002c 03       		.uleb128 0x3
 1086 002d 0E       		.uleb128 0xe
 1087 002e 3A       		.uleb128 0x3a
 1088 002f 0B       		.uleb128 0xb
 1089 0030 3B       		.uleb128 0x3b
 1090 0031 0B       		.uleb128 0xb
 1091 0032 49       		.uleb128 0x49
 1092 0033 13       		.uleb128 0x13
 1093 0034 00       		.byte	0
 1094 0035 00       		.byte	0
 1095 0036 05       		.uleb128 0x5
 1096 0037 04       		.uleb128 0x4
 1097 0038 01       		.byte	0x1
 1098 0039 0B       		.uleb128 0xb
 1099 003a 0B       		.uleb128 0xb
 1100 003b 3A       		.uleb128 0x3a
 1101 003c 0B       		.uleb128 0xb
 1102 003d 3B       		.uleb128 0x3b
 1103 003e 0B       		.uleb128 0xb
 1104 003f 01       		.uleb128 0x1
 1105 0040 13       		.uleb128 0x13
 1106 0041 00       		.byte	0
 1107 0042 00       		.byte	0
 1108 0043 06       		.uleb128 0x6
 1109 0044 28       		.uleb128 0x28
 1110 0045 00       		.byte	0
 1111 0046 03       		.uleb128 0x3
 1112 0047 0E       		.uleb128 0xe
 1113 0048 1C       		.uleb128 0x1c
 1114 0049 0D       		.uleb128 0xd
 1115 004a 00       		.byte	0
 1116 004b 00       		.byte	0
ARM GAS  C:\Users\mitchell\AppData\Local\Temp\ccUFwiF1.s 			page 23


 1117 004c 07       		.uleb128 0x7
 1118 004d 13       		.uleb128 0x13
 1119 004e 01       		.byte	0x1
 1120 004f 0B       		.uleb128 0xb
 1121 0050 0B       		.uleb128 0xb
 1122 0051 3A       		.uleb128 0x3a
 1123 0052 0B       		.uleb128 0xb
 1124 0053 3B       		.uleb128 0x3b
 1125 0054 0B       		.uleb128 0xb
 1126 0055 01       		.uleb128 0x1
 1127 0056 13       		.uleb128 0x13
 1128 0057 00       		.byte	0
 1129 0058 00       		.byte	0
 1130 0059 08       		.uleb128 0x8
 1131 005a 0D       		.uleb128 0xd
 1132 005b 00       		.byte	0
 1133 005c 03       		.uleb128 0x3
 1134 005d 0E       		.uleb128 0xe
 1135 005e 3A       		.uleb128 0x3a
 1136 005f 0B       		.uleb128 0xb
 1137 0060 3B       		.uleb128 0x3b
 1138 0061 0B       		.uleb128 0xb
 1139 0062 49       		.uleb128 0x49
 1140 0063 13       		.uleb128 0x13
 1141 0064 38       		.uleb128 0x38
 1142 0065 0B       		.uleb128 0xb
 1143 0066 00       		.byte	0
 1144 0067 00       		.byte	0
 1145 0068 09       		.uleb128 0x9
 1146 0069 2E       		.uleb128 0x2e
 1147 006a 01       		.byte	0x1
 1148 006b 3F       		.uleb128 0x3f
 1149 006c 19       		.uleb128 0x19
 1150 006d 03       		.uleb128 0x3
 1151 006e 0E       		.uleb128 0xe
 1152 006f 3A       		.uleb128 0x3a
 1153 0070 0B       		.uleb128 0xb
 1154 0071 3B       		.uleb128 0x3b
 1155 0072 0B       		.uleb128 0xb
 1156 0073 27       		.uleb128 0x27
 1157 0074 19       		.uleb128 0x19
 1158 0075 49       		.uleb128 0x49
 1159 0076 13       		.uleb128 0x13
 1160 0077 11       		.uleb128 0x11
 1161 0078 01       		.uleb128 0x1
 1162 0079 12       		.uleb128 0x12
 1163 007a 06       		.uleb128 0x6
 1164 007b 40       		.uleb128 0x40
 1165 007c 18       		.uleb128 0x18
 1166 007d 9642     		.uleb128 0x2116
 1167 007f 19       		.uleb128 0x19
 1168 0080 01       		.uleb128 0x1
 1169 0081 13       		.uleb128 0x13
 1170 0082 00       		.byte	0
 1171 0083 00       		.byte	0
 1172 0084 0A       		.uleb128 0xa
 1173 0085 05       		.uleb128 0x5
ARM GAS  C:\Users\mitchell\AppData\Local\Temp\ccUFwiF1.s 			page 24


 1174 0086 00       		.byte	0
 1175 0087 03       		.uleb128 0x3
 1176 0088 0E       		.uleb128 0xe
 1177 0089 3A       		.uleb128 0x3a
 1178 008a 0B       		.uleb128 0xb
 1179 008b 3B       		.uleb128 0x3b
 1180 008c 0B       		.uleb128 0xb
 1181 008d 49       		.uleb128 0x49
 1182 008e 13       		.uleb128 0x13
 1183 008f 02       		.uleb128 0x2
 1184 0090 17       		.uleb128 0x17
 1185 0091 00       		.byte	0
 1186 0092 00       		.byte	0
 1187 0093 0B       		.uleb128 0xb
 1188 0094 2E       		.uleb128 0x2e
 1189 0095 01       		.byte	0x1
 1190 0096 3F       		.uleb128 0x3f
 1191 0097 19       		.uleb128 0x19
 1192 0098 03       		.uleb128 0x3
 1193 0099 0E       		.uleb128 0xe
 1194 009a 3A       		.uleb128 0x3a
 1195 009b 0B       		.uleb128 0xb
 1196 009c 3B       		.uleb128 0x3b
 1197 009d 0B       		.uleb128 0xb
 1198 009e 27       		.uleb128 0x27
 1199 009f 19       		.uleb128 0x19
 1200 00a0 49       		.uleb128 0x49
 1201 00a1 13       		.uleb128 0x13
 1202 00a2 11       		.uleb128 0x11
 1203 00a3 01       		.uleb128 0x1
 1204 00a4 12       		.uleb128 0x12
 1205 00a5 06       		.uleb128 0x6
 1206 00a6 40       		.uleb128 0x40
 1207 00a7 18       		.uleb128 0x18
 1208 00a8 9742     		.uleb128 0x2117
 1209 00aa 19       		.uleb128 0x19
 1210 00ab 01       		.uleb128 0x1
 1211 00ac 13       		.uleb128 0x13
 1212 00ad 00       		.byte	0
 1213 00ae 00       		.byte	0
 1214 00af 0C       		.uleb128 0xc
 1215 00b0 05       		.uleb128 0x5
 1216 00b1 00       		.byte	0
 1217 00b2 03       		.uleb128 0x3
 1218 00b3 08       		.uleb128 0x8
 1219 00b4 3A       		.uleb128 0x3a
 1220 00b5 0B       		.uleb128 0xb
 1221 00b6 3B       		.uleb128 0x3b
 1222 00b7 0B       		.uleb128 0xb
 1223 00b8 49       		.uleb128 0x49
 1224 00b9 13       		.uleb128 0x13
 1225 00ba 02       		.uleb128 0x2
 1226 00bb 17       		.uleb128 0x17
 1227 00bc 00       		.byte	0
 1228 00bd 00       		.byte	0
 1229 00be 0D       		.uleb128 0xd
 1230 00bf 898201   		.uleb128 0x4109
ARM GAS  C:\Users\mitchell\AppData\Local\Temp\ccUFwiF1.s 			page 25


 1231 00c2 00       		.byte	0
 1232 00c3 11       		.uleb128 0x11
 1233 00c4 01       		.uleb128 0x1
 1234 00c5 31       		.uleb128 0x31
 1235 00c6 13       		.uleb128 0x13
 1236 00c7 00       		.byte	0
 1237 00c8 00       		.byte	0
 1238 00c9 0E       		.uleb128 0xe
 1239 00ca 34       		.uleb128 0x34
 1240 00cb 00       		.byte	0
 1241 00cc 03       		.uleb128 0x3
 1242 00cd 08       		.uleb128 0x8
 1243 00ce 3A       		.uleb128 0x3a
 1244 00cf 0B       		.uleb128 0xb
 1245 00d0 3B       		.uleb128 0x3b
 1246 00d1 0B       		.uleb128 0xb
 1247 00d2 49       		.uleb128 0x49
 1248 00d3 13       		.uleb128 0x13
 1249 00d4 02       		.uleb128 0x2
 1250 00d5 17       		.uleb128 0x17
 1251 00d6 00       		.byte	0
 1252 00d7 00       		.byte	0
 1253 00d8 0F       		.uleb128 0xf
 1254 00d9 0F       		.uleb128 0xf
 1255 00da 00       		.byte	0
 1256 00db 0B       		.uleb128 0xb
 1257 00dc 0B       		.uleb128 0xb
 1258 00dd 49       		.uleb128 0x49
 1259 00de 13       		.uleb128 0x13
 1260 00df 00       		.byte	0
 1261 00e0 00       		.byte	0
 1262 00e1 10       		.uleb128 0x10
 1263 00e2 34       		.uleb128 0x34
 1264 00e3 00       		.byte	0
 1265 00e4 03       		.uleb128 0x3
 1266 00e5 0E       		.uleb128 0xe
 1267 00e6 3A       		.uleb128 0x3a
 1268 00e7 0B       		.uleb128 0xb
 1269 00e8 3B       		.uleb128 0x3b
 1270 00e9 0B       		.uleb128 0xb
 1271 00ea 49       		.uleb128 0x49
 1272 00eb 13       		.uleb128 0x13
 1273 00ec 02       		.uleb128 0x2
 1274 00ed 17       		.uleb128 0x17
 1275 00ee 00       		.byte	0
 1276 00ef 00       		.byte	0
 1277 00f0 11       		.uleb128 0x11
 1278 00f1 34       		.uleb128 0x34
 1279 00f2 00       		.byte	0
 1280 00f3 03       		.uleb128 0x3
 1281 00f4 0E       		.uleb128 0xe
 1282 00f5 3A       		.uleb128 0x3a
 1283 00f6 0B       		.uleb128 0xb
 1284 00f7 3B       		.uleb128 0x3b
 1285 00f8 0B       		.uleb128 0xb
 1286 00f9 49       		.uleb128 0x49
 1287 00fa 13       		.uleb128 0x13
ARM GAS  C:\Users\mitchell\AppData\Local\Temp\ccUFwiF1.s 			page 26


 1288 00fb 02       		.uleb128 0x2
 1289 00fc 18       		.uleb128 0x18
 1290 00fd 00       		.byte	0
 1291 00fe 00       		.byte	0
 1292 00ff 12       		.uleb128 0x12
 1293 0100 898201   		.uleb128 0x4109
 1294 0103 01       		.byte	0x1
 1295 0104 11       		.uleb128 0x11
 1296 0105 01       		.uleb128 0x1
 1297 0106 31       		.uleb128 0x31
 1298 0107 13       		.uleb128 0x13
 1299 0108 00       		.byte	0
 1300 0109 00       		.byte	0
 1301 010a 13       		.uleb128 0x13
 1302 010b 8A8201   		.uleb128 0x410a
 1303 010e 00       		.byte	0
 1304 010f 02       		.uleb128 0x2
 1305 0110 18       		.uleb128 0x18
 1306 0111 9142     		.uleb128 0x2111
 1307 0113 18       		.uleb128 0x18
 1308 0114 00       		.byte	0
 1309 0115 00       		.byte	0
 1310 0116 14       		.uleb128 0x14
 1311 0117 898201   		.uleb128 0x4109
 1312 011a 01       		.byte	0x1
 1313 011b 11       		.uleb128 0x11
 1314 011c 01       		.uleb128 0x1
 1315 011d 31       		.uleb128 0x31
 1316 011e 13       		.uleb128 0x13
 1317 011f 01       		.uleb128 0x1
 1318 0120 13       		.uleb128 0x13
 1319 0121 00       		.byte	0
 1320 0122 00       		.byte	0
 1321 0123 15       		.uleb128 0x15
 1322 0124 34       		.uleb128 0x34
 1323 0125 00       		.byte	0
 1324 0126 03       		.uleb128 0x3
 1325 0127 08       		.uleb128 0x8
 1326 0128 3A       		.uleb128 0x3a
 1327 0129 0B       		.uleb128 0xb
 1328 012a 3B       		.uleb128 0x3b
 1329 012b 0B       		.uleb128 0xb
 1330 012c 49       		.uleb128 0x49
 1331 012d 13       		.uleb128 0x13
 1332 012e 02       		.uleb128 0x2
 1333 012f 18       		.uleb128 0x18
 1334 0130 00       		.byte	0
 1335 0131 00       		.byte	0
 1336 0132 16       		.uleb128 0x16
 1337 0133 34       		.uleb128 0x34
 1338 0134 00       		.byte	0
 1339 0135 03       		.uleb128 0x3
 1340 0136 0E       		.uleb128 0xe
 1341 0137 3A       		.uleb128 0x3a
 1342 0138 0B       		.uleb128 0xb
 1343 0139 3B       		.uleb128 0x3b
 1344 013a 05       		.uleb128 0x5
ARM GAS  C:\Users\mitchell\AppData\Local\Temp\ccUFwiF1.s 			page 27


 1345 013b 49       		.uleb128 0x49
 1346 013c 13       		.uleb128 0x13
 1347 013d 3F       		.uleb128 0x3f
 1348 013e 19       		.uleb128 0x19
 1349 013f 3C       		.uleb128 0x3c
 1350 0140 19       		.uleb128 0x19
 1351 0141 00       		.byte	0
 1352 0142 00       		.byte	0
 1353 0143 17       		.uleb128 0x17
 1354 0144 35       		.uleb128 0x35
 1355 0145 00       		.byte	0
 1356 0146 49       		.uleb128 0x49
 1357 0147 13       		.uleb128 0x13
 1358 0148 00       		.byte	0
 1359 0149 00       		.byte	0
 1360 014a 18       		.uleb128 0x18
 1361 014b 2E       		.uleb128 0x2e
 1362 014c 01       		.byte	0x1
 1363 014d 3F       		.uleb128 0x3f
 1364 014e 19       		.uleb128 0x19
 1365 014f 03       		.uleb128 0x3
 1366 0150 0E       		.uleb128 0xe
 1367 0151 3A       		.uleb128 0x3a
 1368 0152 0B       		.uleb128 0xb
 1369 0153 3B       		.uleb128 0x3b
 1370 0154 0B       		.uleb128 0xb
 1371 0155 27       		.uleb128 0x27
 1372 0156 19       		.uleb128 0x19
 1373 0157 49       		.uleb128 0x49
 1374 0158 13       		.uleb128 0x13
 1375 0159 3C       		.uleb128 0x3c
 1376 015a 19       		.uleb128 0x19
 1377 015b 01       		.uleb128 0x1
 1378 015c 13       		.uleb128 0x13
 1379 015d 00       		.byte	0
 1380 015e 00       		.byte	0
 1381 015f 19       		.uleb128 0x19
 1382 0160 05       		.uleb128 0x5
 1383 0161 00       		.byte	0
 1384 0162 49       		.uleb128 0x49
 1385 0163 13       		.uleb128 0x13
 1386 0164 00       		.byte	0
 1387 0165 00       		.byte	0
 1388 0166 1A       		.uleb128 0x1a
 1389 0167 2E       		.uleb128 0x2e
 1390 0168 01       		.byte	0x1
 1391 0169 3F       		.uleb128 0x3f
 1392 016a 19       		.uleb128 0x19
 1393 016b 03       		.uleb128 0x3
 1394 016c 0E       		.uleb128 0xe
 1395 016d 3A       		.uleb128 0x3a
 1396 016e 0B       		.uleb128 0xb
 1397 016f 3B       		.uleb128 0x3b
 1398 0170 0B       		.uleb128 0xb
 1399 0171 27       		.uleb128 0x27
 1400 0172 19       		.uleb128 0x19
 1401 0173 49       		.uleb128 0x49
ARM GAS  C:\Users\mitchell\AppData\Local\Temp\ccUFwiF1.s 			page 28


 1402 0174 13       		.uleb128 0x13
 1403 0175 3C       		.uleb128 0x3c
 1404 0176 19       		.uleb128 0x19
 1405 0177 00       		.byte	0
 1406 0178 00       		.byte	0
 1407 0179 00       		.byte	0
 1408              		.section	.debug_loc,"",%progbits
 1409              	.Ldebug_loc0:
 1410              	.LLST0:
 1411 0000 00000000 		.4byte	.LVL0
 1412 0004 08000000 		.4byte	.LVL1
 1413 0008 0100     		.2byte	0x1
 1414 000a 50       		.byte	0x50
 1415 000b 08000000 		.4byte	.LVL1
 1416 000f 14000000 		.4byte	.LFE64
 1417 0013 0400     		.2byte	0x4
 1418 0015 F3       		.byte	0xf3
 1419 0016 01       		.uleb128 0x1
 1420 0017 50       		.byte	0x50
 1421 0018 9F       		.byte	0x9f
 1422 0019 00000000 		.4byte	0
 1423 001d 00000000 		.4byte	0
 1424              	.LLST1:
 1425 0021 00000000 		.4byte	.LVL3
 1426 0025 08000000 		.4byte	.LVL4
 1427 0029 0100     		.2byte	0x1
 1428 002b 50       		.byte	0x50
 1429 002c 08000000 		.4byte	.LVL4
 1430 0030 14000000 		.4byte	.LFE65
 1431 0034 0400     		.2byte	0x4
 1432 0036 F3       		.byte	0xf3
 1433 0037 01       		.uleb128 0x1
 1434 0038 50       		.byte	0x50
 1435 0039 9F       		.byte	0x9f
 1436 003a 00000000 		.4byte	0
 1437 003e 00000000 		.4byte	0
 1438              	.LLST2:
 1439 0042 00000000 		.4byte	.LVL6
 1440 0046 07000000 		.4byte	.LVL7-1
 1441 004a 0100     		.2byte	0x1
 1442 004c 50       		.byte	0x50
 1443 004d 07000000 		.4byte	.LVL7-1
 1444 0051 0A000000 		.4byte	.LVL8
 1445 0055 0400     		.2byte	0x4
 1446 0057 F3       		.byte	0xf3
 1447 0058 01       		.uleb128 0x1
 1448 0059 50       		.byte	0x50
 1449 005a 9F       		.byte	0x9f
 1450 005b 0A000000 		.4byte	.LVL8
 1451 005f 0D000000 		.4byte	.LVL9-1
 1452 0063 0100     		.2byte	0x1
 1453 0065 50       		.byte	0x50
 1454 0066 0D000000 		.4byte	.LVL9-1
 1455 006a 10000000 		.4byte	.LFE63
 1456 006e 0400     		.2byte	0x4
 1457 0070 F3       		.byte	0xf3
 1458 0071 01       		.uleb128 0x1
ARM GAS  C:\Users\mitchell\AppData\Local\Temp\ccUFwiF1.s 			page 29


 1459 0072 50       		.byte	0x50
 1460 0073 9F       		.byte	0x9f
 1461 0074 00000000 		.4byte	0
 1462 0078 00000000 		.4byte	0
 1463              	.LLST3:
 1464 007c 00000000 		.4byte	.LVL6
 1465 0080 07000000 		.4byte	.LVL7-1
 1466 0084 0100     		.2byte	0x1
 1467 0086 51       		.byte	0x51
 1468 0087 07000000 		.4byte	.LVL7-1
 1469 008b 0A000000 		.4byte	.LVL8
 1470 008f 0400     		.2byte	0x4
 1471 0091 F3       		.byte	0xf3
 1472 0092 01       		.uleb128 0x1
 1473 0093 51       		.byte	0x51
 1474 0094 9F       		.byte	0x9f
 1475 0095 0A000000 		.4byte	.LVL8
 1476 0099 0D000000 		.4byte	.LVL9-1
 1477 009d 0100     		.2byte	0x1
 1478 009f 51       		.byte	0x51
 1479 00a0 0D000000 		.4byte	.LVL9-1
 1480 00a4 10000000 		.4byte	.LFE63
 1481 00a8 0400     		.2byte	0x4
 1482 00aa F3       		.byte	0xf3
 1483 00ab 01       		.uleb128 0x1
 1484 00ac 51       		.byte	0x51
 1485 00ad 9F       		.byte	0x9f
 1486 00ae 00000000 		.4byte	0
 1487 00b2 00000000 		.4byte	0
 1488              	.LLST4:
 1489 00b6 00000000 		.4byte	.LVL10
 1490 00ba 18000000 		.4byte	.LVL14
 1491 00be 0100     		.2byte	0x1
 1492 00c0 50       		.byte	0x50
 1493 00c1 18000000 		.4byte	.LVL14
 1494 00c5 24000000 		.4byte	.LFE67
 1495 00c9 0400     		.2byte	0x4
 1496 00cb F3       		.byte	0xf3
 1497 00cc 01       		.uleb128 0x1
 1498 00cd 50       		.byte	0x50
 1499 00ce 9F       		.byte	0x9f
 1500 00cf 00000000 		.4byte	0
 1501 00d3 00000000 		.4byte	0
 1502              	.LLST5:
 1503 00d7 02000000 		.4byte	.LVL11
 1504 00db 0A000000 		.4byte	.LVL12
 1505 00df 0200     		.2byte	0x2
 1506 00e1 70       		.byte	0x70
 1507 00e2 00       		.sleb128 0
 1508 00e3 0A000000 		.4byte	.LVL12
 1509 00e7 12000000 		.4byte	.LVL13
 1510 00eb 0100     		.2byte	0x1
 1511 00ed 53       		.byte	0x53
 1512 00ee 12000000 		.4byte	.LVL13
 1513 00f2 24000000 		.4byte	.LFE67
 1514 00f6 0100     		.2byte	0x1
 1515 00f8 52       		.byte	0x52
ARM GAS  C:\Users\mitchell\AppData\Local\Temp\ccUFwiF1.s 			page 30


 1516 00f9 00000000 		.4byte	0
 1517 00fd 00000000 		.4byte	0
 1518              	.LLST6:
 1519 0101 00000000 		.4byte	.LVL15
 1520 0105 07000000 		.4byte	.LVL16-1
 1521 0109 0100     		.2byte	0x1
 1522 010b 50       		.byte	0x50
 1523 010c 07000000 		.4byte	.LVL16-1
 1524 0110 58000000 		.4byte	.LFE66
 1525 0114 0100     		.2byte	0x1
 1526 0116 54       		.byte	0x54
 1527 0117 00000000 		.4byte	0
 1528 011b 00000000 		.4byte	0
 1529              	.LLST7:
 1530 011f 08000000 		.4byte	.LVL16
 1531 0123 46000000 		.4byte	.LVL20
 1532 0127 0100     		.2byte	0x1
 1533 0129 50       		.byte	0x50
 1534 012a 48000000 		.4byte	.LVL21
 1535 012e 4A000000 		.4byte	.LVL22
 1536 0132 0100     		.2byte	0x1
 1537 0134 50       		.byte	0x50
 1538 0135 4C000000 		.4byte	.LVL23
 1539 0139 4E000000 		.4byte	.LVL24
 1540 013d 0100     		.2byte	0x1
 1541 013f 50       		.byte	0x50
 1542 0140 50000000 		.4byte	.LVL25
 1543 0144 52000000 		.4byte	.LVL26
 1544 0148 0100     		.2byte	0x1
 1545 014a 50       		.byte	0x50
 1546 014b 54000000 		.4byte	.LVL27
 1547 014f 56000000 		.4byte	.LVL28
 1548 0153 0100     		.2byte	0x1
 1549 0155 50       		.byte	0x50
 1550 0156 00000000 		.4byte	0
 1551 015a 00000000 		.4byte	0
 1552              	.LLST8:
 1553 015e 00000000 		.4byte	.LVL29
 1554 0162 18000000 		.4byte	.LVL31
 1555 0166 0100     		.2byte	0x1
 1556 0168 50       		.byte	0x50
 1557 0169 18000000 		.4byte	.LVL31
 1558 016d 28000000 		.4byte	.LVL35
 1559 0171 0400     		.2byte	0x4
 1560 0173 F3       		.byte	0xf3
 1561 0174 01       		.uleb128 0x1
 1562 0175 50       		.byte	0x50
 1563 0176 9F       		.byte	0x9f
 1564 0177 28000000 		.4byte	.LVL35
 1565 017b 2E000000 		.4byte	.LVL37
 1566 017f 0100     		.2byte	0x1
 1567 0181 50       		.byte	0x50
 1568 0182 2E000000 		.4byte	.LVL37
 1569 0186 38000000 		.4byte	.LVL41
 1570 018a 0400     		.2byte	0x4
 1571 018c F3       		.byte	0xf3
 1572 018d 01       		.uleb128 0x1
ARM GAS  C:\Users\mitchell\AppData\Local\Temp\ccUFwiF1.s 			page 31


 1573 018e 50       		.byte	0x50
 1574 018f 9F       		.byte	0x9f
 1575 0190 38000000 		.4byte	.LVL41
 1576 0194 3E000000 		.4byte	.LVL43
 1577 0198 0100     		.2byte	0x1
 1578 019a 50       		.byte	0x50
 1579 019b 3E000000 		.4byte	.LVL43
 1580 019f 48000000 		.4byte	.LVL47
 1581 01a3 0400     		.2byte	0x4
 1582 01a5 F3       		.byte	0xf3
 1583 01a6 01       		.uleb128 0x1
 1584 01a7 50       		.byte	0x50
 1585 01a8 9F       		.byte	0x9f
 1586 01a9 48000000 		.4byte	.LVL47
 1587 01ad 4E000000 		.4byte	.LVL49
 1588 01b1 0100     		.2byte	0x1
 1589 01b3 50       		.byte	0x50
 1590 01b4 4E000000 		.4byte	.LVL49
 1591 01b8 58000000 		.4byte	.LVL53
 1592 01bc 0400     		.2byte	0x4
 1593 01be F3       		.byte	0xf3
 1594 01bf 01       		.uleb128 0x1
 1595 01c0 50       		.byte	0x50
 1596 01c1 9F       		.byte	0x9f
 1597 01c2 58000000 		.4byte	.LVL53
 1598 01c6 5A000000 		.4byte	.LVL54
 1599 01ca 0100     		.2byte	0x1
 1600 01cc 50       		.byte	0x50
 1601 01cd 5A000000 		.4byte	.LVL54
 1602 01d1 64000000 		.4byte	.LFE70
 1603 01d5 0400     		.2byte	0x4
 1604 01d7 F3       		.byte	0xf3
 1605 01d8 01       		.uleb128 0x1
 1606 01d9 50       		.byte	0x50
 1607 01da 9F       		.byte	0x9f
 1608 01db 00000000 		.4byte	0
 1609 01df 00000000 		.4byte	0
 1610              	.LLST9:
 1611 01e3 00000000 		.4byte	.LVL29
 1612 01e7 10000000 		.4byte	.LVL30
 1613 01eb 0100     		.2byte	0x1
 1614 01ed 51       		.byte	0x51
 1615 01ee 10000000 		.4byte	.LVL30
 1616 01f2 28000000 		.4byte	.LVL35
 1617 01f6 0400     		.2byte	0x4
 1618 01f8 F3       		.byte	0xf3
 1619 01f9 01       		.uleb128 0x1
 1620 01fa 51       		.byte	0x51
 1621 01fb 9F       		.byte	0x9f
 1622 01fc 28000000 		.4byte	.LVL35
 1623 0200 2A000000 		.4byte	.LVL36
 1624 0204 0100     		.2byte	0x1
 1625 0206 51       		.byte	0x51
 1626 0207 2A000000 		.4byte	.LVL36
 1627 020b 38000000 		.4byte	.LVL41
 1628 020f 0400     		.2byte	0x4
 1629 0211 F3       		.byte	0xf3
ARM GAS  C:\Users\mitchell\AppData\Local\Temp\ccUFwiF1.s 			page 32


 1630 0212 01       		.uleb128 0x1
 1631 0213 51       		.byte	0x51
 1632 0214 9F       		.byte	0x9f
 1633 0215 38000000 		.4byte	.LVL41
 1634 0219 3A000000 		.4byte	.LVL42
 1635 021d 0100     		.2byte	0x1
 1636 021f 51       		.byte	0x51
 1637 0220 3A000000 		.4byte	.LVL42
 1638 0224 48000000 		.4byte	.LVL47
 1639 0228 0400     		.2byte	0x4
 1640 022a F3       		.byte	0xf3
 1641 022b 01       		.uleb128 0x1
 1642 022c 51       		.byte	0x51
 1643 022d 9F       		.byte	0x9f
 1644 022e 48000000 		.4byte	.LVL47
 1645 0232 4A000000 		.4byte	.LVL48
 1646 0236 0100     		.2byte	0x1
 1647 0238 51       		.byte	0x51
 1648 0239 4A000000 		.4byte	.LVL48
 1649 023d 58000000 		.4byte	.LVL53
 1650 0241 0400     		.2byte	0x4
 1651 0243 F3       		.byte	0xf3
 1652 0244 01       		.uleb128 0x1
 1653 0245 51       		.byte	0x51
 1654 0246 9F       		.byte	0x9f
 1655 0247 58000000 		.4byte	.LVL53
 1656 024b 64000000 		.4byte	.LFE70
 1657 024f 0100     		.2byte	0x1
 1658 0251 51       		.byte	0x51
 1659 0252 00000000 		.4byte	0
 1660 0256 00000000 		.4byte	0
 1661              	.LLST10:
 1662 025a 00000000 		.4byte	.LVL29
 1663 025e 25000000 		.4byte	.LVL34-1
 1664 0262 0100     		.2byte	0x1
 1665 0264 52       		.byte	0x52
 1666 0265 25000000 		.4byte	.LVL34-1
 1667 0269 28000000 		.4byte	.LVL35
 1668 026d 0400     		.2byte	0x4
 1669 026f F3       		.byte	0xf3
 1670 0270 01       		.uleb128 0x1
 1671 0271 52       		.byte	0x52
 1672 0272 9F       		.byte	0x9f
 1673 0273 28000000 		.4byte	.LVL35
 1674 0277 35000000 		.4byte	.LVL40-1
 1675 027b 0100     		.2byte	0x1
 1676 027d 52       		.byte	0x52
 1677 027e 35000000 		.4byte	.LVL40-1
 1678 0282 38000000 		.4byte	.LVL41
 1679 0286 0400     		.2byte	0x4
 1680 0288 F3       		.byte	0xf3
 1681 0289 01       		.uleb128 0x1
 1682 028a 52       		.byte	0x52
 1683 028b 9F       		.byte	0x9f
 1684 028c 38000000 		.4byte	.LVL41
 1685 0290 45000000 		.4byte	.LVL46-1
 1686 0294 0100     		.2byte	0x1
ARM GAS  C:\Users\mitchell\AppData\Local\Temp\ccUFwiF1.s 			page 33


 1687 0296 52       		.byte	0x52
 1688 0297 45000000 		.4byte	.LVL46-1
 1689 029b 48000000 		.4byte	.LVL47
 1690 029f 0400     		.2byte	0x4
 1691 02a1 F3       		.byte	0xf3
 1692 02a2 01       		.uleb128 0x1
 1693 02a3 52       		.byte	0x52
 1694 02a4 9F       		.byte	0x9f
 1695 02a5 48000000 		.4byte	.LVL47
 1696 02a9 55000000 		.4byte	.LVL52-1
 1697 02ad 0100     		.2byte	0x1
 1698 02af 52       		.byte	0x52
 1699 02b0 55000000 		.4byte	.LVL52-1
 1700 02b4 58000000 		.4byte	.LVL53
 1701 02b8 0400     		.2byte	0x4
 1702 02ba F3       		.byte	0xf3
 1703 02bb 01       		.uleb128 0x1
 1704 02bc 52       		.byte	0x52
 1705 02bd 9F       		.byte	0x9f
 1706 02be 58000000 		.4byte	.LVL53
 1707 02c2 64000000 		.4byte	.LFE70
 1708 02c6 0100     		.2byte	0x1
 1709 02c8 52       		.byte	0x52
 1710 02c9 00000000 		.4byte	0
 1711 02cd 00000000 		.4byte	0
 1712              	.LLST11:
 1713 02d1 26000000 		.4byte	.LVL34
 1714 02d5 28000000 		.4byte	.LVL35
 1715 02d9 0100     		.2byte	0x1
 1716 02db 50       		.byte	0x50
 1717 02dc 36000000 		.4byte	.LVL40
 1718 02e0 38000000 		.4byte	.LVL41
 1719 02e4 0100     		.2byte	0x1
 1720 02e6 50       		.byte	0x50
 1721 02e7 46000000 		.4byte	.LVL46
 1722 02eb 48000000 		.4byte	.LVL47
 1723 02ef 0100     		.2byte	0x1
 1724 02f1 50       		.byte	0x50
 1725 02f2 56000000 		.4byte	.LVL52
 1726 02f6 58000000 		.4byte	.LVL53
 1727 02fa 0100     		.2byte	0x1
 1728 02fc 50       		.byte	0x50
 1729 02fd 5A000000 		.4byte	.LVL54
 1730 0301 64000000 		.4byte	.LFE70
 1731 0305 0100     		.2byte	0x1
 1732 0307 50       		.byte	0x50
 1733 0308 00000000 		.4byte	0
 1734 030c 00000000 		.4byte	0
 1735              	.LLST12:
 1736 0310 1E000000 		.4byte	.LVL32
 1737 0314 20000000 		.4byte	.LVL33
 1738 0318 0100     		.2byte	0x1
 1739 031a 50       		.byte	0x50
 1740 031b 20000000 		.4byte	.LVL33
 1741 031f 25000000 		.4byte	.LVL34-1
 1742 0323 3400     		.2byte	0x34
 1743 0325 F3       		.byte	0xf3
ARM GAS  C:\Users\mitchell\AppData\Local\Temp\ccUFwiF1.s 			page 34


 1744 0326 01       		.uleb128 0x1
 1745 0327 50       		.byte	0x50
 1746 0328 94       		.byte	0x94
 1747 0329 02       		.byte	0x2
 1748 032a 0A       		.byte	0xa
 1749 032b FFFF     		.2byte	0xffff
 1750 032d 1A       		.byte	0x1a
 1751 032e F3       		.byte	0xf3
 1752 032f 01       		.uleb128 0x1
 1753 0330 50       		.byte	0x50
 1754 0331 23       		.byte	0x23
 1755 0332 02       		.uleb128 0x2
 1756 0333 94       		.byte	0x94
 1757 0334 02       		.byte	0x2
 1758 0335 0A       		.byte	0xa
 1759 0336 FFFF     		.2byte	0xffff
 1760 0338 1A       		.byte	0x1a
 1761 0339 22       		.byte	0x22
 1762 033a F3       		.byte	0xf3
 1763 033b 01       		.uleb128 0x1
 1764 033c 50       		.byte	0x50
 1765 033d 23       		.byte	0x23
 1766 033e 04       		.uleb128 0x4
 1767 033f 94       		.byte	0x94
 1768 0340 02       		.byte	0x2
 1769 0341 0A       		.byte	0xa
 1770 0342 FFFF     		.2byte	0xffff
 1771 0344 1A       		.byte	0x1a
 1772 0345 22       		.byte	0x22
 1773 0346 F7       		.byte	0xf7
 1774 0347 2C       		.uleb128 0x2c
 1775 0348 F7       		.byte	0xf7
 1776 0349 25       		.uleb128 0x25
 1777 034a 73       		.byte	0x73
 1778 034b 00       		.sleb128 0
 1779 034c F7       		.byte	0xf7
 1780 034d 2C       		.uleb128 0x2c
 1781 034e F7       		.byte	0xf7
 1782 034f 25       		.uleb128 0x25
 1783 0350 1E       		.byte	0x1e
 1784 0351 08       		.byte	0x8
 1785 0352 20       		.byte	0x20
 1786 0353 F7       		.byte	0xf7
 1787 0354 25       		.uleb128 0x25
 1788 0355 25       		.byte	0x25
 1789 0356 F7       		.byte	0xf7
 1790 0357 33       		.uleb128 0x33
 1791 0358 9F       		.byte	0x9f
 1792 0359 2E000000 		.4byte	.LVL37
 1793 035d 30000000 		.4byte	.LVL38
 1794 0361 0500     		.2byte	0x5
 1795 0363 70       		.byte	0x70
 1796 0364 00       		.sleb128 0
 1797 0365 31       		.byte	0x31
 1798 0366 25       		.byte	0x25
 1799 0367 9F       		.byte	0x9f
 1800 0368 30000000 		.4byte	.LVL38
ARM GAS  C:\Users\mitchell\AppData\Local\Temp\ccUFwiF1.s 			page 35


 1801 036c 32000000 		.4byte	.LVL39
 1802 0370 0800     		.2byte	0x8
 1803 0372 71       		.byte	0x71
 1804 0373 00       		.sleb128 0
 1805 0374 73       		.byte	0x73
 1806 0375 00       		.sleb128 0
 1807 0376 22       		.byte	0x22
 1808 0377 31       		.byte	0x31
 1809 0378 25       		.byte	0x25
 1810 0379 9F       		.byte	0x9f
 1811 037a 32000000 		.4byte	.LVL39
 1812 037e 35000000 		.4byte	.LVL40-1
 1813 0382 1100     		.2byte	0x11
 1814 0384 F3       		.byte	0xf3
 1815 0385 01       		.uleb128 0x1
 1816 0386 50       		.byte	0x50
 1817 0387 23       		.byte	0x23
 1818 0388 02       		.uleb128 0x2
 1819 0389 94       		.byte	0x94
 1820 038a 02       		.byte	0x2
 1821 038b 0A       		.byte	0xa
 1822 038c FFFF     		.2byte	0xffff
 1823 038e 1A       		.byte	0x1a
 1824 038f 73       		.byte	0x73
 1825 0390 00       		.sleb128 0
 1826 0391 22       		.byte	0x22
 1827 0392 31       		.byte	0x31
 1828 0393 25       		.byte	0x25
 1829 0394 9F       		.byte	0x9f
 1830 0395 3E000000 		.4byte	.LVL43
 1831 0399 40000000 		.4byte	.LVL44
 1832 039d 0500     		.2byte	0x5
 1833 039f 70       		.byte	0x70
 1834 03a0 00       		.sleb128 0
 1835 03a1 31       		.byte	0x31
 1836 03a2 25       		.byte	0x25
 1837 03a3 9F       		.byte	0x9f
 1838 03a4 40000000 		.4byte	.LVL44
 1839 03a8 42000000 		.4byte	.LVL45
 1840 03ac 0800     		.2byte	0x8
 1841 03ae 71       		.byte	0x71
 1842 03af 00       		.sleb128 0
 1843 03b0 73       		.byte	0x73
 1844 03b1 00       		.sleb128 0
 1845 03b2 22       		.byte	0x22
 1846 03b3 31       		.byte	0x31
 1847 03b4 25       		.byte	0x25
 1848 03b5 9F       		.byte	0x9f
 1849 03b6 42000000 		.4byte	.LVL45
 1850 03ba 45000000 		.4byte	.LVL46-1
 1851 03be 0F00     		.2byte	0xf
 1852 03c0 F3       		.byte	0xf3
 1853 03c1 01       		.uleb128 0x1
 1854 03c2 50       		.byte	0x50
 1855 03c3 94       		.byte	0x94
 1856 03c4 02       		.byte	0x2
 1857 03c5 0A       		.byte	0xa
ARM GAS  C:\Users\mitchell\AppData\Local\Temp\ccUFwiF1.s 			page 36


 1858 03c6 FFFF     		.2byte	0xffff
 1859 03c8 1A       		.byte	0x1a
 1860 03c9 73       		.byte	0x73
 1861 03ca 00       		.sleb128 0
 1862 03cb 22       		.byte	0x22
 1863 03cc 31       		.byte	0x31
 1864 03cd 25       		.byte	0x25
 1865 03ce 9F       		.byte	0x9f
 1866 03cf 4E000000 		.4byte	.LVL49
 1867 03d3 50000000 		.4byte	.LVL50
 1868 03d7 0500     		.2byte	0x5
 1869 03d9 70       		.byte	0x70
 1870 03da 00       		.sleb128 0
 1871 03db 31       		.byte	0x31
 1872 03dc 25       		.byte	0x25
 1873 03dd 9F       		.byte	0x9f
 1874 03de 50000000 		.4byte	.LVL50
 1875 03e2 52000000 		.4byte	.LVL51
 1876 03e6 0800     		.2byte	0x8
 1877 03e8 71       		.byte	0x71
 1878 03e9 00       		.sleb128 0
 1879 03ea 73       		.byte	0x73
 1880 03eb 00       		.sleb128 0
 1881 03ec 22       		.byte	0x22
 1882 03ed 31       		.byte	0x31
 1883 03ee 25       		.byte	0x25
 1884 03ef 9F       		.byte	0x9f
 1885 03f0 52000000 		.4byte	.LVL51
 1886 03f4 55000000 		.4byte	.LVL52-1
 1887 03f8 0F00     		.2byte	0xf
 1888 03fa F3       		.byte	0xf3
 1889 03fb 01       		.uleb128 0x1
 1890 03fc 50       		.byte	0x50
 1891 03fd 94       		.byte	0x94
 1892 03fe 02       		.byte	0x2
 1893 03ff 0A       		.byte	0xa
 1894 0400 FFFF     		.2byte	0xffff
 1895 0402 1A       		.byte	0x1a
 1896 0403 73       		.byte	0x73
 1897 0404 00       		.sleb128 0
 1898 0405 22       		.byte	0x22
 1899 0406 31       		.byte	0x31
 1900 0407 25       		.byte	0x25
 1901 0408 9F       		.byte	0x9f
 1902 0409 00000000 		.4byte	0
 1903 040d 00000000 		.4byte	0
 1904              		.section	.debug_aranges,"",%progbits
 1905 0000 54000000 		.4byte	0x54
 1906 0004 0200     		.2byte	0x2
 1907 0006 00000000 		.4byte	.Ldebug_info0
 1908 000a 04       		.byte	0x4
 1909 000b 00       		.byte	0
 1910 000c 0000     		.2byte	0
 1911 000e 0000     		.2byte	0
 1912 0010 00000000 		.4byte	.LFB64
 1913 0014 14000000 		.4byte	.LFE64-.LFB64
 1914 0018 00000000 		.4byte	.LFB65
ARM GAS  C:\Users\mitchell\AppData\Local\Temp\ccUFwiF1.s 			page 37


 1915 001c 14000000 		.4byte	.LFE65-.LFB65
 1916 0020 00000000 		.4byte	.LFB63
 1917 0024 10000000 		.4byte	.LFE63-.LFB63
 1918 0028 00000000 		.4byte	.LFB67
 1919 002c 24000000 		.4byte	.LFE67-.LFB67
 1920 0030 00000000 		.4byte	.LFB66
 1921 0034 58000000 		.4byte	.LFE66-.LFB66
 1922 0038 00000000 		.4byte	.LFB70
 1923 003c 64000000 		.4byte	.LFE70-.LFB70
 1924 0040 00000000 		.4byte	.LFB68
 1925 0044 38000000 		.4byte	.LFE68-.LFB68
 1926 0048 00000000 		.4byte	.LFB69
 1927 004c 38000000 		.4byte	.LFE69-.LFB69
 1928 0050 00000000 		.4byte	0
 1929 0054 00000000 		.4byte	0
 1930              		.section	.debug_ranges,"",%progbits
 1931              	.Ldebug_ranges0:
 1932 0000 00000000 		.4byte	.LFB64
 1933 0004 14000000 		.4byte	.LFE64
 1934 0008 00000000 		.4byte	.LFB65
 1935 000c 14000000 		.4byte	.LFE65
 1936 0010 00000000 		.4byte	.LFB63
 1937 0014 10000000 		.4byte	.LFE63
 1938 0018 00000000 		.4byte	.LFB67
 1939 001c 24000000 		.4byte	.LFE67
 1940 0020 00000000 		.4byte	.LFB66
 1941 0024 58000000 		.4byte	.LFE66
 1942 0028 00000000 		.4byte	.LFB70
 1943 002c 64000000 		.4byte	.LFE70
 1944 0030 00000000 		.4byte	.LFB68
 1945 0034 38000000 		.4byte	.LFE68
 1946 0038 00000000 		.4byte	.LFB69
 1947 003c 38000000 		.4byte	.LFE69
 1948 0040 00000000 		.4byte	0
 1949 0044 00000000 		.4byte	0
 1950              		.section	.debug_line,"",%progbits
 1951              	.Ldebug_line0:
 1952 0000 3F020000 		.section	.debug_str,"MS",%progbits,1
 1952      02008401 
 1952      00000201 
 1952      FB0E0D00 
 1952      01010101 
 1953              	.LASF31:
 1954 0000 6E6F726D 		.ascii	"normalize\000"
 1954      616C697A 
 1954      6500
 1955              	.LASF21:
 1956 000a 544F5441 		.ascii	"TOTAL_FAIL\000"
 1956      4C5F4641 
 1956      494C00
 1957              	.LASF24:
 1958 0015 73656E73 		.ascii	"sens_1_value\000"
 1958      5F315F76 
 1958      616C7565 
 1958      00
 1959              	.LASF13:
 1960 0022 666C6F61 		.ascii	"float\000"
ARM GAS  C:\Users\mitchell\AppData\Local\Temp\ccUFwiF1.s 			page 38


 1960      7400
 1961              	.LASF27:
 1962 0028 76616C75 		.ascii	"value_type\000"
 1962      655F7479 
 1962      706500
 1963              	.LASF9:
 1964 0033 5F5F696E 		.ascii	"__int32_t\000"
 1964      7433325F 
 1964      7400
 1965              	.LASF25:
 1966 003d 73656E73 		.ascii	"sens_2_value\000"
 1966      5F325F76 
 1966      616C7565 
 1966      00
 1967              	.LASF14:
 1968 004a 646F7562 		.ascii	"double\000"
 1968      6C6500
 1969              	.LASF35:
 1970 0051 73746174 		.ascii	"status\000"
 1970      757300
 1971              	.LASF10:
 1972 0058 696E7433 		.ascii	"int32_t\000"
 1972      325F7400 
 1973              	.LASF44:
 1974 0060 2E5C6C6F 		.ascii	".\\local_handling.c\000"
 1974      63616C5F 
 1974      68616E64 
 1974      6C696E67 
 1974      2E6300
 1975              	.LASF18:
 1976 0073 53454E53 		.ascii	"SENSOR_0_FAIL\000"
 1976      4F525F30 
 1976      5F464149 
 1976      4C00
 1977              	.LASF48:
 1978 0081 41505053 		.ascii	"APPS_ADC_GetResult16\000"
 1978      5F414443 
 1978      5F476574 
 1978      52657375 
 1978      6C743136 
 1979              	.LASF38:
 1980 0096 73656E73 		.ascii	"sens1_2_delta\000"
 1980      315F325F 
 1980      64656C74 
 1980      6100
 1981              	.LASF3:
 1982 00a4 756E7369 		.ascii	"unsigned char\000"
 1982      676E6564 
 1982      20636861 
 1982      7200
 1983              	.LASF33:
 1984 00b2 6765745F 		.ascii	"get_sensor_status\000"
 1984      73656E73 
 1984      6F725F73 
 1984      74617475 
 1984      7300
 1985              	.LASF12:
ARM GAS  C:\Users\mitchell\AppData\Local\Temp\ccUFwiF1.s 			page 39


 1986 00c4 696E7431 		.ascii	"int16\000"
 1986      3600
 1987              	.LASF40:
 1988 00ca 74656D70 		.ascii	"temp\000"
 1988      00
 1989              	.LASF1:
 1990 00cf 73686F72 		.ascii	"short unsigned int\000"
 1990      7420756E 
 1990      7369676E 
 1990      65642069 
 1990      6E7400
 1991              	.LASF42:
 1992 00e2 61707073 		.ascii	"apps_avg\000"
 1992      5F617667 
 1992      00
 1993              	.LASF19:
 1994 00eb 53454E53 		.ascii	"SENSOR_1_FAIL\000"
 1994      4F525F31 
 1994      5F464149 
 1994      4C00
 1995              	.LASF46:
 1996 00f9 49544D5F 		.ascii	"ITM_RxBuffer\000"
 1996      52784275 
 1996      66666572 
 1996      00
 1997              	.LASF30:
 1998 0106 7261775F 		.ascii	"raw_value\000"
 1998      76616C75 
 1998      6500
 1999              	.LASF4:
 2000 0110 73686F72 		.ascii	"short int\000"
 2000      7420696E 
 2000      7400
 2001              	.LASF11:
 2002 011a 75696E74 		.ascii	"uint16\000"
 2002      313600
 2003              	.LASF34:
 2004 0121 6D61785F 		.ascii	"max_delta\000"
 2004      64656C74 
 2004      6100
 2005              	.LASF45:
 2006 012b 433A5C55 		.ascii	"C:\\Users\\mitchell\\Documents\\fsae\\E-Throttle\\E"
 2006      73657273 
 2006      5C6D6974 
 2006      6368656C 
 2006      6C5C446F 
 2007 0158 2D546872 		.ascii	"-Throttle\\E-Throttle-Mainboard.cydsn\000"
 2007      6F74746C 
 2007      655C452D 
 2007      5468726F 
 2007      74746C65 
 2008              	.LASF6:
 2009 017d 6C6F6E67 		.ascii	"long unsigned int\000"
 2009      20756E73 
 2009      69676E65 
 2009      6420696E 
 2009      7400
ARM GAS  C:\Users\mitchell\AppData\Local\Temp\ccUFwiF1.s 			page 40


 2010              	.LASF8:
 2011 018f 756E7369 		.ascii	"unsigned int\000"
 2011      676E6564 
 2011      20696E74 
 2011      00
 2012              	.LASF17:
 2013 019c 4E4F4E45 		.ascii	"NONE_FAIL\000"
 2013      5F464149 
 2013      4C00
 2014              	.LASF22:
 2015 01a6 73656E73 		.ascii	"sensor_status\000"
 2015      6F725F73 
 2015      74617475 
 2015      7300
 2016              	.LASF0:
 2017 01b4 6C6F6E67 		.ascii	"long long unsigned int\000"
 2017      206C6F6E 
 2017      6720756E 
 2017      7369676E 
 2017      65642069 
 2018              	.LASF39:
 2019 01cb 61766572 		.ascii	"average\000"
 2019      61676500 
 2020              	.LASF2:
 2021 01d3 7369676E 		.ascii	"signed char\000"
 2021      65642063 
 2021      68617200 
 2022              	.LASF43:
 2023 01df 474E5520 		.ascii	"GNU C 4.8.4 20140526 (release) [ARM/embedded-4_8-br"
 2023      4320342E 
 2023      382E3420 
 2023      32303134 
 2023      30353236 
 2024 0212 616E6368 		.ascii	"anch revision 211358] -mcpu=cortex-m3 -mthumb -g -O"
 2024      20726576 
 2024      6973696F 
 2024      6E203231 
 2024      31333538 
 2025 0245 67202D66 		.ascii	"g -ffunction-sections\000"
 2025      66756E63 
 2025      74696F6E 
 2025      2D736563 
 2025      74696F6E 
 2026              	.LASF16:
 2027 025b 73697A65 		.ascii	"sizetype\000"
 2027      74797065 
 2027      00
 2028              	.LASF7:
 2029 0264 6C6F6E67 		.ascii	"long long int\000"
 2029      206C6F6E 
 2029      6720696E 
 2029      7400
 2030              	.LASF41:
 2031 0272 7470735F 		.ascii	"tps_avg\000"
 2031      61766700 
 2032              	.LASF15:
 2033 027a 63686172 		.ascii	"char\000"
ARM GAS  C:\Users\mitchell\AppData\Local\Temp\ccUFwiF1.s 			page 41


 2033      00
 2034              	.LASF29:
 2035 027f 6E6F726D 		.ascii	"normalize_apps_value\000"
 2035      616C697A 
 2035      655F6170 
 2035      70735F76 
 2035      616C7565 
 2036              	.LASF47:
 2037 0294 5450535F 		.ascii	"TPS_ADC_GetResult16\000"
 2037      4144435F 
 2037      47657452 
 2037      6573756C 
 2037      74313600 
 2038              	.LASF28:
 2039 02a8 6E6F726D 		.ascii	"normalize_tps_value\000"
 2039      616C697A 
 2039      655F7470 
 2039      735F7661 
 2039      6C756500 
 2040              	.LASF36:
 2041 02bc 73656E73 		.ascii	"sens0_1_delta\000"
 2041      305F315F 
 2041      64656C74 
 2041      6100
 2042              	.LASF20:
 2043 02ca 53454E53 		.ascii	"SENSOR_2_FAIL\000"
 2043      4F525F32 
 2043      5F464149 
 2043      4C00
 2044              	.LASF5:
 2045 02d8 6C6F6E67 		.ascii	"long int\000"
 2045      20696E74 
 2045      00
 2046              	.LASF32:
 2047 02e1 6765745F 		.ascii	"get_max_delta\000"
 2047      6D61785F 
 2047      64656C74 
 2047      6100
 2048              	.LASF37:
 2049 02ef 73656E73 		.ascii	"sens0_2_delta\000"
 2049      305F325F 
 2049      64656C74 
 2049      6100
 2050              	.LASF26:
 2051 02fd 73656E73 		.ascii	"sensor_values\000"
 2051      6F725F76 
 2051      616C7565 
 2051      7300
 2052              	.LASF23:
 2053 030b 73656E73 		.ascii	"sens_0_value\000"
 2053      5F305F76 
 2053      616C7565 
 2053      00
 2054              		.ident	"GCC: (GNU Tools for ARM Embedded Processors) 4.8.4 20140526 (release) [ARM/embedded-4_8-br
