ARM GAS  C:\Users\mitchell\AppData\Local\Temp\ccu5emZ0.s 			page 1


   1              		.syntax unified
   2              		.cpu cortex-m3
   3              		.fpu softvfp
   4              		.eabi_attribute 20, 1
   5              		.eabi_attribute 21, 1
   6              		.eabi_attribute 23, 3
   7              		.eabi_attribute 24, 1
   8              		.eabi_attribute 25, 1
   9              		.eabi_attribute 26, 1
  10              		.eabi_attribute 30, 1
  11              		.eabi_attribute 34, 1
  12              		.eabi_attribute 18, 4
  13              		.thumb
  14              		.file	"main.c"
  15              		.text
  16              	.Ltext0:
  17              		.cfi_sections	.debug_frame
  18              		.section	.text.main,"ax",%progbits
  19              		.align	2
  20              		.global	main
  21              		.thumb
  22              		.thumb_func
  23              		.type	main, %function
  24              	main:
  25              	.LFB63:
  26              		.file 1 ".\\main.c"
   1:.\main.c      **** /* ========================================
   2:.\main.c      ****  *
   3:.\main.c      ****  * Copyright YOUR COMPANY, THE YEAR
   4:.\main.c      ****  * All Rights Reserved
   5:.\main.c      ****  * UNPUBLISHED, LICENSED SOFTWARE.
   6:.\main.c      ****  *
   7:.\main.c      ****  * CONFIDENTIAL AND PROPRIETARY INFORMATION
   8:.\main.c      ****  * WHICH IS THE PROPERTY OF your company.
   9:.\main.c      ****  *
  10:.\main.c      ****  * ========================================
  11:.\main.c      **** */
  12:.\main.c      **** #include <project.h>
  13:.\main.c      **** 
  14:.\main.c      **** int main()
  15:.\main.c      **** {
  27              		.loc 1 15 0
  28              		.cfi_startproc
  29              		@ Volatile: function does not return.
  30              		@ args = 0, pretend = 0, frame = 0
  31              		@ frame_needed = 0, uses_anonymous_args = 0
  32 0000 08B5     		push	{r3, lr}
  33              		.cfi_def_cfa_offset 8
  34              		.cfi_offset 3, -8
  35              		.cfi_offset 14, -4
  16:.\main.c      ****     CyGlobalIntEnable; /* Enable global interrupts. */
  36              		.loc 1 16 0
  37              	@ 16 ".\main.c" 1
  38 0002 62B6     		CPSIE   i
  39              	@ 0 "" 2
  17:.\main.c      **** 
  18:.\main.c      ****     /* INITIALIZATIONS */
ARM GAS  C:\Users\mitchell\AppData\Local\Temp\ccu5emZ0.s 			page 2


  19:.\main.c      ****     /* init tps and apps analog->digital converters */
  20:.\main.c      ****     TPS_ADC_Start();
  40              		.loc 1 20 0
  41              		.thumb
  42 0004 FFF7FEFF 		bl	TPS_ADC_Start
  43              	.LVL0:
  21:.\main.c      ****     APPS_ADC_Start();
  44              		.loc 1 21 0
  45 0008 FFF7FEFF 		bl	APPS_ADC_Start
  46              	.LVL1:
  22:.\main.c      ****     /* begin tps and apps analog->digital conversions */
  23:.\main.c      ****     TPS_ADC_StartConvert();
  47              		.loc 1 23 0
  48 000c FFF7FEFF 		bl	TPS_ADC_StartConvert
  49              	.LVL2:
  24:.\main.c      ****     APPS_ADC_StartConvert();
  50              		.loc 1 24 0
  51 0010 FFF7FEFF 		bl	APPS_ADC_StartConvert
  52              	.LVL3:
  25:.\main.c      ****     /* wait to fully convert all channels */
  26:.\main.c      ****     TPS_ADC_IsEndConversion(TPS_ADC_WAIT_FOR_RESULT);
  53              		.loc 1 26 0
  54 0014 0020     		movs	r0, #0
  55 0016 FFF7FEFF 		bl	TPS_ADC_IsEndConversion
  56              	.LVL4:
  27:.\main.c      ****     APPS_ADC_IsEndConversion(APPS_ADC_WAIT_FOR_RESULT);
  57              		.loc 1 27 0
  58 001a 0020     		movs	r0, #0
  59 001c FFF7FEFF 		bl	APPS_ADC_IsEndConversion
  60              	.LVL5:
  61              	.L2:
  62 0020 FEE7     		b	.L2
  63              		.cfi_endproc
  64              	.LFE63:
  65              		.size	main, .-main
  66              		.text
  67              	.Letext0:
  68              		.file 2 "c:\\program files (x86)\\cypress\\psoc creator\\3.2\\psoc creator\\import\\gnu\\arm\\4.8.
  69              		.file 3 "c:\\program files (x86)\\cypress\\psoc creator\\3.2\\psoc creator\\import\\gnu\\arm\\4.8.
  70              		.file 4 "Generated_Source\\PSoC5/cytypes.h"
  71              		.file 5 "Generated_Source\\PSoC5/TPS_ADC.h"
  72              		.file 6 "Generated_Source\\PSoC5/APPS_ADC.h"
  73              		.file 7 "Generated_Source\\PSoC5/core_cm3.h"
  74              		.section	.debug_info,"",%progbits
  75              	.Ldebug_info0:
  76 0000 63010000 		.4byte	0x163
  77 0004 0400     		.2byte	0x4
  78 0006 00000000 		.4byte	.Ldebug_abbrev0
  79 000a 04       		.byte	0x4
  80 000b 01       		.uleb128 0x1
  81 000c F5000000 		.4byte	.LASF21
  82 0010 01       		.byte	0x1
  83 0011 B4000000 		.4byte	.LASF22
  84 0015 2F000000 		.4byte	.LASF23
  85 0019 00000000 		.4byte	.Ldebug_ranges0+0
  86 001d 00000000 		.4byte	0
  87 0021 00000000 		.4byte	.Ldebug_line0
ARM GAS  C:\Users\mitchell\AppData\Local\Temp\ccu5emZ0.s 			page 3


  88 0025 02       		.uleb128 0x2
  89 0026 01       		.byte	0x1
  90 0027 06       		.byte	0x6
  91 0028 C3010000 		.4byte	.LASF0
  92 002c 02       		.uleb128 0x2
  93 002d 01       		.byte	0x1
  94 002e 08       		.byte	0x8
  95 002f E7000000 		.4byte	.LASF1
  96 0033 02       		.uleb128 0x2
  97 0034 02       		.byte	0x2
  98 0035 05       		.byte	0x5
  99 0036 F7010000 		.4byte	.LASF2
 100 003a 02       		.uleb128 0x2
 101 003b 02       		.byte	0x2
 102 003c 07       		.byte	0x7
 103 003d D4000000 		.4byte	.LASF3
 104 0041 03       		.uleb128 0x3
 105 0042 CF010000 		.4byte	.LASF9
 106 0046 02       		.byte	0x2
 107 0047 37       		.byte	0x37
 108 0048 4C000000 		.4byte	0x4c
 109 004c 02       		.uleb128 0x2
 110 004d 04       		.byte	0x4
 111 004e 05       		.byte	0x5
 112 004f 76010000 		.4byte	.LASF4
 113 0053 02       		.uleb128 0x2
 114 0054 04       		.byte	0x4
 115 0055 07       		.byte	0x7
 116 0056 A2000000 		.4byte	.LASF5
 117 005a 02       		.uleb128 0x2
 118 005b 08       		.byte	0x8
 119 005c 05       		.byte	0x5
 120 005d 00000000 		.4byte	.LASF6
 121 0061 02       		.uleb128 0x2
 122 0062 08       		.byte	0x8
 123 0063 07       		.byte	0x7
 124 0064 BD000000 		.4byte	.LASF7
 125 0068 04       		.uleb128 0x4
 126 0069 04       		.byte	0x4
 127 006a 05       		.byte	0x5
 128 006b 696E7400 		.ascii	"int\000"
 129 006f 02       		.uleb128 0x2
 130 0070 04       		.byte	0x4
 131 0071 07       		.byte	0x7
 132 0072 22000000 		.4byte	.LASF8
 133 0076 03       		.uleb128 0x3
 134 0077 01020000 		.4byte	.LASF10
 135 007b 03       		.byte	0x3
 136 007c 41       		.byte	0x41
 137 007d 41000000 		.4byte	0x41
 138 0081 03       		.uleb128 0x3
 139 0082 9C000000 		.4byte	.LASF11
 140 0086 04       		.byte	0x4
 141 0087 B4       		.byte	0xb4
 142 0088 2C000000 		.4byte	0x2c
 143 008c 03       		.uleb128 0x3
 144 008d 0E000000 		.4byte	.LASF12
ARM GAS  C:\Users\mitchell\AppData\Local\Temp\ccu5emZ0.s 			page 4


 145 0091 04       		.byte	0x4
 146 0092 B6       		.byte	0xb6
 147 0093 53000000 		.4byte	0x53
 148 0097 02       		.uleb128 0x2
 149 0098 04       		.byte	0x4
 150 0099 04       		.byte	0x4
 151 009a D9010000 		.4byte	.LASF13
 152 009e 02       		.uleb128 0x2
 153 009f 08       		.byte	0x8
 154 00a0 04       		.byte	0x4
 155 00a1 AD010000 		.4byte	.LASF14
 156 00a5 02       		.uleb128 0x2
 157 00a6 01       		.byte	0x1
 158 00a7 08       		.byte	0x8
 159 00a8 71010000 		.4byte	.LASF15
 160 00ac 02       		.uleb128 0x2
 161 00ad 04       		.byte	0x4
 162 00ae 07       		.byte	0x7
 163 00af 09020000 		.4byte	.LASF16
 164 00b3 05       		.uleb128 0x5
 165 00b4 81000000 		.4byte	.LASF24
 166 00b8 01       		.byte	0x1
 167 00b9 0E       		.byte	0xe
 168 00ba 68000000 		.4byte	0x68
 169 00be 00000000 		.4byte	.LFB63
 170 00c2 22000000 		.4byte	.LFE63-.LFB63
 171 00c6 01       		.uleb128 0x1
 172 00c7 9C       		.byte	0x9c
 173 00c8 13010000 		.4byte	0x113
 174 00cc 06       		.uleb128 0x6
 175 00cd 08000000 		.4byte	.LVL0
 176 00d1 24010000 		.4byte	0x124
 177 00d5 06       		.uleb128 0x6
 178 00d6 0C000000 		.4byte	.LVL1
 179 00da 2B010000 		.4byte	0x12b
 180 00de 06       		.uleb128 0x6
 181 00df 10000000 		.4byte	.LVL2
 182 00e3 32010000 		.4byte	0x132
 183 00e7 06       		.uleb128 0x6
 184 00e8 14000000 		.4byte	.LVL3
 185 00ec 39010000 		.4byte	0x139
 186 00f0 07       		.uleb128 0x7
 187 00f1 1A000000 		.4byte	.LVL4
 188 00f5 40010000 		.4byte	0x140
 189 00f9 03010000 		.4byte	0x103
 190 00fd 08       		.uleb128 0x8
 191 00fe 01       		.uleb128 0x1
 192 00ff 50       		.byte	0x50
 193 0100 01       		.uleb128 0x1
 194 0101 30       		.byte	0x30
 195 0102 00       		.byte	0
 196 0103 09       		.uleb128 0x9
 197 0104 20000000 		.4byte	.LVL5
 198 0108 55010000 		.4byte	0x155
 199 010c 08       		.uleb128 0x8
 200 010d 01       		.uleb128 0x1
 201 010e 50       		.byte	0x50
ARM GAS  C:\Users\mitchell\AppData\Local\Temp\ccu5emZ0.s 			page 5


 202 010f 01       		.uleb128 0x1
 203 0110 30       		.byte	0x30
 204 0111 00       		.byte	0
 205 0112 00       		.byte	0
 206 0113 0A       		.uleb128 0xa
 207 0114 15000000 		.4byte	.LASF25
 208 0118 07       		.byte	0x7
 209 0119 2A06     		.2byte	0x62a
 210 011b 1F010000 		.4byte	0x11f
 211 011f 0B       		.uleb128 0xb
 212 0120 76000000 		.4byte	0x76
 213 0124 0C       		.uleb128 0xc
 214 0125 12020000 		.4byte	.LASF17
 215 0129 05       		.byte	0x5
 216 012a 31       		.byte	0x31
 217 012b 0C       		.uleb128 0xc
 218 012c B4010000 		.4byte	.LASF18
 219 0130 06       		.byte	0x6
 220 0131 31       		.byte	0x31
 221 0132 0C       		.uleb128 0xc
 222 0133 7F010000 		.4byte	.LASF19
 223 0137 05       		.byte	0x5
 224 0138 A1       		.byte	0xa1
 225 0139 0C       		.uleb128 0xc
 226 013a 86000000 		.4byte	.LASF20
 227 013e 06       		.byte	0x6
 228 013f A1       		.byte	0xa1
 229 0140 0D       		.uleb128 0xd
 230 0141 DF010000 		.4byte	.LASF26
 231 0145 05       		.byte	0x5
 232 0146 34       		.byte	0x34
 233 0147 8C000000 		.4byte	0x8c
 234 014b 55010000 		.4byte	0x155
 235 014f 0E       		.uleb128 0xe
 236 0150 81000000 		.4byte	0x81
 237 0154 00       		.byte	0
 238 0155 0F       		.uleb128 0xf
 239 0156 94010000 		.4byte	.LASF27
 240 015a 06       		.byte	0x6
 241 015b 34       		.byte	0x34
 242 015c 8C000000 		.4byte	0x8c
 243 0160 0E       		.uleb128 0xe
 244 0161 81000000 		.4byte	0x81
 245 0165 00       		.byte	0
 246 0166 00       		.byte	0
 247              		.section	.debug_abbrev,"",%progbits
 248              	.Ldebug_abbrev0:
 249 0000 01       		.uleb128 0x1
 250 0001 11       		.uleb128 0x11
 251 0002 01       		.byte	0x1
 252 0003 25       		.uleb128 0x25
 253 0004 0E       		.uleb128 0xe
 254 0005 13       		.uleb128 0x13
 255 0006 0B       		.uleb128 0xb
 256 0007 03       		.uleb128 0x3
 257 0008 0E       		.uleb128 0xe
 258 0009 1B       		.uleb128 0x1b
ARM GAS  C:\Users\mitchell\AppData\Local\Temp\ccu5emZ0.s 			page 6


 259 000a 0E       		.uleb128 0xe
 260 000b 55       		.uleb128 0x55
 261 000c 17       		.uleb128 0x17
 262 000d 11       		.uleb128 0x11
 263 000e 01       		.uleb128 0x1
 264 000f 10       		.uleb128 0x10
 265 0010 17       		.uleb128 0x17
 266 0011 00       		.byte	0
 267 0012 00       		.byte	0
 268 0013 02       		.uleb128 0x2
 269 0014 24       		.uleb128 0x24
 270 0015 00       		.byte	0
 271 0016 0B       		.uleb128 0xb
 272 0017 0B       		.uleb128 0xb
 273 0018 3E       		.uleb128 0x3e
 274 0019 0B       		.uleb128 0xb
 275 001a 03       		.uleb128 0x3
 276 001b 0E       		.uleb128 0xe
 277 001c 00       		.byte	0
 278 001d 00       		.byte	0
 279 001e 03       		.uleb128 0x3
 280 001f 16       		.uleb128 0x16
 281 0020 00       		.byte	0
 282 0021 03       		.uleb128 0x3
 283 0022 0E       		.uleb128 0xe
 284 0023 3A       		.uleb128 0x3a
 285 0024 0B       		.uleb128 0xb
 286 0025 3B       		.uleb128 0x3b
 287 0026 0B       		.uleb128 0xb
 288 0027 49       		.uleb128 0x49
 289 0028 13       		.uleb128 0x13
 290 0029 00       		.byte	0
 291 002a 00       		.byte	0
 292 002b 04       		.uleb128 0x4
 293 002c 24       		.uleb128 0x24
 294 002d 00       		.byte	0
 295 002e 0B       		.uleb128 0xb
 296 002f 0B       		.uleb128 0xb
 297 0030 3E       		.uleb128 0x3e
 298 0031 0B       		.uleb128 0xb
 299 0032 03       		.uleb128 0x3
 300 0033 08       		.uleb128 0x8
 301 0034 00       		.byte	0
 302 0035 00       		.byte	0
 303 0036 05       		.uleb128 0x5
 304 0037 2E       		.uleb128 0x2e
 305 0038 01       		.byte	0x1
 306 0039 3F       		.uleb128 0x3f
 307 003a 19       		.uleb128 0x19
 308 003b 03       		.uleb128 0x3
 309 003c 0E       		.uleb128 0xe
 310 003d 3A       		.uleb128 0x3a
 311 003e 0B       		.uleb128 0xb
 312 003f 3B       		.uleb128 0x3b
 313 0040 0B       		.uleb128 0xb
 314 0041 49       		.uleb128 0x49
 315 0042 13       		.uleb128 0x13
ARM GAS  C:\Users\mitchell\AppData\Local\Temp\ccu5emZ0.s 			page 7


 316 0043 11       		.uleb128 0x11
 317 0044 01       		.uleb128 0x1
 318 0045 12       		.uleb128 0x12
 319 0046 06       		.uleb128 0x6
 320 0047 40       		.uleb128 0x40
 321 0048 18       		.uleb128 0x18
 322 0049 9742     		.uleb128 0x2117
 323 004b 19       		.uleb128 0x19
 324 004c 01       		.uleb128 0x1
 325 004d 13       		.uleb128 0x13
 326 004e 00       		.byte	0
 327 004f 00       		.byte	0
 328 0050 06       		.uleb128 0x6
 329 0051 898201   		.uleb128 0x4109
 330 0054 00       		.byte	0
 331 0055 11       		.uleb128 0x11
 332 0056 01       		.uleb128 0x1
 333 0057 31       		.uleb128 0x31
 334 0058 13       		.uleb128 0x13
 335 0059 00       		.byte	0
 336 005a 00       		.byte	0
 337 005b 07       		.uleb128 0x7
 338 005c 898201   		.uleb128 0x4109
 339 005f 01       		.byte	0x1
 340 0060 11       		.uleb128 0x11
 341 0061 01       		.uleb128 0x1
 342 0062 31       		.uleb128 0x31
 343 0063 13       		.uleb128 0x13
 344 0064 01       		.uleb128 0x1
 345 0065 13       		.uleb128 0x13
 346 0066 00       		.byte	0
 347 0067 00       		.byte	0
 348 0068 08       		.uleb128 0x8
 349 0069 8A8201   		.uleb128 0x410a
 350 006c 00       		.byte	0
 351 006d 02       		.uleb128 0x2
 352 006e 18       		.uleb128 0x18
 353 006f 9142     		.uleb128 0x2111
 354 0071 18       		.uleb128 0x18
 355 0072 00       		.byte	0
 356 0073 00       		.byte	0
 357 0074 09       		.uleb128 0x9
 358 0075 898201   		.uleb128 0x4109
 359 0078 01       		.byte	0x1
 360 0079 11       		.uleb128 0x11
 361 007a 01       		.uleb128 0x1
 362 007b 31       		.uleb128 0x31
 363 007c 13       		.uleb128 0x13
 364 007d 00       		.byte	0
 365 007e 00       		.byte	0
 366 007f 0A       		.uleb128 0xa
 367 0080 34       		.uleb128 0x34
 368 0081 00       		.byte	0
 369 0082 03       		.uleb128 0x3
 370 0083 0E       		.uleb128 0xe
 371 0084 3A       		.uleb128 0x3a
 372 0085 0B       		.uleb128 0xb
ARM GAS  C:\Users\mitchell\AppData\Local\Temp\ccu5emZ0.s 			page 8


 373 0086 3B       		.uleb128 0x3b
 374 0087 05       		.uleb128 0x5
 375 0088 49       		.uleb128 0x49
 376 0089 13       		.uleb128 0x13
 377 008a 3F       		.uleb128 0x3f
 378 008b 19       		.uleb128 0x19
 379 008c 3C       		.uleb128 0x3c
 380 008d 19       		.uleb128 0x19
 381 008e 00       		.byte	0
 382 008f 00       		.byte	0
 383 0090 0B       		.uleb128 0xb
 384 0091 35       		.uleb128 0x35
 385 0092 00       		.byte	0
 386 0093 49       		.uleb128 0x49
 387 0094 13       		.uleb128 0x13
 388 0095 00       		.byte	0
 389 0096 00       		.byte	0
 390 0097 0C       		.uleb128 0xc
 391 0098 2E       		.uleb128 0x2e
 392 0099 00       		.byte	0
 393 009a 3F       		.uleb128 0x3f
 394 009b 19       		.uleb128 0x19
 395 009c 03       		.uleb128 0x3
 396 009d 0E       		.uleb128 0xe
 397 009e 3A       		.uleb128 0x3a
 398 009f 0B       		.uleb128 0xb
 399 00a0 3B       		.uleb128 0x3b
 400 00a1 0B       		.uleb128 0xb
 401 00a2 27       		.uleb128 0x27
 402 00a3 19       		.uleb128 0x19
 403 00a4 3C       		.uleb128 0x3c
 404 00a5 19       		.uleb128 0x19
 405 00a6 00       		.byte	0
 406 00a7 00       		.byte	0
 407 00a8 0D       		.uleb128 0xd
 408 00a9 2E       		.uleb128 0x2e
 409 00aa 01       		.byte	0x1
 410 00ab 3F       		.uleb128 0x3f
 411 00ac 19       		.uleb128 0x19
 412 00ad 03       		.uleb128 0x3
 413 00ae 0E       		.uleb128 0xe
 414 00af 3A       		.uleb128 0x3a
 415 00b0 0B       		.uleb128 0xb
 416 00b1 3B       		.uleb128 0x3b
 417 00b2 0B       		.uleb128 0xb
 418 00b3 27       		.uleb128 0x27
 419 00b4 19       		.uleb128 0x19
 420 00b5 49       		.uleb128 0x49
 421 00b6 13       		.uleb128 0x13
 422 00b7 3C       		.uleb128 0x3c
 423 00b8 19       		.uleb128 0x19
 424 00b9 01       		.uleb128 0x1
 425 00ba 13       		.uleb128 0x13
 426 00bb 00       		.byte	0
 427 00bc 00       		.byte	0
 428 00bd 0E       		.uleb128 0xe
 429 00be 05       		.uleb128 0x5
ARM GAS  C:\Users\mitchell\AppData\Local\Temp\ccu5emZ0.s 			page 9


 430 00bf 00       		.byte	0
 431 00c0 49       		.uleb128 0x49
 432 00c1 13       		.uleb128 0x13
 433 00c2 00       		.byte	0
 434 00c3 00       		.byte	0
 435 00c4 0F       		.uleb128 0xf
 436 00c5 2E       		.uleb128 0x2e
 437 00c6 01       		.byte	0x1
 438 00c7 3F       		.uleb128 0x3f
 439 00c8 19       		.uleb128 0x19
 440 00c9 03       		.uleb128 0x3
 441 00ca 0E       		.uleb128 0xe
 442 00cb 3A       		.uleb128 0x3a
 443 00cc 0B       		.uleb128 0xb
 444 00cd 3B       		.uleb128 0x3b
 445 00ce 0B       		.uleb128 0xb
 446 00cf 27       		.uleb128 0x27
 447 00d0 19       		.uleb128 0x19
 448 00d1 49       		.uleb128 0x49
 449 00d2 13       		.uleb128 0x13
 450 00d3 3C       		.uleb128 0x3c
 451 00d4 19       		.uleb128 0x19
 452 00d5 00       		.byte	0
 453 00d6 00       		.byte	0
 454 00d7 00       		.byte	0
 455              		.section	.debug_aranges,"",%progbits
 456 0000 1C000000 		.4byte	0x1c
 457 0004 0200     		.2byte	0x2
 458 0006 00000000 		.4byte	.Ldebug_info0
 459 000a 04       		.byte	0x4
 460 000b 00       		.byte	0
 461 000c 0000     		.2byte	0
 462 000e 0000     		.2byte	0
 463 0010 00000000 		.4byte	.LFB63
 464 0014 22000000 		.4byte	.LFE63-.LFB63
 465 0018 00000000 		.4byte	0
 466 001c 00000000 		.4byte	0
 467              		.section	.debug_ranges,"",%progbits
 468              	.Ldebug_ranges0:
 469 0000 00000000 		.4byte	.LFB63
 470 0004 22000000 		.4byte	.LFE63
 471 0008 00000000 		.4byte	0
 472 000c 00000000 		.4byte	0
 473              		.section	.debug_line,"",%progbits
 474              	.Ldebug_line0:
 475 0000 80010000 		.section	.debug_str,"MS",%progbits,1
 475      02006401 
 475      00000201 
 475      FB0E0D00 
 475      01010101 
 476              	.LASF6:
 477 0000 6C6F6E67 		.ascii	"long long int\000"
 477      206C6F6E 
 477      6720696E 
 477      7400
 478              	.LASF12:
 479 000e 75696E74 		.ascii	"uint32\000"
ARM GAS  C:\Users\mitchell\AppData\Local\Temp\ccu5emZ0.s 			page 10


 479      333200
 480              	.LASF25:
 481 0015 49544D5F 		.ascii	"ITM_RxBuffer\000"
 481      52784275 
 481      66666572 
 481      00
 482              	.LASF8:
 483 0022 756E7369 		.ascii	"unsigned int\000"
 483      676E6564 
 483      20696E74 
 483      00
 484              	.LASF23:
 485 002f 433A5C55 		.ascii	"C:\\Users\\mitchell\\Documents\\fsae\\E-Throttle\\E"
 485      73657273 
 485      5C6D6974 
 485      6368656C 
 485      6C5C446F 
 486 005c 2D546872 		.ascii	"-Throttle\\E-Throttle-Mainboard.cydsn\000"
 486      6F74746C 
 486      655C452D 
 486      5468726F 
 486      74746C65 
 487              	.LASF24:
 488 0081 6D61696E 		.ascii	"main\000"
 488      00
 489              	.LASF20:
 490 0086 41505053 		.ascii	"APPS_ADC_StartConvert\000"
 490      5F414443 
 490      5F537461 
 490      7274436F 
 490      6E766572 
 491              	.LASF11:
 492 009c 75696E74 		.ascii	"uint8\000"
 492      3800
 493              	.LASF5:
 494 00a2 6C6F6E67 		.ascii	"long unsigned int\000"
 494      20756E73 
 494      69676E65 
 494      6420696E 
 494      7400
 495              	.LASF22:
 496 00b4 2E5C6D61 		.ascii	".\\main.c\000"
 496      696E2E63 
 496      00
 497              	.LASF7:
 498 00bd 6C6F6E67 		.ascii	"long long unsigned int\000"
 498      206C6F6E 
 498      6720756E 
 498      7369676E 
 498      65642069 
 499              	.LASF3:
 500 00d4 73686F72 		.ascii	"short unsigned int\000"
 500      7420756E 
 500      7369676E 
 500      65642069 
 500      6E7400
 501              	.LASF1:
ARM GAS  C:\Users\mitchell\AppData\Local\Temp\ccu5emZ0.s 			page 11


 502 00e7 756E7369 		.ascii	"unsigned char\000"
 502      676E6564 
 502      20636861 
 502      7200
 503              	.LASF21:
 504 00f5 474E5520 		.ascii	"GNU C 4.8.4 20140526 (release) [ARM/embedded-4_8-br"
 504      4320342E 
 504      382E3420 
 504      32303134 
 504      30353236 
 505 0128 616E6368 		.ascii	"anch revision 211358] -mcpu=cortex-m3 -mthumb -g -O"
 505      20726576 
 505      6973696F 
 505      6E203231 
 505      31333538 
 506 015b 67202D66 		.ascii	"g -ffunction-sections\000"
 506      66756E63 
 506      74696F6E 
 506      2D736563 
 506      74696F6E 
 507              	.LASF15:
 508 0171 63686172 		.ascii	"char\000"
 508      00
 509              	.LASF4:
 510 0176 6C6F6E67 		.ascii	"long int\000"
 510      20696E74 
 510      00
 511              	.LASF19:
 512 017f 5450535F 		.ascii	"TPS_ADC_StartConvert\000"
 512      4144435F 
 512      53746172 
 512      74436F6E 
 512      76657274 
 513              	.LASF27:
 514 0194 41505053 		.ascii	"APPS_ADC_IsEndConversion\000"
 514      5F414443 
 514      5F497345 
 514      6E64436F 
 514      6E766572 
 515              	.LASF14:
 516 01ad 646F7562 		.ascii	"double\000"
 516      6C6500
 517              	.LASF18:
 518 01b4 41505053 		.ascii	"APPS_ADC_Start\000"
 518      5F414443 
 518      5F537461 
 518      727400
 519              	.LASF0:
 520 01c3 7369676E 		.ascii	"signed char\000"
 520      65642063 
 520      68617200 
 521              	.LASF9:
 522 01cf 5F5F696E 		.ascii	"__int32_t\000"
 522      7433325F 
 522      7400
 523              	.LASF13:
 524 01d9 666C6F61 		.ascii	"float\000"
ARM GAS  C:\Users\mitchell\AppData\Local\Temp\ccu5emZ0.s 			page 12


 524      7400
 525              	.LASF26:
 526 01df 5450535F 		.ascii	"TPS_ADC_IsEndConversion\000"
 526      4144435F 
 526      4973456E 
 526      64436F6E 
 526      76657273 
 527              	.LASF2:
 528 01f7 73686F72 		.ascii	"short int\000"
 528      7420696E 
 528      7400
 529              	.LASF10:
 530 0201 696E7433 		.ascii	"int32_t\000"
 530      325F7400 
 531              	.LASF16:
 532 0209 73697A65 		.ascii	"sizetype\000"
 532      74797065 
 532      00
 533              	.LASF17:
 534 0212 5450535F 		.ascii	"TPS_ADC_Start\000"
 534      4144435F 
 534      53746172 
 534      7400
 535              		.ident	"GCC: (GNU Tools for ARM Embedded Processors) 4.8.4 20140526 (release) [ARM/embedded-4_8-br
