ARM GAS  C:\Users\mitchell\AppData\Local\Temp\cc3a8ema.s 			page 1


   1              		.syntax unified
   2              		.cpu cortex-m3
   3              		.fpu softvfp
   4              		.eabi_attribute 20, 1
   5              		.eabi_attribute 21, 1
   6              		.eabi_attribute 23, 3
   7              		.eabi_attribute 24, 1
   8              		.eabi_attribute 25, 1
   9              		.eabi_attribute 26, 1
  10              		.eabi_attribute 30, 1
  11              		.eabi_attribute 34, 1
  12              		.eabi_attribute 18, 4
  13              		.thumb
  14              		.file	"TPS_ADC_FinalBuf_dma.c"
  15              		.text
  16              	.Ltext0:
  17              		.cfi_sections	.debug_frame
  18              		.section	.text.TPS_ADC_FinalBuf_DmaInitialize,"ax",%progbits
  19              		.align	2
  20              		.global	TPS_ADC_FinalBuf_DmaInitialize
  21              		.thumb
  22              		.thumb_func
  23              		.type	TPS_ADC_FinalBuf_DmaInitialize, %function
  24              	TPS_ADC_FinalBuf_DmaInitialize:
  25              	.LFB0:
  26              		.file 1 ".\\Generated_Source\\PSoC5\\TPS_ADC_FinalBuf_dma.c"
   1:.\Generated_Source\PSoC5/TPS_ADC_FinalBuf_dma.c **** /***************************************************************************
   2:.\Generated_Source\PSoC5/TPS_ADC_FinalBuf_dma.c **** * File Name: TPS_ADC_FinalBuf_dma.c  
   3:.\Generated_Source\PSoC5/TPS_ADC_FinalBuf_dma.c **** * Version 1.70
   4:.\Generated_Source\PSoC5/TPS_ADC_FinalBuf_dma.c **** *
   5:.\Generated_Source\PSoC5/TPS_ADC_FinalBuf_dma.c **** *  Description:
   6:.\Generated_Source\PSoC5/TPS_ADC_FinalBuf_dma.c **** *   Provides an API for the DMAC component. The API includes functions
   7:.\Generated_Source\PSoC5/TPS_ADC_FinalBuf_dma.c **** *   for the DMA controller, DMA channels and Transfer Descriptors.
   8:.\Generated_Source\PSoC5/TPS_ADC_FinalBuf_dma.c **** *
   9:.\Generated_Source\PSoC5/TPS_ADC_FinalBuf_dma.c **** *
  10:.\Generated_Source\PSoC5/TPS_ADC_FinalBuf_dma.c **** *   Note:
  11:.\Generated_Source\PSoC5/TPS_ADC_FinalBuf_dma.c **** *     This module requires the developer to finish or fill in the auto
  12:.\Generated_Source\PSoC5/TPS_ADC_FinalBuf_dma.c **** *     generated funcions and setup the dma channel and TD's.
  13:.\Generated_Source\PSoC5/TPS_ADC_FinalBuf_dma.c **** *
  14:.\Generated_Source\PSoC5/TPS_ADC_FinalBuf_dma.c **** ********************************************************************************
  15:.\Generated_Source\PSoC5/TPS_ADC_FinalBuf_dma.c **** * Copyright 2008-2010, Cypress Semiconductor Corporation.  All rights reserved.
  16:.\Generated_Source\PSoC5/TPS_ADC_FinalBuf_dma.c **** * You may use this file only in accordance with the license, terms, conditions, 
  17:.\Generated_Source\PSoC5/TPS_ADC_FinalBuf_dma.c **** * disclaimers, and limitations in the end user license agreement accompanying 
  18:.\Generated_Source\PSoC5/TPS_ADC_FinalBuf_dma.c **** * the software package with which this file was provided.
  19:.\Generated_Source\PSoC5/TPS_ADC_FinalBuf_dma.c **** ********************************************************************************/
  20:.\Generated_Source\PSoC5/TPS_ADC_FinalBuf_dma.c **** #include <CYLIB.H>
  21:.\Generated_Source\PSoC5/TPS_ADC_FinalBuf_dma.c **** #include <CYDMAC.H>
  22:.\Generated_Source\PSoC5/TPS_ADC_FinalBuf_dma.c **** #include <TPS_ADC_FinalBuf_dma.H>
  23:.\Generated_Source\PSoC5/TPS_ADC_FinalBuf_dma.c **** 
  24:.\Generated_Source\PSoC5/TPS_ADC_FinalBuf_dma.c **** 
  25:.\Generated_Source\PSoC5/TPS_ADC_FinalBuf_dma.c **** 
  26:.\Generated_Source\PSoC5/TPS_ADC_FinalBuf_dma.c **** /****************************************************************************
  27:.\Generated_Source\PSoC5/TPS_ADC_FinalBuf_dma.c **** * 
  28:.\Generated_Source\PSoC5/TPS_ADC_FinalBuf_dma.c **** * The following defines are available in Cyfitter.h
  29:.\Generated_Source\PSoC5/TPS_ADC_FinalBuf_dma.c **** * 
  30:.\Generated_Source\PSoC5/TPS_ADC_FinalBuf_dma.c **** * 
  31:.\Generated_Source\PSoC5/TPS_ADC_FinalBuf_dma.c **** * 
ARM GAS  C:\Users\mitchell\AppData\Local\Temp\cc3a8ema.s 			page 2


  32:.\Generated_Source\PSoC5/TPS_ADC_FinalBuf_dma.c **** * TPS_ADC_FinalBuf__DRQ_CTL_REG
  33:.\Generated_Source\PSoC5/TPS_ADC_FinalBuf_dma.c **** * 
  34:.\Generated_Source\PSoC5/TPS_ADC_FinalBuf_dma.c **** * 
  35:.\Generated_Source\PSoC5/TPS_ADC_FinalBuf_dma.c **** * TPS_ADC_FinalBuf__DRQ_NUMBER
  36:.\Generated_Source\PSoC5/TPS_ADC_FinalBuf_dma.c **** * 
  37:.\Generated_Source\PSoC5/TPS_ADC_FinalBuf_dma.c **** * Number of TD's used by this channel.
  38:.\Generated_Source\PSoC5/TPS_ADC_FinalBuf_dma.c **** * TPS_ADC_FinalBuf__NUMBEROF_TDS
  39:.\Generated_Source\PSoC5/TPS_ADC_FinalBuf_dma.c **** * 
  40:.\Generated_Source\PSoC5/TPS_ADC_FinalBuf_dma.c **** * Priority of this channel.
  41:.\Generated_Source\PSoC5/TPS_ADC_FinalBuf_dma.c **** * TPS_ADC_FinalBuf__PRIORITY
  42:.\Generated_Source\PSoC5/TPS_ADC_FinalBuf_dma.c **** * 
  43:.\Generated_Source\PSoC5/TPS_ADC_FinalBuf_dma.c **** * True if TPS_ADC_FinalBuf_TERMIN_SEL is used.
  44:.\Generated_Source\PSoC5/TPS_ADC_FinalBuf_dma.c **** * TPS_ADC_FinalBuf__TERMIN_EN
  45:.\Generated_Source\PSoC5/TPS_ADC_FinalBuf_dma.c **** * 
  46:.\Generated_Source\PSoC5/TPS_ADC_FinalBuf_dma.c **** * TERMIN interrupt line to signal terminate.
  47:.\Generated_Source\PSoC5/TPS_ADC_FinalBuf_dma.c **** * TPS_ADC_FinalBuf__TERMIN_SEL
  48:.\Generated_Source\PSoC5/TPS_ADC_FinalBuf_dma.c **** * 
  49:.\Generated_Source\PSoC5/TPS_ADC_FinalBuf_dma.c **** * 
  50:.\Generated_Source\PSoC5/TPS_ADC_FinalBuf_dma.c **** * True if TPS_ADC_FinalBuf_TERMOUT0_SEL is used.
  51:.\Generated_Source\PSoC5/TPS_ADC_FinalBuf_dma.c **** * TPS_ADC_FinalBuf__TERMOUT0_EN
  52:.\Generated_Source\PSoC5/TPS_ADC_FinalBuf_dma.c **** * 
  53:.\Generated_Source\PSoC5/TPS_ADC_FinalBuf_dma.c **** * 
  54:.\Generated_Source\PSoC5/TPS_ADC_FinalBuf_dma.c **** * TERMOUT0 interrupt line to signal completion.
  55:.\Generated_Source\PSoC5/TPS_ADC_FinalBuf_dma.c **** * TPS_ADC_FinalBuf__TERMOUT0_SEL
  56:.\Generated_Source\PSoC5/TPS_ADC_FinalBuf_dma.c **** * 
  57:.\Generated_Source\PSoC5/TPS_ADC_FinalBuf_dma.c **** * 
  58:.\Generated_Source\PSoC5/TPS_ADC_FinalBuf_dma.c **** * True if TPS_ADC_FinalBuf_TERMOUT1_SEL is used.
  59:.\Generated_Source\PSoC5/TPS_ADC_FinalBuf_dma.c **** * TPS_ADC_FinalBuf__TERMOUT1_EN
  60:.\Generated_Source\PSoC5/TPS_ADC_FinalBuf_dma.c **** * 
  61:.\Generated_Source\PSoC5/TPS_ADC_FinalBuf_dma.c **** * 
  62:.\Generated_Source\PSoC5/TPS_ADC_FinalBuf_dma.c **** * TERMOUT1 interrupt line to signal completion.
  63:.\Generated_Source\PSoC5/TPS_ADC_FinalBuf_dma.c **** * TPS_ADC_FinalBuf__TERMOUT1_SEL
  64:.\Generated_Source\PSoC5/TPS_ADC_FinalBuf_dma.c **** * 
  65:.\Generated_Source\PSoC5/TPS_ADC_FinalBuf_dma.c **** ****************************************************************************/
  66:.\Generated_Source\PSoC5/TPS_ADC_FinalBuf_dma.c **** 
  67:.\Generated_Source\PSoC5/TPS_ADC_FinalBuf_dma.c **** 
  68:.\Generated_Source\PSoC5/TPS_ADC_FinalBuf_dma.c **** /* Zero based index of TPS_ADC_FinalBuf dma channel */
  69:.\Generated_Source\PSoC5/TPS_ADC_FinalBuf_dma.c **** uint8 TPS_ADC_FinalBuf_DmaHandle = DMA_INVALID_CHANNEL;
  70:.\Generated_Source\PSoC5/TPS_ADC_FinalBuf_dma.c **** 
  71:.\Generated_Source\PSoC5/TPS_ADC_FinalBuf_dma.c **** /*********************************************************************
  72:.\Generated_Source\PSoC5/TPS_ADC_FinalBuf_dma.c **** * Function Name: uint8 TPS_ADC_FinalBuf_DmaInitalize
  73:.\Generated_Source\PSoC5/TPS_ADC_FinalBuf_dma.c **** **********************************************************************
  74:.\Generated_Source\PSoC5/TPS_ADC_FinalBuf_dma.c **** * Summary:
  75:.\Generated_Source\PSoC5/TPS_ADC_FinalBuf_dma.c **** *   Allocates and initialises a channel of the DMAC to be used by the
  76:.\Generated_Source\PSoC5/TPS_ADC_FinalBuf_dma.c **** *   caller.
  77:.\Generated_Source\PSoC5/TPS_ADC_FinalBuf_dma.c **** *
  78:.\Generated_Source\PSoC5/TPS_ADC_FinalBuf_dma.c **** * Parameters:
  79:.\Generated_Source\PSoC5/TPS_ADC_FinalBuf_dma.c **** *   BurstCount.
  80:.\Generated_Source\PSoC5/TPS_ADC_FinalBuf_dma.c **** *       
  81:.\Generated_Source\PSoC5/TPS_ADC_FinalBuf_dma.c **** *       
  82:.\Generated_Source\PSoC5/TPS_ADC_FinalBuf_dma.c **** *   ReqestPerBurst.
  83:.\Generated_Source\PSoC5/TPS_ADC_FinalBuf_dma.c **** *       
  84:.\Generated_Source\PSoC5/TPS_ADC_FinalBuf_dma.c **** *       
  85:.\Generated_Source\PSoC5/TPS_ADC_FinalBuf_dma.c **** *   UpperSrcAddress.
  86:.\Generated_Source\PSoC5/TPS_ADC_FinalBuf_dma.c **** *       
  87:.\Generated_Source\PSoC5/TPS_ADC_FinalBuf_dma.c **** *       
  88:.\Generated_Source\PSoC5/TPS_ADC_FinalBuf_dma.c **** *   UpperDestAddress.
ARM GAS  C:\Users\mitchell\AppData\Local\Temp\cc3a8ema.s 			page 3


  89:.\Generated_Source\PSoC5/TPS_ADC_FinalBuf_dma.c **** *       
  90:.\Generated_Source\PSoC5/TPS_ADC_FinalBuf_dma.c **** *
  91:.\Generated_Source\PSoC5/TPS_ADC_FinalBuf_dma.c **** * Return:
  92:.\Generated_Source\PSoC5/TPS_ADC_FinalBuf_dma.c **** *   The channel that can be used by the caller for DMA activity.
  93:.\Generated_Source\PSoC5/TPS_ADC_FinalBuf_dma.c **** *   DMA_INVALID_CHANNEL (0xFF) if there are no channels left. 
  94:.\Generated_Source\PSoC5/TPS_ADC_FinalBuf_dma.c **** *
  95:.\Generated_Source\PSoC5/TPS_ADC_FinalBuf_dma.c **** *
  96:.\Generated_Source\PSoC5/TPS_ADC_FinalBuf_dma.c **** *******************************************************************/
  97:.\Generated_Source\PSoC5/TPS_ADC_FinalBuf_dma.c **** uint8 TPS_ADC_FinalBuf_DmaInitialize(uint8 BurstCount, uint8 ReqestPerBurst, uint16 UpperSrcAddress
  98:.\Generated_Source\PSoC5/TPS_ADC_FinalBuf_dma.c **** {
  27              		.loc 1 98 0
  28              		.cfi_startproc
  29              		@ args = 0, pretend = 0, frame = 0
  30              		@ frame_needed = 0, uses_anonymous_args = 0
  31              	.LVL0:
  32 0000 2DE9F041 		push	{r4, r5, r6, r7, r8, lr}
  33              		.cfi_def_cfa_offset 24
  34              		.cfi_offset 4, -24
  35              		.cfi_offset 5, -20
  36              		.cfi_offset 6, -16
  37              		.cfi_offset 7, -12
  38              		.cfi_offset 8, -8
  39              		.cfi_offset 14, -4
  40 0004 82B0     		sub	sp, sp, #8
  41              		.cfi_def_cfa_offset 32
  42 0006 8446     		mov	ip, r0
  43 0008 8E46     		mov	lr, r1
  44 000a 9046     		mov	r8, r2
  45 000c 1F46     		mov	r7, r3
  99:.\Generated_Source\PSoC5/TPS_ADC_FinalBuf_dma.c **** 
 100:.\Generated_Source\PSoC5/TPS_ADC_FinalBuf_dma.c ****     /* Allocate a DMA channel. */
 101:.\Generated_Source\PSoC5/TPS_ADC_FinalBuf_dma.c ****     TPS_ADC_FinalBuf_DmaHandle = (uint8)TPS_ADC_FinalBuf__DRQ_NUMBER;
  46              		.loc 1 101 0
  47 000e 0C4C     		ldr	r4, .L2
  48 0010 0225     		movs	r5, #2
  49 0012 2570     		strb	r5, [r4]
 102:.\Generated_Source\PSoC5/TPS_ADC_FinalBuf_dma.c **** 
 103:.\Generated_Source\PSoC5/TPS_ADC_FinalBuf_dma.c ****     /* Configure the channel. */
 104:.\Generated_Source\PSoC5/TPS_ADC_FinalBuf_dma.c ****     (void)CyDmaChSetConfiguration(TPS_ADC_FinalBuf_DmaHandle,
  50              		.loc 1 104 0
  51 0014 0026     		movs	r6, #0
  52 0016 0096     		str	r6, [sp]
  53 0018 0196     		str	r6, [sp, #4]
  54 001a 2846     		mov	r0, r5
  55              	.LVL1:
  56 001c 6146     		mov	r1, ip
  57              	.LVL2:
  58 001e 7246     		mov	r2, lr
  59              	.LVL3:
  60 0020 2B46     		mov	r3, r5
  61              	.LVL4:
  62 0022 FFF7FEFF 		bl	CyDmaChSetConfiguration
  63              	.LVL5:
 105:.\Generated_Source\PSoC5/TPS_ADC_FinalBuf_dma.c ****                                   BurstCount,
 106:.\Generated_Source\PSoC5/TPS_ADC_FinalBuf_dma.c ****                                   ReqestPerBurst,
 107:.\Generated_Source\PSoC5/TPS_ADC_FinalBuf_dma.c ****                                   (uint8)TPS_ADC_FinalBuf__TERMOUT0_SEL,
 108:.\Generated_Source\PSoC5/TPS_ADC_FinalBuf_dma.c ****                                   (uint8)TPS_ADC_FinalBuf__TERMOUT1_SEL,
ARM GAS  C:\Users\mitchell\AppData\Local\Temp\cc3a8ema.s 			page 4


 109:.\Generated_Source\PSoC5/TPS_ADC_FinalBuf_dma.c ****                                   (uint8)TPS_ADC_FinalBuf__TERMIN_SEL);
 110:.\Generated_Source\PSoC5/TPS_ADC_FinalBuf_dma.c **** 
 111:.\Generated_Source\PSoC5/TPS_ADC_FinalBuf_dma.c ****     /* Set the extended address for the transfers */
 112:.\Generated_Source\PSoC5/TPS_ADC_FinalBuf_dma.c ****     (void)CyDmaChSetExtendedAddress(TPS_ADC_FinalBuf_DmaHandle, UpperSrcAddress, UpperDestAddress);
  64              		.loc 1 112 0
  65 0026 2078     		ldrb	r0, [r4]	@ zero_extendqisi2
  66 0028 4146     		mov	r1, r8
  67 002a 3A46     		mov	r2, r7
  68 002c FFF7FEFF 		bl	CyDmaChSetExtendedAddress
  69              	.LVL6:
 113:.\Generated_Source\PSoC5/TPS_ADC_FinalBuf_dma.c **** 
 114:.\Generated_Source\PSoC5/TPS_ADC_FinalBuf_dma.c ****     /* Set the priority for this channel */
 115:.\Generated_Source\PSoC5/TPS_ADC_FinalBuf_dma.c ****     (void)CyDmaChPriority(TPS_ADC_FinalBuf_DmaHandle, (uint8)TPS_ADC_FinalBuf__PRIORITY);
  70              		.loc 1 115 0
  71 0030 2078     		ldrb	r0, [r4]	@ zero_extendqisi2
  72 0032 2946     		mov	r1, r5
  73 0034 FFF7FEFF 		bl	CyDmaChPriority
  74              	.LVL7:
 116:.\Generated_Source\PSoC5/TPS_ADC_FinalBuf_dma.c ****     
 117:.\Generated_Source\PSoC5/TPS_ADC_FinalBuf_dma.c ****     return TPS_ADC_FinalBuf_DmaHandle;
 118:.\Generated_Source\PSoC5/TPS_ADC_FinalBuf_dma.c **** }
  75              		.loc 1 118 0
  76 0038 2078     		ldrb	r0, [r4]	@ zero_extendqisi2
  77 003a 02B0     		add	sp, sp, #8
  78              		@ sp needed
  79 003c BDE8F081 		pop	{r4, r5, r6, r7, r8, pc}
  80              	.L3:
  81              		.align	2
  82              	.L2:
  83 0040 00000000 		.word	.LANCHOR0
  84              		.cfi_endproc
  85              	.LFE0:
  86              		.size	TPS_ADC_FinalBuf_DmaInitialize, .-TPS_ADC_FinalBuf_DmaInitialize
  87              		.section	.text.TPS_ADC_FinalBuf_DmaRelease,"ax",%progbits
  88              		.align	2
  89              		.global	TPS_ADC_FinalBuf_DmaRelease
  90              		.thumb
  91              		.thumb_func
  92              		.type	TPS_ADC_FinalBuf_DmaRelease, %function
  93              	TPS_ADC_FinalBuf_DmaRelease:
  94              	.LFB1:
 119:.\Generated_Source\PSoC5/TPS_ADC_FinalBuf_dma.c **** 
 120:.\Generated_Source\PSoC5/TPS_ADC_FinalBuf_dma.c **** /*********************************************************************
 121:.\Generated_Source\PSoC5/TPS_ADC_FinalBuf_dma.c **** * Function Name: void TPS_ADC_FinalBuf_DmaRelease
 122:.\Generated_Source\PSoC5/TPS_ADC_FinalBuf_dma.c **** **********************************************************************
 123:.\Generated_Source\PSoC5/TPS_ADC_FinalBuf_dma.c **** * Summary:
 124:.\Generated_Source\PSoC5/TPS_ADC_FinalBuf_dma.c **** *   Frees the channel associated with TPS_ADC_FinalBuf.
 125:.\Generated_Source\PSoC5/TPS_ADC_FinalBuf_dma.c **** *
 126:.\Generated_Source\PSoC5/TPS_ADC_FinalBuf_dma.c **** *
 127:.\Generated_Source\PSoC5/TPS_ADC_FinalBuf_dma.c **** * Parameters:
 128:.\Generated_Source\PSoC5/TPS_ADC_FinalBuf_dma.c **** *   void.
 129:.\Generated_Source\PSoC5/TPS_ADC_FinalBuf_dma.c **** *
 130:.\Generated_Source\PSoC5/TPS_ADC_FinalBuf_dma.c **** *
 131:.\Generated_Source\PSoC5/TPS_ADC_FinalBuf_dma.c **** *
 132:.\Generated_Source\PSoC5/TPS_ADC_FinalBuf_dma.c **** * Return:
 133:.\Generated_Source\PSoC5/TPS_ADC_FinalBuf_dma.c **** *   void.
 134:.\Generated_Source\PSoC5/TPS_ADC_FinalBuf_dma.c **** *
ARM GAS  C:\Users\mitchell\AppData\Local\Temp\cc3a8ema.s 			page 5


 135:.\Generated_Source\PSoC5/TPS_ADC_FinalBuf_dma.c **** *******************************************************************/
 136:.\Generated_Source\PSoC5/TPS_ADC_FinalBuf_dma.c **** void TPS_ADC_FinalBuf_DmaRelease(void) 
 137:.\Generated_Source\PSoC5/TPS_ADC_FinalBuf_dma.c **** {
  95              		.loc 1 137 0
  96              		.cfi_startproc
  97              		@ args = 0, pretend = 0, frame = 0
  98              		@ frame_needed = 0, uses_anonymous_args = 0
  99 0000 08B5     		push	{r3, lr}
 100              		.cfi_def_cfa_offset 8
 101              		.cfi_offset 3, -8
 102              		.cfi_offset 14, -4
 138:.\Generated_Source\PSoC5/TPS_ADC_FinalBuf_dma.c ****     /* Disable the channel */
 139:.\Generated_Source\PSoC5/TPS_ADC_FinalBuf_dma.c ****     (void)CyDmaChDisable(TPS_ADC_FinalBuf_DmaHandle);
 103              		.loc 1 139 0
 104 0002 024B     		ldr	r3, .L5
 105 0004 1878     		ldrb	r0, [r3]	@ zero_extendqisi2
 106 0006 FFF7FEFF 		bl	CyDmaChDisable
 107              	.LVL8:
 108 000a 08BD     		pop	{r3, pc}
 109              	.L6:
 110              		.align	2
 111              	.L5:
 112 000c 00000000 		.word	.LANCHOR0
 113              		.cfi_endproc
 114              	.LFE1:
 115              		.size	TPS_ADC_FinalBuf_DmaRelease, .-TPS_ADC_FinalBuf_DmaRelease
 116              		.global	TPS_ADC_FinalBuf_DmaHandle
 117              		.data
 118              		.set	.LANCHOR0,. + 0
 119              		.type	TPS_ADC_FinalBuf_DmaHandle, %object
 120              		.size	TPS_ADC_FinalBuf_DmaHandle, 1
 121              	TPS_ADC_FinalBuf_DmaHandle:
 122 0000 FF       		.byte	-1
 123              		.text
 124              	.Letext0:
 125              		.file 2 "Generated_Source\\PSoC5/cytypes.h"
 126              		.file 3 "Generated_Source\\PSoC5/CYDMAC.H"
 127              		.section	.debug_info,"",%progbits
 128              	.Ldebug_info0:
 129 0000 F6010000 		.4byte	0x1f6
 130 0004 0400     		.2byte	0x4
 131 0006 00000000 		.4byte	.Ldebug_abbrev0
 132 000a 04       		.byte	0x4
 133 000b 01       		.uleb128 0x1
 134 000c 3D010000 		.4byte	.LASF23
 135 0010 01       		.byte	0x1
 136 0011 32020000 		.4byte	.LASF24
 137 0015 C7000000 		.4byte	.LASF25
 138 0019 00000000 		.4byte	.Ldebug_ranges0+0
 139 001d 00000000 		.4byte	0
 140 0021 00000000 		.4byte	.Ldebug_line0
 141 0025 02       		.uleb128 0x2
 142 0026 04       		.byte	0x4
 143 0027 05       		.byte	0x5
 144 0028 696E7400 		.ascii	"int\000"
 145 002c 03       		.uleb128 0x3
 146 002d 04       		.byte	0x4
ARM GAS  C:\Users\mitchell\AppData\Local\Temp\cc3a8ema.s 			page 6


 147 002e 07       		.byte	0x7
 148 002f 19010000 		.4byte	.LASF0
 149 0033 03       		.uleb128 0x3
 150 0034 01       		.byte	0x1
 151 0035 06       		.byte	0x6
 152 0036 62020000 		.4byte	.LASF1
 153 003a 03       		.uleb128 0x3
 154 003b 01       		.byte	0x1
 155 003c 08       		.byte	0x8
 156 003d 6D000000 		.4byte	.LASF2
 157 0041 03       		.uleb128 0x3
 158 0042 02       		.byte	0x2
 159 0043 05       		.byte	0x5
 160 0044 1F020000 		.4byte	.LASF3
 161 0048 03       		.uleb128 0x3
 162 0049 02       		.byte	0x2
 163 004a 07       		.byte	0x7
 164 004b 38000000 		.4byte	.LASF4
 165 004f 03       		.uleb128 0x3
 166 0050 04       		.byte	0x4
 167 0051 05       		.byte	0x5
 168 0052 29020000 		.4byte	.LASF5
 169 0056 03       		.uleb128 0x3
 170 0057 04       		.byte	0x4
 171 0058 07       		.byte	0x7
 172 0059 86000000 		.4byte	.LASF6
 173 005d 03       		.uleb128 0x3
 174 005e 08       		.byte	0x8
 175 005f 05       		.byte	0x5
 176 0060 D3010000 		.4byte	.LASF7
 177 0064 03       		.uleb128 0x3
 178 0065 08       		.byte	0x8
 179 0066 07       		.byte	0x7
 180 0067 26010000 		.4byte	.LASF8
 181 006b 03       		.uleb128 0x3
 182 006c 04       		.byte	0x4
 183 006d 07       		.byte	0x7
 184 006e CA010000 		.4byte	.LASF9
 185 0072 03       		.uleb128 0x3
 186 0073 01       		.byte	0x1
 187 0074 08       		.byte	0x8
 188 0075 FB010000 		.4byte	.LASF10
 189 0079 04       		.uleb128 0x4
 190 007a 98000000 		.4byte	.LASF11
 191 007e 02       		.byte	0x2
 192 007f B4       		.byte	0xb4
 193 0080 3A000000 		.4byte	0x3a
 194 0084 04       		.uleb128 0x4
 195 0085 C0000000 		.4byte	.LASF12
 196 0089 02       		.byte	0x2
 197 008a B5       		.byte	0xb5
 198 008b 48000000 		.4byte	0x48
 199 008f 03       		.uleb128 0x3
 200 0090 04       		.byte	0x4
 201 0091 04       		.byte	0x4
 202 0092 67000000 		.4byte	.LASF13
 203 0096 03       		.uleb128 0x3
ARM GAS  C:\Users\mitchell\AppData\Local\Temp\cc3a8ema.s 			page 7


 204 0097 08       		.byte	0x8
 205 0098 04       		.byte	0x4
 206 0099 B9000000 		.4byte	.LASF14
 207 009d 05       		.uleb128 0x5
 208 009e 00000000 		.4byte	.LASF15
 209 00a2 02       		.byte	0x2
 210 00a3 5601     		.2byte	0x156
 211 00a5 56000000 		.4byte	0x56
 212 00a9 06       		.uleb128 0x6
 213 00aa 00020000 		.4byte	.LASF26
 214 00ae 01       		.byte	0x1
 215 00af 61       		.byte	0x61
 216 00b0 79000000 		.4byte	0x79
 217 00b4 00000000 		.4byte	.LFB0
 218 00b8 44000000 		.4byte	.LFE0-.LFB0
 219 00bc 01       		.uleb128 0x1
 220 00bd 9C       		.byte	0x9c
 221 00be 51010000 		.4byte	0x151
 222 00c2 07       		.uleb128 0x7
 223 00c3 7B000000 		.4byte	.LASF16
 224 00c7 01       		.byte	0x1
 225 00c8 61       		.byte	0x61
 226 00c9 79000000 		.4byte	0x79
 227 00cd 00000000 		.4byte	.LLST0
 228 00d1 07       		.uleb128 0x7
 229 00d2 29000000 		.4byte	.LASF17
 230 00d6 01       		.byte	0x1
 231 00d7 61       		.byte	0x61
 232 00d8 79000000 		.4byte	0x79
 233 00dc 21000000 		.4byte	.LLST1
 234 00e0 07       		.uleb128 0x7
 235 00e1 09000000 		.4byte	.LASF18
 236 00e5 01       		.byte	0x1
 237 00e6 61       		.byte	0x61
 238 00e7 84000000 		.4byte	0x84
 239 00eb 42000000 		.4byte	.LLST2
 240 00ef 07       		.uleb128 0x7
 241 00f0 B9010000 		.4byte	.LASF19
 242 00f4 01       		.byte	0x1
 243 00f5 61       		.byte	0x61
 244 00f6 84000000 		.4byte	0x84
 245 00fa 63000000 		.4byte	.LLST3
 246 00fe 08       		.uleb128 0x8
 247 00ff 26000000 		.4byte	.LVL5
 248 0103 81010000 		.4byte	0x181
 249 0107 26010000 		.4byte	0x126
 250 010b 09       		.uleb128 0x9
 251 010c 01       		.uleb128 0x1
 252 010d 53       		.byte	0x53
 253 010e 02       		.uleb128 0x2
 254 010f 75       		.byte	0x75
 255 0110 00       		.sleb128 0
 256 0111 09       		.uleb128 0x9
 257 0112 01       		.uleb128 0x1
 258 0113 50       		.byte	0x50
 259 0114 02       		.uleb128 0x2
 260 0115 75       		.byte	0x75
ARM GAS  C:\Users\mitchell\AppData\Local\Temp\cc3a8ema.s 			page 8


 261 0116 00       		.sleb128 0
 262 0117 09       		.uleb128 0x9
 263 0118 02       		.uleb128 0x2
 264 0119 7D       		.byte	0x7d
 265 011a 04       		.sleb128 4
 266 011b 02       		.uleb128 0x2
 267 011c 76       		.byte	0x76
 268 011d 00       		.sleb128 0
 269 011e 09       		.uleb128 0x9
 270 011f 02       		.uleb128 0x2
 271 0120 7D       		.byte	0x7d
 272 0121 00       		.sleb128 0
 273 0122 02       		.uleb128 0x2
 274 0123 76       		.byte	0x76
 275 0124 00       		.sleb128 0
 276 0125 00       		.byte	0
 277 0126 08       		.uleb128 0x8
 278 0127 30000000 		.4byte	.LVL6
 279 012b AF010000 		.4byte	0x1af
 280 012f 40010000 		.4byte	0x140
 281 0133 09       		.uleb128 0x9
 282 0134 01       		.uleb128 0x1
 283 0135 52       		.byte	0x52
 284 0136 02       		.uleb128 0x2
 285 0137 77       		.byte	0x77
 286 0138 00       		.sleb128 0
 287 0139 09       		.uleb128 0x9
 288 013a 01       		.uleb128 0x1
 289 013b 51       		.byte	0x51
 290 013c 02       		.uleb128 0x2
 291 013d 78       		.byte	0x78
 292 013e 00       		.sleb128 0
 293 013f 00       		.byte	0
 294 0140 0A       		.uleb128 0xa
 295 0141 38000000 		.4byte	.LVL7
 296 0145 CE010000 		.4byte	0x1ce
 297 0149 09       		.uleb128 0x9
 298 014a 01       		.uleb128 0x1
 299 014b 51       		.byte	0x51
 300 014c 02       		.uleb128 0x2
 301 014d 75       		.byte	0x75
 302 014e 00       		.sleb128 0
 303 014f 00       		.byte	0
 304 0150 00       		.byte	0
 305 0151 0B       		.uleb128 0xb
 306 0152 4B000000 		.4byte	.LASF27
 307 0156 01       		.byte	0x1
 308 0157 88       		.byte	0x88
 309 0158 00000000 		.4byte	.LFB1
 310 015c 10000000 		.4byte	.LFE1-.LFB1
 311 0160 01       		.uleb128 0x1
 312 0161 9C       		.byte	0x9c
 313 0162 70010000 		.4byte	0x170
 314 0166 0C       		.uleb128 0xc
 315 0167 0A000000 		.4byte	.LVL8
 316 016b E8010000 		.4byte	0x1e8
 317 016f 00       		.byte	0
ARM GAS  C:\Users\mitchell\AppData\Local\Temp\cc3a8ema.s 			page 9


 318 0170 0D       		.uleb128 0xd
 319 0171 9E000000 		.4byte	.LASF28
 320 0175 01       		.byte	0x1
 321 0176 45       		.byte	0x45
 322 0177 79000000 		.4byte	0x79
 323 017b 05       		.uleb128 0x5
 324 017c 03       		.byte	0x3
 325 017d 00000000 		.4byte	TPS_ADC_FinalBuf_DmaHandle
 326 0181 0E       		.uleb128 0xe
 327 0182 7D020000 		.4byte	.LASF20
 328 0186 03       		.byte	0x3
 329 0187 34       		.byte	0x34
 330 0188 9D000000 		.4byte	0x9d
 331 018c AF010000 		.4byte	0x1af
 332 0190 0F       		.uleb128 0xf
 333 0191 79000000 		.4byte	0x79
 334 0195 0F       		.uleb128 0xf
 335 0196 79000000 		.4byte	0x79
 336 019a 0F       		.uleb128 0xf
 337 019b 79000000 		.4byte	0x79
 338 019f 0F       		.uleb128 0xf
 339 01a0 79000000 		.4byte	0x79
 340 01a4 0F       		.uleb128 0xf
 341 01a5 79000000 		.4byte	0x79
 342 01a9 0F       		.uleb128 0xf
 343 01aa 79000000 		.4byte	0x79
 344 01ae 00       		.byte	0
 345 01af 0E       		.uleb128 0xe
 346 01b0 E1010000 		.4byte	.LASF21
 347 01b4 03       		.byte	0x3
 348 01b5 2E       		.byte	0x2e
 349 01b6 9D000000 		.4byte	0x9d
 350 01ba CE010000 		.4byte	0x1ce
 351 01be 0F       		.uleb128 0xf
 352 01bf 79000000 		.4byte	0x79
 353 01c3 0F       		.uleb128 0xf
 354 01c4 84000000 		.4byte	0x84
 355 01c8 0F       		.uleb128 0xf
 356 01c9 84000000 		.4byte	0x84
 357 01cd 00       		.byte	0
 358 01ce 0E       		.uleb128 0xe
 359 01cf 19000000 		.4byte	.LASF22
 360 01d3 03       		.byte	0x3
 361 01d4 2D       		.byte	0x2d
 362 01d5 9D000000 		.4byte	0x9d
 363 01d9 E8010000 		.4byte	0x1e8
 364 01dd 0F       		.uleb128 0xf
 365 01de 79000000 		.4byte	0x79
 366 01e2 0F       		.uleb128 0xf
 367 01e3 79000000 		.4byte	0x79
 368 01e7 00       		.byte	0
 369 01e8 10       		.uleb128 0x10
 370 01e9 6E020000 		.4byte	.LASF29
 371 01ed 03       		.byte	0x3
 372 01ee 2B       		.byte	0x2b
 373 01ef 9D000000 		.4byte	0x9d
 374 01f3 0F       		.uleb128 0xf
ARM GAS  C:\Users\mitchell\AppData\Local\Temp\cc3a8ema.s 			page 10


 375 01f4 79000000 		.4byte	0x79
 376 01f8 00       		.byte	0
 377 01f9 00       		.byte	0
 378              		.section	.debug_abbrev,"",%progbits
 379              	.Ldebug_abbrev0:
 380 0000 01       		.uleb128 0x1
 381 0001 11       		.uleb128 0x11
 382 0002 01       		.byte	0x1
 383 0003 25       		.uleb128 0x25
 384 0004 0E       		.uleb128 0xe
 385 0005 13       		.uleb128 0x13
 386 0006 0B       		.uleb128 0xb
 387 0007 03       		.uleb128 0x3
 388 0008 0E       		.uleb128 0xe
 389 0009 1B       		.uleb128 0x1b
 390 000a 0E       		.uleb128 0xe
 391 000b 55       		.uleb128 0x55
 392 000c 17       		.uleb128 0x17
 393 000d 11       		.uleb128 0x11
 394 000e 01       		.uleb128 0x1
 395 000f 10       		.uleb128 0x10
 396 0010 17       		.uleb128 0x17
 397 0011 00       		.byte	0
 398 0012 00       		.byte	0
 399 0013 02       		.uleb128 0x2
 400 0014 24       		.uleb128 0x24
 401 0015 00       		.byte	0
 402 0016 0B       		.uleb128 0xb
 403 0017 0B       		.uleb128 0xb
 404 0018 3E       		.uleb128 0x3e
 405 0019 0B       		.uleb128 0xb
 406 001a 03       		.uleb128 0x3
 407 001b 08       		.uleb128 0x8
 408 001c 00       		.byte	0
 409 001d 00       		.byte	0
 410 001e 03       		.uleb128 0x3
 411 001f 24       		.uleb128 0x24
 412 0020 00       		.byte	0
 413 0021 0B       		.uleb128 0xb
 414 0022 0B       		.uleb128 0xb
 415 0023 3E       		.uleb128 0x3e
 416 0024 0B       		.uleb128 0xb
 417 0025 03       		.uleb128 0x3
 418 0026 0E       		.uleb128 0xe
 419 0027 00       		.byte	0
 420 0028 00       		.byte	0
 421 0029 04       		.uleb128 0x4
 422 002a 16       		.uleb128 0x16
 423 002b 00       		.byte	0
 424 002c 03       		.uleb128 0x3
 425 002d 0E       		.uleb128 0xe
 426 002e 3A       		.uleb128 0x3a
 427 002f 0B       		.uleb128 0xb
 428 0030 3B       		.uleb128 0x3b
 429 0031 0B       		.uleb128 0xb
 430 0032 49       		.uleb128 0x49
 431 0033 13       		.uleb128 0x13
ARM GAS  C:\Users\mitchell\AppData\Local\Temp\cc3a8ema.s 			page 11


 432 0034 00       		.byte	0
 433 0035 00       		.byte	0
 434 0036 05       		.uleb128 0x5
 435 0037 16       		.uleb128 0x16
 436 0038 00       		.byte	0
 437 0039 03       		.uleb128 0x3
 438 003a 0E       		.uleb128 0xe
 439 003b 3A       		.uleb128 0x3a
 440 003c 0B       		.uleb128 0xb
 441 003d 3B       		.uleb128 0x3b
 442 003e 05       		.uleb128 0x5
 443 003f 49       		.uleb128 0x49
 444 0040 13       		.uleb128 0x13
 445 0041 00       		.byte	0
 446 0042 00       		.byte	0
 447 0043 06       		.uleb128 0x6
 448 0044 2E       		.uleb128 0x2e
 449 0045 01       		.byte	0x1
 450 0046 3F       		.uleb128 0x3f
 451 0047 19       		.uleb128 0x19
 452 0048 03       		.uleb128 0x3
 453 0049 0E       		.uleb128 0xe
 454 004a 3A       		.uleb128 0x3a
 455 004b 0B       		.uleb128 0xb
 456 004c 3B       		.uleb128 0x3b
 457 004d 0B       		.uleb128 0xb
 458 004e 27       		.uleb128 0x27
 459 004f 19       		.uleb128 0x19
 460 0050 49       		.uleb128 0x49
 461 0051 13       		.uleb128 0x13
 462 0052 11       		.uleb128 0x11
 463 0053 01       		.uleb128 0x1
 464 0054 12       		.uleb128 0x12
 465 0055 06       		.uleb128 0x6
 466 0056 40       		.uleb128 0x40
 467 0057 18       		.uleb128 0x18
 468 0058 9742     		.uleb128 0x2117
 469 005a 19       		.uleb128 0x19
 470 005b 01       		.uleb128 0x1
 471 005c 13       		.uleb128 0x13
 472 005d 00       		.byte	0
 473 005e 00       		.byte	0
 474 005f 07       		.uleb128 0x7
 475 0060 05       		.uleb128 0x5
 476 0061 00       		.byte	0
 477 0062 03       		.uleb128 0x3
 478 0063 0E       		.uleb128 0xe
 479 0064 3A       		.uleb128 0x3a
 480 0065 0B       		.uleb128 0xb
 481 0066 3B       		.uleb128 0x3b
 482 0067 0B       		.uleb128 0xb
 483 0068 49       		.uleb128 0x49
 484 0069 13       		.uleb128 0x13
 485 006a 02       		.uleb128 0x2
 486 006b 17       		.uleb128 0x17
 487 006c 00       		.byte	0
 488 006d 00       		.byte	0
ARM GAS  C:\Users\mitchell\AppData\Local\Temp\cc3a8ema.s 			page 12


 489 006e 08       		.uleb128 0x8
 490 006f 898201   		.uleb128 0x4109
 491 0072 01       		.byte	0x1
 492 0073 11       		.uleb128 0x11
 493 0074 01       		.uleb128 0x1
 494 0075 31       		.uleb128 0x31
 495 0076 13       		.uleb128 0x13
 496 0077 01       		.uleb128 0x1
 497 0078 13       		.uleb128 0x13
 498 0079 00       		.byte	0
 499 007a 00       		.byte	0
 500 007b 09       		.uleb128 0x9
 501 007c 8A8201   		.uleb128 0x410a
 502 007f 00       		.byte	0
 503 0080 02       		.uleb128 0x2
 504 0081 18       		.uleb128 0x18
 505 0082 9142     		.uleb128 0x2111
 506 0084 18       		.uleb128 0x18
 507 0085 00       		.byte	0
 508 0086 00       		.byte	0
 509 0087 0A       		.uleb128 0xa
 510 0088 898201   		.uleb128 0x4109
 511 008b 01       		.byte	0x1
 512 008c 11       		.uleb128 0x11
 513 008d 01       		.uleb128 0x1
 514 008e 31       		.uleb128 0x31
 515 008f 13       		.uleb128 0x13
 516 0090 00       		.byte	0
 517 0091 00       		.byte	0
 518 0092 0B       		.uleb128 0xb
 519 0093 2E       		.uleb128 0x2e
 520 0094 01       		.byte	0x1
 521 0095 3F       		.uleb128 0x3f
 522 0096 19       		.uleb128 0x19
 523 0097 03       		.uleb128 0x3
 524 0098 0E       		.uleb128 0xe
 525 0099 3A       		.uleb128 0x3a
 526 009a 0B       		.uleb128 0xb
 527 009b 3B       		.uleb128 0x3b
 528 009c 0B       		.uleb128 0xb
 529 009d 27       		.uleb128 0x27
 530 009e 19       		.uleb128 0x19
 531 009f 11       		.uleb128 0x11
 532 00a0 01       		.uleb128 0x1
 533 00a1 12       		.uleb128 0x12
 534 00a2 06       		.uleb128 0x6
 535 00a3 40       		.uleb128 0x40
 536 00a4 18       		.uleb128 0x18
 537 00a5 9742     		.uleb128 0x2117
 538 00a7 19       		.uleb128 0x19
 539 00a8 01       		.uleb128 0x1
 540 00a9 13       		.uleb128 0x13
 541 00aa 00       		.byte	0
 542 00ab 00       		.byte	0
 543 00ac 0C       		.uleb128 0xc
 544 00ad 898201   		.uleb128 0x4109
 545 00b0 00       		.byte	0
ARM GAS  C:\Users\mitchell\AppData\Local\Temp\cc3a8ema.s 			page 13


 546 00b1 11       		.uleb128 0x11
 547 00b2 01       		.uleb128 0x1
 548 00b3 31       		.uleb128 0x31
 549 00b4 13       		.uleb128 0x13
 550 00b5 00       		.byte	0
 551 00b6 00       		.byte	0
 552 00b7 0D       		.uleb128 0xd
 553 00b8 34       		.uleb128 0x34
 554 00b9 00       		.byte	0
 555 00ba 03       		.uleb128 0x3
 556 00bb 0E       		.uleb128 0xe
 557 00bc 3A       		.uleb128 0x3a
 558 00bd 0B       		.uleb128 0xb
 559 00be 3B       		.uleb128 0x3b
 560 00bf 0B       		.uleb128 0xb
 561 00c0 49       		.uleb128 0x49
 562 00c1 13       		.uleb128 0x13
 563 00c2 3F       		.uleb128 0x3f
 564 00c3 19       		.uleb128 0x19
 565 00c4 02       		.uleb128 0x2
 566 00c5 18       		.uleb128 0x18
 567 00c6 00       		.byte	0
 568 00c7 00       		.byte	0
 569 00c8 0E       		.uleb128 0xe
 570 00c9 2E       		.uleb128 0x2e
 571 00ca 01       		.byte	0x1
 572 00cb 3F       		.uleb128 0x3f
 573 00cc 19       		.uleb128 0x19
 574 00cd 03       		.uleb128 0x3
 575 00ce 0E       		.uleb128 0xe
 576 00cf 3A       		.uleb128 0x3a
 577 00d0 0B       		.uleb128 0xb
 578 00d1 3B       		.uleb128 0x3b
 579 00d2 0B       		.uleb128 0xb
 580 00d3 27       		.uleb128 0x27
 581 00d4 19       		.uleb128 0x19
 582 00d5 49       		.uleb128 0x49
 583 00d6 13       		.uleb128 0x13
 584 00d7 3C       		.uleb128 0x3c
 585 00d8 19       		.uleb128 0x19
 586 00d9 01       		.uleb128 0x1
 587 00da 13       		.uleb128 0x13
 588 00db 00       		.byte	0
 589 00dc 00       		.byte	0
 590 00dd 0F       		.uleb128 0xf
 591 00de 05       		.uleb128 0x5
 592 00df 00       		.byte	0
 593 00e0 49       		.uleb128 0x49
 594 00e1 13       		.uleb128 0x13
 595 00e2 00       		.byte	0
 596 00e3 00       		.byte	0
 597 00e4 10       		.uleb128 0x10
 598 00e5 2E       		.uleb128 0x2e
 599 00e6 01       		.byte	0x1
 600 00e7 3F       		.uleb128 0x3f
 601 00e8 19       		.uleb128 0x19
 602 00e9 03       		.uleb128 0x3
ARM GAS  C:\Users\mitchell\AppData\Local\Temp\cc3a8ema.s 			page 14


 603 00ea 0E       		.uleb128 0xe
 604 00eb 3A       		.uleb128 0x3a
 605 00ec 0B       		.uleb128 0xb
 606 00ed 3B       		.uleb128 0x3b
 607 00ee 0B       		.uleb128 0xb
 608 00ef 27       		.uleb128 0x27
 609 00f0 19       		.uleb128 0x19
 610 00f1 49       		.uleb128 0x49
 611 00f2 13       		.uleb128 0x13
 612 00f3 3C       		.uleb128 0x3c
 613 00f4 19       		.uleb128 0x19
 614 00f5 00       		.byte	0
 615 00f6 00       		.byte	0
 616 00f7 00       		.byte	0
 617              		.section	.debug_loc,"",%progbits
 618              	.Ldebug_loc0:
 619              	.LLST0:
 620 0000 00000000 		.4byte	.LVL0
 621 0004 1C000000 		.4byte	.LVL1
 622 0008 0100     		.2byte	0x1
 623 000a 50       		.byte	0x50
 624 000b 1C000000 		.4byte	.LVL1
 625 000f 44000000 		.4byte	.LFE0
 626 0013 0400     		.2byte	0x4
 627 0015 F3       		.byte	0xf3
 628 0016 01       		.uleb128 0x1
 629 0017 50       		.byte	0x50
 630 0018 9F       		.byte	0x9f
 631 0019 00000000 		.4byte	0
 632 001d 00000000 		.4byte	0
 633              	.LLST1:
 634 0021 00000000 		.4byte	.LVL0
 635 0025 1E000000 		.4byte	.LVL2
 636 0029 0100     		.2byte	0x1
 637 002b 51       		.byte	0x51
 638 002c 1E000000 		.4byte	.LVL2
 639 0030 44000000 		.4byte	.LFE0
 640 0034 0400     		.2byte	0x4
 641 0036 F3       		.byte	0xf3
 642 0037 01       		.uleb128 0x1
 643 0038 51       		.byte	0x51
 644 0039 9F       		.byte	0x9f
 645 003a 00000000 		.4byte	0
 646 003e 00000000 		.4byte	0
 647              	.LLST2:
 648 0042 00000000 		.4byte	.LVL0
 649 0046 20000000 		.4byte	.LVL3
 650 004a 0100     		.2byte	0x1
 651 004c 52       		.byte	0x52
 652 004d 20000000 		.4byte	.LVL3
 653 0051 44000000 		.4byte	.LFE0
 654 0055 0400     		.2byte	0x4
 655 0057 F3       		.byte	0xf3
 656 0058 01       		.uleb128 0x1
 657 0059 52       		.byte	0x52
 658 005a 9F       		.byte	0x9f
 659 005b 00000000 		.4byte	0
ARM GAS  C:\Users\mitchell\AppData\Local\Temp\cc3a8ema.s 			page 15


 660 005f 00000000 		.4byte	0
 661              	.LLST3:
 662 0063 00000000 		.4byte	.LVL0
 663 0067 22000000 		.4byte	.LVL4
 664 006b 0100     		.2byte	0x1
 665 006d 53       		.byte	0x53
 666 006e 22000000 		.4byte	.LVL4
 667 0072 44000000 		.4byte	.LFE0
 668 0076 0400     		.2byte	0x4
 669 0078 F3       		.byte	0xf3
 670 0079 01       		.uleb128 0x1
 671 007a 53       		.byte	0x53
 672 007b 9F       		.byte	0x9f
 673 007c 00000000 		.4byte	0
 674 0080 00000000 		.4byte	0
 675              		.section	.debug_aranges,"",%progbits
 676 0000 24000000 		.4byte	0x24
 677 0004 0200     		.2byte	0x2
 678 0006 00000000 		.4byte	.Ldebug_info0
 679 000a 04       		.byte	0x4
 680 000b 00       		.byte	0
 681 000c 0000     		.2byte	0
 682 000e 0000     		.2byte	0
 683 0010 00000000 		.4byte	.LFB0
 684 0014 44000000 		.4byte	.LFE0-.LFB0
 685 0018 00000000 		.4byte	.LFB1
 686 001c 10000000 		.4byte	.LFE1-.LFB1
 687 0020 00000000 		.4byte	0
 688 0024 00000000 		.4byte	0
 689              		.section	.debug_ranges,"",%progbits
 690              	.Ldebug_ranges0:
 691 0000 00000000 		.4byte	.LFB0
 692 0004 44000000 		.4byte	.LFE0
 693 0008 00000000 		.4byte	.LFB1
 694 000c 10000000 		.4byte	.LFE1
 695 0010 00000000 		.4byte	0
 696 0014 00000000 		.4byte	0
 697              		.section	.debug_line,"",%progbits
 698              	.Ldebug_line0:
 699 0000 A2000000 		.section	.debug_str,"MS",%progbits,1
 699      02007600 
 699      00000201 
 699      FB0E0D00 
 699      01010101 
 700              	.LASF15:
 701 0000 63797374 		.ascii	"cystatus\000"
 701      61747573 
 701      00
 702              	.LASF18:
 703 0009 55707065 		.ascii	"UpperSrcAddress\000"
 703      72537263 
 703      41646472 
 703      65737300 
 704              	.LASF22:
 705 0019 4379446D 		.ascii	"CyDmaChPriority\000"
 705      61436850 
 705      72696F72 
ARM GAS  C:\Users\mitchell\AppData\Local\Temp\cc3a8ema.s 			page 16


 705      69747900 
 706              	.LASF17:
 707 0029 52657165 		.ascii	"ReqestPerBurst\000"
 707      73745065 
 707      72427572 
 707      737400
 708              	.LASF4:
 709 0038 73686F72 		.ascii	"short unsigned int\000"
 709      7420756E 
 709      7369676E 
 709      65642069 
 709      6E7400
 710              	.LASF27:
 711 004b 5450535F 		.ascii	"TPS_ADC_FinalBuf_DmaRelease\000"
 711      4144435F 
 711      46696E61 
 711      6C427566 
 711      5F446D61 
 712              	.LASF13:
 713 0067 666C6F61 		.ascii	"float\000"
 713      7400
 714              	.LASF2:
 715 006d 756E7369 		.ascii	"unsigned char\000"
 715      676E6564 
 715      20636861 
 715      7200
 716              	.LASF16:
 717 007b 42757273 		.ascii	"BurstCount\000"
 717      74436F75 
 717      6E7400
 718              	.LASF6:
 719 0086 6C6F6E67 		.ascii	"long unsigned int\000"
 719      20756E73 
 719      69676E65 
 719      6420696E 
 719      7400
 720              	.LASF11:
 721 0098 75696E74 		.ascii	"uint8\000"
 721      3800
 722              	.LASF28:
 723 009e 5450535F 		.ascii	"TPS_ADC_FinalBuf_DmaHandle\000"
 723      4144435F 
 723      46696E61 
 723      6C427566 
 723      5F446D61 
 724              	.LASF14:
 725 00b9 646F7562 		.ascii	"double\000"
 725      6C6500
 726              	.LASF12:
 727 00c0 75696E74 		.ascii	"uint16\000"
 727      313600
 728              	.LASF25:
 729 00c7 433A5C55 		.ascii	"C:\\Users\\mitchell\\Documents\\fsae\\E-Throttle\\E"
 729      73657273 
 729      5C6D6974 
 729      6368656C 
 729      6C5C446F 
ARM GAS  C:\Users\mitchell\AppData\Local\Temp\cc3a8ema.s 			page 17


 730 00f4 2D546872 		.ascii	"-Throttle\\E-Throttle-Mainboard.cydsn\000"
 730      6F74746C 
 730      655C452D 
 730      5468726F 
 730      74746C65 
 731              	.LASF0:
 732 0119 756E7369 		.ascii	"unsigned int\000"
 732      676E6564 
 732      20696E74 
 732      00
 733              	.LASF8:
 734 0126 6C6F6E67 		.ascii	"long long unsigned int\000"
 734      206C6F6E 
 734      6720756E 
 734      7369676E 
 734      65642069 
 735              	.LASF23:
 736 013d 474E5520 		.ascii	"GNU C 4.8.4 20140526 (release) [ARM/embedded-4_8-br"
 736      4320342E 
 736      382E3420 
 736      32303134 
 736      30353236 
 737 0170 616E6368 		.ascii	"anch revision 211358] -mcpu=cortex-m3 -mthumb -g -O"
 737      20726576 
 737      6973696F 
 737      6E203231 
 737      31333538 
 738 01a3 67202D66 		.ascii	"g -ffunction-sections\000"
 738      66756E63 
 738      74696F6E 
 738      2D736563 
 738      74696F6E 
 739              	.LASF19:
 740 01b9 55707065 		.ascii	"UpperDestAddress\000"
 740      72446573 
 740      74416464 
 740      72657373 
 740      00
 741              	.LASF9:
 742 01ca 73697A65 		.ascii	"sizetype\000"
 742      74797065 
 742      00
 743              	.LASF7:
 744 01d3 6C6F6E67 		.ascii	"long long int\000"
 744      206C6F6E 
 744      6720696E 
 744      7400
 745              	.LASF21:
 746 01e1 4379446D 		.ascii	"CyDmaChSetExtendedAddress\000"
 746      61436853 
 746      65744578 
 746      74656E64 
 746      65644164 
 747              	.LASF10:
 748 01fb 63686172 		.ascii	"char\000"
 748      00
 749              	.LASF26:
ARM GAS  C:\Users\mitchell\AppData\Local\Temp\cc3a8ema.s 			page 18


 750 0200 5450535F 		.ascii	"TPS_ADC_FinalBuf_DmaInitialize\000"
 750      4144435F 
 750      46696E61 
 750      6C427566 
 750      5F446D61 
 751              	.LASF3:
 752 021f 73686F72 		.ascii	"short int\000"
 752      7420696E 
 752      7400
 753              	.LASF5:
 754 0229 6C6F6E67 		.ascii	"long int\000"
 754      20696E74 
 754      00
 755              	.LASF24:
 756 0232 2E5C4765 		.ascii	".\\Generated_Source\\PSoC5\\TPS_ADC_FinalBuf_dma.c\000"
 756      6E657261 
 756      7465645F 
 756      536F7572 
 756      63655C50 
 757              	.LASF1:
 758 0262 7369676E 		.ascii	"signed char\000"
 758      65642063 
 758      68617200 
 759              	.LASF29:
 760 026e 4379446D 		.ascii	"CyDmaChDisable\000"
 760      61436844 
 760      69736162 
 760      6C6500
 761              	.LASF20:
 762 027d 4379446D 		.ascii	"CyDmaChSetConfiguration\000"
 762      61436853 
 762      6574436F 
 762      6E666967 
 762      75726174 
 763              		.ident	"GCC: (GNU Tools for ARM Embedded Processors) 4.8.4 20140526 (release) [ARM/embedded-4_8-br
